14:16:30.511 [background-preinit] INFO  o.h.v.i.util.Version - [<clinit>,21] - HV000001: Hibernate Validator 6.2.5.Final
14:16:31.525 [main] INFO  c.a.n.c.r.client - [lambda$createClient$0,80] - [RpcClientFactory] create a new rpc client of b35d0282-b08e-4b47-a27c-6329d460b7b3_config-0
14:16:31.549 [main] INFO  o.r.Reflections - [scan,232] - Reflections took 15 ms to scan 1 urls, producing 3 keys and 6 values 
14:16:31.563 [main] INFO  o.r.Reflections - [scan,232] - Reflections took 7 ms to scan 1 urls, producing 4 keys and 9 values 
14:16:31.573 [main] INFO  o.r.Reflections - [scan,232] - Reflections took 7 ms to scan 1 urls, producing 3 keys and 10 values 
14:16:31.723 [main] INFO  o.r.Reflections - [scan,232] - Reflections took 149 ms to scan 199 urls, producing 0 keys and 0 values 
14:16:31.730 [main] INFO  o.r.Reflections - [scan,232] - Reflections took 6 ms to scan 1 urls, producing 1 keys and 5 values 
14:16:31.738 [main] INFO  o.r.Reflections - [scan,232] - Reflections took 7 ms to scan 1 urls, producing 1 keys and 7 values 
14:16:31.748 [main] INFO  o.r.Reflections - [scan,232] - Reflections took 9 ms to scan 1 urls, producing 2 keys and 8 values 
14:16:31.899 [main] INFO  o.r.Reflections - [scan,232] - Reflections took 150 ms to scan 199 urls, producing 0 keys and 0 values 
14:16:31.900 [main] INFO  c.a.n.c.r.client - [printIfInfoEnabled,60] - [b35d0282-b08e-4b47-a27c-6329d460b7b3_config-0] RpcClient init label, labels = {module=config, Vipserver-Tag=null, source=sdk, Amory-Tag=null, Location-Tag=null, taskId=0, AppName=unknown}
14:16:31.901 [main] INFO  c.a.n.c.r.client - [printIfInfoEnabled,60] - [b35d0282-b08e-4b47-a27c-6329d460b7b3_config-0] Register server push request handler:com.alibaba.nacos.client.config.impl.ClientWorker$ConfigRpcTransportClient$$Lambda$334/832145584
14:16:31.901 [main] INFO  c.a.n.c.r.client - [printIfInfoEnabled,60] - [b35d0282-b08e-4b47-a27c-6329d460b7b3_config-0] Register server push request handler:com.alibaba.nacos.client.config.impl.ClientWorker$ConfigRpcTransportClient$$Lambda$335/224060798
14:16:31.902 [main] INFO  c.a.n.c.r.client - [printIfInfoEnabled,60] - [b35d0282-b08e-4b47-a27c-6329d460b7b3_config-0] Registry connection listener to current client:com.alibaba.nacos.client.config.impl.ClientWorker$ConfigRpcTransportClient$1
14:16:31.904 [main] INFO  c.a.n.c.r.client - [printIfInfoEnabled,60] - [b35d0282-b08e-4b47-a27c-6329d460b7b3_config-0] RpcClient init, ServerListFactory = com.alibaba.nacos.client.config.impl.ClientWorker$ConfigRpcTransportClient$2
14:16:31.914 [main] INFO  c.a.n.c.r.client - [printIfInfoEnabled,60] - [b35d0282-b08e-4b47-a27c-6329d460b7b3_config-0] Try to connect to server on start up, server: {serverIp = '127.0.0.1', server main port = 8848}
14:16:34.174 [main] INFO  c.a.n.c.r.client - [printIfInfoEnabled,60] - [b35d0282-b08e-4b47-a27c-6329d460b7b3_config-0] Success to connect to server [127.0.0.1:8848] on start up, connectionId = 1690265793936_127.0.0.1_62496
14:16:34.175 [com.alibaba.nacos.client.remote.worker] INFO  c.a.n.c.r.client - [printIfInfoEnabled,60] - [b35d0282-b08e-4b47-a27c-6329d460b7b3_config-0] Notify connected event to listeners.
14:16:34.175 [main] INFO  c.a.n.c.r.client - [printIfInfoEnabled,60] - [b35d0282-b08e-4b47-a27c-6329d460b7b3_config-0] Register server push request handler:com.alibaba.nacos.common.remote.client.RpcClient$ConnectResetRequestHandler
14:16:34.176 [main] INFO  c.a.n.c.r.client - [printIfInfoEnabled,60] - [b35d0282-b08e-4b47-a27c-6329d460b7b3_config-0] Register server push request handler:com.alibaba.nacos.common.remote.client.RpcClient$$Lambda$344/1788034018
14:16:34.271 [main] INFO  c.x.d.XmapDistributionApplication - [logStartupProfileInfo,637] - The following 1 profile is active: "dev"
14:16:35.763 [main] INFO  o.a.c.h.Http11NioProtocol - [log,173] - Initializing ProtocolHandler ["http-nio-9231"]
14:16:35.764 [main] INFO  o.a.c.c.StandardService - [log,173] - Starting service [Tomcat]
14:16:35.764 [main] INFO  o.a.c.c.StandardEngine - [log,173] - Starting Servlet engine: [Apache Tomcat/9.0.70]
14:16:35.877 [main] INFO  o.a.c.c.C.[.[.[/] - [log,173] - Initializing Spring embedded WebApplicationContext
14:16:36.759 [main] INFO  c.a.d.p.DruidDataSource - [init,996] - {dataSource-1,master} inited
14:16:36.760 [main] INFO  c.b.d.d.DynamicRoutingDataSource - [addDataSource,154] - dynamic-datasource - add a datasource named [master] success
14:16:36.761 [main] INFO  c.b.d.d.DynamicRoutingDataSource - [afterPropertiesSet,234] - dynamic-datasource initial loaded [1] datasource,primary datasource named [master]
14:16:37.572 [main] INFO  c.a.c.s.SentinelWebMvcConfigurer - [addInterceptors,52] - [Sentinel Starter] register SentinelWebInterceptor with urlPatterns: [/**].
14:16:40.369 [main] INFO  c.a.n.c.r.client - [lambda$createClient$0,80] - [RpcClientFactory] create a new rpc client of e144fb17-fac8-4883-861e-fb8078f83b66
14:16:40.369 [main] INFO  c.a.n.c.r.client - [printIfInfoEnabled,60] - [e144fb17-fac8-4883-861e-fb8078f83b66] RpcClient init label, labels = {module=naming, source=sdk}
14:16:40.370 [main] INFO  c.a.n.c.r.client - [printIfInfoEnabled,60] - [e144fb17-fac8-4883-861e-fb8078f83b66] RpcClient init, ServerListFactory = com.alibaba.nacos.client.naming.core.ServerListManager
14:16:40.370 [main] INFO  c.a.n.c.r.client - [printIfInfoEnabled,60] - [e144fb17-fac8-4883-861e-fb8078f83b66] Registry connection listener to current client:com.alibaba.nacos.client.naming.remote.gprc.redo.NamingGrpcRedoService
14:16:40.371 [main] INFO  c.a.n.c.r.client - [printIfInfoEnabled,60] - [e144fb17-fac8-4883-861e-fb8078f83b66] Register server push request handler:com.alibaba.nacos.client.naming.remote.gprc.NamingPushRequestHandler
14:16:40.371 [main] INFO  c.a.n.c.r.client - [printIfInfoEnabled,60] - [e144fb17-fac8-4883-861e-fb8078f83b66] Try to connect to server on start up, server: {serverIp = '127.0.0.1', server main port = 8848}
14:16:40.481 [main] INFO  c.a.n.c.r.client - [printIfInfoEnabled,60] - [e144fb17-fac8-4883-861e-fb8078f83b66] Success to connect to server [127.0.0.1:8848] on start up, connectionId = 1690265800374_127.0.0.1_62510
14:16:40.481 [com.alibaba.nacos.client.remote.worker] INFO  c.a.n.c.r.client - [printIfInfoEnabled,60] - [e144fb17-fac8-4883-861e-fb8078f83b66] Notify connected event to listeners.
14:16:40.481 [main] INFO  c.a.n.c.r.client - [printIfInfoEnabled,60] - [e144fb17-fac8-4883-861e-fb8078f83b66] Register server push request handler:com.alibaba.nacos.common.remote.client.RpcClient$ConnectResetRequestHandler
14:16:40.482 [main] INFO  c.a.n.c.r.client - [printIfInfoEnabled,60] - [e144fb17-fac8-4883-861e-fb8078f83b66] Register server push request handler:com.alibaba.nacos.common.remote.client.RpcClient$$Lambda$344/1788034018
14:16:40.508 [main] INFO  o.a.c.h.Http11NioProtocol - [log,173] - Starting ProtocolHandler ["http-nio-9231"]
14:16:40.525 [main] INFO  c.a.c.n.r.NacosServiceRegistry - [register,75] - nacos registry, DEFAULT_GROUP xmap-distribution 10.100.4.8:9231 register finished
14:16:41.101 [nacos-grpc-client-executor-7] INFO  c.a.n.c.r.client - [printIfInfoEnabled,60] - [e144fb17-fac8-4883-861e-fb8078f83b66] Receive server push request, request = NotifySubscriberRequest, requestId = 14
14:16:41.107 [nacos-grpc-client-executor-7] INFO  c.a.n.c.r.client - [printIfInfoEnabled,60] - [e144fb17-fac8-4883-861e-fb8078f83b66] Ack server push request, request = NotifySubscriberRequest, requestId = 14
14:16:41.597 [main] INFO  c.x.d.XmapDistributionApplication - [logStarted,61] - Started XmapDistributionApplication in 12.281 seconds (JVM running for 13.417)
14:16:41.604 [main] INFO  c.a.c.n.r.NacosContextRefresher - [registerNacosListener,129] - [Nacos Config] Listening config: dataId=xmap-distribution, group=DEFAULT_GROUP
14:16:41.605 [main] INFO  c.a.c.n.r.NacosContextRefresher - [registerNacosListener,129] - [Nacos Config] Listening config: dataId=xmap-distribution-dev.yml, group=DEFAULT_GROUP
14:16:41.606 [main] INFO  c.a.c.n.r.NacosContextRefresher - [registerNacosListener,129] - [Nacos Config] Listening config: dataId=xmap-distribution.yml, group=DEFAULT_GROUP
14:16:42.735 [RMI TCP Connection(3)-10.100.4.8] INFO  o.a.c.c.C.[.[.[/] - [log,173] - Initializing Spring DispatcherServlet 'dispatcherServlet'
14:59:19.917 [SpringApplicationShutdownHook] INFO  c.a.c.n.r.NacosServiceRegistry - [deregister,94] - De-registering from Nacos Server now...
14:59:19.946 [SpringApplicationShutdownHook] INFO  c.a.c.n.r.NacosServiceRegistry - [deregister,114] - De-registration finished.
14:59:20.286 [SpringApplicationShutdownHook] INFO  c.a.n.c.r.client - [shutdown,454] - Shutdown rpc client, set status to shutdown
14:59:20.287 [SpringApplicationShutdownHook] INFO  c.a.n.c.r.client - [shutdown,456] - Shutdown client event executor java.util.concurrent.ScheduledThreadPoolExecutor@6b4d01df[Running, pool size = 2, active threads = 2, queued tasks = 0, completed tasks = 0]
14:59:20.287 [SpringApplicationShutdownHook] INFO  c.a.n.c.r.client - [closeConnection,591] - Close current connection 1690265800374_127.0.0.1_62510
14:59:20.292 [nacos-grpc-client-executor-591] INFO  c.a.n.c.r.c.g.GrpcClient - [printIfInfoEnabled,60] - [1690265800374_127.0.0.1_62510]Ignore complete event,isRunning:false,isAbandon=false
14:59:20.294 [SpringApplicationShutdownHook] INFO  c.a.n.c.r.c.g.GrpcClient - [shutdown,85] - Shutdown grpc executor java.util.concurrent.ThreadPoolExecutor@748c8a0f[Running, pool size = 5, active threads = 0, queued tasks = 0, completed tasks = 592]
14:59:20.483 [SpringApplicationShutdownHook] INFO  c.b.d.d.DynamicRoutingDataSource - [destroy,211] - dynamic-datasource start closing ....
14:59:20.489 [SpringApplicationShutdownHook] INFO  c.a.d.p.DruidDataSource - [close,2138] - {dataSource-1} closing ...
14:59:20.510 [SpringApplicationShutdownHook] INFO  c.a.d.p.DruidDataSource - [close,2211] - {dataSource-1} closed
14:59:20.510 [SpringApplicationShutdownHook] INFO  c.b.d.d.DynamicRoutingDataSource - [destroy,215] - dynamic-datasource all closed success,bye
15:37:11.210 [background-preinit] INFO  o.h.v.i.util.Version - [<clinit>,21] - HV000001: Hibernate Validator 6.2.5.Final
15:37:14.351 [main] INFO  c.a.n.c.r.client - [lambda$createClient$0,80] - [RpcClientFactory] create a new rpc client of 4e13c8e8-7052-44f3-8645-333dec9dd112_config-0
15:37:15.228 [main] INFO  o.r.Reflections - [scan,232] - Reflections took 34 ms to scan 1 urls, producing 3 keys and 6 values 
15:37:15.252 [main] INFO  o.r.Reflections - [scan,232] - Reflections took 8 ms to scan 1 urls, producing 4 keys and 9 values 
15:37:15.261 [main] INFO  o.r.Reflections - [scan,232] - Reflections took 7 ms to scan 1 urls, producing 3 keys and 10 values 
15:37:15.411 [main] INFO  o.r.Reflections - [scan,232] - Reflections took 147 ms to scan 199 urls, producing 0 keys and 0 values 
15:37:15.423 [main] INFO  o.r.Reflections - [scan,232] - Reflections took 12 ms to scan 1 urls, producing 1 keys and 5 values 
15:37:15.438 [main] INFO  o.r.Reflections - [scan,232] - Reflections took 12 ms to scan 1 urls, producing 1 keys and 7 values 
15:37:15.447 [main] INFO  o.r.Reflections - [scan,232] - Reflections took 6 ms to scan 1 urls, producing 2 keys and 8 values 
15:37:15.578 [main] INFO  o.r.Reflections - [scan,232] - Reflections took 129 ms to scan 199 urls, producing 0 keys and 0 values 
15:37:15.579 [main] INFO  c.a.n.c.r.client - [printIfInfoEnabled,60] - [4e13c8e8-7052-44f3-8645-333dec9dd112_config-0] RpcClient init label, labels = {module=config, Vipserver-Tag=null, source=sdk, Amory-Tag=null, Location-Tag=null, taskId=0, AppName=unknown}
15:37:15.579 [main] INFO  c.a.n.c.r.client - [printIfInfoEnabled,60] - [4e13c8e8-7052-44f3-8645-333dec9dd112_config-0] Register server push request handler:com.alibaba.nacos.client.config.impl.ClientWorker$ConfigRpcTransportClient$$Lambda$334/832145584
15:37:15.580 [main] INFO  c.a.n.c.r.client - [printIfInfoEnabled,60] - [4e13c8e8-7052-44f3-8645-333dec9dd112_config-0] Register server push request handler:com.alibaba.nacos.client.config.impl.ClientWorker$ConfigRpcTransportClient$$Lambda$335/224060798
15:37:15.580 [main] INFO  c.a.n.c.r.client - [printIfInfoEnabled,60] - [4e13c8e8-7052-44f3-8645-333dec9dd112_config-0] Registry connection listener to current client:com.alibaba.nacos.client.config.impl.ClientWorker$ConfigRpcTransportClient$1
15:37:15.580 [main] INFO  c.a.n.c.r.client - [printIfInfoEnabled,60] - [4e13c8e8-7052-44f3-8645-333dec9dd112_config-0] RpcClient init, ServerListFactory = com.alibaba.nacos.client.config.impl.ClientWorker$ConfigRpcTransportClient$2
15:37:15.585 [main] INFO  c.a.n.c.r.client - [printIfInfoEnabled,60] - [4e13c8e8-7052-44f3-8645-333dec9dd112_config-0] Try to connect to server on start up, server: {serverIp = '127.0.0.1', server main port = 8848}
15:37:21.197 [main] INFO  c.a.n.c.r.client - [printIfInfoEnabled,60] - [4e13c8e8-7052-44f3-8645-333dec9dd112_config-0] Try to connect to server on start up, server: {serverIp = '127.0.0.1', server main port = 8848}
15:37:24.629 [main] INFO  c.a.n.c.r.client - [printIfInfoEnabled,60] - [4e13c8e8-7052-44f3-8645-333dec9dd112_config-0] Try to connect to server on start up, server: {serverIp = '127.0.0.1', server main port = 8848}
15:37:28.319 [com.alibaba.nacos.client.remote.worker] INFO  c.a.n.c.r.client - [printIfInfoEnabled,60] - [4e13c8e8-7052-44f3-8645-333dec9dd112_config-0] Try to reconnect to a new server, server is  not appointed, will choose a random server.
15:37:28.321 [main] INFO  c.a.n.c.r.client - [printIfInfoEnabled,60] - [4e13c8e8-7052-44f3-8645-333dec9dd112_config-0] Register server push request handler:com.alibaba.nacos.common.remote.client.RpcClient$ConnectResetRequestHandler
15:37:28.324 [main] INFO  c.a.n.c.r.client - [printIfInfoEnabled,60] - [4e13c8e8-7052-44f3-8645-333dec9dd112_config-0] Register server push request handler:com.alibaba.nacos.common.remote.client.RpcClient$$Lambda$344/979420182
15:37:28.609 [com.alibaba.nacos.client.remote.worker] INFO  c.a.n.c.r.client - [printIfInfoEnabled,60] - [4e13c8e8-7052-44f3-8645-333dec9dd112_config-0] Success to connect a server [127.0.0.1:8848], connectionId = 1690270648332_127.0.0.1_63041
15:37:28.609 [com.alibaba.nacos.client.remote.worker] INFO  c.a.n.c.r.client - [printIfInfoEnabled,60] - [4e13c8e8-7052-44f3-8645-333dec9dd112_config-0] Notify connected event to listeners.
15:37:28.762 [main] INFO  c.x.d.XmapDistributionApplication - [logStartupProfileInfo,637] - The following 1 profile is active: "dev"
15:37:40.228 [main] INFO  o.a.c.h.Http11NioProtocol - [log,173] - Initializing ProtocolHandler ["http-nio-9231"]
15:37:40.229 [main] INFO  o.a.c.c.StandardService - [log,173] - Starting service [Tomcat]
15:37:40.229 [main] INFO  o.a.c.c.StandardEngine - [log,173] - Starting Servlet engine: [Apache Tomcat/9.0.70]
15:37:40.449 [main] INFO  o.a.c.c.C.[.[.[/] - [log,173] - Initializing Spring embedded WebApplicationContext
15:37:56.668 [main] INFO  c.a.d.p.DruidDataSource - [init,996] - {dataSource-1,master} inited
15:37:56.670 [main] INFO  c.b.d.d.DynamicRoutingDataSource - [addDataSource,154] - dynamic-datasource - add a datasource named [master] success
15:37:56.670 [main] INFO  c.b.d.d.DynamicRoutingDataSource - [afterPropertiesSet,234] - dynamic-datasource initial loaded [1] datasource,primary datasource named [master]
15:37:58.266 [main] INFO  c.a.c.s.SentinelWebMvcConfigurer - [addInterceptors,52] - [Sentinel Starter] register SentinelWebInterceptor with urlPatterns: [/**].
15:38:05.737 [main] INFO  c.a.n.c.r.client - [lambda$createClient$0,80] - [RpcClientFactory] create a new rpc client of b0a43205-9d3e-4ef8-aeba-b8f65f0ab96b
15:38:05.739 [main] INFO  c.a.n.c.r.client - [printIfInfoEnabled,60] - [b0a43205-9d3e-4ef8-aeba-b8f65f0ab96b] RpcClient init label, labels = {module=naming, source=sdk}
15:38:05.741 [main] INFO  c.a.n.c.r.client - [printIfInfoEnabled,60] - [b0a43205-9d3e-4ef8-aeba-b8f65f0ab96b] RpcClient init, ServerListFactory = com.alibaba.nacos.client.naming.core.ServerListManager
15:38:05.741 [main] INFO  c.a.n.c.r.client - [printIfInfoEnabled,60] - [b0a43205-9d3e-4ef8-aeba-b8f65f0ab96b] Registry connection listener to current client:com.alibaba.nacos.client.naming.remote.gprc.redo.NamingGrpcRedoService
15:38:05.741 [main] INFO  c.a.n.c.r.client - [printIfInfoEnabled,60] - [b0a43205-9d3e-4ef8-aeba-b8f65f0ab96b] Register server push request handler:com.alibaba.nacos.client.naming.remote.gprc.NamingPushRequestHandler
15:38:05.742 [main] INFO  c.a.n.c.r.client - [printIfInfoEnabled,60] - [b0a43205-9d3e-4ef8-aeba-b8f65f0ab96b] Try to connect to server on start up, server: {serverIp = '127.0.0.1', server main port = 8848}
15:38:05.853 [main] INFO  c.a.n.c.r.client - [printIfInfoEnabled,60] - [b0a43205-9d3e-4ef8-aeba-b8f65f0ab96b] Success to connect to server [127.0.0.1:8848] on start up, connectionId = 1690270685747_127.0.0.1_63710
15:38:05.853 [main] INFO  c.a.n.c.r.client - [printIfInfoEnabled,60] - [b0a43205-9d3e-4ef8-aeba-b8f65f0ab96b] Register server push request handler:com.alibaba.nacos.common.remote.client.RpcClient$ConnectResetRequestHandler
15:38:05.854 [main] INFO  c.a.n.c.r.client - [printIfInfoEnabled,60] - [b0a43205-9d3e-4ef8-aeba-b8f65f0ab96b] Register server push request handler:com.alibaba.nacos.common.remote.client.RpcClient$$Lambda$344/979420182
15:38:05.854 [com.alibaba.nacos.client.remote.worker] INFO  c.a.n.c.r.client - [printIfInfoEnabled,60] - [b0a43205-9d3e-4ef8-aeba-b8f65f0ab96b] Notify connected event to listeners.
15:38:05.885 [main] INFO  o.a.c.h.Http11NioProtocol - [log,173] - Starting ProtocolHandler ["http-nio-9231"]
15:38:05.906 [main] INFO  c.a.c.n.r.NacosServiceRegistry - [register,75] - nacos registry, DEFAULT_GROUP xmap-distribution 192.168.33.106:9231 register finished
15:38:06.410 [nacos-grpc-client-executor-6] INFO  c.a.n.c.r.client - [printIfInfoEnabled,60] - [b0a43205-9d3e-4ef8-aeba-b8f65f0ab96b] Receive server push request, request = NotifySubscriberRequest, requestId = 31
15:38:06.415 [nacos-grpc-client-executor-6] INFO  c.a.n.c.r.client - [printIfInfoEnabled,60] - [b0a43205-9d3e-4ef8-aeba-b8f65f0ab96b] Ack server push request, request = NotifySubscriberRequest, requestId = 31
15:38:08.862 [main] INFO  c.x.d.XmapDistributionApplication - [logStarted,61] - Started XmapDistributionApplication in 60.294 seconds (JVM running for 61.699)
15:38:08.875 [main] INFO  c.a.c.n.r.NacosContextRefresher - [registerNacosListener,129] - [Nacos Config] Listening config: dataId=xmap-distribution, group=DEFAULT_GROUP
15:38:08.877 [main] INFO  c.a.c.n.r.NacosContextRefresher - [registerNacosListener,129] - [Nacos Config] Listening config: dataId=xmap-distribution-dev.yml, group=DEFAULT_GROUP
15:38:08.877 [main] INFO  c.a.c.n.r.NacosContextRefresher - [registerNacosListener,129] - [Nacos Config] Listening config: dataId=xmap-distribution.yml, group=DEFAULT_GROUP
15:38:10.177 [RMI TCP Connection(4)-192.168.33.106] INFO  o.a.c.c.C.[.[.[/] - [log,173] - Initializing Spring DispatcherServlet 'dispatcherServlet'
18:34:06.255 [SpringApplicationShutdownHook] INFO  c.a.c.n.r.NacosServiceRegistry - [deregister,94] - De-registering from Nacos Server now...
18:34:06.312 [SpringApplicationShutdownHook] INFO  c.a.c.n.r.NacosServiceRegistry - [deregister,114] - De-registration finished.
18:34:06.669 [SpringApplicationShutdownHook] INFO  c.a.n.c.r.client - [shutdown,454] - Shutdown rpc client, set status to shutdown
18:34:06.673 [SpringApplicationShutdownHook] INFO  c.a.n.c.r.client - [shutdown,456] - Shutdown client event executor java.util.concurrent.ScheduledThreadPoolExecutor@1f19c83a[Running, pool size = 2, active threads = 2, queued tasks = 0, completed tasks = 0]
18:34:06.674 [SpringApplicationShutdownHook] INFO  c.a.n.c.r.client - [closeConnection,591] - Close current connection 1690270685747_127.0.0.1_63710
18:34:06.681 [nacos-grpc-client-executor-2294] INFO  c.a.n.c.r.c.g.GrpcClient - [printIfInfoEnabled,60] - [1690270685747_127.0.0.1_63710]Ignore complete event,isRunning:false,isAbandon=false
18:34:06.683 [SpringApplicationShutdownHook] INFO  c.a.n.c.r.c.g.GrpcClient - [shutdown,85] - Shutdown grpc executor java.util.concurrent.ThreadPoolExecutor@30fcfe4e[Running, pool size = 5, active threads = 0, queued tasks = 0, completed tasks = 2295]
18:34:06.936 [SpringApplicationShutdownHook] INFO  c.b.d.d.DynamicRoutingDataSource - [destroy,211] - dynamic-datasource start closing ....
18:34:06.952 [SpringApplicationShutdownHook] INFO  c.a.d.p.DruidDataSource - [close,2138] - {dataSource-1} closing ...
18:34:06.994 [SpringApplicationShutdownHook] INFO  c.a.d.p.DruidDataSource - [close,2211] - {dataSource-1} closed
18:34:06.994 [SpringApplicationShutdownHook] INFO  c.b.d.d.DynamicRoutingDataSource - [destroy,215] - dynamic-datasource all closed success,bye
19:56:17.484 [background-preinit] INFO  o.h.v.i.util.Version - [<clinit>,21] - HV000001: Hibernate Validator 6.2.5.Final
19:56:26.984 [main] INFO  c.a.n.c.r.client - [lambda$createClient$0,80] - [RpcClientFactory] create a new rpc client of 5b54218c-7a9d-4ff5-80d7-2df9cb2aa0f3_config-0
19:56:27.025 [main] INFO  o.r.Reflections - [scan,232] - Reflections took 29 ms to scan 1 urls, producing 3 keys and 6 values 
19:56:27.059 [main] INFO  o.r.Reflections - [scan,232] - Reflections took 20 ms to scan 1 urls, producing 4 keys and 9 values 
19:56:27.073 [main] INFO  o.r.Reflections - [scan,232] - Reflections took 12 ms to scan 1 urls, producing 3 keys and 10 values 
19:56:27.341 [main] INFO  o.r.Reflections - [scan,232] - Reflections took 266 ms to scan 199 urls, producing 0 keys and 0 values 
19:56:27.354 [main] INFO  o.r.Reflections - [scan,232] - Reflections took 12 ms to scan 1 urls, producing 1 keys and 5 values 
19:56:27.371 [main] INFO  o.r.Reflections - [scan,232] - Reflections took 14 ms to scan 1 urls, producing 1 keys and 7 values 
19:56:27.385 [main] INFO  o.r.Reflections - [scan,232] - Reflections took 12 ms to scan 1 urls, producing 2 keys and 8 values 
19:56:27.539 [main] INFO  o.r.Reflections - [scan,232] - Reflections took 151 ms to scan 199 urls, producing 0 keys and 0 values 
19:56:27.540 [main] INFO  c.a.n.c.r.client - [printIfInfoEnabled,60] - [5b54218c-7a9d-4ff5-80d7-2df9cb2aa0f3_config-0] RpcClient init label, labels = {module=config, Vipserver-Tag=null, source=sdk, Amory-Tag=null, Location-Tag=null, taskId=0, AppName=unknown}
19:56:27.540 [main] INFO  c.a.n.c.r.client - [printIfInfoEnabled,60] - [5b54218c-7a9d-4ff5-80d7-2df9cb2aa0f3_config-0] Register server push request handler:com.alibaba.nacos.client.config.impl.ClientWorker$ConfigRpcTransportClient$$Lambda$334/832145584
19:56:27.540 [main] INFO  c.a.n.c.r.client - [printIfInfoEnabled,60] - [5b54218c-7a9d-4ff5-80d7-2df9cb2aa0f3_config-0] Register server push request handler:com.alibaba.nacos.client.config.impl.ClientWorker$ConfigRpcTransportClient$$Lambda$335/224060798
19:56:27.540 [main] INFO  c.a.n.c.r.client - [printIfInfoEnabled,60] - [5b54218c-7a9d-4ff5-80d7-2df9cb2aa0f3_config-0] Registry connection listener to current client:com.alibaba.nacos.client.config.impl.ClientWorker$ConfigRpcTransportClient$1
19:56:27.541 [main] INFO  c.a.n.c.r.client - [printIfInfoEnabled,60] - [5b54218c-7a9d-4ff5-80d7-2df9cb2aa0f3_config-0] RpcClient init, ServerListFactory = com.alibaba.nacos.client.config.impl.ClientWorker$ConfigRpcTransportClient$2
19:56:27.547 [main] INFO  c.a.n.c.r.client - [printIfInfoEnabled,60] - [5b54218c-7a9d-4ff5-80d7-2df9cb2aa0f3_config-0] Try to connect to server on start up, server: {serverIp = '127.0.0.1', server main port = 8848}
19:56:39.055 [main] INFO  c.a.n.c.r.client - [printIfInfoEnabled,60] - [5b54218c-7a9d-4ff5-80d7-2df9cb2aa0f3_config-0] Try to connect to server on start up, server: {serverIp = '127.0.0.1', server main port = 8848}
19:56:41.282 [main] INFO  c.a.n.c.r.client - [printIfInfoEnabled,60] - [5b54218c-7a9d-4ff5-80d7-2df9cb2aa0f3_config-0] Success to connect to server [127.0.0.1:8848] on start up, connectionId = 1690286201038_127.0.0.1_55927
19:56:41.282 [com.alibaba.nacos.client.remote.worker] INFO  c.a.n.c.r.client - [printIfInfoEnabled,60] - [5b54218c-7a9d-4ff5-80d7-2df9cb2aa0f3_config-0] Notify connected event to listeners.
19:56:41.283 [main] INFO  c.a.n.c.r.client - [printIfInfoEnabled,60] - [5b54218c-7a9d-4ff5-80d7-2df9cb2aa0f3_config-0] Register server push request handler:com.alibaba.nacos.common.remote.client.RpcClient$ConnectResetRequestHandler
19:56:41.284 [main] INFO  c.a.n.c.r.client - [printIfInfoEnabled,60] - [5b54218c-7a9d-4ff5-80d7-2df9cb2aa0f3_config-0] Register server push request handler:com.alibaba.nacos.common.remote.client.RpcClient$$Lambda$344/518167684
19:56:41.357 [main] INFO  c.x.d.XmapDistributionApplication - [logStartupProfileInfo,637] - The following 1 profile is active: "dev"
19:56:43.219 [main] INFO  o.a.c.h.Http11NioProtocol - [log,173] - Initializing ProtocolHandler ["http-nio-9231"]
19:56:43.219 [main] INFO  o.a.c.c.StandardService - [log,173] - Starting service [Tomcat]
19:56:43.219 [main] INFO  o.a.c.c.StandardEngine - [log,173] - Starting Servlet engine: [Apache Tomcat/9.0.70]
19:56:43.410 [main] INFO  o.a.c.c.C.[.[.[/] - [log,173] - Initializing Spring embedded WebApplicationContext
19:56:45.840 [main] INFO  c.a.d.p.DruidDataSource - [init,996] - {dataSource-1,master} inited
19:56:45.841 [main] INFO  c.b.d.d.DynamicRoutingDataSource - [addDataSource,154] - dynamic-datasource - add a datasource named [master] success
19:56:45.841 [main] INFO  c.b.d.d.DynamicRoutingDataSource - [afterPropertiesSet,234] - dynamic-datasource initial loaded [1] datasource,primary datasource named [master]
19:56:46.833 [main] INFO  c.a.c.s.SentinelWebMvcConfigurer - [addInterceptors,52] - [Sentinel Starter] register SentinelWebInterceptor with urlPatterns: [/**].
19:56:54.747 [main] INFO  c.a.n.c.r.client - [lambda$createClient$0,80] - [RpcClientFactory] create a new rpc client of 60d0a9d5-e4ef-4bb8-9848-61cf35ffe99d
19:56:54.747 [main] INFO  c.a.n.c.r.client - [printIfInfoEnabled,60] - [60d0a9d5-e4ef-4bb8-9848-61cf35ffe99d] RpcClient init label, labels = {module=naming, source=sdk}
19:56:54.748 [main] INFO  c.a.n.c.r.client - [printIfInfoEnabled,60] - [60d0a9d5-e4ef-4bb8-9848-61cf35ffe99d] RpcClient init, ServerListFactory = com.alibaba.nacos.client.naming.core.ServerListManager
19:56:54.749 [main] INFO  c.a.n.c.r.client - [printIfInfoEnabled,60] - [60d0a9d5-e4ef-4bb8-9848-61cf35ffe99d] Registry connection listener to current client:com.alibaba.nacos.client.naming.remote.gprc.redo.NamingGrpcRedoService
19:56:54.749 [main] INFO  c.a.n.c.r.client - [printIfInfoEnabled,60] - [60d0a9d5-e4ef-4bb8-9848-61cf35ffe99d] Register server push request handler:com.alibaba.nacos.client.naming.remote.gprc.NamingPushRequestHandler
19:56:54.749 [main] INFO  c.a.n.c.r.client - [printIfInfoEnabled,60] - [60d0a9d5-e4ef-4bb8-9848-61cf35ffe99d] Try to connect to server on start up, server: {serverIp = '127.0.0.1', server main port = 8848}
19:56:54.861 [main] INFO  c.a.n.c.r.client - [printIfInfoEnabled,60] - [60d0a9d5-e4ef-4bb8-9848-61cf35ffe99d] Success to connect to server [127.0.0.1:8848] on start up, connectionId = 1690286214752_127.0.0.1_56038
19:56:54.861 [com.alibaba.nacos.client.remote.worker] INFO  c.a.n.c.r.client - [printIfInfoEnabled,60] - [60d0a9d5-e4ef-4bb8-9848-61cf35ffe99d] Notify connected event to listeners.
19:56:54.861 [main] INFO  c.a.n.c.r.client - [printIfInfoEnabled,60] - [60d0a9d5-e4ef-4bb8-9848-61cf35ffe99d] Register server push request handler:com.alibaba.nacos.common.remote.client.RpcClient$ConnectResetRequestHandler
19:56:54.862 [main] INFO  c.a.n.c.r.client - [printIfInfoEnabled,60] - [60d0a9d5-e4ef-4bb8-9848-61cf35ffe99d] Register server push request handler:com.alibaba.nacos.common.remote.client.RpcClient$$Lambda$344/518167684
19:56:54.891 [main] INFO  o.a.c.h.Http11NioProtocol - [log,173] - Starting ProtocolHandler ["http-nio-9231"]
19:56:54.906 [main] INFO  c.a.c.n.r.NacosServiceRegistry - [register,75] - nacos registry, DEFAULT_GROUP xmap-distribution 192.168.33.106:9231 register finished
19:56:55.481 [nacos-grpc-client-executor-10] INFO  c.a.n.c.r.client - [printIfInfoEnabled,60] - [60d0a9d5-e4ef-4bb8-9848-61cf35ffe99d] Receive server push request, request = NotifySubscriberRequest, requestId = 44
19:56:55.484 [nacos-grpc-client-executor-10] INFO  c.a.n.c.r.client - [printIfInfoEnabled,60] - [60d0a9d5-e4ef-4bb8-9848-61cf35ffe99d] Ack server push request, request = NotifySubscriberRequest, requestId = 44
19:56:57.834 [main] INFO  c.x.d.XmapDistributionApplication - [logStarted,61] - Started XmapDistributionApplication in 48.593 seconds (JVM running for 54.354)
19:56:57.841 [main] INFO  c.a.c.n.r.NacosContextRefresher - [registerNacosListener,129] - [Nacos Config] Listening config: dataId=xmap-distribution, group=DEFAULT_GROUP
19:56:57.842 [main] INFO  c.a.c.n.r.NacosContextRefresher - [registerNacosListener,129] - [Nacos Config] Listening config: dataId=xmap-distribution-dev.yml, group=DEFAULT_GROUP
19:56:57.842 [main] INFO  c.a.c.n.r.NacosContextRefresher - [registerNacosListener,129] - [Nacos Config] Listening config: dataId=xmap-distribution.yml, group=DEFAULT_GROUP
19:56:59.372 [RMI TCP Connection(3)-192.168.33.106] INFO  o.a.c.c.C.[.[.[/] - [log,173] - Initializing Spring DispatcherServlet 'dispatcherServlet'
