09:46:57.510 [background-preinit] INFO  o.h.v.i.util.Version - [<clinit>,21] - HV000001: Hibernate Validator 6.2.5.Final
09:46:58.680 [main] INFO  c.a.n.c.r.client - [lambda$createClient$0,80] - [RpcClientFactory] create a new rpc client of 51a01e2d-c782-4769-9c51-60c1823d09f7_config-0
09:46:58.714 [main] INFO  o.r.Reflections - [scan,232] - Reflections took 20 ms to scan 1 urls, producing 3 keys and 6 values 
09:46:58.733 [main] INFO  o.r.Reflections - [scan,232] - Reflections took 9 ms to scan 1 urls, producing 4 keys and 9 values 
09:46:58.742 [main] INFO  o.r.Reflections - [scan,232] - Reflections took 8 ms to scan 1 urls, producing 3 keys and 10 values 
09:46:58.868 [main] INFO  o.r.Reflections - [scan,232] - Reflections took 124 ms to scan 199 urls, producing 0 keys and 0 values 
09:46:58.875 [main] INFO  o.r.Reflections - [scan,232] - Reflections took 6 ms to scan 1 urls, producing 1 keys and 5 values 
09:46:58.883 [main] INFO  o.r.Reflections - [scan,232] - Reflections took 6 ms to scan 1 urls, producing 1 keys and 7 values 
09:46:58.891 [main] INFO  o.r.Reflections - [scan,232] - Reflections took 7 ms to scan 1 urls, producing 2 keys and 8 values 
09:46:58.985 [main] INFO  o.r.Reflections - [scan,232] - Reflections took 93 ms to scan 199 urls, producing 0 keys and 0 values 
09:46:58.986 [main] INFO  c.a.n.c.r.client - [printIfInfoEnabled,60] - [51a01e2d-c782-4769-9c51-60c1823d09f7_config-0] RpcClient init label, labels = {module=config, Vipserver-Tag=null, source=sdk, Amory-Tag=null, Location-Tag=null, taskId=0, AppName=unknown}
09:46:58.987 [main] INFO  c.a.n.c.r.client - [printIfInfoEnabled,60] - [51a01e2d-c782-4769-9c51-60c1823d09f7_config-0] Register server push request handler:com.alibaba.nacos.client.config.impl.ClientWorker$ConfigRpcTransportClient$$Lambda$334/832145584
09:46:58.987 [main] INFO  c.a.n.c.r.client - [printIfInfoEnabled,60] - [51a01e2d-c782-4769-9c51-60c1823d09f7_config-0] Register server push request handler:com.alibaba.nacos.client.config.impl.ClientWorker$ConfigRpcTransportClient$$Lambda$335/224060798
09:46:58.987 [main] INFO  c.a.n.c.r.client - [printIfInfoEnabled,60] - [51a01e2d-c782-4769-9c51-60c1823d09f7_config-0] Registry connection listener to current client:com.alibaba.nacos.client.config.impl.ClientWorker$ConfigRpcTransportClient$1
09:46:58.988 [main] INFO  c.a.n.c.r.client - [printIfInfoEnabled,60] - [51a01e2d-c782-4769-9c51-60c1823d09f7_config-0] RpcClient init, ServerListFactory = com.alibaba.nacos.client.config.impl.ClientWorker$ConfigRpcTransportClient$2
09:46:58.992 [main] INFO  c.a.n.c.r.client - [printIfInfoEnabled,60] - [51a01e2d-c782-4769-9c51-60c1823d09f7_config-0] Try to connect to server on start up, server: {serverIp = '127.0.0.1', server main port = 8848}
09:47:01.570 [main] INFO  c.a.n.c.r.client - [printIfInfoEnabled,60] - [51a01e2d-c782-4769-9c51-60c1823d09f7_config-0] Success to connect to server [127.0.0.1:8848] on start up, connectionId = 1690336021349_127.0.0.1_51434
09:47:01.572 [com.alibaba.nacos.client.remote.worker] INFO  c.a.n.c.r.client - [printIfInfoEnabled,60] - [51a01e2d-c782-4769-9c51-60c1823d09f7_config-0] Notify connected event to listeners.
09:47:01.572 [main] INFO  c.a.n.c.r.client - [printIfInfoEnabled,60] - [51a01e2d-c782-4769-9c51-60c1823d09f7_config-0] Register server push request handler:com.alibaba.nacos.common.remote.client.RpcClient$ConnectResetRequestHandler
09:47:01.574 [main] INFO  c.a.n.c.r.client - [printIfInfoEnabled,60] - [51a01e2d-c782-4769-9c51-60c1823d09f7_config-0] Register server push request handler:com.alibaba.nacos.common.remote.client.RpcClient$$Lambda$344/1788034018
09:47:01.703 [main] INFO  c.x.d.XmapDistributionApplication - [logStartupProfileInfo,637] - The following 1 profile is active: "dev"
09:47:03.391 [main] INFO  o.a.c.h.Http11NioProtocol - [log,173] - Initializing ProtocolHandler ["http-nio-9231"]
09:47:03.391 [main] INFO  o.a.c.c.StandardService - [log,173] - Starting service [Tomcat]
09:47:03.391 [main] INFO  o.a.c.c.StandardEngine - [log,173] - Starting Servlet engine: [Apache Tomcat/9.0.70]
09:47:03.549 [main] INFO  o.a.c.c.C.[.[.[/] - [log,173] - Initializing Spring embedded WebApplicationContext
09:47:04.437 [main] INFO  c.a.d.p.DruidDataSource - [init,996] - {dataSource-1,master} inited
09:47:04.438 [main] INFO  c.b.d.d.DynamicRoutingDataSource - [addDataSource,154] - dynamic-datasource - add a datasource named [master] success
09:47:04.438 [main] INFO  c.b.d.d.DynamicRoutingDataSource - [afterPropertiesSet,234] - dynamic-datasource initial loaded [1] datasource,primary datasource named [master]
09:47:05.305 [main] INFO  c.a.c.s.SentinelWebMvcConfigurer - [addInterceptors,52] - [Sentinel Starter] register SentinelWebInterceptor with urlPatterns: [/**].
09:47:08.217 [main] INFO  c.a.n.c.r.client - [lambda$createClient$0,80] - [RpcClientFactory] create a new rpc client of 059dbf53-7ca6-429b-a7f2-63bf799cbc51
09:47:08.217 [main] INFO  c.a.n.c.r.client - [printIfInfoEnabled,60] - [059dbf53-7ca6-429b-a7f2-63bf799cbc51] RpcClient init label, labels = {module=naming, source=sdk}
09:47:08.218 [main] INFO  c.a.n.c.r.client - [printIfInfoEnabled,60] - [059dbf53-7ca6-429b-a7f2-63bf799cbc51] RpcClient init, ServerListFactory = com.alibaba.nacos.client.naming.core.ServerListManager
09:47:08.218 [main] INFO  c.a.n.c.r.client - [printIfInfoEnabled,60] - [059dbf53-7ca6-429b-a7f2-63bf799cbc51] Registry connection listener to current client:com.alibaba.nacos.client.naming.remote.gprc.redo.NamingGrpcRedoService
09:47:08.218 [main] INFO  c.a.n.c.r.client - [printIfInfoEnabled,60] - [059dbf53-7ca6-429b-a7f2-63bf799cbc51] Register server push request handler:com.alibaba.nacos.client.naming.remote.gprc.NamingPushRequestHandler
09:47:08.219 [main] INFO  c.a.n.c.r.client - [printIfInfoEnabled,60] - [059dbf53-7ca6-429b-a7f2-63bf799cbc51] Try to connect to server on start up, server: {serverIp = '127.0.0.1', server main port = 8848}
09:47:08.330 [main] INFO  c.a.n.c.r.client - [printIfInfoEnabled,60] - [059dbf53-7ca6-429b-a7f2-63bf799cbc51] Success to connect to server [127.0.0.1:8848] on start up, connectionId = 1690336028223_127.0.0.1_51453
09:47:08.331 [main] INFO  c.a.n.c.r.client - [printIfInfoEnabled,60] - [059dbf53-7ca6-429b-a7f2-63bf799cbc51] Register server push request handler:com.alibaba.nacos.common.remote.client.RpcClient$ConnectResetRequestHandler
09:47:08.331 [com.alibaba.nacos.client.remote.worker] INFO  c.a.n.c.r.client - [printIfInfoEnabled,60] - [059dbf53-7ca6-429b-a7f2-63bf799cbc51] Notify connected event to listeners.
09:47:08.331 [main] INFO  c.a.n.c.r.client - [printIfInfoEnabled,60] - [059dbf53-7ca6-429b-a7f2-63bf799cbc51] Register server push request handler:com.alibaba.nacos.common.remote.client.RpcClient$$Lambda$344/1788034018
09:47:08.379 [main] INFO  o.a.c.h.Http11NioProtocol - [log,173] - Starting ProtocolHandler ["http-nio-9231"]
09:47:08.396 [main] INFO  c.a.c.n.r.NacosServiceRegistry - [register,75] - nacos registry, DEFAULT_GROUP xmap-distribution 10.100.4.8:9231 register finished
09:47:08.871 [nacos-grpc-client-executor-6] INFO  c.a.n.c.r.client - [printIfInfoEnabled,60] - [059dbf53-7ca6-429b-a7f2-63bf799cbc51] Receive server push request, request = NotifySubscriberRequest, requestId = 8
09:47:08.874 [nacos-grpc-client-executor-6] INFO  c.a.n.c.r.client - [printIfInfoEnabled,60] - [059dbf53-7ca6-429b-a7f2-63bf799cbc51] Ack server push request, request = NotifySubscriberRequest, requestId = 8
09:47:09.456 [main] INFO  c.x.d.XmapDistributionApplication - [logStarted,61] - Started XmapDistributionApplication in 13.149 seconds (JVM running for 14.432)
09:47:09.470 [main] INFO  c.a.c.n.r.NacosContextRefresher - [registerNacosListener,129] - [Nacos Config] Listening config: dataId=xmap-distribution, group=DEFAULT_GROUP
09:47:09.471 [main] INFO  c.a.c.n.r.NacosContextRefresher - [registerNacosListener,129] - [Nacos Config] Listening config: dataId=xmap-distribution-dev.yml, group=DEFAULT_GROUP
09:47:09.471 [main] INFO  c.a.c.n.r.NacosContextRefresher - [registerNacosListener,129] - [Nacos Config] Listening config: dataId=xmap-distribution.yml, group=DEFAULT_GROUP
09:47:10.496 [RMI TCP Connection(3)-10.100.4.8] INFO  o.a.c.c.C.[.[.[/] - [log,173] - Initializing Spring DispatcherServlet 'dispatcherServlet'
18:13:47.451 [SpringApplicationShutdownHook] INFO  c.a.c.n.r.NacosServiceRegistry - [deregister,94] - De-registering from Nacos Server now...
18:13:47.465 [SpringApplicationShutdownHook] INFO  c.a.c.n.r.NacosServiceRegistry - [deregister,114] - De-registration finished.
18:13:47.810 [SpringApplicationShutdownHook] INFO  c.a.n.c.r.client - [shutdown,454] - Shutdown rpc client, set status to shutdown
18:13:47.810 [SpringApplicationShutdownHook] INFO  c.a.n.c.r.client - [shutdown,456] - Shutdown client event executor java.util.concurrent.ScheduledThreadPoolExecutor@3f5e96db[Running, pool size = 2, active threads = 2, queued tasks = 0, completed tasks = 0]
18:13:47.810 [SpringApplicationShutdownHook] INFO  c.a.n.c.r.client - [closeConnection,591] - Close current connection 1690336028223_127.0.0.1_51453
18:13:47.815 [nacos-grpc-client-executor-5345] INFO  c.a.n.c.r.c.g.GrpcClient - [printIfInfoEnabled,60] - [1690336028223_127.0.0.1_51453]Ignore complete event,isRunning:false,isAbandon=false
18:13:47.834 [SpringApplicationShutdownHook] INFO  c.a.n.c.r.c.g.GrpcClient - [shutdown,85] - Shutdown grpc executor java.util.concurrent.ThreadPoolExecutor@6f55bfdd[Running, pool size = 5, active threads = 0, queued tasks = 0, completed tasks = 5346]
18:13:48.054 [SpringApplicationShutdownHook] INFO  c.b.d.d.DynamicRoutingDataSource - [destroy,211] - dynamic-datasource start closing ....
18:13:48.071 [SpringApplicationShutdownHook] INFO  c.a.d.p.DruidDataSource - [close,2138] - {dataSource-1} closing ...
18:13:48.074 [SpringApplicationShutdownHook] INFO  c.a.d.p.DruidDataSource - [close,2211] - {dataSource-1} closed
18:13:48.075 [SpringApplicationShutdownHook] INFO  c.b.d.d.DynamicRoutingDataSource - [destroy,215] - dynamic-datasource all closed success,bye
