09:32:02.541 [background-preinit] INFO  o.h.v.i.util.Version - [<clinit>,21] - HV000001: Hibernate Validator 6.2.5.Final
09:32:06.331 [main] INFO  c.a.n.c.r.client - [lambda$createClient$0,80] - [RpcClientFactory] create a new rpc client of 4a4522d4-1bf3-4cb6-9f1a-2a39ecc02f75_config-0
09:32:06.361 [main] INFO  o.r.Reflections - [scan,232] - Reflections took 20 ms to scan 1 urls, producing 3 keys and 6 values 
09:32:06.380 [main] INFO  o.r.Reflections - [scan,232] - Reflections took 9 ms to scan 1 urls, producing 4 keys and 9 values 
09:32:06.395 [main] INFO  o.r.Reflections - [scan,232] - Reflections took 13 ms to scan 1 urls, producing 3 keys and 10 values 
09:32:06.583 [main] INFO  o.r.Reflections - [scan,232] - Reflections took 185 ms to scan 199 urls, producing 0 keys and 0 values 
09:32:06.590 [main] INFO  o.r.Reflections - [scan,232] - Reflections took 6 ms to scan 1 urls, producing 1 keys and 5 values 
09:32:06.598 [main] INFO  o.r.Reflections - [scan,232] - Reflections took 7 ms to scan 1 urls, producing 1 keys and 7 values 
09:32:06.608 [main] INFO  o.r.Reflections - [scan,232] - Reflections took 9 ms to scan 1 urls, producing 2 keys and 8 values 
09:32:06.732 [main] INFO  o.r.Reflections - [scan,232] - Reflections took 122 ms to scan 199 urls, producing 0 keys and 0 values 
09:32:06.733 [main] INFO  c.a.n.c.r.client - [printIfInfoEnabled,60] - [4a4522d4-1bf3-4cb6-9f1a-2a39ecc02f75_config-0] RpcClient init label, labels = {module=config, Vipserver-Tag=null, source=sdk, Amory-Tag=null, Location-Tag=null, taskId=0, AppName=unknown}
09:32:06.733 [main] INFO  c.a.n.c.r.client - [printIfInfoEnabled,60] - [4a4522d4-1bf3-4cb6-9f1a-2a39ecc02f75_config-0] Register server push request handler:com.alibaba.nacos.client.config.impl.ClientWorker$ConfigRpcTransportClient$$Lambda$334/832145584
09:32:06.733 [main] INFO  c.a.n.c.r.client - [printIfInfoEnabled,60] - [4a4522d4-1bf3-4cb6-9f1a-2a39ecc02f75_config-0] Register server push request handler:com.alibaba.nacos.client.config.impl.ClientWorker$ConfigRpcTransportClient$$Lambda$335/224060798
09:32:06.734 [main] INFO  c.a.n.c.r.client - [printIfInfoEnabled,60] - [4a4522d4-1bf3-4cb6-9f1a-2a39ecc02f75_config-0] Registry connection listener to current client:com.alibaba.nacos.client.config.impl.ClientWorker$ConfigRpcTransportClient$1
09:32:06.734 [main] INFO  c.a.n.c.r.client - [printIfInfoEnabled,60] - [4a4522d4-1bf3-4cb6-9f1a-2a39ecc02f75_config-0] RpcClient init, ServerListFactory = com.alibaba.nacos.client.config.impl.ClientWorker$ConfigRpcTransportClient$2
09:32:06.738 [main] INFO  c.a.n.c.r.client - [printIfInfoEnabled,60] - [4a4522d4-1bf3-4cb6-9f1a-2a39ecc02f75_config-0] Try to connect to server on start up, server: {serverIp = '127.0.0.1', server main port = 8848}
09:32:12.344 [main] INFO  c.a.n.c.r.client - [printIfInfoEnabled,60] - [4a4522d4-1bf3-4cb6-9f1a-2a39ecc02f75_config-0] Try to connect to server on start up, server: {serverIp = '127.0.0.1', server main port = 8848}
09:32:12.960 [main] INFO  c.a.n.c.r.client - [printIfInfoEnabled,60] - [4a4522d4-1bf3-4cb6-9f1a-2a39ecc02f75_config-0] Success to connect to server [127.0.0.1:8848] on start up, connectionId = 1689816732720_127.0.0.1_51845
09:32:12.960 [com.alibaba.nacos.client.remote.worker] INFO  c.a.n.c.r.client - [printIfInfoEnabled,60] - [4a4522d4-1bf3-4cb6-9f1a-2a39ecc02f75_config-0] Notify connected event to listeners.
09:32:12.961 [main] INFO  c.a.n.c.r.client - [printIfInfoEnabled,60] - [4a4522d4-1bf3-4cb6-9f1a-2a39ecc02f75_config-0] Register server push request handler:com.alibaba.nacos.common.remote.client.RpcClient$ConnectResetRequestHandler
09:32:12.962 [main] INFO  c.a.n.c.r.client - [printIfInfoEnabled,60] - [4a4522d4-1bf3-4cb6-9f1a-2a39ecc02f75_config-0] Register server push request handler:com.alibaba.nacos.common.remote.client.RpcClient$$Lambda$344/2088969892
09:32:13.029 [main] INFO  c.x.d.XmapDistributionApplication - [logStartupProfileInfo,637] - The following 1 profile is active: "dev"
09:32:15.035 [main] INFO  o.a.c.h.Http11NioProtocol - [log,173] - Initializing ProtocolHandler ["http-nio-9231"]
09:32:15.036 [main] INFO  o.a.c.c.StandardService - [log,173] - Starting service [Tomcat]
09:32:15.036 [main] INFO  o.a.c.c.StandardEngine - [log,173] - Starting Servlet engine: [Apache Tomcat/9.0.70]
09:32:15.237 [main] INFO  o.a.c.c.C.[.[.[/] - [log,173] - Initializing Spring embedded WebApplicationContext
09:32:20.370 [main] INFO  c.a.d.p.DruidDataSource - [init,996] - {dataSource-1,master} inited
09:32:20.371 [main] INFO  c.b.d.d.DynamicRoutingDataSource - [addDataSource,154] - dynamic-datasource - add a datasource named [master] success
09:32:20.371 [main] INFO  c.b.d.d.DynamicRoutingDataSource - [afterPropertiesSet,234] - dynamic-datasource initial loaded [1] datasource,primary datasource named [master]
09:32:23.274 [main] INFO  c.a.c.s.SentinelWebMvcConfigurer - [addInterceptors,52] - [Sentinel Starter] register SentinelWebInterceptor with urlPatterns: [/**].
09:32:34.542 [main] INFO  c.a.n.c.r.client - [lambda$createClient$0,80] - [RpcClientFactory] create a new rpc client of e7b2f6ab-a28f-45d5-a7ea-e2feb3aeb87b
09:32:34.542 [main] INFO  c.a.n.c.r.client - [printIfInfoEnabled,60] - [e7b2f6ab-a28f-45d5-a7ea-e2feb3aeb87b] RpcClient init label, labels = {module=naming, source=sdk}
09:32:34.543 [main] INFO  c.a.n.c.r.client - [printIfInfoEnabled,60] - [e7b2f6ab-a28f-45d5-a7ea-e2feb3aeb87b] RpcClient init, ServerListFactory = com.alibaba.nacos.client.naming.core.ServerListManager
09:32:34.543 [main] INFO  c.a.n.c.r.client - [printIfInfoEnabled,60] - [e7b2f6ab-a28f-45d5-a7ea-e2feb3aeb87b] Registry connection listener to current client:com.alibaba.nacos.client.naming.remote.gprc.redo.NamingGrpcRedoService
09:32:34.545 [main] INFO  c.a.n.c.r.client - [printIfInfoEnabled,60] - [e7b2f6ab-a28f-45d5-a7ea-e2feb3aeb87b] Register server push request handler:com.alibaba.nacos.client.naming.remote.gprc.NamingPushRequestHandler
09:32:34.545 [main] INFO  c.a.n.c.r.client - [printIfInfoEnabled,60] - [e7b2f6ab-a28f-45d5-a7ea-e2feb3aeb87b] Try to connect to server on start up, server: {serverIp = '127.0.0.1', server main port = 8848}
09:32:34.656 [main] INFO  c.a.n.c.r.client - [printIfInfoEnabled,60] - [e7b2f6ab-a28f-45d5-a7ea-e2feb3aeb87b] Success to connect to server [127.0.0.1:8848] on start up, connectionId = 1689816754549_127.0.0.1_51931
09:32:34.656 [com.alibaba.nacos.client.remote.worker] INFO  c.a.n.c.r.client - [printIfInfoEnabled,60] - [e7b2f6ab-a28f-45d5-a7ea-e2feb3aeb87b] Notify connected event to listeners.
09:32:34.656 [main] INFO  c.a.n.c.r.client - [printIfInfoEnabled,60] - [e7b2f6ab-a28f-45d5-a7ea-e2feb3aeb87b] Register server push request handler:com.alibaba.nacos.common.remote.client.RpcClient$ConnectResetRequestHandler
09:32:34.657 [main] INFO  c.a.n.c.r.client - [printIfInfoEnabled,60] - [e7b2f6ab-a28f-45d5-a7ea-e2feb3aeb87b] Register server push request handler:com.alibaba.nacos.common.remote.client.RpcClient$$Lambda$344/2088969892
09:32:34.857 [main] INFO  o.a.c.h.Http11NioProtocol - [log,173] - Starting ProtocolHandler ["http-nio-9231"]
09:32:34.872 [main] INFO  c.a.c.n.r.NacosServiceRegistry - [register,75] - nacos registry, DEFAULT_GROUP xmap-distribution 10.100.4.8:9231 register finished
09:32:35.214 [nacos-grpc-client-executor-9] INFO  c.a.n.c.r.client - [printIfInfoEnabled,60] - [e7b2f6ab-a28f-45d5-a7ea-e2feb3aeb87b] Receive server push request, request = NotifySubscriberRequest, requestId = 13
09:32:35.337 [nacos-grpc-client-executor-9] INFO  c.a.n.c.r.client - [printIfInfoEnabled,60] - [e7b2f6ab-a28f-45d5-a7ea-e2feb3aeb87b] Ack server push request, request = NotifySubscriberRequest, requestId = 13
09:32:36.432 [main] INFO  c.x.d.XmapDistributionApplication - [logStarted,61] - Started XmapDistributionApplication in 38.163 seconds (JVM running for 41.498)
09:32:36.441 [main] INFO  c.a.c.n.r.NacosContextRefresher - [registerNacosListener,129] - [Nacos Config] Listening config: dataId=xmap-distribution, group=DEFAULT_GROUP
09:32:36.443 [main] INFO  c.a.c.n.r.NacosContextRefresher - [registerNacosListener,129] - [Nacos Config] Listening config: dataId=xmap-distribution-dev.yml, group=DEFAULT_GROUP
09:32:36.443 [main] INFO  c.a.c.n.r.NacosContextRefresher - [registerNacosListener,129] - [Nacos Config] Listening config: dataId=xmap-distribution.yml, group=DEFAULT_GROUP
09:32:36.779 [RMI TCP Connection(3)-10.100.4.8] INFO  o.a.c.c.C.[.[.[/] - [log,173] - Initializing Spring DispatcherServlet 'dispatcherServlet'
14:02:00.915 [nacos-grpc-client-executor-2086] INFO  c.a.n.c.r.client - [printIfInfoEnabled,60] - [4a4522d4-1bf3-4cb6-9f1a-2a39ecc02f75_config-0] Receive server push request, request = ClientDetectionRequest, requestId = 33
14:02:00.973 [nacos-grpc-client-executor-2086] INFO  c.a.n.c.r.client - [printIfInfoEnabled,60] - [4a4522d4-1bf3-4cb6-9f1a-2a39ecc02f75_config-0] Ack server push request, request = ClientDetectionRequest, requestId = 33
14:58:37.464 [nacos-grpc-client-executor-2591] INFO  c.a.n.c.r.client - [printIfInfoEnabled,60] - [e7b2f6ab-a28f-45d5-a7ea-e2feb3aeb87b] Receive server push request, request = ClientDetectionRequest, requestId = 50
14:58:37.464 [nacos-grpc-client-executor-2591] INFO  c.a.n.c.r.client - [printIfInfoEnabled,60] - [e7b2f6ab-a28f-45d5-a7ea-e2feb3aeb87b] Ack server push request, request = ClientDetectionRequest, requestId = 50
14:58:37.471 [nacos-grpc-client-executor-2616] INFO  c.a.n.c.r.client - [printIfInfoEnabled,60] - [4a4522d4-1bf3-4cb6-9f1a-2a39ecc02f75_config-0] Receive server push request, request = ClientDetectionRequest, requestId = 52
14:58:37.471 [nacos-grpc-client-executor-2616] INFO  c.a.n.c.r.client - [printIfInfoEnabled,60] - [4a4522d4-1bf3-4cb6-9f1a-2a39ecc02f75_config-0] Ack server push request, request = ClientDetectionRequest, requestId = 52
16:27:53.547 [nacos-grpc-client-executor-3679] INFO  c.a.n.c.r.client - [printIfInfoEnabled,60] - [4a4522d4-1bf3-4cb6-9f1a-2a39ecc02f75_config-0] Receive server push request, request = ClientDetectionRequest, requestId = 72
16:27:53.547 [nacos-grpc-client-executor-3648] INFO  c.a.n.c.r.client - [printIfInfoEnabled,60] - [e7b2f6ab-a28f-45d5-a7ea-e2feb3aeb87b] Receive server push request, request = ClientDetectionRequest, requestId = 69
16:27:53.558 [nacos-grpc-client-executor-3679] INFO  c.a.n.c.r.client - [printIfInfoEnabled,60] - [4a4522d4-1bf3-4cb6-9f1a-2a39ecc02f75_config-0] Ack server push request, request = ClientDetectionRequest, requestId = 72
16:27:53.558 [nacos-grpc-client-executor-3648] INFO  c.a.n.c.r.client - [printIfInfoEnabled,60] - [e7b2f6ab-a28f-45d5-a7ea-e2feb3aeb87b] Ack server push request, request = ClientDetectionRequest, requestId = 69
19:31:15.362 [nacos-grpc-client-executor-4630] INFO  c.a.n.c.r.client - [printIfInfoEnabled,60] - [4a4522d4-1bf3-4cb6-9f1a-2a39ecc02f75_config-0] Receive server push request, request = ClientDetectionRequest, requestId = 90
19:31:15.371 [nacos-grpc-client-executor-4630] INFO  c.a.n.c.r.client - [printIfInfoEnabled,60] - [4a4522d4-1bf3-4cb6-9f1a-2a39ecc02f75_config-0] Ack server push request, request = ClientDetectionRequest, requestId = 90
19:31:15.561 [nacos-grpc-client-executor-4588] INFO  c.a.n.c.r.client - [printIfInfoEnabled,60] - [e7b2f6ab-a28f-45d5-a7ea-e2feb3aeb87b] Receive server push request, request = ClientDetectionRequest, requestId = 87
19:31:15.563 [nacos-grpc-client-executor-4588] INFO  c.a.n.c.r.client - [printIfInfoEnabled,60] - [e7b2f6ab-a28f-45d5-a7ea-e2feb3aeb87b] Ack server push request, request = ClientDetectionRequest, requestId = 87
20:53:12.417 [com.alibaba.nacos.client.remote.worker] INFO  c.a.n.c.r.client - [printIfInfoEnabled,60] - [e7b2f6ab-a28f-45d5-a7ea-e2feb3aeb87b] Try to reconnect to a new server, server is  not appointed, will choose a random server.
20:53:14.443 [com.alibaba.nacos.client.remote.worker] INFO  c.a.n.c.r.client - [printIfInfoEnabled,60] - [4a4522d4-1bf3-4cb6-9f1a-2a39ecc02f75_config-0] Server healthy check fail, currentConnection = 1689816732720_127.0.0.1_51845
20:53:14.443 [com.alibaba.nacos.client.remote.worker] INFO  c.a.n.c.r.client - [printIfInfoEnabled,60] - [4a4522d4-1bf3-4cb6-9f1a-2a39ecc02f75_config-0] Try to reconnect to a new server, server is  not appointed, will choose a random server.
