21:31:31.208 [background-preinit] INFO  o.h.v.i.util.Version - [<clinit>,21] - HV000001: Hibernate Validator 6.2.5.Final
21:31:34.033 [main] INFO  c.a.n.c.r.client - [lambda$createClient$0,80] - [RpcClientFactory] create a new rpc client of 896d7287-1998-4672-b34f-d055f58bcfb5_config-0
21:31:34.072 [main] INFO  o.r.Reflections - [scan,232] - Reflections took 25 ms to scan 1 urls, producing 3 keys and 6 values 
21:31:34.094 [main] INFO  o.r.Reflections - [scan,232] - Reflections took 12 ms to scan 1 urls, producing 4 keys and 9 values 
21:31:34.106 [main] INFO  o.r.Reflections - [scan,232] - Reflections took 8 ms to scan 1 urls, producing 3 keys and 10 values 
21:31:34.283 [main] INFO  o.r.Reflections - [scan,232] - Reflections took 172 ms to scan 199 urls, producing 0 keys and 0 values 
21:31:34.292 [main] INFO  o.r.Reflections - [scan,232] - Reflections took 8 ms to scan 1 urls, producing 1 keys and 5 values 
21:31:34.301 [main] INFO  o.r.Reflections - [scan,232] - Reflections took 8 ms to scan 1 urls, producing 1 keys and 7 values 
21:31:34.309 [main] INFO  o.r.Reflections - [scan,232] - Reflections took 7 ms to scan 1 urls, producing 2 keys and 8 values 
21:31:34.420 [main] INFO  o.r.Reflections - [scan,232] - Reflections took 110 ms to scan 199 urls, producing 0 keys and 0 values 
21:31:34.420 [main] INFO  c.a.n.c.r.client - [printIfInfoEnabled,60] - [896d7287-1998-4672-b34f-d055f58bcfb5_config-0] RpcClient init label, labels = {module=config, Vipserver-Tag=null, source=sdk, Amory-Tag=null, Location-Tag=null, taskId=0, AppName=unknown}
21:31:34.421 [main] INFO  c.a.n.c.r.client - [printIfInfoEnabled,60] - [896d7287-1998-4672-b34f-d055f58bcfb5_config-0] Register server push request handler:com.alibaba.nacos.client.config.impl.ClientWorker$ConfigRpcTransportClient$$Lambda$334/832145584
21:31:34.421 [main] INFO  c.a.n.c.r.client - [printIfInfoEnabled,60] - [896d7287-1998-4672-b34f-d055f58bcfb5_config-0] Register server push request handler:com.alibaba.nacos.client.config.impl.ClientWorker$ConfigRpcTransportClient$$Lambda$335/224060798
21:31:34.422 [main] INFO  c.a.n.c.r.client - [printIfInfoEnabled,60] - [896d7287-1998-4672-b34f-d055f58bcfb5_config-0] Registry connection listener to current client:com.alibaba.nacos.client.config.impl.ClientWorker$ConfigRpcTransportClient$1
21:31:34.422 [main] INFO  c.a.n.c.r.client - [printIfInfoEnabled,60] - [896d7287-1998-4672-b34f-d055f58bcfb5_config-0] RpcClient init, ServerListFactory = com.alibaba.nacos.client.config.impl.ClientWorker$ConfigRpcTransportClient$2
21:31:34.426 [main] INFO  c.a.n.c.r.client - [printIfInfoEnabled,60] - [896d7287-1998-4672-b34f-d055f58bcfb5_config-0] Try to connect to server on start up, server: {serverIp = '127.0.0.1', server main port = 8848}
21:31:39.300 [main] INFO  c.a.n.c.r.client - [printIfInfoEnabled,60] - [896d7287-1998-4672-b34f-d055f58bcfb5_config-0] Try to connect to server on start up, server: {serverIp = '127.0.0.1', server main port = 8848}
21:31:39.930 [main] INFO  c.a.n.c.r.client - [printIfInfoEnabled,60] - [896d7287-1998-4672-b34f-d055f58bcfb5_config-0] Success to connect to server [127.0.0.1:8848] on start up, connectionId = 1690723899738_127.0.0.1_53023
21:31:39.930 [com.alibaba.nacos.client.remote.worker] INFO  c.a.n.c.r.client - [printIfInfoEnabled,60] - [896d7287-1998-4672-b34f-d055f58bcfb5_config-0] Notify connected event to listeners.
21:31:39.931 [main] INFO  c.a.n.c.r.client - [printIfInfoEnabled,60] - [896d7287-1998-4672-b34f-d055f58bcfb5_config-0] Register server push request handler:com.alibaba.nacos.common.remote.client.RpcClient$ConnectResetRequestHandler
21:31:39.932 [main] INFO  c.a.n.c.r.client - [printIfInfoEnabled,60] - [896d7287-1998-4672-b34f-d055f58bcfb5_config-0] Register server push request handler:com.alibaba.nacos.common.remote.client.RpcClient$$Lambda$344/518167684
21:31:40.011 [main] INFO  c.x.d.XmapDistributionApplication - [logStartupProfileInfo,637] - The following 1 profile is active: "dev"
21:31:41.887 [main] INFO  o.a.c.h.Http11NioProtocol - [log,173] - Initializing ProtocolHandler ["http-nio-9231"]
21:31:41.888 [main] INFO  o.a.c.c.StandardService - [log,173] - Starting service [Tomcat]
21:31:41.888 [main] INFO  o.a.c.c.StandardEngine - [log,173] - Starting Servlet engine: [Apache Tomcat/9.0.70]
21:31:42.080 [main] INFO  o.a.c.c.C.[.[.[/] - [log,173] - Initializing Spring embedded WebApplicationContext
21:31:43.779 [main] INFO  c.a.d.p.DruidDataSource - [init,996] - {dataSource-1,master} inited
21:31:43.780 [main] INFO  c.b.d.d.DynamicRoutingDataSource - [addDataSource,154] - dynamic-datasource - add a datasource named [master] success
21:31:43.780 [main] INFO  c.b.d.d.DynamicRoutingDataSource - [afterPropertiesSet,234] - dynamic-datasource initial loaded [1] datasource,primary datasource named [master]
21:31:44.684 [main] INFO  c.a.c.s.SentinelWebMvcConfigurer - [addInterceptors,52] - [Sentinel Starter] register SentinelWebInterceptor with urlPatterns: [/**].
21:31:49.115 [main] INFO  c.a.n.c.r.client - [lambda$createClient$0,80] - [RpcClientFactory] create a new rpc client of 7f70ec56-bdf0-44ec-951a-24945a6e0a30
21:31:49.115 [main] INFO  c.a.n.c.r.client - [printIfInfoEnabled,60] - [7f70ec56-bdf0-44ec-951a-24945a6e0a30] RpcClient init label, labels = {module=naming, source=sdk}
21:31:49.116 [main] INFO  c.a.n.c.r.client - [printIfInfoEnabled,60] - [7f70ec56-bdf0-44ec-951a-24945a6e0a30] RpcClient init, ServerListFactory = com.alibaba.nacos.client.naming.core.ServerListManager
21:31:49.116 [main] INFO  c.a.n.c.r.client - [printIfInfoEnabled,60] - [7f70ec56-bdf0-44ec-951a-24945a6e0a30] Registry connection listener to current client:com.alibaba.nacos.client.naming.remote.gprc.redo.NamingGrpcRedoService
21:31:49.116 [main] INFO  c.a.n.c.r.client - [printIfInfoEnabled,60] - [7f70ec56-bdf0-44ec-951a-24945a6e0a30] Register server push request handler:com.alibaba.nacos.client.naming.remote.gprc.NamingPushRequestHandler
21:31:49.117 [main] INFO  c.a.n.c.r.client - [printIfInfoEnabled,60] - [7f70ec56-bdf0-44ec-951a-24945a6e0a30] Try to connect to server on start up, server: {serverIp = '127.0.0.1', server main port = 8848}
21:31:49.231 [main] INFO  c.a.n.c.r.client - [printIfInfoEnabled,60] - [7f70ec56-bdf0-44ec-951a-24945a6e0a30] Success to connect to server [127.0.0.1:8848] on start up, connectionId = 1690723909121_127.0.0.1_53153
21:31:49.231 [main] INFO  c.a.n.c.r.client - [printIfInfoEnabled,60] - [7f70ec56-bdf0-44ec-951a-24945a6e0a30] Register server push request handler:com.alibaba.nacos.common.remote.client.RpcClient$ConnectResetRequestHandler
21:31:49.231 [main] INFO  c.a.n.c.r.client - [printIfInfoEnabled,60] - [7f70ec56-bdf0-44ec-951a-24945a6e0a30] Register server push request handler:com.alibaba.nacos.common.remote.client.RpcClient$$Lambda$344/518167684
21:31:49.231 [com.alibaba.nacos.client.remote.worker] INFO  c.a.n.c.r.client - [printIfInfoEnabled,60] - [7f70ec56-bdf0-44ec-951a-24945a6e0a30] Notify connected event to listeners.
21:31:49.259 [main] INFO  o.a.c.h.Http11NioProtocol - [log,173] - Starting ProtocolHandler ["http-nio-9231"]
21:31:49.280 [main] INFO  c.a.c.n.r.NacosServiceRegistry - [register,75] - nacos registry, DEFAULT_GROUP xmap-distribution 192.168.104.211:9231 register finished
21:31:49.861 [nacos-grpc-client-executor-8] INFO  c.a.n.c.r.client - [printIfInfoEnabled,60] - [7f70ec56-bdf0-44ec-951a-24945a6e0a30] Receive server push request, request = NotifySubscriberRequest, requestId = 12
21:31:49.876 [nacos-grpc-client-executor-8] INFO  c.a.n.c.r.client - [printIfInfoEnabled,60] - [7f70ec56-bdf0-44ec-951a-24945a6e0a30] Ack server push request, request = NotifySubscriberRequest, requestId = 12
21:31:50.175 [main] INFO  c.x.d.XmapDistributionApplication - [logStarted,61] - Started XmapDistributionApplication in 23.161 seconds (JVM running for 27.522)
21:31:50.183 [main] INFO  c.a.c.n.r.NacosContextRefresher - [registerNacosListener,129] - [Nacos Config] Listening config: dataId=xmap-distribution, group=DEFAULT_GROUP
21:31:50.183 [main] INFO  c.a.c.n.r.NacosContextRefresher - [registerNacosListener,129] - [Nacos Config] Listening config: dataId=xmap-distribution-dev.yml, group=DEFAULT_GROUP
21:31:50.185 [main] INFO  c.a.c.n.r.NacosContextRefresher - [registerNacosListener,129] - [Nacos Config] Listening config: dataId=xmap-distribution.yml, group=DEFAULT_GROUP
21:31:50.927 [RMI TCP Connection(4)-192.168.104.211] INFO  o.a.c.c.C.[.[.[/] - [log,173] - Initializing Spring DispatcherServlet 'dispatcherServlet'
21:34:31.079 [SpringApplicationShutdownHook] INFO  c.a.c.n.r.NacosServiceRegistry - [deregister,94] - De-registering from Nacos Server now...
21:34:31.087 [SpringApplicationShutdownHook] INFO  c.a.c.n.r.NacosServiceRegistry - [deregister,114] - De-registration finished.
21:34:31.410 [SpringApplicationShutdownHook] INFO  c.a.n.c.r.client - [shutdown,454] - Shutdown rpc client, set status to shutdown
21:34:31.411 [SpringApplicationShutdownHook] INFO  c.a.n.c.r.client - [shutdown,456] - Shutdown client event executor java.util.concurrent.ScheduledThreadPoolExecutor@7b661a4[Running, pool size = 2, active threads = 2, queued tasks = 0, completed tasks = 0]
21:34:31.411 [SpringApplicationShutdownHook] INFO  c.a.n.c.r.client - [closeConnection,591] - Close current connection 1690723909121_127.0.0.1_53153
21:34:31.412 [SpringApplicationShutdownHook] INFO  c.a.n.c.r.c.g.GrpcClient - [shutdown,85] - Shutdown grpc executor java.util.concurrent.ThreadPoolExecutor@a332d8c[Running, pool size = 7, active threads = 0, queued tasks = 0, completed tasks = 57]
21:34:31.571 [SpringApplicationShutdownHook] INFO  c.b.d.d.DynamicRoutingDataSource - [destroy,211] - dynamic-datasource start closing ....
21:34:31.575 [SpringApplicationShutdownHook] INFO  c.a.d.p.DruidDataSource - [close,2138] - {dataSource-1} closing ...
21:34:31.590 [SpringApplicationShutdownHook] INFO  c.a.d.p.DruidDataSource - [close,2211] - {dataSource-1} closed
21:34:31.590 [SpringApplicationShutdownHook] INFO  c.b.d.d.DynamicRoutingDataSource - [destroy,215] - dynamic-datasource all closed success,bye
