09:36:37.414 [background-preinit] INFO  o.h.v.i.util.Version - [<clinit>,21] - HV000001: Hibernate Validator 6.2.5.Final
09:36:38.629 [main] INFO  c.a.n.c.r.client - [lambda$createClient$0,80] - [RpcClientFactory] create a new rpc client of 094f793b-502a-44e3-a8b7-a6731b6fda28_config-0
09:36:38.653 [main] INFO  o.r.Reflections - [scan,232] - Reflections took 16 ms to scan 1 urls, producing 3 keys and 6 values 
09:36:38.669 [main] INFO  o.r.Reflections - [scan,232] - Reflections took 9 ms to scan 1 urls, producing 4 keys and 9 values 
09:36:38.677 [main] INFO  o.r.Reflections - [scan,232] - Reflections took 7 ms to scan 1 urls, producing 3 keys and 10 values 
09:36:38.826 [main] INFO  o.r.Reflections - [scan,232] - Reflections took 147 ms to scan 199 urls, producing 0 keys and 0 values 
09:36:38.833 [main] INFO  o.r.Reflections - [scan,232] - Reflections took 6 ms to scan 1 urls, producing 1 keys and 5 values 
09:36:38.840 [main] INFO  o.r.Reflections - [scan,232] - Reflections took 6 ms to scan 1 urls, producing 1 keys and 7 values 
09:36:38.847 [main] INFO  o.r.Reflections - [scan,232] - Reflections took 6 ms to scan 1 urls, producing 2 keys and 8 values 
09:36:38.945 [main] INFO  o.r.Reflections - [scan,232] - Reflections took 96 ms to scan 199 urls, producing 0 keys and 0 values 
09:36:38.946 [main] INFO  c.a.n.c.r.client - [printIfInfoEnabled,60] - [094f793b-502a-44e3-a8b7-a6731b6fda28_config-0] RpcClient init label, labels = {module=config, Vipserver-Tag=null, source=sdk, Amory-Tag=null, Location-Tag=null, taskId=0, AppName=unknown}
09:36:38.947 [main] INFO  c.a.n.c.r.client - [printIfInfoEnabled,60] - [094f793b-502a-44e3-a8b7-a6731b6fda28_config-0] Register server push request handler:com.alibaba.nacos.client.config.impl.ClientWorker$ConfigRpcTransportClient$$Lambda$334/832145584
09:36:38.947 [main] INFO  c.a.n.c.r.client - [printIfInfoEnabled,60] - [094f793b-502a-44e3-a8b7-a6731b6fda28_config-0] Register server push request handler:com.alibaba.nacos.client.config.impl.ClientWorker$ConfigRpcTransportClient$$Lambda$335/224060798
09:36:38.948 [main] INFO  c.a.n.c.r.client - [printIfInfoEnabled,60] - [094f793b-502a-44e3-a8b7-a6731b6fda28_config-0] Registry connection listener to current client:com.alibaba.nacos.client.config.impl.ClientWorker$ConfigRpcTransportClient$1
09:36:38.949 [main] INFO  c.a.n.c.r.client - [printIfInfoEnabled,60] - [094f793b-502a-44e3-a8b7-a6731b6fda28_config-0] RpcClient init, ServerListFactory = com.alibaba.nacos.client.config.impl.ClientWorker$ConfigRpcTransportClient$2
09:36:38.958 [main] INFO  c.a.n.c.r.client - [printIfInfoEnabled,60] - [094f793b-502a-44e3-a8b7-a6731b6fda28_config-0] Try to connect to server on start up, server: {serverIp = '127.0.0.1', server main port = 8848}
09:36:41.244 [main] INFO  c.a.n.c.r.client - [printIfInfoEnabled,60] - [094f793b-502a-44e3-a8b7-a6731b6fda28_config-0] Success to connect to server [127.0.0.1:8848] on start up, connectionId = 1690162601023_127.0.0.1_64503
09:36:41.245 [com.alibaba.nacos.client.remote.worker] INFO  c.a.n.c.r.client - [printIfInfoEnabled,60] - [094f793b-502a-44e3-a8b7-a6731b6fda28_config-0] Notify connected event to listeners.
09:36:41.246 [main] INFO  c.a.n.c.r.client - [printIfInfoEnabled,60] - [094f793b-502a-44e3-a8b7-a6731b6fda28_config-0] Register server push request handler:com.alibaba.nacos.common.remote.client.RpcClient$ConnectResetRequestHandler
09:36:41.247 [main] INFO  c.a.n.c.r.client - [printIfInfoEnabled,60] - [094f793b-502a-44e3-a8b7-a6731b6fda28_config-0] Register server push request handler:com.alibaba.nacos.common.remote.client.RpcClient$$Lambda$344/1788034018
09:36:41.314 [main] INFO  c.x.d.XmapDistributionApplication - [logStartupProfileInfo,637] - The following 1 profile is active: "dev"
09:36:43.091 [main] INFO  o.a.c.h.Http11NioProtocol - [log,173] - Initializing ProtocolHandler ["http-nio-9231"]
09:36:43.091 [main] INFO  o.a.c.c.StandardService - [log,173] - Starting service [Tomcat]
09:36:43.091 [main] INFO  o.a.c.c.StandardEngine - [log,173] - Starting Servlet engine: [Apache Tomcat/9.0.70]
09:36:43.251 [main] INFO  o.a.c.c.C.[.[.[/] - [log,173] - Initializing Spring embedded WebApplicationContext
09:36:44.667 [main] INFO  c.a.d.p.DruidDataSource - [init,996] - {dataSource-1,master} inited
09:36:44.668 [main] INFO  c.b.d.d.DynamicRoutingDataSource - [addDataSource,154] - dynamic-datasource - add a datasource named [master] success
09:36:44.668 [main] INFO  c.b.d.d.DynamicRoutingDataSource - [afterPropertiesSet,234] - dynamic-datasource initial loaded [1] datasource,primary datasource named [master]
09:36:45.483 [main] INFO  c.a.c.s.SentinelWebMvcConfigurer - [addInterceptors,52] - [Sentinel Starter] register SentinelWebInterceptor with urlPatterns: [/**].
09:36:48.283 [main] INFO  c.a.n.c.r.client - [lambda$createClient$0,80] - [RpcClientFactory] create a new rpc client of 9a31aba0-eee1-4ab1-8e34-946812486e99
09:36:48.283 [main] INFO  c.a.n.c.r.client - [printIfInfoEnabled,60] - [9a31aba0-eee1-4ab1-8e34-946812486e99] RpcClient init label, labels = {module=naming, source=sdk}
09:36:48.285 [main] INFO  c.a.n.c.r.client - [printIfInfoEnabled,60] - [9a31aba0-eee1-4ab1-8e34-946812486e99] RpcClient init, ServerListFactory = com.alibaba.nacos.client.naming.core.ServerListManager
09:36:48.285 [main] INFO  c.a.n.c.r.client - [printIfInfoEnabled,60] - [9a31aba0-eee1-4ab1-8e34-946812486e99] Registry connection listener to current client:com.alibaba.nacos.client.naming.remote.gprc.redo.NamingGrpcRedoService
09:36:48.285 [main] INFO  c.a.n.c.r.client - [printIfInfoEnabled,60] - [9a31aba0-eee1-4ab1-8e34-946812486e99] Register server push request handler:com.alibaba.nacos.client.naming.remote.gprc.NamingPushRequestHandler
09:36:48.285 [main] INFO  c.a.n.c.r.client - [printIfInfoEnabled,60] - [9a31aba0-eee1-4ab1-8e34-946812486e99] Try to connect to server on start up, server: {serverIp = '127.0.0.1', server main port = 8848}
09:36:48.406 [main] INFO  c.a.n.c.r.client - [printIfInfoEnabled,60] - [9a31aba0-eee1-4ab1-8e34-946812486e99] Success to connect to server [127.0.0.1:8848] on start up, connectionId = 1690162608289_127.0.0.1_64520
09:36:48.407 [main] INFO  c.a.n.c.r.client - [printIfInfoEnabled,60] - [9a31aba0-eee1-4ab1-8e34-946812486e99] Register server push request handler:com.alibaba.nacos.common.remote.client.RpcClient$ConnectResetRequestHandler
09:36:48.407 [com.alibaba.nacos.client.remote.worker] INFO  c.a.n.c.r.client - [printIfInfoEnabled,60] - [9a31aba0-eee1-4ab1-8e34-946812486e99] Notify connected event to listeners.
09:36:48.408 [main] INFO  c.a.n.c.r.client - [printIfInfoEnabled,60] - [9a31aba0-eee1-4ab1-8e34-946812486e99] Register server push request handler:com.alibaba.nacos.common.remote.client.RpcClient$$Lambda$344/1788034018
09:36:48.439 [main] INFO  o.a.c.h.Http11NioProtocol - [log,173] - Starting ProtocolHandler ["http-nio-9231"]
09:36:48.459 [main] INFO  c.a.c.n.r.NacosServiceRegistry - [register,75] - nacos registry, DEFAULT_GROUP xmap-distribution 10.100.4.8:9231 register finished
09:36:49.035 [nacos-grpc-client-executor-6] INFO  c.a.n.c.r.client - [printIfInfoEnabled,60] - [9a31aba0-eee1-4ab1-8e34-946812486e99] Receive server push request, request = NotifySubscriberRequest, requestId = 14
09:36:49.040 [nacos-grpc-client-executor-6] INFO  c.a.n.c.r.client - [printIfInfoEnabled,60] - [9a31aba0-eee1-4ab1-8e34-946812486e99] Ack server push request, request = NotifySubscriberRequest, requestId = 14
09:36:49.508 [main] INFO  c.x.d.XmapDistributionApplication - [logStarted,61] - Started XmapDistributionApplication in 13.466 seconds (JVM running for 14.705)
09:36:49.517 [main] INFO  c.a.c.n.r.NacosContextRefresher - [registerNacosListener,129] - [Nacos Config] Listening config: dataId=xmap-distribution, group=DEFAULT_GROUP
09:36:49.517 [main] INFO  c.a.c.n.r.NacosContextRefresher - [registerNacosListener,129] - [Nacos Config] Listening config: dataId=xmap-distribution-dev.yml, group=DEFAULT_GROUP
09:36:49.519 [main] INFO  c.a.c.n.r.NacosContextRefresher - [registerNacosListener,129] - [Nacos Config] Listening config: dataId=xmap-distribution.yml, group=DEFAULT_GROUP
09:36:50.441 [RMI TCP Connection(3)-10.100.4.8] INFO  o.a.c.c.C.[.[.[/] - [log,173] - Initializing Spring DispatcherServlet 'dispatcherServlet'
11:14:19.953 [nacos-grpc-client-executor-1183] INFO  c.a.n.c.r.client - [printIfInfoEnabled,60] - [9a31aba0-eee1-4ab1-8e34-946812486e99] Receive server push request, request = NotifySubscriberRequest, requestId = 18
11:14:19.956 [nacos-grpc-client-executor-1183] INFO  c.a.n.c.r.client - [printIfInfoEnabled,60] - [9a31aba0-eee1-4ab1-8e34-946812486e99] Ack server push request, request = NotifySubscriberRequest, requestId = 18
14:01:54.604 [nacos-grpc-client-executor-1959] INFO  c.a.n.c.r.client - [printIfInfoEnabled,60] - [094f793b-502a-44e3-a8b7-a6731b6fda28_config-0] Receive server push request, request = ClientDetectionRequest, requestId = 33
14:01:54.605 [nacos-grpc-client-executor-1959] INFO  c.a.n.c.r.client - [printIfInfoEnabled,60] - [094f793b-502a-44e3-a8b7-a6731b6fda28_config-0] Ack server push request, request = ClientDetectionRequest, requestId = 33
14:05:32.527 [SpringApplicationShutdownHook] INFO  c.a.c.n.r.NacosServiceRegistry - [deregister,94] - De-registering from Nacos Server now...
14:05:32.531 [SpringApplicationShutdownHook] INFO  c.a.c.n.r.NacosServiceRegistry - [deregister,114] - De-registration finished.
14:05:32.867 [SpringApplicationShutdownHook] INFO  c.a.n.c.r.client - [shutdown,454] - Shutdown rpc client, set status to shutdown
14:05:32.867 [SpringApplicationShutdownHook] INFO  c.a.n.c.r.client - [shutdown,456] - Shutdown client event executor java.util.concurrent.ScheduledThreadPoolExecutor@2907c8d3[Running, pool size = 2, active threads = 2, queued tasks = 0, completed tasks = 0]
14:05:32.867 [SpringApplicationShutdownHook] INFO  c.a.n.c.r.client - [closeConnection,591] - Close current connection 1690162608289_127.0.0.1_64520
14:05:32.869 [nacos-grpc-client-executor-2003] INFO  c.a.n.c.r.c.g.GrpcClient - [printIfInfoEnabled,60] - [1690162608289_127.0.0.1_64520]Ignore complete event,isRunning:false,isAbandon=false
14:05:32.875 [SpringApplicationShutdownHook] INFO  c.a.n.c.r.c.g.GrpcClient - [shutdown,85] - Shutdown grpc executor java.util.concurrent.ThreadPoolExecutor@5c2bdd62[Running, pool size = 5, active threads = 0, queued tasks = 0, completed tasks = 2004]
14:05:33.024 [SpringApplicationShutdownHook] INFO  c.b.d.d.DynamicRoutingDataSource - [destroy,211] - dynamic-datasource start closing ....
14:05:33.028 [SpringApplicationShutdownHook] INFO  c.a.d.p.DruidDataSource - [close,2138] - {dataSource-1} closing ...
14:05:33.039 [SpringApplicationShutdownHook] INFO  c.a.d.p.DruidDataSource - [close,2211] - {dataSource-1} closed
14:05:33.039 [SpringApplicationShutdownHook] INFO  c.b.d.d.DynamicRoutingDataSource - [destroy,215] - dynamic-datasource all closed success,bye
14:05:40.580 [background-preinit] INFO  o.h.v.i.util.Version - [<clinit>,21] - HV000001: Hibernate Validator 6.2.5.Final
14:05:42.501 [main] INFO  c.a.n.c.r.client - [lambda$createClient$0,80] - [RpcClientFactory] create a new rpc client of 9a6406a2-0d40-472d-aba4-42281f536999_config-0
14:05:42.547 [main] INFO  o.r.Reflections - [scan,232] - Reflections took 28 ms to scan 1 urls, producing 3 keys and 6 values 
14:05:42.574 [main] INFO  o.r.Reflections - [scan,232] - Reflections took 13 ms to scan 1 urls, producing 4 keys and 9 values 
14:05:42.586 [main] INFO  o.r.Reflections - [scan,232] - Reflections took 10 ms to scan 1 urls, producing 3 keys and 10 values 
14:05:42.787 [main] INFO  o.r.Reflections - [scan,232] - Reflections took 198 ms to scan 199 urls, producing 0 keys and 0 values 
14:05:42.797 [main] INFO  o.r.Reflections - [scan,232] - Reflections took 9 ms to scan 1 urls, producing 1 keys and 5 values 
14:05:42.809 [main] INFO  o.r.Reflections - [scan,232] - Reflections took 10 ms to scan 1 urls, producing 1 keys and 7 values 
14:05:42.819 [main] INFO  o.r.Reflections - [scan,232] - Reflections took 8 ms to scan 1 urls, producing 2 keys and 8 values 
14:05:42.968 [main] INFO  o.r.Reflections - [scan,232] - Reflections took 147 ms to scan 199 urls, producing 0 keys and 0 values 
14:05:42.970 [main] INFO  c.a.n.c.r.client - [printIfInfoEnabled,60] - [9a6406a2-0d40-472d-aba4-42281f536999_config-0] RpcClient init label, labels = {module=config, Vipserver-Tag=null, source=sdk, Amory-Tag=null, Location-Tag=null, taskId=0, AppName=unknown}
14:05:42.970 [main] INFO  c.a.n.c.r.client - [printIfInfoEnabled,60] - [9a6406a2-0d40-472d-aba4-42281f536999_config-0] Register server push request handler:com.alibaba.nacos.client.config.impl.ClientWorker$ConfigRpcTransportClient$$Lambda$334/832145584
14:05:42.971 [main] INFO  c.a.n.c.r.client - [printIfInfoEnabled,60] - [9a6406a2-0d40-472d-aba4-42281f536999_config-0] Register server push request handler:com.alibaba.nacos.client.config.impl.ClientWorker$ConfigRpcTransportClient$$Lambda$335/224060798
14:05:42.971 [main] INFO  c.a.n.c.r.client - [printIfInfoEnabled,60] - [9a6406a2-0d40-472d-aba4-42281f536999_config-0] Registry connection listener to current client:com.alibaba.nacos.client.config.impl.ClientWorker$ConfigRpcTransportClient$1
14:05:42.972 [main] INFO  c.a.n.c.r.client - [printIfInfoEnabled,60] - [9a6406a2-0d40-472d-aba4-42281f536999_config-0] RpcClient init, ServerListFactory = com.alibaba.nacos.client.config.impl.ClientWorker$ConfigRpcTransportClient$2
14:05:42.978 [main] INFO  c.a.n.c.r.client - [printIfInfoEnabled,60] - [9a6406a2-0d40-472d-aba4-42281f536999_config-0] Try to connect to server on start up, server: {serverIp = '127.0.0.1', server main port = 8848}
14:05:48.519 [main] INFO  c.a.n.c.r.client - [printIfInfoEnabled,60] - [9a6406a2-0d40-472d-aba4-42281f536999_config-0] Try to connect to server on start up, server: {serverIp = '127.0.0.1', server main port = 8848}
14:05:51.620 [main] INFO  c.a.n.c.r.client - [printIfInfoEnabled,60] - [9a6406a2-0d40-472d-aba4-42281f536999_config-0] Success to connect to server [127.0.0.1:8848] on start up, connectionId = 1690178751363_127.0.0.1_51002
14:05:51.621 [com.alibaba.nacos.client.remote.worker] INFO  c.a.n.c.r.client - [printIfInfoEnabled,60] - [9a6406a2-0d40-472d-aba4-42281f536999_config-0] Notify connected event to listeners.
14:05:51.621 [main] INFO  c.a.n.c.r.client - [printIfInfoEnabled,60] - [9a6406a2-0d40-472d-aba4-42281f536999_config-0] Register server push request handler:com.alibaba.nacos.common.remote.client.RpcClient$ConnectResetRequestHandler
14:05:51.621 [main] INFO  c.a.n.c.r.client - [printIfInfoEnabled,60] - [9a6406a2-0d40-472d-aba4-42281f536999_config-0] Register server push request handler:com.alibaba.nacos.common.remote.client.RpcClient$$Lambda$344/1665308978
14:05:51.720 [main] INFO  c.x.d.XmapDistributionApplication - [logStartupProfileInfo,637] - The following 1 profile is active: "dev"
14:05:54.676 [main] INFO  o.a.c.h.Http11NioProtocol - [log,173] - Initializing ProtocolHandler ["http-nio-9231"]
14:05:54.677 [main] INFO  o.a.c.c.StandardService - [log,173] - Starting service [Tomcat]
14:05:54.677 [main] INFO  o.a.c.c.StandardEngine - [log,173] - Starting Servlet engine: [Apache Tomcat/9.0.70]
14:05:54.916 [main] INFO  o.a.c.c.C.[.[.[/] - [log,173] - Initializing Spring embedded WebApplicationContext
14:06:00.999 [main] INFO  c.a.d.p.DruidDataSource - [init,996] - {dataSource-1,master} inited
14:06:01.000 [main] INFO  c.b.d.d.DynamicRoutingDataSource - [addDataSource,154] - dynamic-datasource - add a datasource named [master] success
14:06:01.000 [main] INFO  c.b.d.d.DynamicRoutingDataSource - [afterPropertiesSet,234] - dynamic-datasource initial loaded [1] datasource,primary datasource named [master]
14:06:02.281 [main] INFO  c.a.c.s.SentinelWebMvcConfigurer - [addInterceptors,52] - [Sentinel Starter] register SentinelWebInterceptor with urlPatterns: [/**].
14:06:13.808 [main] INFO  c.a.n.c.r.client - [lambda$createClient$0,80] - [RpcClientFactory] create a new rpc client of 8b0eade8-3cb3-4d98-8f63-c38a1202f2f8
14:06:13.808 [main] INFO  c.a.n.c.r.client - [printIfInfoEnabled,60] - [8b0eade8-3cb3-4d98-8f63-c38a1202f2f8] RpcClient init label, labels = {module=naming, source=sdk}
14:06:13.810 [main] INFO  c.a.n.c.r.client - [printIfInfoEnabled,60] - [8b0eade8-3cb3-4d98-8f63-c38a1202f2f8] RpcClient init, ServerListFactory = com.alibaba.nacos.client.naming.core.ServerListManager
14:06:13.810 [main] INFO  c.a.n.c.r.client - [printIfInfoEnabled,60] - [8b0eade8-3cb3-4d98-8f63-c38a1202f2f8] Registry connection listener to current client:com.alibaba.nacos.client.naming.remote.gprc.redo.NamingGrpcRedoService
14:06:13.810 [main] INFO  c.a.n.c.r.client - [printIfInfoEnabled,60] - [8b0eade8-3cb3-4d98-8f63-c38a1202f2f8] Register server push request handler:com.alibaba.nacos.client.naming.remote.gprc.NamingPushRequestHandler
14:06:13.811 [main] INFO  c.a.n.c.r.client - [printIfInfoEnabled,60] - [8b0eade8-3cb3-4d98-8f63-c38a1202f2f8] Try to connect to server on start up, server: {serverIp = '127.0.0.1', server main port = 8848}
14:06:13.933 [main] INFO  c.a.n.c.r.client - [printIfInfoEnabled,60] - [8b0eade8-3cb3-4d98-8f63-c38a1202f2f8] Success to connect to server [127.0.0.1:8848] on start up, connectionId = 1690178773815_127.0.0.1_51330
14:06:13.933 [main] INFO  c.a.n.c.r.client - [printIfInfoEnabled,60] - [8b0eade8-3cb3-4d98-8f63-c38a1202f2f8] Register server push request handler:com.alibaba.nacos.common.remote.client.RpcClient$ConnectResetRequestHandler
14:06:13.933 [com.alibaba.nacos.client.remote.worker] INFO  c.a.n.c.r.client - [printIfInfoEnabled,60] - [8b0eade8-3cb3-4d98-8f63-c38a1202f2f8] Notify connected event to listeners.
14:06:13.933 [main] INFO  c.a.n.c.r.client - [printIfInfoEnabled,60] - [8b0eade8-3cb3-4d98-8f63-c38a1202f2f8] Register server push request handler:com.alibaba.nacos.common.remote.client.RpcClient$$Lambda$344/1665308978
14:06:13.956 [main] INFO  o.a.c.h.Http11NioProtocol - [log,173] - Starting ProtocolHandler ["http-nio-9231"]
14:06:13.976 [main] INFO  c.a.c.n.r.NacosServiceRegistry - [register,75] - nacos registry, DEFAULT_GROUP xmap-distribution 192.168.105.211:9231 register finished
14:06:14.470 [nacos-grpc-client-executor-7] INFO  c.a.n.c.r.client - [printIfInfoEnabled,60] - [8b0eade8-3cb3-4d98-8f63-c38a1202f2f8] Receive server push request, request = NotifySubscriberRequest, requestId = 36
14:06:14.474 [nacos-grpc-client-executor-7] INFO  c.a.n.c.r.client - [printIfInfoEnabled,60] - [8b0eade8-3cb3-4d98-8f63-c38a1202f2f8] Ack server push request, request = NotifySubscriberRequest, requestId = 36
14:06:20.285 [main] INFO  c.x.d.XmapDistributionApplication - [logStarted,61] - Started XmapDistributionApplication in 41.382 seconds (JVM running for 42.89)
14:06:20.294 [main] INFO  c.a.c.n.r.NacosContextRefresher - [registerNacosListener,129] - [Nacos Config] Listening config: dataId=xmap-distribution, group=DEFAULT_GROUP
14:06:20.295 [main] INFO  c.a.c.n.r.NacosContextRefresher - [registerNacosListener,129] - [Nacos Config] Listening config: dataId=xmap-distribution-dev.yml, group=DEFAULT_GROUP
14:06:20.296 [main] INFO  c.a.c.n.r.NacosContextRefresher - [registerNacosListener,129] - [Nacos Config] Listening config: dataId=xmap-distribution.yml, group=DEFAULT_GROUP
14:06:32.393 [RMI TCP Connection(8)-192.168.105.211] INFO  o.a.c.c.C.[.[.[/] - [log,173] - Initializing Spring DispatcherServlet 'dispatcherServlet'
14:36:51.401 [nacos-grpc-client-executor-440] INFO  c.a.n.c.r.client - [printIfInfoEnabled,60] - [8b0eade8-3cb3-4d98-8f63-c38a1202f2f8] Receive server push request, request = NotifySubscriberRequest, requestId = 54
14:36:51.403 [nacos-grpc-client-executor-440] INFO  c.a.n.c.r.client - [printIfInfoEnabled,60] - [8b0eade8-3cb3-4d98-8f63-c38a1202f2f8] Ack server push request, request = NotifySubscriberRequest, requestId = 54
16:21:35.930 [SpringApplicationShutdownHook] INFO  c.a.c.n.r.NacosServiceRegistry - [deregister,94] - De-registering from Nacos Server now...
16:21:35.938 [SpringApplicationShutdownHook] INFO  c.a.c.n.r.NacosServiceRegistry - [deregister,114] - De-registration finished.
16:21:36.274 [SpringApplicationShutdownHook] INFO  c.a.n.c.r.client - [shutdown,454] - Shutdown rpc client, set status to shutdown
16:21:36.276 [SpringApplicationShutdownHook] INFO  c.a.n.c.r.client - [shutdown,456] - Shutdown client event executor java.util.concurrent.ScheduledThreadPoolExecutor@6171d4c4[Running, pool size = 2, active threads = 2, queued tasks = 0, completed tasks = 0]
16:21:36.277 [SpringApplicationShutdownHook] INFO  c.a.n.c.r.client - [closeConnection,591] - Close current connection 1690178773815_127.0.0.1_51330
16:21:36.284 [nacos-grpc-client-executor-1988] INFO  c.a.n.c.r.c.g.GrpcClient - [printIfInfoEnabled,60] - [1690178773815_127.0.0.1_51330]Ignore complete event,isRunning:false,isAbandon=false
16:21:36.291 [SpringApplicationShutdownHook] INFO  c.a.n.c.r.c.g.GrpcClient - [shutdown,85] - Shutdown grpc executor java.util.concurrent.ThreadPoolExecutor@757b1192[Running, pool size = 6, active threads = 0, queued tasks = 0, completed tasks = 1989]
16:21:36.572 [SpringApplicationShutdownHook] INFO  c.b.d.d.DynamicRoutingDataSource - [destroy,211] - dynamic-datasource start closing ....
16:21:36.593 [SpringApplicationShutdownHook] INFO  c.a.d.p.DruidDataSource - [close,2138] - {dataSource-1} closing ...
16:21:36.642 [SpringApplicationShutdownHook] INFO  c.a.d.p.DruidDataSource - [close,2211] - {dataSource-1} closed
16:21:36.642 [SpringApplicationShutdownHook] INFO  c.b.d.d.DynamicRoutingDataSource - [destroy,215] - dynamic-datasource all closed success,bye
16:21:49.048 [background-preinit] INFO  o.h.v.i.util.Version - [<clinit>,21] - HV000001: Hibernate Validator 6.2.5.Final
16:21:54.596 [main] INFO  c.a.n.c.r.client - [lambda$createClient$0,80] - [RpcClientFactory] create a new rpc client of 18c1269a-87bc-4764-aeb8-a0ae7f9f9bc3_config-0
16:21:54.643 [main] INFO  o.r.Reflections - [scan,232] - Reflections took 31 ms to scan 1 urls, producing 3 keys and 6 values 
16:21:54.674 [main] INFO  o.r.Reflections - [scan,232] - Reflections took 17 ms to scan 1 urls, producing 4 keys and 9 values 
16:21:54.693 [main] INFO  o.r.Reflections - [scan,232] - Reflections took 17 ms to scan 1 urls, producing 3 keys and 10 values 
16:21:54.927 [main] INFO  o.r.Reflections - [scan,232] - Reflections took 230 ms to scan 199 urls, producing 0 keys and 0 values 
16:21:54.938 [main] INFO  o.r.Reflections - [scan,232] - Reflections took 11 ms to scan 1 urls, producing 1 keys and 5 values 
16:21:54.952 [main] INFO  o.r.Reflections - [scan,232] - Reflections took 11 ms to scan 1 urls, producing 1 keys and 7 values 
16:21:54.966 [main] INFO  o.r.Reflections - [scan,232] - Reflections took 12 ms to scan 1 urls, producing 2 keys and 8 values 
16:21:55.144 [main] INFO  o.r.Reflections - [scan,232] - Reflections took 177 ms to scan 199 urls, producing 0 keys and 0 values 
16:21:55.145 [main] INFO  c.a.n.c.r.client - [printIfInfoEnabled,60] - [18c1269a-87bc-4764-aeb8-a0ae7f9f9bc3_config-0] RpcClient init label, labels = {module=config, Vipserver-Tag=null, source=sdk, Amory-Tag=null, Location-Tag=null, taskId=0, AppName=unknown}
16:21:55.146 [main] INFO  c.a.n.c.r.client - [printIfInfoEnabled,60] - [18c1269a-87bc-4764-aeb8-a0ae7f9f9bc3_config-0] Register server push request handler:com.alibaba.nacos.client.config.impl.ClientWorker$ConfigRpcTransportClient$$Lambda$334/832145584
16:21:55.146 [main] INFO  c.a.n.c.r.client - [printIfInfoEnabled,60] - [18c1269a-87bc-4764-aeb8-a0ae7f9f9bc3_config-0] Register server push request handler:com.alibaba.nacos.client.config.impl.ClientWorker$ConfigRpcTransportClient$$Lambda$335/224060798
16:21:55.147 [main] INFO  c.a.n.c.r.client - [printIfInfoEnabled,60] - [18c1269a-87bc-4764-aeb8-a0ae7f9f9bc3_config-0] Registry connection listener to current client:com.alibaba.nacos.client.config.impl.ClientWorker$ConfigRpcTransportClient$1
16:21:55.147 [main] INFO  c.a.n.c.r.client - [printIfInfoEnabled,60] - [18c1269a-87bc-4764-aeb8-a0ae7f9f9bc3_config-0] RpcClient init, ServerListFactory = com.alibaba.nacos.client.config.impl.ClientWorker$ConfigRpcTransportClient$2
16:21:55.154 [main] INFO  c.a.n.c.r.client - [printIfInfoEnabled,60] - [18c1269a-87bc-4764-aeb8-a0ae7f9f9bc3_config-0] Try to connect to server on start up, server: {serverIp = '127.0.0.1', server main port = 8848}
16:22:05.302 [main] INFO  c.a.n.c.r.client - [printIfInfoEnabled,60] - [18c1269a-87bc-4764-aeb8-a0ae7f9f9bc3_config-0] Try to connect to server on start up, server: {serverIp = '127.0.0.1', server main port = 8848}
16:22:08.311 [main] INFO  c.a.n.c.r.client - [printIfInfoEnabled,60] - [18c1269a-87bc-4764-aeb8-a0ae7f9f9bc3_config-0] Try to connect to server on start up, server: {serverIp = '127.0.0.1', server main port = 8848}
16:22:11.323 [main] INFO  c.a.n.c.r.client - [printIfInfoEnabled,60] - [18c1269a-87bc-4764-aeb8-a0ae7f9f9bc3_config-0] Success to connect to server [127.0.0.1:8848] on start up, connectionId = 1690186931088_127.0.0.1_61888
16:22:11.323 [com.alibaba.nacos.client.remote.worker] INFO  c.a.n.c.r.client - [printIfInfoEnabled,60] - [18c1269a-87bc-4764-aeb8-a0ae7f9f9bc3_config-0] Notify connected event to listeners.
16:22:11.324 [main] INFO  c.a.n.c.r.client - [printIfInfoEnabled,60] - [18c1269a-87bc-4764-aeb8-a0ae7f9f9bc3_config-0] Register server push request handler:com.alibaba.nacos.common.remote.client.RpcClient$ConnectResetRequestHandler
16:22:11.325 [main] INFO  c.a.n.c.r.client - [printIfInfoEnabled,60] - [18c1269a-87bc-4764-aeb8-a0ae7f9f9bc3_config-0] Register server push request handler:com.alibaba.nacos.common.remote.client.RpcClient$$Lambda$344/1622863652
16:22:11.390 [main] INFO  c.x.d.XmapDistributionApplication - [logStartupProfileInfo,637] - The following 1 profile is active: "dev"
16:22:13.368 [main] INFO  o.a.c.h.Http11NioProtocol - [log,173] - Initializing ProtocolHandler ["http-nio-9231"]
16:22:13.369 [main] INFO  o.a.c.c.StandardService - [log,173] - Starting service [Tomcat]
16:22:13.369 [main] INFO  o.a.c.c.StandardEngine - [log,173] - Starting Servlet engine: [Apache Tomcat/9.0.70]
16:22:13.536 [main] INFO  o.a.c.c.C.[.[.[/] - [log,173] - Initializing Spring embedded WebApplicationContext
16:22:17.727 [main] INFO  c.a.d.p.DruidDataSource - [init,996] - {dataSource-1,master} inited
16:22:17.729 [main] INFO  c.b.d.d.DynamicRoutingDataSource - [addDataSource,154] - dynamic-datasource - add a datasource named [master] success
16:22:17.729 [main] INFO  c.b.d.d.DynamicRoutingDataSource - [afterPropertiesSet,234] - dynamic-datasource initial loaded [1] datasource,primary datasource named [master]
16:22:18.857 [main] INFO  c.a.c.s.SentinelWebMvcConfigurer - [addInterceptors,52] - [Sentinel Starter] register SentinelWebInterceptor with urlPatterns: [/**].
16:22:31.734 [main] INFO  c.a.n.c.r.client - [lambda$createClient$0,80] - [RpcClientFactory] create a new rpc client of fc618651-2710-4cc1-8fb4-3641953b070a
16:22:31.735 [main] INFO  c.a.n.c.r.client - [printIfInfoEnabled,60] - [fc618651-2710-4cc1-8fb4-3641953b070a] RpcClient init label, labels = {module=naming, source=sdk}
16:22:31.737 [main] INFO  c.a.n.c.r.client - [printIfInfoEnabled,60] - [fc618651-2710-4cc1-8fb4-3641953b070a] RpcClient init, ServerListFactory = com.alibaba.nacos.client.naming.core.ServerListManager
16:22:31.737 [main] INFO  c.a.n.c.r.client - [printIfInfoEnabled,60] - [fc618651-2710-4cc1-8fb4-3641953b070a] Registry connection listener to current client:com.alibaba.nacos.client.naming.remote.gprc.redo.NamingGrpcRedoService
16:22:31.737 [main] INFO  c.a.n.c.r.client - [printIfInfoEnabled,60] - [fc618651-2710-4cc1-8fb4-3641953b070a] Register server push request handler:com.alibaba.nacos.client.naming.remote.gprc.NamingPushRequestHandler
16:22:31.738 [main] INFO  c.a.n.c.r.client - [printIfInfoEnabled,60] - [fc618651-2710-4cc1-8fb4-3641953b070a] Try to connect to server on start up, server: {serverIp = '127.0.0.1', server main port = 8848}
16:22:31.862 [main] INFO  c.a.n.c.r.client - [printIfInfoEnabled,60] - [fc618651-2710-4cc1-8fb4-3641953b070a] Success to connect to server [127.0.0.1:8848] on start up, connectionId = 1690186951741_127.0.0.1_49963
16:22:31.862 [com.alibaba.nacos.client.remote.worker] INFO  c.a.n.c.r.client - [printIfInfoEnabled,60] - [fc618651-2710-4cc1-8fb4-3641953b070a] Notify connected event to listeners.
16:22:31.862 [main] INFO  c.a.n.c.r.client - [printIfInfoEnabled,60] - [fc618651-2710-4cc1-8fb4-3641953b070a] Register server push request handler:com.alibaba.nacos.common.remote.client.RpcClient$ConnectResetRequestHandler
16:22:31.863 [main] INFO  c.a.n.c.r.client - [printIfInfoEnabled,60] - [fc618651-2710-4cc1-8fb4-3641953b070a] Register server push request handler:com.alibaba.nacos.common.remote.client.RpcClient$$Lambda$344/1622863652
16:22:31.919 [main] INFO  o.a.c.h.Http11NioProtocol - [log,173] - Starting ProtocolHandler ["http-nio-9231"]
16:22:31.959 [main] INFO  c.a.c.n.r.NacosServiceRegistry - [register,75] - nacos registry, DEFAULT_GROUP xmap-distribution 10.100.4.8:9231 register finished
16:22:32.390 [nacos-grpc-client-executor-6] INFO  c.a.n.c.r.client - [printIfInfoEnabled,60] - [fc618651-2710-4cc1-8fb4-3641953b070a] Receive server push request, request = NotifySubscriberRequest, requestId = 70
16:22:32.395 [nacos-grpc-client-executor-6] INFO  c.a.n.c.r.client - [printIfInfoEnabled,60] - [fc618651-2710-4cc1-8fb4-3641953b070a] Ack server push request, request = NotifySubscriberRequest, requestId = 70
16:22:43.476 [main] INFO  c.x.d.XmapDistributionApplication - [logStarted,61] - Started XmapDistributionApplication in 57.066 seconds (JVM running for 58.833)
16:22:43.485 [main] INFO  c.a.c.n.r.NacosContextRefresher - [registerNacosListener,129] - [Nacos Config] Listening config: dataId=xmap-distribution, group=DEFAULT_GROUP
16:22:43.487 [main] INFO  c.a.c.n.r.NacosContextRefresher - [registerNacosListener,129] - [Nacos Config] Listening config: dataId=xmap-distribution-dev.yml, group=DEFAULT_GROUP
16:22:43.487 [main] INFO  c.a.c.n.r.NacosContextRefresher - [registerNacosListener,129] - [Nacos Config] Listening config: dataId=xmap-distribution.yml, group=DEFAULT_GROUP
16:22:45.792 [RMI TCP Connection(6)-10.100.4.8] INFO  o.a.c.c.C.[.[.[/] - [log,173] - Initializing Spring DispatcherServlet 'dispatcherServlet'
20:34:04.664 [lettuce-nioEventLoop-4-1] INFO  i.l.c.p.CommandHandler - [log,217] - null Unexpected exception during request: java.io.IOException: 远程主机强迫关闭了一个现有的连接。
java.io.IOException: 远程主机强迫关闭了一个现有的连接。
	at sun.nio.ch.SocketDispatcher.read0(Native Method)
	at sun.nio.ch.SocketDispatcher.read(SocketDispatcher.java:43)
	at sun.nio.ch.IOUtil.readIntoNativeBuffer(IOUtil.java:223)
	at sun.nio.ch.IOUtil.read(IOUtil.java:192)
	at sun.nio.ch.SocketChannelImpl.read(SocketChannelImpl.java:380)
	at io.netty.buffer.PooledByteBuf.setBytes(PooledByteBuf.java:259)
	at io.netty.buffer.AbstractByteBuf.writeBytes(AbstractByteBuf.java:1132)
	at io.netty.channel.socket.nio.NioSocketChannel.doReadBytes(NioSocketChannel.java:357)
	at io.netty.channel.nio.AbstractNioByteChannel$NioByteUnsafe.read(AbstractNioByteChannel.java:151)
	at io.netty.channel.nio.NioEventLoop.processSelectedKey(NioEventLoop.java:788)
	at io.netty.channel.nio.NioEventLoop.processSelectedKeysOptimized(NioEventLoop.java:724)
	at io.netty.channel.nio.NioEventLoop.processSelectedKeys(NioEventLoop.java:650)
	at io.netty.channel.nio.NioEventLoop.run(NioEventLoop.java:562)
	at io.netty.util.concurrent.SingleThreadEventExecutor$4.run(SingleThreadEventExecutor.java:997)
	at io.netty.util.internal.ThreadExecutorMap$2.run(ThreadExecutorMap.java:74)
	at io.netty.util.concurrent.FastThreadLocalRunnable.run(FastThreadLocalRunnable.java:30)
	at java.lang.Thread.run(Thread.java:748)
20:34:04.976 [lettuce-eventExecutorLoop-1-2] INFO  i.l.c.p.ConnectionWatchdog - [log,171] - Reconnecting, last destination was localhost/127.0.0.1:6379
20:34:09.199 [com.alibaba.nacos.client.remote.worker] INFO  c.a.n.c.r.client - [printIfInfoEnabled,60] - [18c1269a-87bc-4764-aeb8-a0ae7f9f9bc3_config-0] Server healthy check fail, currentConnection = 1690186931088_127.0.0.1_61888
20:34:09.198 [com.alibaba.nacos.client.remote.worker] INFO  c.a.n.c.r.client - [printIfInfoEnabled,60] - [fc618651-2710-4cc1-8fb4-3641953b070a] Server healthy check fail, currentConnection = 1690186951741_127.0.0.1_49963
20:34:09.202 [com.alibaba.nacos.client.remote.worker] INFO  c.a.n.c.r.client - [printIfInfoEnabled,60] - [18c1269a-87bc-4764-aeb8-a0ae7f9f9bc3_config-0] Try to reconnect to a new server, server is  not appointed, will choose a random server.
20:34:09.204 [com.alibaba.nacos.client.remote.worker] INFO  c.a.n.c.r.client - [printIfInfoEnabled,60] - [fc618651-2710-4cc1-8fb4-3641953b070a] Try to reconnect to a new server, server is  not appointed, will choose a random server.
