09:21:09.636 [background-preinit] INFO  o.h.v.i.util.Version - [<clinit>,21] - HV000001: Hibernate Validator 6.2.5.Final
09:21:13.173 [main] INFO  c.a.n.c.r.client - [lambda$createClient$0,80] - [RpcClientFactory] create a new rpc client of 3c20f63f-b9e5-4501-9e25-995a4aac23fa_config-0
09:21:13.207 [main] INFO  o.r.Reflections - [scan,232] - Reflections took 21 ms to scan 1 urls, producing 3 keys and 6 values 
09:21:13.225 [main] INFO  o.r.Reflections - [scan,232] - Reflections took 10 ms to scan 1 urls, producing 4 keys and 9 values 
09:21:13.236 [main] INFO  o.r.Reflections - [scan,232] - Reflections took 8 ms to scan 1 urls, producing 3 keys and 10 values 
09:21:13.366 [main] INFO  o.r.Reflections - [scan,232] - Reflections took 128 ms to scan 199 urls, producing 0 keys and 0 values 
09:21:13.386 [main] INFO  o.r.Reflections - [scan,232] - Reflections took 12 ms to scan 1 urls, producing 1 keys and 5 values 
09:21:13.398 [main] INFO  o.r.Reflections - [scan,232] - Reflections took 9 ms to scan 1 urls, producing 1 keys and 7 values 
09:21:13.406 [main] INFO  o.r.Reflections - [scan,232] - Reflections took 6 ms to scan 1 urls, producing 2 keys and 8 values 
09:21:13.521 [main] INFO  o.r.Reflections - [scan,232] - Reflections took 114 ms to scan 199 urls, producing 0 keys and 0 values 
09:21:13.522 [main] INFO  c.a.n.c.r.client - [printIfInfoEnabled,60] - [3c20f63f-b9e5-4501-9e25-995a4aac23fa_config-0] RpcClient init label, labels = {module=config, Vipserver-Tag=null, source=sdk, Amory-Tag=null, Location-Tag=null, taskId=0, AppName=unknown}
09:21:13.523 [main] INFO  c.a.n.c.r.client - [printIfInfoEnabled,60] - [3c20f63f-b9e5-4501-9e25-995a4aac23fa_config-0] Register server push request handler:com.alibaba.nacos.client.config.impl.ClientWorker$ConfigRpcTransportClient$$Lambda$334/832145584
09:21:13.523 [main] INFO  c.a.n.c.r.client - [printIfInfoEnabled,60] - [3c20f63f-b9e5-4501-9e25-995a4aac23fa_config-0] Register server push request handler:com.alibaba.nacos.client.config.impl.ClientWorker$ConfigRpcTransportClient$$Lambda$335/224060798
09:21:13.523 [main] INFO  c.a.n.c.r.client - [printIfInfoEnabled,60] - [3c20f63f-b9e5-4501-9e25-995a4aac23fa_config-0] Registry connection listener to current client:com.alibaba.nacos.client.config.impl.ClientWorker$ConfigRpcTransportClient$1
09:21:13.523 [main] INFO  c.a.n.c.r.client - [printIfInfoEnabled,60] - [3c20f63f-b9e5-4501-9e25-995a4aac23fa_config-0] RpcClient init, ServerListFactory = com.alibaba.nacos.client.config.impl.ClientWorker$ConfigRpcTransportClient$2
09:21:13.529 [main] INFO  c.a.n.c.r.client - [printIfInfoEnabled,60] - [3c20f63f-b9e5-4501-9e25-995a4aac23fa_config-0] Try to connect to server on start up, server: {serverIp = '127.0.0.1', server main port = 8848}
09:21:18.484 [main] INFO  c.a.n.c.r.client - [printIfInfoEnabled,60] - [3c20f63f-b9e5-4501-9e25-995a4aac23fa_config-0] Success to connect to server [127.0.0.1:8848] on start up, connectionId = 1691371278284_127.0.0.1_64606
09:21:18.484 [com.alibaba.nacos.client.remote.worker] INFO  c.a.n.c.r.client - [printIfInfoEnabled,60] - [3c20f63f-b9e5-4501-9e25-995a4aac23fa_config-0] Notify connected event to listeners.
09:21:18.485 [main] INFO  c.a.n.c.r.client - [printIfInfoEnabled,60] - [3c20f63f-b9e5-4501-9e25-995a4aac23fa_config-0] Register server push request handler:com.alibaba.nacos.common.remote.client.RpcClient$ConnectResetRequestHandler
09:21:18.485 [main] INFO  c.a.n.c.r.client - [printIfInfoEnabled,60] - [3c20f63f-b9e5-4501-9e25-995a4aac23fa_config-0] Register server push request handler:com.alibaba.nacos.common.remote.client.RpcClient$$Lambda$344/1788034018
09:21:18.559 [main] INFO  c.x.d.XmapDistributionApplication - [logStartupProfileInfo,637] - The following 1 profile is active: "dev"
09:21:20.372 [main] INFO  o.a.c.h.Http11NioProtocol - [log,173] - Initializing ProtocolHandler ["http-nio-9231"]
09:21:20.373 [main] INFO  o.a.c.c.StandardService - [log,173] - Starting service [Tomcat]
09:21:20.373 [main] INFO  o.a.c.c.StandardEngine - [log,173] - Starting Servlet engine: [Apache Tomcat/9.0.70]
09:21:20.505 [main] INFO  o.a.c.c.C.[.[.[/] - [log,173] - Initializing Spring embedded WebApplicationContext
09:21:25.102 [main] INFO  c.a.d.p.DruidDataSource - [init,996] - {dataSource-1,master} inited
09:21:25.103 [main] INFO  c.b.d.d.DynamicRoutingDataSource - [addDataSource,154] - dynamic-datasource - add a datasource named [master] success
09:21:25.103 [main] INFO  c.b.d.d.DynamicRoutingDataSource - [afterPropertiesSet,234] - dynamic-datasource initial loaded [1] datasource,primary datasource named [master]
09:21:25.965 [main] INFO  c.a.c.s.SentinelWebMvcConfigurer - [addInterceptors,52] - [Sentinel Starter] register SentinelWebInterceptor with urlPatterns: [/**].
09:21:31.255 [main] INFO  c.a.n.c.r.client - [lambda$createClient$0,80] - [RpcClientFactory] create a new rpc client of 19397f02-e41e-4a66-8a65-2aa82b66548a
09:21:31.255 [main] INFO  c.a.n.c.r.client - [printIfInfoEnabled,60] - [19397f02-e41e-4a66-8a65-2aa82b66548a] RpcClient init label, labels = {module=naming, source=sdk}
09:21:31.256 [main] INFO  c.a.n.c.r.client - [printIfInfoEnabled,60] - [19397f02-e41e-4a66-8a65-2aa82b66548a] RpcClient init, ServerListFactory = com.alibaba.nacos.client.naming.core.ServerListManager
09:21:31.256 [main] INFO  c.a.n.c.r.client - [printIfInfoEnabled,60] - [19397f02-e41e-4a66-8a65-2aa82b66548a] Registry connection listener to current client:com.alibaba.nacos.client.naming.remote.gprc.redo.NamingGrpcRedoService
09:21:31.257 [main] INFO  c.a.n.c.r.client - [printIfInfoEnabled,60] - [19397f02-e41e-4a66-8a65-2aa82b66548a] Register server push request handler:com.alibaba.nacos.client.naming.remote.gprc.NamingPushRequestHandler
09:21:31.257 [main] INFO  c.a.n.c.r.client - [printIfInfoEnabled,60] - [19397f02-e41e-4a66-8a65-2aa82b66548a] Try to connect to server on start up, server: {serverIp = '127.0.0.1', server main port = 8848}
09:21:31.371 [main] INFO  c.a.n.c.r.client - [printIfInfoEnabled,60] - [19397f02-e41e-4a66-8a65-2aa82b66548a] Success to connect to server [127.0.0.1:8848] on start up, connectionId = 1691371291261_127.0.0.1_64671
09:21:31.371 [com.alibaba.nacos.client.remote.worker] INFO  c.a.n.c.r.client - [printIfInfoEnabled,60] - [19397f02-e41e-4a66-8a65-2aa82b66548a] Notify connected event to listeners.
09:21:31.371 [main] INFO  c.a.n.c.r.client - [printIfInfoEnabled,60] - [19397f02-e41e-4a66-8a65-2aa82b66548a] Register server push request handler:com.alibaba.nacos.common.remote.client.RpcClient$ConnectResetRequestHandler
09:21:31.371 [main] INFO  c.a.n.c.r.client - [printIfInfoEnabled,60] - [19397f02-e41e-4a66-8a65-2aa82b66548a] Register server push request handler:com.alibaba.nacos.common.remote.client.RpcClient$$Lambda$344/1788034018
09:21:31.394 [main] INFO  o.a.c.h.Http11NioProtocol - [log,173] - Starting ProtocolHandler ["http-nio-9231"]
09:21:31.417 [main] INFO  c.a.c.n.r.NacosServiceRegistry - [register,75] - nacos registry, DEFAULT_GROUP xmap-distribution 10.100.4.8:9231 register finished
09:21:31.960 [nacos-grpc-client-executor-5] INFO  c.a.n.c.r.client - [printIfInfoEnabled,60] - [19397f02-e41e-4a66-8a65-2aa82b66548a] Receive server push request, request = NotifySubscriberRequest, requestId = 12
09:21:31.964 [nacos-grpc-client-executor-5] INFO  c.a.n.c.r.client - [printIfInfoEnabled,60] - [19397f02-e41e-4a66-8a65-2aa82b66548a] Ack server push request, request = NotifySubscriberRequest, requestId = 12
09:21:33.449 [main] INFO  c.x.d.XmapDistributionApplication - [logStarted,61] - Started XmapDistributionApplication in 26.325 seconds (JVM running for 28.386)
09:21:33.456 [main] INFO  c.a.c.n.r.NacosContextRefresher - [registerNacosListener,129] - [Nacos Config] Listening config: dataId=xmap-distribution, group=DEFAULT_GROUP
09:21:33.457 [main] INFO  c.a.c.n.r.NacosContextRefresher - [registerNacosListener,129] - [Nacos Config] Listening config: dataId=xmap-distribution-dev.yml, group=DEFAULT_GROUP
09:21:33.457 [main] INFO  c.a.c.n.r.NacosContextRefresher - [registerNacosListener,129] - [Nacos Config] Listening config: dataId=xmap-distribution.yml, group=DEFAULT_GROUP
09:21:36.334 [RMI TCP Connection(5)-10.100.4.8] INFO  o.a.c.c.C.[.[.[/] - [log,173] - Initializing Spring DispatcherServlet 'dispatcherServlet'
14:02:05.451 [nacos-grpc-client-executor-2707] INFO  c.a.n.c.r.client - [printIfInfoEnabled,60] - [3c20f63f-b9e5-4501-9e25-995a4aac23fa_config-0] Receive server push request, request = ClientDetectionRequest, requestId = 80
14:02:05.452 [nacos-grpc-client-executor-2707] INFO  c.a.n.c.r.client - [printIfInfoEnabled,60] - [3c20f63f-b9e5-4501-9e25-995a4aac23fa_config-0] Ack server push request, request = ClientDetectionRequest, requestId = 80
20:29:42.616 [lettuce-nioEventLoop-4-1] INFO  i.l.c.p.CommandHandler - [log,217] - null Unexpected exception during request: java.io.IOException: 远程主机强迫关闭了一个现有的连接。
java.io.IOException: 远程主机强迫关闭了一个现有的连接。
	at sun.nio.ch.SocketDispatcher.read0(Native Method)
	at sun.nio.ch.SocketDispatcher.read(SocketDispatcher.java:43)
	at sun.nio.ch.IOUtil.readIntoNativeBuffer(IOUtil.java:223)
	at sun.nio.ch.IOUtil.read(IOUtil.java:192)
	at sun.nio.ch.SocketChannelImpl.read(SocketChannelImpl.java:380)
	at io.netty.buffer.PooledByteBuf.setBytes(PooledByteBuf.java:259)
	at io.netty.buffer.AbstractByteBuf.writeBytes(AbstractByteBuf.java:1132)
	at io.netty.channel.socket.nio.NioSocketChannel.doReadBytes(NioSocketChannel.java:357)
	at io.netty.channel.nio.AbstractNioByteChannel$NioByteUnsafe.read(AbstractNioByteChannel.java:151)
	at io.netty.channel.nio.NioEventLoop.processSelectedKey(NioEventLoop.java:788)
	at io.netty.channel.nio.NioEventLoop.processSelectedKeysOptimized(NioEventLoop.java:724)
	at io.netty.channel.nio.NioEventLoop.processSelectedKeys(NioEventLoop.java:650)
	at io.netty.channel.nio.NioEventLoop.run(NioEventLoop.java:562)
	at io.netty.util.concurrent.SingleThreadEventExecutor$4.run(SingleThreadEventExecutor.java:997)
	at io.netty.util.internal.ThreadExecutorMap$2.run(ThreadExecutorMap.java:74)
	at io.netty.util.concurrent.FastThreadLocalRunnable.run(FastThreadLocalRunnable.java:30)
	at java.lang.Thread.run(Thread.java:748)
20:29:42.616 [lettuce-nioEventLoop-4-2] INFO  i.l.c.p.CommandHandler - [log,217] - null Unexpected exception during request: java.io.IOException: 远程主机强迫关闭了一个现有的连接。
java.io.IOException: 远程主机强迫关闭了一个现有的连接。
	at sun.nio.ch.SocketDispatcher.read0(Native Method)
	at sun.nio.ch.SocketDispatcher.read(SocketDispatcher.java:43)
	at sun.nio.ch.IOUtil.readIntoNativeBuffer(IOUtil.java:223)
	at sun.nio.ch.IOUtil.read(IOUtil.java:192)
	at sun.nio.ch.SocketChannelImpl.read(SocketChannelImpl.java:380)
	at io.netty.buffer.PooledByteBuf.setBytes(PooledByteBuf.java:259)
	at io.netty.buffer.AbstractByteBuf.writeBytes(AbstractByteBuf.java:1132)
	at io.netty.channel.socket.nio.NioSocketChannel.doReadBytes(NioSocketChannel.java:357)
	at io.netty.channel.nio.AbstractNioByteChannel$NioByteUnsafe.read(AbstractNioByteChannel.java:151)
	at io.netty.channel.nio.NioEventLoop.processSelectedKey(NioEventLoop.java:788)
	at io.netty.channel.nio.NioEventLoop.processSelectedKeysOptimized(NioEventLoop.java:724)
	at io.netty.channel.nio.NioEventLoop.processSelectedKeys(NioEventLoop.java:650)
	at io.netty.channel.nio.NioEventLoop.run(NioEventLoop.java:562)
	at io.netty.util.concurrent.SingleThreadEventExecutor$4.run(SingleThreadEventExecutor.java:997)
	at io.netty.util.internal.ThreadExecutorMap$2.run(ThreadExecutorMap.java:74)
	at io.netty.util.concurrent.FastThreadLocalRunnable.run(FastThreadLocalRunnable.java:30)
	at java.lang.Thread.run(Thread.java:748)
20:29:42.723 [lettuce-eventExecutorLoop-1-5] INFO  i.l.c.p.ConnectionWatchdog - [log,171] - Reconnecting, last destination was localhost/127.0.0.1:6379
20:29:42.723 [lettuce-eventExecutorLoop-1-4] INFO  i.l.c.p.ConnectionWatchdog - [log,171] - Reconnecting, last destination was localhost/127.0.0.1:6379
20:29:42.823 [com.alibaba.nacos.client.remote.worker] INFO  c.a.n.c.r.client - [printIfInfoEnabled,60] - [19397f02-e41e-4a66-8a65-2aa82b66548a] Try to reconnect to a new server, server is  not appointed, will choose a random server.
20:29:42.823 [com.alibaba.nacos.client.remote.worker] INFO  c.a.n.c.r.client - [printIfInfoEnabled,60] - [3c20f63f-b9e5-4501-9e25-995a4aac23fa_config-0] Try to reconnect to a new server, server is  not appointed, will choose a random server.
