10:56:41.955 [background-preinit] INFO  o.h.v.i.util.Version - [<clinit>,21] - HV000001: Hibernate Validator 6.2.5.Final
10:56:49.762 [main] INFO  c.a.n.c.r.client - [lambda$createClient$0,80] - [RpcClientFactory] create a new rpc client of a6a91fff-ca58-4d6a-b8c7-44047c896475_config-0
10:56:49.878 [main] INFO  o.r.Reflections - [scan,232] - Reflections took 100 ms to scan 1 urls, producing 3 keys and 6 values 
10:56:50.050 [main] INFO  o.r.Reflections - [scan,232] - Reflections took 19 ms to scan 1 urls, producing 4 keys and 9 values 
10:56:50.071 [main] INFO  o.r.Reflections - [scan,232] - Reflections took 17 ms to scan 1 urls, producing 3 keys and 10 values 
10:56:50.743 [main] INFO  o.r.Reflections - [scan,232] - Reflections took 669 ms to scan 199 urls, producing 0 keys and 0 values 
10:56:50.766 [main] INFO  o.r.Reflections - [scan,232] - Reflections took 22 ms to scan 1 urls, producing 1 keys and 5 values 
10:56:50.803 [main] INFO  o.r.Reflections - [scan,232] - Reflections took 34 ms to scan 1 urls, producing 1 keys and 7 values 
10:56:50.872 [main] INFO  o.r.Reflections - [scan,232] - Reflections took 67 ms to scan 1 urls, producing 2 keys and 8 values 
10:56:51.476 [main] INFO  o.r.Reflections - [scan,232] - Reflections took 585 ms to scan 199 urls, producing 0 keys and 0 values 
10:56:51.477 [main] INFO  c.a.n.c.r.client - [printIfInfoEnabled,60] - [a6a91fff-ca58-4d6a-b8c7-44047c896475_config-0] RpcClient init label, labels = {module=config, Vipserver-Tag=null, source=sdk, Amory-Tag=null, Location-Tag=null, taskId=0, AppName=unknown}
10:56:51.478 [main] INFO  c.a.n.c.r.client - [printIfInfoEnabled,60] - [a6a91fff-ca58-4d6a-b8c7-44047c896475_config-0] Register server push request handler:com.alibaba.nacos.client.config.impl.ClientWorker$ConfigRpcTransportClient$$Lambda$334/2116299597
10:56:51.478 [main] INFO  c.a.n.c.r.client - [printIfInfoEnabled,60] - [a6a91fff-ca58-4d6a-b8c7-44047c896475_config-0] Register server push request handler:com.alibaba.nacos.client.config.impl.ClientWorker$ConfigRpcTransportClient$$Lambda$335/50720817
10:56:51.482 [main] INFO  c.a.n.c.r.client - [printIfInfoEnabled,60] - [a6a91fff-ca58-4d6a-b8c7-44047c896475_config-0] Registry connection listener to current client:com.alibaba.nacos.client.config.impl.ClientWorker$ConfigRpcTransportClient$1
10:56:51.483 [main] INFO  c.a.n.c.r.client - [printIfInfoEnabled,60] - [a6a91fff-ca58-4d6a-b8c7-44047c896475_config-0] RpcClient init, ServerListFactory = com.alibaba.nacos.client.config.impl.ClientWorker$ConfigRpcTransportClient$2
10:56:51.649 [main] INFO  c.a.n.c.r.client - [printIfInfoEnabled,60] - [a6a91fff-ca58-4d6a-b8c7-44047c896475_config-0] Try to connect to server on start up, server: {serverIp = '127.0.0.1', server main port = 8848}
10:57:01.057 [main] INFO  c.a.n.c.r.client - [printIfInfoEnabled,60] - [a6a91fff-ca58-4d6a-b8c7-44047c896475_config-0] Try to connect to server on start up, server: {serverIp = '127.0.0.1', server main port = 8848}
10:57:04.100 [main] INFO  c.a.n.c.r.client - [printIfInfoEnabled,60] - [a6a91fff-ca58-4d6a-b8c7-44047c896475_config-0] Success to connect to server [127.0.0.1:8848] on start up, connectionId = 1691031423904_127.0.0.1_50660
10:57:04.100 [com.alibaba.nacos.client.remote.worker] INFO  c.a.n.c.r.client - [printIfInfoEnabled,60] - [a6a91fff-ca58-4d6a-b8c7-44047c896475_config-0] Notify connected event to listeners.
10:57:04.101 [main] INFO  c.a.n.c.r.client - [printIfInfoEnabled,60] - [a6a91fff-ca58-4d6a-b8c7-44047c896475_config-0] Register server push request handler:com.alibaba.nacos.common.remote.client.RpcClient$ConnectResetRequestHandler
10:57:04.102 [main] INFO  c.a.n.c.r.client - [printIfInfoEnabled,60] - [a6a91fff-ca58-4d6a-b8c7-44047c896475_config-0] Register server push request handler:com.alibaba.nacos.common.remote.client.RpcClient$$Lambda$344/1775120226
10:57:04.184 [main] INFO  c.x.d.XmapDistributionApplication - [logStartupProfileInfo,637] - The following 1 profile is active: "dev"
10:57:06.474 [main] INFO  o.a.c.h.Http11NioProtocol - [log,173] - Initializing ProtocolHandler ["http-nio-9231"]
10:57:06.475 [main] INFO  o.a.c.c.StandardService - [log,173] - Starting service [Tomcat]
10:57:06.475 [main] INFO  o.a.c.c.StandardEngine - [log,173] - Starting Servlet engine: [Apache Tomcat/9.0.70]
10:57:06.692 [main] INFO  o.a.c.c.C.[.[.[/] - [log,173] - Initializing Spring embedded WebApplicationContext
10:57:14.517 [main] INFO  c.a.d.p.DruidDataSource - [init,996] - {dataSource-1,master} inited
10:57:14.518 [main] INFO  c.b.d.d.DynamicRoutingDataSource - [addDataSource,154] - dynamic-datasource - add a datasource named [master] success
10:57:14.518 [main] INFO  c.b.d.d.DynamicRoutingDataSource - [afterPropertiesSet,234] - dynamic-datasource initial loaded [1] datasource,primary datasource named [master]
10:57:15.661 [main] INFO  c.a.c.s.SentinelWebMvcConfigurer - [addInterceptors,52] - [Sentinel Starter] register SentinelWebInterceptor with urlPatterns: [/**].
10:57:34.476 [main] INFO  c.a.n.c.r.client - [lambda$createClient$0,80] - [RpcClientFactory] create a new rpc client of bef7e2b5-4584-42e7-a640-0438ca8004e3
10:57:34.476 [main] INFO  c.a.n.c.r.client - [printIfInfoEnabled,60] - [bef7e2b5-4584-42e7-a640-0438ca8004e3] RpcClient init label, labels = {module=naming, source=sdk}
10:57:34.477 [main] INFO  c.a.n.c.r.client - [printIfInfoEnabled,60] - [bef7e2b5-4584-42e7-a640-0438ca8004e3] RpcClient init, ServerListFactory = com.alibaba.nacos.client.naming.core.ServerListManager
10:57:34.477 [main] INFO  c.a.n.c.r.client - [printIfInfoEnabled,60] - [bef7e2b5-4584-42e7-a640-0438ca8004e3] Registry connection listener to current client:com.alibaba.nacos.client.naming.remote.gprc.redo.NamingGrpcRedoService
10:57:34.477 [main] INFO  c.a.n.c.r.client - [printIfInfoEnabled,60] - [bef7e2b5-4584-42e7-a640-0438ca8004e3] Register server push request handler:com.alibaba.nacos.client.naming.remote.gprc.NamingPushRequestHandler
10:57:34.478 [main] INFO  c.a.n.c.r.client - [printIfInfoEnabled,60] - [bef7e2b5-4584-42e7-a640-0438ca8004e3] Try to connect to server on start up, server: {serverIp = '127.0.0.1', server main port = 8848}
10:57:34.597 [main] INFO  c.a.n.c.r.client - [printIfInfoEnabled,60] - [bef7e2b5-4584-42e7-a640-0438ca8004e3] Success to connect to server [127.0.0.1:8848] on start up, connectionId = 1691031454481_127.0.0.1_50894
10:57:34.597 [main] INFO  c.a.n.c.r.client - [printIfInfoEnabled,60] - [bef7e2b5-4584-42e7-a640-0438ca8004e3] Register server push request handler:com.alibaba.nacos.common.remote.client.RpcClient$ConnectResetRequestHandler
10:57:34.597 [com.alibaba.nacos.client.remote.worker] INFO  c.a.n.c.r.client - [printIfInfoEnabled,60] - [bef7e2b5-4584-42e7-a640-0438ca8004e3] Notify connected event to listeners.
10:57:34.597 [main] INFO  c.a.n.c.r.client - [printIfInfoEnabled,60] - [bef7e2b5-4584-42e7-a640-0438ca8004e3] Register server push request handler:com.alibaba.nacos.common.remote.client.RpcClient$$Lambda$344/1775120226
10:57:34.621 [main] INFO  o.a.c.h.Http11NioProtocol - [log,173] - Starting ProtocolHandler ["http-nio-9231"]
10:57:34.639 [main] INFO  c.a.c.n.r.NacosServiceRegistry - [register,75] - nacos registry, DEFAULT_GROUP xmap-distribution 192.168.33.106:9231 register finished
10:57:35.183 [nacos-grpc-client-executor-6] INFO  c.a.n.c.r.client - [printIfInfoEnabled,60] - [bef7e2b5-4584-42e7-a640-0438ca8004e3] Receive server push request, request = NotifySubscriberRequest, requestId = 80
10:57:35.189 [nacos-grpc-client-executor-6] INFO  c.a.n.c.r.client - [printIfInfoEnabled,60] - [bef7e2b5-4584-42e7-a640-0438ca8004e3] Ack server push request, request = NotifySubscriberRequest, requestId = 80
10:57:38.776 [main] INFO  c.x.d.XmapDistributionApplication - [logStarted,61] - Started XmapDistributionApplication in 69.335 seconds (JVM running for 78.747)
10:57:38.786 [main] INFO  c.a.c.n.r.NacosContextRefresher - [registerNacosListener,129] - [Nacos Config] Listening config: dataId=xmap-distribution, group=DEFAULT_GROUP
10:57:38.787 [main] INFO  c.a.c.n.r.NacosContextRefresher - [registerNacosListener,129] - [Nacos Config] Listening config: dataId=xmap-distribution-dev.yml, group=DEFAULT_GROUP
10:57:38.789 [main] INFO  c.a.c.n.r.NacosContextRefresher - [registerNacosListener,129] - [Nacos Config] Listening config: dataId=xmap-distribution.yml, group=DEFAULT_GROUP
10:57:43.288 [RMI TCP Connection(9)-192.168.33.106] INFO  o.a.c.c.C.[.[.[/] - [log,173] - Initializing Spring DispatcherServlet 'dispatcherServlet'
14:15:51.654 [nacos-grpc-client-executor-1468] INFO  c.a.n.c.r.client - [printIfInfoEnabled,60] - [a6a91fff-ca58-4d6a-b8c7-44047c896475_config-0] Receive server push request, request = ClientDetectionRequest, requestId = 82
14:15:51.683 [nacos-grpc-client-executor-1513] INFO  c.a.n.c.r.client - [printIfInfoEnabled,60] - [bef7e2b5-4584-42e7-a640-0438ca8004e3] Receive server push request, request = ClientDetectionRequest, requestId = 88
14:15:51.724 [nacos-grpc-client-executor-1468] INFO  c.a.n.c.r.client - [printIfInfoEnabled,60] - [a6a91fff-ca58-4d6a-b8c7-44047c896475_config-0] Ack server push request, request = ClientDetectionRequest, requestId = 82
14:15:51.747 [nacos-grpc-client-executor-1513] INFO  c.a.n.c.r.client - [printIfInfoEnabled,60] - [bef7e2b5-4584-42e7-a640-0438ca8004e3] Ack server push request, request = ClientDetectionRequest, requestId = 88
14:40:36.178 [nacos-grpc-client-executor-1775] INFO  c.a.n.c.r.client - [printIfInfoEnabled,60] - [a6a91fff-ca58-4d6a-b8c7-44047c896475_config-0] Receive server push request, request = ClientDetectionRequest, requestId = 100
14:40:36.178 [nacos-grpc-client-executor-1775] INFO  c.a.n.c.r.client - [printIfInfoEnabled,60] - [a6a91fff-ca58-4d6a-b8c7-44047c896475_config-0] Ack server push request, request = ClientDetectionRequest, requestId = 100
18:52:40.308 [nacos-grpc-client-executor-4122] INFO  c.a.n.c.r.client - [printIfInfoEnabled,60] - [a6a91fff-ca58-4d6a-b8c7-44047c896475_config-0] Receive server push request, request = ClientDetectionRequest, requestId = 106
18:52:40.309 [nacos-grpc-client-executor-4122] INFO  c.a.n.c.r.client - [printIfInfoEnabled,60] - [a6a91fff-ca58-4d6a-b8c7-44047c896475_config-0] Ack server push request, request = ClientDetectionRequest, requestId = 106
18:52:40.429 [nacos-grpc-client-executor-4265] INFO  c.a.n.c.r.client - [printIfInfoEnabled,60] - [bef7e2b5-4584-42e7-a640-0438ca8004e3] Receive server push request, request = ClientDetectionRequest, requestId = 114
18:52:40.432 [nacos-grpc-client-executor-4265] INFO  c.a.n.c.r.client - [printIfInfoEnabled,60] - [bef7e2b5-4584-42e7-a640-0438ca8004e3] Ack server push request, request = ClientDetectionRequest, requestId = 114
20:37:44.016 [lettuce-nioEventLoop-4-1] INFO  i.l.c.p.CommandHandler - [log,217] - null Unexpected exception during request: java.io.IOException: 远程主机强迫关闭了一个现有的连接。
java.io.IOException: 远程主机强迫关闭了一个现有的连接。
	at sun.nio.ch.SocketDispatcher.read0(Native Method)
	at sun.nio.ch.SocketDispatcher.read(SocketDispatcher.java:43)
	at sun.nio.ch.IOUtil.readIntoNativeBuffer(IOUtil.java:223)
	at sun.nio.ch.IOUtil.read(IOUtil.java:192)
	at sun.nio.ch.SocketChannelImpl.read(SocketChannelImpl.java:380)
	at io.netty.buffer.PooledByteBuf.setBytes(PooledByteBuf.java:259)
	at io.netty.buffer.AbstractByteBuf.writeBytes(AbstractByteBuf.java:1132)
	at io.netty.buffer.WrappedByteBuf.writeBytes(WrappedByteBuf.java:821)
	at io.netty.channel.socket.nio.NioSocketChannel.doReadBytes(NioSocketChannel.java:357)
	at io.netty.channel.nio.AbstractNioByteChannel$NioByteUnsafe.read(AbstractNioByteChannel.java:151)
	at io.netty.channel.nio.NioEventLoop.processSelectedKey(NioEventLoop.java:788)
	at io.netty.channel.nio.NioEventLoop.processSelectedKeysOptimized(NioEventLoop.java:724)
	at io.netty.channel.nio.NioEventLoop.processSelectedKeys(NioEventLoop.java:650)
	at io.netty.channel.nio.NioEventLoop.run(NioEventLoop.java:562)
	at io.netty.util.concurrent.SingleThreadEventExecutor$4.run(SingleThreadEventExecutor.java:997)
	at io.netty.util.internal.ThreadExecutorMap$2.run(ThreadExecutorMap.java:74)
	at io.netty.util.concurrent.FastThreadLocalRunnable.run(FastThreadLocalRunnable.java:30)
	at java.lang.Thread.run(Thread.java:748)
20:37:44.035 [lettuce-nioEventLoop-4-2] INFO  i.l.c.p.CommandHandler - [log,217] - null Unexpected exception during request: java.io.IOException: 远程主机强迫关闭了一个现有的连接。
java.io.IOException: 远程主机强迫关闭了一个现有的连接。
	at sun.nio.ch.SocketDispatcher.read0(Native Method)
	at sun.nio.ch.SocketDispatcher.read(SocketDispatcher.java:43)
	at sun.nio.ch.IOUtil.readIntoNativeBuffer(IOUtil.java:223)
	at sun.nio.ch.IOUtil.read(IOUtil.java:192)
	at sun.nio.ch.SocketChannelImpl.read(SocketChannelImpl.java:380)
	at io.netty.buffer.PooledByteBuf.setBytes(PooledByteBuf.java:259)
	at io.netty.buffer.AbstractByteBuf.writeBytes(AbstractByteBuf.java:1132)
	at io.netty.channel.socket.nio.NioSocketChannel.doReadBytes(NioSocketChannel.java:357)
	at io.netty.channel.nio.AbstractNioByteChannel$NioByteUnsafe.read(AbstractNioByteChannel.java:151)
	at io.netty.channel.nio.NioEventLoop.processSelectedKey(NioEventLoop.java:788)
	at io.netty.channel.nio.NioEventLoop.processSelectedKeysOptimized(NioEventLoop.java:724)
	at io.netty.channel.nio.NioEventLoop.processSelectedKeys(NioEventLoop.java:650)
	at io.netty.channel.nio.NioEventLoop.run(NioEventLoop.java:562)
	at io.netty.util.concurrent.SingleThreadEventExecutor$4.run(SingleThreadEventExecutor.java:997)
	at io.netty.util.internal.ThreadExecutorMap$2.run(ThreadExecutorMap.java:74)
	at io.netty.util.concurrent.FastThreadLocalRunnable.run(FastThreadLocalRunnable.java:30)
	at java.lang.Thread.run(Thread.java:748)
20:37:44.096 [lettuce-eventExecutorLoop-1-6] INFO  i.l.c.p.ConnectionWatchdog - [log,171] - Reconnecting, last destination was localhost/127.0.0.1:6379
20:37:44.101 [lettuce-eventExecutorLoop-1-7] INFO  i.l.c.p.ConnectionWatchdog - [log,171] - Reconnecting, last destination was localhost/127.0.0.1:6379
20:37:44.511 [com.alibaba.nacos.client.remote.worker] INFO  c.a.n.c.r.client - [printIfInfoEnabled,60] - [a6a91fff-ca58-4d6a-b8c7-44047c896475_config-0] Server healthy check fail, currentConnection = 1691031423904_127.0.0.1_50660
20:37:44.515 [com.alibaba.nacos.client.remote.worker] INFO  c.a.n.c.r.client - [printIfInfoEnabled,60] - [a6a91fff-ca58-4d6a-b8c7-44047c896475_config-0] Try to reconnect to a new server, server is  not appointed, will choose a random server.
20:37:44.516 [com.alibaba.nacos.client.remote.worker] INFO  c.a.n.c.r.client - [printIfInfoEnabled,60] - [bef7e2b5-4584-42e7-a640-0438ca8004e3] Try to reconnect to a new server, server is  not appointed, will choose a random server.
