10:24:25.075 [background-preinit] INFO  o.h.v.i.util.Version - [<clinit>,21] - HV000001: Hibernate Validator 6.2.5.Final
10:24:28.384 [main] INFO  c.a.n.c.r.client - [lambda$createClient$0,80] - [RpcClientFactory] create a new rpc client of 2bc80f19-8445-4dbc-9a2d-06324a58946e_config-0
10:24:28.464 [main] INFO  o.r.Reflections - [scan,232] - Reflections took 48 ms to scan 1 urls, producing 3 keys and 6 values 
10:24:28.556 [main] INFO  o.r.Reflections - [scan,232] - Reflections took 66 ms to scan 1 urls, producing 4 keys and 9 values 
10:24:28.592 [main] INFO  o.r.Reflections - [scan,232] - Reflections took 30 ms to scan 1 urls, producing 3 keys and 10 values 
10:24:28.943 [main] INFO  o.r.Reflections - [scan,232] - Reflections took 345 ms to scan 175 urls, producing 0 keys and 0 values 
10:24:28.971 [main] INFO  o.r.Reflections - [scan,232] - Reflections took 26 ms to scan 1 urls, producing 1 keys and 5 values 
10:24:29.005 [main] INFO  o.r.Reflections - [scan,232] - Reflections took 29 ms to scan 1 urls, producing 1 keys and 7 values 
10:24:29.032 [main] INFO  o.r.Reflections - [scan,232] - Reflections took 23 ms to scan 1 urls, producing 2 keys and 8 values 
10:24:29.317 [main] INFO  o.r.Reflections - [scan,232] - Reflections took 281 ms to scan 175 urls, producing 0 keys and 0 values 
10:24:29.319 [main] INFO  c.a.n.c.r.client - [printIfInfoEnabled,60] - [2bc80f19-8445-4dbc-9a2d-06324a58946e_config-0] RpcClient init label, labels = {module=config, Vipserver-Tag=null, source=sdk, Amory-Tag=null, Location-Tag=null, taskId=0, AppName=unknown}
10:24:29.320 [main] INFO  c.a.n.c.r.client - [printIfInfoEnabled,60] - [2bc80f19-8445-4dbc-9a2d-06324a58946e_config-0] Register server push request handler:com.alibaba.nacos.client.config.impl.ClientWorker$ConfigRpcTransportClient$$Lambda$335/1210939243
10:24:29.321 [main] INFO  c.a.n.c.r.client - [printIfInfoEnabled,60] - [2bc80f19-8445-4dbc-9a2d-06324a58946e_config-0] Register server push request handler:com.alibaba.nacos.client.config.impl.ClientWorker$ConfigRpcTransportClient$$Lambda$336/1079125839
10:24:29.322 [main] INFO  c.a.n.c.r.client - [printIfInfoEnabled,60] - [2bc80f19-8445-4dbc-9a2d-06324a58946e_config-0] Registry connection listener to current client:com.alibaba.nacos.client.config.impl.ClientWorker$ConfigRpcTransportClient$1
10:24:29.323 [main] INFO  c.a.n.c.r.client - [printIfInfoEnabled,60] - [2bc80f19-8445-4dbc-9a2d-06324a58946e_config-0] RpcClient init, ServerListFactory = com.alibaba.nacos.client.config.impl.ClientWorker$ConfigRpcTransportClient$2
10:24:29.335 [main] INFO  c.a.n.c.r.client - [printIfInfoEnabled,60] - [2bc80f19-8445-4dbc-9a2d-06324a58946e_config-0] Try to connect to server on start up, server: {serverIp = '127.0.0.1', server main port = 8848}
10:24:34.465 [main] INFO  c.a.n.c.r.client - [printIfInfoEnabled,60] - [2bc80f19-8445-4dbc-9a2d-06324a58946e_config-0] Try to connect to server on start up, server: {serverIp = '127.0.0.1', server main port = 8848}
10:24:35.614 [main] INFO  c.a.n.c.r.client - [printIfInfoEnabled,60] - [2bc80f19-8445-4dbc-9a2d-06324a58946e_config-0] Success to connect to server [127.0.0.1:8848] on start up, connectionId = 1700015075196_127.0.0.1_1765
10:24:35.615 [com.alibaba.nacos.client.remote.worker] INFO  c.a.n.c.r.client - [printIfInfoEnabled,60] - [2bc80f19-8445-4dbc-9a2d-06324a58946e_config-0] Notify connected event to listeners.
10:24:35.616 [main] INFO  c.a.n.c.r.client - [printIfInfoEnabled,60] - [2bc80f19-8445-4dbc-9a2d-06324a58946e_config-0] Register server push request handler:com.alibaba.nacos.common.remote.client.RpcClient$ConnectResetRequestHandler
10:24:35.617 [main] INFO  c.a.n.c.r.client - [printIfInfoEnabled,60] - [2bc80f19-8445-4dbc-9a2d-06324a58946e_config-0] Register server push request handler:com.alibaba.nacos.common.remote.client.RpcClient$$Lambda$344/698498109
10:24:35.853 [main] INFO  c.x.a.XmapAuthApplication - [logStartupProfileInfo,637] - The following 1 profile is active: "dev"
10:24:40.460 [main] INFO  o.a.c.c.AprLifecycleListener - [log,173] - Loaded Apache Tomcat Native library [1.2.32] using APR version [1.7.0].
10:24:40.460 [main] INFO  o.a.c.c.AprLifecycleListener - [log,173] - APR capabilities: IPv6 [true], sendfile [true], accept filters [false], random [true], UDS [true].
10:24:40.460 [main] INFO  o.a.c.c.AprLifecycleListener - [log,173] - APR/OpenSSL configuration: useAprConnector [false], useOpenSSL [true]
10:24:40.471 [main] INFO  o.a.c.c.AprLifecycleListener - [log,173] - OpenSSL successfully initialized [OpenSSL 1.1.1n  15 Mar 2022]
10:24:40.493 [main] INFO  o.a.c.h.Http11NioProtocol - [log,173] - Initializing ProtocolHandler ["http-nio-9200"]
10:24:40.494 [main] INFO  o.a.c.c.StandardService - [log,173] - Starting service [Tomcat]
10:24:40.495 [main] INFO  o.a.c.c.StandardEngine - [log,173] - Starting Servlet engine: [Apache Tomcat/9.0.70]
10:24:40.921 [main] INFO  o.a.c.c.C.[.[.[/] - [log,173] - Initializing Spring embedded WebApplicationContext
10:24:43.244 [main] INFO  c.a.c.s.SentinelWebMvcConfigurer - [addInterceptors,52] - [Sentinel Starter] register SentinelWebInterceptor with urlPatterns: [/**].
10:24:48.330 [main] INFO  c.a.n.c.r.client - [lambda$createClient$0,80] - [RpcClientFactory] create a new rpc client of 63d5701d-2eba-482b-99ed-246478c5161b
10:24:48.330 [main] INFO  c.a.n.c.r.client - [printIfInfoEnabled,60] - [63d5701d-2eba-482b-99ed-246478c5161b] RpcClient init label, labels = {module=naming, source=sdk}
10:24:48.334 [main] INFO  c.a.n.c.r.client - [printIfInfoEnabled,60] - [63d5701d-2eba-482b-99ed-246478c5161b] RpcClient init, ServerListFactory = com.alibaba.nacos.client.naming.core.ServerListManager
10:24:48.334 [main] INFO  c.a.n.c.r.client - [printIfInfoEnabled,60] - [63d5701d-2eba-482b-99ed-246478c5161b] Registry connection listener to current client:com.alibaba.nacos.client.naming.remote.gprc.redo.NamingGrpcRedoService
10:24:48.336 [main] INFO  c.a.n.c.r.client - [printIfInfoEnabled,60] - [63d5701d-2eba-482b-99ed-246478c5161b] Register server push request handler:com.alibaba.nacos.client.naming.remote.gprc.NamingPushRequestHandler
10:24:48.337 [main] INFO  c.a.n.c.r.client - [printIfInfoEnabled,60] - [63d5701d-2eba-482b-99ed-246478c5161b] Try to connect to server on start up, server: {serverIp = '127.0.0.1', server main port = 8848}
10:24:48.463 [main] INFO  c.a.n.c.r.client - [printIfInfoEnabled,60] - [63d5701d-2eba-482b-99ed-246478c5161b] Success to connect to server [127.0.0.1:8848] on start up, connectionId = 1700015088342_127.0.0.1_1874
10:24:48.463 [main] INFO  c.a.n.c.r.client - [printIfInfoEnabled,60] - [63d5701d-2eba-482b-99ed-246478c5161b] Register server push request handler:com.alibaba.nacos.common.remote.client.RpcClient$ConnectResetRequestHandler
10:24:48.463 [com.alibaba.nacos.client.remote.worker] INFO  c.a.n.c.r.client - [printIfInfoEnabled,60] - [63d5701d-2eba-482b-99ed-246478c5161b] Notify connected event to listeners.
10:24:48.463 [main] INFO  c.a.n.c.r.client - [printIfInfoEnabled,60] - [63d5701d-2eba-482b-99ed-246478c5161b] Register server push request handler:com.alibaba.nacos.common.remote.client.RpcClient$$Lambda$344/698498109
10:24:48.549 [main] INFO  o.a.c.h.Http11NioProtocol - [log,173] - Starting ProtocolHandler ["http-nio-9200"]
10:24:48.616 [main] INFO  c.a.c.n.r.NacosServiceRegistry - [register,75] - nacos registry, DEFAULT_GROUP xmap-auth 192.168.110.17:9200 register finished
10:24:50.446 [main] INFO  c.x.a.XmapAuthApplication - [logStarted,61] - Started XmapAuthApplication in 27.984 seconds (JVM running for 30.596)
10:24:50.463 [main] INFO  c.a.c.n.r.NacosContextRefresher - [registerNacosListener,129] - [Nacos Config] Listening config: dataId=xmap-auth-dev.yml, group=DEFAULT_GROUP
10:24:50.465 [main] INFO  c.a.c.n.r.NacosContextRefresher - [registerNacosListener,129] - [Nacos Config] Listening config: dataId=xmap-auth, group=DEFAULT_GROUP
10:24:50.466 [main] INFO  c.a.c.n.r.NacosContextRefresher - [registerNacosListener,129] - [Nacos Config] Listening config: dataId=xmap-auth.yml, group=DEFAULT_GROUP
10:24:50.979 [nacos-grpc-client-executor-10] INFO  c.a.n.c.r.client - [printIfInfoEnabled,60] - [63d5701d-2eba-482b-99ed-246478c5161b] Receive server push request, request = NotifySubscriberRequest, requestId = 1
10:24:50.988 [nacos-grpc-client-executor-10] INFO  c.a.n.c.r.client - [printIfInfoEnabled,60] - [63d5701d-2eba-482b-99ed-246478c5161b] Ack server push request, request = NotifySubscriberRequest, requestId = 1
10:24:52.023 [RMI TCP Connection(10)-192.168.137.1] INFO  o.a.c.c.C.[.[.[/] - [log,173] - Initializing Spring DispatcherServlet 'dispatcherServlet'
10:28:12.473 [nacos-grpc-client-executor-61] INFO  c.a.n.c.r.client - [printIfInfoEnabled,60] - [63d5701d-2eba-482b-99ed-246478c5161b] Receive server push request, request = NotifySubscriberRequest, requestId = 9
10:28:12.473 [nacos-grpc-client-executor-61] INFO  c.a.n.c.r.client - [printIfInfoEnabled,60] - [63d5701d-2eba-482b-99ed-246478c5161b] Ack server push request, request = NotifySubscriberRequest, requestId = 9
14:50:46.216 [SpringApplicationShutdownHook] INFO  c.a.c.n.r.NacosServiceRegistry - [deregister,94] - De-registering from Nacos Server now...
14:50:46.223 [SpringApplicationShutdownHook] INFO  c.a.c.n.r.NacosServiceRegistry - [deregister,114] - De-registration finished.
14:50:46.465 [nacos-grpc-client-executor-3228] INFO  c.a.n.c.r.client - [printIfInfoEnabled,60] - [63d5701d-2eba-482b-99ed-246478c5161b] Receive server push request, request = NotifySubscriberRequest, requestId = 19
14:50:46.469 [nacos-grpc-client-executor-3228] INFO  c.a.n.c.r.client - [printIfInfoEnabled,60] - [63d5701d-2eba-482b-99ed-246478c5161b] Ack server push request, request = NotifySubscriberRequest, requestId = 19
14:50:46.560 [SpringApplicationShutdownHook] INFO  c.a.n.c.r.client - [shutdown,454] - Shutdown rpc client, set status to shutdown
14:50:46.560 [SpringApplicationShutdownHook] INFO  c.a.n.c.r.client - [shutdown,456] - Shutdown client event executor java.util.concurrent.ScheduledThreadPoolExecutor@1d1bf2b0[Running, pool size = 2, active threads = 2, queued tasks = 0, completed tasks = 0]
14:50:46.561 [SpringApplicationShutdownHook] INFO  c.a.n.c.r.client - [closeConnection,591] - Close current connection 1700015088342_127.0.0.1_1874
14:50:46.563 [nacos-grpc-client-executor-3229] INFO  c.a.n.c.r.c.g.GrpcClient - [printIfInfoEnabled,60] - [1700015088342_127.0.0.1_1874]Ignore complete event,isRunning:false,isAbandon=false
14:50:46.563 [SpringApplicationShutdownHook] INFO  c.a.n.c.r.c.g.GrpcClient - [shutdown,85] - Shutdown grpc executor java.util.concurrent.ThreadPoolExecutor@3b37a4fe[Running, pool size = 6, active threads = 1, queued tasks = 0, completed tasks = 3229]
14:50:58.103 [background-preinit] INFO  o.h.v.i.util.Version - [<clinit>,21] - HV000001: Hibernate Validator 6.2.5.Final
14:51:00.516 [main] INFO  c.a.n.c.r.client - [lambda$createClient$0,80] - [RpcClientFactory] create a new rpc client of 69c2a8e0-73b0-429f-86de-43720ad3d5ec_config-0
14:51:00.632 [main] INFO  o.r.Reflections - [scan,232] - Reflections took 71 ms to scan 1 urls, producing 3 keys and 6 values 
14:51:00.696 [main] INFO  o.r.Reflections - [scan,232] - Reflections took 26 ms to scan 1 urls, producing 4 keys and 9 values 
14:51:00.716 [main] INFO  o.r.Reflections - [scan,232] - Reflections took 18 ms to scan 1 urls, producing 3 keys and 10 values 
14:51:01.045 [main] INFO  o.r.Reflections - [scan,232] - Reflections took 322 ms to scan 175 urls, producing 0 keys and 0 values 
14:51:01.067 [main] INFO  o.r.Reflections - [scan,232] - Reflections took 20 ms to scan 1 urls, producing 1 keys and 5 values 
14:51:01.094 [main] INFO  o.r.Reflections - [scan,232] - Reflections took 19 ms to scan 1 urls, producing 1 keys and 7 values 
14:51:01.125 [main] INFO  o.r.Reflections - [scan,232] - Reflections took 27 ms to scan 1 urls, producing 2 keys and 8 values 
14:51:01.376 [main] INFO  o.r.Reflections - [scan,232] - Reflections took 247 ms to scan 175 urls, producing 0 keys and 0 values 
14:51:01.377 [main] INFO  c.a.n.c.r.client - [printIfInfoEnabled,60] - [69c2a8e0-73b0-429f-86de-43720ad3d5ec_config-0] RpcClient init label, labels = {module=config, Vipserver-Tag=null, source=sdk, Amory-Tag=null, Location-Tag=null, taskId=0, AppName=unknown}
14:51:01.378 [main] INFO  c.a.n.c.r.client - [printIfInfoEnabled,60] - [69c2a8e0-73b0-429f-86de-43720ad3d5ec_config-0] Register server push request handler:com.alibaba.nacos.client.config.impl.ClientWorker$ConfigRpcTransportClient$$Lambda$335/1210939243
14:51:01.379 [main] INFO  c.a.n.c.r.client - [printIfInfoEnabled,60] - [69c2a8e0-73b0-429f-86de-43720ad3d5ec_config-0] Register server push request handler:com.alibaba.nacos.client.config.impl.ClientWorker$ConfigRpcTransportClient$$Lambda$336/1079125839
14:51:01.380 [main] INFO  c.a.n.c.r.client - [printIfInfoEnabled,60] - [69c2a8e0-73b0-429f-86de-43720ad3d5ec_config-0] Registry connection listener to current client:com.alibaba.nacos.client.config.impl.ClientWorker$ConfigRpcTransportClient$1
14:51:01.381 [main] INFO  c.a.n.c.r.client - [printIfInfoEnabled,60] - [69c2a8e0-73b0-429f-86de-43720ad3d5ec_config-0] RpcClient init, ServerListFactory = com.alibaba.nacos.client.config.impl.ClientWorker$ConfigRpcTransportClient$2
14:51:01.391 [main] INFO  c.a.n.c.r.client - [printIfInfoEnabled,60] - [69c2a8e0-73b0-429f-86de-43720ad3d5ec_config-0] Try to connect to server on start up, server: {serverIp = '127.0.0.1', server main port = 8848}
14:51:05.890 [main] INFO  c.a.n.c.r.client - [printIfInfoEnabled,60] - [69c2a8e0-73b0-429f-86de-43720ad3d5ec_config-0] Success to connect to server [127.0.0.1:8848] on start up, connectionId = 1700031065535_127.0.0.1_6101
14:51:05.890 [com.alibaba.nacos.client.remote.worker] INFO  c.a.n.c.r.client - [printIfInfoEnabled,60] - [69c2a8e0-73b0-429f-86de-43720ad3d5ec_config-0] Notify connected event to listeners.
14:51:05.891 [main] INFO  c.a.n.c.r.client - [printIfInfoEnabled,60] - [69c2a8e0-73b0-429f-86de-43720ad3d5ec_config-0] Register server push request handler:com.alibaba.nacos.common.remote.client.RpcClient$ConnectResetRequestHandler
14:51:05.893 [main] INFO  c.a.n.c.r.client - [printIfInfoEnabled,60] - [69c2a8e0-73b0-429f-86de-43720ad3d5ec_config-0] Register server push request handler:com.alibaba.nacos.common.remote.client.RpcClient$$Lambda$344/1835316563
14:51:06.004 [main] INFO  c.x.a.XmapAuthApplication - [logStartupProfileInfo,637] - The following 1 profile is active: "dev"
14:51:09.447 [main] INFO  o.a.c.c.AprLifecycleListener - [log,173] - Loaded Apache Tomcat Native library [1.2.32] using APR version [1.7.0].
14:51:09.448 [main] INFO  o.a.c.c.AprLifecycleListener - [log,173] - APR capabilities: IPv6 [true], sendfile [true], accept filters [false], random [true], UDS [true].
14:51:09.448 [main] INFO  o.a.c.c.AprLifecycleListener - [log,173] - APR/OpenSSL configuration: useAprConnector [false], useOpenSSL [true]
14:51:09.453 [main] INFO  o.a.c.c.AprLifecycleListener - [log,173] - OpenSSL successfully initialized [OpenSSL 1.1.1n  15 Mar 2022]
14:51:09.470 [main] INFO  o.a.c.h.Http11NioProtocol - [log,173] - Initializing ProtocolHandler ["http-nio-9200"]
14:51:09.470 [main] INFO  o.a.c.c.StandardService - [log,173] - Starting service [Tomcat]
14:51:09.470 [main] INFO  o.a.c.c.StandardEngine - [log,173] - Starting Servlet engine: [Apache Tomcat/9.0.70]
14:51:09.984 [main] INFO  o.a.c.c.C.[.[.[/] - [log,173] - Initializing Spring embedded WebApplicationContext
14:51:11.921 [main] INFO  c.a.c.s.SentinelWebMvcConfigurer - [addInterceptors,52] - [Sentinel Starter] register SentinelWebInterceptor with urlPatterns: [/**].
14:51:16.014 [main] INFO  c.a.n.c.r.client - [lambda$createClient$0,80] - [RpcClientFactory] create a new rpc client of c1cb44ba-a7e2-4d2a-8f38-903674410619
14:51:16.014 [main] INFO  c.a.n.c.r.client - [printIfInfoEnabled,60] - [c1cb44ba-a7e2-4d2a-8f38-903674410619] RpcClient init label, labels = {module=naming, source=sdk}
14:51:16.016 [main] INFO  c.a.n.c.r.client - [printIfInfoEnabled,60] - [c1cb44ba-a7e2-4d2a-8f38-903674410619] RpcClient init, ServerListFactory = com.alibaba.nacos.client.naming.core.ServerListManager
14:51:16.016 [main] INFO  c.a.n.c.r.client - [printIfInfoEnabled,60] - [c1cb44ba-a7e2-4d2a-8f38-903674410619] Registry connection listener to current client:com.alibaba.nacos.client.naming.remote.gprc.redo.NamingGrpcRedoService
14:51:16.017 [main] INFO  c.a.n.c.r.client - [printIfInfoEnabled,60] - [c1cb44ba-a7e2-4d2a-8f38-903674410619] Register server push request handler:com.alibaba.nacos.client.naming.remote.gprc.NamingPushRequestHandler
14:51:16.017 [main] INFO  c.a.n.c.r.client - [printIfInfoEnabled,60] - [c1cb44ba-a7e2-4d2a-8f38-903674410619] Try to connect to server on start up, server: {serverIp = '127.0.0.1', server main port = 8848}
14:51:16.149 [main] INFO  c.a.n.c.r.client - [printIfInfoEnabled,60] - [c1cb44ba-a7e2-4d2a-8f38-903674410619] Success to connect to server [127.0.0.1:8848] on start up, connectionId = 1700031076024_127.0.0.1_6197
14:51:16.149 [com.alibaba.nacos.client.remote.worker] INFO  c.a.n.c.r.client - [printIfInfoEnabled,60] - [c1cb44ba-a7e2-4d2a-8f38-903674410619] Notify connected event to listeners.
14:51:16.149 [main] INFO  c.a.n.c.r.client - [printIfInfoEnabled,60] - [c1cb44ba-a7e2-4d2a-8f38-903674410619] Register server push request handler:com.alibaba.nacos.common.remote.client.RpcClient$ConnectResetRequestHandler
14:51:16.149 [main] INFO  c.a.n.c.r.client - [printIfInfoEnabled,60] - [c1cb44ba-a7e2-4d2a-8f38-903674410619] Register server push request handler:com.alibaba.nacos.common.remote.client.RpcClient$$Lambda$344/1835316563
14:51:16.187 [main] INFO  o.a.c.h.Http11NioProtocol - [log,173] - Starting ProtocolHandler ["http-nio-9200"]
14:51:16.235 [main] INFO  c.a.c.n.r.NacosServiceRegistry - [register,75] - nacos registry, DEFAULT_GROUP xmap-auth 10.100.60.135:9200 register finished
14:51:16.716 [nacos-grpc-client-executor-7] INFO  c.a.n.c.r.client - [printIfInfoEnabled,60] - [c1cb44ba-a7e2-4d2a-8f38-903674410619] Receive server push request, request = NotifySubscriberRequest, requestId = 20
14:51:16.721 [nacos-grpc-client-executor-7] INFO  c.a.n.c.r.client - [printIfInfoEnabled,60] - [c1cb44ba-a7e2-4d2a-8f38-903674410619] Ack server push request, request = NotifySubscriberRequest, requestId = 20
14:51:17.652 [main] INFO  c.x.a.XmapAuthApplication - [logStarted,61] - Started XmapAuthApplication in 21.81 seconds (JVM running for 24.499)
14:51:17.665 [main] INFO  c.a.c.n.r.NacosContextRefresher - [registerNacosListener,129] - [Nacos Config] Listening config: dataId=xmap-auth-dev.yml, group=DEFAULT_GROUP
14:51:17.666 [main] INFO  c.a.c.n.r.NacosContextRefresher - [registerNacosListener,129] - [Nacos Config] Listening config: dataId=xmap-auth, group=DEFAULT_GROUP
14:51:17.667 [main] INFO  c.a.c.n.r.NacosContextRefresher - [registerNacosListener,129] - [Nacos Config] Listening config: dataId=xmap-auth.yml, group=DEFAULT_GROUP
14:51:18.866 [RMI TCP Connection(1)-192.168.137.1] INFO  o.a.c.c.C.[.[.[/] - [log,173] - Initializing Spring DispatcherServlet 'dispatcherServlet'
16:07:38.794 [SpringApplicationShutdownHook] INFO  c.a.c.n.r.NacosServiceRegistry - [deregister,94] - De-registering from Nacos Server now...
16:07:38.802 [SpringApplicationShutdownHook] INFO  c.a.c.n.r.NacosServiceRegistry - [deregister,114] - De-registration finished.
16:07:39.158 [SpringApplicationShutdownHook] INFO  c.a.n.c.r.client - [shutdown,454] - Shutdown rpc client, set status to shutdown
16:07:39.159 [SpringApplicationShutdownHook] INFO  c.a.n.c.r.client - [shutdown,456] - Shutdown client event executor java.util.concurrent.ScheduledThreadPoolExecutor@307ebfce[Running, pool size = 2, active threads = 2, queued tasks = 0, completed tasks = 0]
16:07:39.159 [SpringApplicationShutdownHook] INFO  c.a.n.c.r.client - [closeConnection,591] - Close current connection 1700031076024_127.0.0.1_6197
16:07:39.161 [nacos-grpc-client-executor-923] INFO  c.a.n.c.r.c.g.GrpcClient - [printIfInfoEnabled,60] - [1700031076024_127.0.0.1_6197]Ignore complete event,isRunning:false,isAbandon=false
16:07:39.166 [SpringApplicationShutdownHook] INFO  c.a.n.c.r.c.g.GrpcClient - [shutdown,85] - Shutdown grpc executor java.util.concurrent.ThreadPoolExecutor@67decbcb[Running, pool size = 5, active threads = 0, queued tasks = 0, completed tasks = 924]
17:24:38.416 [background-preinit] INFO  o.h.v.i.util.Version - [<clinit>,21] - HV000001: Hibernate Validator 6.2.5.Final
17:24:40.288 [main] INFO  c.a.n.c.r.client - [lambda$createClient$0,80] - [RpcClientFactory] create a new rpc client of 678194ea-4261-43da-a7b5-f139c022f215_config-0
17:24:40.361 [main] INFO  o.r.Reflections - [scan,232] - Reflections took 51 ms to scan 1 urls, producing 3 keys and 6 values 
17:24:40.414 [main] INFO  o.r.Reflections - [scan,232] - Reflections took 27 ms to scan 1 urls, producing 4 keys and 9 values 
17:24:40.437 [main] INFO  o.r.Reflections - [scan,232] - Reflections took 18 ms to scan 1 urls, producing 3 keys and 10 values 
17:24:40.886 [main] INFO  o.r.Reflections - [scan,232] - Reflections took 442 ms to scan 175 urls, producing 0 keys and 0 values 
17:24:40.957 [main] INFO  o.r.Reflections - [scan,232] - Reflections took 70 ms to scan 1 urls, producing 1 keys and 5 values 
17:24:40.987 [main] INFO  o.r.Reflections - [scan,232] - Reflections took 22 ms to scan 1 urls, producing 1 keys and 7 values 
17:24:41.012 [main] INFO  o.r.Reflections - [scan,232] - Reflections took 22 ms to scan 1 urls, producing 2 keys and 8 values 
17:24:41.317 [main] INFO  o.r.Reflections - [scan,232] - Reflections took 302 ms to scan 175 urls, producing 0 keys and 0 values 
17:24:41.319 [main] INFO  c.a.n.c.r.client - [printIfInfoEnabled,60] - [678194ea-4261-43da-a7b5-f139c022f215_config-0] RpcClient init label, labels = {module=config, Vipserver-Tag=null, source=sdk, Amory-Tag=null, Location-Tag=null, taskId=0, AppName=unknown}
17:24:41.320 [main] INFO  c.a.n.c.r.client - [printIfInfoEnabled,60] - [678194ea-4261-43da-a7b5-f139c022f215_config-0] Register server push request handler:com.alibaba.nacos.client.config.impl.ClientWorker$ConfigRpcTransportClient$$Lambda$335/1210939243
17:24:41.321 [main] INFO  c.a.n.c.r.client - [printIfInfoEnabled,60] - [678194ea-4261-43da-a7b5-f139c022f215_config-0] Register server push request handler:com.alibaba.nacos.client.config.impl.ClientWorker$ConfigRpcTransportClient$$Lambda$336/1079125839
17:24:41.322 [main] INFO  c.a.n.c.r.client - [printIfInfoEnabled,60] - [678194ea-4261-43da-a7b5-f139c022f215_config-0] Registry connection listener to current client:com.alibaba.nacos.client.config.impl.ClientWorker$ConfigRpcTransportClient$1
17:24:41.323 [main] INFO  c.a.n.c.r.client - [printIfInfoEnabled,60] - [678194ea-4261-43da-a7b5-f139c022f215_config-0] RpcClient init, ServerListFactory = com.alibaba.nacos.client.config.impl.ClientWorker$ConfigRpcTransportClient$2
17:24:41.336 [main] INFO  c.a.n.c.r.client - [printIfInfoEnabled,60] - [678194ea-4261-43da-a7b5-f139c022f215_config-0] Try to connect to server on start up, server: {serverIp = '127.0.0.1', server main port = 8848}
17:24:45.905 [main] INFO  c.a.n.c.r.client - [printIfInfoEnabled,60] - [678194ea-4261-43da-a7b5-f139c022f215_config-0] Success to connect to server [127.0.0.1:8848] on start up, connectionId = 1700040285583_127.0.0.1_9478
17:24:45.906 [com.alibaba.nacos.client.remote.worker] INFO  c.a.n.c.r.client - [printIfInfoEnabled,60] - [678194ea-4261-43da-a7b5-f139c022f215_config-0] Notify connected event to listeners.
17:24:45.906 [main] INFO  c.a.n.c.r.client - [printIfInfoEnabled,60] - [678194ea-4261-43da-a7b5-f139c022f215_config-0] Register server push request handler:com.alibaba.nacos.common.remote.client.RpcClient$ConnectResetRequestHandler
17:24:45.907 [main] INFO  c.a.n.c.r.client - [printIfInfoEnabled,60] - [678194ea-4261-43da-a7b5-f139c022f215_config-0] Register server push request handler:com.alibaba.nacos.common.remote.client.RpcClient$$Lambda$344/1835316563
17:24:46.029 [main] INFO  c.x.a.XmapAuthApplication - [logStartupProfileInfo,637] - The following 1 profile is active: "dev"
17:24:48.433 [main] INFO  o.a.c.c.AprLifecycleListener - [log,173] - Loaded Apache Tomcat Native library [1.2.32] using APR version [1.7.0].
17:24:48.434 [main] INFO  o.a.c.c.AprLifecycleListener - [log,173] - APR capabilities: IPv6 [true], sendfile [true], accept filters [false], random [true], UDS [true].
17:24:48.434 [main] INFO  o.a.c.c.AprLifecycleListener - [log,173] - APR/OpenSSL configuration: useAprConnector [false], useOpenSSL [true]
17:24:48.437 [main] INFO  o.a.c.c.AprLifecycleListener - [log,173] - OpenSSL successfully initialized [OpenSSL 1.1.1n  15 Mar 2022]
17:24:48.446 [main] INFO  o.a.c.h.Http11NioProtocol - [log,173] - Initializing ProtocolHandler ["http-nio-9200"]
17:24:48.447 [main] INFO  o.a.c.c.StandardService - [log,173] - Starting service [Tomcat]
17:24:48.447 [main] INFO  o.a.c.c.StandardEngine - [log,173] - Starting Servlet engine: [Apache Tomcat/9.0.70]
17:24:48.605 [main] INFO  o.a.c.c.C.[.[.[/] - [log,173] - Initializing Spring embedded WebApplicationContext
17:24:49.726 [main] INFO  c.a.c.s.SentinelWebMvcConfigurer - [addInterceptors,52] - [Sentinel Starter] register SentinelWebInterceptor with urlPatterns: [/**].
17:24:53.182 [main] INFO  c.a.n.c.r.client - [lambda$createClient$0,80] - [RpcClientFactory] create a new rpc client of b817f395-78b1-4dec-b8f5-fb7c1bbc510e
17:24:53.182 [main] INFO  c.a.n.c.r.client - [printIfInfoEnabled,60] - [b817f395-78b1-4dec-b8f5-fb7c1bbc510e] RpcClient init label, labels = {module=naming, source=sdk}
17:24:53.183 [main] INFO  c.a.n.c.r.client - [printIfInfoEnabled,60] - [b817f395-78b1-4dec-b8f5-fb7c1bbc510e] RpcClient init, ServerListFactory = com.alibaba.nacos.client.naming.core.ServerListManager
17:24:53.184 [main] INFO  c.a.n.c.r.client - [printIfInfoEnabled,60] - [b817f395-78b1-4dec-b8f5-fb7c1bbc510e] Registry connection listener to current client:com.alibaba.nacos.client.naming.remote.gprc.redo.NamingGrpcRedoService
17:24:53.184 [main] INFO  c.a.n.c.r.client - [printIfInfoEnabled,60] - [b817f395-78b1-4dec-b8f5-fb7c1bbc510e] Register server push request handler:com.alibaba.nacos.client.naming.remote.gprc.NamingPushRequestHandler
17:24:53.184 [main] INFO  c.a.n.c.r.client - [printIfInfoEnabled,60] - [b817f395-78b1-4dec-b8f5-fb7c1bbc510e] Try to connect to server on start up, server: {serverIp = '127.0.0.1', server main port = 8848}
17:24:53.305 [main] INFO  c.a.n.c.r.client - [printIfInfoEnabled,60] - [b817f395-78b1-4dec-b8f5-fb7c1bbc510e] Success to connect to server [127.0.0.1:8848] on start up, connectionId = 1700040293189_127.0.0.1_9597
17:24:53.305 [main] INFO  c.a.n.c.r.client - [printIfInfoEnabled,60] - [b817f395-78b1-4dec-b8f5-fb7c1bbc510e] Register server push request handler:com.alibaba.nacos.common.remote.client.RpcClient$ConnectResetRequestHandler
17:24:53.305 [com.alibaba.nacos.client.remote.worker] INFO  c.a.n.c.r.client - [printIfInfoEnabled,60] - [b817f395-78b1-4dec-b8f5-fb7c1bbc510e] Notify connected event to listeners.
17:24:53.305 [main] INFO  c.a.n.c.r.client - [printIfInfoEnabled,60] - [b817f395-78b1-4dec-b8f5-fb7c1bbc510e] Register server push request handler:com.alibaba.nacos.common.remote.client.RpcClient$$Lambda$344/1835316563
17:24:53.333 [main] INFO  o.a.c.h.Http11NioProtocol - [log,173] - Starting ProtocolHandler ["http-nio-9200"]
17:24:53.359 [main] INFO  c.a.c.n.r.NacosServiceRegistry - [register,75] - nacos registry, DEFAULT_GROUP xmap-auth 10.100.60.135:9200 register finished
17:24:53.884 [nacos-grpc-client-executor-6] INFO  c.a.n.c.r.client - [printIfInfoEnabled,60] - [b817f395-78b1-4dec-b8f5-fb7c1bbc510e] Receive server push request, request = NotifySubscriberRequest, requestId = 56
17:24:53.889 [nacos-grpc-client-executor-6] INFO  c.a.n.c.r.client - [printIfInfoEnabled,60] - [b817f395-78b1-4dec-b8f5-fb7c1bbc510e] Ack server push request, request = NotifySubscriberRequest, requestId = 56
17:24:54.520 [main] INFO  c.x.a.XmapAuthApplication - [logStarted,61] - Started XmapAuthApplication in 17.879 seconds (JVM running for 19.735)
17:24:54.529 [main] INFO  c.a.c.n.r.NacosContextRefresher - [registerNacosListener,129] - [Nacos Config] Listening config: dataId=xmap-auth-dev.yml, group=DEFAULT_GROUP
17:24:54.530 [main] INFO  c.a.c.n.r.NacosContextRefresher - [registerNacosListener,129] - [Nacos Config] Listening config: dataId=xmap-auth, group=DEFAULT_GROUP
17:24:54.530 [main] INFO  c.a.c.n.r.NacosContextRefresher - [registerNacosListener,129] - [Nacos Config] Listening config: dataId=xmap-auth.yml, group=DEFAULT_GROUP
17:24:56.522 [RMI TCP Connection(2)-192.168.137.1] INFO  o.a.c.c.C.[.[.[/] - [log,173] - Initializing Spring DispatcherServlet 'dispatcherServlet'
17:26:06.469 [nacos-grpc-client-executor-24] INFO  c.a.n.c.r.client - [printIfInfoEnabled,60] - [b817f395-78b1-4dec-b8f5-fb7c1bbc510e] Receive server push request, request = NotifySubscriberRequest, requestId = 62
17:26:06.470 [nacos-grpc-client-executor-24] INFO  c.a.n.c.r.client - [printIfInfoEnabled,60] - [b817f395-78b1-4dec-b8f5-fb7c1bbc510e] Ack server push request, request = NotifySubscriberRequest, requestId = 62
19:26:47.824 [SpringApplicationShutdownHook] INFO  c.a.c.n.r.NacosServiceRegistry - [deregister,94] - De-registering from Nacos Server now...
19:26:47.830 [SpringApplicationShutdownHook] INFO  c.a.c.n.r.NacosServiceRegistry - [deregister,114] - De-registration finished.
19:26:48.166 [SpringApplicationShutdownHook] INFO  c.a.n.c.r.client - [shutdown,454] - Shutdown rpc client, set status to shutdown
19:26:48.166 [SpringApplicationShutdownHook] INFO  c.a.n.c.r.client - [shutdown,456] - Shutdown client event executor java.util.concurrent.ScheduledThreadPoolExecutor@49da4129[Running, pool size = 2, active threads = 2, queued tasks = 0, completed tasks = 0]
19:26:48.166 [SpringApplicationShutdownHook] INFO  c.a.n.c.r.client - [closeConnection,591] - Close current connection 1700040293189_127.0.0.1_9597
19:26:48.168 [nacos-grpc-client-executor-1478] INFO  c.a.n.c.r.c.g.GrpcClient - [printIfInfoEnabled,60] - [1700040293189_127.0.0.1_9597]Ignore complete event,isRunning:false,isAbandon=false
19:26:48.172 [SpringApplicationShutdownHook] INFO  c.a.n.c.r.c.g.GrpcClient - [shutdown,85] - Shutdown grpc executor java.util.concurrent.ThreadPoolExecutor@74ae446e[Running, pool size = 5, active threads = 0, queued tasks = 0, completed tasks = 1479]
