09:46:47.488 [background-preinit] INFO  o.h.v.i.util.Version - [<clinit>,21] - HV000001: Hibernate Validator 6.2.5.Final
09:46:49.076 [main] INFO  c.a.n.c.r.client - [lambda$createClient$0,80] - [RpcClientFactory] create a new rpc client of 3d78c0df-4939-45b0-baf8-c1e49080d286_config-0
09:46:49.122 [main] INFO  o.r.Reflections - [scan,232] - Reflections took 29 ms to scan 1 urls, producing 3 keys and 6 values 
09:46:49.149 [main] INFO  o.r.Reflections - [scan,232] - Reflections took 14 ms to scan 1 urls, producing 4 keys and 9 values 
09:46:49.162 [main] INFO  o.r.Reflections - [scan,232] - Reflections took 11 ms to scan 1 urls, producing 3 keys and 10 values 
09:46:49.351 [main] INFO  o.r.Reflections - [scan,232] - Reflections took 185 ms to scan 175 urls, producing 0 keys and 0 values 
09:46:49.362 [main] INFO  o.r.Reflections - [scan,232] - Reflections took 10 ms to scan 1 urls, producing 1 keys and 5 values 
09:46:49.376 [main] INFO  o.r.Reflections - [scan,232] - Reflections took 12 ms to scan 1 urls, producing 1 keys and 7 values 
09:46:49.388 [main] INFO  o.r.Reflections - [scan,232] - Reflections took 10 ms to scan 1 urls, producing 2 keys and 8 values 
09:46:49.561 [main] INFO  o.r.Reflections - [scan,232] - Reflections took 170 ms to scan 175 urls, producing 0 keys and 0 values 
09:46:49.563 [main] INFO  c.a.n.c.r.client - [printIfInfoEnabled,60] - [3d78c0df-4939-45b0-baf8-c1e49080d286_config-0] RpcClient init label, labels = {module=config, Vipserver-Tag=null, source=sdk, Amory-Tag=null, Location-Tag=null, taskId=0, AppName=unknown}
09:46:49.563 [main] INFO  c.a.n.c.r.client - [printIfInfoEnabled,60] - [3d78c0df-4939-45b0-baf8-c1e49080d286_config-0] Register server push request handler:com.alibaba.nacos.client.config.impl.ClientWorker$ConfigRpcTransportClient$$Lambda$335/1210939243
09:46:49.564 [main] INFO  c.a.n.c.r.client - [printIfInfoEnabled,60] - [3d78c0df-4939-45b0-baf8-c1e49080d286_config-0] Register server push request handler:com.alibaba.nacos.client.config.impl.ClientWorker$ConfigRpcTransportClient$$Lambda$336/1079125839
09:46:49.565 [main] INFO  c.a.n.c.r.client - [printIfInfoEnabled,60] - [3d78c0df-4939-45b0-baf8-c1e49080d286_config-0] Registry connection listener to current client:com.alibaba.nacos.client.config.impl.ClientWorker$ConfigRpcTransportClient$1
09:46:49.566 [main] INFO  c.a.n.c.r.client - [printIfInfoEnabled,60] - [3d78c0df-4939-45b0-baf8-c1e49080d286_config-0] RpcClient init, ServerListFactory = com.alibaba.nacos.client.config.impl.ClientWorker$ConfigRpcTransportClient$2
09:46:49.578 [main] INFO  c.a.n.c.r.client - [printIfInfoEnabled,60] - [3d78c0df-4939-45b0-baf8-c1e49080d286_config-0] Try to connect to server on start up, server: {serverIp = '127.0.0.1', server main port = 8848}
09:46:53.337 [main] INFO  c.a.n.c.r.client - [printIfInfoEnabled,60] - [3d78c0df-4939-45b0-baf8-c1e49080d286_config-0] Success to connect to server [127.0.0.1:8848] on start up, connectionId = 1698889613012_127.0.0.1_2134
09:46:53.340 [com.alibaba.nacos.client.remote.worker] INFO  c.a.n.c.r.client - [printIfInfoEnabled,60] - [3d78c0df-4939-45b0-baf8-c1e49080d286_config-0] Notify connected event to listeners.
09:46:53.341 [main] INFO  c.a.n.c.r.client - [printIfInfoEnabled,60] - [3d78c0df-4939-45b0-baf8-c1e49080d286_config-0] Register server push request handler:com.alibaba.nacos.common.remote.client.RpcClient$ConnectResetRequestHandler
09:46:53.341 [main] INFO  c.a.n.c.r.client - [printIfInfoEnabled,60] - [3d78c0df-4939-45b0-baf8-c1e49080d286_config-0] Register server push request handler:com.alibaba.nacos.common.remote.client.RpcClient$$Lambda$344/1835316563
09:46:53.441 [main] INFO  c.x.a.XmapAuthApplication - [logStartupProfileInfo,637] - The following 1 profile is active: "dev"
09:46:56.511 [main] INFO  o.a.c.c.AprLifecycleListener - [log,173] - Loaded Apache Tomcat Native library [1.2.32] using APR version [1.7.0].
09:46:56.512 [main] INFO  o.a.c.c.AprLifecycleListener - [log,173] - APR capabilities: IPv6 [true], sendfile [true], accept filters [false], random [true], UDS [true].
09:46:56.512 [main] INFO  o.a.c.c.AprLifecycleListener - [log,173] - APR/OpenSSL configuration: useAprConnector [false], useOpenSSL [true]
09:46:56.517 [main] INFO  o.a.c.c.AprLifecycleListener - [log,173] - OpenSSL successfully initialized [OpenSSL 1.1.1n  15 Mar 2022]
09:46:56.533 [main] INFO  o.a.c.h.Http11NioProtocol - [log,173] - Initializing ProtocolHandler ["http-nio-9200"]
09:46:56.534 [main] INFO  o.a.c.c.StandardService - [log,173] - Starting service [Tomcat]
09:46:56.534 [main] INFO  o.a.c.c.StandardEngine - [log,173] - Starting Servlet engine: [Apache Tomcat/9.0.70]
09:46:56.899 [main] INFO  o.a.c.c.C.[.[.[/] - [log,173] - Initializing Spring embedded WebApplicationContext
09:46:58.683 [main] INFO  c.a.c.s.SentinelWebMvcConfigurer - [addInterceptors,52] - [Sentinel Starter] register SentinelWebInterceptor with urlPatterns: [/**].
09:47:02.809 [main] INFO  c.a.n.c.r.client - [lambda$createClient$0,80] - [RpcClientFactory] create a new rpc client of f7362a4f-5fe9-454f-88ca-bfcd945306ed
09:47:02.811 [main] INFO  c.a.n.c.r.client - [printIfInfoEnabled,60] - [f7362a4f-5fe9-454f-88ca-bfcd945306ed] RpcClient init label, labels = {module=naming, source=sdk}
09:47:02.813 [main] INFO  c.a.n.c.r.client - [printIfInfoEnabled,60] - [f7362a4f-5fe9-454f-88ca-bfcd945306ed] RpcClient init, ServerListFactory = com.alibaba.nacos.client.naming.core.ServerListManager
09:47:02.813 [main] INFO  c.a.n.c.r.client - [printIfInfoEnabled,60] - [f7362a4f-5fe9-454f-88ca-bfcd945306ed] Registry connection listener to current client:com.alibaba.nacos.client.naming.remote.gprc.redo.NamingGrpcRedoService
09:47:02.813 [main] INFO  c.a.n.c.r.client - [printIfInfoEnabled,60] - [f7362a4f-5fe9-454f-88ca-bfcd945306ed] Register server push request handler:com.alibaba.nacos.client.naming.remote.gprc.NamingPushRequestHandler
09:47:02.814 [main] INFO  c.a.n.c.r.client - [printIfInfoEnabled,60] - [f7362a4f-5fe9-454f-88ca-bfcd945306ed] Try to connect to server on start up, server: {serverIp = '127.0.0.1', server main port = 8848}
09:47:02.934 [main] INFO  c.a.n.c.r.client - [printIfInfoEnabled,60] - [f7362a4f-5fe9-454f-88ca-bfcd945306ed] Success to connect to server [127.0.0.1:8848] on start up, connectionId = 1698889622822_127.0.0.1_2144
09:47:02.934 [main] INFO  c.a.n.c.r.client - [printIfInfoEnabled,60] - [f7362a4f-5fe9-454f-88ca-bfcd945306ed] Register server push request handler:com.alibaba.nacos.common.remote.client.RpcClient$ConnectResetRequestHandler
09:47:02.934 [com.alibaba.nacos.client.remote.worker] INFO  c.a.n.c.r.client - [printIfInfoEnabled,60] - [f7362a4f-5fe9-454f-88ca-bfcd945306ed] Notify connected event to listeners.
09:47:02.934 [main] INFO  c.a.n.c.r.client - [printIfInfoEnabled,60] - [f7362a4f-5fe9-454f-88ca-bfcd945306ed] Register server push request handler:com.alibaba.nacos.common.remote.client.RpcClient$$Lambda$344/1835316563
09:47:02.971 [main] INFO  o.a.c.h.Http11NioProtocol - [log,173] - Starting ProtocolHandler ["http-nio-9200"]
09:47:03.003 [main] INFO  c.a.c.n.r.NacosServiceRegistry - [register,75] - nacos registry, DEFAULT_GROUP xmap-auth 10.100.60.135:9200 register finished
09:47:03.540 [nacos-grpc-client-executor-8] INFO  c.a.n.c.r.client - [printIfInfoEnabled,60] - [f7362a4f-5fe9-454f-88ca-bfcd945306ed] Receive server push request, request = NotifySubscriberRequest, requestId = 3
09:47:03.548 [nacos-grpc-client-executor-8] INFO  c.a.n.c.r.client - [printIfInfoEnabled,60] - [f7362a4f-5fe9-454f-88ca-bfcd945306ed] Ack server push request, request = NotifySubscriberRequest, requestId = 3
09:47:04.202 [main] INFO  c.x.a.XmapAuthApplication - [logStarted,61] - Started XmapAuthApplication in 18.321 seconds (JVM running for 20.581)
09:47:04.212 [main] INFO  c.a.c.n.r.NacosContextRefresher - [registerNacosListener,129] - [Nacos Config] Listening config: dataId=xmap-auth-dev.yml, group=DEFAULT_GROUP
09:47:04.213 [main] INFO  c.a.c.n.r.NacosContextRefresher - [registerNacosListener,129] - [Nacos Config] Listening config: dataId=xmap-auth, group=DEFAULT_GROUP
09:47:04.213 [main] INFO  c.a.c.n.r.NacosContextRefresher - [registerNacosListener,129] - [Nacos Config] Listening config: dataId=xmap-auth.yml, group=DEFAULT_GROUP
09:47:05.279 [RMI TCP Connection(2)-192.168.137.1] INFO  o.a.c.c.C.[.[.[/] - [log,173] - Initializing Spring DispatcherServlet 'dispatcherServlet'
09:51:57.058 [nacos-grpc-client-executor-77] INFO  c.a.n.c.r.client - [printIfInfoEnabled,60] - [f7362a4f-5fe9-454f-88ca-bfcd945306ed] Receive server push request, request = NotifySubscriberRequest, requestId = 9
09:51:57.058 [nacos-grpc-client-executor-77] INFO  c.a.n.c.r.client - [printIfInfoEnabled,60] - [f7362a4f-5fe9-454f-88ca-bfcd945306ed] Ack server push request, request = NotifySubscriberRequest, requestId = 9
21:00:40.829 [nacos-grpc-client-executor-8116] INFO  c.a.n.c.r.client - [printIfInfoEnabled,60] - [f7362a4f-5fe9-454f-88ca-bfcd945306ed] Receive server push request, request = NotifySubscriberRequest, requestId = 22
21:00:40.874 [nacos-grpc-client-executor-8116] INFO  c.a.n.c.r.client - [printIfInfoEnabled,60] - [f7362a4f-5fe9-454f-88ca-bfcd945306ed] Ack server push request, request = NotifySubscriberRequest, requestId = 22
