10:15:13.126 [background-preinit] INFO  o.h.v.i.util.Version - [<clinit>,21] - HV000001: Hibernate Validator 6.2.5.Final
10:15:14.682 [main] INFO  c.a.n.c.r.client - [lambda$createClient$0,80] - [RpcClientFactory] create a new rpc client of 1124e0f5-1e07-4386-9d2d-6f4e21548f78_config-0
10:15:14.729 [main] INFO  o.r.Reflections - [scan,232] - Reflections took 31 ms to scan 1 urls, producing 3 keys and 6 values 
10:15:14.754 [main] INFO  o.r.Reflections - [scan,232] - Reflections took 12 ms to scan 1 urls, producing 4 keys and 9 values 
10:15:14.769 [main] INFO  o.r.Reflections - [scan,232] - Reflections took 12 ms to scan 1 urls, producing 3 keys and 10 values 
10:15:14.944 [main] INFO  o.r.Reflections - [scan,232] - Reflections took 172 ms to scan 175 urls, producing 0 keys and 0 values 
10:15:14.956 [main] INFO  o.r.Reflections - [scan,232] - Reflections took 10 ms to scan 1 urls, producing 1 keys and 5 values 
10:15:14.968 [main] INFO  o.r.Reflections - [scan,232] - Reflections took 10 ms to scan 1 urls, producing 1 keys and 7 values 
10:15:14.981 [main] INFO  o.r.Reflections - [scan,232] - Reflections took 10 ms to scan 1 urls, producing 2 keys and 8 values 
10:15:15.127 [main] INFO  o.r.Reflections - [scan,232] - Reflections took 144 ms to scan 175 urls, producing 0 keys and 0 values 
10:15:15.129 [main] INFO  c.a.n.c.r.client - [printIfInfoEnabled,60] - [1124e0f5-1e07-4386-9d2d-6f4e21548f78_config-0] RpcClient init label, labels = {module=config, Vipserver-Tag=null, source=sdk, Amory-Tag=null, Location-Tag=null, taskId=0, AppName=unknown}
10:15:15.130 [main] INFO  c.a.n.c.r.client - [printIfInfoEnabled,60] - [1124e0f5-1e07-4386-9d2d-6f4e21548f78_config-0] Register server push request handler:com.alibaba.nacos.client.config.impl.ClientWorker$ConfigRpcTransportClient$$Lambda$335/1210939243
10:15:15.131 [main] INFO  c.a.n.c.r.client - [printIfInfoEnabled,60] - [1124e0f5-1e07-4386-9d2d-6f4e21548f78_config-0] Register server push request handler:com.alibaba.nacos.client.config.impl.ClientWorker$ConfigRpcTransportClient$$Lambda$336/1079125839
10:15:15.132 [main] INFO  c.a.n.c.r.client - [printIfInfoEnabled,60] - [1124e0f5-1e07-4386-9d2d-6f4e21548f78_config-0] Registry connection listener to current client:com.alibaba.nacos.client.config.impl.ClientWorker$ConfigRpcTransportClient$1
10:15:15.133 [main] INFO  c.a.n.c.r.client - [printIfInfoEnabled,60] - [1124e0f5-1e07-4386-9d2d-6f4e21548f78_config-0] RpcClient init, ServerListFactory = com.alibaba.nacos.client.config.impl.ClientWorker$ConfigRpcTransportClient$2
10:15:15.140 [main] INFO  c.a.n.c.r.client - [printIfInfoEnabled,60] - [1124e0f5-1e07-4386-9d2d-6f4e21548f78_config-0] Try to connect to server on start up, server: {serverIp = '127.0.0.1', server main port = 8848}
10:15:18.794 [main] INFO  c.a.n.c.r.client - [printIfInfoEnabled,60] - [1124e0f5-1e07-4386-9d2d-6f4e21548f78_config-0] Success to connect to server [127.0.0.1:8848] on start up, connectionId = 1699582518470_127.0.0.1_11730
10:15:18.795 [com.alibaba.nacos.client.remote.worker] INFO  c.a.n.c.r.client - [printIfInfoEnabled,60] - [1124e0f5-1e07-4386-9d2d-6f4e21548f78_config-0] Notify connected event to listeners.
10:15:18.796 [main] INFO  c.a.n.c.r.client - [printIfInfoEnabled,60] - [1124e0f5-1e07-4386-9d2d-6f4e21548f78_config-0] Register server push request handler:com.alibaba.nacos.common.remote.client.RpcClient$ConnectResetRequestHandler
10:15:18.797 [main] INFO  c.a.n.c.r.client - [printIfInfoEnabled,60] - [1124e0f5-1e07-4386-9d2d-6f4e21548f78_config-0] Register server push request handler:com.alibaba.nacos.common.remote.client.RpcClient$$Lambda$344/1835316563
10:15:18.905 [main] INFO  c.x.a.XmapAuthApplication - [logStartupProfileInfo,637] - The following 1 profile is active: "dev"
10:15:21.371 [main] INFO  o.a.c.c.AprLifecycleListener - [log,173] - Loaded Apache Tomcat Native library [1.2.32] using APR version [1.7.0].
10:15:21.371 [main] INFO  o.a.c.c.AprLifecycleListener - [log,173] - APR capabilities: IPv6 [true], sendfile [true], accept filters [false], random [true], UDS [true].
10:15:21.371 [main] INFO  o.a.c.c.AprLifecycleListener - [log,173] - APR/OpenSSL configuration: useAprConnector [false], useOpenSSL [true]
10:15:21.375 [main] INFO  o.a.c.c.AprLifecycleListener - [log,173] - OpenSSL successfully initialized [OpenSSL 1.1.1n  15 Mar 2022]
10:15:21.388 [main] INFO  o.a.c.h.Http11NioProtocol - [log,173] - Initializing ProtocolHandler ["http-nio-9200"]
10:15:21.388 [main] INFO  o.a.c.c.StandardService - [log,173] - Starting service [Tomcat]
10:15:21.389 [main] INFO  o.a.c.c.StandardEngine - [log,173] - Starting Servlet engine: [Apache Tomcat/9.0.70]
10:15:21.650 [main] INFO  o.a.c.c.C.[.[.[/] - [log,173] - Initializing Spring embedded WebApplicationContext
10:15:23.037 [main] INFO  c.a.c.s.SentinelWebMvcConfigurer - [addInterceptors,52] - [Sentinel Starter] register SentinelWebInterceptor with urlPatterns: [/**].
10:15:26.283 [main] INFO  c.a.n.c.r.client - [lambda$createClient$0,80] - [RpcClientFactory] create a new rpc client of 0b716d54-fe73-4c8e-a8fb-e37128590bdd
10:15:26.284 [main] INFO  c.a.n.c.r.client - [printIfInfoEnabled,60] - [0b716d54-fe73-4c8e-a8fb-e37128590bdd] RpcClient init label, labels = {module=naming, source=sdk}
10:15:26.286 [main] INFO  c.a.n.c.r.client - [printIfInfoEnabled,60] - [0b716d54-fe73-4c8e-a8fb-e37128590bdd] RpcClient init, ServerListFactory = com.alibaba.nacos.client.naming.core.ServerListManager
10:15:26.286 [main] INFO  c.a.n.c.r.client - [printIfInfoEnabled,60] - [0b716d54-fe73-4c8e-a8fb-e37128590bdd] Registry connection listener to current client:com.alibaba.nacos.client.naming.remote.gprc.redo.NamingGrpcRedoService
10:15:26.287 [main] INFO  c.a.n.c.r.client - [printIfInfoEnabled,60] - [0b716d54-fe73-4c8e-a8fb-e37128590bdd] Register server push request handler:com.alibaba.nacos.client.naming.remote.gprc.NamingPushRequestHandler
10:15:26.288 [main] INFO  c.a.n.c.r.client - [printIfInfoEnabled,60] - [0b716d54-fe73-4c8e-a8fb-e37128590bdd] Try to connect to server on start up, server: {serverIp = '127.0.0.1', server main port = 8848}
10:15:26.409 [main] INFO  c.a.n.c.r.client - [printIfInfoEnabled,60] - [0b716d54-fe73-4c8e-a8fb-e37128590bdd] Success to connect to server [127.0.0.1:8848] on start up, connectionId = 1699582526294_127.0.0.1_11818
10:15:26.409 [main] INFO  c.a.n.c.r.client - [printIfInfoEnabled,60] - [0b716d54-fe73-4c8e-a8fb-e37128590bdd] Register server push request handler:com.alibaba.nacos.common.remote.client.RpcClient$ConnectResetRequestHandler
10:15:26.409 [com.alibaba.nacos.client.remote.worker] INFO  c.a.n.c.r.client - [printIfInfoEnabled,60] - [0b716d54-fe73-4c8e-a8fb-e37128590bdd] Notify connected event to listeners.
10:15:26.409 [main] INFO  c.a.n.c.r.client - [printIfInfoEnabled,60] - [0b716d54-fe73-4c8e-a8fb-e37128590bdd] Register server push request handler:com.alibaba.nacos.common.remote.client.RpcClient$$Lambda$344/1835316563
10:15:26.444 [main] INFO  o.a.c.h.Http11NioProtocol - [log,173] - Starting ProtocolHandler ["http-nio-9200"]
10:15:26.472 [main] INFO  c.a.c.n.r.NacosServiceRegistry - [register,75] - nacos registry, DEFAULT_GROUP xmap-auth 10.100.60.135:9200 register finished
10:15:26.997 [nacos-grpc-client-executor-7] INFO  c.a.n.c.r.client - [printIfInfoEnabled,60] - [0b716d54-fe73-4c8e-a8fb-e37128590bdd] Receive server push request, request = NotifySubscriberRequest, requestId = 3
10:15:27.001 [nacos-grpc-client-executor-7] INFO  c.a.n.c.r.client - [printIfInfoEnabled,60] - [0b716d54-fe73-4c8e-a8fb-e37128590bdd] Ack server push request, request = NotifySubscriberRequest, requestId = 3
10:15:27.668 [main] INFO  c.x.a.XmapAuthApplication - [logStarted,61] - Started XmapAuthApplication in 16.015 seconds (JVM running for 17.978)
10:15:27.679 [main] INFO  c.a.c.n.r.NacosContextRefresher - [registerNacosListener,129] - [Nacos Config] Listening config: dataId=xmap-auth-dev.yml, group=DEFAULT_GROUP
10:15:27.680 [main] INFO  c.a.c.n.r.NacosContextRefresher - [registerNacosListener,129] - [Nacos Config] Listening config: dataId=xmap-auth, group=DEFAULT_GROUP
10:15:27.680 [main] INFO  c.a.c.n.r.NacosContextRefresher - [registerNacosListener,129] - [Nacos Config] Listening config: dataId=xmap-auth.yml, group=DEFAULT_GROUP
10:15:28.787 [RMI TCP Connection(2)-192.168.137.1] INFO  o.a.c.c.C.[.[.[/] - [log,173] - Initializing Spring DispatcherServlet 'dispatcherServlet'
11:12:49.112 [nacos-grpc-client-executor-703] INFO  c.a.n.c.r.client - [printIfInfoEnabled,60] - [0b716d54-fe73-4c8e-a8fb-e37128590bdd] Receive server push request, request = NotifySubscriberRequest, requestId = 12
11:12:49.113 [nacos-grpc-client-executor-703] INFO  c.a.n.c.r.client - [printIfInfoEnabled,60] - [0b716d54-fe73-4c8e-a8fb-e37128590bdd] Ack server push request, request = NotifySubscriberRequest, requestId = 12
