10:07:28.588 [background-preinit] INFO  o.h.v.i.util.Version - [<clinit>,21] - HV000001: Hibernate Validator 6.2.5.Final
10:07:30.104 [main] INFO  c.a.n.c.r.client - [lambda$createClient$0,80] - [RpcClientFactory] create a new rpc client of dc5e0428-20e0-4679-927f-de29a7e2a649_config-0
10:07:30.145 [main] INFO  o.r.Reflections - [scan,232] - Reflections took 26 ms to scan 1 urls, producing 3 keys and 6 values 
10:07:30.169 [main] INFO  o.r.Reflections - [scan,232] - Reflections took 11 ms to scan 1 urls, producing 4 keys and 9 values 
10:07:30.182 [main] INFO  o.r.Reflections - [scan,232] - Reflections took 10 ms to scan 1 urls, producing 3 keys and 10 values 
10:07:30.349 [main] INFO  o.r.Reflections - [scan,232] - Reflections took 164 ms to scan 175 urls, producing 0 keys and 0 values 
10:07:30.359 [main] INFO  o.r.Reflections - [scan,232] - Reflections took 9 ms to scan 1 urls, producing 1 keys and 5 values 
10:07:30.371 [main] INFO  o.r.Reflections - [scan,232] - Reflections took 10 ms to scan 1 urls, producing 1 keys and 7 values 
10:07:30.382 [main] INFO  o.r.Reflections - [scan,232] - Reflections took 9 ms to scan 1 urls, producing 2 keys and 8 values 
10:07:30.518 [main] INFO  o.r.Reflections - [scan,232] - Reflections took 134 ms to scan 175 urls, producing 0 keys and 0 values 
10:07:30.519 [main] INFO  c.a.n.c.r.client - [printIfInfoEnabled,60] - [dc5e0428-20e0-4679-927f-de29a7e2a649_config-0] RpcClient init label, labels = {module=config, Vipserver-Tag=null, source=sdk, Amory-Tag=null, Location-Tag=null, taskId=0, AppName=unknown}
10:07:30.520 [main] INFO  c.a.n.c.r.client - [printIfInfoEnabled,60] - [dc5e0428-20e0-4679-927f-de29a7e2a649_config-0] Register server push request handler:com.alibaba.nacos.client.config.impl.ClientWorker$ConfigRpcTransportClient$$Lambda$335/1210939243
10:07:30.520 [main] INFO  c.a.n.c.r.client - [printIfInfoEnabled,60] - [dc5e0428-20e0-4679-927f-de29a7e2a649_config-0] Register server push request handler:com.alibaba.nacos.client.config.impl.ClientWorker$ConfigRpcTransportClient$$Lambda$336/1079125839
10:07:30.521 [main] INFO  c.a.n.c.r.client - [printIfInfoEnabled,60] - [dc5e0428-20e0-4679-927f-de29a7e2a649_config-0] Registry connection listener to current client:com.alibaba.nacos.client.config.impl.ClientWorker$ConfigRpcTransportClient$1
10:07:30.521 [main] INFO  c.a.n.c.r.client - [printIfInfoEnabled,60] - [dc5e0428-20e0-4679-927f-de29a7e2a649_config-0] RpcClient init, ServerListFactory = com.alibaba.nacos.client.config.impl.ClientWorker$ConfigRpcTransportClient$2
10:07:30.527 [main] INFO  c.a.n.c.r.client - [printIfInfoEnabled,60] - [dc5e0428-20e0-4679-927f-de29a7e2a649_config-0] Try to connect to server on start up, server: {serverIp = '127.0.0.1', server main port = 8848}
10:07:33.710 [main] INFO  c.a.n.c.r.client - [printIfInfoEnabled,60] - [dc5e0428-20e0-4679-927f-de29a7e2a649_config-0] Success to connect to server [127.0.0.1:8848] on start up, connectionId = 1701828453432_127.0.0.1_6061
10:07:33.710 [com.alibaba.nacos.client.remote.worker] INFO  c.a.n.c.r.client - [printIfInfoEnabled,60] - [dc5e0428-20e0-4679-927f-de29a7e2a649_config-0] Notify connected event to listeners.
10:07:33.711 [main] INFO  c.a.n.c.r.client - [printIfInfoEnabled,60] - [dc5e0428-20e0-4679-927f-de29a7e2a649_config-0] Register server push request handler:com.alibaba.nacos.common.remote.client.RpcClient$ConnectResetRequestHandler
10:07:33.711 [main] INFO  c.a.n.c.r.client - [printIfInfoEnabled,60] - [dc5e0428-20e0-4679-927f-de29a7e2a649_config-0] Register server push request handler:com.alibaba.nacos.common.remote.client.RpcClient$$Lambda$344/1835316563
10:07:33.774 [main] INFO  c.x.a.XmapAuthApplication - [logStartupProfileInfo,637] - The following 1 profile is active: "dev"
10:07:35.746 [main] INFO  o.a.c.c.AprLifecycleListener - [log,173] - Loaded Apache Tomcat Native library [1.2.32] using APR version [1.7.0].
10:07:35.747 [main] INFO  o.a.c.c.AprLifecycleListener - [log,173] - APR capabilities: IPv6 [true], sendfile [true], accept filters [false], random [true], UDS [true].
10:07:35.747 [main] INFO  o.a.c.c.AprLifecycleListener - [log,173] - APR/OpenSSL configuration: useAprConnector [false], useOpenSSL [true]
10:07:35.751 [main] INFO  o.a.c.c.AprLifecycleListener - [log,173] - OpenSSL successfully initialized [OpenSSL 1.1.1n  15 Mar 2022]
10:07:35.761 [main] INFO  o.a.c.h.Http11NioProtocol - [log,173] - Initializing ProtocolHandler ["http-nio-9200"]
10:07:35.762 [main] INFO  o.a.c.c.StandardService - [log,173] - Starting service [Tomcat]
10:07:35.762 [main] INFO  o.a.c.c.StandardEngine - [log,173] - Starting Servlet engine: [Apache Tomcat/9.0.70]
10:07:36.007 [main] INFO  o.a.c.c.C.[.[.[/] - [log,173] - Initializing Spring embedded WebApplicationContext
10:07:37.138 [main] INFO  c.a.c.s.SentinelWebMvcConfigurer - [addInterceptors,52] - [Sentinel Starter] register SentinelWebInterceptor with urlPatterns: [/**].
10:07:42.243 [main] INFO  c.a.n.c.r.client - [lambda$createClient$0,80] - [RpcClientFactory] create a new rpc client of 032816f0-a918-4bb1-b3ff-08e9e733d205
10:07:42.243 [main] INFO  c.a.n.c.r.client - [printIfInfoEnabled,60] - [032816f0-a918-4bb1-b3ff-08e9e733d205] RpcClient init label, labels = {module=naming, source=sdk}
10:07:42.247 [main] INFO  c.a.n.c.r.client - [printIfInfoEnabled,60] - [032816f0-a918-4bb1-b3ff-08e9e733d205] RpcClient init, ServerListFactory = com.alibaba.nacos.client.naming.core.ServerListManager
10:07:42.247 [main] INFO  c.a.n.c.r.client - [printIfInfoEnabled,60] - [032816f0-a918-4bb1-b3ff-08e9e733d205] Registry connection listener to current client:com.alibaba.nacos.client.naming.remote.gprc.redo.NamingGrpcRedoService
10:07:42.248 [main] INFO  c.a.n.c.r.client - [printIfInfoEnabled,60] - [032816f0-a918-4bb1-b3ff-08e9e733d205] Register server push request handler:com.alibaba.nacos.client.naming.remote.gprc.NamingPushRequestHandler
10:07:42.249 [main] INFO  c.a.n.c.r.client - [printIfInfoEnabled,60] - [032816f0-a918-4bb1-b3ff-08e9e733d205] Try to connect to server on start up, server: {serverIp = '127.0.0.1', server main port = 8848}
10:07:42.383 [main] INFO  c.a.n.c.r.client - [printIfInfoEnabled,60] - [032816f0-a918-4bb1-b3ff-08e9e733d205] Success to connect to server [127.0.0.1:8848] on start up, connectionId = 1701828462259_127.0.0.1_6102
10:07:42.383 [com.alibaba.nacos.client.remote.worker] INFO  c.a.n.c.r.client - [printIfInfoEnabled,60] - [032816f0-a918-4bb1-b3ff-08e9e733d205] Notify connected event to listeners.
10:07:42.383 [main] INFO  c.a.n.c.r.client - [printIfInfoEnabled,60] - [032816f0-a918-4bb1-b3ff-08e9e733d205] Register server push request handler:com.alibaba.nacos.common.remote.client.RpcClient$ConnectResetRequestHandler
10:07:42.384 [main] INFO  c.a.n.c.r.client - [printIfInfoEnabled,60] - [032816f0-a918-4bb1-b3ff-08e9e733d205] Register server push request handler:com.alibaba.nacos.common.remote.client.RpcClient$$Lambda$344/1835316563
10:07:42.445 [main] INFO  o.a.c.h.Http11NioProtocol - [log,173] - Starting ProtocolHandler ["http-nio-9200"]
10:07:42.512 [main] INFO  c.a.c.n.r.NacosServiceRegistry - [register,75] - nacos registry, DEFAULT_GROUP xmap-auth 10.100.60.135:9200 register finished
10:07:42.992 [nacos-grpc-client-executor-9] INFO  c.a.n.c.r.client - [printIfInfoEnabled,60] - [032816f0-a918-4bb1-b3ff-08e9e733d205] Receive server push request, request = NotifySubscriberRequest, requestId = 3
10:07:43.002 [nacos-grpc-client-executor-9] INFO  c.a.n.c.r.client - [printIfInfoEnabled,60] - [032816f0-a918-4bb1-b3ff-08e9e733d205] Ack server push request, request = NotifySubscriberRequest, requestId = 3
10:07:44.185 [main] INFO  c.x.a.XmapAuthApplication - [logStarted,61] - Started XmapAuthApplication in 17.061 seconds (JVM running for 18.936)
10:07:44.194 [main] INFO  c.a.c.n.r.NacosContextRefresher - [registerNacosListener,129] - [Nacos Config] Listening config: dataId=xmap-auth-dev.yml, group=DEFAULT_GROUP
10:07:44.195 [main] INFO  c.a.c.n.r.NacosContextRefresher - [registerNacosListener,129] - [Nacos Config] Listening config: dataId=xmap-auth, group=DEFAULT_GROUP
10:07:44.196 [main] INFO  c.a.c.n.r.NacosContextRefresher - [registerNacosListener,129] - [Nacos Config] Listening config: dataId=xmap-auth.yml, group=DEFAULT_GROUP
10:07:46.734 [RMI TCP Connection(5)-192.168.137.1] INFO  o.a.c.c.C.[.[.[/] - [log,173] - Initializing Spring DispatcherServlet 'dispatcherServlet'
10:20:24.000 [nacos-grpc-client-executor-167] INFO  c.a.n.c.r.client - [printIfInfoEnabled,60] - [032816f0-a918-4bb1-b3ff-08e9e733d205] Receive server push request, request = NotifySubscriberRequest, requestId = 9
10:20:24.001 [nacos-grpc-client-executor-167] INFO  c.a.n.c.r.client - [printIfInfoEnabled,60] - [032816f0-a918-4bb1-b3ff-08e9e733d205] Ack server push request, request = NotifySubscriberRequest, requestId = 9
17:30:50.035 [SpringApplicationShutdownHook] INFO  c.a.c.n.r.NacosServiceRegistry - [deregister,94] - De-registering from Nacos Server now...
17:30:50.042 [SpringApplicationShutdownHook] INFO  c.a.c.n.r.NacosServiceRegistry - [deregister,114] - De-registration finished.
17:30:50.373 [SpringApplicationShutdownHook] INFO  c.a.n.c.r.client - [shutdown,454] - Shutdown rpc client, set status to shutdown
17:30:50.374 [SpringApplicationShutdownHook] INFO  c.a.n.c.r.client - [shutdown,456] - Shutdown client event executor java.util.concurrent.ScheduledThreadPoolExecutor@36fc4f89[Running, pool size = 2, active threads = 2, queued tasks = 0, completed tasks = 0]
17:30:50.374 [SpringApplicationShutdownHook] INFO  c.a.n.c.r.client - [closeConnection,591] - Close current connection 1701828462259_127.0.0.1_6102
17:30:50.377 [nacos-grpc-client-executor-5328] INFO  c.a.n.c.r.c.g.GrpcClient - [printIfInfoEnabled,60] - [1701828462259_127.0.0.1_6102]Ignore complete event,isRunning:false,isAbandon=false
17:30:50.382 [SpringApplicationShutdownHook] INFO  c.a.n.c.r.c.g.GrpcClient - [shutdown,85] - Shutdown grpc executor java.util.concurrent.ThreadPoolExecutor@4e6c074c[Running, pool size = 5, active threads = 0, queued tasks = 0, completed tasks = 5329]
