09:19:54.028 [background-preinit] INFO  o.h.v.i.util.Version - [<clinit>,21] - HV000001: Hibernate Validator 6.2.5.Final
09:19:55.684 [main] INFO  c.a.n.c.r.client - [lambda$createClient$0,80] - [RpcClientFactory] create a new rpc client of 63f68e47-80b9-4604-bf53-0894582520a4_config-0
09:19:55.743 [main] INFO  o.r.Reflections - [scan,232] - Reflections took 38 ms to scan 1 urls, producing 3 keys and 6 values 
09:19:55.776 [main] INFO  o.r.Reflections - [scan,232] - Reflections took 15 ms to scan 1 urls, producing 4 keys and 9 values 
09:19:55.792 [main] INFO  o.r.Reflections - [scan,232] - Reflections took 14 ms to scan 1 urls, producing 3 keys and 10 values 
09:19:56.036 [main] INFO  o.r.Reflections - [scan,232] - Reflections took 241 ms to scan 175 urls, producing 0 keys and 0 values 
09:19:56.050 [main] INFO  o.r.Reflections - [scan,232] - Reflections took 13 ms to scan 1 urls, producing 1 keys and 5 values 
09:19:56.076 [main] INFO  o.r.Reflections - [scan,232] - Reflections took 22 ms to scan 1 urls, producing 1 keys and 7 values 
09:19:56.100 [main] INFO  o.r.Reflections - [scan,232] - Reflections took 19 ms to scan 1 urls, producing 2 keys and 8 values 
09:19:56.408 [main] INFO  o.r.Reflections - [scan,232] - Reflections took 303 ms to scan 175 urls, producing 0 keys and 0 values 
09:19:56.409 [main] INFO  c.a.n.c.r.client - [printIfInfoEnabled,60] - [63f68e47-80b9-4604-bf53-0894582520a4_config-0] RpcClient init label, labels = {module=config, Vipserver-Tag=null, source=sdk, Amory-Tag=null, Location-Tag=null, taskId=0, AppName=unknown}
09:19:56.410 [main] INFO  c.a.n.c.r.client - [printIfInfoEnabled,60] - [63f68e47-80b9-4604-bf53-0894582520a4_config-0] Register server push request handler:com.alibaba.nacos.client.config.impl.ClientWorker$ConfigRpcTransportClient$$Lambda$335/1210939243
09:19:56.411 [main] INFO  c.a.n.c.r.client - [printIfInfoEnabled,60] - [63f68e47-80b9-4604-bf53-0894582520a4_config-0] Register server push request handler:com.alibaba.nacos.client.config.impl.ClientWorker$ConfigRpcTransportClient$$Lambda$336/1079125839
09:19:56.412 [main] INFO  c.a.n.c.r.client - [printIfInfoEnabled,60] - [63f68e47-80b9-4604-bf53-0894582520a4_config-0] Registry connection listener to current client:com.alibaba.nacos.client.config.impl.ClientWorker$ConfigRpcTransportClient$1
09:19:56.413 [main] INFO  c.a.n.c.r.client - [printIfInfoEnabled,60] - [63f68e47-80b9-4604-bf53-0894582520a4_config-0] RpcClient init, ServerListFactory = com.alibaba.nacos.client.config.impl.ClientWorker$ConfigRpcTransportClient$2
09:19:56.426 [main] INFO  c.a.n.c.r.client - [printIfInfoEnabled,60] - [63f68e47-80b9-4604-bf53-0894582520a4_config-0] Try to connect to server on start up, server: {serverIp = '127.0.0.1', server main port = 8848}
09:20:00.195 [main] INFO  c.a.n.c.r.client - [printIfInfoEnabled,60] - [63f68e47-80b9-4604-bf53-0894582520a4_config-0] Success to connect to server [127.0.0.1:8848] on start up, connectionId = 1699319999883_127.0.0.1_10700
09:20:00.196 [com.alibaba.nacos.client.remote.worker] INFO  c.a.n.c.r.client - [printIfInfoEnabled,60] - [63f68e47-80b9-4604-bf53-0894582520a4_config-0] Notify connected event to listeners.
09:20:00.196 [main] INFO  c.a.n.c.r.client - [printIfInfoEnabled,60] - [63f68e47-80b9-4604-bf53-0894582520a4_config-0] Register server push request handler:com.alibaba.nacos.common.remote.client.RpcClient$ConnectResetRequestHandler
09:20:00.197 [main] INFO  c.a.n.c.r.client - [printIfInfoEnabled,60] - [63f68e47-80b9-4604-bf53-0894582520a4_config-0] Register server push request handler:com.alibaba.nacos.common.remote.client.RpcClient$$Lambda$344/1835316563
09:20:00.324 [main] INFO  c.x.a.XmapAuthApplication - [logStartupProfileInfo,637] - The following 1 profile is active: "dev"
09:20:02.987 [main] INFO  o.a.c.c.AprLifecycleListener - [log,173] - Loaded Apache Tomcat Native library [1.2.32] using APR version [1.7.0].
09:20:02.987 [main] INFO  o.a.c.c.AprLifecycleListener - [log,173] - APR capabilities: IPv6 [true], sendfile [true], accept filters [false], random [true], UDS [true].
09:20:02.987 [main] INFO  o.a.c.c.AprLifecycleListener - [log,173] - APR/OpenSSL configuration: useAprConnector [false], useOpenSSL [true]
09:20:02.991 [main] INFO  o.a.c.c.AprLifecycleListener - [log,173] - OpenSSL successfully initialized [OpenSSL 1.1.1n  15 Mar 2022]
09:20:03.002 [main] INFO  o.a.c.h.Http11NioProtocol - [log,173] - Initializing ProtocolHandler ["http-nio-9200"]
09:20:03.002 [main] INFO  o.a.c.c.StandardService - [log,173] - Starting service [Tomcat]
09:20:03.003 [main] INFO  o.a.c.c.StandardEngine - [log,173] - Starting Servlet engine: [Apache Tomcat/9.0.70]
09:20:03.234 [main] INFO  o.a.c.c.C.[.[.[/] - [log,173] - Initializing Spring embedded WebApplicationContext
09:20:04.527 [main] INFO  c.a.c.s.SentinelWebMvcConfigurer - [addInterceptors,52] - [Sentinel Starter] register SentinelWebInterceptor with urlPatterns: [/**].
09:20:10.195 [main] INFO  c.a.n.c.r.client - [lambda$createClient$0,80] - [RpcClientFactory] create a new rpc client of ec1c21ab-ce9e-4339-a603-c8b019ca3718
09:20:10.196 [main] INFO  c.a.n.c.r.client - [printIfInfoEnabled,60] - [ec1c21ab-ce9e-4339-a603-c8b019ca3718] RpcClient init label, labels = {module=naming, source=sdk}
09:20:10.199 [main] INFO  c.a.n.c.r.client - [printIfInfoEnabled,60] - [ec1c21ab-ce9e-4339-a603-c8b019ca3718] RpcClient init, ServerListFactory = com.alibaba.nacos.client.naming.core.ServerListManager
09:20:10.199 [main] INFO  c.a.n.c.r.client - [printIfInfoEnabled,60] - [ec1c21ab-ce9e-4339-a603-c8b019ca3718] Registry connection listener to current client:com.alibaba.nacos.client.naming.remote.gprc.redo.NamingGrpcRedoService
09:20:10.200 [main] INFO  c.a.n.c.r.client - [printIfInfoEnabled,60] - [ec1c21ab-ce9e-4339-a603-c8b019ca3718] Register server push request handler:com.alibaba.nacos.client.naming.remote.gprc.NamingPushRequestHandler
09:20:10.201 [main] INFO  c.a.n.c.r.client - [printIfInfoEnabled,60] - [ec1c21ab-ce9e-4339-a603-c8b019ca3718] Try to connect to server on start up, server: {serverIp = '127.0.0.1', server main port = 8848}
09:20:10.329 [main] INFO  c.a.n.c.r.client - [printIfInfoEnabled,60] - [ec1c21ab-ce9e-4339-a603-c8b019ca3718] Success to connect to server [127.0.0.1:8848] on start up, connectionId = 1699320010212_127.0.0.1_10777
09:20:10.329 [com.alibaba.nacos.client.remote.worker] INFO  c.a.n.c.r.client - [printIfInfoEnabled,60] - [ec1c21ab-ce9e-4339-a603-c8b019ca3718] Notify connected event to listeners.
09:20:10.329 [main] INFO  c.a.n.c.r.client - [printIfInfoEnabled,60] - [ec1c21ab-ce9e-4339-a603-c8b019ca3718] Register server push request handler:com.alibaba.nacos.common.remote.client.RpcClient$ConnectResetRequestHandler
09:20:10.330 [main] INFO  c.a.n.c.r.client - [printIfInfoEnabled,60] - [ec1c21ab-ce9e-4339-a603-c8b019ca3718] Register server push request handler:com.alibaba.nacos.common.remote.client.RpcClient$$Lambda$344/1835316563
09:20:10.384 [main] INFO  o.a.c.h.Http11NioProtocol - [log,173] - Starting ProtocolHandler ["http-nio-9200"]
09:20:10.439 [main] INFO  c.a.c.n.r.NacosServiceRegistry - [register,75] - nacos registry, DEFAULT_GROUP xmap-auth 10.100.60.135:9200 register finished
09:20:10.950 [nacos-grpc-client-executor-8] INFO  c.a.n.c.r.client - [printIfInfoEnabled,60] - [ec1c21ab-ce9e-4339-a603-c8b019ca3718] Receive server push request, request = NotifySubscriberRequest, requestId = 3
09:20:10.958 [nacos-grpc-client-executor-8] INFO  c.a.n.c.r.client - [printIfInfoEnabled,60] - [ec1c21ab-ce9e-4339-a603-c8b019ca3718] Ack server push request, request = NotifySubscriberRequest, requestId = 3
09:20:12.281 [main] INFO  c.x.a.XmapAuthApplication - [logStarted,61] - Started XmapAuthApplication in 19.688 seconds (JVM running for 21.56)
09:20:12.298 [main] INFO  c.a.c.n.r.NacosContextRefresher - [registerNacosListener,129] - [Nacos Config] Listening config: dataId=xmap-auth-dev.yml, group=DEFAULT_GROUP
09:20:12.300 [main] INFO  c.a.c.n.r.NacosContextRefresher - [registerNacosListener,129] - [Nacos Config] Listening config: dataId=xmap-auth, group=DEFAULT_GROUP
09:20:12.300 [main] INFO  c.a.c.n.r.NacosContextRefresher - [registerNacosListener,129] - [Nacos Config] Listening config: dataId=xmap-auth.yml, group=DEFAULT_GROUP
09:20:13.273 [RMI TCP Connection(5)-192.168.137.1] INFO  o.a.c.c.C.[.[.[/] - [log,173] - Initializing Spring DispatcherServlet 'dispatcherServlet'
09:21:11.036 [nacos-grpc-client-executor-30] INFO  c.a.n.c.r.client - [printIfInfoEnabled,60] - [ec1c21ab-ce9e-4339-a603-c8b019ca3718] Receive server push request, request = NotifySubscriberRequest, requestId = 11
09:21:11.036 [nacos-grpc-client-executor-30] INFO  c.a.n.c.r.client - [printIfInfoEnabled,60] - [ec1c21ab-ce9e-4339-a603-c8b019ca3718] Ack server push request, request = NotifySubscriberRequest, requestId = 11
15:03:28.246 [SpringApplicationShutdownHook] INFO  c.a.c.n.r.NacosServiceRegistry - [deregister,94] - De-registering from Nacos Server now...
15:03:28.259 [SpringApplicationShutdownHook] INFO  c.a.c.n.r.NacosServiceRegistry - [deregister,114] - De-registration finished.
15:03:28.598 [SpringApplicationShutdownHook] INFO  c.a.n.c.r.client - [shutdown,454] - Shutdown rpc client, set status to shutdown
15:03:28.599 [SpringApplicationShutdownHook] INFO  c.a.n.c.r.client - [shutdown,456] - Shutdown client event executor java.util.concurrent.ScheduledThreadPoolExecutor@550fe934[Running, pool size = 2, active threads = 2, queued tasks = 0, completed tasks = 0]
15:03:28.599 [SpringApplicationShutdownHook] INFO  c.a.n.c.r.client - [closeConnection,591] - Close current connection 1699320010212_127.0.0.1_10777
15:03:28.602 [nacos-grpc-client-executor-4486] INFO  c.a.n.c.r.c.g.GrpcClient - [printIfInfoEnabled,60] - [1699320010212_127.0.0.1_10777]Ignore complete event,isRunning:false,isAbandon=false
15:03:28.612 [SpringApplicationShutdownHook] INFO  c.a.n.c.r.c.g.GrpcClient - [shutdown,85] - Shutdown grpc executor java.util.concurrent.ThreadPoolExecutor@6db4f50b[Running, pool size = 4, active threads = 0, queued tasks = 0, completed tasks = 4487]
15:48:34.552 [background-preinit] INFO  o.h.v.i.util.Version - [<clinit>,21] - HV000001: Hibernate Validator 6.2.5.Final
15:48:37.145 [main] INFO  c.a.n.c.r.client - [lambda$createClient$0,80] - [RpcClientFactory] create a new rpc client of e548cb00-bfb8-406f-8272-b831442f54f5_config-0
15:48:37.230 [main] INFO  o.r.Reflections - [scan,232] - Reflections took 50 ms to scan 1 urls, producing 3 keys and 6 values 
15:48:37.281 [main] INFO  o.r.Reflections - [scan,232] - Reflections took 19 ms to scan 1 urls, producing 4 keys and 9 values 
15:48:37.309 [main] INFO  o.r.Reflections - [scan,232] - Reflections took 24 ms to scan 1 urls, producing 3 keys and 10 values 
15:48:37.646 [main] INFO  o.r.Reflections - [scan,232] - Reflections took 331 ms to scan 175 urls, producing 0 keys and 0 values 
15:48:37.668 [main] INFO  o.r.Reflections - [scan,232] - Reflections took 20 ms to scan 1 urls, producing 1 keys and 5 values 
15:48:37.693 [main] INFO  o.r.Reflections - [scan,232] - Reflections took 20 ms to scan 1 urls, producing 1 keys and 7 values 
15:48:37.709 [main] INFO  o.r.Reflections - [scan,232] - Reflections took 14 ms to scan 1 urls, producing 2 keys and 8 values 
15:48:38.008 [main] INFO  o.r.Reflections - [scan,232] - Reflections took 296 ms to scan 175 urls, producing 0 keys and 0 values 
15:48:38.009 [main] INFO  c.a.n.c.r.client - [printIfInfoEnabled,60] - [e548cb00-bfb8-406f-8272-b831442f54f5_config-0] RpcClient init label, labels = {module=config, Vipserver-Tag=null, source=sdk, Amory-Tag=null, Location-Tag=null, taskId=0, AppName=unknown}
15:48:38.011 [main] INFO  c.a.n.c.r.client - [printIfInfoEnabled,60] - [e548cb00-bfb8-406f-8272-b831442f54f5_config-0] Register server push request handler:com.alibaba.nacos.client.config.impl.ClientWorker$ConfigRpcTransportClient$$Lambda$335/1210939243
15:48:38.012 [main] INFO  c.a.n.c.r.client - [printIfInfoEnabled,60] - [e548cb00-bfb8-406f-8272-b831442f54f5_config-0] Register server push request handler:com.alibaba.nacos.client.config.impl.ClientWorker$ConfigRpcTransportClient$$Lambda$336/1079125839
15:48:38.013 [main] INFO  c.a.n.c.r.client - [printIfInfoEnabled,60] - [e548cb00-bfb8-406f-8272-b831442f54f5_config-0] Registry connection listener to current client:com.alibaba.nacos.client.config.impl.ClientWorker$ConfigRpcTransportClient$1
15:48:38.015 [main] INFO  c.a.n.c.r.client - [printIfInfoEnabled,60] - [e548cb00-bfb8-406f-8272-b831442f54f5_config-0] RpcClient init, ServerListFactory = com.alibaba.nacos.client.config.impl.ClientWorker$ConfigRpcTransportClient$2
15:48:38.030 [main] INFO  c.a.n.c.r.client - [printIfInfoEnabled,60] - [e548cb00-bfb8-406f-8272-b831442f54f5_config-0] Try to connect to server on start up, server: {serverIp = '127.0.0.1', server main port = 8848}
15:48:43.433 [main] INFO  c.a.n.c.r.client - [printIfInfoEnabled,60] - [e548cb00-bfb8-406f-8272-b831442f54f5_config-0] Success to connect to server [127.0.0.1:8848] on start up, connectionId = 1699343323004_127.0.0.1_9171
15:48:43.434 [com.alibaba.nacos.client.remote.worker] INFO  c.a.n.c.r.client - [printIfInfoEnabled,60] - [e548cb00-bfb8-406f-8272-b831442f54f5_config-0] Notify connected event to listeners.
15:48:43.435 [main] INFO  c.a.n.c.r.client - [printIfInfoEnabled,60] - [e548cb00-bfb8-406f-8272-b831442f54f5_config-0] Register server push request handler:com.alibaba.nacos.common.remote.client.RpcClient$ConnectResetRequestHandler
15:48:43.436 [main] INFO  c.a.n.c.r.client - [printIfInfoEnabled,60] - [e548cb00-bfb8-406f-8272-b831442f54f5_config-0] Register server push request handler:com.alibaba.nacos.common.remote.client.RpcClient$$Lambda$344/1835316563
15:48:43.581 [main] INFO  c.x.a.XmapAuthApplication - [logStartupProfileInfo,637] - The following 1 profile is active: "dev"
15:48:47.082 [main] INFO  o.a.c.c.AprLifecycleListener - [log,173] - Loaded Apache Tomcat Native library [1.2.32] using APR version [1.7.0].
15:48:47.083 [main] INFO  o.a.c.c.AprLifecycleListener - [log,173] - APR capabilities: IPv6 [true], sendfile [true], accept filters [false], random [true], UDS [true].
15:48:47.083 [main] INFO  o.a.c.c.AprLifecycleListener - [log,173] - APR/OpenSSL configuration: useAprConnector [false], useOpenSSL [true]
15:48:47.091 [main] INFO  o.a.c.c.AprLifecycleListener - [log,173] - OpenSSL successfully initialized [OpenSSL 1.1.1n  15 Mar 2022]
15:48:47.116 [main] INFO  o.a.c.h.Http11NioProtocol - [log,173] - Initializing ProtocolHandler ["http-nio-9200"]
15:48:47.117 [main] INFO  o.a.c.c.StandardService - [log,173] - Starting service [Tomcat]
15:48:47.118 [main] INFO  o.a.c.c.StandardEngine - [log,173] - Starting Servlet engine: [Apache Tomcat/9.0.70]
15:48:47.456 [main] INFO  o.a.c.c.C.[.[.[/] - [log,173] - Initializing Spring embedded WebApplicationContext
15:48:50.744 [main] INFO  c.a.c.s.SentinelWebMvcConfigurer - [addInterceptors,52] - [Sentinel Starter] register SentinelWebInterceptor with urlPatterns: [/**].
15:48:55.849 [main] INFO  c.a.n.c.r.client - [lambda$createClient$0,80] - [RpcClientFactory] create a new rpc client of 8740d682-d8ca-414f-8df8-4f7c833c858e
15:48:55.849 [main] INFO  c.a.n.c.r.client - [printIfInfoEnabled,60] - [8740d682-d8ca-414f-8df8-4f7c833c858e] RpcClient init label, labels = {module=naming, source=sdk}
15:48:55.853 [main] INFO  c.a.n.c.r.client - [printIfInfoEnabled,60] - [8740d682-d8ca-414f-8df8-4f7c833c858e] RpcClient init, ServerListFactory = com.alibaba.nacos.client.naming.core.ServerListManager
15:48:55.854 [main] INFO  c.a.n.c.r.client - [printIfInfoEnabled,60] - [8740d682-d8ca-414f-8df8-4f7c833c858e] Registry connection listener to current client:com.alibaba.nacos.client.naming.remote.gprc.redo.NamingGrpcRedoService
15:48:55.854 [main] INFO  c.a.n.c.r.client - [printIfInfoEnabled,60] - [8740d682-d8ca-414f-8df8-4f7c833c858e] Register server push request handler:com.alibaba.nacos.client.naming.remote.gprc.NamingPushRequestHandler
15:48:55.855 [main] INFO  c.a.n.c.r.client - [printIfInfoEnabled,60] - [8740d682-d8ca-414f-8df8-4f7c833c858e] Try to connect to server on start up, server: {serverIp = '127.0.0.1', server main port = 8848}
15:48:55.979 [main] INFO  c.a.n.c.r.client - [printIfInfoEnabled,60] - [8740d682-d8ca-414f-8df8-4f7c833c858e] Success to connect to server [127.0.0.1:8848] on start up, connectionId = 1699343335862_127.0.0.1_9345
15:48:55.979 [main] INFO  c.a.n.c.r.client - [printIfInfoEnabled,60] - [8740d682-d8ca-414f-8df8-4f7c833c858e] Register server push request handler:com.alibaba.nacos.common.remote.client.RpcClient$ConnectResetRequestHandler
15:48:55.979 [com.alibaba.nacos.client.remote.worker] INFO  c.a.n.c.r.client - [printIfInfoEnabled,60] - [8740d682-d8ca-414f-8df8-4f7c833c858e] Notify connected event to listeners.
15:48:55.980 [main] INFO  c.a.n.c.r.client - [printIfInfoEnabled,60] - [8740d682-d8ca-414f-8df8-4f7c833c858e] Register server push request handler:com.alibaba.nacos.common.remote.client.RpcClient$$Lambda$344/1835316563
15:48:56.059 [main] INFO  o.a.c.h.Http11NioProtocol - [log,173] - Starting ProtocolHandler ["http-nio-9200"]
15:48:56.592 [nacos-grpc-client-executor-6] INFO  c.a.n.c.r.client - [printIfInfoEnabled,60] - [8740d682-d8ca-414f-8df8-4f7c833c858e] Receive server push request, request = NotifySubscriberRequest, requestId = 23
15:48:56.596 [nacos-grpc-client-executor-6] INFO  c.a.n.c.r.client - [printIfInfoEnabled,60] - [8740d682-d8ca-414f-8df8-4f7c833c858e] Ack server push request, request = NotifySubscriberRequest, requestId = 23
15:48:56.748 [main] INFO  c.a.n.c.r.client - [shutdown,454] - Shutdown rpc client, set status to shutdown
15:48:56.748 [main] INFO  c.a.n.c.r.client - [shutdown,456] - Shutdown client event executor java.util.concurrent.ScheduledThreadPoolExecutor@2619cb76[Running, pool size = 2, active threads = 2, queued tasks = 0, completed tasks = 0]
15:48:56.749 [main] INFO  c.a.n.c.r.client - [closeConnection,591] - Close current connection 1699343335862_127.0.0.1_9345
15:48:56.752 [nacos-grpc-client-executor-7] INFO  c.a.n.c.r.c.g.GrpcClient - [printIfInfoEnabled,60] - [1699343335862_127.0.0.1_9345]Ignore complete event,isRunning:false,isAbandon=false
15:48:56.756 [main] INFO  c.a.n.c.r.c.g.GrpcClient - [shutdown,85] - Shutdown grpc executor java.util.concurrent.ThreadPoolExecutor@5599dc60[Running, pool size = 8, active threads = 0, queued tasks = 0, completed tasks = 8]
15:48:56.759 [main] INFO  c.a.n.c.r.client - [lambda$createClient$0,80] - [RpcClientFactory] create a new rpc client of e0b2f7af-a073-464c-9482-d96f186f8031
15:48:56.760 [main] INFO  c.a.n.c.r.client - [printIfInfoEnabled,60] - [e0b2f7af-a073-464c-9482-d96f186f8031] RpcClient init label, labels = {module=naming, source=sdk}
15:48:56.760 [main] INFO  c.a.n.c.r.client - [printIfInfoEnabled,60] - [e0b2f7af-a073-464c-9482-d96f186f8031] RpcClient init, ServerListFactory = com.alibaba.nacos.client.naming.core.ServerListManager
15:48:56.760 [main] INFO  c.a.n.c.r.client - [printIfInfoEnabled,60] - [e0b2f7af-a073-464c-9482-d96f186f8031] Registry connection listener to current client:com.alibaba.nacos.client.naming.remote.gprc.redo.NamingGrpcRedoService
15:48:56.760 [main] INFO  c.a.n.c.r.client - [printIfInfoEnabled,60] - [e0b2f7af-a073-464c-9482-d96f186f8031] Register server push request handler:com.alibaba.nacos.client.naming.remote.gprc.NamingPushRequestHandler
15:48:56.761 [main] INFO  c.a.n.c.r.client - [printIfInfoEnabled,60] - [e0b2f7af-a073-464c-9482-d96f186f8031] Try to connect to server on start up, server: {serverIp = '127.0.0.1', server main port = 8848}
15:48:56.873 [main] INFO  c.a.n.c.r.client - [printIfInfoEnabled,60] - [e0b2f7af-a073-464c-9482-d96f186f8031] Success to connect to server [127.0.0.1:8848] on start up, connectionId = 1699343336768_127.0.0.1_9348
15:48:56.873 [main] INFO  c.a.n.c.r.client - [printIfInfoEnabled,60] - [e0b2f7af-a073-464c-9482-d96f186f8031] Register server push request handler:com.alibaba.nacos.common.remote.client.RpcClient$ConnectResetRequestHandler
15:48:56.873 [com.alibaba.nacos.client.remote.worker] INFO  c.a.n.c.r.client - [printIfInfoEnabled,60] - [e0b2f7af-a073-464c-9482-d96f186f8031] Notify connected event to listeners.
15:48:56.873 [main] INFO  c.a.n.c.r.client - [printIfInfoEnabled,60] - [e0b2f7af-a073-464c-9482-d96f186f8031] Register server push request handler:com.alibaba.nacos.common.remote.client.RpcClient$$Lambda$344/1835316563
15:48:56.920 [main] INFO  o.a.c.h.Http11NioProtocol - [log,173] - Pausing ProtocolHandler ["http-nio-9200"]
15:48:56.920 [main] INFO  o.a.c.c.StandardService - [log,173] - Stopping service [Tomcat]
15:48:56.930 [main] INFO  o.a.c.h.Http11NioProtocol - [log,173] - Stopping ProtocolHandler ["http-nio-9200"]
15:48:56.930 [main] INFO  o.a.c.h.Http11NioProtocol - [log,173] - Destroying ProtocolHandler ["http-nio-9200"]
15:51:08.876 [background-preinit] INFO  o.h.v.i.util.Version - [<clinit>,21] - HV000001: Hibernate Validator 6.2.5.Final
15:51:10.267 [main] INFO  c.a.n.c.r.client - [lambda$createClient$0,80] - [RpcClientFactory] create a new rpc client of c410df9b-98f1-4339-abd7-a43c37b3654e_config-0
15:51:10.308 [main] INFO  o.r.Reflections - [scan,232] - Reflections took 27 ms to scan 1 urls, producing 3 keys and 6 values 
15:51:10.333 [main] INFO  o.r.Reflections - [scan,232] - Reflections took 12 ms to scan 1 urls, producing 4 keys and 9 values 
15:51:10.347 [main] INFO  o.r.Reflections - [scan,232] - Reflections took 12 ms to scan 1 urls, producing 3 keys and 10 values 
15:51:10.502 [main] INFO  o.r.Reflections - [scan,232] - Reflections took 152 ms to scan 175 urls, producing 0 keys and 0 values 
15:51:10.513 [main] INFO  o.r.Reflections - [scan,232] - Reflections took 10 ms to scan 1 urls, producing 1 keys and 5 values 
15:51:10.525 [main] INFO  o.r.Reflections - [scan,232] - Reflections took 10 ms to scan 1 urls, producing 1 keys and 7 values 
15:51:10.537 [main] INFO  o.r.Reflections - [scan,232] - Reflections took 10 ms to scan 1 urls, producing 2 keys and 8 values 
15:51:10.673 [main] INFO  o.r.Reflections - [scan,232] - Reflections took 134 ms to scan 175 urls, producing 0 keys and 0 values 
15:51:10.674 [main] INFO  c.a.n.c.r.client - [printIfInfoEnabled,60] - [c410df9b-98f1-4339-abd7-a43c37b3654e_config-0] RpcClient init label, labels = {module=config, Vipserver-Tag=null, source=sdk, Amory-Tag=null, Location-Tag=null, taskId=0, AppName=unknown}
15:51:10.674 [main] INFO  c.a.n.c.r.client - [printIfInfoEnabled,60] - [c410df9b-98f1-4339-abd7-a43c37b3654e_config-0] Register server push request handler:com.alibaba.nacos.client.config.impl.ClientWorker$ConfigRpcTransportClient$$Lambda$335/1210939243
15:51:10.675 [main] INFO  c.a.n.c.r.client - [printIfInfoEnabled,60] - [c410df9b-98f1-4339-abd7-a43c37b3654e_config-0] Register server push request handler:com.alibaba.nacos.client.config.impl.ClientWorker$ConfigRpcTransportClient$$Lambda$336/1079125839
15:51:10.675 [main] INFO  c.a.n.c.r.client - [printIfInfoEnabled,60] - [c410df9b-98f1-4339-abd7-a43c37b3654e_config-0] Registry connection listener to current client:com.alibaba.nacos.client.config.impl.ClientWorker$ConfigRpcTransportClient$1
15:51:10.676 [main] INFO  c.a.n.c.r.client - [printIfInfoEnabled,60] - [c410df9b-98f1-4339-abd7-a43c37b3654e_config-0] RpcClient init, ServerListFactory = com.alibaba.nacos.client.config.impl.ClientWorker$ConfigRpcTransportClient$2
15:51:10.681 [main] INFO  c.a.n.c.r.client - [printIfInfoEnabled,60] - [c410df9b-98f1-4339-abd7-a43c37b3654e_config-0] Try to connect to server on start up, server: {serverIp = '127.0.0.1', server main port = 8848}
15:51:13.450 [main] INFO  c.a.n.c.r.client - [printIfInfoEnabled,60] - [c410df9b-98f1-4339-abd7-a43c37b3654e_config-0] Success to connect to server [127.0.0.1:8848] on start up, connectionId = 1699343473198_127.0.0.1_9742
15:51:13.450 [com.alibaba.nacos.client.remote.worker] INFO  c.a.n.c.r.client - [printIfInfoEnabled,60] - [c410df9b-98f1-4339-abd7-a43c37b3654e_config-0] Notify connected event to listeners.
15:51:13.451 [main] INFO  c.a.n.c.r.client - [printIfInfoEnabled,60] - [c410df9b-98f1-4339-abd7-a43c37b3654e_config-0] Register server push request handler:com.alibaba.nacos.common.remote.client.RpcClient$ConnectResetRequestHandler
15:51:13.451 [main] INFO  c.a.n.c.r.client - [printIfInfoEnabled,60] - [c410df9b-98f1-4339-abd7-a43c37b3654e_config-0] Register server push request handler:com.alibaba.nacos.common.remote.client.RpcClient$$Lambda$344/1835316563
15:51:13.508 [main] INFO  c.x.a.XmapAuthApplication - [logStartupProfileInfo,637] - The following 1 profile is active: "dev"
15:51:14.902 [main] INFO  o.a.c.c.AprLifecycleListener - [log,173] - Loaded Apache Tomcat Native library [1.2.32] using APR version [1.7.0].
15:51:14.902 [main] INFO  o.a.c.c.AprLifecycleListener - [log,173] - APR capabilities: IPv6 [true], sendfile [true], accept filters [false], random [true], UDS [true].
15:51:14.902 [main] INFO  o.a.c.c.AprLifecycleListener - [log,173] - APR/OpenSSL configuration: useAprConnector [false], useOpenSSL [true]
15:51:14.905 [main] INFO  o.a.c.c.AprLifecycleListener - [log,173] - OpenSSL successfully initialized [OpenSSL 1.1.1n  15 Mar 2022]
15:51:14.913 [main] INFO  o.a.c.h.Http11NioProtocol - [log,173] - Initializing ProtocolHandler ["http-nio-9200"]
15:51:14.913 [main] INFO  o.a.c.c.StandardService - [log,173] - Starting service [Tomcat]
15:51:14.913 [main] INFO  o.a.c.c.StandardEngine - [log,173] - Starting Servlet engine: [Apache Tomcat/9.0.70]
15:51:15.042 [main] INFO  o.a.c.c.C.[.[.[/] - [log,173] - Initializing Spring embedded WebApplicationContext
15:51:15.949 [main] INFO  c.a.c.s.SentinelWebMvcConfigurer - [addInterceptors,52] - [Sentinel Starter] register SentinelWebInterceptor with urlPatterns: [/**].
15:51:18.429 [main] INFO  c.a.n.c.r.client - [lambda$createClient$0,80] - [RpcClientFactory] create a new rpc client of 614cffb7-a18c-4a50-8415-91aaa4054778
15:51:18.430 [main] INFO  c.a.n.c.r.client - [printIfInfoEnabled,60] - [614cffb7-a18c-4a50-8415-91aaa4054778] RpcClient init label, labels = {module=naming, source=sdk}
15:51:18.431 [main] INFO  c.a.n.c.r.client - [printIfInfoEnabled,60] - [614cffb7-a18c-4a50-8415-91aaa4054778] RpcClient init, ServerListFactory = com.alibaba.nacos.client.naming.core.ServerListManager
15:51:18.431 [main] INFO  c.a.n.c.r.client - [printIfInfoEnabled,60] - [614cffb7-a18c-4a50-8415-91aaa4054778] Registry connection listener to current client:com.alibaba.nacos.client.naming.remote.gprc.redo.NamingGrpcRedoService
15:51:18.431 [main] INFO  c.a.n.c.r.client - [printIfInfoEnabled,60] - [614cffb7-a18c-4a50-8415-91aaa4054778] Register server push request handler:com.alibaba.nacos.client.naming.remote.gprc.NamingPushRequestHandler
15:51:18.432 [main] INFO  c.a.n.c.r.client - [printIfInfoEnabled,60] - [614cffb7-a18c-4a50-8415-91aaa4054778] Try to connect to server on start up, server: {serverIp = '127.0.0.1', server main port = 8848}
15:51:18.548 [main] INFO  c.a.n.c.r.client - [printIfInfoEnabled,60] - [614cffb7-a18c-4a50-8415-91aaa4054778] Success to connect to server [127.0.0.1:8848] on start up, connectionId = 1699343478436_127.0.0.1_9748
15:51:18.548 [main] INFO  c.a.n.c.r.client - [printIfInfoEnabled,60] - [614cffb7-a18c-4a50-8415-91aaa4054778] Register server push request handler:com.alibaba.nacos.common.remote.client.RpcClient$ConnectResetRequestHandler
15:51:18.548 [com.alibaba.nacos.client.remote.worker] INFO  c.a.n.c.r.client - [printIfInfoEnabled,60] - [614cffb7-a18c-4a50-8415-91aaa4054778] Notify connected event to listeners.
15:51:18.548 [main] INFO  c.a.n.c.r.client - [printIfInfoEnabled,60] - [614cffb7-a18c-4a50-8415-91aaa4054778] Register server push request handler:com.alibaba.nacos.common.remote.client.RpcClient$$Lambda$344/1835316563
15:51:18.579 [main] INFO  o.a.c.h.Http11NioProtocol - [log,173] - Starting ProtocolHandler ["http-nio-9200"]
15:51:18.604 [main] INFO  c.a.c.n.r.NacosServiceRegistry - [register,75] - nacos registry, DEFAULT_GROUP xmap-auth 10.100.60.135:9200 register finished
15:51:19.153 [nacos-grpc-client-executor-5] INFO  c.a.n.c.r.client - [printIfInfoEnabled,60] - [614cffb7-a18c-4a50-8415-91aaa4054778] Receive server push request, request = NotifySubscriberRequest, requestId = 31
15:51:19.157 [nacos-grpc-client-executor-5] INFO  c.a.n.c.r.client - [printIfInfoEnabled,60] - [614cffb7-a18c-4a50-8415-91aaa4054778] Ack server push request, request = NotifySubscriberRequest, requestId = 31
15:51:19.540 [main] INFO  c.x.a.XmapAuthApplication - [logStarted,61] - Started XmapAuthApplication in 12.344 seconds (JVM running for 13.831)
15:51:19.548 [main] INFO  c.a.c.n.r.NacosContextRefresher - [registerNacosListener,129] - [Nacos Config] Listening config: dataId=xmap-auth-dev.yml, group=DEFAULT_GROUP
15:51:19.548 [main] INFO  c.a.c.n.r.NacosContextRefresher - [registerNacosListener,129] - [Nacos Config] Listening config: dataId=xmap-auth, group=DEFAULT_GROUP
15:51:19.549 [main] INFO  c.a.c.n.r.NacosContextRefresher - [registerNacosListener,129] - [Nacos Config] Listening config: dataId=xmap-auth.yml, group=DEFAULT_GROUP
15:51:20.582 [RMI TCP Connection(4)-192.168.137.1] INFO  o.a.c.c.C.[.[.[/] - [log,173] - Initializing Spring DispatcherServlet 'dispatcherServlet'
20:12:45.036 [SpringApplicationShutdownHook] INFO  c.a.c.n.r.NacosServiceRegistry - [deregister,94] - De-registering from Nacos Server now...
20:12:45.043 [SpringApplicationShutdownHook] INFO  c.a.c.n.r.NacosServiceRegistry - [deregister,114] - De-registration finished.
20:12:45.380 [SpringApplicationShutdownHook] INFO  c.a.n.c.r.client - [shutdown,454] - Shutdown rpc client, set status to shutdown
20:12:45.380 [SpringApplicationShutdownHook] INFO  c.a.n.c.r.client - [shutdown,456] - Shutdown client event executor java.util.concurrent.ScheduledThreadPoolExecutor@2a4698e6[Running, pool size = 2, active threads = 2, queued tasks = 0, completed tasks = 0]
20:12:45.380 [SpringApplicationShutdownHook] INFO  c.a.n.c.r.client - [closeConnection,591] - Close current connection 1699343478436_127.0.0.1_9748
20:12:45.382 [nacos-grpc-client-executor-3142] INFO  c.a.n.c.r.c.g.GrpcClient - [printIfInfoEnabled,60] - [1699343478436_127.0.0.1_9748]Ignore complete event,isRunning:false,isAbandon=false
20:12:45.385 [SpringApplicationShutdownHook] INFO  c.a.n.c.r.c.g.GrpcClient - [shutdown,85] - Shutdown grpc executor java.util.concurrent.ThreadPoolExecutor@6ffd6ff1[Running, pool size = 5, active threads = 0, queued tasks = 0, completed tasks = 3143]
