09:46:01.178 [background-preinit] INFO  o.h.v.i.util.Version - [<clinit>,21] - HV000001: Hibernate Validator 6.2.5.Final
09:46:03.100 [main] INFO  c.a.n.c.r.client - [lambda$createClient$0,80] - [RpcClientFactory] create a new rpc client of 552e165a-05d2-42aa-85ca-3ce84fb7c440_config-0
09:46:03.153 [main] INFO  o.r.Reflections - [scan,232] - Reflections took 34 ms to scan 1 urls, producing 3 keys and 6 values 
09:46:03.180 [main] INFO  o.r.Reflections - [scan,232] - Reflections took 11 ms to scan 1 urls, producing 4 keys and 9 values 
09:46:03.193 [main] INFO  o.r.Reflections - [scan,232] - Reflections took 10 ms to scan 1 urls, producing 3 keys and 10 values 
09:46:03.386 [main] INFO  o.r.Reflections - [scan,232] - Reflections took 189 ms to scan 175 urls, producing 0 keys and 0 values 
09:46:03.402 [main] INFO  o.r.Reflections - [scan,232] - Reflections took 14 ms to scan 1 urls, producing 1 keys and 5 values 
09:46:03.420 [main] INFO  o.r.Reflections - [scan,232] - Reflections took 16 ms to scan 1 urls, producing 1 keys and 7 values 
09:46:03.436 [main] INFO  o.r.Reflections - [scan,232] - Reflections took 14 ms to scan 1 urls, producing 2 keys and 8 values 
09:46:03.658 [main] INFO  o.r.Reflections - [scan,232] - Reflections took 219 ms to scan 175 urls, producing 0 keys and 0 values 
09:46:03.661 [main] INFO  c.a.n.c.r.client - [printIfInfoEnabled,60] - [552e165a-05d2-42aa-85ca-3ce84fb7c440_config-0] RpcClient init label, labels = {module=config, Vipserver-Tag=null, source=sdk, Amory-Tag=null, Location-Tag=null, taskId=0, AppName=unknown}
09:46:03.663 [main] INFO  c.a.n.c.r.client - [printIfInfoEnabled,60] - [552e165a-05d2-42aa-85ca-3ce84fb7c440_config-0] Register server push request handler:com.alibaba.nacos.client.config.impl.ClientWorker$ConfigRpcTransportClient$$Lambda$335/1210939243
09:46:03.664 [main] INFO  c.a.n.c.r.client - [printIfInfoEnabled,60] - [552e165a-05d2-42aa-85ca-3ce84fb7c440_config-0] Register server push request handler:com.alibaba.nacos.client.config.impl.ClientWorker$ConfigRpcTransportClient$$Lambda$336/1079125839
09:46:03.665 [main] INFO  c.a.n.c.r.client - [printIfInfoEnabled,60] - [552e165a-05d2-42aa-85ca-3ce84fb7c440_config-0] Registry connection listener to current client:com.alibaba.nacos.client.config.impl.ClientWorker$ConfigRpcTransportClient$1
09:46:03.666 [main] INFO  c.a.n.c.r.client - [printIfInfoEnabled,60] - [552e165a-05d2-42aa-85ca-3ce84fb7c440_config-0] RpcClient init, ServerListFactory = com.alibaba.nacos.client.config.impl.ClientWorker$ConfigRpcTransportClient$2
09:46:03.700 [main] INFO  c.a.n.c.r.client - [printIfInfoEnabled,60] - [552e165a-05d2-42aa-85ca-3ce84fb7c440_config-0] Try to connect to server on start up, server: {serverIp = '127.0.0.1', server main port = 8848}
09:46:07.905 [main] INFO  c.a.n.c.r.client - [printIfInfoEnabled,60] - [552e165a-05d2-42aa-85ca-3ce84fb7c440_config-0] Success to connect to server [127.0.0.1:8848] on start up, connectionId = 1701222367638_127.0.0.1_12802
09:46:07.905 [com.alibaba.nacos.client.remote.worker] INFO  c.a.n.c.r.client - [printIfInfoEnabled,60] - [552e165a-05d2-42aa-85ca-3ce84fb7c440_config-0] Notify connected event to listeners.
09:46:07.906 [main] INFO  c.a.n.c.r.client - [printIfInfoEnabled,60] - [552e165a-05d2-42aa-85ca-3ce84fb7c440_config-0] Register server push request handler:com.alibaba.nacos.common.remote.client.RpcClient$ConnectResetRequestHandler
09:46:07.907 [main] INFO  c.a.n.c.r.client - [printIfInfoEnabled,60] - [552e165a-05d2-42aa-85ca-3ce84fb7c440_config-0] Register server push request handler:com.alibaba.nacos.common.remote.client.RpcClient$$Lambda$344/1835316563
09:46:07.979 [main] INFO  c.x.a.XmapAuthApplication - [logStartupProfileInfo,637] - The following 1 profile is active: "dev"
09:46:09.678 [main] INFO  o.a.c.c.AprLifecycleListener - [log,173] - Loaded Apache Tomcat Native library [1.2.32] using APR version [1.7.0].
09:46:09.678 [main] INFO  o.a.c.c.AprLifecycleListener - [log,173] - APR capabilities: IPv6 [true], sendfile [true], accept filters [false], random [true], UDS [true].
09:46:09.678 [main] INFO  o.a.c.c.AprLifecycleListener - [log,173] - APR/OpenSSL configuration: useAprConnector [false], useOpenSSL [true]
09:46:09.681 [main] INFO  o.a.c.c.AprLifecycleListener - [log,173] - OpenSSL successfully initialized [OpenSSL 1.1.1n  15 Mar 2022]
09:46:09.690 [main] INFO  o.a.c.h.Http11NioProtocol - [log,173] - Initializing ProtocolHandler ["http-nio-9200"]
09:46:09.691 [main] INFO  o.a.c.c.StandardService - [log,173] - Starting service [Tomcat]
09:46:09.691 [main] INFO  o.a.c.c.StandardEngine - [log,173] - Starting Servlet engine: [Apache Tomcat/9.0.70]
09:46:09.908 [main] INFO  o.a.c.c.C.[.[.[/] - [log,173] - Initializing Spring embedded WebApplicationContext
09:46:11.993 [main] INFO  c.a.c.s.SentinelWebMvcConfigurer - [addInterceptors,52] - [Sentinel Starter] register SentinelWebInterceptor with urlPatterns: [/**].
09:46:17.093 [main] INFO  c.a.n.c.r.client - [lambda$createClient$0,80] - [RpcClientFactory] create a new rpc client of 7d3deae6-be2a-4d1a-a5fb-2dbbb2073105
09:46:17.094 [main] INFO  c.a.n.c.r.client - [printIfInfoEnabled,60] - [7d3deae6-be2a-4d1a-a5fb-2dbbb2073105] RpcClient init label, labels = {module=naming, source=sdk}
09:46:17.097 [main] INFO  c.a.n.c.r.client - [printIfInfoEnabled,60] - [7d3deae6-be2a-4d1a-a5fb-2dbbb2073105] RpcClient init, ServerListFactory = com.alibaba.nacos.client.naming.core.ServerListManager
09:46:17.097 [main] INFO  c.a.n.c.r.client - [printIfInfoEnabled,60] - [7d3deae6-be2a-4d1a-a5fb-2dbbb2073105] Registry connection listener to current client:com.alibaba.nacos.client.naming.remote.gprc.redo.NamingGrpcRedoService
09:46:17.098 [main] INFO  c.a.n.c.r.client - [printIfInfoEnabled,60] - [7d3deae6-be2a-4d1a-a5fb-2dbbb2073105] Register server push request handler:com.alibaba.nacos.client.naming.remote.gprc.NamingPushRequestHandler
09:46:17.098 [main] INFO  c.a.n.c.r.client - [printIfInfoEnabled,60] - [7d3deae6-be2a-4d1a-a5fb-2dbbb2073105] Try to connect to server on start up, server: {serverIp = '127.0.0.1', server main port = 8848}
09:46:17.218 [main] INFO  c.a.n.c.r.client - [printIfInfoEnabled,60] - [7d3deae6-be2a-4d1a-a5fb-2dbbb2073105] Success to connect to server [127.0.0.1:8848] on start up, connectionId = 1701222377105_127.0.0.1_12824
09:46:17.218 [com.alibaba.nacos.client.remote.worker] INFO  c.a.n.c.r.client - [printIfInfoEnabled,60] - [7d3deae6-be2a-4d1a-a5fb-2dbbb2073105] Notify connected event to listeners.
09:46:17.218 [main] INFO  c.a.n.c.r.client - [printIfInfoEnabled,60] - [7d3deae6-be2a-4d1a-a5fb-2dbbb2073105] Register server push request handler:com.alibaba.nacos.common.remote.client.RpcClient$ConnectResetRequestHandler
09:46:17.218 [main] INFO  c.a.n.c.r.client - [printIfInfoEnabled,60] - [7d3deae6-be2a-4d1a-a5fb-2dbbb2073105] Register server push request handler:com.alibaba.nacos.common.remote.client.RpcClient$$Lambda$344/1835316563
09:46:17.271 [main] INFO  o.a.c.h.Http11NioProtocol - [log,173] - Starting ProtocolHandler ["http-nio-9200"]
09:46:17.312 [main] INFO  c.a.c.n.r.NacosServiceRegistry - [register,75] - nacos registry, DEFAULT_GROUP xmap-auth 10.100.60.135:9200 register finished
09:46:17.845 [nacos-grpc-client-executor-9] INFO  c.a.n.c.r.client - [printIfInfoEnabled,60] - [7d3deae6-be2a-4d1a-a5fb-2dbbb2073105] Receive server push request, request = NotifySubscriberRequest, requestId = 3
09:46:17.855 [nacos-grpc-client-executor-9] INFO  c.a.n.c.r.client - [printIfInfoEnabled,60] - [7d3deae6-be2a-4d1a-a5fb-2dbbb2073105] Ack server push request, request = NotifySubscriberRequest, requestId = 3
09:46:18.980 [main] INFO  c.x.a.XmapAuthApplication - [logStarted,61] - Started XmapAuthApplication in 19.976 seconds (JVM running for 22.644)
09:46:18.996 [main] INFO  c.a.c.n.r.NacosContextRefresher - [registerNacosListener,129] - [Nacos Config] Listening config: dataId=xmap-auth-dev.yml, group=DEFAULT_GROUP
09:46:18.998 [main] INFO  c.a.c.n.r.NacosContextRefresher - [registerNacosListener,129] - [Nacos Config] Listening config: dataId=xmap-auth, group=DEFAULT_GROUP
09:46:18.999 [main] INFO  c.a.c.n.r.NacosContextRefresher - [registerNacosListener,129] - [Nacos Config] Listening config: dataId=xmap-auth.yml, group=DEFAULT_GROUP
09:46:20.431 [RMI TCP Connection(5)-192.168.137.1] INFO  o.a.c.c.C.[.[.[/] - [log,173] - Initializing Spring DispatcherServlet 'dispatcherServlet'
09:51:57.329 [nacos-grpc-client-executor-85] INFO  c.a.n.c.r.client - [printIfInfoEnabled,60] - [7d3deae6-be2a-4d1a-a5fb-2dbbb2073105] Receive server push request, request = NotifySubscriberRequest, requestId = 9
09:51:57.330 [nacos-grpc-client-executor-85] INFO  c.a.n.c.r.client - [printIfInfoEnabled,60] - [7d3deae6-be2a-4d1a-a5fb-2dbbb2073105] Ack server push request, request = NotifySubscriberRequest, requestId = 9
