16:05:09.164 [background-preinit] INFO  o.h.v.i.util.Version - [<clinit>,21] - HV000001: Hibernate Validator 6.2.5.Final
16:05:12.458 [main] INFO  c.a.n.c.r.client - [lambda$createClient$0,80] - [RpcClientFactory] create a new rpc client of cb2fdf44-f444-4a5f-9285-773bf88c4c29_config-0
16:05:12.534 [main] INFO  o.r.Reflections - [scan,232] - Reflections took 45 ms to scan 1 urls, producing 3 keys and 6 values 
16:05:12.581 [main] INFO  o.r.Reflections - [scan,232] - Reflections took 22 ms to scan 1 urls, producing 4 keys and 9 values 
16:05:12.609 [main] INFO  o.r.Reflections - [scan,232] - Reflections took 24 ms to scan 1 urls, producing 3 keys and 10 values 
16:05:12.919 [main] INFO  o.r.Reflections - [scan,232] - Reflections took 302 ms to scan 175 urls, producing 0 keys and 0 values 
16:05:12.933 [main] INFO  o.r.Reflections - [scan,232] - Reflections took 13 ms to scan 1 urls, producing 1 keys and 5 values 
16:05:12.949 [main] INFO  o.r.Reflections - [scan,232] - Reflections took 13 ms to scan 1 urls, producing 1 keys and 7 values 
16:05:12.974 [main] INFO  o.r.Reflections - [scan,232] - Reflections took 22 ms to scan 1 urls, producing 2 keys and 8 values 
16:05:13.200 [main] INFO  o.r.Reflections - [scan,232] - Reflections took 223 ms to scan 175 urls, producing 0 keys and 0 values 
16:05:13.201 [main] INFO  c.a.n.c.r.client - [printIfInfoEnabled,60] - [cb2fdf44-f444-4a5f-9285-773bf88c4c29_config-0] RpcClient init label, labels = {module=config, Vipserver-Tag=null, source=sdk, Amory-Tag=null, Location-Tag=null, taskId=0, AppName=unknown}
16:05:13.202 [main] INFO  c.a.n.c.r.client - [printIfInfoEnabled,60] - [cb2fdf44-f444-4a5f-9285-773bf88c4c29_config-0] Register server push request handler:com.alibaba.nacos.client.config.impl.ClientWorker$ConfigRpcTransportClient$$Lambda$335/1210939243
16:05:13.202 [main] INFO  c.a.n.c.r.client - [printIfInfoEnabled,60] - [cb2fdf44-f444-4a5f-9285-773bf88c4c29_config-0] Register server push request handler:com.alibaba.nacos.client.config.impl.ClientWorker$ConfigRpcTransportClient$$Lambda$336/1079125839
16:05:13.203 [main] INFO  c.a.n.c.r.client - [printIfInfoEnabled,60] - [cb2fdf44-f444-4a5f-9285-773bf88c4c29_config-0] Registry connection listener to current client:com.alibaba.nacos.client.config.impl.ClientWorker$ConfigRpcTransportClient$1
16:05:13.204 [main] INFO  c.a.n.c.r.client - [printIfInfoEnabled,60] - [cb2fdf44-f444-4a5f-9285-773bf88c4c29_config-0] RpcClient init, ServerListFactory = com.alibaba.nacos.client.config.impl.ClientWorker$ConfigRpcTransportClient$2
16:05:13.219 [main] INFO  c.a.n.c.r.client - [printIfInfoEnabled,60] - [cb2fdf44-f444-4a5f-9285-773bf88c4c29_config-0] Try to connect to server on start up, server: {serverIp = '127.0.0.1', server main port = 8848}
16:05:17.665 [main] INFO  c.a.n.c.r.client - [printIfInfoEnabled,60] - [cb2fdf44-f444-4a5f-9285-773bf88c4c29_config-0] Success to connect to server [127.0.0.1:8848] on start up, connectionId = 1700467517244_127.0.0.1_3831
16:05:17.668 [com.alibaba.nacos.client.remote.worker] INFO  c.a.n.c.r.client - [printIfInfoEnabled,60] - [cb2fdf44-f444-4a5f-9285-773bf88c4c29_config-0] Notify connected event to listeners.
16:05:17.668 [main] INFO  c.a.n.c.r.client - [printIfInfoEnabled,60] - [cb2fdf44-f444-4a5f-9285-773bf88c4c29_config-0] Register server push request handler:com.alibaba.nacos.common.remote.client.RpcClient$ConnectResetRequestHandler
16:05:17.670 [main] INFO  c.a.n.c.r.client - [printIfInfoEnabled,60] - [cb2fdf44-f444-4a5f-9285-773bf88c4c29_config-0] Register server push request handler:com.alibaba.nacos.common.remote.client.RpcClient$$Lambda$344/1835316563
16:05:17.801 [main] INFO  c.x.a.XmapAuthApplication - [logStartupProfileInfo,637] - The following 1 profile is active: "dev"
16:05:20.080 [main] INFO  o.a.c.c.AprLifecycleListener - [log,173] - Loaded Apache Tomcat Native library [1.2.32] using APR version [1.7.0].
16:05:20.081 [main] INFO  o.a.c.c.AprLifecycleListener - [log,173] - APR capabilities: IPv6 [true], sendfile [true], accept filters [false], random [true], UDS [true].
16:05:20.082 [main] INFO  o.a.c.c.AprLifecycleListener - [log,173] - APR/OpenSSL configuration: useAprConnector [false], useOpenSSL [true]
16:05:20.089 [main] INFO  o.a.c.c.AprLifecycleListener - [log,173] - OpenSSL successfully initialized [OpenSSL 1.1.1n  15 Mar 2022]
16:05:20.109 [main] INFO  o.a.c.h.Http11NioProtocol - [log,173] - Initializing ProtocolHandler ["http-nio-9200"]
16:05:20.110 [main] INFO  o.a.c.c.StandardService - [log,173] - Starting service [Tomcat]
16:05:20.110 [main] INFO  o.a.c.c.StandardEngine - [log,173] - Starting Servlet engine: [Apache Tomcat/9.0.70]
16:05:20.292 [main] INFO  o.a.c.c.C.[.[.[/] - [log,173] - Initializing Spring embedded WebApplicationContext
16:05:21.927 [main] INFO  c.a.c.s.SentinelWebMvcConfigurer - [addInterceptors,52] - [Sentinel Starter] register SentinelWebInterceptor with urlPatterns: [/**].
16:05:26.125 [main] INFO  c.a.n.c.r.client - [lambda$createClient$0,80] - [RpcClientFactory] create a new rpc client of e362fde4-7137-4011-8c80-c199e168349a
16:05:26.125 [main] INFO  c.a.n.c.r.client - [printIfInfoEnabled,60] - [e362fde4-7137-4011-8c80-c199e168349a] RpcClient init label, labels = {module=naming, source=sdk}
16:05:26.127 [main] INFO  c.a.n.c.r.client - [printIfInfoEnabled,60] - [e362fde4-7137-4011-8c80-c199e168349a] RpcClient init, ServerListFactory = com.alibaba.nacos.client.naming.core.ServerListManager
16:05:26.127 [main] INFO  c.a.n.c.r.client - [printIfInfoEnabled,60] - [e362fde4-7137-4011-8c80-c199e168349a] Registry connection listener to current client:com.alibaba.nacos.client.naming.remote.gprc.redo.NamingGrpcRedoService
16:05:26.128 [main] INFO  c.a.n.c.r.client - [printIfInfoEnabled,60] - [e362fde4-7137-4011-8c80-c199e168349a] Register server push request handler:com.alibaba.nacos.client.naming.remote.gprc.NamingPushRequestHandler
16:05:26.128 [main] INFO  c.a.n.c.r.client - [printIfInfoEnabled,60] - [e362fde4-7137-4011-8c80-c199e168349a] Try to connect to server on start up, server: {serverIp = '127.0.0.1', server main port = 8848}
16:05:26.252 [main] INFO  c.a.n.c.r.client - [printIfInfoEnabled,60] - [e362fde4-7137-4011-8c80-c199e168349a] Success to connect to server [127.0.0.1:8848] on start up, connectionId = 1700467526136_127.0.0.1_3883
16:05:26.252 [main] INFO  c.a.n.c.r.client - [printIfInfoEnabled,60] - [e362fde4-7137-4011-8c80-c199e168349a] Register server push request handler:com.alibaba.nacos.common.remote.client.RpcClient$ConnectResetRequestHandler
16:05:26.252 [com.alibaba.nacos.client.remote.worker] INFO  c.a.n.c.r.client - [printIfInfoEnabled,60] - [e362fde4-7137-4011-8c80-c199e168349a] Notify connected event to listeners.
16:05:26.252 [main] INFO  c.a.n.c.r.client - [printIfInfoEnabled,60] - [e362fde4-7137-4011-8c80-c199e168349a] Register server push request handler:com.alibaba.nacos.common.remote.client.RpcClient$$Lambda$344/1835316563
16:05:26.279 [main] INFO  o.a.c.h.Http11NioProtocol - [log,173] - Starting ProtocolHandler ["http-nio-9200"]
16:05:26.303 [main] INFO  c.a.c.n.r.NacosServiceRegistry - [register,75] - nacos registry, DEFAULT_GROUP xmap-auth 10.100.60.135:9200 register finished
16:05:26.810 [nacos-grpc-client-executor-8] INFO  c.a.n.c.r.client - [printIfInfoEnabled,60] - [e362fde4-7137-4011-8c80-c199e168349a] Receive server push request, request = NotifySubscriberRequest, requestId = 3
16:05:26.815 [nacos-grpc-client-executor-8] INFO  c.a.n.c.r.client - [printIfInfoEnabled,60] - [e362fde4-7137-4011-8c80-c199e168349a] Ack server push request, request = NotifySubscriberRequest, requestId = 3
16:05:27.509 [main] INFO  c.x.a.XmapAuthApplication - [logStarted,61] - Started XmapAuthApplication in 21.501 seconds (JVM running for 24.282)
16:05:27.519 [main] INFO  c.a.c.n.r.NacosContextRefresher - [registerNacosListener,129] - [Nacos Config] Listening config: dataId=xmap-auth-dev.yml, group=DEFAULT_GROUP
16:05:27.520 [main] INFO  c.a.c.n.r.NacosContextRefresher - [registerNacosListener,129] - [Nacos Config] Listening config: dataId=xmap-auth, group=DEFAULT_GROUP
16:05:27.520 [main] INFO  c.a.c.n.r.NacosContextRefresher - [registerNacosListener,129] - [Nacos Config] Listening config: dataId=xmap-auth.yml, group=DEFAULT_GROUP
16:05:30.099 [RMI TCP Connection(7)-192.168.137.1] INFO  o.a.c.c.C.[.[.[/] - [log,173] - Initializing Spring DispatcherServlet 'dispatcherServlet'
16:19:40.771 [nacos-grpc-client-executor-186] INFO  c.a.n.c.r.client - [printIfInfoEnabled,60] - [e362fde4-7137-4011-8c80-c199e168349a] Receive server push request, request = NotifySubscriberRequest, requestId = 9
16:19:40.772 [nacos-grpc-client-executor-186] INFO  c.a.n.c.r.client - [printIfInfoEnabled,60] - [e362fde4-7137-4011-8c80-c199e168349a] Ack server push request, request = NotifySubscriberRequest, requestId = 9
21:27:02.687 [SpringApplicationShutdownHook] INFO  c.a.c.n.r.NacosServiceRegistry - [deregister,94] - De-registering from Nacos Server now...
21:27:02.697 [SpringApplicationShutdownHook] INFO  c.a.c.n.r.NacosServiceRegistry - [deregister,114] - De-registration finished.
21:27:03.031 [SpringApplicationShutdownHook] INFO  c.a.n.c.r.client - [shutdown,454] - Shutdown rpc client, set status to shutdown
21:27:03.031 [SpringApplicationShutdownHook] INFO  c.a.n.c.r.client - [shutdown,456] - Shutdown client event executor java.util.concurrent.ScheduledThreadPoolExecutor@7272d988[Running, pool size = 2, active threads = 2, queued tasks = 0, completed tasks = 0]
21:27:03.031 [SpringApplicationShutdownHook] INFO  c.a.n.c.r.client - [closeConnection,591] - Close current connection 1700467526136_127.0.0.1_3883
21:27:03.033 [nacos-grpc-client-executor-3874] INFO  c.a.n.c.r.c.g.GrpcClient - [printIfInfoEnabled,60] - [1700467526136_127.0.0.1_3883]Ignore complete event,isRunning:false,isAbandon=false
21:27:03.036 [SpringApplicationShutdownHook] INFO  c.a.n.c.r.c.g.GrpcClient - [shutdown,85] - Shutdown grpc executor java.util.concurrent.ThreadPoolExecutor@19caadd9[Running, pool size = 5, active threads = 0, queued tasks = 0, completed tasks = 3875]
