09:02:30.904 [background-preinit] INFO  o.h.v.i.util.Version - [<clinit>,21] - HV000001: Hibernate Validator 6.2.5.Final
09:02:31.885 [main] INFO  c.a.n.c.r.client - [lambda$createClient$0,80] - [RpcClientFactory] create a new rpc client of 095b7228-d83f-4833-a7c3-0fc56776916f_config-0
09:02:31.951 [main] INFO  o.r.Reflections - [scan,232] - Reflections took 38 ms to scan 1 urls, producing 3 keys and 6 values 
09:02:31.999 [main] INFO  o.r.Reflections - [scan,232] - Reflections took 29 ms to scan 1 urls, producing 4 keys and 9 values 
09:02:32.013 [main] INFO  o.r.Reflections - [scan,232] - Reflections took 12 ms to scan 1 urls, producing 3 keys and 10 values 
09:02:32.194 [main] INFO  o.r.Reflections - [scan,232] - Reflections took 178 ms to scan 175 urls, producing 0 keys and 0 values 
09:02:32.202 [main] INFO  o.r.Reflections - [scan,232] - Reflections took 6 ms to scan 1 urls, producing 1 keys and 5 values 
09:02:32.211 [main] INFO  o.r.Reflections - [scan,232] - Reflections took 6 ms to scan 1 urls, producing 1 keys and 7 values 
09:02:32.221 [main] INFO  o.r.Reflections - [scan,232] - Reflections took 8 ms to scan 1 urls, producing 2 keys and 8 values 
09:02:32.315 [main] INFO  o.r.Reflections - [scan,232] - Reflections took 92 ms to scan 175 urls, producing 0 keys and 0 values 
09:02:32.316 [main] INFO  c.a.n.c.r.client - [printIfInfoEnabled,60] - [095b7228-d83f-4833-a7c3-0fc56776916f_config-0] RpcClient init label, labels = {module=config, Vipserver-Tag=null, source=sdk, Amory-Tag=null, Location-Tag=null, taskId=0, AppName=unknown}
09:02:32.318 [main] INFO  c.a.n.c.r.client - [printIfInfoEnabled,60] - [095b7228-d83f-4833-a7c3-0fc56776916f_config-0] Register server push request handler:com.alibaba.nacos.client.config.impl.ClientWorker$ConfigRpcTransportClient$$Lambda$328/1000171161
09:02:32.318 [main] INFO  c.a.n.c.r.client - [printIfInfoEnabled,60] - [095b7228-d83f-4833-a7c3-0fc56776916f_config-0] Register server push request handler:com.alibaba.nacos.client.config.impl.ClientWorker$ConfigRpcTransportClient$$Lambda$329/130721104
09:02:32.320 [main] INFO  c.a.n.c.r.client - [printIfInfoEnabled,60] - [095b7228-d83f-4833-a7c3-0fc56776916f_config-0] Registry connection listener to current client:com.alibaba.nacos.client.config.impl.ClientWorker$ConfigRpcTransportClient$1
09:02:32.320 [main] INFO  c.a.n.c.r.client - [printIfInfoEnabled,60] - [095b7228-d83f-4833-a7c3-0fc56776916f_config-0] RpcClient init, ServerListFactory = com.alibaba.nacos.client.config.impl.ClientWorker$ConfigRpcTransportClient$2
09:02:32.326 [main] INFO  c.a.n.c.r.client - [printIfInfoEnabled,60] - [095b7228-d83f-4833-a7c3-0fc56776916f_config-0] Try to connect to server on start up, server: {serverIp = '127.0.0.1', server main port = 8848}
09:02:33.421 [main] INFO  c.a.n.c.r.client - [printIfInfoEnabled,60] - [095b7228-d83f-4833-a7c3-0fc56776916f_config-0] Success to connect to server [127.0.0.1:8848] on start up, connectionId = 1700614953259_127.0.0.1_55237
09:02:33.423 [com.alibaba.nacos.client.remote.worker] INFO  c.a.n.c.r.client - [printIfInfoEnabled,60] - [095b7228-d83f-4833-a7c3-0fc56776916f_config-0] Notify connected event to listeners.
09:02:33.422 [main] INFO  c.a.n.c.r.client - [printIfInfoEnabled,60] - [095b7228-d83f-4833-a7c3-0fc56776916f_config-0] Register server push request handler:com.alibaba.nacos.common.remote.client.RpcClient$ConnectResetRequestHandler
09:02:33.423 [main] INFO  c.a.n.c.r.client - [printIfInfoEnabled,60] - [095b7228-d83f-4833-a7c3-0fc56776916f_config-0] Register server push request handler:com.alibaba.nacos.common.remote.client.RpcClient$$Lambda$338/1582277082
09:02:33.526 [main] INFO  c.x.a.XmapAuthApplication - [logStartupProfileInfo,637] - The following 1 profile is active: "dev"
09:02:36.142 [main] INFO  o.a.c.h.Http11NioProtocol - [log,173] - Initializing ProtocolHandler ["http-nio-9200"]
09:02:36.143 [main] INFO  o.a.c.c.StandardService - [log,173] - Starting service [Tomcat]
09:02:36.144 [main] INFO  o.a.c.c.StandardEngine - [log,173] - Starting Servlet engine: [Apache Tomcat/9.0.70]
09:02:36.499 [main] INFO  o.a.c.c.C.[.[.[/] - [log,173] - Initializing Spring embedded WebApplicationContext
09:02:39.304 [main] INFO  c.a.c.s.SentinelWebMvcConfigurer - [addInterceptors,52] - [Sentinel Starter] register SentinelWebInterceptor with urlPatterns: [/**].
09:02:41.211 [main] INFO  c.a.n.c.r.client - [lambda$createClient$0,80] - [RpcClientFactory] create a new rpc client of 5c07083e-930d-4e85-833a-2e630333d5d9
09:02:41.212 [main] INFO  c.a.n.c.r.client - [printIfInfoEnabled,60] - [5c07083e-930d-4e85-833a-2e630333d5d9] RpcClient init label, labels = {module=naming, source=sdk}
09:02:41.213 [main] INFO  c.a.n.c.r.client - [printIfInfoEnabled,60] - [5c07083e-930d-4e85-833a-2e630333d5d9] RpcClient init, ServerListFactory = com.alibaba.nacos.client.naming.core.ServerListManager
09:02:41.214 [main] INFO  c.a.n.c.r.client - [printIfInfoEnabled,60] - [5c07083e-930d-4e85-833a-2e630333d5d9] Registry connection listener to current client:com.alibaba.nacos.client.naming.remote.gprc.redo.NamingGrpcRedoService
09:02:41.214 [main] INFO  c.a.n.c.r.client - [printIfInfoEnabled,60] - [5c07083e-930d-4e85-833a-2e630333d5d9] Register server push request handler:com.alibaba.nacos.client.naming.remote.gprc.NamingPushRequestHandler
09:02:41.214 [main] INFO  c.a.n.c.r.client - [printIfInfoEnabled,60] - [5c07083e-930d-4e85-833a-2e630333d5d9] Try to connect to server on start up, server: {serverIp = '127.0.0.1', server main port = 8848}
09:02:41.332 [main] INFO  c.a.n.c.r.client - [printIfInfoEnabled,60] - [5c07083e-930d-4e85-833a-2e630333d5d9] Success to connect to server [127.0.0.1:8848] on start up, connectionId = 1700614961220_127.0.0.1_55254
09:02:41.332 [com.alibaba.nacos.client.remote.worker] INFO  c.a.n.c.r.client - [printIfInfoEnabled,60] - [5c07083e-930d-4e85-833a-2e630333d5d9] Notify connected event to listeners.
09:02:41.333 [main] INFO  c.a.n.c.r.client - [printIfInfoEnabled,60] - [5c07083e-930d-4e85-833a-2e630333d5d9] Register server push request handler:com.alibaba.nacos.common.remote.client.RpcClient$ConnectResetRequestHandler
09:02:41.333 [main] INFO  c.a.n.c.r.client - [printIfInfoEnabled,60] - [5c07083e-930d-4e85-833a-2e630333d5d9] Register server push request handler:com.alibaba.nacos.common.remote.client.RpcClient$$Lambda$338/1582277082
09:02:41.415 [main] INFO  o.a.c.h.Http11NioProtocol - [log,173] - Starting ProtocolHandler ["http-nio-9200"]
09:02:41.439 [main] INFO  c.a.c.n.r.NacosServiceRegistry - [register,75] - nacos registry, DEFAULT_GROUP xmap-auth 10.100.62.210:9200 register finished
09:02:41.647 [main] INFO  c.x.a.XmapAuthApplication - [logStarted,61] - Started XmapAuthApplication in 11.439 seconds (JVM running for 12.078)
09:02:41.679 [main] INFO  c.a.c.n.r.NacosContextRefresher - [registerNacosListener,129] - [Nacos Config] Listening config: dataId=xmap-auth-dev.yml, group=DEFAULT_GROUP
09:02:41.680 [main] INFO  c.a.c.n.r.NacosContextRefresher - [registerNacosListener,129] - [Nacos Config] Listening config: dataId=xmap-auth, group=DEFAULT_GROUP
09:02:41.681 [main] INFO  c.a.c.n.r.NacosContextRefresher - [registerNacosListener,129] - [Nacos Config] Listening config: dataId=xmap-auth.yml, group=DEFAULT_GROUP
09:02:41.882 [nacos-grpc-client-executor-9] INFO  c.a.n.c.r.client - [printIfInfoEnabled,60] - [5c07083e-930d-4e85-833a-2e630333d5d9] Receive server push request, request = NotifySubscriberRequest, requestId = 3
09:02:41.891 [nacos-grpc-client-executor-9] INFO  c.a.n.c.r.client - [printIfInfoEnabled,60] - [5c07083e-930d-4e85-833a-2e630333d5d9] Ack server push request, request = NotifySubscriberRequest, requestId = 3
09:09:11.672 [http-nio-9200-exec-1] INFO  o.a.c.c.C.[.[.[/] - [log,173] - Initializing Spring DispatcherServlet 'dispatcherServlet'
09:09:14.358 [nacos-grpc-client-executor-97] INFO  c.a.n.c.r.client - [printIfInfoEnabled,60] - [5c07083e-930d-4e85-833a-2e630333d5d9] Receive server push request, request = NotifySubscriberRequest, requestId = 9
09:09:14.358 [nacos-grpc-client-executor-97] INFO  c.a.n.c.r.client - [printIfInfoEnabled,60] - [5c07083e-930d-4e85-833a-2e630333d5d9] Ack server push request, request = NotifySubscriberRequest, requestId = 9
09:56:17.692 [nacos-grpc-client-executor-414] INFO  c.a.n.c.r.client - [printIfInfoEnabled,60] - [095b7228-d83f-4833-a7c3-0fc56776916f_config-0] Receive server push request, request = ClientDetectionRequest, requestId = 11
09:56:17.692 [nacos-grpc-client-executor-422] INFO  c.a.n.c.r.client - [printIfInfoEnabled,60] - [5c07083e-930d-4e85-833a-2e630333d5d9] Receive server push request, request = ClientDetectionRequest, requestId = 12
09:56:17.692 [nacos-grpc-client-executor-422] INFO  c.a.n.c.r.client - [printIfInfoEnabled,60] - [5c07083e-930d-4e85-833a-2e630333d5d9] Ack server push request, request = ClientDetectionRequest, requestId = 12
09:56:17.692 [nacos-grpc-client-executor-414] INFO  c.a.n.c.r.client - [printIfInfoEnabled,60] - [095b7228-d83f-4833-a7c3-0fc56776916f_config-0] Ack server push request, request = ClientDetectionRequest, requestId = 11
10:35:39.029 [com.alibaba.nacos.client.remote.worker] INFO  c.a.n.c.r.client - [printIfInfoEnabled,60] - [095b7228-d83f-4833-a7c3-0fc56776916f_config-0] Try to reconnect to a new server, server is  not appointed, will choose a random server.
10:35:39.029 [com.alibaba.nacos.client.remote.worker] INFO  c.a.n.c.r.client - [printIfInfoEnabled,60] - [5c07083e-930d-4e85-833a-2e630333d5d9] Try to reconnect to a new server, server is  not appointed, will choose a random server.
10:35:39.740 [lettuce-nioEventLoop-4-1] INFO  i.l.c.p.CommandHandler - [log,217] - null Unexpected exception during request: java.io.IOException: 远程主机强迫关闭了一个现有的连接。
java.io.IOException: 远程主机强迫关闭了一个现有的连接。
	at sun.nio.ch.SocketDispatcher.read0(Native Method)
	at sun.nio.ch.SocketDispatcher.read(SocketDispatcher.java:43)
	at sun.nio.ch.IOUtil.readIntoNativeBuffer(IOUtil.java:223)
	at sun.nio.ch.IOUtil.read(IOUtil.java:192)
	at sun.nio.ch.SocketChannelImpl.read(SocketChannelImpl.java:380)
	at io.netty.buffer.PooledByteBuf.setBytes(PooledByteBuf.java:259)
	at io.netty.buffer.AbstractByteBuf.writeBytes(AbstractByteBuf.java:1132)
	at io.netty.channel.socket.nio.NioSocketChannel.doReadBytes(NioSocketChannel.java:357)
	at io.netty.channel.nio.AbstractNioByteChannel$NioByteUnsafe.read(AbstractNioByteChannel.java:151)
	at io.netty.channel.nio.NioEventLoop.processSelectedKey(NioEventLoop.java:788)
	at io.netty.channel.nio.NioEventLoop.processSelectedKeysOptimized(NioEventLoop.java:724)
	at io.netty.channel.nio.NioEventLoop.processSelectedKeys(NioEventLoop.java:650)
	at io.netty.channel.nio.NioEventLoop.run(NioEventLoop.java:562)
	at io.netty.util.concurrent.SingleThreadEventExecutor$4.run(SingleThreadEventExecutor.java:997)
	at io.netty.util.internal.ThreadExecutorMap$2.run(ThreadExecutorMap.java:74)
	at io.netty.util.concurrent.FastThreadLocalRunnable.run(FastThreadLocalRunnable.java:30)
	at java.lang.Thread.run(Thread.java:748)
10:35:39.821 [lettuce-eventExecutorLoop-1-5] INFO  i.l.c.p.ConnectionWatchdog - [log,171] - Reconnecting, last destination was localhost/127.0.0.1:6379
10:35:43.217 [com.alibaba.nacos.client.remote.worker] INFO  c.a.n.c.r.client - [printIfInfoEnabled,60] - [095b7228-d83f-4833-a7c3-0fc56776916f_config-0] Fail to connect server, after trying 1 times, last try server is {serverIp = '127.0.0.1', server main port = 8848}, error = unknown
10:35:43.217 [com.alibaba.nacos.client.remote.worker] INFO  c.a.n.c.r.client - [printIfInfoEnabled,60] - [5c07083e-930d-4e85-833a-2e630333d5d9] Fail to connect server, after trying 1 times, last try server is {serverIp = '127.0.0.1', server main port = 8848}, error = unknown
10:35:43.502 [SpringApplicationShutdownHook] INFO  c.a.c.n.r.NacosServiceRegistry - [deregister,94] - De-registering from Nacos Server now...
10:35:43.822 [SpringApplicationShutdownHook] INFO  c.a.c.n.r.NacosServiceRegistry - [deregister,114] - De-registration finished.
10:35:44.157 [SpringApplicationShutdownHook] INFO  c.a.n.c.r.client - [shutdown,454] - Shutdown rpc client, set status to shutdown
10:35:44.157 [SpringApplicationShutdownHook] INFO  c.a.n.c.r.client - [shutdown,456] - Shutdown client event executor java.util.concurrent.ScheduledThreadPoolExecutor@4b735481[Running, pool size = 2, active threads = 2, queued tasks = 0, completed tasks = 0]
10:35:44.157 [SpringApplicationShutdownHook] INFO  c.a.n.c.r.client - [closeConnection,591] - Close current connection 1700614961220_127.0.0.1_55254
10:35:44.157 [SpringApplicationShutdownHook] INFO  c.a.n.c.r.c.g.GrpcClient - [shutdown,85] - Shutdown grpc executor java.util.concurrent.ThreadPoolExecutor@392de109[Running, pool size = 6, active threads = 0, queued tasks = 0, completed tasks = 941]
10:35:44.157 [com.alibaba.nacos.client.remote.worker] INFO  c.a.n.c.r.client - [closeConnection,591] - Close current connection 1700614961220_127.0.0.1_55254
10:35:44.157 [com.alibaba.nacos.client.remote.worker] INFO  c.a.n.c.r.client - [printIfInfoEnabled,60] - [5c07083e-930d-4e85-833a-2e630333d5d9] Fail to connect server, after trying 2 times, last try server is {serverIp = '127.0.0.1', server main port = 8848}, error = unknown
