09:26:07.962 [background-preinit] INFO  o.h.v.i.util.Version - [<clinit>,21] - HV000001: Hibernate Validator 6.2.5.Final
09:26:09.705 [main] INFO  c.a.n.c.r.client - [lambda$createClient$0,80] - [RpcClientFactory] create a new rpc client of e01e4aee-e01e-4462-a9af-e23f0c8c9379_config-0
09:26:09.771 [main] INFO  o.r.Reflections - [scan,232] - Reflections took 41 ms to scan 1 urls, producing 3 keys and 6 values 
09:26:09.806 [main] INFO  o.r.Reflections - [scan,232] - Reflections took 21 ms to scan 1 urls, producing 4 keys and 9 values 
09:26:09.840 [main] INFO  o.r.Reflections - [scan,232] - Reflections took 29 ms to scan 1 urls, producing 3 keys and 10 values 
09:26:10.056 [main] INFO  o.r.Reflections - [scan,232] - Reflections took 212 ms to scan 175 urls, producing 0 keys and 0 values 
09:26:10.068 [main] INFO  o.r.Reflections - [scan,232] - Reflections took 11 ms to scan 1 urls, producing 1 keys and 5 values 
09:26:10.094 [main] INFO  o.r.Reflections - [scan,232] - Reflections took 24 ms to scan 1 urls, producing 1 keys and 7 values 
09:26:10.109 [main] INFO  o.r.Reflections - [scan,232] - Reflections took 12 ms to scan 1 urls, producing 2 keys and 8 values 
09:26:10.387 [main] INFO  o.r.Reflections - [scan,232] - Reflections took 276 ms to scan 175 urls, producing 0 keys and 0 values 
09:26:10.388 [main] INFO  c.a.n.c.r.client - [printIfInfoEnabled,60] - [e01e4aee-e01e-4462-a9af-e23f0c8c9379_config-0] RpcClient init label, labels = {module=config, Vipserver-Tag=null, source=sdk, Amory-Tag=null, Location-Tag=null, taskId=0, AppName=unknown}
09:26:10.389 [main] INFO  c.a.n.c.r.client - [printIfInfoEnabled,60] - [e01e4aee-e01e-4462-a9af-e23f0c8c9379_config-0] Register server push request handler:com.alibaba.nacos.client.config.impl.ClientWorker$ConfigRpcTransportClient$$Lambda$335/1210939243
09:26:10.390 [main] INFO  c.a.n.c.r.client - [printIfInfoEnabled,60] - [e01e4aee-e01e-4462-a9af-e23f0c8c9379_config-0] Register server push request handler:com.alibaba.nacos.client.config.impl.ClientWorker$ConfigRpcTransportClient$$Lambda$336/1079125839
09:26:10.392 [main] INFO  c.a.n.c.r.client - [printIfInfoEnabled,60] - [e01e4aee-e01e-4462-a9af-e23f0c8c9379_config-0] Registry connection listener to current client:com.alibaba.nacos.client.config.impl.ClientWorker$ConfigRpcTransportClient$1
09:26:10.393 [main] INFO  c.a.n.c.r.client - [printIfInfoEnabled,60] - [e01e4aee-e01e-4462-a9af-e23f0c8c9379_config-0] RpcClient init, ServerListFactory = com.alibaba.nacos.client.config.impl.ClientWorker$ConfigRpcTransportClient$2
09:26:10.405 [main] INFO  c.a.n.c.r.client - [printIfInfoEnabled,60] - [e01e4aee-e01e-4462-a9af-e23f0c8c9379_config-0] Try to connect to server on start up, server: {serverIp = '127.0.0.1', server main port = 8848}
09:26:14.635 [main] INFO  c.a.n.c.r.client - [printIfInfoEnabled,60] - [e01e4aee-e01e-4462-a9af-e23f0c8c9379_config-0] Success to connect to server [127.0.0.1:8848] on start up, connectionId = 1701134774322_127.0.0.1_13215
09:26:14.635 [com.alibaba.nacos.client.remote.worker] INFO  c.a.n.c.r.client - [printIfInfoEnabled,60] - [e01e4aee-e01e-4462-a9af-e23f0c8c9379_config-0] Notify connected event to listeners.
09:26:14.636 [main] INFO  c.a.n.c.r.client - [printIfInfoEnabled,60] - [e01e4aee-e01e-4462-a9af-e23f0c8c9379_config-0] Register server push request handler:com.alibaba.nacos.common.remote.client.RpcClient$ConnectResetRequestHandler
09:26:14.636 [main] INFO  c.a.n.c.r.client - [printIfInfoEnabled,60] - [e01e4aee-e01e-4462-a9af-e23f0c8c9379_config-0] Register server push request handler:com.alibaba.nacos.common.remote.client.RpcClient$$Lambda$344/1835316563
09:26:14.699 [main] INFO  c.x.a.XmapAuthApplication - [logStartupProfileInfo,637] - The following 1 profile is active: "dev"
09:26:16.514 [main] INFO  o.a.c.c.AprLifecycleListener - [log,173] - Loaded Apache Tomcat Native library [1.2.32] using APR version [1.7.0].
09:26:16.514 [main] INFO  o.a.c.c.AprLifecycleListener - [log,173] - APR capabilities: IPv6 [true], sendfile [true], accept filters [false], random [true], UDS [true].
09:26:16.514 [main] INFO  o.a.c.c.AprLifecycleListener - [log,173] - APR/OpenSSL configuration: useAprConnector [false], useOpenSSL [true]
09:26:16.518 [main] INFO  o.a.c.c.AprLifecycleListener - [log,173] - OpenSSL successfully initialized [OpenSSL 1.1.1n  15 Mar 2022]
09:26:16.533 [main] INFO  o.a.c.h.Http11NioProtocol - [log,173] - Initializing ProtocolHandler ["http-nio-9200"]
09:26:16.534 [main] INFO  o.a.c.c.StandardService - [log,173] - Starting service [Tomcat]
09:26:16.534 [main] INFO  o.a.c.c.StandardEngine - [log,173] - Starting Servlet engine: [Apache Tomcat/9.0.70]
09:26:16.898 [main] INFO  o.a.c.c.C.[.[.[/] - [log,173] - Initializing Spring embedded WebApplicationContext
09:26:18.590 [main] INFO  c.a.c.s.SentinelWebMvcConfigurer - [addInterceptors,52] - [Sentinel Starter] register SentinelWebInterceptor with urlPatterns: [/**].
09:26:22.206 [main] INFO  c.a.n.c.r.client - [lambda$createClient$0,80] - [RpcClientFactory] create a new rpc client of edbf10fa-c585-4e59-999a-c4d1d3f9517d
09:26:22.206 [main] INFO  c.a.n.c.r.client - [printIfInfoEnabled,60] - [edbf10fa-c585-4e59-999a-c4d1d3f9517d] RpcClient init label, labels = {module=naming, source=sdk}
09:26:22.207 [main] INFO  c.a.n.c.r.client - [printIfInfoEnabled,60] - [edbf10fa-c585-4e59-999a-c4d1d3f9517d] RpcClient init, ServerListFactory = com.alibaba.nacos.client.naming.core.ServerListManager
09:26:22.208 [main] INFO  c.a.n.c.r.client - [printIfInfoEnabled,60] - [edbf10fa-c585-4e59-999a-c4d1d3f9517d] Registry connection listener to current client:com.alibaba.nacos.client.naming.remote.gprc.redo.NamingGrpcRedoService
09:26:22.208 [main] INFO  c.a.n.c.r.client - [printIfInfoEnabled,60] - [edbf10fa-c585-4e59-999a-c4d1d3f9517d] Register server push request handler:com.alibaba.nacos.client.naming.remote.gprc.NamingPushRequestHandler
09:26:22.208 [main] INFO  c.a.n.c.r.client - [printIfInfoEnabled,60] - [edbf10fa-c585-4e59-999a-c4d1d3f9517d] Try to connect to server on start up, server: {serverIp = '127.0.0.1', server main port = 8848}
09:26:22.325 [main] INFO  c.a.n.c.r.client - [printIfInfoEnabled,60] - [edbf10fa-c585-4e59-999a-c4d1d3f9517d] Success to connect to server [127.0.0.1:8848] on start up, connectionId = 1701134782213_127.0.0.1_13285
09:26:22.325 [com.alibaba.nacos.client.remote.worker] INFO  c.a.n.c.r.client - [printIfInfoEnabled,60] - [edbf10fa-c585-4e59-999a-c4d1d3f9517d] Notify connected event to listeners.
09:26:22.325 [main] INFO  c.a.n.c.r.client - [printIfInfoEnabled,60] - [edbf10fa-c585-4e59-999a-c4d1d3f9517d] Register server push request handler:com.alibaba.nacos.common.remote.client.RpcClient$ConnectResetRequestHandler
09:26:22.325 [main] INFO  c.a.n.c.r.client - [printIfInfoEnabled,60] - [edbf10fa-c585-4e59-999a-c4d1d3f9517d] Register server push request handler:com.alibaba.nacos.common.remote.client.RpcClient$$Lambda$344/1835316563
09:26:22.358 [main] INFO  o.a.c.h.Http11NioProtocol - [log,173] - Starting ProtocolHandler ["http-nio-9200"]
09:26:22.405 [main] INFO  c.a.c.n.r.NacosServiceRegistry - [register,75] - nacos registry, DEFAULT_GROUP xmap-auth 10.100.60.135:9200 register finished
09:26:22.864 [nacos-grpc-client-executor-5] INFO  c.a.n.c.r.client - [printIfInfoEnabled,60] - [edbf10fa-c585-4e59-999a-c4d1d3f9517d] Receive server push request, request = NotifySubscriberRequest, requestId = 3
09:26:22.868 [nacos-grpc-client-executor-5] INFO  c.a.n.c.r.client - [printIfInfoEnabled,60] - [edbf10fa-c585-4e59-999a-c4d1d3f9517d] Ack server push request, request = NotifySubscriberRequest, requestId = 3
09:26:23.520 [main] INFO  c.x.a.XmapAuthApplication - [logStarted,61] - Started XmapAuthApplication in 16.981 seconds (JVM running for 18.781)
09:26:23.528 [main] INFO  c.a.c.n.r.NacosContextRefresher - [registerNacosListener,129] - [Nacos Config] Listening config: dataId=xmap-auth-dev.yml, group=DEFAULT_GROUP
09:26:23.528 [main] INFO  c.a.c.n.r.NacosContextRefresher - [registerNacosListener,129] - [Nacos Config] Listening config: dataId=xmap-auth, group=DEFAULT_GROUP
09:26:23.528 [main] INFO  c.a.c.n.r.NacosContextRefresher - [registerNacosListener,129] - [Nacos Config] Listening config: dataId=xmap-auth.yml, group=DEFAULT_GROUP
09:26:25.311 [RMI TCP Connection(7)-192.168.137.1] INFO  o.a.c.c.C.[.[.[/] - [log,173] - Initializing Spring DispatcherServlet 'dispatcherServlet'
09:29:57.659 [SpringApplicationShutdownHook] INFO  c.a.c.n.r.NacosServiceRegistry - [deregister,94] - De-registering from Nacos Server now...
09:29:57.665 [SpringApplicationShutdownHook] INFO  c.a.c.n.r.NacosServiceRegistry - [deregister,114] - De-registration finished.
09:29:57.996 [SpringApplicationShutdownHook] INFO  c.a.n.c.r.client - [shutdown,454] - Shutdown rpc client, set status to shutdown
09:29:57.996 [SpringApplicationShutdownHook] INFO  c.a.n.c.r.client - [shutdown,456] - Shutdown client event executor java.util.concurrent.ScheduledThreadPoolExecutor@403f936f[Running, pool size = 2, active threads = 2, queued tasks = 0, completed tasks = 0]
09:29:57.996 [SpringApplicationShutdownHook] INFO  c.a.n.c.r.client - [closeConnection,591] - Close current connection 1701134782213_127.0.0.1_13285
09:29:57.998 [nacos-grpc-client-executor-51] INFO  c.a.n.c.r.c.g.GrpcClient - [printIfInfoEnabled,60] - [1701134782213_127.0.0.1_13285]Ignore complete event,isRunning:false,isAbandon=false
09:29:58.000 [SpringApplicationShutdownHook] INFO  c.a.n.c.r.c.g.GrpcClient - [shutdown,85] - Shutdown grpc executor java.util.concurrent.ThreadPoolExecutor@7b2e00e9[Running, pool size = 4, active threads = 0, queued tasks = 0, completed tasks = 52]
09:34:15.857 [background-preinit] INFO  o.h.v.i.util.Version - [<clinit>,21] - HV000001: Hibernate Validator 6.2.5.Final
09:34:17.243 [main] INFO  c.a.n.c.r.client - [lambda$createClient$0,80] - [RpcClientFactory] create a new rpc client of 74eef985-289a-4d09-ac82-e18465f693c7_config-0
09:34:17.284 [main] INFO  o.r.Reflections - [scan,232] - Reflections took 27 ms to scan 1 urls, producing 3 keys and 6 values 
09:34:17.311 [main] INFO  o.r.Reflections - [scan,232] - Reflections took 12 ms to scan 1 urls, producing 4 keys and 9 values 
09:34:17.323 [main] INFO  o.r.Reflections - [scan,232] - Reflections took 10 ms to scan 1 urls, producing 3 keys and 10 values 
09:34:17.472 [main] INFO  o.r.Reflections - [scan,232] - Reflections took 146 ms to scan 175 urls, producing 0 keys and 0 values 
09:34:17.482 [main] INFO  o.r.Reflections - [scan,232] - Reflections took 9 ms to scan 1 urls, producing 1 keys and 5 values 
09:34:17.493 [main] INFO  o.r.Reflections - [scan,232] - Reflections took 9 ms to scan 1 urls, producing 1 keys and 7 values 
09:34:17.504 [main] INFO  o.r.Reflections - [scan,232] - Reflections took 9 ms to scan 1 urls, producing 2 keys and 8 values 
09:34:17.640 [main] INFO  o.r.Reflections - [scan,232] - Reflections took 134 ms to scan 175 urls, producing 0 keys and 0 values 
09:34:17.641 [main] INFO  c.a.n.c.r.client - [printIfInfoEnabled,60] - [74eef985-289a-4d09-ac82-e18465f693c7_config-0] RpcClient init label, labels = {module=config, Vipserver-Tag=null, source=sdk, Amory-Tag=null, Location-Tag=null, taskId=0, AppName=unknown}
09:34:17.642 [main] INFO  c.a.n.c.r.client - [printIfInfoEnabled,60] - [74eef985-289a-4d09-ac82-e18465f693c7_config-0] Register server push request handler:com.alibaba.nacos.client.config.impl.ClientWorker$ConfigRpcTransportClient$$Lambda$335/1210939243
09:34:17.642 [main] INFO  c.a.n.c.r.client - [printIfInfoEnabled,60] - [74eef985-289a-4d09-ac82-e18465f693c7_config-0] Register server push request handler:com.alibaba.nacos.client.config.impl.ClientWorker$ConfigRpcTransportClient$$Lambda$336/1079125839
09:34:17.642 [main] INFO  c.a.n.c.r.client - [printIfInfoEnabled,60] - [74eef985-289a-4d09-ac82-e18465f693c7_config-0] Registry connection listener to current client:com.alibaba.nacos.client.config.impl.ClientWorker$ConfigRpcTransportClient$1
09:34:17.643 [main] INFO  c.a.n.c.r.client - [printIfInfoEnabled,60] - [74eef985-289a-4d09-ac82-e18465f693c7_config-0] RpcClient init, ServerListFactory = com.alibaba.nacos.client.config.impl.ClientWorker$ConfigRpcTransportClient$2
09:34:17.649 [main] INFO  c.a.n.c.r.client - [printIfInfoEnabled,60] - [74eef985-289a-4d09-ac82-e18465f693c7_config-0] Try to connect to server on start up, server: {serverIp = '127.0.0.1', server main port = 8848}
09:34:20.547 [main] INFO  c.a.n.c.r.client - [printIfInfoEnabled,60] - [74eef985-289a-4d09-ac82-e18465f693c7_config-0] Success to connect to server [127.0.0.1:8848] on start up, connectionId = 1701135260297_127.0.0.1_14457
09:34:20.547 [com.alibaba.nacos.client.remote.worker] INFO  c.a.n.c.r.client - [printIfInfoEnabled,60] - [74eef985-289a-4d09-ac82-e18465f693c7_config-0] Notify connected event to listeners.
09:34:20.548 [main] INFO  c.a.n.c.r.client - [printIfInfoEnabled,60] - [74eef985-289a-4d09-ac82-e18465f693c7_config-0] Register server push request handler:com.alibaba.nacos.common.remote.client.RpcClient$ConnectResetRequestHandler
09:34:20.548 [main] INFO  c.a.n.c.r.client - [printIfInfoEnabled,60] - [74eef985-289a-4d09-ac82-e18465f693c7_config-0] Register server push request handler:com.alibaba.nacos.common.remote.client.RpcClient$$Lambda$344/1835316563
09:34:20.603 [main] INFO  c.x.a.XmapAuthApplication - [logStartupProfileInfo,637] - The following 1 profile is active: "dev"
09:34:22.003 [main] INFO  o.a.c.c.AprLifecycleListener - [log,173] - Loaded Apache Tomcat Native library [1.2.32] using APR version [1.7.0].
09:34:22.003 [main] INFO  o.a.c.c.AprLifecycleListener - [log,173] - APR capabilities: IPv6 [true], sendfile [true], accept filters [false], random [true], UDS [true].
09:34:22.003 [main] INFO  o.a.c.c.AprLifecycleListener - [log,173] - APR/OpenSSL configuration: useAprConnector [false], useOpenSSL [true]
09:34:22.006 [main] INFO  o.a.c.c.AprLifecycleListener - [log,173] - OpenSSL successfully initialized [OpenSSL 1.1.1n  15 Mar 2022]
09:34:22.017 [main] INFO  o.a.c.h.Http11NioProtocol - [log,173] - Initializing ProtocolHandler ["http-nio-9200"]
09:34:22.018 [main] INFO  o.a.c.c.StandardService - [log,173] - Starting service [Tomcat]
09:34:22.018 [main] INFO  o.a.c.c.StandardEngine - [log,173] - Starting Servlet engine: [Apache Tomcat/9.0.70]
09:34:22.170 [main] INFO  o.a.c.c.C.[.[.[/] - [log,173] - Initializing Spring embedded WebApplicationContext
09:34:23.426 [main] INFO  c.a.c.s.SentinelWebMvcConfigurer - [addInterceptors,52] - [Sentinel Starter] register SentinelWebInterceptor with urlPatterns: [/**].
09:34:26.822 [main] INFO  c.a.n.c.r.client - [lambda$createClient$0,80] - [RpcClientFactory] create a new rpc client of fff9c596-7ebf-4f6c-a7b9-c32658b94b6c
09:34:26.822 [main] INFO  c.a.n.c.r.client - [printIfInfoEnabled,60] - [fff9c596-7ebf-4f6c-a7b9-c32658b94b6c] RpcClient init label, labels = {module=naming, source=sdk}
09:34:26.824 [main] INFO  c.a.n.c.r.client - [printIfInfoEnabled,60] - [fff9c596-7ebf-4f6c-a7b9-c32658b94b6c] RpcClient init, ServerListFactory = com.alibaba.nacos.client.naming.core.ServerListManager
09:34:26.824 [main] INFO  c.a.n.c.r.client - [printIfInfoEnabled,60] - [fff9c596-7ebf-4f6c-a7b9-c32658b94b6c] Registry connection listener to current client:com.alibaba.nacos.client.naming.remote.gprc.redo.NamingGrpcRedoService
09:34:26.824 [main] INFO  c.a.n.c.r.client - [printIfInfoEnabled,60] - [fff9c596-7ebf-4f6c-a7b9-c32658b94b6c] Register server push request handler:com.alibaba.nacos.client.naming.remote.gprc.NamingPushRequestHandler
09:34:26.825 [main] INFO  c.a.n.c.r.client - [printIfInfoEnabled,60] - [fff9c596-7ebf-4f6c-a7b9-c32658b94b6c] Try to connect to server on start up, server: {serverIp = '127.0.0.1', server main port = 8848}
09:34:26.940 [main] INFO  c.a.n.c.r.client - [printIfInfoEnabled,60] - [fff9c596-7ebf-4f6c-a7b9-c32658b94b6c] Success to connect to server [127.0.0.1:8848] on start up, connectionId = 1701135266830_127.0.0.1_14464
09:34:26.940 [main] INFO  c.a.n.c.r.client - [printIfInfoEnabled,60] - [fff9c596-7ebf-4f6c-a7b9-c32658b94b6c] Register server push request handler:com.alibaba.nacos.common.remote.client.RpcClient$ConnectResetRequestHandler
09:34:26.940 [com.alibaba.nacos.client.remote.worker] INFO  c.a.n.c.r.client - [printIfInfoEnabled,60] - [fff9c596-7ebf-4f6c-a7b9-c32658b94b6c] Notify connected event to listeners.
09:34:26.940 [main] INFO  c.a.n.c.r.client - [printIfInfoEnabled,60] - [fff9c596-7ebf-4f6c-a7b9-c32658b94b6c] Register server push request handler:com.alibaba.nacos.common.remote.client.RpcClient$$Lambda$344/1835316563
09:34:26.963 [main] INFO  o.a.c.h.Http11NioProtocol - [log,173] - Starting ProtocolHandler ["http-nio-9200"]
09:34:26.988 [main] INFO  c.a.c.n.r.NacosServiceRegistry - [register,75] - nacos registry, DEFAULT_GROUP xmap-auth 10.100.60.135:9200 register finished
09:34:27.498 [nacos-grpc-client-executor-7] INFO  c.a.n.c.r.client - [printIfInfoEnabled,60] - [fff9c596-7ebf-4f6c-a7b9-c32658b94b6c] Receive server push request, request = NotifySubscriberRequest, requestId = 13
09:34:27.502 [nacos-grpc-client-executor-7] INFO  c.a.n.c.r.client - [printIfInfoEnabled,60] - [fff9c596-7ebf-4f6c-a7b9-c32658b94b6c] Ack server push request, request = NotifySubscriberRequest, requestId = 13
09:34:28.065 [main] INFO  c.x.a.XmapAuthApplication - [logStarted,61] - Started XmapAuthApplication in 13.562 seconds (JVM running for 15.189)
09:34:28.078 [main] INFO  c.a.c.n.r.NacosContextRefresher - [registerNacosListener,129] - [Nacos Config] Listening config: dataId=xmap-auth-dev.yml, group=DEFAULT_GROUP
09:34:28.079 [main] INFO  c.a.c.n.r.NacosContextRefresher - [registerNacosListener,129] - [Nacos Config] Listening config: dataId=xmap-auth, group=DEFAULT_GROUP
09:34:28.079 [main] INFO  c.a.c.n.r.NacosContextRefresher - [registerNacosListener,129] - [Nacos Config] Listening config: dataId=xmap-auth.yml, group=DEFAULT_GROUP
09:34:29.724 [RMI TCP Connection(3)-192.168.137.1] INFO  o.a.c.c.C.[.[.[/] - [log,173] - Initializing Spring DispatcherServlet 'dispatcherServlet'
09:37:37.941 [SpringApplicationShutdownHook] INFO  c.a.c.n.r.NacosServiceRegistry - [deregister,94] - De-registering from Nacos Server now...
09:37:37.946 [SpringApplicationShutdownHook] INFO  c.a.c.n.r.NacosServiceRegistry - [deregister,114] - De-registration finished.
09:37:38.289 [SpringApplicationShutdownHook] INFO  c.a.n.c.r.client - [shutdown,454] - Shutdown rpc client, set status to shutdown
09:37:38.289 [SpringApplicationShutdownHook] INFO  c.a.n.c.r.client - [shutdown,456] - Shutdown client event executor java.util.concurrent.ScheduledThreadPoolExecutor@f6dacf8[Running, pool size = 2, active threads = 2, queued tasks = 0, completed tasks = 0]
09:37:38.289 [SpringApplicationShutdownHook] INFO  c.a.n.c.r.client - [closeConnection,591] - Close current connection 1701135266830_127.0.0.1_14464
09:37:38.292 [nacos-grpc-client-executor-51] INFO  c.a.n.c.r.c.g.GrpcClient - [printIfInfoEnabled,60] - [1701135266830_127.0.0.1_14464]Ignore complete event,isRunning:false,isAbandon=false
09:37:38.294 [SpringApplicationShutdownHook] INFO  c.a.n.c.r.c.g.GrpcClient - [shutdown,85] - Shutdown grpc executor java.util.concurrent.ThreadPoolExecutor@73f97e66[Running, pool size = 4, active threads = 0, queued tasks = 0, completed tasks = 52]
09:38:21.283 [background-preinit] INFO  o.h.v.i.util.Version - [<clinit>,21] - HV000001: Hibernate Validator 6.2.5.Final
09:38:23.957 [main] INFO  c.a.n.c.r.client - [lambda$createClient$0,80] - [RpcClientFactory] create a new rpc client of ac8029a8-433e-4973-b7a5-f25f6fa29983_config-0
09:38:24.022 [main] INFO  o.r.Reflections - [scan,232] - Reflections took 42 ms to scan 1 urls, producing 3 keys and 6 values 
09:38:24.069 [main] INFO  o.r.Reflections - [scan,232] - Reflections took 28 ms to scan 1 urls, producing 4 keys and 9 values 
09:38:24.095 [main] INFO  o.r.Reflections - [scan,232] - Reflections took 24 ms to scan 1 urls, producing 3 keys and 10 values 
09:38:24.277 [main] INFO  o.r.Reflections - [scan,232] - Reflections took 179 ms to scan 175 urls, producing 0 keys and 0 values 
09:38:24.288 [main] INFO  o.r.Reflections - [scan,232] - Reflections took 10 ms to scan 1 urls, producing 1 keys and 5 values 
09:38:24.303 [main] INFO  o.r.Reflections - [scan,232] - Reflections took 12 ms to scan 1 urls, producing 1 keys and 7 values 
09:38:24.325 [main] INFO  o.r.Reflections - [scan,232] - Reflections took 20 ms to scan 1 urls, producing 2 keys and 8 values 
09:38:24.479 [main] INFO  o.r.Reflections - [scan,232] - Reflections took 152 ms to scan 175 urls, producing 0 keys and 0 values 
09:38:24.480 [main] INFO  c.a.n.c.r.client - [printIfInfoEnabled,60] - [ac8029a8-433e-4973-b7a5-f25f6fa29983_config-0] RpcClient init label, labels = {module=config, Vipserver-Tag=null, source=sdk, Amory-Tag=null, Location-Tag=null, taskId=0, AppName=unknown}
09:38:24.481 [main] INFO  c.a.n.c.r.client - [printIfInfoEnabled,60] - [ac8029a8-433e-4973-b7a5-f25f6fa29983_config-0] Register server push request handler:com.alibaba.nacos.client.config.impl.ClientWorker$ConfigRpcTransportClient$$Lambda$335/1210939243
09:38:24.481 [main] INFO  c.a.n.c.r.client - [printIfInfoEnabled,60] - [ac8029a8-433e-4973-b7a5-f25f6fa29983_config-0] Register server push request handler:com.alibaba.nacos.client.config.impl.ClientWorker$ConfigRpcTransportClient$$Lambda$336/1079125839
09:38:24.482 [main] INFO  c.a.n.c.r.client - [printIfInfoEnabled,60] - [ac8029a8-433e-4973-b7a5-f25f6fa29983_config-0] Registry connection listener to current client:com.alibaba.nacos.client.config.impl.ClientWorker$ConfigRpcTransportClient$1
09:38:24.482 [main] INFO  c.a.n.c.r.client - [printIfInfoEnabled,60] - [ac8029a8-433e-4973-b7a5-f25f6fa29983_config-0] RpcClient init, ServerListFactory = com.alibaba.nacos.client.config.impl.ClientWorker$ConfigRpcTransportClient$2
09:38:24.489 [main] INFO  c.a.n.c.r.client - [printIfInfoEnabled,60] - [ac8029a8-433e-4973-b7a5-f25f6fa29983_config-0] Try to connect to server on start up, server: {serverIp = '127.0.0.1', server main port = 8848}
09:38:28.100 [main] INFO  c.a.n.c.r.client - [printIfInfoEnabled,60] - [ac8029a8-433e-4973-b7a5-f25f6fa29983_config-0] Success to connect to server [127.0.0.1:8848] on start up, connectionId = 1701135507791_127.0.0.1_1237
09:38:28.101 [main] INFO  c.a.n.c.r.client - [printIfInfoEnabled,60] - [ac8029a8-433e-4973-b7a5-f25f6fa29983_config-0] Register server push request handler:com.alibaba.nacos.common.remote.client.RpcClient$ConnectResetRequestHandler
09:38:28.101 [com.alibaba.nacos.client.remote.worker] INFO  c.a.n.c.r.client - [printIfInfoEnabled,60] - [ac8029a8-433e-4973-b7a5-f25f6fa29983_config-0] Notify connected event to listeners.
09:38:28.102 [main] INFO  c.a.n.c.r.client - [printIfInfoEnabled,60] - [ac8029a8-433e-4973-b7a5-f25f6fa29983_config-0] Register server push request handler:com.alibaba.nacos.common.remote.client.RpcClient$$Lambda$344/1835316563
09:38:28.201 [main] INFO  c.x.a.XmapAuthApplication - [logStartupProfileInfo,637] - The following 1 profile is active: "dev"
09:38:29.997 [main] INFO  o.a.c.c.AprLifecycleListener - [log,173] - Loaded Apache Tomcat Native library [1.2.32] using APR version [1.7.0].
09:38:29.997 [main] INFO  o.a.c.c.AprLifecycleListener - [log,173] - APR capabilities: IPv6 [true], sendfile [true], accept filters [false], random [true], UDS [true].
09:38:29.997 [main] INFO  o.a.c.c.AprLifecycleListener - [log,173] - APR/OpenSSL configuration: useAprConnector [false], useOpenSSL [true]
09:38:30.001 [main] INFO  o.a.c.c.AprLifecycleListener - [log,173] - OpenSSL successfully initialized [OpenSSL 1.1.1n  15 Mar 2022]
09:38:30.011 [main] INFO  o.a.c.h.Http11NioProtocol - [log,173] - Initializing ProtocolHandler ["http-nio-9200"]
09:38:30.012 [main] INFO  o.a.c.c.StandardService - [log,173] - Starting service [Tomcat]
09:38:30.012 [main] INFO  o.a.c.c.StandardEngine - [log,173] - Starting Servlet engine: [Apache Tomcat/9.0.70]
09:38:30.197 [main] INFO  o.a.c.c.C.[.[.[/] - [log,173] - Initializing Spring embedded WebApplicationContext
09:38:31.364 [main] INFO  c.a.c.s.SentinelWebMvcConfigurer - [addInterceptors,52] - [Sentinel Starter] register SentinelWebInterceptor with urlPatterns: [/**].
09:38:34.785 [main] INFO  c.a.n.c.r.client - [lambda$createClient$0,80] - [RpcClientFactory] create a new rpc client of 6e4facb4-eff2-422b-8fb2-56d1896612d1
09:38:34.785 [main] INFO  c.a.n.c.r.client - [printIfInfoEnabled,60] - [6e4facb4-eff2-422b-8fb2-56d1896612d1] RpcClient init label, labels = {module=naming, source=sdk}
09:38:34.786 [main] INFO  c.a.n.c.r.client - [printIfInfoEnabled,60] - [6e4facb4-eff2-422b-8fb2-56d1896612d1] RpcClient init, ServerListFactory = com.alibaba.nacos.client.naming.core.ServerListManager
09:38:34.786 [main] INFO  c.a.n.c.r.client - [printIfInfoEnabled,60] - [6e4facb4-eff2-422b-8fb2-56d1896612d1] Registry connection listener to current client:com.alibaba.nacos.client.naming.remote.gprc.redo.NamingGrpcRedoService
09:38:34.787 [main] INFO  c.a.n.c.r.client - [printIfInfoEnabled,60] - [6e4facb4-eff2-422b-8fb2-56d1896612d1] Register server push request handler:com.alibaba.nacos.client.naming.remote.gprc.NamingPushRequestHandler
09:38:34.787 [main] INFO  c.a.n.c.r.client - [printIfInfoEnabled,60] - [6e4facb4-eff2-422b-8fb2-56d1896612d1] Try to connect to server on start up, server: {serverIp = '127.0.0.1', server main port = 8848}
09:38:34.907 [main] INFO  c.a.n.c.r.client - [printIfInfoEnabled,60] - [6e4facb4-eff2-422b-8fb2-56d1896612d1] Success to connect to server [127.0.0.1:8848] on start up, connectionId = 1701135514793_127.0.0.1_1295
09:38:34.908 [com.alibaba.nacos.client.remote.worker] INFO  c.a.n.c.r.client - [printIfInfoEnabled,60] - [6e4facb4-eff2-422b-8fb2-56d1896612d1] Notify connected event to listeners.
09:38:34.908 [main] INFO  c.a.n.c.r.client - [printIfInfoEnabled,60] - [6e4facb4-eff2-422b-8fb2-56d1896612d1] Register server push request handler:com.alibaba.nacos.common.remote.client.RpcClient$ConnectResetRequestHandler
09:38:34.908 [main] INFO  c.a.n.c.r.client - [printIfInfoEnabled,60] - [6e4facb4-eff2-422b-8fb2-56d1896612d1] Register server push request handler:com.alibaba.nacos.common.remote.client.RpcClient$$Lambda$344/1835316563
09:38:34.989 [main] INFO  o.a.c.h.Http11NioProtocol - [log,173] - Starting ProtocolHandler ["http-nio-9200"]
09:38:35.053 [main] INFO  c.a.c.n.r.NacosServiceRegistry - [register,75] - nacos registry, DEFAULT_GROUP xmap-auth 10.100.60.135:9200 register finished
09:38:36.840 [main] INFO  c.x.a.XmapAuthApplication - [logStarted,61] - Started XmapAuthApplication in 17.262 seconds (JVM running for 19.152)
09:38:36.855 [main] INFO  c.a.c.n.r.NacosContextRefresher - [registerNacosListener,129] - [Nacos Config] Listening config: dataId=xmap-auth-dev.yml, group=DEFAULT_GROUP
09:38:36.856 [main] INFO  c.a.c.n.r.NacosContextRefresher - [registerNacosListener,129] - [Nacos Config] Listening config: dataId=xmap-auth, group=DEFAULT_GROUP
09:38:36.857 [main] INFO  c.a.c.n.r.NacosContextRefresher - [registerNacosListener,129] - [Nacos Config] Listening config: dataId=xmap-auth.yml, group=DEFAULT_GROUP
09:38:37.365 [nacos-grpc-client-executor-10] INFO  c.a.n.c.r.client - [printIfInfoEnabled,60] - [6e4facb4-eff2-422b-8fb2-56d1896612d1] Receive server push request, request = NotifySubscriberRequest, requestId = 1
09:38:37.377 [nacos-grpc-client-executor-10] INFO  c.a.n.c.r.client - [printIfInfoEnabled,60] - [6e4facb4-eff2-422b-8fb2-56d1896612d1] Ack server push request, request = NotifySubscriberRequest, requestId = 1
09:38:39.395 [RMI TCP Connection(6)-192.168.137.1] INFO  o.a.c.c.C.[.[.[/] - [log,173] - Initializing Spring DispatcherServlet 'dispatcherServlet'
09:41:01.264 [nacos-grpc-client-executor-53] INFO  c.a.n.c.r.client - [printIfInfoEnabled,60] - [6e4facb4-eff2-422b-8fb2-56d1896612d1] Receive server push request, request = NotifySubscriberRequest, requestId = 11
09:41:01.265 [nacos-grpc-client-executor-53] INFO  c.a.n.c.r.client - [printIfInfoEnabled,60] - [6e4facb4-eff2-422b-8fb2-56d1896612d1] Ack server push request, request = NotifySubscriberRequest, requestId = 11
17:28:59.081 [SpringApplicationShutdownHook] INFO  c.a.c.n.r.NacosServiceRegistry - [deregister,94] - De-registering from Nacos Server now...
17:28:59.090 [SpringApplicationShutdownHook] INFO  c.a.c.n.r.NacosServiceRegistry - [deregister,114] - De-registration finished.
17:28:59.439 [SpringApplicationShutdownHook] INFO  c.a.n.c.r.client - [shutdown,454] - Shutdown rpc client, set status to shutdown
17:28:59.439 [SpringApplicationShutdownHook] INFO  c.a.n.c.r.client - [shutdown,456] - Shutdown client event executor java.util.concurrent.ScheduledThreadPoolExecutor@1c258635[Running, pool size = 2, active threads = 2, queued tasks = 0, completed tasks = 0]
17:28:59.440 [SpringApplicationShutdownHook] INFO  c.a.n.c.r.client - [closeConnection,591] - Close current connection 1701135514793_127.0.0.1_1295
17:28:59.442 [nacos-grpc-client-executor-5671] INFO  c.a.n.c.r.c.g.GrpcClient - [printIfInfoEnabled,60] - [1701135514793_127.0.0.1_1295]Ignore complete event,isRunning:false,isAbandon=false
17:28:59.449 [SpringApplicationShutdownHook] INFO  c.a.n.c.r.c.g.GrpcClient - [shutdown,85] - Shutdown grpc executor java.util.concurrent.ThreadPoolExecutor@741f6495[Running, pool size = 5, active threads = 0, queued tasks = 0, completed tasks = 5672]
