09:37:25.693 [background-preinit] INFO  o.h.v.i.util.Version - [<clinit>,21] - HV000001: Hibernate Validator 6.2.5.Final
09:37:27.183 [main] INFO  c.a.n.c.r.client - [lambda$createClient$0,80] - [RpcClientFactory] create a new rpc client of 2baa2527-e440-4044-94a2-fff1b6e56ab0_config-0
09:37:27.226 [main] INFO  o.r.Reflections - [scan,232] - Reflections took 27 ms to scan 1 urls, producing 3 keys and 6 values 
09:37:27.249 [main] INFO  o.r.Reflections - [scan,232] - Reflections took 12 ms to scan 1 urls, producing 4 keys and 9 values 
09:37:27.264 [main] INFO  o.r.Reflections - [scan,232] - Reflections took 12 ms to scan 1 urls, producing 3 keys and 10 values 
09:37:27.462 [main] INFO  o.r.Reflections - [scan,232] - Reflections took 195 ms to scan 175 urls, producing 0 keys and 0 values 
09:37:27.477 [main] INFO  o.r.Reflections - [scan,232] - Reflections took 13 ms to scan 1 urls, producing 1 keys and 5 values 
09:37:27.495 [main] INFO  o.r.Reflections - [scan,232] - Reflections took 14 ms to scan 1 urls, producing 1 keys and 7 values 
09:37:27.511 [main] INFO  o.r.Reflections - [scan,232] - Reflections took 12 ms to scan 1 urls, producing 2 keys and 8 values 
09:37:27.763 [main] INFO  o.r.Reflections - [scan,232] - Reflections took 249 ms to scan 175 urls, producing 0 keys and 0 values 
09:37:27.764 [main] INFO  c.a.n.c.r.client - [printIfInfoEnabled,60] - [2baa2527-e440-4044-94a2-fff1b6e56ab0_config-0] RpcClient init label, labels = {module=config, Vipserver-Tag=null, source=sdk, Amory-Tag=null, Location-Tag=null, taskId=0, AppName=unknown}
09:37:27.764 [main] INFO  c.a.n.c.r.client - [printIfInfoEnabled,60] - [2baa2527-e440-4044-94a2-fff1b6e56ab0_config-0] Register server push request handler:com.alibaba.nacos.client.config.impl.ClientWorker$ConfigRpcTransportClient$$Lambda$335/1210939243
09:37:27.764 [main] INFO  c.a.n.c.r.client - [printIfInfoEnabled,60] - [2baa2527-e440-4044-94a2-fff1b6e56ab0_config-0] Register server push request handler:com.alibaba.nacos.client.config.impl.ClientWorker$ConfigRpcTransportClient$$Lambda$336/1079125839
09:37:27.765 [main] INFO  c.a.n.c.r.client - [printIfInfoEnabled,60] - [2baa2527-e440-4044-94a2-fff1b6e56ab0_config-0] Registry connection listener to current client:com.alibaba.nacos.client.config.impl.ClientWorker$ConfigRpcTransportClient$1
09:37:27.766 [main] INFO  c.a.n.c.r.client - [printIfInfoEnabled,60] - [2baa2527-e440-4044-94a2-fff1b6e56ab0_config-0] RpcClient init, ServerListFactory = com.alibaba.nacos.client.config.impl.ClientWorker$ConfigRpcTransportClient$2
09:37:27.772 [main] INFO  c.a.n.c.r.client - [printIfInfoEnabled,60] - [2baa2527-e440-4044-94a2-fff1b6e56ab0_config-0] Try to connect to server on start up, server: {serverIp = '127.0.0.1', server main port = 8848}
09:37:31.263 [main] INFO  c.a.n.c.r.client - [printIfInfoEnabled,60] - [2baa2527-e440-4044-94a2-fff1b6e56ab0_config-0] Success to connect to server [127.0.0.1:8848] on start up, connectionId = 1699234651006_127.0.0.1_10323
09:37:31.263 [com.alibaba.nacos.client.remote.worker] INFO  c.a.n.c.r.client - [printIfInfoEnabled,60] - [2baa2527-e440-4044-94a2-fff1b6e56ab0_config-0] Notify connected event to listeners.
09:37:31.264 [main] INFO  c.a.n.c.r.client - [printIfInfoEnabled,60] - [2baa2527-e440-4044-94a2-fff1b6e56ab0_config-0] Register server push request handler:com.alibaba.nacos.common.remote.client.RpcClient$ConnectResetRequestHandler
09:37:31.264 [main] INFO  c.a.n.c.r.client - [printIfInfoEnabled,60] - [2baa2527-e440-4044-94a2-fff1b6e56ab0_config-0] Register server push request handler:com.alibaba.nacos.common.remote.client.RpcClient$$Lambda$344/1835316563
09:37:31.343 [main] INFO  c.x.a.XmapAuthApplication - [logStartupProfileInfo,637] - The following 1 profile is active: "dev"
09:37:34.772 [main] INFO  o.a.c.c.AprLifecycleListener - [log,173] - Loaded Apache Tomcat Native library [1.2.32] using APR version [1.7.0].
09:37:34.772 [main] INFO  o.a.c.c.AprLifecycleListener - [log,173] - APR capabilities: IPv6 [true], sendfile [true], accept filters [false], random [true], UDS [true].
09:37:34.772 [main] INFO  o.a.c.c.AprLifecycleListener - [log,173] - APR/OpenSSL configuration: useAprConnector [false], useOpenSSL [true]
09:37:34.777 [main] INFO  o.a.c.c.AprLifecycleListener - [log,173] - OpenSSL successfully initialized [OpenSSL 1.1.1n  15 Mar 2022]
09:37:34.788 [main] INFO  o.a.c.h.Http11NioProtocol - [log,173] - Initializing ProtocolHandler ["http-nio-9200"]
09:37:34.789 [main] INFO  o.a.c.c.StandardService - [log,173] - Starting service [Tomcat]
09:37:34.789 [main] INFO  o.a.c.c.StandardEngine - [log,173] - Starting Servlet engine: [Apache Tomcat/9.0.70]
09:37:35.010 [main] INFO  o.a.c.c.C.[.[.[/] - [log,173] - Initializing Spring embedded WebApplicationContext
09:37:36.164 [main] INFO  c.a.c.s.SentinelWebMvcConfigurer - [addInterceptors,52] - [Sentinel Starter] register SentinelWebInterceptor with urlPatterns: [/**].
09:37:39.254 [main] INFO  c.a.n.c.r.client - [lambda$createClient$0,80] - [RpcClientFactory] create a new rpc client of 4651bf4a-bfac-450e-ac63-dcfc63967a0d
09:37:39.254 [main] INFO  c.a.n.c.r.client - [printIfInfoEnabled,60] - [4651bf4a-bfac-450e-ac63-dcfc63967a0d] RpcClient init label, labels = {module=naming, source=sdk}
09:37:39.256 [main] INFO  c.a.n.c.r.client - [printIfInfoEnabled,60] - [4651bf4a-bfac-450e-ac63-dcfc63967a0d] RpcClient init, ServerListFactory = com.alibaba.nacos.client.naming.core.ServerListManager
09:37:39.257 [main] INFO  c.a.n.c.r.client - [printIfInfoEnabled,60] - [4651bf4a-bfac-450e-ac63-dcfc63967a0d] Registry connection listener to current client:com.alibaba.nacos.client.naming.remote.gprc.redo.NamingGrpcRedoService
09:37:39.257 [main] INFO  c.a.n.c.r.client - [printIfInfoEnabled,60] - [4651bf4a-bfac-450e-ac63-dcfc63967a0d] Register server push request handler:com.alibaba.nacos.client.naming.remote.gprc.NamingPushRequestHandler
09:37:39.257 [main] INFO  c.a.n.c.r.client - [printIfInfoEnabled,60] - [4651bf4a-bfac-450e-ac63-dcfc63967a0d] Try to connect to server on start up, server: {serverIp = '127.0.0.1', server main port = 8848}
09:37:39.379 [main] INFO  c.a.n.c.r.client - [printIfInfoEnabled,60] - [4651bf4a-bfac-450e-ac63-dcfc63967a0d] Success to connect to server [127.0.0.1:8848] on start up, connectionId = 1699234659263_127.0.0.1_10439
09:37:39.379 [com.alibaba.nacos.client.remote.worker] INFO  c.a.n.c.r.client - [printIfInfoEnabled,60] - [4651bf4a-bfac-450e-ac63-dcfc63967a0d] Notify connected event to listeners.
09:37:39.379 [main] INFO  c.a.n.c.r.client - [printIfInfoEnabled,60] - [4651bf4a-bfac-450e-ac63-dcfc63967a0d] Register server push request handler:com.alibaba.nacos.common.remote.client.RpcClient$ConnectResetRequestHandler
09:37:39.379 [main] INFO  c.a.n.c.r.client - [printIfInfoEnabled,60] - [4651bf4a-bfac-450e-ac63-dcfc63967a0d] Register server push request handler:com.alibaba.nacos.common.remote.client.RpcClient$$Lambda$344/1835316563
09:37:39.406 [main] INFO  o.a.c.h.Http11NioProtocol - [log,173] - Starting ProtocolHandler ["http-nio-9200"]
09:37:39.433 [main] INFO  c.a.c.n.r.NacosServiceRegistry - [register,75] - nacos registry, DEFAULT_GROUP xmap-auth 10.100.60.135:9200 register finished
09:37:39.913 [nacos-grpc-client-executor-9] INFO  c.a.n.c.r.client - [printIfInfoEnabled,60] - [4651bf4a-bfac-450e-ac63-dcfc63967a0d] Receive server push request, request = NotifySubscriberRequest, requestId = 3
09:37:39.918 [nacos-grpc-client-executor-9] INFO  c.a.n.c.r.client - [printIfInfoEnabled,60] - [4651bf4a-bfac-450e-ac63-dcfc63967a0d] Ack server push request, request = NotifySubscriberRequest, requestId = 3
09:37:40.531 [main] INFO  c.x.a.XmapAuthApplication - [logStarted,61] - Started XmapAuthApplication in 16.359 seconds (JVM running for 17.897)
09:37:40.543 [main] INFO  c.a.c.n.r.NacosContextRefresher - [registerNacosListener,129] - [Nacos Config] Listening config: dataId=xmap-auth-dev.yml, group=DEFAULT_GROUP
09:37:40.544 [main] INFO  c.a.c.n.r.NacosContextRefresher - [registerNacosListener,129] - [Nacos Config] Listening config: dataId=xmap-auth, group=DEFAULT_GROUP
09:37:40.544 [main] INFO  c.a.c.n.r.NacosContextRefresher - [registerNacosListener,129] - [Nacos Config] Listening config: dataId=xmap-auth.yml, group=DEFAULT_GROUP
09:37:42.444 [RMI TCP Connection(5)-192.168.137.1] INFO  o.a.c.c.C.[.[.[/] - [log,173] - Initializing Spring DispatcherServlet 'dispatcherServlet'
09:39:13.745 [nacos-grpc-client-executor-34] INFO  c.a.n.c.r.client - [printIfInfoEnabled,60] - [4651bf4a-bfac-450e-ac63-dcfc63967a0d] Receive server push request, request = NotifySubscriberRequest, requestId = 9
09:39:13.746 [nacos-grpc-client-executor-34] INFO  c.a.n.c.r.client - [printIfInfoEnabled,60] - [4651bf4a-bfac-450e-ac63-dcfc63967a0d] Ack server push request, request = NotifySubscriberRequest, requestId = 9
10:15:16.793 [SpringApplicationShutdownHook] INFO  c.a.c.n.r.NacosServiceRegistry - [deregister,94] - De-registering from Nacos Server now...
10:15:16.797 [SpringApplicationShutdownHook] INFO  c.a.c.n.r.NacosServiceRegistry - [deregister,114] - De-registration finished.
10:15:17.140 [SpringApplicationShutdownHook] INFO  c.a.n.c.r.client - [shutdown,454] - Shutdown rpc client, set status to shutdown
10:15:17.140 [SpringApplicationShutdownHook] INFO  c.a.n.c.r.client - [shutdown,456] - Shutdown client event executor java.util.concurrent.ScheduledThreadPoolExecutor@c843017[Running, pool size = 2, active threads = 2, queued tasks = 0, completed tasks = 0]
10:15:17.140 [SpringApplicationShutdownHook] INFO  c.a.n.c.r.client - [closeConnection,591] - Close current connection 1699234659263_127.0.0.1_10439
10:15:17.142 [nacos-grpc-client-executor-471] INFO  c.a.n.c.r.c.g.GrpcClient - [printIfInfoEnabled,60] - [1699234659263_127.0.0.1_10439]Ignore complete event,isRunning:false,isAbandon=false
10:15:17.144 [SpringApplicationShutdownHook] INFO  c.a.n.c.r.c.g.GrpcClient - [shutdown,85] - Shutdown grpc executor java.util.concurrent.ThreadPoolExecutor@37d39583[Running, pool size = 6, active threads = 0, queued tasks = 0, completed tasks = 472]
