09:27:55.886 [background-preinit] INFO  o.h.v.i.util.Version - [<clinit>,21] - HV000001: Hibernate Validator 6.2.5.Final
09:27:57.886 [main] INFO  c.a.n.c.r.client - [lambda$createClient$0,80] - [RpcClientFactory] create a new rpc client of d9f2902e-33f0-42c6-9789-d5329d36c0eb_config-0
09:27:57.950 [main] INFO  o.r.Reflections - [scan,232] - Reflections took 45 ms to scan 1 urls, producing 3 keys and 6 values 
09:27:57.990 [main] INFO  o.r.Reflections - [scan,232] - Reflections took 22 ms to scan 1 urls, producing 4 keys and 9 values 
09:27:58.017 [main] INFO  o.r.Reflections - [scan,232] - Reflections took 22 ms to scan 1 urls, producing 3 keys and 10 values 
09:27:58.343 [main] INFO  o.r.Reflections - [scan,232] - Reflections took 318 ms to scan 175 urls, producing 0 keys and 0 values 
09:27:58.369 [main] INFO  o.r.Reflections - [scan,232] - Reflections took 25 ms to scan 1 urls, producing 1 keys and 5 values 
09:27:58.400 [main] INFO  o.r.Reflections - [scan,232] - Reflections took 27 ms to scan 1 urls, producing 1 keys and 7 values 
09:27:58.427 [main] INFO  o.r.Reflections - [scan,232] - Reflections took 23 ms to scan 1 urls, producing 2 keys and 8 values 
09:27:58.771 [main] INFO  o.r.Reflections - [scan,232] - Reflections took 339 ms to scan 175 urls, producing 0 keys and 0 values 
09:27:58.773 [main] INFO  c.a.n.c.r.client - [printIfInfoEnabled,60] - [d9f2902e-33f0-42c6-9789-d5329d36c0eb_config-0] RpcClient init label, labels = {module=config, Vipserver-Tag=null, source=sdk, Amory-Tag=null, Location-Tag=null, taskId=0, AppName=unknown}
09:27:58.775 [main] INFO  c.a.n.c.r.client - [printIfInfoEnabled,60] - [d9f2902e-33f0-42c6-9789-d5329d36c0eb_config-0] Register server push request handler:com.alibaba.nacos.client.config.impl.ClientWorker$ConfigRpcTransportClient$$Lambda$335/1210939243
09:27:58.775 [main] INFO  c.a.n.c.r.client - [printIfInfoEnabled,60] - [d9f2902e-33f0-42c6-9789-d5329d36c0eb_config-0] Register server push request handler:com.alibaba.nacos.client.config.impl.ClientWorker$ConfigRpcTransportClient$$Lambda$336/1079125839
09:27:58.776 [main] INFO  c.a.n.c.r.client - [printIfInfoEnabled,60] - [d9f2902e-33f0-42c6-9789-d5329d36c0eb_config-0] Registry connection listener to current client:com.alibaba.nacos.client.config.impl.ClientWorker$ConfigRpcTransportClient$1
09:27:58.777 [main] INFO  c.a.n.c.r.client - [printIfInfoEnabled,60] - [d9f2902e-33f0-42c6-9789-d5329d36c0eb_config-0] RpcClient init, ServerListFactory = com.alibaba.nacos.client.config.impl.ClientWorker$ConfigRpcTransportClient$2
09:27:58.789 [main] INFO  c.a.n.c.r.client - [printIfInfoEnabled,60] - [d9f2902e-33f0-42c6-9789-d5329d36c0eb_config-0] Try to connect to server on start up, server: {serverIp = '127.0.0.1', server main port = 8848}
09:28:03.894 [main] INFO  c.a.n.c.r.client - [printIfInfoEnabled,60] - [d9f2902e-33f0-42c6-9789-d5329d36c0eb_config-0] Success to connect to server [127.0.0.1:8848] on start up, connectionId = 1702517283469_127.0.0.1_13434
09:28:03.895 [com.alibaba.nacos.client.remote.worker] INFO  c.a.n.c.r.client - [printIfInfoEnabled,60] - [d9f2902e-33f0-42c6-9789-d5329d36c0eb_config-0] Notify connected event to listeners.
09:28:03.895 [main] INFO  c.a.n.c.r.client - [printIfInfoEnabled,60] - [d9f2902e-33f0-42c6-9789-d5329d36c0eb_config-0] Register server push request handler:com.alibaba.nacos.common.remote.client.RpcClient$ConnectResetRequestHandler
09:28:03.896 [main] INFO  c.a.n.c.r.client - [printIfInfoEnabled,60] - [d9f2902e-33f0-42c6-9789-d5329d36c0eb_config-0] Register server push request handler:com.alibaba.nacos.common.remote.client.RpcClient$$Lambda$344/1835316563
09:28:04.043 [main] INFO  c.x.a.XmapAuthApplication - [logStartupProfileInfo,637] - The following 1 profile is active: "dev"
09:28:07.063 [main] INFO  o.a.c.c.AprLifecycleListener - [log,173] - Loaded Apache Tomcat Native library [1.2.32] using APR version [1.7.0].
09:28:07.063 [main] INFO  o.a.c.c.AprLifecycleListener - [log,173] - APR capabilities: IPv6 [true], sendfile [true], accept filters [false], random [true], UDS [true].
09:28:07.063 [main] INFO  o.a.c.c.AprLifecycleListener - [log,173] - APR/OpenSSL configuration: useAprConnector [false], useOpenSSL [true]
09:28:07.068 [main] INFO  o.a.c.c.AprLifecycleListener - [log,173] - OpenSSL successfully initialized [OpenSSL 1.1.1n  15 Mar 2022]
09:28:07.084 [main] INFO  o.a.c.h.Http11NioProtocol - [log,173] - Initializing ProtocolHandler ["http-nio-9200"]
09:28:07.085 [main] INFO  o.a.c.c.StandardService - [log,173] - Starting service [Tomcat]
09:28:07.085 [main] INFO  o.a.c.c.StandardEngine - [log,173] - Starting Servlet engine: [Apache Tomcat/9.0.70]
09:28:07.424 [main] INFO  o.a.c.c.C.[.[.[/] - [log,173] - Initializing Spring embedded WebApplicationContext
09:28:09.006 [main] INFO  c.a.c.s.SentinelWebMvcConfigurer - [addInterceptors,52] - [Sentinel Starter] register SentinelWebInterceptor with urlPatterns: [/**].
09:28:14.300 [main] INFO  c.a.n.c.r.client - [lambda$createClient$0,80] - [RpcClientFactory] create a new rpc client of 1f2d38ba-89a4-4911-999a-a323cd587fa2
09:28:14.300 [main] INFO  c.a.n.c.r.client - [printIfInfoEnabled,60] - [1f2d38ba-89a4-4911-999a-a323cd587fa2] RpcClient init label, labels = {module=naming, source=sdk}
09:28:14.306 [main] INFO  c.a.n.c.r.client - [printIfInfoEnabled,60] - [1f2d38ba-89a4-4911-999a-a323cd587fa2] RpcClient init, ServerListFactory = com.alibaba.nacos.client.naming.core.ServerListManager
09:28:14.307 [main] INFO  c.a.n.c.r.client - [printIfInfoEnabled,60] - [1f2d38ba-89a4-4911-999a-a323cd587fa2] Registry connection listener to current client:com.alibaba.nacos.client.naming.remote.gprc.redo.NamingGrpcRedoService
09:28:14.307 [main] INFO  c.a.n.c.r.client - [printIfInfoEnabled,60] - [1f2d38ba-89a4-4911-999a-a323cd587fa2] Register server push request handler:com.alibaba.nacos.client.naming.remote.gprc.NamingPushRequestHandler
09:28:14.308 [main] INFO  c.a.n.c.r.client - [printIfInfoEnabled,60] - [1f2d38ba-89a4-4911-999a-a323cd587fa2] Try to connect to server on start up, server: {serverIp = '127.0.0.1', server main port = 8848}
09:28:14.442 [main] INFO  c.a.n.c.r.client - [printIfInfoEnabled,60] - [1f2d38ba-89a4-4911-999a-a323cd587fa2] Success to connect to server [127.0.0.1:8848] on start up, connectionId = 1702517294319_127.0.0.1_13565
09:28:14.442 [com.alibaba.nacos.client.remote.worker] INFO  c.a.n.c.r.client - [printIfInfoEnabled,60] - [1f2d38ba-89a4-4911-999a-a323cd587fa2] Notify connected event to listeners.
09:28:14.442 [main] INFO  c.a.n.c.r.client - [printIfInfoEnabled,60] - [1f2d38ba-89a4-4911-999a-a323cd587fa2] Register server push request handler:com.alibaba.nacos.common.remote.client.RpcClient$ConnectResetRequestHandler
09:28:14.443 [main] INFO  c.a.n.c.r.client - [printIfInfoEnabled,60] - [1f2d38ba-89a4-4911-999a-a323cd587fa2] Register server push request handler:com.alibaba.nacos.common.remote.client.RpcClient$$Lambda$344/1835316563
09:28:14.549 [main] INFO  o.a.c.h.Http11NioProtocol - [log,173] - Starting ProtocolHandler ["http-nio-9200"]
09:28:14.642 [main] INFO  c.a.c.n.r.NacosServiceRegistry - [register,75] - nacos registry, DEFAULT_GROUP xmap-auth 10.100.60.135:9200 register finished
09:28:16.529 [main] INFO  c.x.a.XmapAuthApplication - [logStarted,61] - Started XmapAuthApplication in 22.222 seconds (JVM running for 24.19)
09:28:16.549 [main] INFO  c.a.c.n.r.NacosContextRefresher - [registerNacosListener,129] - [Nacos Config] Listening config: dataId=xmap-auth-dev.yml, group=DEFAULT_GROUP
09:28:16.550 [main] INFO  c.a.c.n.r.NacosContextRefresher - [registerNacosListener,129] - [Nacos Config] Listening config: dataId=xmap-auth, group=DEFAULT_GROUP
09:28:16.551 [main] INFO  c.a.c.n.r.NacosContextRefresher - [registerNacosListener,129] - [Nacos Config] Listening config: dataId=xmap-auth.yml, group=DEFAULT_GROUP
09:28:16.969 [nacos-grpc-client-executor-9] INFO  c.a.n.c.r.client - [printIfInfoEnabled,60] - [1f2d38ba-89a4-4911-999a-a323cd587fa2] Receive server push request, request = NotifySubscriberRequest, requestId = 1
09:28:16.988 [nacos-grpc-client-executor-9] INFO  c.a.n.c.r.client - [printIfInfoEnabled,60] - [1f2d38ba-89a4-4911-999a-a323cd587fa2] Ack server push request, request = NotifySubscriberRequest, requestId = 1
09:28:18.125 [RMI TCP Connection(6)-192.168.137.1] INFO  o.a.c.c.C.[.[.[/] - [log,173] - Initializing Spring DispatcherServlet 'dispatcherServlet'
