14:06:19.464 [background-preinit] INFO  o.h.v.i.util.Version - [<clinit>,21] - HV000001: Hibernate Validator 6.2.5.Final
14:06:21.076 [main] INFO  c.a.n.c.r.client - [lambda$createClient$0,80] - [RpcClientFactory] create a new rpc client of e02af6b7-231d-41ea-b65e-e777411222d0_config-0
14:06:21.148 [main] INFO  o.r.Reflections - [scan,232] - Reflections took 50 ms to scan 1 urls, producing 3 keys and 6 values 
14:06:21.202 [main] INFO  o.r.Reflections - [scan,232] - Reflections took 25 ms to scan 1 urls, producing 4 keys and 9 values 
14:06:21.225 [main] INFO  o.r.Reflections - [scan,232] - Reflections took 19 ms to scan 1 urls, producing 3 keys and 10 values 
14:06:21.492 [main] INFO  o.r.Reflections - [scan,232] - Reflections took 260 ms to scan 175 urls, producing 0 keys and 0 values 
14:06:21.512 [main] INFO  o.r.Reflections - [scan,232] - Reflections took 18 ms to scan 1 urls, producing 1 keys and 5 values 
14:06:21.537 [main] INFO  o.r.Reflections - [scan,232] - Reflections took 22 ms to scan 1 urls, producing 1 keys and 7 values 
14:06:21.559 [main] INFO  o.r.Reflections - [scan,232] - Reflections took 18 ms to scan 1 urls, producing 2 keys and 8 values 
14:06:21.825 [main] INFO  o.r.Reflections - [scan,232] - Reflections took 262 ms to scan 175 urls, producing 0 keys and 0 values 
14:06:21.827 [main] INFO  c.a.n.c.r.client - [printIfInfoEnabled,60] - [e02af6b7-231d-41ea-b65e-e777411222d0_config-0] RpcClient init label, labels = {module=config, Vipserver-Tag=null, source=sdk, Amory-Tag=null, Location-Tag=null, taskId=0, AppName=unknown}
14:06:21.828 [main] INFO  c.a.n.c.r.client - [printIfInfoEnabled,60] - [e02af6b7-231d-41ea-b65e-e777411222d0_config-0] Register server push request handler:com.alibaba.nacos.client.config.impl.ClientWorker$ConfigRpcTransportClient$$Lambda$335/1210939243
14:06:21.828 [main] INFO  c.a.n.c.r.client - [printIfInfoEnabled,60] - [e02af6b7-231d-41ea-b65e-e777411222d0_config-0] Register server push request handler:com.alibaba.nacos.client.config.impl.ClientWorker$ConfigRpcTransportClient$$Lambda$336/1079125839
14:06:21.830 [main] INFO  c.a.n.c.r.client - [printIfInfoEnabled,60] - [e02af6b7-231d-41ea-b65e-e777411222d0_config-0] Registry connection listener to current client:com.alibaba.nacos.client.config.impl.ClientWorker$ConfigRpcTransportClient$1
14:06:21.831 [main] INFO  c.a.n.c.r.client - [printIfInfoEnabled,60] - [e02af6b7-231d-41ea-b65e-e777411222d0_config-0] RpcClient init, ServerListFactory = com.alibaba.nacos.client.config.impl.ClientWorker$ConfigRpcTransportClient$2
14:06:21.843 [main] INFO  c.a.n.c.r.client - [printIfInfoEnabled,60] - [e02af6b7-231d-41ea-b65e-e777411222d0_config-0] Try to connect to server on start up, server: {serverIp = '127.0.0.1', server main port = 8848}
14:06:26.672 [main] INFO  c.a.n.c.r.client - [printIfInfoEnabled,60] - [e02af6b7-231d-41ea-b65e-e777411222d0_config-0] Success to connect to server [127.0.0.1:8848] on start up, connectionId = 1699855586310_127.0.0.1_14750
14:06:26.672 [com.alibaba.nacos.client.remote.worker] INFO  c.a.n.c.r.client - [printIfInfoEnabled,60] - [e02af6b7-231d-41ea-b65e-e777411222d0_config-0] Notify connected event to listeners.
14:06:26.673 [main] INFO  c.a.n.c.r.client - [printIfInfoEnabled,60] - [e02af6b7-231d-41ea-b65e-e777411222d0_config-0] Register server push request handler:com.alibaba.nacos.common.remote.client.RpcClient$ConnectResetRequestHandler
14:06:26.673 [main] INFO  c.a.n.c.r.client - [printIfInfoEnabled,60] - [e02af6b7-231d-41ea-b65e-e777411222d0_config-0] Register server push request handler:com.alibaba.nacos.common.remote.client.RpcClient$$Lambda$344/1835316563
14:06:26.777 [main] INFO  c.x.a.XmapAuthApplication - [logStartupProfileInfo,637] - The following 1 profile is active: "dev"
14:06:29.074 [main] INFO  o.a.c.c.AprLifecycleListener - [log,173] - Loaded Apache Tomcat Native library [1.2.32] using APR version [1.7.0].
14:06:29.074 [main] INFO  o.a.c.c.AprLifecycleListener - [log,173] - APR capabilities: IPv6 [true], sendfile [true], accept filters [false], random [true], UDS [true].
14:06:29.074 [main] INFO  o.a.c.c.AprLifecycleListener - [log,173] - APR/OpenSSL configuration: useAprConnector [false], useOpenSSL [true]
14:06:29.078 [main] INFO  o.a.c.c.AprLifecycleListener - [log,173] - OpenSSL successfully initialized [OpenSSL 1.1.1n  15 Mar 2022]
14:06:29.091 [main] INFO  o.a.c.h.Http11NioProtocol - [log,173] - Initializing ProtocolHandler ["http-nio-9200"]
14:06:29.092 [main] INFO  o.a.c.c.StandardService - [log,173] - Starting service [Tomcat]
14:06:29.092 [main] INFO  o.a.c.c.StandardEngine - [log,173] - Starting Servlet engine: [Apache Tomcat/9.0.70]
14:06:29.272 [main] INFO  o.a.c.c.C.[.[.[/] - [log,173] - Initializing Spring embedded WebApplicationContext
14:06:30.827 [main] INFO  c.a.c.s.SentinelWebMvcConfigurer - [addInterceptors,52] - [Sentinel Starter] register SentinelWebInterceptor with urlPatterns: [/**].
14:06:33.986 [main] INFO  c.a.n.c.r.client - [lambda$createClient$0,80] - [RpcClientFactory] create a new rpc client of 5eb6ee55-5c3a-41fa-a49b-32edebe3392a
14:06:33.986 [main] INFO  c.a.n.c.r.client - [printIfInfoEnabled,60] - [5eb6ee55-5c3a-41fa-a49b-32edebe3392a] RpcClient init label, labels = {module=naming, source=sdk}
14:06:33.988 [main] INFO  c.a.n.c.r.client - [printIfInfoEnabled,60] - [5eb6ee55-5c3a-41fa-a49b-32edebe3392a] RpcClient init, ServerListFactory = com.alibaba.nacos.client.naming.core.ServerListManager
14:06:33.989 [main] INFO  c.a.n.c.r.client - [printIfInfoEnabled,60] - [5eb6ee55-5c3a-41fa-a49b-32edebe3392a] Registry connection listener to current client:com.alibaba.nacos.client.naming.remote.gprc.redo.NamingGrpcRedoService
14:06:33.989 [main] INFO  c.a.n.c.r.client - [printIfInfoEnabled,60] - [5eb6ee55-5c3a-41fa-a49b-32edebe3392a] Register server push request handler:com.alibaba.nacos.client.naming.remote.gprc.NamingPushRequestHandler
14:06:33.990 [main] INFO  c.a.n.c.r.client - [printIfInfoEnabled,60] - [5eb6ee55-5c3a-41fa-a49b-32edebe3392a] Try to connect to server on start up, server: {serverIp = '127.0.0.1', server main port = 8848}
14:06:34.110 [main] INFO  c.a.n.c.r.client - [printIfInfoEnabled,60] - [5eb6ee55-5c3a-41fa-a49b-32edebe3392a] Success to connect to server [127.0.0.1:8848] on start up, connectionId = 1699855593996_127.0.0.1_14871
14:06:34.110 [com.alibaba.nacos.client.remote.worker] INFO  c.a.n.c.r.client - [printIfInfoEnabled,60] - [5eb6ee55-5c3a-41fa-a49b-32edebe3392a] Notify connected event to listeners.
14:06:34.110 [main] INFO  c.a.n.c.r.client - [printIfInfoEnabled,60] - [5eb6ee55-5c3a-41fa-a49b-32edebe3392a] Register server push request handler:com.alibaba.nacos.common.remote.client.RpcClient$ConnectResetRequestHandler
14:06:34.110 [main] INFO  c.a.n.c.r.client - [printIfInfoEnabled,60] - [5eb6ee55-5c3a-41fa-a49b-32edebe3392a] Register server push request handler:com.alibaba.nacos.common.remote.client.RpcClient$$Lambda$344/1835316563
14:06:34.155 [main] INFO  o.a.c.h.Http11NioProtocol - [log,173] - Starting ProtocolHandler ["http-nio-9200"]
14:06:34.256 [main] INFO  c.a.c.n.r.NacosServiceRegistry - [register,75] - nacos registry, DEFAULT_GROUP xmap-auth 10.100.60.135:9200 register finished
14:06:34.646 [nacos-grpc-client-executor-8] INFO  c.a.n.c.r.client - [printIfInfoEnabled,60] - [5eb6ee55-5c3a-41fa-a49b-32edebe3392a] Receive server push request, request = NotifySubscriberRequest, requestId = 3
14:06:34.653 [nacos-grpc-client-executor-8] INFO  c.a.n.c.r.client - [printIfInfoEnabled,60] - [5eb6ee55-5c3a-41fa-a49b-32edebe3392a] Ack server push request, request = NotifySubscriberRequest, requestId = 3
14:06:35.620 [main] INFO  c.x.a.XmapAuthApplication - [logStarted,61] - Started XmapAuthApplication in 17.649 seconds (JVM running for 19.518)
14:06:35.628 [main] INFO  c.a.c.n.r.NacosContextRefresher - [registerNacosListener,129] - [Nacos Config] Listening config: dataId=xmap-auth-dev.yml, group=DEFAULT_GROUP
14:06:35.628 [main] INFO  c.a.c.n.r.NacosContextRefresher - [registerNacosListener,129] - [Nacos Config] Listening config: dataId=xmap-auth, group=DEFAULT_GROUP
14:06:35.629 [main] INFO  c.a.c.n.r.NacosContextRefresher - [registerNacosListener,129] - [Nacos Config] Listening config: dataId=xmap-auth.yml, group=DEFAULT_GROUP
14:06:37.480 [RMI TCP Connection(6)-192.168.137.1] INFO  o.a.c.c.C.[.[.[/] - [log,173] - Initializing Spring DispatcherServlet 'dispatcherServlet'
14:07:26.563 [nacos-grpc-client-executor-28] INFO  c.a.n.c.r.client - [printIfInfoEnabled,60] - [5eb6ee55-5c3a-41fa-a49b-32edebe3392a] Receive server push request, request = NotifySubscriberRequest, requestId = 9
14:07:26.563 [nacos-grpc-client-executor-28] INFO  c.a.n.c.r.client - [printIfInfoEnabled,60] - [5eb6ee55-5c3a-41fa-a49b-32edebe3392a] Ack server push request, request = NotifySubscriberRequest, requestId = 9
21:31:10.972 [nacos-grpc-client-executor-5351] INFO  c.a.n.c.r.client - [printIfInfoEnabled,60] - [5eb6ee55-5c3a-41fa-a49b-32edebe3392a] Receive server push request, request = NotifySubscriberRequest, requestId = 10
21:31:11.025 [nacos-grpc-client-executor-5351] INFO  c.a.n.c.r.client - [printIfInfoEnabled,60] - [5eb6ee55-5c3a-41fa-a49b-32edebe3392a] Ack server push request, request = NotifySubscriberRequest, requestId = 10
