09:39:06.642 [background-preinit] INFO  o.h.v.i.util.Version - [<clinit>,21] - HV000001: Hibernate Validator 6.2.5.Final
09:39:08.658 [main] INFO  c.a.n.c.r.client - [lambda$createClient$0,80] - [RpcClientFactory] create a new rpc client of 1d03444a-5178-46cb-a012-26c1a08d9427_config-0
09:39:08.745 [main] INFO  o.r.Reflections - [scan,232] - Reflections took 65 ms to scan 1 urls, producing 3 keys and 6 values 
09:39:08.813 [main] INFO  o.r.Reflections - [scan,232] - Reflections took 38 ms to scan 1 urls, producing 4 keys and 9 values 
09:39:08.858 [main] INFO  o.r.Reflections - [scan,232] - Reflections took 39 ms to scan 1 urls, producing 3 keys and 10 values 
09:39:09.173 [main] INFO  o.r.Reflections - [scan,232] - Reflections took 309 ms to scan 175 urls, producing 0 keys and 0 values 
09:39:09.191 [main] INFO  o.r.Reflections - [scan,232] - Reflections took 16 ms to scan 1 urls, producing 1 keys and 5 values 
09:39:09.213 [main] INFO  o.r.Reflections - [scan,232] - Reflections took 19 ms to scan 1 urls, producing 1 keys and 7 values 
09:39:09.234 [main] INFO  o.r.Reflections - [scan,232] - Reflections took 17 ms to scan 1 urls, producing 2 keys and 8 values 
09:39:09.452 [main] INFO  o.r.Reflections - [scan,232] - Reflections took 215 ms to scan 175 urls, producing 0 keys and 0 values 
09:39:09.454 [main] INFO  c.a.n.c.r.client - [printIfInfoEnabled,60] - [1d03444a-5178-46cb-a012-26c1a08d9427_config-0] RpcClient init label, labels = {module=config, Vipserver-Tag=null, source=sdk, Amory-Tag=null, Location-Tag=null, taskId=0, AppName=unknown}
09:39:09.456 [main] INFO  c.a.n.c.r.client - [printIfInfoEnabled,60] - [1d03444a-5178-46cb-a012-26c1a08d9427_config-0] Register server push request handler:com.alibaba.nacos.client.config.impl.ClientWorker$ConfigRpcTransportClient$$Lambda$335/1210939243
09:39:09.457 [main] INFO  c.a.n.c.r.client - [printIfInfoEnabled,60] - [1d03444a-5178-46cb-a012-26c1a08d9427_config-0] Register server push request handler:com.alibaba.nacos.client.config.impl.ClientWorker$ConfigRpcTransportClient$$Lambda$336/1079125839
09:39:09.459 [main] INFO  c.a.n.c.r.client - [printIfInfoEnabled,60] - [1d03444a-5178-46cb-a012-26c1a08d9427_config-0] Registry connection listener to current client:com.alibaba.nacos.client.config.impl.ClientWorker$ConfigRpcTransportClient$1
09:39:09.460 [main] INFO  c.a.n.c.r.client - [printIfInfoEnabled,60] - [1d03444a-5178-46cb-a012-26c1a08d9427_config-0] RpcClient init, ServerListFactory = com.alibaba.nacos.client.config.impl.ClientWorker$ConfigRpcTransportClient$2
09:39:09.471 [main] INFO  c.a.n.c.r.client - [printIfInfoEnabled,60] - [1d03444a-5178-46cb-a012-26c1a08d9427_config-0] Try to connect to server on start up, server: {serverIp = '127.0.0.1', server main port = 8848}
09:39:14.321 [main] INFO  c.a.n.c.r.client - [printIfInfoEnabled,60] - [1d03444a-5178-46cb-a012-26c1a08d9427_config-0] Success to connect to server [127.0.0.1:8848] on start up, connectionId = 1701913154045_127.0.0.1_12376
09:39:14.321 [com.alibaba.nacos.client.remote.worker] INFO  c.a.n.c.r.client - [printIfInfoEnabled,60] - [1d03444a-5178-46cb-a012-26c1a08d9427_config-0] Notify connected event to listeners.
09:39:14.322 [main] INFO  c.a.n.c.r.client - [printIfInfoEnabled,60] - [1d03444a-5178-46cb-a012-26c1a08d9427_config-0] Register server push request handler:com.alibaba.nacos.common.remote.client.RpcClient$ConnectResetRequestHandler
09:39:14.322 [main] INFO  c.a.n.c.r.client - [printIfInfoEnabled,60] - [1d03444a-5178-46cb-a012-26c1a08d9427_config-0] Register server push request handler:com.alibaba.nacos.common.remote.client.RpcClient$$Lambda$344/1835316563
09:39:14.410 [main] INFO  c.x.a.XmapAuthApplication - [logStartupProfileInfo,637] - The following 1 profile is active: "dev"
09:39:17.248 [main] INFO  o.a.c.c.AprLifecycleListener - [log,173] - Loaded Apache Tomcat Native library [1.2.32] using APR version [1.7.0].
09:39:17.248 [main] INFO  o.a.c.c.AprLifecycleListener - [log,173] - APR capabilities: IPv6 [true], sendfile [true], accept filters [false], random [true], UDS [true].
09:39:17.249 [main] INFO  o.a.c.c.AprLifecycleListener - [log,173] - APR/OpenSSL configuration: useAprConnector [false], useOpenSSL [true]
09:39:17.255 [main] INFO  o.a.c.c.AprLifecycleListener - [log,173] - OpenSSL successfully initialized [OpenSSL 1.1.1n  15 Mar 2022]
09:39:17.270 [main] INFO  o.a.c.h.Http11NioProtocol - [log,173] - Initializing ProtocolHandler ["http-nio-9200"]
09:39:17.271 [main] INFO  o.a.c.c.StandardService - [log,173] - Starting service [Tomcat]
09:39:17.271 [main] INFO  o.a.c.c.StandardEngine - [log,173] - Starting Servlet engine: [Apache Tomcat/9.0.70]
09:39:17.601 [main] INFO  o.a.c.c.C.[.[.[/] - [log,173] - Initializing Spring embedded WebApplicationContext
09:39:18.942 [main] INFO  c.a.c.s.SentinelWebMvcConfigurer - [addInterceptors,52] - [Sentinel Starter] register SentinelWebInterceptor with urlPatterns: [/**].
09:39:23.192 [main] INFO  c.a.n.c.r.client - [lambda$createClient$0,80] - [RpcClientFactory] create a new rpc client of 1cdb57b1-da22-4e07-8e1d-ece4436e3d36
09:39:23.193 [main] INFO  c.a.n.c.r.client - [printIfInfoEnabled,60] - [1cdb57b1-da22-4e07-8e1d-ece4436e3d36] RpcClient init label, labels = {module=naming, source=sdk}
09:39:23.197 [main] INFO  c.a.n.c.r.client - [printIfInfoEnabled,60] - [1cdb57b1-da22-4e07-8e1d-ece4436e3d36] RpcClient init, ServerListFactory = com.alibaba.nacos.client.naming.core.ServerListManager
09:39:23.198 [main] INFO  c.a.n.c.r.client - [printIfInfoEnabled,60] - [1cdb57b1-da22-4e07-8e1d-ece4436e3d36] Registry connection listener to current client:com.alibaba.nacos.client.naming.remote.gprc.redo.NamingGrpcRedoService
09:39:23.198 [main] INFO  c.a.n.c.r.client - [printIfInfoEnabled,60] - [1cdb57b1-da22-4e07-8e1d-ece4436e3d36] Register server push request handler:com.alibaba.nacos.client.naming.remote.gprc.NamingPushRequestHandler
09:39:23.199 [main] INFO  c.a.n.c.r.client - [printIfInfoEnabled,60] - [1cdb57b1-da22-4e07-8e1d-ece4436e3d36] Try to connect to server on start up, server: {serverIp = '127.0.0.1', server main port = 8848}
09:39:23.331 [main] INFO  c.a.n.c.r.client - [printIfInfoEnabled,60] - [1cdb57b1-da22-4e07-8e1d-ece4436e3d36] Success to connect to server [127.0.0.1:8848] on start up, connectionId = 1701913163207_127.0.0.1_12492
09:39:23.331 [com.alibaba.nacos.client.remote.worker] INFO  c.a.n.c.r.client - [printIfInfoEnabled,60] - [1cdb57b1-da22-4e07-8e1d-ece4436e3d36] Notify connected event to listeners.
09:39:23.331 [main] INFO  c.a.n.c.r.client - [printIfInfoEnabled,60] - [1cdb57b1-da22-4e07-8e1d-ece4436e3d36] Register server push request handler:com.alibaba.nacos.common.remote.client.RpcClient$ConnectResetRequestHandler
09:39:23.331 [main] INFO  c.a.n.c.r.client - [printIfInfoEnabled,60] - [1cdb57b1-da22-4e07-8e1d-ece4436e3d36] Register server push request handler:com.alibaba.nacos.common.remote.client.RpcClient$$Lambda$344/1835316563
09:39:23.547 [main] INFO  o.a.c.h.Http11NioProtocol - [log,173] - Starting ProtocolHandler ["http-nio-9200"]
09:39:23.625 [main] INFO  c.a.c.n.r.NacosServiceRegistry - [register,75] - nacos registry, DEFAULT_GROUP xmap-auth 10.100.60.135:9200 register finished
09:39:25.233 [main] INFO  c.x.a.XmapAuthApplication - [logStarted,61] - Started XmapAuthApplication in 20.069 seconds (JVM running for 21.927)
09:39:25.242 [main] INFO  c.a.c.n.r.NacosContextRefresher - [registerNacosListener,129] - [Nacos Config] Listening config: dataId=xmap-auth-dev.yml, group=DEFAULT_GROUP
09:39:25.243 [main] INFO  c.a.c.n.r.NacosContextRefresher - [registerNacosListener,129] - [Nacos Config] Listening config: dataId=xmap-auth, group=DEFAULT_GROUP
09:39:25.244 [main] INFO  c.a.c.n.r.NacosContextRefresher - [registerNacosListener,129] - [Nacos Config] Listening config: dataId=xmap-auth.yml, group=DEFAULT_GROUP
09:39:25.618 [nacos-grpc-client-executor-10] INFO  c.a.n.c.r.client - [printIfInfoEnabled,60] - [1cdb57b1-da22-4e07-8e1d-ece4436e3d36] Receive server push request, request = NotifySubscriberRequest, requestId = 1
09:39:25.627 [nacos-grpc-client-executor-10] INFO  c.a.n.c.r.client - [printIfInfoEnabled,60] - [1cdb57b1-da22-4e07-8e1d-ece4436e3d36] Ack server push request, request = NotifySubscriberRequest, requestId = 1
09:39:28.240 [RMI TCP Connection(5)-192.168.137.1] INFO  o.a.c.c.C.[.[.[/] - [log,173] - Initializing Spring DispatcherServlet 'dispatcherServlet'
10:25:05.711 [nacos-grpc-client-executor-565] INFO  c.a.n.c.r.client - [printIfInfoEnabled,60] - [1cdb57b1-da22-4e07-8e1d-ece4436e3d36] Receive server push request, request = NotifySubscriberRequest, requestId = 9
10:25:05.712 [nacos-grpc-client-executor-565] INFO  c.a.n.c.r.client - [printIfInfoEnabled,60] - [1cdb57b1-da22-4e07-8e1d-ece4436e3d36] Ack server push request, request = NotifySubscriberRequest, requestId = 9
20:57:37.940 [SpringApplicationShutdownHook] INFO  c.a.c.n.r.NacosServiceRegistry - [deregister,94] - De-registering from Nacos Server now...
20:57:37.950 [SpringApplicationShutdownHook] INFO  c.a.c.n.r.NacosServiceRegistry - [deregister,114] - De-registration finished.
20:57:38.288 [SpringApplicationShutdownHook] INFO  c.a.n.c.r.client - [shutdown,454] - Shutdown rpc client, set status to shutdown
20:57:38.289 [SpringApplicationShutdownHook] INFO  c.a.n.c.r.client - [shutdown,456] - Shutdown client event executor java.util.concurrent.ScheduledThreadPoolExecutor@77bdf9bb[Running, pool size = 2, active threads = 2, queued tasks = 0, completed tasks = 0]
20:57:38.289 [SpringApplicationShutdownHook] INFO  c.a.n.c.r.client - [closeConnection,591] - Close current connection 1701913163207_127.0.0.1_12492
20:57:38.291 [nacos-grpc-client-executor-8153] INFO  c.a.n.c.r.c.g.GrpcClient - [printIfInfoEnabled,60] - [1701913163207_127.0.0.1_12492]Ignore complete event,isRunning:false,isAbandon=false
20:57:38.296 [SpringApplicationShutdownHook] INFO  c.a.n.c.r.c.g.GrpcClient - [shutdown,85] - Shutdown grpc executor java.util.concurrent.ThreadPoolExecutor@1f3924c0[Running, pool size = 5, active threads = 0, queued tasks = 0, completed tasks = 8154]
