09:13:54.787 [background-preinit] INFO  o.h.v.i.util.Version - [<clinit>,21] - HV000001: Hibernate Validator 6.2.5.Final
09:13:56.587 [main] INFO  c.a.n.c.r.client - [lambda$createClient$0,80] - [RpcClientFactory] create a new rpc client of 64517e6f-95eb-4532-a3b3-8b7c0062be1e_config-0
09:13:56.649 [main] INFO  o.r.Reflections - [scan,232] - Reflections took 43 ms to scan 1 urls, producing 3 keys and 6 values 
09:13:56.701 [main] INFO  o.r.Reflections - [scan,232] - Reflections took 27 ms to scan 1 urls, producing 4 keys and 9 values 
09:13:56.733 [main] INFO  o.r.Reflections - [scan,232] - Reflections took 29 ms to scan 1 urls, producing 3 keys and 10 values 
09:13:56.935 [main] INFO  o.r.Reflections - [scan,232] - Reflections took 199 ms to scan 175 urls, producing 0 keys and 0 values 
09:13:56.960 [main] INFO  o.r.Reflections - [scan,232] - Reflections took 22 ms to scan 1 urls, producing 1 keys and 5 values 
09:13:56.981 [main] INFO  o.r.Reflections - [scan,232] - Reflections took 19 ms to scan 1 urls, producing 1 keys and 7 values 
09:13:56.994 [main] INFO  o.r.Reflections - [scan,232] - Reflections took 10 ms to scan 1 urls, producing 2 keys and 8 values 
09:13:57.203 [main] INFO  o.r.Reflections - [scan,232] - Reflections took 207 ms to scan 175 urls, producing 0 keys and 0 values 
09:13:57.205 [main] INFO  c.a.n.c.r.client - [printIfInfoEnabled,60] - [64517e6f-95eb-4532-a3b3-8b7c0062be1e_config-0] RpcClient init label, labels = {module=config, Vipserver-Tag=null, source=sdk, Amory-Tag=null, Location-Tag=null, taskId=0, AppName=unknown}
09:13:57.205 [main] INFO  c.a.n.c.r.client - [printIfInfoEnabled,60] - [64517e6f-95eb-4532-a3b3-8b7c0062be1e_config-0] Register server push request handler:com.alibaba.nacos.client.config.impl.ClientWorker$ConfigRpcTransportClient$$Lambda$335/1210939243
09:13:57.206 [main] INFO  c.a.n.c.r.client - [printIfInfoEnabled,60] - [64517e6f-95eb-4532-a3b3-8b7c0062be1e_config-0] Register server push request handler:com.alibaba.nacos.client.config.impl.ClientWorker$ConfigRpcTransportClient$$Lambda$336/1079125839
09:13:57.207 [main] INFO  c.a.n.c.r.client - [printIfInfoEnabled,60] - [64517e6f-95eb-4532-a3b3-8b7c0062be1e_config-0] Registry connection listener to current client:com.alibaba.nacos.client.config.impl.ClientWorker$ConfigRpcTransportClient$1
09:13:57.207 [main] INFO  c.a.n.c.r.client - [printIfInfoEnabled,60] - [64517e6f-95eb-4532-a3b3-8b7c0062be1e_config-0] RpcClient init, ServerListFactory = com.alibaba.nacos.client.config.impl.ClientWorker$ConfigRpcTransportClient$2
09:13:57.215 [main] INFO  c.a.n.c.r.client - [printIfInfoEnabled,60] - [64517e6f-95eb-4532-a3b3-8b7c0062be1e_config-0] Try to connect to server on start up, server: {serverIp = '127.0.0.1', server main port = 8848}
09:14:00.964 [main] INFO  c.a.n.c.r.client - [printIfInfoEnabled,60] - [64517e6f-95eb-4532-a3b3-8b7c0062be1e_config-0] Success to connect to server [127.0.0.1:8848] on start up, connectionId = 1701047640652_127.0.0.1_8873
09:14:00.964 [com.alibaba.nacos.client.remote.worker] INFO  c.a.n.c.r.client - [printIfInfoEnabled,60] - [64517e6f-95eb-4532-a3b3-8b7c0062be1e_config-0] Notify connected event to listeners.
09:14:00.965 [main] INFO  c.a.n.c.r.client - [printIfInfoEnabled,60] - [64517e6f-95eb-4532-a3b3-8b7c0062be1e_config-0] Register server push request handler:com.alibaba.nacos.common.remote.client.RpcClient$ConnectResetRequestHandler
09:14:00.965 [main] INFO  c.a.n.c.r.client - [printIfInfoEnabled,60] - [64517e6f-95eb-4532-a3b3-8b7c0062be1e_config-0] Register server push request handler:com.alibaba.nacos.common.remote.client.RpcClient$$Lambda$344/1835316563
09:14:01.057 [main] INFO  c.x.a.XmapAuthApplication - [logStartupProfileInfo,637] - The following 1 profile is active: "dev"
09:14:04.048 [main] INFO  o.a.c.c.AprLifecycleListener - [log,173] - Loaded Apache Tomcat Native library [1.2.32] using APR version [1.7.0].
09:14:04.048 [main] INFO  o.a.c.c.AprLifecycleListener - [log,173] - APR capabilities: IPv6 [true], sendfile [true], accept filters [false], random [true], UDS [true].
09:14:04.049 [main] INFO  o.a.c.c.AprLifecycleListener - [log,173] - APR/OpenSSL configuration: useAprConnector [false], useOpenSSL [true]
09:14:04.052 [main] INFO  o.a.c.c.AprLifecycleListener - [log,173] - OpenSSL successfully initialized [OpenSSL 1.1.1n  15 Mar 2022]
09:14:04.068 [main] INFO  o.a.c.h.Http11NioProtocol - [log,173] - Initializing ProtocolHandler ["http-nio-9200"]
09:14:04.069 [main] INFO  o.a.c.c.StandardService - [log,173] - Starting service [Tomcat]
09:14:04.069 [main] INFO  o.a.c.c.StandardEngine - [log,173] - Starting Servlet engine: [Apache Tomcat/9.0.70]
09:14:04.358 [main] INFO  o.a.c.c.C.[.[.[/] - [log,173] - Initializing Spring embedded WebApplicationContext
09:14:06.135 [main] INFO  c.a.c.s.SentinelWebMvcConfigurer - [addInterceptors,52] - [Sentinel Starter] register SentinelWebInterceptor with urlPatterns: [/**].
09:14:09.785 [main] INFO  c.a.n.c.r.client - [lambda$createClient$0,80] - [RpcClientFactory] create a new rpc client of 51baf730-bae8-4171-8a52-b93dbb0ee647
09:14:09.785 [main] INFO  c.a.n.c.r.client - [printIfInfoEnabled,60] - [51baf730-bae8-4171-8a52-b93dbb0ee647] RpcClient init label, labels = {module=naming, source=sdk}
09:14:09.787 [main] INFO  c.a.n.c.r.client - [printIfInfoEnabled,60] - [51baf730-bae8-4171-8a52-b93dbb0ee647] RpcClient init, ServerListFactory = com.alibaba.nacos.client.naming.core.ServerListManager
09:14:09.787 [main] INFO  c.a.n.c.r.client - [printIfInfoEnabled,60] - [51baf730-bae8-4171-8a52-b93dbb0ee647] Registry connection listener to current client:com.alibaba.nacos.client.naming.remote.gprc.redo.NamingGrpcRedoService
09:14:09.788 [main] INFO  c.a.n.c.r.client - [printIfInfoEnabled,60] - [51baf730-bae8-4171-8a52-b93dbb0ee647] Register server push request handler:com.alibaba.nacos.client.naming.remote.gprc.NamingPushRequestHandler
09:14:09.788 [main] INFO  c.a.n.c.r.client - [printIfInfoEnabled,60] - [51baf730-bae8-4171-8a52-b93dbb0ee647] Try to connect to server on start up, server: {serverIp = '127.0.0.1', server main port = 8848}
09:14:09.908 [main] INFO  c.a.n.c.r.client - [printIfInfoEnabled,60] - [51baf730-bae8-4171-8a52-b93dbb0ee647] Success to connect to server [127.0.0.1:8848] on start up, connectionId = 1701047649795_127.0.0.1_8952
09:14:09.908 [main] INFO  c.a.n.c.r.client - [printIfInfoEnabled,60] - [51baf730-bae8-4171-8a52-b93dbb0ee647] Register server push request handler:com.alibaba.nacos.common.remote.client.RpcClient$ConnectResetRequestHandler
09:14:09.908 [com.alibaba.nacos.client.remote.worker] INFO  c.a.n.c.r.client - [printIfInfoEnabled,60] - [51baf730-bae8-4171-8a52-b93dbb0ee647] Notify connected event to listeners.
09:14:09.908 [main] INFO  c.a.n.c.r.client - [printIfInfoEnabled,60] - [51baf730-bae8-4171-8a52-b93dbb0ee647] Register server push request handler:com.alibaba.nacos.common.remote.client.RpcClient$$Lambda$344/1835316563
09:14:09.949 [main] INFO  o.a.c.h.Http11NioProtocol - [log,173] - Starting ProtocolHandler ["http-nio-9200"]
09:14:10.018 [main] INFO  c.a.c.n.r.NacosServiceRegistry - [register,75] - nacos registry, DEFAULT_GROUP xmap-auth 10.100.60.135:9200 register finished
09:14:11.503 [main] INFO  c.x.a.XmapAuthApplication - [logStarted,61] - Started XmapAuthApplication in 18.197 seconds (JVM running for 19.913)
09:14:11.513 [main] INFO  c.a.c.n.r.NacosContextRefresher - [registerNacosListener,129] - [Nacos Config] Listening config: dataId=xmap-auth-dev.yml, group=DEFAULT_GROUP
09:14:11.514 [main] INFO  c.a.c.n.r.NacosContextRefresher - [registerNacosListener,129] - [Nacos Config] Listening config: dataId=xmap-auth, group=DEFAULT_GROUP
09:14:11.515 [main] INFO  c.a.c.n.r.NacosContextRefresher - [registerNacosListener,129] - [Nacos Config] Listening config: dataId=xmap-auth.yml, group=DEFAULT_GROUP
09:14:12.118 [nacos-grpc-client-executor-12] INFO  c.a.n.c.r.client - [printIfInfoEnabled,60] - [51baf730-bae8-4171-8a52-b93dbb0ee647] Receive server push request, request = NotifySubscriberRequest, requestId = 2
09:14:12.143 [nacos-grpc-client-executor-12] INFO  c.a.n.c.r.client - [printIfInfoEnabled,60] - [51baf730-bae8-4171-8a52-b93dbb0ee647] Ack server push request, request = NotifySubscriberRequest, requestId = 2
09:14:14.344 [RMI TCP Connection(7)-192.168.137.1] INFO  o.a.c.c.C.[.[.[/] - [log,173] - Initializing Spring DispatcherServlet 'dispatcherServlet'
09:15:25.449 [nacos-grpc-client-executor-30] INFO  c.a.n.c.r.client - [printIfInfoEnabled,60] - [51baf730-bae8-4171-8a52-b93dbb0ee647] Receive server push request, request = NotifySubscriberRequest, requestId = 9
09:15:25.449 [nacos-grpc-client-executor-30] INFO  c.a.n.c.r.client - [printIfInfoEnabled,60] - [51baf730-bae8-4171-8a52-b93dbb0ee647] Ack server push request, request = NotifySubscriberRequest, requestId = 9
