09:49:10.042 [background-preinit] INFO  o.h.v.i.util.Version - [<clinit>,21] - HV000001: Hibernate Validator 6.2.5.Final
09:49:11.697 [main] INFO  c.a.n.c.r.client - [lambda$createClient$0,80] - [RpcClientFactory] create a new rpc client of 81f50d32-3cee-4c5e-ba49-fb67e6098896_config-0
09:49:11.743 [main] INFO  o.r.Reflections - [scan,232] - Reflections took 29 ms to scan 1 urls, producing 3 keys and 6 values 
09:49:11.769 [main] INFO  o.r.Reflections - [scan,232] - Reflections took 13 ms to scan 1 urls, producing 4 keys and 9 values 
09:49:11.781 [main] INFO  o.r.Reflections - [scan,232] - Reflections took 10 ms to scan 1 urls, producing 3 keys and 10 values 
09:49:11.951 [main] INFO  o.r.Reflections - [scan,232] - Reflections took 167 ms to scan 175 urls, producing 0 keys and 0 values 
09:49:11.962 [main] INFO  o.r.Reflections - [scan,232] - Reflections took 9 ms to scan 1 urls, producing 1 keys and 5 values 
09:49:11.974 [main] INFO  o.r.Reflections - [scan,232] - Reflections took 10 ms to scan 1 urls, producing 1 keys and 7 values 
09:49:11.987 [main] INFO  o.r.Reflections - [scan,232] - Reflections took 11 ms to scan 1 urls, producing 2 keys and 8 values 
09:49:12.135 [main] INFO  o.r.Reflections - [scan,232] - Reflections took 146 ms to scan 175 urls, producing 0 keys and 0 values 
09:49:12.136 [main] INFO  c.a.n.c.r.client - [printIfInfoEnabled,60] - [81f50d32-3cee-4c5e-ba49-fb67e6098896_config-0] RpcClient init label, labels = {module=config, Vipserver-Tag=null, source=sdk, Amory-Tag=null, Location-Tag=null, taskId=0, AppName=unknown}
09:49:12.137 [main] INFO  c.a.n.c.r.client - [printIfInfoEnabled,60] - [81f50d32-3cee-4c5e-ba49-fb67e6098896_config-0] Register server push request handler:com.alibaba.nacos.client.config.impl.ClientWorker$ConfigRpcTransportClient$$Lambda$335/1210939243
09:49:12.137 [main] INFO  c.a.n.c.r.client - [printIfInfoEnabled,60] - [81f50d32-3cee-4c5e-ba49-fb67e6098896_config-0] Register server push request handler:com.alibaba.nacos.client.config.impl.ClientWorker$ConfigRpcTransportClient$$Lambda$336/1079125839
09:49:12.137 [main] INFO  c.a.n.c.r.client - [printIfInfoEnabled,60] - [81f50d32-3cee-4c5e-ba49-fb67e6098896_config-0] Registry connection listener to current client:com.alibaba.nacos.client.config.impl.ClientWorker$ConfigRpcTransportClient$1
09:49:12.138 [main] INFO  c.a.n.c.r.client - [printIfInfoEnabled,60] - [81f50d32-3cee-4c5e-ba49-fb67e6098896_config-0] RpcClient init, ServerListFactory = com.alibaba.nacos.client.config.impl.ClientWorker$ConfigRpcTransportClient$2
09:49:12.145 [main] INFO  c.a.n.c.r.client - [printIfInfoEnabled,60] - [81f50d32-3cee-4c5e-ba49-fb67e6098896_config-0] Try to connect to server on start up, server: {serverIp = '127.0.0.1', server main port = 8848}
09:49:15.417 [main] INFO  c.a.n.c.r.client - [printIfInfoEnabled,60] - [81f50d32-3cee-4c5e-ba49-fb67e6098896_config-0] Success to connect to server [127.0.0.1:8848] on start up, connectionId = 1701740955160_127.0.0.1_2403
09:49:15.418 [com.alibaba.nacos.client.remote.worker] INFO  c.a.n.c.r.client - [printIfInfoEnabled,60] - [81f50d32-3cee-4c5e-ba49-fb67e6098896_config-0] Notify connected event to listeners.
09:49:15.418 [main] INFO  c.a.n.c.r.client - [printIfInfoEnabled,60] - [81f50d32-3cee-4c5e-ba49-fb67e6098896_config-0] Register server push request handler:com.alibaba.nacos.common.remote.client.RpcClient$ConnectResetRequestHandler
09:49:15.418 [main] INFO  c.a.n.c.r.client - [printIfInfoEnabled,60] - [81f50d32-3cee-4c5e-ba49-fb67e6098896_config-0] Register server push request handler:com.alibaba.nacos.common.remote.client.RpcClient$$Lambda$344/1835316563
09:49:15.522 [main] INFO  c.x.a.XmapAuthApplication - [logStartupProfileInfo,637] - The following 1 profile is active: "dev"
09:49:17.836 [main] INFO  o.a.c.c.AprLifecycleListener - [log,173] - Loaded Apache Tomcat Native library [1.2.32] using APR version [1.7.0].
09:49:17.836 [main] INFO  o.a.c.c.AprLifecycleListener - [log,173] - APR capabilities: IPv6 [true], sendfile [true], accept filters [false], random [true], UDS [true].
09:49:17.836 [main] INFO  o.a.c.c.AprLifecycleListener - [log,173] - APR/OpenSSL configuration: useAprConnector [false], useOpenSSL [true]
09:49:17.842 [main] INFO  o.a.c.c.AprLifecycleListener - [log,173] - OpenSSL successfully initialized [OpenSSL 1.1.1n  15 Mar 2022]
09:49:17.854 [main] INFO  o.a.c.h.Http11NioProtocol - [log,173] - Initializing ProtocolHandler ["http-nio-9200"]
09:49:17.855 [main] INFO  o.a.c.c.StandardService - [log,173] - Starting service [Tomcat]
09:49:17.855 [main] INFO  o.a.c.c.StandardEngine - [log,173] - Starting Servlet engine: [Apache Tomcat/9.0.70]
09:49:18.119 [main] INFO  o.a.c.c.C.[.[.[/] - [log,173] - Initializing Spring embedded WebApplicationContext
09:49:20.045 [main] INFO  c.a.c.s.SentinelWebMvcConfigurer - [addInterceptors,52] - [Sentinel Starter] register SentinelWebInterceptor with urlPatterns: [/**].
09:49:23.234 [main] INFO  c.a.n.c.r.client - [lambda$createClient$0,80] - [RpcClientFactory] create a new rpc client of 21b7b2b3-3052-4d6e-b926-5f86e82d72c4
09:49:23.235 [main] INFO  c.a.n.c.r.client - [printIfInfoEnabled,60] - [21b7b2b3-3052-4d6e-b926-5f86e82d72c4] RpcClient init label, labels = {module=naming, source=sdk}
09:49:23.237 [main] INFO  c.a.n.c.r.client - [printIfInfoEnabled,60] - [21b7b2b3-3052-4d6e-b926-5f86e82d72c4] RpcClient init, ServerListFactory = com.alibaba.nacos.client.naming.core.ServerListManager
09:49:23.237 [main] INFO  c.a.n.c.r.client - [printIfInfoEnabled,60] - [21b7b2b3-3052-4d6e-b926-5f86e82d72c4] Registry connection listener to current client:com.alibaba.nacos.client.naming.remote.gprc.redo.NamingGrpcRedoService
09:49:23.237 [main] INFO  c.a.n.c.r.client - [printIfInfoEnabled,60] - [21b7b2b3-3052-4d6e-b926-5f86e82d72c4] Register server push request handler:com.alibaba.nacos.client.naming.remote.gprc.NamingPushRequestHandler
09:49:23.238 [main] INFO  c.a.n.c.r.client - [printIfInfoEnabled,60] - [21b7b2b3-3052-4d6e-b926-5f86e82d72c4] Try to connect to server on start up, server: {serverIp = '127.0.0.1', server main port = 8848}
09:49:23.351 [main] INFO  c.a.n.c.r.client - [printIfInfoEnabled,60] - [21b7b2b3-3052-4d6e-b926-5f86e82d72c4] Success to connect to server [127.0.0.1:8848] on start up, connectionId = 1701740963243_127.0.0.1_2419
09:49:23.352 [com.alibaba.nacos.client.remote.worker] INFO  c.a.n.c.r.client - [printIfInfoEnabled,60] - [21b7b2b3-3052-4d6e-b926-5f86e82d72c4] Notify connected event to listeners.
09:49:23.352 [main] INFO  c.a.n.c.r.client - [printIfInfoEnabled,60] - [21b7b2b3-3052-4d6e-b926-5f86e82d72c4] Register server push request handler:com.alibaba.nacos.common.remote.client.RpcClient$ConnectResetRequestHandler
09:49:23.352 [main] INFO  c.a.n.c.r.client - [printIfInfoEnabled,60] - [21b7b2b3-3052-4d6e-b926-5f86e82d72c4] Register server push request handler:com.alibaba.nacos.common.remote.client.RpcClient$$Lambda$344/1835316563
09:49:23.400 [main] INFO  o.a.c.h.Http11NioProtocol - [log,173] - Starting ProtocolHandler ["http-nio-9200"]
09:49:23.439 [main] INFO  c.a.c.n.r.NacosServiceRegistry - [register,75] - nacos registry, DEFAULT_GROUP xmap-auth 10.100.60.135:9200 register finished
09:49:24.624 [main] INFO  c.x.a.XmapAuthApplication - [logStarted,61] - Started XmapAuthApplication in 16.14 seconds (JVM running for 18.252)
09:49:24.634 [main] INFO  c.a.c.n.r.NacosContextRefresher - [registerNacosListener,129] - [Nacos Config] Listening config: dataId=xmap-auth-dev.yml, group=DEFAULT_GROUP
09:49:24.635 [main] INFO  c.a.c.n.r.NacosContextRefresher - [registerNacosListener,129] - [Nacos Config] Listening config: dataId=xmap-auth, group=DEFAULT_GROUP
09:49:24.636 [main] INFO  c.a.c.n.r.NacosContextRefresher - [registerNacosListener,129] - [Nacos Config] Listening config: dataId=xmap-auth.yml, group=DEFAULT_GROUP
09:49:24.952 [RMI TCP Connection(3)-192.168.137.1] INFO  o.a.c.c.C.[.[.[/] - [log,173] - Initializing Spring DispatcherServlet 'dispatcherServlet'
09:49:25.279 [nacos-grpc-client-executor-7] INFO  c.a.n.c.r.client - [printIfInfoEnabled,60] - [21b7b2b3-3052-4d6e-b926-5f86e82d72c4] Receive server push request, request = NotifySubscriberRequest, requestId = 1
09:49:25.285 [nacos-grpc-client-executor-7] INFO  c.a.n.c.r.client - [printIfInfoEnabled,60] - [21b7b2b3-3052-4d6e-b926-5f86e82d72c4] Ack server push request, request = NotifySubscriberRequest, requestId = 1
09:51:31.598 [nacos-grpc-client-executor-45] INFO  c.a.n.c.r.client - [printIfInfoEnabled,60] - [21b7b2b3-3052-4d6e-b926-5f86e82d72c4] Receive server push request, request = NotifySubscriberRequest, requestId = 9
09:51:31.598 [nacos-grpc-client-executor-45] INFO  c.a.n.c.r.client - [printIfInfoEnabled,60] - [21b7b2b3-3052-4d6e-b926-5f86e82d72c4] Ack server push request, request = NotifySubscriberRequest, requestId = 9
