09:17:48.885 [background-preinit] INFO  o.h.v.i.util.Version - [<clinit>,21] - HV000001: Hibernate Validator 6.2.5.Final
09:17:51.724 [main] INFO  c.a.n.c.r.client - [lambda$createClient$0,80] - [RpcClientFactory] create a new rpc client of 23a2d648-3055-4149-940b-0d8cd9c02f82_config-0
09:17:51.877 [main] INFO  o.r.Reflections - [scan,232] - Reflections took 100 ms to scan 1 urls, producing 3 keys and 6 values 
09:17:51.935 [main] INFO  o.r.Reflections - [scan,232] - Reflections took 31 ms to scan 1 urls, producing 4 keys and 9 values 
09:17:51.969 [main] INFO  o.r.Reflections - [scan,232] - Reflections took 29 ms to scan 1 urls, producing 3 keys and 10 values 
09:17:52.259 [main] INFO  o.r.Reflections - [scan,232] - Reflections took 284 ms to scan 175 urls, producing 0 keys and 0 values 
09:17:52.271 [main] INFO  o.r.Reflections - [scan,232] - Reflections took 10 ms to scan 1 urls, producing 1 keys and 5 values 
09:17:52.289 [main] INFO  o.r.Reflections - [scan,232] - Reflections took 14 ms to scan 1 urls, producing 1 keys and 7 values 
09:17:52.306 [main] INFO  o.r.Reflections - [scan,232] - Reflections took 15 ms to scan 1 urls, producing 2 keys and 8 values 
09:17:52.643 [main] INFO  o.r.Reflections - [scan,232] - Reflections took 334 ms to scan 175 urls, producing 0 keys and 0 values 
09:17:52.645 [main] INFO  c.a.n.c.r.client - [printIfInfoEnabled,60] - [23a2d648-3055-4149-940b-0d8cd9c02f82_config-0] RpcClient init label, labels = {module=config, Vipserver-Tag=null, source=sdk, Amory-Tag=null, Location-Tag=null, taskId=0, AppName=unknown}
09:17:52.646 [main] INFO  c.a.n.c.r.client - [printIfInfoEnabled,60] - [23a2d648-3055-4149-940b-0d8cd9c02f82_config-0] Register server push request handler:com.alibaba.nacos.client.config.impl.ClientWorker$ConfigRpcTransportClient$$Lambda$335/1210939243
09:17:52.647 [main] INFO  c.a.n.c.r.client - [printIfInfoEnabled,60] - [23a2d648-3055-4149-940b-0d8cd9c02f82_config-0] Register server push request handler:com.alibaba.nacos.client.config.impl.ClientWorker$ConfigRpcTransportClient$$Lambda$336/1079125839
09:17:52.649 [main] INFO  c.a.n.c.r.client - [printIfInfoEnabled,60] - [23a2d648-3055-4149-940b-0d8cd9c02f82_config-0] Registry connection listener to current client:com.alibaba.nacos.client.config.impl.ClientWorker$ConfigRpcTransportClient$1
09:17:52.650 [main] INFO  c.a.n.c.r.client - [printIfInfoEnabled,60] - [23a2d648-3055-4149-940b-0d8cd9c02f82_config-0] RpcClient init, ServerListFactory = com.alibaba.nacos.client.config.impl.ClientWorker$ConfigRpcTransportClient$2
09:17:52.666 [main] INFO  c.a.n.c.r.client - [printIfInfoEnabled,60] - [23a2d648-3055-4149-940b-0d8cd9c02f82_config-0] Try to connect to server on start up, server: {serverIp = '127.0.0.1', server main port = 8848}
09:17:57.844 [main] INFO  c.a.n.c.r.client - [printIfInfoEnabled,60] - [23a2d648-3055-4149-940b-0d8cd9c02f82_config-0] Try to connect to server on start up, server: {serverIp = '127.0.0.1', server main port = 8848}
09:17:58.621 [main] INFO  c.a.n.c.r.client - [printIfInfoEnabled,60] - [23a2d648-3055-4149-940b-0d8cd9c02f82_config-0] Success to connect to server [127.0.0.1:8848] on start up, connectionId = 1699924678160_127.0.0.1_7442
09:17:58.622 [com.alibaba.nacos.client.remote.worker] INFO  c.a.n.c.r.client - [printIfInfoEnabled,60] - [23a2d648-3055-4149-940b-0d8cd9c02f82_config-0] Notify connected event to listeners.
09:17:58.624 [main] INFO  c.a.n.c.r.client - [printIfInfoEnabled,60] - [23a2d648-3055-4149-940b-0d8cd9c02f82_config-0] Register server push request handler:com.alibaba.nacos.common.remote.client.RpcClient$ConnectResetRequestHandler
09:17:58.625 [main] INFO  c.a.n.c.r.client - [printIfInfoEnabled,60] - [23a2d648-3055-4149-940b-0d8cd9c02f82_config-0] Register server push request handler:com.alibaba.nacos.common.remote.client.RpcClient$$Lambda$344/698498109
09:17:58.802 [main] INFO  c.x.a.XmapAuthApplication - [logStartupProfileInfo,637] - The following 1 profile is active: "dev"
09:18:02.794 [main] INFO  o.a.c.c.AprLifecycleListener - [log,173] - Loaded Apache Tomcat Native library [1.2.32] using APR version [1.7.0].
09:18:02.795 [main] INFO  o.a.c.c.AprLifecycleListener - [log,173] - APR capabilities: IPv6 [true], sendfile [true], accept filters [false], random [true], UDS [true].
09:18:02.795 [main] INFO  o.a.c.c.AprLifecycleListener - [log,173] - APR/OpenSSL configuration: useAprConnector [false], useOpenSSL [true]
09:18:02.801 [main] INFO  o.a.c.c.AprLifecycleListener - [log,173] - OpenSSL successfully initialized [OpenSSL 1.1.1n  15 Mar 2022]
09:18:02.814 [main] INFO  o.a.c.h.Http11NioProtocol - [log,173] - Initializing ProtocolHandler ["http-nio-9200"]
09:18:02.815 [main] INFO  o.a.c.c.StandardService - [log,173] - Starting service [Tomcat]
09:18:02.815 [main] INFO  o.a.c.c.StandardEngine - [log,173] - Starting Servlet engine: [Apache Tomcat/9.0.70]
09:18:03.139 [main] INFO  o.a.c.c.C.[.[.[/] - [log,173] - Initializing Spring embedded WebApplicationContext
09:18:05.498 [main] INFO  c.a.c.s.SentinelWebMvcConfigurer - [addInterceptors,52] - [Sentinel Starter] register SentinelWebInterceptor with urlPatterns: [/**].
09:18:09.905 [main] INFO  c.a.n.c.r.client - [lambda$createClient$0,80] - [RpcClientFactory] create a new rpc client of 7654edd9-af78-4c3a-bf77-3a2160ef548c
09:18:09.905 [main] INFO  c.a.n.c.r.client - [printIfInfoEnabled,60] - [7654edd9-af78-4c3a-bf77-3a2160ef548c] RpcClient init label, labels = {module=naming, source=sdk}
09:18:09.908 [main] INFO  c.a.n.c.r.client - [printIfInfoEnabled,60] - [7654edd9-af78-4c3a-bf77-3a2160ef548c] RpcClient init, ServerListFactory = com.alibaba.nacos.client.naming.core.ServerListManager
09:18:09.909 [main] INFO  c.a.n.c.r.client - [printIfInfoEnabled,60] - [7654edd9-af78-4c3a-bf77-3a2160ef548c] Registry connection listener to current client:com.alibaba.nacos.client.naming.remote.gprc.redo.NamingGrpcRedoService
09:18:09.909 [main] INFO  c.a.n.c.r.client - [printIfInfoEnabled,60] - [7654edd9-af78-4c3a-bf77-3a2160ef548c] Register server push request handler:com.alibaba.nacos.client.naming.remote.gprc.NamingPushRequestHandler
09:18:09.909 [main] INFO  c.a.n.c.r.client - [printIfInfoEnabled,60] - [7654edd9-af78-4c3a-bf77-3a2160ef548c] Try to connect to server on start up, server: {serverIp = '127.0.0.1', server main port = 8848}
09:18:10.029 [main] INFO  c.a.n.c.r.client - [printIfInfoEnabled,60] - [7654edd9-af78-4c3a-bf77-3a2160ef548c] Success to connect to server [127.0.0.1:8848] on start up, connectionId = 1699924689914_127.0.0.1_7552
09:18:10.029 [main] INFO  c.a.n.c.r.client - [printIfInfoEnabled,60] - [7654edd9-af78-4c3a-bf77-3a2160ef548c] Register server push request handler:com.alibaba.nacos.common.remote.client.RpcClient$ConnectResetRequestHandler
09:18:10.029 [com.alibaba.nacos.client.remote.worker] INFO  c.a.n.c.r.client - [printIfInfoEnabled,60] - [7654edd9-af78-4c3a-bf77-3a2160ef548c] Notify connected event to listeners.
09:18:10.029 [main] INFO  c.a.n.c.r.client - [printIfInfoEnabled,60] - [7654edd9-af78-4c3a-bf77-3a2160ef548c] Register server push request handler:com.alibaba.nacos.common.remote.client.RpcClient$$Lambda$344/698498109
09:18:10.079 [main] INFO  o.a.c.h.Http11NioProtocol - [log,173] - Starting ProtocolHandler ["http-nio-9200"]
09:18:10.141 [main] INFO  c.a.c.n.r.NacosServiceRegistry - [register,75] - nacos registry, DEFAULT_GROUP xmap-auth 10.100.60.135:9200 register finished
09:18:11.680 [main] INFO  c.x.a.XmapAuthApplication - [logStarted,61] - Started XmapAuthApplication in 26.304 seconds (JVM running for 28.959)
09:18:11.694 [main] INFO  c.a.c.n.r.NacosContextRefresher - [registerNacosListener,129] - [Nacos Config] Listening config: dataId=xmap-auth-dev.yml, group=DEFAULT_GROUP
09:18:11.695 [main] INFO  c.a.c.n.r.NacosContextRefresher - [registerNacosListener,129] - [Nacos Config] Listening config: dataId=xmap-auth, group=DEFAULT_GROUP
09:18:11.696 [main] INFO  c.a.c.n.r.NacosContextRefresher - [registerNacosListener,129] - [Nacos Config] Listening config: dataId=xmap-auth.yml, group=DEFAULT_GROUP
09:18:12.587 [nacos-grpc-client-executor-11] INFO  c.a.n.c.r.client - [printIfInfoEnabled,60] - [7654edd9-af78-4c3a-bf77-3a2160ef548c] Receive server push request, request = NotifySubscriberRequest, requestId = 1
09:18:12.602 [nacos-grpc-client-executor-11] INFO  c.a.n.c.r.client - [printIfInfoEnabled,60] - [7654edd9-af78-4c3a-bf77-3a2160ef548c] Ack server push request, request = NotifySubscriberRequest, requestId = 1
09:18:14.846 [RMI TCP Connection(9)-192.168.137.1] INFO  o.a.c.c.C.[.[.[/] - [log,173] - Initializing Spring DispatcherServlet 'dispatcherServlet'
09:38:52.485 [nacos-grpc-client-executor-261] INFO  c.a.n.c.r.client - [printIfInfoEnabled,60] - [7654edd9-af78-4c3a-bf77-3a2160ef548c] Receive server push request, request = NotifySubscriberRequest, requestId = 9
09:38:52.485 [nacos-grpc-client-executor-261] INFO  c.a.n.c.r.client - [printIfInfoEnabled,60] - [7654edd9-af78-4c3a-bf77-3a2160ef548c] Ack server push request, request = NotifySubscriberRequest, requestId = 9
20:05:58.856 [SpringApplicationShutdownHook] INFO  c.a.c.n.r.NacosServiceRegistry - [deregister,94] - De-registering from Nacos Server now...
20:05:58.863 [SpringApplicationShutdownHook] INFO  c.a.c.n.r.NacosServiceRegistry - [deregister,114] - De-registration finished.
20:05:59.178 [SpringApplicationShutdownHook] INFO  c.a.n.c.r.client - [shutdown,454] - Shutdown rpc client, set status to shutdown
20:05:59.178 [SpringApplicationShutdownHook] INFO  c.a.n.c.r.client - [shutdown,456] - Shutdown client event executor java.util.concurrent.ScheduledThreadPoolExecutor@70267da[Running, pool size = 2, active threads = 2, queued tasks = 0, completed tasks = 0]
20:05:59.179 [SpringApplicationShutdownHook] INFO  c.a.n.c.r.client - [closeConnection,591] - Close current connection 1699924689914_127.0.0.1_7552
20:05:59.180 [SpringApplicationShutdownHook] INFO  c.a.n.c.r.c.g.GrpcClient - [shutdown,85] - Shutdown grpc executor java.util.concurrent.ThreadPoolExecutor@ef46766[Running, pool size = 4, active threads = 0, queued tasks = 0, completed tasks = 7779]
