17:37:42.354 [background-preinit] INFO  o.h.v.i.util.Version - [<clinit>,21] - HV000001: Hibernate Validator 6.2.5.Final
17:37:44.004 [main] INFO  c.a.n.c.r.client - [lambda$createClient$0,80] - [RpcClientFactory] create a new rpc client of fdfa64e5-8f16-432a-93c2-8a2a38a65938_config-0
17:37:44.052 [main] INFO  o.r.Reflections - [scan,232] - Reflections took 31 ms to scan 1 urls, producing 3 keys and 6 values 
17:37:44.079 [main] INFO  o.r.Reflections - [scan,232] - Reflections took 14 ms to scan 1 urls, producing 4 keys and 9 values 
17:37:44.094 [main] INFO  o.r.Reflections - [scan,232] - Reflections took 12 ms to scan 1 urls, producing 3 keys and 10 values 
17:37:44.259 [main] INFO  o.r.Reflections - [scan,232] - Reflections took 162 ms to scan 175 urls, producing 0 keys and 0 values 
17:37:44.270 [main] INFO  o.r.Reflections - [scan,232] - Reflections took 9 ms to scan 1 urls, producing 1 keys and 5 values 
17:37:44.283 [main] INFO  o.r.Reflections - [scan,232] - Reflections took 11 ms to scan 1 urls, producing 1 keys and 7 values 
17:37:44.297 [main] INFO  o.r.Reflections - [scan,232] - Reflections took 12 ms to scan 1 urls, producing 2 keys and 8 values 
17:37:44.455 [main] INFO  o.r.Reflections - [scan,232] - Reflections took 155 ms to scan 175 urls, producing 0 keys and 0 values 
17:37:44.456 [main] INFO  c.a.n.c.r.client - [printIfInfoEnabled,60] - [fdfa64e5-8f16-432a-93c2-8a2a38a65938_config-0] RpcClient init label, labels = {module=config, Vipserver-Tag=null, source=sdk, Amory-Tag=null, Location-Tag=null, taskId=0, AppName=unknown}
17:37:44.456 [main] INFO  c.a.n.c.r.client - [printIfInfoEnabled,60] - [fdfa64e5-8f16-432a-93c2-8a2a38a65938_config-0] Register server push request handler:com.alibaba.nacos.client.config.impl.ClientWorker$ConfigRpcTransportClient$$Lambda$335/1210939243
17:37:44.457 [main] INFO  c.a.n.c.r.client - [printIfInfoEnabled,60] - [fdfa64e5-8f16-432a-93c2-8a2a38a65938_config-0] Register server push request handler:com.alibaba.nacos.client.config.impl.ClientWorker$ConfigRpcTransportClient$$Lambda$336/1079125839
17:37:44.457 [main] INFO  c.a.n.c.r.client - [printIfInfoEnabled,60] - [fdfa64e5-8f16-432a-93c2-8a2a38a65938_config-0] Registry connection listener to current client:com.alibaba.nacos.client.config.impl.ClientWorker$ConfigRpcTransportClient$1
17:37:44.458 [main] INFO  c.a.n.c.r.client - [printIfInfoEnabled,60] - [fdfa64e5-8f16-432a-93c2-8a2a38a65938_config-0] RpcClient init, ServerListFactory = com.alibaba.nacos.client.config.impl.ClientWorker$ConfigRpcTransportClient$2
17:37:44.464 [main] INFO  c.a.n.c.r.client - [printIfInfoEnabled,60] - [fdfa64e5-8f16-432a-93c2-8a2a38a65938_config-0] Try to connect to server on start up, server: {serverIp = '127.0.0.1', server main port = 8848}
17:37:48.827 [main] INFO  c.a.n.c.r.client - [printIfInfoEnabled,60] - [fdfa64e5-8f16-432a-93c2-8a2a38a65938_config-0] Success to connect to server [127.0.0.1:8848] on start up, connectionId = 1700732268505_127.0.0.1_3339
17:37:48.828 [com.alibaba.nacos.client.remote.worker] INFO  c.a.n.c.r.client - [printIfInfoEnabled,60] - [fdfa64e5-8f16-432a-93c2-8a2a38a65938_config-0] Notify connected event to listeners.
17:37:48.828 [main] INFO  c.a.n.c.r.client - [printIfInfoEnabled,60] - [fdfa64e5-8f16-432a-93c2-8a2a38a65938_config-0] Register server push request handler:com.alibaba.nacos.common.remote.client.RpcClient$ConnectResetRequestHandler
17:37:48.829 [main] INFO  c.a.n.c.r.client - [printIfInfoEnabled,60] - [fdfa64e5-8f16-432a-93c2-8a2a38a65938_config-0] Register server push request handler:com.alibaba.nacos.common.remote.client.RpcClient$$Lambda$344/1835316563
17:37:48.920 [main] INFO  c.x.a.XmapAuthApplication - [logStartupProfileInfo,637] - The following 1 profile is active: "dev"
17:37:51.259 [main] INFO  o.a.c.c.AprLifecycleListener - [log,173] - Loaded Apache Tomcat Native library [1.2.32] using APR version [1.7.0].
17:37:51.259 [main] INFO  o.a.c.c.AprLifecycleListener - [log,173] - APR capabilities: IPv6 [true], sendfile [true], accept filters [false], random [true], UDS [true].
17:37:51.259 [main] INFO  o.a.c.c.AprLifecycleListener - [log,173] - APR/OpenSSL configuration: useAprConnector [false], useOpenSSL [true]
17:37:51.263 [main] INFO  o.a.c.c.AprLifecycleListener - [log,173] - OpenSSL successfully initialized [OpenSSL 1.1.1n  15 Mar 2022]
17:37:51.271 [main] INFO  o.a.c.h.Http11NioProtocol - [log,173] - Initializing ProtocolHandler ["http-nio-9200"]
17:37:51.272 [main] INFO  o.a.c.c.StandardService - [log,173] - Starting service [Tomcat]
17:37:51.272 [main] INFO  o.a.c.c.StandardEngine - [log,173] - Starting Servlet engine: [Apache Tomcat/9.0.70]
17:37:51.445 [main] INFO  o.a.c.c.C.[.[.[/] - [log,173] - Initializing Spring embedded WebApplicationContext
17:37:52.705 [main] INFO  c.a.c.s.SentinelWebMvcConfigurer - [addInterceptors,52] - [Sentinel Starter] register SentinelWebInterceptor with urlPatterns: [/**].
17:37:55.981 [main] INFO  c.a.n.c.r.client - [lambda$createClient$0,80] - [RpcClientFactory] create a new rpc client of dc494641-2b34-4a55-80f4-0a5731ebe6a0
17:37:55.981 [main] INFO  c.a.n.c.r.client - [printIfInfoEnabled,60] - [dc494641-2b34-4a55-80f4-0a5731ebe6a0] RpcClient init label, labels = {module=naming, source=sdk}
17:37:55.982 [main] INFO  c.a.n.c.r.client - [printIfInfoEnabled,60] - [dc494641-2b34-4a55-80f4-0a5731ebe6a0] RpcClient init, ServerListFactory = com.alibaba.nacos.client.naming.core.ServerListManager
17:37:55.982 [main] INFO  c.a.n.c.r.client - [printIfInfoEnabled,60] - [dc494641-2b34-4a55-80f4-0a5731ebe6a0] Registry connection listener to current client:com.alibaba.nacos.client.naming.remote.gprc.redo.NamingGrpcRedoService
17:37:55.983 [main] INFO  c.a.n.c.r.client - [printIfInfoEnabled,60] - [dc494641-2b34-4a55-80f4-0a5731ebe6a0] Register server push request handler:com.alibaba.nacos.client.naming.remote.gprc.NamingPushRequestHandler
17:37:55.983 [main] INFO  c.a.n.c.r.client - [printIfInfoEnabled,60] - [dc494641-2b34-4a55-80f4-0a5731ebe6a0] Try to connect to server on start up, server: {serverIp = '127.0.0.1', server main port = 8848}
17:37:56.099 [main] INFO  c.a.n.c.r.client - [printIfInfoEnabled,60] - [dc494641-2b34-4a55-80f4-0a5731ebe6a0] Success to connect to server [127.0.0.1:8848] on start up, connectionId = 1700732275988_127.0.0.1_3402
17:37:56.099 [main] INFO  c.a.n.c.r.client - [printIfInfoEnabled,60] - [dc494641-2b34-4a55-80f4-0a5731ebe6a0] Register server push request handler:com.alibaba.nacos.common.remote.client.RpcClient$ConnectResetRequestHandler
17:37:56.099 [com.alibaba.nacos.client.remote.worker] INFO  c.a.n.c.r.client - [printIfInfoEnabled,60] - [dc494641-2b34-4a55-80f4-0a5731ebe6a0] Notify connected event to listeners.
17:37:56.100 [main] INFO  c.a.n.c.r.client - [printIfInfoEnabled,60] - [dc494641-2b34-4a55-80f4-0a5731ebe6a0] Register server push request handler:com.alibaba.nacos.common.remote.client.RpcClient$$Lambda$344/1835316563
17:37:56.126 [main] INFO  o.a.c.h.Http11NioProtocol - [log,173] - Starting ProtocolHandler ["http-nio-9200"]
17:37:56.149 [main] INFO  c.a.c.n.r.NacosServiceRegistry - [register,75] - nacos registry, DEFAULT_GROUP xmap-auth 10.100.60.135:9200 register finished
17:37:56.711 [nacos-grpc-client-executor-5] INFO  c.a.n.c.r.client - [printIfInfoEnabled,60] - [dc494641-2b34-4a55-80f4-0a5731ebe6a0] Receive server push request, request = NotifySubscriberRequest, requestId = 19
17:37:56.715 [nacos-grpc-client-executor-5] INFO  c.a.n.c.r.client - [printIfInfoEnabled,60] - [dc494641-2b34-4a55-80f4-0a5731ebe6a0] Ack server push request, request = NotifySubscriberRequest, requestId = 19
17:37:57.298 [main] INFO  c.x.a.XmapAuthApplication - [logStarted,61] - Started XmapAuthApplication in 16.769 seconds (JVM running for 19.098)
17:37:57.305 [main] INFO  c.a.c.n.r.NacosContextRefresher - [registerNacosListener,129] - [Nacos Config] Listening config: dataId=xmap-auth-dev.yml, group=DEFAULT_GROUP
17:37:57.306 [main] INFO  c.a.c.n.r.NacosContextRefresher - [registerNacosListener,129] - [Nacos Config] Listening config: dataId=xmap-auth, group=DEFAULT_GROUP
17:37:57.306 [main] INFO  c.a.c.n.r.NacosContextRefresher - [registerNacosListener,129] - [Nacos Config] Listening config: dataId=xmap-auth.yml, group=DEFAULT_GROUP
17:37:59.080 [RMI TCP Connection(3)-192.168.137.1] INFO  o.a.c.c.C.[.[.[/] - [log,173] - Initializing Spring DispatcherServlet 'dispatcherServlet'
17:40:01.941 [nacos-grpc-client-executor-35] INFO  c.a.n.c.r.client - [printIfInfoEnabled,60] - [dc494641-2b34-4a55-80f4-0a5731ebe6a0] Receive server push request, request = NotifySubscriberRequest, requestId = 25
17:40:01.942 [nacos-grpc-client-executor-35] INFO  c.a.n.c.r.client - [printIfInfoEnabled,60] - [dc494641-2b34-4a55-80f4-0a5731ebe6a0] Ack server push request, request = NotifySubscriberRequest, requestId = 25
