09:27:47.545 [background-preinit] INFO  o.h.v.i.util.Version - [<clinit>,21] - HV000001: Hibernate Validator 6.2.5.Final
09:27:49.504 [main] INFO  c.a.n.c.r.client - [lambda$createClient$0,80] - [RpcClientFactory] create a new rpc client of baadb47e-6585-43c4-9a61-55146aa081f1_config-0
09:27:49.594 [main] INFO  o.r.Reflections - [scan,232] - Reflections took 60 ms to scan 1 urls, producing 3 keys and 6 values 
09:27:49.641 [main] INFO  o.r.Reflections - [scan,232] - Reflections took 23 ms to scan 1 urls, producing 4 keys and 9 values 
09:27:49.667 [main] INFO  o.r.Reflections - [scan,232] - Reflections took 23 ms to scan 1 urls, producing 3 keys and 10 values 
09:27:49.935 [main] INFO  o.r.Reflections - [scan,232] - Reflections took 262 ms to scan 175 urls, producing 0 keys and 0 values 
09:27:49.951 [main] INFO  o.r.Reflections - [scan,232] - Reflections took 14 ms to scan 1 urls, producing 1 keys and 5 values 
09:27:49.972 [main] INFO  o.r.Reflections - [scan,232] - Reflections took 16 ms to scan 1 urls, producing 1 keys and 7 values 
09:27:49.995 [main] INFO  o.r.Reflections - [scan,232] - Reflections took 16 ms to scan 1 urls, producing 2 keys and 8 values 
09:27:50.276 [main] INFO  o.r.Reflections - [scan,232] - Reflections took 277 ms to scan 175 urls, producing 0 keys and 0 values 
09:27:50.278 [main] INFO  c.a.n.c.r.client - [printIfInfoEnabled,60] - [baadb47e-6585-43c4-9a61-55146aa081f1_config-0] RpcClient init label, labels = {module=config, Vipserver-Tag=null, source=sdk, Amory-Tag=null, Location-Tag=null, taskId=0, AppName=unknown}
09:27:50.279 [main] INFO  c.a.n.c.r.client - [printIfInfoEnabled,60] - [baadb47e-6585-43c4-9a61-55146aa081f1_config-0] Register server push request handler:com.alibaba.nacos.client.config.impl.ClientWorker$ConfigRpcTransportClient$$Lambda$335/1210939243
09:27:50.280 [main] INFO  c.a.n.c.r.client - [printIfInfoEnabled,60] - [baadb47e-6585-43c4-9a61-55146aa081f1_config-0] Register server push request handler:com.alibaba.nacos.client.config.impl.ClientWorker$ConfigRpcTransportClient$$Lambda$336/1079125839
09:27:50.281 [main] INFO  c.a.n.c.r.client - [printIfInfoEnabled,60] - [baadb47e-6585-43c4-9a61-55146aa081f1_config-0] Registry connection listener to current client:com.alibaba.nacos.client.config.impl.ClientWorker$ConfigRpcTransportClient$1
09:27:50.283 [main] INFO  c.a.n.c.r.client - [printIfInfoEnabled,60] - [baadb47e-6585-43c4-9a61-55146aa081f1_config-0] RpcClient init, ServerListFactory = com.alibaba.nacos.client.config.impl.ClientWorker$ConfigRpcTransportClient$2
09:27:50.296 [main] INFO  c.a.n.c.r.client - [printIfInfoEnabled,60] - [baadb47e-6585-43c4-9a61-55146aa081f1_config-0] Try to connect to server on start up, server: {serverIp = '127.0.0.1', server main port = 8848}
09:27:56.050 [main] INFO  c.a.n.c.r.client - [printIfInfoEnabled,60] - [baadb47e-6585-43c4-9a61-55146aa081f1_config-0] Try to connect to server on start up, server: {serverIp = '127.0.0.1', server main port = 8848}
09:27:56.714 [main] INFO  c.a.n.c.r.client - [printIfInfoEnabled,60] - [baadb47e-6585-43c4-9a61-55146aa081f1_config-0] Success to connect to server [127.0.0.1:8848] on start up, connectionId = 1702862876280_127.0.0.1_2087
09:27:56.715 [com.alibaba.nacos.client.remote.worker] INFO  c.a.n.c.r.client - [printIfInfoEnabled,60] - [baadb47e-6585-43c4-9a61-55146aa081f1_config-0] Notify connected event to listeners.
09:27:56.716 [main] INFO  c.a.n.c.r.client - [printIfInfoEnabled,60] - [baadb47e-6585-43c4-9a61-55146aa081f1_config-0] Register server push request handler:com.alibaba.nacos.common.remote.client.RpcClient$ConnectResetRequestHandler
09:27:56.717 [main] INFO  c.a.n.c.r.client - [printIfInfoEnabled,60] - [baadb47e-6585-43c4-9a61-55146aa081f1_config-0] Register server push request handler:com.alibaba.nacos.common.remote.client.RpcClient$$Lambda$344/698498109
09:27:56.899 [main] INFO  c.x.a.XmapAuthApplication - [logStartupProfileInfo,637] - The following 1 profile is active: "dev"
09:28:01.810 [main] INFO  o.a.c.c.AprLifecycleListener - [log,173] - Loaded Apache Tomcat Native library [1.2.32] using APR version [1.7.0].
09:28:01.810 [main] INFO  o.a.c.c.AprLifecycleListener - [log,173] - APR capabilities: IPv6 [true], sendfile [true], accept filters [false], random [true], UDS [true].
09:28:01.811 [main] INFO  o.a.c.c.AprLifecycleListener - [log,173] - APR/OpenSSL configuration: useAprConnector [false], useOpenSSL [true]
09:28:01.818 [main] INFO  o.a.c.c.AprLifecycleListener - [log,173] - OpenSSL successfully initialized [OpenSSL 1.1.1n  15 Mar 2022]
09:28:01.845 [main] INFO  o.a.c.h.Http11NioProtocol - [log,173] - Initializing ProtocolHandler ["http-nio-9200"]
09:28:01.846 [main] INFO  o.a.c.c.StandardService - [log,173] - Starting service [Tomcat]
09:28:01.847 [main] INFO  o.a.c.c.StandardEngine - [log,173] - Starting Servlet engine: [Apache Tomcat/9.0.70]
09:28:02.302 [main] INFO  o.a.c.c.C.[.[.[/] - [log,173] - Initializing Spring embedded WebApplicationContext
09:28:05.232 [main] INFO  c.a.c.s.SentinelWebMvcConfigurer - [addInterceptors,52] - [Sentinel Starter] register SentinelWebInterceptor with urlPatterns: [/**].
09:28:11.621 [main] INFO  c.a.n.c.r.client - [lambda$createClient$0,80] - [RpcClientFactory] create a new rpc client of 0c776843-c04d-4138-b703-1925dbf4859d
09:28:11.622 [main] INFO  c.a.n.c.r.client - [printIfInfoEnabled,60] - [0c776843-c04d-4138-b703-1925dbf4859d] RpcClient init label, labels = {module=naming, source=sdk}
09:28:11.625 [main] INFO  c.a.n.c.r.client - [printIfInfoEnabled,60] - [0c776843-c04d-4138-b703-1925dbf4859d] RpcClient init, ServerListFactory = com.alibaba.nacos.client.naming.core.ServerListManager
09:28:11.626 [main] INFO  c.a.n.c.r.client - [printIfInfoEnabled,60] - [0c776843-c04d-4138-b703-1925dbf4859d] Registry connection listener to current client:com.alibaba.nacos.client.naming.remote.gprc.redo.NamingGrpcRedoService
09:28:11.627 [main] INFO  c.a.n.c.r.client - [printIfInfoEnabled,60] - [0c776843-c04d-4138-b703-1925dbf4859d] Register server push request handler:com.alibaba.nacos.client.naming.remote.gprc.NamingPushRequestHandler
09:28:11.627 [main] INFO  c.a.n.c.r.client - [printIfInfoEnabled,60] - [0c776843-c04d-4138-b703-1925dbf4859d] Try to connect to server on start up, server: {serverIp = '127.0.0.1', server main port = 8848}
09:28:11.759 [main] INFO  c.a.n.c.r.client - [printIfInfoEnabled,60] - [0c776843-c04d-4138-b703-1925dbf4859d] Success to connect to server [127.0.0.1:8848] on start up, connectionId = 1702862891639_127.0.0.1_2231
09:28:11.760 [com.alibaba.nacos.client.remote.worker] INFO  c.a.n.c.r.client - [printIfInfoEnabled,60] - [0c776843-c04d-4138-b703-1925dbf4859d] Notify connected event to listeners.
09:28:11.760 [main] INFO  c.a.n.c.r.client - [printIfInfoEnabled,60] - [0c776843-c04d-4138-b703-1925dbf4859d] Register server push request handler:com.alibaba.nacos.common.remote.client.RpcClient$ConnectResetRequestHandler
09:28:11.761 [main] INFO  c.a.n.c.r.client - [printIfInfoEnabled,60] - [0c776843-c04d-4138-b703-1925dbf4859d] Register server push request handler:com.alibaba.nacos.common.remote.client.RpcClient$$Lambda$344/698498109
09:28:11.843 [main] INFO  o.a.c.h.Http11NioProtocol - [log,173] - Starting ProtocolHandler ["http-nio-9200"]
09:28:11.912 [main] INFO  c.a.c.n.r.NacosServiceRegistry - [register,75] - nacos registry, DEFAULT_GROUP xmap-auth 10.100.60.135:9200 register finished
09:28:14.060 [main] INFO  c.x.a.XmapAuthApplication - [logStarted,61] - Started XmapAuthApplication in 28.556 seconds (JVM running for 31.318)
09:28:14.076 [main] INFO  c.a.c.n.r.NacosContextRefresher - [registerNacosListener,129] - [Nacos Config] Listening config: dataId=xmap-auth-dev.yml, group=DEFAULT_GROUP
09:28:14.077 [main] INFO  c.a.c.n.r.NacosContextRefresher - [registerNacosListener,129] - [Nacos Config] Listening config: dataId=xmap-auth, group=DEFAULT_GROUP
09:28:14.078 [main] INFO  c.a.c.n.r.NacosContextRefresher - [registerNacosListener,129] - [Nacos Config] Listening config: dataId=xmap-auth.yml, group=DEFAULT_GROUP
09:28:14.673 [nacos-grpc-client-executor-9] INFO  c.a.n.c.r.client - [printIfInfoEnabled,60] - [0c776843-c04d-4138-b703-1925dbf4859d] Receive server push request, request = NotifySubscriberRequest, requestId = 1
09:28:14.693 [nacos-grpc-client-executor-9] INFO  c.a.n.c.r.client - [printIfInfoEnabled,60] - [0c776843-c04d-4138-b703-1925dbf4859d] Ack server push request, request = NotifySubscriberRequest, requestId = 1
09:28:18.244 [RMI TCP Connection(5)-192.168.137.1] INFO  o.a.c.c.C.[.[.[/] - [log,173] - Initializing Spring DispatcherServlet 'dispatcherServlet'
09:29:39.313 [nacos-grpc-client-executor-35] INFO  c.a.n.c.r.client - [printIfInfoEnabled,60] - [0c776843-c04d-4138-b703-1925dbf4859d] Receive server push request, request = NotifySubscriberRequest, requestId = 9
09:29:39.313 [nacos-grpc-client-executor-35] INFO  c.a.n.c.r.client - [printIfInfoEnabled,60] - [0c776843-c04d-4138-b703-1925dbf4859d] Ack server push request, request = NotifySubscriberRequest, requestId = 9
14:15:33.886 [SpringApplicationShutdownHook] INFO  c.a.c.n.r.NacosServiceRegistry - [deregister,94] - De-registering from Nacos Server now...
14:15:33.893 [SpringApplicationShutdownHook] INFO  c.a.c.n.r.NacosServiceRegistry - [deregister,114] - De-registration finished.
14:15:34.235 [SpringApplicationShutdownHook] INFO  c.a.n.c.r.client - [shutdown,454] - Shutdown rpc client, set status to shutdown
14:15:34.235 [SpringApplicationShutdownHook] INFO  c.a.n.c.r.client - [shutdown,456] - Shutdown client event executor java.util.concurrent.ScheduledThreadPoolExecutor@3cbace7e[Running, pool size = 2, active threads = 2, queued tasks = 0, completed tasks = 0]
14:15:34.235 [SpringApplicationShutdownHook] INFO  c.a.n.c.r.client - [closeConnection,591] - Close current connection 1702862891639_127.0.0.1_2231
14:15:34.239 [nacos-grpc-client-executor-3473] INFO  c.a.n.c.r.c.g.GrpcClient - [printIfInfoEnabled,60] - [1702862891639_127.0.0.1_2231]Ignore complete event,isRunning:false,isAbandon=false
14:15:34.240 [SpringApplicationShutdownHook] INFO  c.a.n.c.r.c.g.GrpcClient - [shutdown,85] - Shutdown grpc executor java.util.concurrent.ThreadPoolExecutor@1571a764[Running, pool size = 5, active threads = 1, queued tasks = 0, completed tasks = 3473]
14:16:03.112 [background-preinit] INFO  o.h.v.i.util.Version - [<clinit>,21] - HV000001: Hibernate Validator 6.2.5.Final
14:16:05.514 [main] INFO  c.a.n.c.r.client - [lambda$createClient$0,80] - [RpcClientFactory] create a new rpc client of 2ffbe61a-c202-495d-a7b8-29d2f36cd4e8_config-0
14:16:05.584 [main] INFO  o.r.Reflections - [scan,232] - Reflections took 48 ms to scan 1 urls, producing 3 keys and 6 values 
14:16:05.635 [main] INFO  o.r.Reflections - [scan,232] - Reflections took 22 ms to scan 1 urls, producing 4 keys and 9 values 
14:16:05.657 [main] INFO  o.r.Reflections - [scan,232] - Reflections took 19 ms to scan 1 urls, producing 3 keys and 10 values 
14:16:05.952 [main] INFO  o.r.Reflections - [scan,232] - Reflections took 288 ms to scan 175 urls, producing 0 keys and 0 values 
14:16:05.969 [main] INFO  o.r.Reflections - [scan,232] - Reflections took 16 ms to scan 1 urls, producing 1 keys and 5 values 
14:16:05.986 [main] INFO  o.r.Reflections - [scan,232] - Reflections took 13 ms to scan 1 urls, producing 1 keys and 7 values 
14:16:06.062 [main] INFO  o.r.Reflections - [scan,232] - Reflections took 72 ms to scan 1 urls, producing 2 keys and 8 values 
14:16:06.350 [main] INFO  o.r.Reflections - [scan,232] - Reflections took 285 ms to scan 175 urls, producing 0 keys and 0 values 
14:16:06.352 [main] INFO  c.a.n.c.r.client - [printIfInfoEnabled,60] - [2ffbe61a-c202-495d-a7b8-29d2f36cd4e8_config-0] RpcClient init label, labels = {module=config, Vipserver-Tag=null, source=sdk, Amory-Tag=null, Location-Tag=null, taskId=0, AppName=unknown}
14:16:06.353 [main] INFO  c.a.n.c.r.client - [printIfInfoEnabled,60] - [2ffbe61a-c202-495d-a7b8-29d2f36cd4e8_config-0] Register server push request handler:com.alibaba.nacos.client.config.impl.ClientWorker$ConfigRpcTransportClient$$Lambda$335/1210939243
14:16:06.354 [main] INFO  c.a.n.c.r.client - [printIfInfoEnabled,60] - [2ffbe61a-c202-495d-a7b8-29d2f36cd4e8_config-0] Register server push request handler:com.alibaba.nacos.client.config.impl.ClientWorker$ConfigRpcTransportClient$$Lambda$336/1079125839
14:16:06.355 [main] INFO  c.a.n.c.r.client - [printIfInfoEnabled,60] - [2ffbe61a-c202-495d-a7b8-29d2f36cd4e8_config-0] Registry connection listener to current client:com.alibaba.nacos.client.config.impl.ClientWorker$ConfigRpcTransportClient$1
14:16:06.357 [main] INFO  c.a.n.c.r.client - [printIfInfoEnabled,60] - [2ffbe61a-c202-495d-a7b8-29d2f36cd4e8_config-0] RpcClient init, ServerListFactory = com.alibaba.nacos.client.config.impl.ClientWorker$ConfigRpcTransportClient$2
14:16:06.371 [main] INFO  c.a.n.c.r.client - [printIfInfoEnabled,60] - [2ffbe61a-c202-495d-a7b8-29d2f36cd4e8_config-0] Try to connect to server on start up, server: {serverIp = '127.0.0.1', server main port = 8848}
14:16:11.493 [main] INFO  c.a.n.c.r.client - [printIfInfoEnabled,60] - [2ffbe61a-c202-495d-a7b8-29d2f36cd4e8_config-0] Success to connect to server [127.0.0.1:8848] on start up, connectionId = 1702880171154_127.0.0.1_8003
14:16:11.494 [com.alibaba.nacos.client.remote.worker] INFO  c.a.n.c.r.client - [printIfInfoEnabled,60] - [2ffbe61a-c202-495d-a7b8-29d2f36cd4e8_config-0] Notify connected event to listeners.
14:16:11.494 [main] INFO  c.a.n.c.r.client - [printIfInfoEnabled,60] - [2ffbe61a-c202-495d-a7b8-29d2f36cd4e8_config-0] Register server push request handler:com.alibaba.nacos.common.remote.client.RpcClient$ConnectResetRequestHandler
14:16:11.495 [main] INFO  c.a.n.c.r.client - [printIfInfoEnabled,60] - [2ffbe61a-c202-495d-a7b8-29d2f36cd4e8_config-0] Register server push request handler:com.alibaba.nacos.common.remote.client.RpcClient$$Lambda$344/1835316563
14:16:11.617 [main] INFO  c.x.a.XmapAuthApplication - [logStartupProfileInfo,637] - The following 1 profile is active: "dev"
14:16:14.685 [main] INFO  o.a.c.c.AprLifecycleListener - [log,173] - Loaded Apache Tomcat Native library [1.2.32] using APR version [1.7.0].
14:16:14.685 [main] INFO  o.a.c.c.AprLifecycleListener - [log,173] - APR capabilities: IPv6 [true], sendfile [true], accept filters [false], random [true], UDS [true].
14:16:14.685 [main] INFO  o.a.c.c.AprLifecycleListener - [log,173] - APR/OpenSSL configuration: useAprConnector [false], useOpenSSL [true]
14:16:14.738 [main] INFO  o.a.c.c.AprLifecycleListener - [log,173] - OpenSSL successfully initialized [OpenSSL 1.1.1n  15 Mar 2022]
14:16:14.749 [main] INFO  o.a.c.h.Http11NioProtocol - [log,173] - Initializing ProtocolHandler ["http-nio-9200"]
14:16:14.750 [main] INFO  o.a.c.c.StandardService - [log,173] - Starting service [Tomcat]
14:16:14.750 [main] INFO  o.a.c.c.StandardEngine - [log,173] - Starting Servlet engine: [Apache Tomcat/9.0.70]
14:16:15.196 [main] INFO  o.a.c.c.C.[.[.[/] - [log,173] - Initializing Spring embedded WebApplicationContext
14:16:17.233 [main] INFO  c.a.c.s.SentinelWebMvcConfigurer - [addInterceptors,52] - [Sentinel Starter] register SentinelWebInterceptor with urlPatterns: [/**].
14:16:22.213 [main] INFO  c.a.n.c.r.client - [lambda$createClient$0,80] - [RpcClientFactory] create a new rpc client of b19a170a-ff84-4782-b8d2-3811a7a04712
14:16:22.214 [main] INFO  c.a.n.c.r.client - [printIfInfoEnabled,60] - [b19a170a-ff84-4782-b8d2-3811a7a04712] RpcClient init label, labels = {module=naming, source=sdk}
14:16:22.226 [main] INFO  c.a.n.c.r.client - [printIfInfoEnabled,60] - [b19a170a-ff84-4782-b8d2-3811a7a04712] RpcClient init, ServerListFactory = com.alibaba.nacos.client.naming.core.ServerListManager
14:16:22.226 [main] INFO  c.a.n.c.r.client - [printIfInfoEnabled,60] - [b19a170a-ff84-4782-b8d2-3811a7a04712] Registry connection listener to current client:com.alibaba.nacos.client.naming.remote.gprc.redo.NamingGrpcRedoService
14:16:22.227 [main] INFO  c.a.n.c.r.client - [printIfInfoEnabled,60] - [b19a170a-ff84-4782-b8d2-3811a7a04712] Register server push request handler:com.alibaba.nacos.client.naming.remote.gprc.NamingPushRequestHandler
14:16:22.339 [main] INFO  c.a.n.c.r.client - [printIfInfoEnabled,60] - [b19a170a-ff84-4782-b8d2-3811a7a04712] Try to connect to server on start up, server: {serverIp = '127.0.0.1', server main port = 8848}
14:16:22.547 [main] INFO  c.a.n.c.r.client - [printIfInfoEnabled,60] - [b19a170a-ff84-4782-b8d2-3811a7a04712] Success to connect to server [127.0.0.1:8848] on start up, connectionId = 1702880182366_127.0.0.1_8178
14:16:22.548 [com.alibaba.nacos.client.remote.worker] INFO  c.a.n.c.r.client - [printIfInfoEnabled,60] - [b19a170a-ff84-4782-b8d2-3811a7a04712] Notify connected event to listeners.
14:16:22.554 [main] INFO  c.a.n.c.r.client - [printIfInfoEnabled,60] - [b19a170a-ff84-4782-b8d2-3811a7a04712] Register server push request handler:com.alibaba.nacos.common.remote.client.RpcClient$ConnectResetRequestHandler
14:16:22.554 [main] INFO  c.a.n.c.r.client - [printIfInfoEnabled,60] - [b19a170a-ff84-4782-b8d2-3811a7a04712] Register server push request handler:com.alibaba.nacos.common.remote.client.RpcClient$$Lambda$344/1835316563
14:16:22.902 [main] INFO  o.a.c.h.Http11NioProtocol - [log,173] - Starting ProtocolHandler ["http-nio-9200"]
14:16:23.382 [main] INFO  c.a.c.n.r.NacosServiceRegistry - [register,75] - nacos registry, DEFAULT_GROUP xmap-auth 10.100.60.135:9200 register finished
14:16:23.429 [nacos-grpc-client-executor-4] INFO  c.a.n.c.r.client - [printIfInfoEnabled,60] - [b19a170a-ff84-4782-b8d2-3811a7a04712] Receive server push request, request = NotifySubscriberRequest, requestId = 17
14:16:23.432 [nacos-grpc-client-executor-4] INFO  c.a.n.c.r.client - [printIfInfoEnabled,60] - [b19a170a-ff84-4782-b8d2-3811a7a04712] Ack server push request, request = NotifySubscriberRequest, requestId = 17
14:16:23.972 [nacos-grpc-client-executor-7] INFO  c.a.n.c.r.client - [printIfInfoEnabled,60] - [b19a170a-ff84-4782-b8d2-3811a7a04712] Receive server push request, request = NotifySubscriberRequest, requestId = 18
14:16:24.019 [nacos-grpc-client-executor-7] INFO  c.a.n.c.r.client - [printIfInfoEnabled,60] - [b19a170a-ff84-4782-b8d2-3811a7a04712] Ack server push request, request = NotifySubscriberRequest, requestId = 18
14:16:27.624 [main] INFO  c.x.a.XmapAuthApplication - [logStarted,61] - Started XmapAuthApplication in 26.396 seconds (JVM running for 28.199)
14:16:27.652 [main] INFO  c.a.c.n.r.NacosContextRefresher - [registerNacosListener,129] - [Nacos Config] Listening config: dataId=xmap-auth-dev.yml, group=DEFAULT_GROUP
14:16:27.653 [main] INFO  c.a.c.n.r.NacosContextRefresher - [registerNacosListener,129] - [Nacos Config] Listening config: dataId=xmap-auth, group=DEFAULT_GROUP
14:16:27.654 [main] INFO  c.a.c.n.r.NacosContextRefresher - [registerNacosListener,129] - [Nacos Config] Listening config: dataId=xmap-auth.yml, group=DEFAULT_GROUP
14:16:35.746 [RMI TCP Connection(8)-192.168.137.1] INFO  o.a.c.c.C.[.[.[/] - [log,173] - Initializing Spring DispatcherServlet 'dispatcherServlet'
15:03:29.149 [nacos-grpc-client-executor-575] INFO  c.a.n.c.r.client - [printIfInfoEnabled,60] - [b19a170a-ff84-4782-b8d2-3811a7a04712] Receive server push request, request = NotifySubscriberRequest, requestId = 34
15:03:29.149 [nacos-grpc-client-executor-575] INFO  c.a.n.c.r.client - [printIfInfoEnabled,60] - [b19a170a-ff84-4782-b8d2-3811a7a04712] Ack server push request, request = NotifySubscriberRequest, requestId = 34
16:06:53.041 [SpringApplicationShutdownHook] INFO  c.a.c.n.r.NacosServiceRegistry - [deregister,94] - De-registering from Nacos Server now...
16:06:53.047 [SpringApplicationShutdownHook] INFO  c.a.c.n.r.NacosServiceRegistry - [deregister,114] - De-registration finished.
16:06:53.385 [SpringApplicationShutdownHook] INFO  c.a.n.c.r.client - [shutdown,454] - Shutdown rpc client, set status to shutdown
16:06:53.385 [SpringApplicationShutdownHook] INFO  c.a.n.c.r.client - [shutdown,456] - Shutdown client event executor java.util.concurrent.ScheduledThreadPoolExecutor@4377887a[Running, pool size = 2, active threads = 2, queued tasks = 0, completed tasks = 0]
16:06:53.386 [SpringApplicationShutdownHook] INFO  c.a.n.c.r.client - [closeConnection,591] - Close current connection 1702880182366_127.0.0.1_8178
16:06:53.387 [nacos-grpc-client-executor-1398] INFO  c.a.n.c.r.c.g.GrpcClient - [printIfInfoEnabled,60] - [1702880182366_127.0.0.1_8178]Ignore complete event,isRunning:false,isAbandon=false
16:06:53.392 [SpringApplicationShutdownHook] INFO  c.a.n.c.r.c.g.GrpcClient - [shutdown,85] - Shutdown grpc executor java.util.concurrent.ThreadPoolExecutor@c43706e[Running, pool size = 5, active threads = 0, queued tasks = 0, completed tasks = 1399]
