11:31:17.023 [background-preinit] INFO  o.h.v.i.util.Version - [<clinit>,21] - HV000001: Hibernate Validator 6.2.5.Final
11:31:19.270 [main] INFO  c.a.n.c.r.client - [lambda$createClient$0,80] - [RpcClientFactory] create a new rpc client of f3fa6146-a291-46b7-970d-d838d71fc9b0_config-0
11:31:19.320 [main] INFO  o.r.Reflections - [scan,232] - Reflections took 32 ms to scan 1 urls, producing 3 keys and 6 values 
11:31:19.347 [main] INFO  o.r.Reflections - [scan,232] - Reflections took 13 ms to scan 1 urls, producing 4 keys and 9 values 
11:31:19.365 [main] INFO  o.r.Reflections - [scan,232] - Reflections took 15 ms to scan 1 urls, producing 3 keys and 10 values 
11:31:19.838 [main] INFO  o.r.Reflections - [scan,232] - Reflections took 469 ms to scan 204 urls, producing 0 keys and 0 values 
11:31:19.867 [main] INFO  o.r.Reflections - [scan,232] - Reflections took 25 ms to scan 1 urls, producing 1 keys and 5 values 
11:31:19.901 [main] INFO  o.r.Reflections - [scan,232] - Reflections took 29 ms to scan 1 urls, producing 1 keys and 7 values 
11:31:19.941 [main] INFO  o.r.Reflections - [scan,232] - Reflections took 36 ms to scan 1 urls, producing 2 keys and 8 values 
11:31:20.242 [main] INFO  o.r.Reflections - [scan,232] - Reflections took 297 ms to scan 204 urls, producing 0 keys and 0 values 
11:31:20.243 [main] INFO  c.a.n.c.r.client - [printIfInfoEnabled,60] - [f3fa6146-a291-46b7-970d-d838d71fc9b0_config-0] RpcClient init label, labels = {module=config, Vipserver-Tag=null, source=sdk, Amory-Tag=null, Location-Tag=null, taskId=0, AppName=unknown}
11:31:20.244 [main] INFO  c.a.n.c.r.client - [printIfInfoEnabled,60] - [f3fa6146-a291-46b7-970d-d838d71fc9b0_config-0] Register server push request handler:com.alibaba.nacos.client.config.impl.ClientWorker$ConfigRpcTransportClient$$Lambda$335/1950136544
11:31:20.244 [main] INFO  c.a.n.c.r.client - [printIfInfoEnabled,60] - [f3fa6146-a291-46b7-970d-d838d71fc9b0_config-0] Register server push request handler:com.alibaba.nacos.client.config.impl.ClientWorker$ConfigRpcTransportClient$$Lambda$336/209360730
11:31:20.246 [main] INFO  c.a.n.c.r.client - [printIfInfoEnabled,60] - [f3fa6146-a291-46b7-970d-d838d71fc9b0_config-0] Registry connection listener to current client:com.alibaba.nacos.client.config.impl.ClientWorker$ConfigRpcTransportClient$1
11:31:20.247 [main] INFO  c.a.n.c.r.client - [printIfInfoEnabled,60] - [f3fa6146-a291-46b7-970d-d838d71fc9b0_config-0] RpcClient init, ServerListFactory = com.alibaba.nacos.client.config.impl.ClientWorker$ConfigRpcTransportClient$2
11:31:20.257 [main] INFO  c.a.n.c.r.client - [printIfInfoEnabled,60] - [f3fa6146-a291-46b7-970d-d838d71fc9b0_config-0] Try to connect to server on start up, server: {serverIp = '127.0.0.1', server main port = 8848}
11:31:25.101 [main] INFO  c.a.n.c.r.client - [printIfInfoEnabled,60] - [f3fa6146-a291-46b7-970d-d838d71fc9b0_config-0] Try to connect to server on start up, server: {serverIp = '127.0.0.1', server main port = 8848}
11:31:27.131 [main] INFO  c.a.n.c.r.client - [printIfInfoEnabled,60] - [f3fa6146-a291-46b7-970d-d838d71fc9b0_config-0] Try to connect to server on start up, server: {serverIp = '127.0.0.1', server main port = 8848}
11:31:29.161 [com.alibaba.nacos.client.remote.worker] INFO  c.a.n.c.r.client - [printIfInfoEnabled,60] - [f3fa6146-a291-46b7-970d-d838d71fc9b0_config-0] Try to reconnect to a new server, server is  not appointed, will choose a random server.
11:31:29.163 [main] INFO  c.a.n.c.r.client - [printIfInfoEnabled,60] - [f3fa6146-a291-46b7-970d-d838d71fc9b0_config-0] Register server push request handler:com.alibaba.nacos.common.remote.client.RpcClient$ConnectResetRequestHandler
11:31:29.164 [main] INFO  c.a.n.c.r.client - [printIfInfoEnabled,60] - [f3fa6146-a291-46b7-970d-d838d71fc9b0_config-0] Register server push request handler:com.alibaba.nacos.common.remote.client.RpcClient$$Lambda$344/1547817015
11:31:30.591 [main] INFO  c.x.i.XmapInformationApplication - [logStartupProfileInfo,637] - The following 1 profile is active: "dev"
11:31:33.342 [com.alibaba.nacos.client.remote.worker] INFO  c.a.n.c.r.client - [printIfInfoEnabled,60] - [f3fa6146-a291-46b7-970d-d838d71fc9b0_config-0] Fail to connect server, after trying 1 times, last try server is {serverIp = '127.0.0.1', server main port = 8848}, error = unknown
11:31:33.574 [main] INFO  o.a.c.c.AprLifecycleListener - [log,173] - Loaded Apache Tomcat Native library [1.2.32] using APR version [1.7.0].
11:31:33.575 [main] INFO  o.a.c.c.AprLifecycleListener - [log,173] - APR capabilities: IPv6 [true], sendfile [true], accept filters [false], random [true], UDS [true].
11:31:33.575 [main] INFO  o.a.c.c.AprLifecycleListener - [log,173] - APR/OpenSSL configuration: useAprConnector [false], useOpenSSL [true]
11:31:33.579 [main] INFO  o.a.c.c.AprLifecycleListener - [log,173] - OpenSSL successfully initialized [OpenSSL 1.1.1n  15 Mar 2022]
11:31:33.597 [main] INFO  o.a.c.h.Http11NioProtocol - [log,173] - Initializing ProtocolHandler ["http-nio-9211"]
11:31:33.598 [main] INFO  o.a.c.c.StandardService - [log,173] - Starting service [Tomcat]
11:31:33.598 [main] INFO  o.a.c.c.StandardEngine - [log,173] - Starting Servlet engine: [Apache Tomcat/9.0.70]
11:31:33.866 [main] INFO  o.a.c.c.C.[.[.[/] - [log,173] - Initializing Spring embedded WebApplicationContext
11:31:35.566 [com.alibaba.nacos.client.remote.worker] INFO  c.a.n.c.r.client - [printIfInfoEnabled,60] - [f3fa6146-a291-46b7-970d-d838d71fc9b0_config-0] Fail to connect server, after trying 2 times, last try server is {serverIp = '127.0.0.1', server main port = 8848}, error = unknown
11:31:35.645 [main] INFO  c.a.d.p.DruidDataSource - [init,996] - {dataSource-1,master} inited
11:31:35.646 [main] INFO  c.b.d.d.DynamicRoutingDataSource - [addDataSource,154] - dynamic-datasource - add a datasource named [master] success
11:31:35.647 [main] INFO  c.b.d.d.DynamicRoutingDataSource - [afterPropertiesSet,234] - dynamic-datasource initial loaded [1] datasource,primary datasource named [master]
11:31:37.515 [main] INFO  c.a.c.s.SentinelWebMvcConfigurer - [addInterceptors,52] - [Sentinel Starter] register SentinelWebInterceptor with urlPatterns: [/**].
11:31:37.902 [com.alibaba.nacos.client.remote.worker] INFO  c.a.n.c.r.client - [printIfInfoEnabled,60] - [f3fa6146-a291-46b7-970d-d838d71fc9b0_config-0] Fail to connect server, after trying 3 times, last try server is {serverIp = '127.0.0.1', server main port = 8848}, error = unknown
11:31:40.344 [com.alibaba.nacos.client.remote.worker] INFO  c.a.n.c.r.client - [printIfInfoEnabled,60] - [f3fa6146-a291-46b7-970d-d838d71fc9b0_config-0] Fail to connect server, after trying 4 times, last try server is {serverIp = '127.0.0.1', server main port = 8848}, error = unknown
11:31:42.270 [main] INFO  c.a.n.c.r.client - [lambda$createClient$0,80] - [RpcClientFactory] create a new rpc client of de0fe02c-2c1f-488f-a654-89cd1c779787
11:31:42.270 [main] INFO  c.a.n.c.r.client - [printIfInfoEnabled,60] - [de0fe02c-2c1f-488f-a654-89cd1c779787] RpcClient init label, labels = {module=naming, source=sdk}
11:31:42.272 [main] INFO  c.a.n.c.r.client - [printIfInfoEnabled,60] - [de0fe02c-2c1f-488f-a654-89cd1c779787] RpcClient init, ServerListFactory = com.alibaba.nacos.client.naming.core.ServerListManager
11:31:42.272 [main] INFO  c.a.n.c.r.client - [printIfInfoEnabled,60] - [de0fe02c-2c1f-488f-a654-89cd1c779787] Registry connection listener to current client:com.alibaba.nacos.client.naming.remote.gprc.redo.NamingGrpcRedoService
11:31:42.272 [main] INFO  c.a.n.c.r.client - [printIfInfoEnabled,60] - [de0fe02c-2c1f-488f-a654-89cd1c779787] Register server push request handler:com.alibaba.nacos.client.naming.remote.gprc.NamingPushRequestHandler
11:31:42.273 [main] INFO  c.a.n.c.r.client - [printIfInfoEnabled,60] - [de0fe02c-2c1f-488f-a654-89cd1c779787] Try to connect to server on start up, server: {serverIp = '127.0.0.1', server main port = 8848}
11:31:42.900 [com.alibaba.nacos.client.remote.worker] INFO  c.a.n.c.r.client - [printIfInfoEnabled,60] - [f3fa6146-a291-46b7-970d-d838d71fc9b0_config-0] Fail to connect server, after trying 5 times, last try server is {serverIp = '127.0.0.1', server main port = 8848}, error = unknown
11:31:44.324 [main] INFO  c.a.n.c.r.client - [printIfInfoEnabled,60] - [de0fe02c-2c1f-488f-a654-89cd1c779787] Try to connect to server on start up, server: {serverIp = '127.0.0.1', server main port = 8848}
11:31:45.560 [com.alibaba.nacos.client.remote.worker] INFO  c.a.n.c.r.client - [printIfInfoEnabled,60] - [f3fa6146-a291-46b7-970d-d838d71fc9b0_config-0] Fail to connect server, after trying 6 times, last try server is {serverIp = '127.0.0.1', server main port = 8848}, error = unknown
11:31:46.378 [main] INFO  c.a.n.c.r.client - [printIfInfoEnabled,60] - [de0fe02c-2c1f-488f-a654-89cd1c779787] Try to connect to server on start up, server: {serverIp = '127.0.0.1', server main port = 8848}
11:31:48.319 [com.alibaba.nacos.client.remote.worker] INFO  c.a.n.c.r.client - [printIfInfoEnabled,60] - [f3fa6146-a291-46b7-970d-d838d71fc9b0_config-0] Fail to connect server, after trying 7 times, last try server is {serverIp = '127.0.0.1', server main port = 8848}, error = unknown
11:31:48.446 [com.alibaba.nacos.client.remote.worker] INFO  c.a.n.c.r.client - [printIfInfoEnabled,60] - [de0fe02c-2c1f-488f-a654-89cd1c779787] Try to reconnect to a new server, server is  not appointed, will choose a random server.
11:31:48.446 [main] INFO  c.a.n.c.r.client - [printIfInfoEnabled,60] - [de0fe02c-2c1f-488f-a654-89cd1c779787] Register server push request handler:com.alibaba.nacos.common.remote.client.RpcClient$ConnectResetRequestHandler
11:31:48.446 [main] INFO  c.a.n.c.r.client - [printIfInfoEnabled,60] - [de0fe02c-2c1f-488f-a654-89cd1c779787] Register server push request handler:com.alibaba.nacos.common.remote.client.RpcClient$$Lambda$344/1547817015
11:31:48.780 [main] INFO  o.a.c.h.Http11NioProtocol - [log,173] - Starting ProtocolHandler ["http-nio-9211"]
11:31:49.807 [main] INFO  c.a.n.c.r.client - [shutdown,454] - Shutdown rpc client, set status to shutdown
11:31:49.807 [main] INFO  c.a.n.c.r.client - [shutdown,456] - Shutdown client event executor java.util.concurrent.ScheduledThreadPoolExecutor@2053b761[Running, pool size = 2, active threads = 2, queued tasks = 0, completed tasks = 0]
11:31:49.807 [main] INFO  c.a.n.c.r.c.g.GrpcClient - [shutdown,85] - Shutdown grpc executor java.util.concurrent.ThreadPoolExecutor@34588991[Running, pool size = 6, active threads = 0, queued tasks = 0, completed tasks = 6]
11:31:49.826 [main] INFO  c.b.d.d.DynamicRoutingDataSource - [destroy,211] - dynamic-datasource start closing ....
11:31:49.829 [main] INFO  c.a.d.p.DruidDataSource - [close,2138] - {dataSource-1} closing ...
11:31:49.833 [main] INFO  c.a.d.p.DruidDataSource - [close,2211] - {dataSource-1} closed
11:31:49.833 [main] INFO  c.b.d.d.DynamicRoutingDataSource - [destroy,215] - dynamic-datasource all closed success,bye
11:31:49.908 [com.alibaba.nacos.client.remote.worker] INFO  c.a.n.c.r.client - [printIfInfoEnabled,60] - [de0fe02c-2c1f-488f-a654-89cd1c779787] Client is shutdown, stop reconnect to server
11:31:50.470 [main] INFO  o.a.c.h.Http11NioProtocol - [log,173] - Pausing ProtocolHandler ["http-nio-9211"]
11:31:50.470 [main] INFO  o.a.c.c.StandardService - [log,173] - Stopping service [Tomcat]
11:31:50.475 [main] INFO  o.a.c.h.Http11NioProtocol - [log,173] - Stopping ProtocolHandler ["http-nio-9211"]
11:31:50.479 [main] INFO  o.a.c.h.Http11NioProtocol - [log,173] - Destroying ProtocolHandler ["http-nio-9211"]
11:32:32.828 [background-preinit] INFO  o.h.v.i.util.Version - [<clinit>,21] - HV000001: Hibernate Validator 6.2.5.Final
11:32:35.034 [main] INFO  c.a.n.c.r.client - [lambda$createClient$0,80] - [RpcClientFactory] create a new rpc client of 76d081e2-286a-4288-842b-bbfbf87cc2b0_config-0
11:32:35.088 [main] INFO  o.r.Reflections - [scan,232] - Reflections took 37 ms to scan 1 urls, producing 3 keys and 6 values 
11:32:35.119 [main] INFO  o.r.Reflections - [scan,232] - Reflections took 14 ms to scan 1 urls, producing 4 keys and 9 values 
11:32:35.139 [main] INFO  o.r.Reflections - [scan,232] - Reflections took 17 ms to scan 1 urls, producing 3 keys and 10 values 
11:32:35.435 [main] INFO  o.r.Reflections - [scan,232] - Reflections took 292 ms to scan 204 urls, producing 0 keys and 0 values 
11:32:35.447 [main] INFO  o.r.Reflections - [scan,232] - Reflections took 11 ms to scan 1 urls, producing 1 keys and 5 values 
11:32:35.475 [main] INFO  o.r.Reflections - [scan,232] - Reflections took 25 ms to scan 1 urls, producing 1 keys and 7 values 
11:32:35.509 [main] INFO  o.r.Reflections - [scan,232] - Reflections took 29 ms to scan 1 urls, producing 2 keys and 8 values 
11:32:35.718 [main] INFO  o.r.Reflections - [scan,232] - Reflections took 206 ms to scan 204 urls, producing 0 keys and 0 values 
11:32:35.719 [main] INFO  c.a.n.c.r.client - [printIfInfoEnabled,60] - [76d081e2-286a-4288-842b-bbfbf87cc2b0_config-0] RpcClient init label, labels = {module=config, Vipserver-Tag=null, source=sdk, Amory-Tag=null, Location-Tag=null, taskId=0, AppName=unknown}
11:32:35.720 [main] INFO  c.a.n.c.r.client - [printIfInfoEnabled,60] - [76d081e2-286a-4288-842b-bbfbf87cc2b0_config-0] Register server push request handler:com.alibaba.nacos.client.config.impl.ClientWorker$ConfigRpcTransportClient$$Lambda$335/1950136544
11:32:35.720 [main] INFO  c.a.n.c.r.client - [printIfInfoEnabled,60] - [76d081e2-286a-4288-842b-bbfbf87cc2b0_config-0] Register server push request handler:com.alibaba.nacos.client.config.impl.ClientWorker$ConfigRpcTransportClient$$Lambda$336/209360730
11:32:35.721 [main] INFO  c.a.n.c.r.client - [printIfInfoEnabled,60] - [76d081e2-286a-4288-842b-bbfbf87cc2b0_config-0] Registry connection listener to current client:com.alibaba.nacos.client.config.impl.ClientWorker$ConfigRpcTransportClient$1
11:32:35.721 [main] INFO  c.a.n.c.r.client - [printIfInfoEnabled,60] - [76d081e2-286a-4288-842b-bbfbf87cc2b0_config-0] RpcClient init, ServerListFactory = com.alibaba.nacos.client.config.impl.ClientWorker$ConfigRpcTransportClient$2
11:32:35.728 [main] INFO  c.a.n.c.r.client - [printIfInfoEnabled,60] - [76d081e2-286a-4288-842b-bbfbf87cc2b0_config-0] Try to connect to server on start up, server: {serverIp = '127.0.0.1', server main port = 8848}
11:32:39.403 [main] INFO  c.a.n.c.r.client - [printIfInfoEnabled,60] - [76d081e2-286a-4288-842b-bbfbf87cc2b0_config-0] Success to connect to server [127.0.0.1:8848] on start up, connectionId = 1702611159160_127.0.0.1_12801
11:32:39.403 [com.alibaba.nacos.client.remote.worker] INFO  c.a.n.c.r.client - [printIfInfoEnabled,60] - [76d081e2-286a-4288-842b-bbfbf87cc2b0_config-0] Notify connected event to listeners.
11:32:39.404 [main] INFO  c.a.n.c.r.client - [printIfInfoEnabled,60] - [76d081e2-286a-4288-842b-bbfbf87cc2b0_config-0] Register server push request handler:com.alibaba.nacos.common.remote.client.RpcClient$ConnectResetRequestHandler
11:32:39.405 [main] INFO  c.a.n.c.r.client - [printIfInfoEnabled,60] - [76d081e2-286a-4288-842b-bbfbf87cc2b0_config-0] Register server push request handler:com.alibaba.nacos.common.remote.client.RpcClient$$Lambda$344/1601756706
11:32:39.490 [main] INFO  c.x.i.XmapInformationApplication - [logStartupProfileInfo,637] - The following 1 profile is active: "dev"
11:32:42.517 [main] INFO  o.a.c.c.AprLifecycleListener - [log,173] - Loaded Apache Tomcat Native library [1.2.32] using APR version [1.7.0].
11:32:42.518 [main] INFO  o.a.c.c.AprLifecycleListener - [log,173] - APR capabilities: IPv6 [true], sendfile [true], accept filters [false], random [true], UDS [true].
11:32:42.518 [main] INFO  o.a.c.c.AprLifecycleListener - [log,173] - APR/OpenSSL configuration: useAprConnector [false], useOpenSSL [true]
11:32:42.524 [main] INFO  o.a.c.c.AprLifecycleListener - [log,173] - OpenSSL successfully initialized [OpenSSL 1.1.1n  15 Mar 2022]
11:32:42.549 [main] INFO  o.a.c.h.Http11NioProtocol - [log,173] - Initializing ProtocolHandler ["http-nio-9211"]
11:32:42.550 [main] INFO  o.a.c.c.StandardService - [log,173] - Starting service [Tomcat]
11:32:42.551 [main] INFO  o.a.c.c.StandardEngine - [log,173] - Starting Servlet engine: [Apache Tomcat/9.0.70]
11:32:42.770 [main] INFO  o.a.c.c.C.[.[.[/] - [log,173] - Initializing Spring embedded WebApplicationContext
11:32:45.765 [main] INFO  c.a.d.p.DruidDataSource - [init,996] - {dataSource-1,master} inited
11:32:45.766 [main] INFO  c.b.d.d.DynamicRoutingDataSource - [addDataSource,154] - dynamic-datasource - add a datasource named [master] success
11:32:45.767 [main] INFO  c.b.d.d.DynamicRoutingDataSource - [afterPropertiesSet,234] - dynamic-datasource initial loaded [1] datasource,primary datasource named [master]
11:32:48.482 [main] INFO  c.a.c.s.SentinelWebMvcConfigurer - [addInterceptors,52] - [Sentinel Starter] register SentinelWebInterceptor with urlPatterns: [/**].
11:32:53.158 [main] INFO  c.a.n.c.r.client - [lambda$createClient$0,80] - [RpcClientFactory] create a new rpc client of da4e96c4-e735-4487-b814-f00f53d8a527
11:32:53.158 [main] INFO  c.a.n.c.r.client - [printIfInfoEnabled,60] - [da4e96c4-e735-4487-b814-f00f53d8a527] RpcClient init label, labels = {module=naming, source=sdk}
11:32:53.159 [main] INFO  c.a.n.c.r.client - [printIfInfoEnabled,60] - [da4e96c4-e735-4487-b814-f00f53d8a527] RpcClient init, ServerListFactory = com.alibaba.nacos.client.naming.core.ServerListManager
11:32:53.159 [main] INFO  c.a.n.c.r.client - [printIfInfoEnabled,60] - [da4e96c4-e735-4487-b814-f00f53d8a527] Registry connection listener to current client:com.alibaba.nacos.client.naming.remote.gprc.redo.NamingGrpcRedoService
11:32:53.160 [main] INFO  c.a.n.c.r.client - [printIfInfoEnabled,60] - [da4e96c4-e735-4487-b814-f00f53d8a527] Register server push request handler:com.alibaba.nacos.client.naming.remote.gprc.NamingPushRequestHandler
11:32:53.160 [main] INFO  c.a.n.c.r.client - [printIfInfoEnabled,60] - [da4e96c4-e735-4487-b814-f00f53d8a527] Try to connect to server on start up, server: {serverIp = '127.0.0.1', server main port = 8848}
11:32:53.285 [main] INFO  c.a.n.c.r.client - [printIfInfoEnabled,60] - [da4e96c4-e735-4487-b814-f00f53d8a527] Success to connect to server [127.0.0.1:8848] on start up, connectionId = 1702611173164_127.0.0.1_12916
11:32:53.285 [main] INFO  c.a.n.c.r.client - [printIfInfoEnabled,60] - [da4e96c4-e735-4487-b814-f00f53d8a527] Register server push request handler:com.alibaba.nacos.common.remote.client.RpcClient$ConnectResetRequestHandler
11:32:53.285 [com.alibaba.nacos.client.remote.worker] INFO  c.a.n.c.r.client - [printIfInfoEnabled,60] - [da4e96c4-e735-4487-b814-f00f53d8a527] Notify connected event to listeners.
11:32:53.285 [main] INFO  c.a.n.c.r.client - [printIfInfoEnabled,60] - [da4e96c4-e735-4487-b814-f00f53d8a527] Register server push request handler:com.alibaba.nacos.common.remote.client.RpcClient$$Lambda$344/1601756706
11:32:53.312 [main] INFO  o.a.c.h.Http11NioProtocol - [log,173] - Starting ProtocolHandler ["http-nio-9211"]
11:32:53.345 [main] INFO  c.a.c.n.r.NacosServiceRegistry - [register,75] - nacos registry, DEFAULT_GROUP xmap-information 10.100.60.135:9211 register finished
11:32:53.832 [nacos-grpc-client-executor-9] INFO  c.a.n.c.r.client - [printIfInfoEnabled,60] - [da4e96c4-e735-4487-b814-f00f53d8a527] Receive server push request, request = NotifySubscriberRequest, requestId = 5
11:32:53.839 [nacos-grpc-client-executor-9] INFO  c.a.n.c.r.client - [printIfInfoEnabled,60] - [da4e96c4-e735-4487-b814-f00f53d8a527] Ack server push request, request = NotifySubscriberRequest, requestId = 5
11:32:55.941 [main] INFO  c.x.i.XmapInformationApplication - [logStarted,61] - Started XmapInformationApplication in 25.704 seconds (JVM running for 28.209)
11:32:55.949 [main] INFO  c.a.c.n.r.NacosContextRefresher - [registerNacosListener,129] - [Nacos Config] Listening config: dataId=xmap-information-dev.yml, group=DEFAULT_GROUP
11:32:55.950 [main] INFO  c.a.c.n.r.NacosContextRefresher - [registerNacosListener,129] - [Nacos Config] Listening config: dataId=xmap-information.yml, group=DEFAULT_GROUP
11:32:55.951 [main] INFO  c.a.c.n.r.NacosContextRefresher - [registerNacosListener,129] - [Nacos Config] Listening config: dataId=xmap-information, group=DEFAULT_GROUP
11:32:57.015 [RMI TCP Connection(3)-192.168.137.1] INFO  o.a.c.c.C.[.[.[/] - [log,173] - Initializing Spring DispatcherServlet 'dispatcherServlet'
