09:14:07.408 [background-preinit] INFO  o.h.v.i.util.Version - [<clinit>,21] - HV000001: Hibernate Validator 6.2.5.Final
09:14:09.375 [main] INFO  c.a.n.c.r.client - [lambda$createClient$0,80] - [RpcClientFactory] create a new rpc client of 69c500a9-dd09-421b-8a1e-660b75ce9a14_config-0
09:14:09.422 [main] INFO  o.r.Reflections - [scan,232] - Reflections took 30 ms to scan 1 urls, producing 3 keys and 6 values 
09:14:09.451 [main] INFO  o.r.Reflections - [scan,232] - Reflections took 15 ms to scan 1 urls, producing 4 keys and 9 values 
09:14:09.491 [main] INFO  o.r.Reflections - [scan,232] - Reflections took 38 ms to scan 1 urls, producing 3 keys and 10 values 
09:14:09.762 [main] INFO  o.r.Reflections - [scan,232] - Reflections took 267 ms to scan 204 urls, producing 0 keys and 0 values 
09:14:09.774 [main] INFO  o.r.Reflections - [scan,232] - Reflections took 10 ms to scan 1 urls, producing 1 keys and 5 values 
09:14:09.787 [main] INFO  o.r.Reflections - [scan,232] - Reflections took 11 ms to scan 1 urls, producing 1 keys and 7 values 
09:14:09.811 [main] INFO  o.r.Reflections - [scan,232] - Reflections took 21 ms to scan 1 urls, producing 2 keys and 8 values 
09:14:10.038 [main] INFO  o.r.Reflections - [scan,232] - Reflections took 224 ms to scan 204 urls, producing 0 keys and 0 values 
09:14:10.040 [main] INFO  c.a.n.c.r.client - [printIfInfoEnabled,60] - [69c500a9-dd09-421b-8a1e-660b75ce9a14_config-0] RpcClient init label, labels = {module=config, Vipserver-Tag=null, source=sdk, Amory-Tag=null, Location-Tag=null, taskId=0, AppName=unknown}
09:14:10.042 [main] INFO  c.a.n.c.r.client - [printIfInfoEnabled,60] - [69c500a9-dd09-421b-8a1e-660b75ce9a14_config-0] Register server push request handler:com.alibaba.nacos.client.config.impl.ClientWorker$ConfigRpcTransportClient$$Lambda$335/1950136544
09:14:10.042 [main] INFO  c.a.n.c.r.client - [printIfInfoEnabled,60] - [69c500a9-dd09-421b-8a1e-660b75ce9a14_config-0] Register server push request handler:com.alibaba.nacos.client.config.impl.ClientWorker$ConfigRpcTransportClient$$Lambda$336/209360730
09:14:10.044 [main] INFO  c.a.n.c.r.client - [printIfInfoEnabled,60] - [69c500a9-dd09-421b-8a1e-660b75ce9a14_config-0] Registry connection listener to current client:com.alibaba.nacos.client.config.impl.ClientWorker$ConfigRpcTransportClient$1
09:14:10.045 [main] INFO  c.a.n.c.r.client - [printIfInfoEnabled,60] - [69c500a9-dd09-421b-8a1e-660b75ce9a14_config-0] RpcClient init, ServerListFactory = com.alibaba.nacos.client.config.impl.ClientWorker$ConfigRpcTransportClient$2
09:14:10.060 [main] INFO  c.a.n.c.r.client - [printIfInfoEnabled,60] - [69c500a9-dd09-421b-8a1e-660b75ce9a14_config-0] Try to connect to server on start up, server: {serverIp = '127.0.0.1', server main port = 8848}
09:14:15.010 [main] INFO  c.a.n.c.r.client - [printIfInfoEnabled,60] - [69c500a9-dd09-421b-8a1e-660b75ce9a14_config-0] Try to connect to server on start up, server: {serverIp = '127.0.0.1', server main port = 8848}
09:14:15.435 [main] INFO  c.a.n.c.r.client - [printIfInfoEnabled,60] - [69c500a9-dd09-421b-8a1e-660b75ce9a14_config-0] Success to connect to server [127.0.0.1:8848] on start up, connectionId = 1701047655139_127.0.0.1_9073
09:14:15.435 [com.alibaba.nacos.client.remote.worker] INFO  c.a.n.c.r.client - [printIfInfoEnabled,60] - [69c500a9-dd09-421b-8a1e-660b75ce9a14_config-0] Notify connected event to listeners.
09:14:15.436 [main] INFO  c.a.n.c.r.client - [printIfInfoEnabled,60] - [69c500a9-dd09-421b-8a1e-660b75ce9a14_config-0] Register server push request handler:com.alibaba.nacos.common.remote.client.RpcClient$ConnectResetRequestHandler
09:14:15.437 [main] INFO  c.a.n.c.r.client - [printIfInfoEnabled,60] - [69c500a9-dd09-421b-8a1e-660b75ce9a14_config-0] Register server push request handler:com.alibaba.nacos.common.remote.client.RpcClient$$Lambda$344/1997704619
09:14:15.650 [main] INFO  c.x.i.XmapInformationApplication - [logStartupProfileInfo,637] - The following 1 profile is active: "dev"
09:14:19.410 [main] INFO  o.a.c.c.AprLifecycleListener - [log,173] - Loaded Apache Tomcat Native library [1.2.32] using APR version [1.7.0].
09:14:19.410 [main] INFO  o.a.c.c.AprLifecycleListener - [log,173] - APR capabilities: IPv6 [true], sendfile [true], accept filters [false], random [true], UDS [true].
09:14:19.411 [main] INFO  o.a.c.c.AprLifecycleListener - [log,173] - APR/OpenSSL configuration: useAprConnector [false], useOpenSSL [true]
09:14:19.414 [main] INFO  o.a.c.c.AprLifecycleListener - [log,173] - OpenSSL successfully initialized [OpenSSL 1.1.1n  15 Mar 2022]
09:14:19.429 [main] INFO  o.a.c.h.Http11NioProtocol - [log,173] - Initializing ProtocolHandler ["http-nio-9211"]
09:14:19.429 [main] INFO  o.a.c.c.StandardService - [log,173] - Starting service [Tomcat]
09:14:19.429 [main] INFO  o.a.c.c.StandardEngine - [log,173] - Starting Servlet engine: [Apache Tomcat/9.0.70]
09:14:19.601 [main] INFO  o.a.c.c.C.[.[.[/] - [log,173] - Initializing Spring embedded WebApplicationContext
09:14:21.118 [main] INFO  c.a.d.p.DruidDataSource - [init,996] - {dataSource-1,master} inited
09:14:21.119 [main] INFO  c.b.d.d.DynamicRoutingDataSource - [addDataSource,154] - dynamic-datasource - add a datasource named [master] success
09:14:21.119 [main] INFO  c.b.d.d.DynamicRoutingDataSource - [afterPropertiesSet,234] - dynamic-datasource initial loaded [1] datasource,primary datasource named [master]
09:14:23.029 [main] INFO  c.a.c.s.SentinelWebMvcConfigurer - [addInterceptors,52] - [Sentinel Starter] register SentinelWebInterceptor with urlPatterns: [/**].
09:14:27.810 [main] INFO  c.a.n.c.r.client - [lambda$createClient$0,80] - [RpcClientFactory] create a new rpc client of f9051731-0977-492a-baf4-feac72ffd3eb
09:14:27.810 [main] INFO  c.a.n.c.r.client - [printIfInfoEnabled,60] - [f9051731-0977-492a-baf4-feac72ffd3eb] RpcClient init label, labels = {module=naming, source=sdk}
09:14:27.816 [main] INFO  c.a.n.c.r.client - [printIfInfoEnabled,60] - [f9051731-0977-492a-baf4-feac72ffd3eb] RpcClient init, ServerListFactory = com.alibaba.nacos.client.naming.core.ServerListManager
09:14:27.823 [main] INFO  c.a.n.c.r.client - [printIfInfoEnabled,60] - [f9051731-0977-492a-baf4-feac72ffd3eb] Registry connection listener to current client:com.alibaba.nacos.client.naming.remote.gprc.redo.NamingGrpcRedoService
09:14:27.824 [main] INFO  c.a.n.c.r.client - [printIfInfoEnabled,60] - [f9051731-0977-492a-baf4-feac72ffd3eb] Register server push request handler:com.alibaba.nacos.client.naming.remote.gprc.NamingPushRequestHandler
09:14:27.826 [main] INFO  c.a.n.c.r.client - [printIfInfoEnabled,60] - [f9051731-0977-492a-baf4-feac72ffd3eb] Try to connect to server on start up, server: {serverIp = '127.0.0.1', server main port = 8848}
09:14:27.946 [main] INFO  c.a.n.c.r.client - [printIfInfoEnabled,60] - [f9051731-0977-492a-baf4-feac72ffd3eb] Success to connect to server [127.0.0.1:8848] on start up, connectionId = 1701047667837_127.0.0.1_9166
09:14:27.946 [main] INFO  c.a.n.c.r.client - [printIfInfoEnabled,60] - [f9051731-0977-492a-baf4-feac72ffd3eb] Register server push request handler:com.alibaba.nacos.common.remote.client.RpcClient$ConnectResetRequestHandler
09:14:27.946 [com.alibaba.nacos.client.remote.worker] INFO  c.a.n.c.r.client - [printIfInfoEnabled,60] - [f9051731-0977-492a-baf4-feac72ffd3eb] Notify connected event to listeners.
09:14:27.946 [main] INFO  c.a.n.c.r.client - [printIfInfoEnabled,60] - [f9051731-0977-492a-baf4-feac72ffd3eb] Register server push request handler:com.alibaba.nacos.common.remote.client.RpcClient$$Lambda$344/1997704619
09:14:27.984 [main] INFO  o.a.c.h.Http11NioProtocol - [log,173] - Starting ProtocolHandler ["http-nio-9211"]
09:14:28.029 [main] INFO  c.a.c.n.r.NacosServiceRegistry - [register,75] - nacos registry, DEFAULT_GROUP xmap-information 10.100.60.135:9211 register finished
09:14:28.553 [nacos-grpc-client-executor-6] INFO  c.a.n.c.r.client - [printIfInfoEnabled,60] - [f9051731-0977-492a-baf4-feac72ffd3eb] Receive server push request, request = NotifySubscriberRequest, requestId = 6
09:14:28.560 [nacos-grpc-client-executor-6] INFO  c.a.n.c.r.client - [printIfInfoEnabled,60] - [f9051731-0977-492a-baf4-feac72ffd3eb] Ack server push request, request = NotifySubscriberRequest, requestId = 6
09:14:29.926 [main] INFO  c.x.i.XmapInformationApplication - [logStarted,61] - Started XmapInformationApplication in 24.245 seconds (JVM running for 26.819)
09:14:29.934 [main] INFO  c.a.c.n.r.NacosContextRefresher - [registerNacosListener,129] - [Nacos Config] Listening config: dataId=xmap-information-dev.yml, group=DEFAULT_GROUP
09:14:29.935 [main] INFO  c.a.c.n.r.NacosContextRefresher - [registerNacosListener,129] - [Nacos Config] Listening config: dataId=xmap-information.yml, group=DEFAULT_GROUP
09:14:29.935 [main] INFO  c.a.c.n.r.NacosContextRefresher - [registerNacosListener,129] - [Nacos Config] Listening config: dataId=xmap-information, group=DEFAULT_GROUP
09:14:32.445 [RMI TCP Connection(13)-192.168.137.1] INFO  o.a.c.c.C.[.[.[/] - [log,173] - Initializing Spring DispatcherServlet 'dispatcherServlet'
16:29:26.696 [SpringApplicationShutdownHook] INFO  c.a.c.n.r.NacosServiceRegistry - [deregister,94] - De-registering from Nacos Server now...
16:29:26.707 [SpringApplicationShutdownHook] INFO  c.a.c.n.r.NacosServiceRegistry - [deregister,114] - De-registration finished.
16:29:27.057 [SpringApplicationShutdownHook] INFO  c.a.n.c.r.client - [shutdown,454] - Shutdown rpc client, set status to shutdown
16:29:27.057 [SpringApplicationShutdownHook] INFO  c.a.n.c.r.client - [shutdown,456] - Shutdown client event executor java.util.concurrent.ScheduledThreadPoolExecutor@3bd8af41[Running, pool size = 2, active threads = 2, queued tasks = 0, completed tasks = 0]
16:29:27.057 [SpringApplicationShutdownHook] INFO  c.a.n.c.r.client - [closeConnection,591] - Close current connection 1701047667837_127.0.0.1_9166
16:29:27.059 [SpringApplicationShutdownHook] INFO  c.a.n.c.r.c.g.GrpcClient - [shutdown,85] - Shutdown grpc executor java.util.concurrent.ThreadPoolExecutor@2e7b0ca8[Running, pool size = 4, active threads = 0, queued tasks = 0, completed tasks = 5225]
16:29:27.408 [SpringApplicationShutdownHook] INFO  c.b.d.d.DynamicRoutingDataSource - [destroy,211] - dynamic-datasource start closing ....
16:29:27.429 [SpringApplicationShutdownHook] INFO  c.a.d.p.DruidDataSource - [close,2138] - {dataSource-1} closing ...
16:29:27.442 [SpringApplicationShutdownHook] INFO  c.a.d.p.DruidDataSource - [close,2211] - {dataSource-1} closed
16:29:27.443 [SpringApplicationShutdownHook] INFO  c.b.d.d.DynamicRoutingDataSource - [destroy,215] - dynamic-datasource all closed success,bye
16:29:47.854 [background-preinit] INFO  o.h.v.i.util.Version - [<clinit>,21] - HV000001: Hibernate Validator 6.2.5.Final
16:29:50.113 [main] INFO  c.a.n.c.r.client - [lambda$createClient$0,80] - [RpcClientFactory] create a new rpc client of 414020eb-1a37-4c19-9c3a-2e4ef96904cb_config-0
16:29:50.260 [main] INFO  o.r.Reflections - [scan,232] - Reflections took 89 ms to scan 1 urls, producing 3 keys and 6 values 
16:29:50.319 [main] INFO  o.r.Reflections - [scan,232] - Reflections took 18 ms to scan 1 urls, producing 4 keys and 9 values 
16:29:50.336 [main] INFO  o.r.Reflections - [scan,232] - Reflections took 14 ms to scan 1 urls, producing 3 keys and 10 values 
16:29:50.545 [main] INFO  o.r.Reflections - [scan,232] - Reflections took 206 ms to scan 204 urls, producing 0 keys and 0 values 
16:29:50.556 [main] INFO  o.r.Reflections - [scan,232] - Reflections took 10 ms to scan 1 urls, producing 1 keys and 5 values 
16:29:50.574 [main] INFO  o.r.Reflections - [scan,232] - Reflections took 15 ms to scan 1 urls, producing 1 keys and 7 values 
16:29:50.594 [main] INFO  o.r.Reflections - [scan,232] - Reflections took 16 ms to scan 1 urls, producing 2 keys and 8 values 
16:29:50.753 [main] INFO  o.r.Reflections - [scan,232] - Reflections took 157 ms to scan 204 urls, producing 0 keys and 0 values 
16:29:50.754 [main] INFO  c.a.n.c.r.client - [printIfInfoEnabled,60] - [414020eb-1a37-4c19-9c3a-2e4ef96904cb_config-0] RpcClient init label, labels = {module=config, Vipserver-Tag=null, source=sdk, Amory-Tag=null, Location-Tag=null, taskId=0, AppName=unknown}
16:29:50.755 [main] INFO  c.a.n.c.r.client - [printIfInfoEnabled,60] - [414020eb-1a37-4c19-9c3a-2e4ef96904cb_config-0] Register server push request handler:com.alibaba.nacos.client.config.impl.ClientWorker$ConfigRpcTransportClient$$Lambda$335/2144067911
16:29:50.755 [main] INFO  c.a.n.c.r.client - [printIfInfoEnabled,60] - [414020eb-1a37-4c19-9c3a-2e4ef96904cb_config-0] Register server push request handler:com.alibaba.nacos.client.config.impl.ClientWorker$ConfigRpcTransportClient$$Lambda$336/593447952
16:29:50.756 [main] INFO  c.a.n.c.r.client - [printIfInfoEnabled,60] - [414020eb-1a37-4c19-9c3a-2e4ef96904cb_config-0] Registry connection listener to current client:com.alibaba.nacos.client.config.impl.ClientWorker$ConfigRpcTransportClient$1
16:29:50.757 [main] INFO  c.a.n.c.r.client - [printIfInfoEnabled,60] - [414020eb-1a37-4c19-9c3a-2e4ef96904cb_config-0] RpcClient init, ServerListFactory = com.alibaba.nacos.client.config.impl.ClientWorker$ConfigRpcTransportClient$2
16:29:50.768 [main] INFO  c.a.n.c.r.client - [printIfInfoEnabled,60] - [414020eb-1a37-4c19-9c3a-2e4ef96904cb_config-0] Try to connect to server on start up, server: {serverIp = '127.0.0.1', server main port = 8848}
16:29:54.582 [main] INFO  c.a.n.c.r.client - [printIfInfoEnabled,60] - [414020eb-1a37-4c19-9c3a-2e4ef96904cb_config-0] Success to connect to server [127.0.0.1:8848] on start up, connectionId = 1701073794277_127.0.0.1_10519
16:29:54.583 [main] INFO  c.a.n.c.r.client - [printIfInfoEnabled,60] - [414020eb-1a37-4c19-9c3a-2e4ef96904cb_config-0] Register server push request handler:com.alibaba.nacos.common.remote.client.RpcClient$ConnectResetRequestHandler
16:29:54.583 [com.alibaba.nacos.client.remote.worker] INFO  c.a.n.c.r.client - [printIfInfoEnabled,60] - [414020eb-1a37-4c19-9c3a-2e4ef96904cb_config-0] Notify connected event to listeners.
16:29:54.584 [main] INFO  c.a.n.c.r.client - [printIfInfoEnabled,60] - [414020eb-1a37-4c19-9c3a-2e4ef96904cb_config-0] Register server push request handler:com.alibaba.nacos.common.remote.client.RpcClient$$Lambda$344/1538849250
16:29:54.759 [main] INFO  c.x.i.XmapInformationApplication - [logStartupProfileInfo,637] - The following 1 profile is active: "dev"
16:29:59.785 [main] INFO  o.a.c.c.AprLifecycleListener - [log,173] - Loaded Apache Tomcat Native library [1.2.32] using APR version [1.7.0].
16:29:59.785 [main] INFO  o.a.c.c.AprLifecycleListener - [log,173] - APR capabilities: IPv6 [true], sendfile [true], accept filters [false], random [true], UDS [true].
16:29:59.785 [main] INFO  o.a.c.c.AprLifecycleListener - [log,173] - APR/OpenSSL configuration: useAprConnector [false], useOpenSSL [true]
16:29:59.790 [main] INFO  o.a.c.c.AprLifecycleListener - [log,173] - OpenSSL successfully initialized [OpenSSL 1.1.1n  15 Mar 2022]
16:29:59.808 [main] INFO  o.a.c.h.Http11NioProtocol - [log,173] - Initializing ProtocolHandler ["http-nio-9211"]
16:29:59.808 [main] INFO  o.a.c.c.StandardService - [log,173] - Starting service [Tomcat]
16:29:59.808 [main] INFO  o.a.c.c.StandardEngine - [log,173] - Starting Servlet engine: [Apache Tomcat/9.0.70]
16:30:00.274 [main] INFO  o.a.c.c.C.[.[.[/] - [log,173] - Initializing Spring embedded WebApplicationContext
16:30:02.784 [main] INFO  c.a.d.p.DruidDataSource - [init,996] - {dataSource-1,master} inited
16:30:02.785 [main] INFO  c.b.d.d.DynamicRoutingDataSource - [addDataSource,154] - dynamic-datasource - add a datasource named [master] success
16:30:02.785 [main] INFO  c.b.d.d.DynamicRoutingDataSource - [afterPropertiesSet,234] - dynamic-datasource initial loaded [1] datasource,primary datasource named [master]
16:30:05.047 [main] INFO  c.a.c.s.SentinelWebMvcConfigurer - [addInterceptors,52] - [Sentinel Starter] register SentinelWebInterceptor with urlPatterns: [/**].
16:30:10.730 [main] INFO  c.a.n.c.r.client - [lambda$createClient$0,80] - [RpcClientFactory] create a new rpc client of 650d36c9-2f04-4cf3-88df-fc5a4c2c85f8
16:30:10.730 [main] INFO  c.a.n.c.r.client - [printIfInfoEnabled,60] - [650d36c9-2f04-4cf3-88df-fc5a4c2c85f8] RpcClient init label, labels = {module=naming, source=sdk}
16:30:10.755 [main] INFO  c.a.n.c.r.client - [printIfInfoEnabled,60] - [650d36c9-2f04-4cf3-88df-fc5a4c2c85f8] RpcClient init, ServerListFactory = com.alibaba.nacos.client.naming.core.ServerListManager
16:30:10.755 [main] INFO  c.a.n.c.r.client - [printIfInfoEnabled,60] - [650d36c9-2f04-4cf3-88df-fc5a4c2c85f8] Registry connection listener to current client:com.alibaba.nacos.client.naming.remote.gprc.redo.NamingGrpcRedoService
16:30:10.755 [main] INFO  c.a.n.c.r.client - [printIfInfoEnabled,60] - [650d36c9-2f04-4cf3-88df-fc5a4c2c85f8] Register server push request handler:com.alibaba.nacos.client.naming.remote.gprc.NamingPushRequestHandler
16:30:10.756 [main] INFO  c.a.n.c.r.client - [printIfInfoEnabled,60] - [650d36c9-2f04-4cf3-88df-fc5a4c2c85f8] Try to connect to server on start up, server: {serverIp = '127.0.0.1', server main port = 8848}
16:30:10.878 [main] INFO  c.a.n.c.r.client - [printIfInfoEnabled,60] - [650d36c9-2f04-4cf3-88df-fc5a4c2c85f8] Success to connect to server [127.0.0.1:8848] on start up, connectionId = 1701073810761_127.0.0.1_10538
16:30:10.878 [main] INFO  c.a.n.c.r.client - [printIfInfoEnabled,60] - [650d36c9-2f04-4cf3-88df-fc5a4c2c85f8] Register server push request handler:com.alibaba.nacos.common.remote.client.RpcClient$ConnectResetRequestHandler
16:30:10.878 [com.alibaba.nacos.client.remote.worker] INFO  c.a.n.c.r.client - [printIfInfoEnabled,60] - [650d36c9-2f04-4cf3-88df-fc5a4c2c85f8] Notify connected event to listeners.
16:30:10.878 [main] INFO  c.a.n.c.r.client - [printIfInfoEnabled,60] - [650d36c9-2f04-4cf3-88df-fc5a4c2c85f8] Register server push request handler:com.alibaba.nacos.common.remote.client.RpcClient$$Lambda$344/1538849250
16:30:10.965 [main] INFO  o.a.c.h.Http11NioProtocol - [log,173] - Starting ProtocolHandler ["http-nio-9211"]
16:30:11.010 [main] INFO  c.a.c.n.r.NacosServiceRegistry - [register,75] - nacos registry, DEFAULT_GROUP xmap-information 10.100.60.135:9211 register finished
16:30:11.658 [nacos-grpc-client-executor-6] INFO  c.a.n.c.r.client - [printIfInfoEnabled,60] - [650d36c9-2f04-4cf3-88df-fc5a4c2c85f8] Receive server push request, request = NotifySubscriberRequest, requestId = 12
16:30:11.662 [nacos-grpc-client-executor-6] INFO  c.a.n.c.r.client - [printIfInfoEnabled,60] - [650d36c9-2f04-4cf3-88df-fc5a4c2c85f8] Ack server push request, request = NotifySubscriberRequest, requestId = 12
16:30:12.922 [main] INFO  c.x.i.XmapInformationApplication - [logStarted,61] - Started XmapInformationApplication in 26.973 seconds (JVM running for 30.325)
16:30:12.932 [main] INFO  c.a.c.n.r.NacosContextRefresher - [registerNacosListener,129] - [Nacos Config] Listening config: dataId=xmap-information-dev.yml, group=DEFAULT_GROUP
16:30:12.934 [main] INFO  c.a.c.n.r.NacosContextRefresher - [registerNacosListener,129] - [Nacos Config] Listening config: dataId=xmap-information.yml, group=DEFAULT_GROUP
16:30:12.935 [main] INFO  c.a.c.n.r.NacosContextRefresher - [registerNacosListener,129] - [Nacos Config] Listening config: dataId=xmap-information, group=DEFAULT_GROUP
16:30:13.777 [RMI TCP Connection(2)-192.168.137.1] INFO  o.a.c.c.C.[.[.[/] - [log,173] - Initializing Spring DispatcherServlet 'dispatcherServlet'
