09:28:02.253 [background-preinit] INFO  o.h.v.i.util.Version - [<clinit>,21] - HV000001: Hibernate Validator 6.2.5.Final
09:28:05.149 [main] INFO  c.a.n.c.r.client - [lambda$createClient$0,80] - [RpcClientFactory] create a new rpc client of 997bbb9f-a637-405c-b6c7-fee294244992_config-0
09:28:05.237 [main] INFO  o.r.Reflections - [scan,232] - Reflections took 56 ms to scan 1 urls, producing 3 keys and 6 values 
09:28:05.282 [main] INFO  o.r.Reflections - [scan,232] - Reflections took 23 ms to scan 1 urls, producing 4 keys and 9 values 
09:28:05.320 [main] INFO  o.r.Reflections - [scan,232] - Reflections took 32 ms to scan 1 urls, producing 3 keys and 10 values 
09:28:05.682 [main] INFO  o.r.Reflections - [scan,232] - Reflections took 355 ms to scan 204 urls, producing 0 keys and 0 values 
09:28:05.703 [main] INFO  o.r.Reflections - [scan,232] - Reflections took 19 ms to scan 1 urls, producing 1 keys and 5 values 
09:28:05.731 [main] INFO  o.r.Reflections - [scan,232] - Reflections took 24 ms to scan 1 urls, producing 1 keys and 7 values 
09:28:05.756 [main] INFO  o.r.Reflections - [scan,232] - Reflections took 22 ms to scan 1 urls, producing 2 keys and 8 values 
09:28:06.012 [main] INFO  o.r.Reflections - [scan,232] - Reflections took 252 ms to scan 204 urls, producing 0 keys and 0 values 
09:28:06.013 [main] INFO  c.a.n.c.r.client - [printIfInfoEnabled,60] - [997bbb9f-a637-405c-b6c7-fee294244992_config-0] RpcClient init label, labels = {module=config, Vipserver-Tag=null, source=sdk, Amory-Tag=null, Location-Tag=null, taskId=0, AppName=unknown}
09:28:06.014 [main] INFO  c.a.n.c.r.client - [printIfInfoEnabled,60] - [997bbb9f-a637-405c-b6c7-fee294244992_config-0] Register server push request handler:com.alibaba.nacos.client.config.impl.ClientWorker$ConfigRpcTransportClient$$Lambda$335/1950136544
09:28:06.015 [main] INFO  c.a.n.c.r.client - [printIfInfoEnabled,60] - [997bbb9f-a637-405c-b6c7-fee294244992_config-0] Register server push request handler:com.alibaba.nacos.client.config.impl.ClientWorker$ConfigRpcTransportClient$$Lambda$336/209360730
09:28:06.015 [main] INFO  c.a.n.c.r.client - [printIfInfoEnabled,60] - [997bbb9f-a637-405c-b6c7-fee294244992_config-0] Registry connection listener to current client:com.alibaba.nacos.client.config.impl.ClientWorker$ConfigRpcTransportClient$1
09:28:06.016 [main] INFO  c.a.n.c.r.client - [printIfInfoEnabled,60] - [997bbb9f-a637-405c-b6c7-fee294244992_config-0] RpcClient init, ServerListFactory = com.alibaba.nacos.client.config.impl.ClientWorker$ConfigRpcTransportClient$2
09:28:06.027 [main] INFO  c.a.n.c.r.client - [printIfInfoEnabled,60] - [997bbb9f-a637-405c-b6c7-fee294244992_config-0] Try to connect to server on start up, server: {serverIp = '127.0.0.1', server main port = 8848}
09:28:10.489 [main] INFO  c.a.n.c.r.client - [printIfInfoEnabled,60] - [997bbb9f-a637-405c-b6c7-fee294244992_config-0] Success to connect to server [127.0.0.1:8848] on start up, connectionId = 1702517290128_127.0.0.1_13559
09:28:10.490 [com.alibaba.nacos.client.remote.worker] INFO  c.a.n.c.r.client - [printIfInfoEnabled,60] - [997bbb9f-a637-405c-b6c7-fee294244992_config-0] Notify connected event to listeners.
09:28:10.490 [main] INFO  c.a.n.c.r.client - [printIfInfoEnabled,60] - [997bbb9f-a637-405c-b6c7-fee294244992_config-0] Register server push request handler:com.alibaba.nacos.common.remote.client.RpcClient$ConnectResetRequestHandler
09:28:10.492 [main] INFO  c.a.n.c.r.client - [printIfInfoEnabled,60] - [997bbb9f-a637-405c-b6c7-fee294244992_config-0] Register server push request handler:com.alibaba.nacos.common.remote.client.RpcClient$$Lambda$344/1601756706
09:28:10.662 [main] INFO  c.x.i.XmapInformationApplication - [logStartupProfileInfo,637] - The following 1 profile is active: "dev"
09:28:16.826 [main] INFO  o.a.c.c.AprLifecycleListener - [log,173] - Loaded Apache Tomcat Native library [1.2.32] using APR version [1.7.0].
09:28:16.826 [main] INFO  o.a.c.c.AprLifecycleListener - [log,173] - APR capabilities: IPv6 [true], sendfile [true], accept filters [false], random [true], UDS [true].
09:28:16.826 [main] INFO  o.a.c.c.AprLifecycleListener - [log,173] - APR/OpenSSL configuration: useAprConnector [false], useOpenSSL [true]
09:28:16.834 [main] INFO  o.a.c.c.AprLifecycleListener - [log,173] - OpenSSL successfully initialized [OpenSSL 1.1.1n  15 Mar 2022]
09:28:16.865 [main] INFO  o.a.c.h.Http11NioProtocol - [log,173] - Initializing ProtocolHandler ["http-nio-9211"]
09:28:16.866 [main] INFO  o.a.c.c.StandardService - [log,173] - Starting service [Tomcat]
09:28:16.867 [main] INFO  o.a.c.c.StandardEngine - [log,173] - Starting Servlet engine: [Apache Tomcat/9.0.70]
09:28:17.295 [main] INFO  o.a.c.c.C.[.[.[/] - [log,173] - Initializing Spring embedded WebApplicationContext
09:28:19.857 [main] INFO  c.a.d.p.DruidDataSource - [init,996] - {dataSource-1,master} inited
09:28:19.858 [main] INFO  c.b.d.d.DynamicRoutingDataSource - [addDataSource,154] - dynamic-datasource - add a datasource named [master] success
09:28:19.858 [main] INFO  c.b.d.d.DynamicRoutingDataSource - [afterPropertiesSet,234] - dynamic-datasource initial loaded [1] datasource,primary datasource named [master]
09:28:22.375 [main] INFO  c.a.c.s.SentinelWebMvcConfigurer - [addInterceptors,52] - [Sentinel Starter] register SentinelWebInterceptor with urlPatterns: [/**].
09:28:30.512 [main] INFO  c.a.n.c.r.client - [lambda$createClient$0,80] - [RpcClientFactory] create a new rpc client of 180d82e9-681e-4dc4-919e-2291388e316f
09:28:30.512 [main] INFO  c.a.n.c.r.client - [printIfInfoEnabled,60] - [180d82e9-681e-4dc4-919e-2291388e316f] RpcClient init label, labels = {module=naming, source=sdk}
09:28:30.514 [main] INFO  c.a.n.c.r.client - [printIfInfoEnabled,60] - [180d82e9-681e-4dc4-919e-2291388e316f] RpcClient init, ServerListFactory = com.alibaba.nacos.client.naming.core.ServerListManager
09:28:30.514 [main] INFO  c.a.n.c.r.client - [printIfInfoEnabled,60] - [180d82e9-681e-4dc4-919e-2291388e316f] Registry connection listener to current client:com.alibaba.nacos.client.naming.remote.gprc.redo.NamingGrpcRedoService
09:28:30.514 [main] INFO  c.a.n.c.r.client - [printIfInfoEnabled,60] - [180d82e9-681e-4dc4-919e-2291388e316f] Register server push request handler:com.alibaba.nacos.client.naming.remote.gprc.NamingPushRequestHandler
09:28:30.515 [main] INFO  c.a.n.c.r.client - [printIfInfoEnabled,60] - [180d82e9-681e-4dc4-919e-2291388e316f] Try to connect to server on start up, server: {serverIp = '127.0.0.1', server main port = 8848}
09:28:30.641 [main] INFO  c.a.n.c.r.client - [printIfInfoEnabled,60] - [180d82e9-681e-4dc4-919e-2291388e316f] Success to connect to server [127.0.0.1:8848] on start up, connectionId = 1702517310521_127.0.0.1_13723
09:28:30.641 [main] INFO  c.a.n.c.r.client - [printIfInfoEnabled,60] - [180d82e9-681e-4dc4-919e-2291388e316f] Register server push request handler:com.alibaba.nacos.common.remote.client.RpcClient$ConnectResetRequestHandler
09:28:30.641 [com.alibaba.nacos.client.remote.worker] INFO  c.a.n.c.r.client - [printIfInfoEnabled,60] - [180d82e9-681e-4dc4-919e-2291388e316f] Notify connected event to listeners.
09:28:30.641 [main] INFO  c.a.n.c.r.client - [printIfInfoEnabled,60] - [180d82e9-681e-4dc4-919e-2291388e316f] Register server push request handler:com.alibaba.nacos.common.remote.client.RpcClient$$Lambda$344/1601756706
09:28:30.679 [main] INFO  o.a.c.h.Http11NioProtocol - [log,173] - Starting ProtocolHandler ["http-nio-9211"]
09:28:30.729 [main] INFO  c.a.c.n.r.NacosServiceRegistry - [register,75] - nacos registry, DEFAULT_GROUP xmap-information 10.100.60.135:9211 register finished
09:28:31.225 [nacos-grpc-client-executor-8] INFO  c.a.n.c.r.client - [printIfInfoEnabled,60] - [180d82e9-681e-4dc4-919e-2291388e316f] Receive server push request, request = NotifySubscriberRequest, requestId = 5
09:28:31.233 [nacos-grpc-client-executor-8] INFO  c.a.n.c.r.client - [printIfInfoEnabled,60] - [180d82e9-681e-4dc4-919e-2291388e316f] Ack server push request, request = NotifySubscriberRequest, requestId = 5
09:28:33.544 [main] INFO  c.x.i.XmapInformationApplication - [logStarted,61] - Started XmapInformationApplication in 33.689 seconds (JVM running for 36.125)
09:28:33.559 [main] INFO  c.a.c.n.r.NacosContextRefresher - [registerNacosListener,129] - [Nacos Config] Listening config: dataId=xmap-information-dev.yml, group=DEFAULT_GROUP
09:28:33.559 [main] INFO  c.a.c.n.r.NacosContextRefresher - [registerNacosListener,129] - [Nacos Config] Listening config: dataId=xmap-information.yml, group=DEFAULT_GROUP
09:28:33.560 [main] INFO  c.a.c.n.r.NacosContextRefresher - [registerNacosListener,129] - [Nacos Config] Listening config: dataId=xmap-information, group=DEFAULT_GROUP
09:28:34.586 [RMI TCP Connection(5)-192.168.137.1] INFO  o.a.c.c.C.[.[.[/] - [log,173] - Initializing Spring DispatcherServlet 'dispatcherServlet'
