10:15:21.738 [background-preinit] INFO  o.h.v.i.util.Version - [<clinit>,21] - HV000001: Hibernate Validator 6.2.5.Final
10:15:23.519 [main] INFO  c.a.n.c.r.client - [lambda$createClient$0,80] - [RpcClientFactory] create a new rpc client of dc5f995b-9387-4e37-bfa5-7f59289447fd_config-0
10:15:23.593 [main] INFO  o.r.Reflections - [scan,232] - Reflections took 50 ms to scan 1 urls, producing 3 keys and 6 values 
10:15:23.626 [main] INFO  o.r.Reflections - [scan,232] - Reflections took 16 ms to scan 1 urls, producing 4 keys and 9 values 
10:15:23.643 [main] INFO  o.r.Reflections - [scan,232] - Reflections took 14 ms to scan 1 urls, producing 3 keys and 10 values 
10:15:23.923 [main] INFO  o.r.Reflections - [scan,232] - Reflections took 274 ms to scan 199 urls, producing 0 keys and 0 values 
10:15:23.936 [main] INFO  o.r.Reflections - [scan,232] - Reflections took 11 ms to scan 1 urls, producing 1 keys and 5 values 
10:15:23.954 [main] INFO  o.r.Reflections - [scan,232] - Reflections took 15 ms to scan 1 urls, producing 1 keys and 7 values 
10:15:23.973 [main] INFO  o.r.Reflections - [scan,232] - Reflections took 16 ms to scan 1 urls, producing 2 keys and 8 values 
10:15:24.165 [main] INFO  o.r.Reflections - [scan,232] - Reflections took 189 ms to scan 199 urls, producing 0 keys and 0 values 
10:15:24.166 [main] INFO  c.a.n.c.r.client - [printIfInfoEnabled,60] - [dc5f995b-9387-4e37-bfa5-7f59289447fd_config-0] RpcClient init label, labels = {module=config, Vipserver-Tag=null, source=sdk, Amory-Tag=null, Location-Tag=null, taskId=0, AppName=unknown}
10:15:24.167 [main] INFO  c.a.n.c.r.client - [printIfInfoEnabled,60] - [dc5f995b-9387-4e37-bfa5-7f59289447fd_config-0] Register server push request handler:com.alibaba.nacos.client.config.impl.ClientWorker$ConfigRpcTransportClient$$Lambda$335/1752535057
10:15:24.167 [main] INFO  c.a.n.c.r.client - [printIfInfoEnabled,60] - [dc5f995b-9387-4e37-bfa5-7f59289447fd_config-0] Register server push request handler:com.alibaba.nacos.client.config.impl.ClientWorker$ConfigRpcTransportClient$$Lambda$336/2116299597
10:15:24.168 [main] INFO  c.a.n.c.r.client - [printIfInfoEnabled,60] - [dc5f995b-9387-4e37-bfa5-7f59289447fd_config-0] Registry connection listener to current client:com.alibaba.nacos.client.config.impl.ClientWorker$ConfigRpcTransportClient$1
10:15:24.169 [main] INFO  c.a.n.c.r.client - [printIfInfoEnabled,60] - [dc5f995b-9387-4e37-bfa5-7f59289447fd_config-0] RpcClient init, ServerListFactory = com.alibaba.nacos.client.config.impl.ClientWorker$ConfigRpcTransportClient$2
10:15:24.178 [main] INFO  c.a.n.c.r.client - [printIfInfoEnabled,60] - [dc5f995b-9387-4e37-bfa5-7f59289447fd_config-0] Try to connect to server on start up, server: {serverIp = '127.0.0.1', server main port = 8848}
10:15:27.668 [main] INFO  c.a.n.c.r.client - [printIfInfoEnabled,60] - [dc5f995b-9387-4e37-bfa5-7f59289447fd_config-0] Success to connect to server [127.0.0.1:8848] on start up, connectionId = 1699582527371_127.0.0.1_11823
10:15:27.669 [com.alibaba.nacos.client.remote.worker] INFO  c.a.n.c.r.client - [printIfInfoEnabled,60] - [dc5f995b-9387-4e37-bfa5-7f59289447fd_config-0] Notify connected event to listeners.
10:15:27.669 [main] INFO  c.a.n.c.r.client - [printIfInfoEnabled,60] - [dc5f995b-9387-4e37-bfa5-7f59289447fd_config-0] Register server push request handler:com.alibaba.nacos.common.remote.client.RpcClient$ConnectResetRequestHandler
10:15:27.669 [main] INFO  c.a.n.c.r.client - [printIfInfoEnabled,60] - [dc5f995b-9387-4e37-bfa5-7f59289447fd_config-0] Register server push request handler:com.alibaba.nacos.common.remote.client.RpcClient$$Lambda$344/812168041
10:15:27.752 [main] INFO  c.x.i.XmapInformationApplication - [logStartupProfileInfo,637] - The following 1 profile is active: "dev"
10:15:32.160 [main] INFO  o.a.c.c.AprLifecycleListener - [log,173] - Loaded Apache Tomcat Native library [1.2.32] using APR version [1.7.0].
10:15:32.161 [main] INFO  o.a.c.c.AprLifecycleListener - [log,173] - APR capabilities: IPv6 [true], sendfile [true], accept filters [false], random [true], UDS [true].
10:15:32.161 [main] INFO  o.a.c.c.AprLifecycleListener - [log,173] - APR/OpenSSL configuration: useAprConnector [false], useOpenSSL [true]
10:15:32.165 [main] INFO  o.a.c.c.AprLifecycleListener - [log,173] - OpenSSL successfully initialized [OpenSSL 1.1.1n  15 Mar 2022]
10:15:32.180 [main] INFO  o.a.c.h.Http11NioProtocol - [log,173] - Initializing ProtocolHandler ["http-nio-9211"]
10:15:32.180 [main] INFO  o.a.c.c.StandardService - [log,173] - Starting service [Tomcat]
10:15:32.181 [main] INFO  o.a.c.c.StandardEngine - [log,173] - Starting Servlet engine: [Apache Tomcat/9.0.70]
10:15:32.372 [main] INFO  o.a.c.c.C.[.[.[/] - [log,173] - Initializing Spring embedded WebApplicationContext
10:15:33.875 [main] INFO  c.a.d.p.DruidDataSource - [init,996] - {dataSource-1,master} inited
10:15:33.877 [main] INFO  c.b.d.d.DynamicRoutingDataSource - [addDataSource,154] - dynamic-datasource - add a datasource named [master] success
10:15:33.877 [main] INFO  c.b.d.d.DynamicRoutingDataSource - [afterPropertiesSet,234] - dynamic-datasource initial loaded [1] datasource,primary datasource named [master]
10:15:35.557 [main] INFO  c.a.c.s.SentinelWebMvcConfigurer - [addInterceptors,52] - [Sentinel Starter] register SentinelWebInterceptor with urlPatterns: [/**].
10:15:41.046 [main] INFO  c.a.n.c.r.client - [lambda$createClient$0,80] - [RpcClientFactory] create a new rpc client of eeba5596-e8e8-4cfc-a11d-b7e23b41b745
10:15:41.047 [main] INFO  c.a.n.c.r.client - [printIfInfoEnabled,60] - [eeba5596-e8e8-4cfc-a11d-b7e23b41b745] RpcClient init label, labels = {module=naming, source=sdk}
10:15:41.048 [main] INFO  c.a.n.c.r.client - [printIfInfoEnabled,60] - [eeba5596-e8e8-4cfc-a11d-b7e23b41b745] RpcClient init, ServerListFactory = com.alibaba.nacos.client.naming.core.ServerListManager
10:15:41.049 [main] INFO  c.a.n.c.r.client - [printIfInfoEnabled,60] - [eeba5596-e8e8-4cfc-a11d-b7e23b41b745] Registry connection listener to current client:com.alibaba.nacos.client.naming.remote.gprc.redo.NamingGrpcRedoService
10:15:41.049 [main] INFO  c.a.n.c.r.client - [printIfInfoEnabled,60] - [eeba5596-e8e8-4cfc-a11d-b7e23b41b745] Register server push request handler:com.alibaba.nacos.client.naming.remote.gprc.NamingPushRequestHandler
10:15:41.049 [main] INFO  c.a.n.c.r.client - [printIfInfoEnabled,60] - [eeba5596-e8e8-4cfc-a11d-b7e23b41b745] Try to connect to server on start up, server: {serverIp = '127.0.0.1', server main port = 8848}
10:15:41.165 [main] INFO  c.a.n.c.r.client - [printIfInfoEnabled,60] - [eeba5596-e8e8-4cfc-a11d-b7e23b41b745] Success to connect to server [127.0.0.1:8848] on start up, connectionId = 1699582541054_127.0.0.1_11884
10:15:41.165 [com.alibaba.nacos.client.remote.worker] INFO  c.a.n.c.r.client - [printIfInfoEnabled,60] - [eeba5596-e8e8-4cfc-a11d-b7e23b41b745] Notify connected event to listeners.
10:15:41.165 [main] INFO  c.a.n.c.r.client - [printIfInfoEnabled,60] - [eeba5596-e8e8-4cfc-a11d-b7e23b41b745] Register server push request handler:com.alibaba.nacos.common.remote.client.RpcClient$ConnectResetRequestHandler
10:15:41.165 [main] INFO  c.a.n.c.r.client - [printIfInfoEnabled,60] - [eeba5596-e8e8-4cfc-a11d-b7e23b41b745] Register server push request handler:com.alibaba.nacos.common.remote.client.RpcClient$$Lambda$344/812168041
10:15:41.203 [main] INFO  o.a.c.h.Http11NioProtocol - [log,173] - Starting ProtocolHandler ["http-nio-9211"]
10:15:41.241 [main] INFO  c.a.c.n.r.NacosServiceRegistry - [register,75] - nacos registry, DEFAULT_GROUP xmap-information 10.100.60.135:9211 register finished
10:15:41.721 [nacos-grpc-client-executor-8] INFO  c.a.n.c.r.client - [printIfInfoEnabled,60] - [eeba5596-e8e8-4cfc-a11d-b7e23b41b745] Receive server push request, request = NotifySubscriberRequest, requestId = 7
10:15:41.727 [nacos-grpc-client-executor-8] INFO  c.a.n.c.r.client - [printIfInfoEnabled,60] - [eeba5596-e8e8-4cfc-a11d-b7e23b41b745] Ack server push request, request = NotifySubscriberRequest, requestId = 7
10:15:43.065 [main] INFO  c.x.i.XmapInformationApplication - [logStarted,61] - Started XmapInformationApplication in 23.017 seconds (JVM running for 25.182)
10:15:43.074 [main] INFO  c.a.c.n.r.NacosContextRefresher - [registerNacosListener,129] - [Nacos Config] Listening config: dataId=xmap-information-dev.yml, group=DEFAULT_GROUP
10:15:43.075 [main] INFO  c.a.c.n.r.NacosContextRefresher - [registerNacosListener,129] - [Nacos Config] Listening config: dataId=xmap-information.yml, group=DEFAULT_GROUP
10:15:43.075 [main] INFO  c.a.c.n.r.NacosContextRefresher - [registerNacosListener,129] - [Nacos Config] Listening config: dataId=xmap-information, group=DEFAULT_GROUP
10:15:43.934 [RMI TCP Connection(6)-192.168.137.1] INFO  o.a.c.c.C.[.[.[/] - [log,173] - Initializing Spring DispatcherServlet 'dispatcherServlet'
11:11:31.238 [SpringApplicationShutdownHook] INFO  c.a.c.n.r.NacosServiceRegistry - [deregister,94] - De-registering from Nacos Server now...
11:11:31.244 [SpringApplicationShutdownHook] INFO  c.a.c.n.r.NacosServiceRegistry - [deregister,114] - De-registration finished.
11:11:31.581 [SpringApplicationShutdownHook] INFO  c.a.n.c.r.client - [shutdown,454] - Shutdown rpc client, set status to shutdown
11:11:31.581 [SpringApplicationShutdownHook] INFO  c.a.n.c.r.client - [shutdown,456] - Shutdown client event executor java.util.concurrent.ScheduledThreadPoolExecutor@7c51a3f2[Running, pool size = 2, active threads = 2, queued tasks = 0, completed tasks = 0]
11:11:31.582 [SpringApplicationShutdownHook] INFO  c.a.n.c.r.client - [closeConnection,591] - Close current connection 1699582541054_127.0.0.1_11884
11:11:31.583 [nacos-grpc-client-executor-683] INFO  c.a.n.c.r.c.g.GrpcClient - [printIfInfoEnabled,60] - [1699582541054_127.0.0.1_11884]Ignore complete event,isRunning:false,isAbandon=false
11:11:31.621 [SpringApplicationShutdownHook] INFO  c.a.n.c.r.c.g.GrpcClient - [shutdown,85] - Shutdown grpc executor java.util.concurrent.ThreadPoolExecutor@7f5f4b54[Running, pool size = 5, active threads = 0, queued tasks = 0, completed tasks = 684]
11:11:31.778 [SpringApplicationShutdownHook] INFO  c.b.d.d.DynamicRoutingDataSource - [destroy,211] - dynamic-datasource start closing ....
11:11:31.787 [SpringApplicationShutdownHook] INFO  c.a.d.p.DruidDataSource - [close,2138] - {dataSource-1} closing ...
11:11:31.819 [SpringApplicationShutdownHook] INFO  c.a.d.p.DruidDataSource - [close,2211] - {dataSource-1} closed
11:11:31.820 [SpringApplicationShutdownHook] INFO  c.b.d.d.DynamicRoutingDataSource - [destroy,215] - dynamic-datasource all closed success,bye
11:11:42.528 [background-preinit] INFO  o.h.v.i.util.Version - [<clinit>,21] - HV000001: Hibernate Validator 6.2.5.Final
11:11:43.896 [main] INFO  c.a.n.c.r.client - [lambda$createClient$0,80] - [RpcClientFactory] create a new rpc client of e88f608b-090e-4f42-8ce9-2c12d4fe1ac2_config-0
11:11:43.937 [main] INFO  o.r.Reflections - [scan,232] - Reflections took 27 ms to scan 1 urls, producing 3 keys and 6 values 
11:11:43.961 [main] INFO  o.r.Reflections - [scan,232] - Reflections took 13 ms to scan 1 urls, producing 4 keys and 9 values 
11:11:43.974 [main] INFO  o.r.Reflections - [scan,232] - Reflections took 11 ms to scan 1 urls, producing 3 keys and 10 values 
11:11:44.144 [main] INFO  o.r.Reflections - [scan,232] - Reflections took 167 ms to scan 199 urls, producing 0 keys and 0 values 
11:11:44.154 [main] INFO  o.r.Reflections - [scan,232] - Reflections took 9 ms to scan 1 urls, producing 1 keys and 5 values 
11:11:44.165 [main] INFO  o.r.Reflections - [scan,232] - Reflections took 9 ms to scan 1 urls, producing 1 keys and 7 values 
11:11:44.183 [main] INFO  o.r.Reflections - [scan,232] - Reflections took 15 ms to scan 1 urls, producing 2 keys and 8 values 
11:11:44.333 [main] INFO  o.r.Reflections - [scan,232] - Reflections took 148 ms to scan 199 urls, producing 0 keys and 0 values 
11:11:44.334 [main] INFO  c.a.n.c.r.client - [printIfInfoEnabled,60] - [e88f608b-090e-4f42-8ce9-2c12d4fe1ac2_config-0] RpcClient init label, labels = {module=config, Vipserver-Tag=null, source=sdk, Amory-Tag=null, Location-Tag=null, taskId=0, AppName=unknown}
11:11:44.334 [main] INFO  c.a.n.c.r.client - [printIfInfoEnabled,60] - [e88f608b-090e-4f42-8ce9-2c12d4fe1ac2_config-0] Register server push request handler:com.alibaba.nacos.client.config.impl.ClientWorker$ConfigRpcTransportClient$$Lambda$335/1752535057
11:11:44.335 [main] INFO  c.a.n.c.r.client - [printIfInfoEnabled,60] - [e88f608b-090e-4f42-8ce9-2c12d4fe1ac2_config-0] Register server push request handler:com.alibaba.nacos.client.config.impl.ClientWorker$ConfigRpcTransportClient$$Lambda$336/2116299597
11:11:44.335 [main] INFO  c.a.n.c.r.client - [printIfInfoEnabled,60] - [e88f608b-090e-4f42-8ce9-2c12d4fe1ac2_config-0] Registry connection listener to current client:com.alibaba.nacos.client.config.impl.ClientWorker$ConfigRpcTransportClient$1
11:11:44.336 [main] INFO  c.a.n.c.r.client - [printIfInfoEnabled,60] - [e88f608b-090e-4f42-8ce9-2c12d4fe1ac2_config-0] RpcClient init, ServerListFactory = com.alibaba.nacos.client.config.impl.ClientWorker$ConfigRpcTransportClient$2
11:11:44.342 [main] INFO  c.a.n.c.r.client - [printIfInfoEnabled,60] - [e88f608b-090e-4f42-8ce9-2c12d4fe1ac2_config-0] Try to connect to server on start up, server: {serverIp = '127.0.0.1', server main port = 8848}
11:11:47.164 [main] INFO  c.a.n.c.r.client - [printIfInfoEnabled,60] - [e88f608b-090e-4f42-8ce9-2c12d4fe1ac2_config-0] Success to connect to server [127.0.0.1:8848] on start up, connectionId = 1699585906913_127.0.0.1_1518
11:11:47.165 [com.alibaba.nacos.client.remote.worker] INFO  c.a.n.c.r.client - [printIfInfoEnabled,60] - [e88f608b-090e-4f42-8ce9-2c12d4fe1ac2_config-0] Notify connected event to listeners.
11:11:47.165 [main] INFO  c.a.n.c.r.client - [printIfInfoEnabled,60] - [e88f608b-090e-4f42-8ce9-2c12d4fe1ac2_config-0] Register server push request handler:com.alibaba.nacos.common.remote.client.RpcClient$ConnectResetRequestHandler
11:11:47.165 [main] INFO  c.a.n.c.r.client - [printIfInfoEnabled,60] - [e88f608b-090e-4f42-8ce9-2c12d4fe1ac2_config-0] Register server push request handler:com.alibaba.nacos.common.remote.client.RpcClient$$Lambda$344/812168041
11:11:47.226 [main] INFO  c.x.i.XmapInformationApplication - [logStartupProfileInfo,637] - The following 1 profile is active: "dev"
11:11:49.481 [main] INFO  o.a.c.c.AprLifecycleListener - [log,173] - Loaded Apache Tomcat Native library [1.2.32] using APR version [1.7.0].
11:11:49.481 [main] INFO  o.a.c.c.AprLifecycleListener - [log,173] - APR capabilities: IPv6 [true], sendfile [true], accept filters [false], random [true], UDS [true].
11:11:49.481 [main] INFO  o.a.c.c.AprLifecycleListener - [log,173] - APR/OpenSSL configuration: useAprConnector [false], useOpenSSL [true]
11:11:49.485 [main] INFO  o.a.c.c.AprLifecycleListener - [log,173] - OpenSSL successfully initialized [OpenSSL 1.1.1n  15 Mar 2022]
11:11:49.497 [main] INFO  o.a.c.h.Http11NioProtocol - [log,173] - Initializing ProtocolHandler ["http-nio-9211"]
11:11:49.498 [main] INFO  o.a.c.c.StandardService - [log,173] - Starting service [Tomcat]
11:11:49.498 [main] INFO  o.a.c.c.StandardEngine - [log,173] - Starting Servlet engine: [Apache Tomcat/9.0.70]
11:11:49.655 [main] INFO  o.a.c.c.C.[.[.[/] - [log,173] - Initializing Spring embedded WebApplicationContext
11:11:50.947 [main] INFO  c.a.d.p.DruidDataSource - [init,996] - {dataSource-1,master} inited
11:11:50.948 [main] INFO  c.b.d.d.DynamicRoutingDataSource - [addDataSource,154] - dynamic-datasource - add a datasource named [master] success
11:11:50.948 [main] INFO  c.b.d.d.DynamicRoutingDataSource - [afterPropertiesSet,234] - dynamic-datasource initial loaded [1] datasource,primary datasource named [master]
11:11:52.314 [main] INFO  c.a.c.s.SentinelWebMvcConfigurer - [addInterceptors,52] - [Sentinel Starter] register SentinelWebInterceptor with urlPatterns: [/**].
11:11:55.992 [main] INFO  c.a.n.c.r.client - [lambda$createClient$0,80] - [RpcClientFactory] create a new rpc client of a7deccc7-5a5f-49dd-96ac-191fce9f5f04
11:11:55.993 [main] INFO  c.a.n.c.r.client - [printIfInfoEnabled,60] - [a7deccc7-5a5f-49dd-96ac-191fce9f5f04] RpcClient init label, labels = {module=naming, source=sdk}
11:11:55.994 [main] INFO  c.a.n.c.r.client - [printIfInfoEnabled,60] - [a7deccc7-5a5f-49dd-96ac-191fce9f5f04] RpcClient init, ServerListFactory = com.alibaba.nacos.client.naming.core.ServerListManager
11:11:55.994 [main] INFO  c.a.n.c.r.client - [printIfInfoEnabled,60] - [a7deccc7-5a5f-49dd-96ac-191fce9f5f04] Registry connection listener to current client:com.alibaba.nacos.client.naming.remote.gprc.redo.NamingGrpcRedoService
11:11:55.994 [main] INFO  c.a.n.c.r.client - [printIfInfoEnabled,60] - [a7deccc7-5a5f-49dd-96ac-191fce9f5f04] Register server push request handler:com.alibaba.nacos.client.naming.remote.gprc.NamingPushRequestHandler
11:11:55.995 [main] INFO  c.a.n.c.r.client - [printIfInfoEnabled,60] - [a7deccc7-5a5f-49dd-96ac-191fce9f5f04] Try to connect to server on start up, server: {serverIp = '127.0.0.1', server main port = 8848}
11:11:56.117 [main] INFO  c.a.n.c.r.client - [printIfInfoEnabled,60] - [a7deccc7-5a5f-49dd-96ac-191fce9f5f04] Success to connect to server [127.0.0.1:8848] on start up, connectionId = 1699585915999_127.0.0.1_1532
11:11:56.117 [main] INFO  c.a.n.c.r.client - [printIfInfoEnabled,60] - [a7deccc7-5a5f-49dd-96ac-191fce9f5f04] Register server push request handler:com.alibaba.nacos.common.remote.client.RpcClient$ConnectResetRequestHandler
11:11:56.117 [com.alibaba.nacos.client.remote.worker] INFO  c.a.n.c.r.client - [printIfInfoEnabled,60] - [a7deccc7-5a5f-49dd-96ac-191fce9f5f04] Notify connected event to listeners.
11:11:56.117 [main] INFO  c.a.n.c.r.client - [printIfInfoEnabled,60] - [a7deccc7-5a5f-49dd-96ac-191fce9f5f04] Register server push request handler:com.alibaba.nacos.common.remote.client.RpcClient$$Lambda$344/812168041
11:11:56.150 [main] INFO  o.a.c.h.Http11NioProtocol - [log,173] - Starting ProtocolHandler ["http-nio-9211"]
11:11:56.178 [main] INFO  c.a.c.n.r.NacosServiceRegistry - [register,75] - nacos registry, DEFAULT_GROUP xmap-information 10.100.60.135:9211 register finished
11:11:56.677 [nacos-grpc-client-executor-6] INFO  c.a.n.c.r.client - [printIfInfoEnabled,60] - [a7deccc7-5a5f-49dd-96ac-191fce9f5f04] Receive server push request, request = NotifySubscriberRequest, requestId = 11
11:11:56.680 [nacos-grpc-client-executor-6] INFO  c.a.n.c.r.client - [printIfInfoEnabled,60] - [a7deccc7-5a5f-49dd-96ac-191fce9f5f04] Ack server push request, request = NotifySubscriberRequest, requestId = 11
11:11:57.780 [main] INFO  c.x.i.XmapInformationApplication - [logStarted,61] - Started XmapInformationApplication in 16.598 seconds (JVM running for 18.358)
11:11:57.788 [main] INFO  c.a.c.n.r.NacosContextRefresher - [registerNacosListener,129] - [Nacos Config] Listening config: dataId=xmap-information-dev.yml, group=DEFAULT_GROUP
11:11:57.788 [main] INFO  c.a.c.n.r.NacosContextRefresher - [registerNacosListener,129] - [Nacos Config] Listening config: dataId=xmap-information.yml, group=DEFAULT_GROUP
11:11:57.789 [main] INFO  c.a.c.n.r.NacosContextRefresher - [registerNacosListener,129] - [Nacos Config] Listening config: dataId=xmap-information, group=DEFAULT_GROUP
11:11:58.658 [RMI TCP Connection(2)-192.168.137.1] INFO  o.a.c.c.C.[.[.[/] - [log,173] - Initializing Spring DispatcherServlet 'dispatcherServlet'
11:13:11.921 [nacos-grpc-client-executor-24] INFO  c.a.n.c.r.client - [printIfInfoEnabled,60] - [a7deccc7-5a5f-49dd-96ac-191fce9f5f04] Receive server push request, request = NotifySubscriberRequest, requestId = 13
11:13:11.921 [nacos-grpc-client-executor-24] INFO  c.a.n.c.r.client - [printIfInfoEnabled,60] - [a7deccc7-5a5f-49dd-96ac-191fce9f5f04] Ack server push request, request = NotifySubscriberRequest, requestId = 13
11:28:08.559 [SpringApplicationShutdownHook] INFO  c.a.c.n.r.NacosServiceRegistry - [deregister,94] - De-registering from Nacos Server now...
11:28:08.564 [SpringApplicationShutdownHook] INFO  c.a.c.n.r.NacosServiceRegistry - [deregister,114] - De-registration finished.
11:28:08.901 [SpringApplicationShutdownHook] INFO  c.a.n.c.r.client - [shutdown,454] - Shutdown rpc client, set status to shutdown
11:28:08.901 [SpringApplicationShutdownHook] INFO  c.a.n.c.r.client - [shutdown,456] - Shutdown client event executor java.util.concurrent.ScheduledThreadPoolExecutor@558a93a5[Running, pool size = 2, active threads = 2, queued tasks = 0, completed tasks = 0]
11:28:08.901 [SpringApplicationShutdownHook] INFO  c.a.n.c.r.client - [closeConnection,591] - Close current connection 1699585915999_127.0.0.1_1532
11:28:08.902 [nacos-grpc-client-executor-206] INFO  c.a.n.c.r.c.g.GrpcClient - [printIfInfoEnabled,60] - [1699585915999_127.0.0.1_1532]Ignore complete event,isRunning:false,isAbandon=false
11:28:08.903 [SpringApplicationShutdownHook] INFO  c.a.n.c.r.c.g.GrpcClient - [shutdown,85] - Shutdown grpc executor java.util.concurrent.ThreadPoolExecutor@77041ec5[Running, pool size = 5, active threads = 0, queued tasks = 0, completed tasks = 207]
11:28:09.036 [SpringApplicationShutdownHook] INFO  c.b.d.d.DynamicRoutingDataSource - [destroy,211] - dynamic-datasource start closing ....
11:28:09.038 [SpringApplicationShutdownHook] INFO  c.a.d.p.DruidDataSource - [close,2138] - {dataSource-1} closing ...
11:28:09.045 [SpringApplicationShutdownHook] INFO  c.a.d.p.DruidDataSource - [close,2211] - {dataSource-1} closed
11:28:09.045 [SpringApplicationShutdownHook] INFO  c.b.d.d.DynamicRoutingDataSource - [destroy,215] - dynamic-datasource all closed success,bye
11:28:20.108 [background-preinit] INFO  o.h.v.i.util.Version - [<clinit>,21] - HV000001: Hibernate Validator 6.2.5.Final
11:28:21.481 [main] INFO  c.a.n.c.r.client - [lambda$createClient$0,80] - [RpcClientFactory] create a new rpc client of 62068af1-3ebd-4502-8c65-d52cbfd98654_config-0
11:28:21.520 [main] INFO  o.r.Reflections - [scan,232] - Reflections took 25 ms to scan 1 urls, producing 3 keys and 6 values 
11:28:21.544 [main] INFO  o.r.Reflections - [scan,232] - Reflections took 12 ms to scan 1 urls, producing 4 keys and 9 values 
11:28:21.557 [main] INFO  o.r.Reflections - [scan,232] - Reflections took 10 ms to scan 1 urls, producing 3 keys and 10 values 
11:28:21.728 [main] INFO  o.r.Reflections - [scan,232] - Reflections took 168 ms to scan 199 urls, producing 0 keys and 0 values 
11:28:21.738 [main] INFO  o.r.Reflections - [scan,232] - Reflections took 9 ms to scan 1 urls, producing 1 keys and 5 values 
11:28:21.750 [main] INFO  o.r.Reflections - [scan,232] - Reflections took 10 ms to scan 1 urls, producing 1 keys and 7 values 
11:28:21.763 [main] INFO  o.r.Reflections - [scan,232] - Reflections took 11 ms to scan 1 urls, producing 2 keys and 8 values 
11:28:21.917 [main] INFO  o.r.Reflections - [scan,232] - Reflections took 152 ms to scan 199 urls, producing 0 keys and 0 values 
11:28:21.918 [main] INFO  c.a.n.c.r.client - [printIfInfoEnabled,60] - [62068af1-3ebd-4502-8c65-d52cbfd98654_config-0] RpcClient init label, labels = {module=config, Vipserver-Tag=null, source=sdk, Amory-Tag=null, Location-Tag=null, taskId=0, AppName=unknown}
11:28:21.919 [main] INFO  c.a.n.c.r.client - [printIfInfoEnabled,60] - [62068af1-3ebd-4502-8c65-d52cbfd98654_config-0] Register server push request handler:com.alibaba.nacos.client.config.impl.ClientWorker$ConfigRpcTransportClient$$Lambda$335/1752535057
11:28:21.919 [main] INFO  c.a.n.c.r.client - [printIfInfoEnabled,60] - [62068af1-3ebd-4502-8c65-d52cbfd98654_config-0] Register server push request handler:com.alibaba.nacos.client.config.impl.ClientWorker$ConfigRpcTransportClient$$Lambda$336/2116299597
11:28:21.919 [main] INFO  c.a.n.c.r.client - [printIfInfoEnabled,60] - [62068af1-3ebd-4502-8c65-d52cbfd98654_config-0] Registry connection listener to current client:com.alibaba.nacos.client.config.impl.ClientWorker$ConfigRpcTransportClient$1
11:28:21.920 [main] INFO  c.a.n.c.r.client - [printIfInfoEnabled,60] - [62068af1-3ebd-4502-8c65-d52cbfd98654_config-0] RpcClient init, ServerListFactory = com.alibaba.nacos.client.config.impl.ClientWorker$ConfigRpcTransportClient$2
11:28:21.926 [main] INFO  c.a.n.c.r.client - [printIfInfoEnabled,60] - [62068af1-3ebd-4502-8c65-d52cbfd98654_config-0] Try to connect to server on start up, server: {serverIp = '127.0.0.1', server main port = 8848}
11:28:24.700 [main] INFO  c.a.n.c.r.client - [printIfInfoEnabled,60] - [62068af1-3ebd-4502-8c65-d52cbfd98654_config-0] Success to connect to server [127.0.0.1:8848] on start up, connectionId = 1699586904462_127.0.0.1_2666
11:28:24.700 [com.alibaba.nacos.client.remote.worker] INFO  c.a.n.c.r.client - [printIfInfoEnabled,60] - [62068af1-3ebd-4502-8c65-d52cbfd98654_config-0] Notify connected event to listeners.
11:28:24.700 [main] INFO  c.a.n.c.r.client - [printIfInfoEnabled,60] - [62068af1-3ebd-4502-8c65-d52cbfd98654_config-0] Register server push request handler:com.alibaba.nacos.common.remote.client.RpcClient$ConnectResetRequestHandler
11:28:24.701 [main] INFO  c.a.n.c.r.client - [printIfInfoEnabled,60] - [62068af1-3ebd-4502-8c65-d52cbfd98654_config-0] Register server push request handler:com.alibaba.nacos.common.remote.client.RpcClient$$Lambda$344/812168041
11:28:24.762 [main] INFO  c.x.i.XmapInformationApplication - [logStartupProfileInfo,637] - The following 1 profile is active: "dev"
11:28:27.081 [main] INFO  o.a.c.c.AprLifecycleListener - [log,173] - Loaded Apache Tomcat Native library [1.2.32] using APR version [1.7.0].
11:28:27.082 [main] INFO  o.a.c.c.AprLifecycleListener - [log,173] - APR capabilities: IPv6 [true], sendfile [true], accept filters [false], random [true], UDS [true].
11:28:27.082 [main] INFO  o.a.c.c.AprLifecycleListener - [log,173] - APR/OpenSSL configuration: useAprConnector [false], useOpenSSL [true]
11:28:27.085 [main] INFO  o.a.c.c.AprLifecycleListener - [log,173] - OpenSSL successfully initialized [OpenSSL 1.1.1n  15 Mar 2022]
11:28:27.097 [main] INFO  o.a.c.h.Http11NioProtocol - [log,173] - Initializing ProtocolHandler ["http-nio-9211"]
11:28:27.098 [main] INFO  o.a.c.c.StandardService - [log,173] - Starting service [Tomcat]
11:28:27.098 [main] INFO  o.a.c.c.StandardEngine - [log,173] - Starting Servlet engine: [Apache Tomcat/9.0.70]
11:28:27.258 [main] INFO  o.a.c.c.C.[.[.[/] - [log,173] - Initializing Spring embedded WebApplicationContext
11:28:28.535 [main] INFO  c.a.d.p.DruidDataSource - [init,996] - {dataSource-1,master} inited
11:28:28.535 [main] INFO  c.b.d.d.DynamicRoutingDataSource - [addDataSource,154] - dynamic-datasource - add a datasource named [master] success
11:28:28.536 [main] INFO  c.b.d.d.DynamicRoutingDataSource - [afterPropertiesSet,234] - dynamic-datasource initial loaded [1] datasource,primary datasource named [master]
11:28:29.893 [main] INFO  c.a.c.s.SentinelWebMvcConfigurer - [addInterceptors,52] - [Sentinel Starter] register SentinelWebInterceptor with urlPatterns: [/**].
11:28:29.935 [main] INFO  c.b.d.d.DynamicRoutingDataSource - [destroy,211] - dynamic-datasource start closing ....
11:28:29.937 [main] INFO  c.a.d.p.DruidDataSource - [close,2138] - {dataSource-1} closing ...
11:28:29.941 [main] INFO  c.a.d.p.DruidDataSource - [close,2211] - {dataSource-1} closed
11:28:29.941 [main] INFO  c.b.d.d.DynamicRoutingDataSource - [destroy,215] - dynamic-datasource all closed success,bye
11:28:29.942 [main] INFO  o.a.c.c.StandardService - [log,173] - Stopping service [Tomcat]
11:30:57.408 [background-preinit] INFO  o.h.v.i.util.Version - [<clinit>,21] - HV000001: Hibernate Validator 6.2.5.Final
11:30:58.828 [main] INFO  c.a.n.c.r.client - [lambda$createClient$0,80] - [RpcClientFactory] create a new rpc client of 3b159fd3-2d50-4d4e-b9fa-7fce29c45bed_config-0
11:30:58.867 [main] INFO  o.r.Reflections - [scan,232] - Reflections took 25 ms to scan 1 urls, producing 3 keys and 6 values 
11:30:58.892 [main] INFO  o.r.Reflections - [scan,232] - Reflections took 12 ms to scan 1 urls, producing 4 keys and 9 values 
11:30:58.905 [main] INFO  o.r.Reflections - [scan,232] - Reflections took 10 ms to scan 1 urls, producing 3 keys and 10 values 
11:30:59.081 [main] INFO  o.r.Reflections - [scan,232] - Reflections took 173 ms to scan 199 urls, producing 0 keys and 0 values 
11:30:59.091 [main] INFO  o.r.Reflections - [scan,232] - Reflections took 9 ms to scan 1 urls, producing 1 keys and 5 values 
11:30:59.104 [main] INFO  o.r.Reflections - [scan,232] - Reflections took 11 ms to scan 1 urls, producing 1 keys and 7 values 
11:30:59.119 [main] INFO  o.r.Reflections - [scan,232] - Reflections took 14 ms to scan 1 urls, producing 2 keys and 8 values 
11:30:59.264 [main] INFO  o.r.Reflections - [scan,232] - Reflections took 142 ms to scan 199 urls, producing 0 keys and 0 values 
11:30:59.264 [main] INFO  c.a.n.c.r.client - [printIfInfoEnabled,60] - [3b159fd3-2d50-4d4e-b9fa-7fce29c45bed_config-0] RpcClient init label, labels = {module=config, Vipserver-Tag=null, source=sdk, Amory-Tag=null, Location-Tag=null, taskId=0, AppName=unknown}
11:30:59.265 [main] INFO  c.a.n.c.r.client - [printIfInfoEnabled,60] - [3b159fd3-2d50-4d4e-b9fa-7fce29c45bed_config-0] Register server push request handler:com.alibaba.nacos.client.config.impl.ClientWorker$ConfigRpcTransportClient$$Lambda$335/1752535057
11:30:59.265 [main] INFO  c.a.n.c.r.client - [printIfInfoEnabled,60] - [3b159fd3-2d50-4d4e-b9fa-7fce29c45bed_config-0] Register server push request handler:com.alibaba.nacos.client.config.impl.ClientWorker$ConfigRpcTransportClient$$Lambda$336/2116299597
11:30:59.266 [main] INFO  c.a.n.c.r.client - [printIfInfoEnabled,60] - [3b159fd3-2d50-4d4e-b9fa-7fce29c45bed_config-0] Registry connection listener to current client:com.alibaba.nacos.client.config.impl.ClientWorker$ConfigRpcTransportClient$1
11:30:59.266 [main] INFO  c.a.n.c.r.client - [printIfInfoEnabled,60] - [3b159fd3-2d50-4d4e-b9fa-7fce29c45bed_config-0] RpcClient init, ServerListFactory = com.alibaba.nacos.client.config.impl.ClientWorker$ConfigRpcTransportClient$2
11:30:59.272 [main] INFO  c.a.n.c.r.client - [printIfInfoEnabled,60] - [3b159fd3-2d50-4d4e-b9fa-7fce29c45bed_config-0] Try to connect to server on start up, server: {serverIp = '127.0.0.1', server main port = 8848}
11:31:02.041 [main] INFO  c.a.n.c.r.client - [printIfInfoEnabled,60] - [3b159fd3-2d50-4d4e-b9fa-7fce29c45bed_config-0] Success to connect to server [127.0.0.1:8848] on start up, connectionId = 1699587061830_127.0.0.1_2877
11:31:02.041 [com.alibaba.nacos.client.remote.worker] INFO  c.a.n.c.r.client - [printIfInfoEnabled,60] - [3b159fd3-2d50-4d4e-b9fa-7fce29c45bed_config-0] Notify connected event to listeners.
11:31:02.041 [main] INFO  c.a.n.c.r.client - [printIfInfoEnabled,60] - [3b159fd3-2d50-4d4e-b9fa-7fce29c45bed_config-0] Register server push request handler:com.alibaba.nacos.common.remote.client.RpcClient$ConnectResetRequestHandler
11:31:02.042 [main] INFO  c.a.n.c.r.client - [printIfInfoEnabled,60] - [3b159fd3-2d50-4d4e-b9fa-7fce29c45bed_config-0] Register server push request handler:com.alibaba.nacos.common.remote.client.RpcClient$$Lambda$344/812168041
11:31:02.104 [main] INFO  c.x.i.XmapInformationApplication - [logStartupProfileInfo,637] - The following 1 profile is active: "dev"
11:31:04.369 [main] INFO  o.a.c.c.AprLifecycleListener - [log,173] - Loaded Apache Tomcat Native library [1.2.32] using APR version [1.7.0].
11:31:04.370 [main] INFO  o.a.c.c.AprLifecycleListener - [log,173] - APR capabilities: IPv6 [true], sendfile [true], accept filters [false], random [true], UDS [true].
11:31:04.370 [main] INFO  o.a.c.c.AprLifecycleListener - [log,173] - APR/OpenSSL configuration: useAprConnector [false], useOpenSSL [true]
11:31:04.373 [main] INFO  o.a.c.c.AprLifecycleListener - [log,173] - OpenSSL successfully initialized [OpenSSL 1.1.1n  15 Mar 2022]
11:31:04.385 [main] INFO  o.a.c.h.Http11NioProtocol - [log,173] - Initializing ProtocolHandler ["http-nio-9211"]
11:31:04.386 [main] INFO  o.a.c.c.StandardService - [log,173] - Starting service [Tomcat]
11:31:04.386 [main] INFO  o.a.c.c.StandardEngine - [log,173] - Starting Servlet engine: [Apache Tomcat/9.0.70]
11:31:04.562 [main] INFO  o.a.c.c.C.[.[.[/] - [log,173] - Initializing Spring embedded WebApplicationContext
11:31:05.856 [main] INFO  c.a.d.p.DruidDataSource - [init,996] - {dataSource-1,master} inited
11:31:05.857 [main] INFO  c.b.d.d.DynamicRoutingDataSource - [addDataSource,154] - dynamic-datasource - add a datasource named [master] success
11:31:05.858 [main] INFO  c.b.d.d.DynamicRoutingDataSource - [afterPropertiesSet,234] - dynamic-datasource initial loaded [1] datasource,primary datasource named [master]
11:31:07.256 [main] INFO  c.a.c.s.SentinelWebMvcConfigurer - [addInterceptors,52] - [Sentinel Starter] register SentinelWebInterceptor with urlPatterns: [/**].
11:31:10.878 [main] INFO  c.a.n.c.r.client - [lambda$createClient$0,80] - [RpcClientFactory] create a new rpc client of 477d7437-b6bb-44d8-ab0e-2cccaedd2b8b
11:31:10.878 [main] INFO  c.a.n.c.r.client - [printIfInfoEnabled,60] - [477d7437-b6bb-44d8-ab0e-2cccaedd2b8b] RpcClient init label, labels = {module=naming, source=sdk}
11:31:10.879 [main] INFO  c.a.n.c.r.client - [printIfInfoEnabled,60] - [477d7437-b6bb-44d8-ab0e-2cccaedd2b8b] RpcClient init, ServerListFactory = com.alibaba.nacos.client.naming.core.ServerListManager
11:31:10.880 [main] INFO  c.a.n.c.r.client - [printIfInfoEnabled,60] - [477d7437-b6bb-44d8-ab0e-2cccaedd2b8b] Registry connection listener to current client:com.alibaba.nacos.client.naming.remote.gprc.redo.NamingGrpcRedoService
11:31:10.880 [main] INFO  c.a.n.c.r.client - [printIfInfoEnabled,60] - [477d7437-b6bb-44d8-ab0e-2cccaedd2b8b] Register server push request handler:com.alibaba.nacos.client.naming.remote.gprc.NamingPushRequestHandler
11:31:10.880 [main] INFO  c.a.n.c.r.client - [printIfInfoEnabled,60] - [477d7437-b6bb-44d8-ab0e-2cccaedd2b8b] Try to connect to server on start up, server: {serverIp = '127.0.0.1', server main port = 8848}
11:31:10.991 [main] INFO  c.a.n.c.r.client - [printIfInfoEnabled,60] - [477d7437-b6bb-44d8-ab0e-2cccaedd2b8b] Success to connect to server [127.0.0.1:8848] on start up, connectionId = 1699587070887_127.0.0.1_2894
11:31:10.991 [main] INFO  c.a.n.c.r.client - [printIfInfoEnabled,60] - [477d7437-b6bb-44d8-ab0e-2cccaedd2b8b] Register server push request handler:com.alibaba.nacos.common.remote.client.RpcClient$ConnectResetRequestHandler
11:31:10.991 [com.alibaba.nacos.client.remote.worker] INFO  c.a.n.c.r.client - [printIfInfoEnabled,60] - [477d7437-b6bb-44d8-ab0e-2cccaedd2b8b] Notify connected event to listeners.
11:31:10.991 [main] INFO  c.a.n.c.r.client - [printIfInfoEnabled,60] - [477d7437-b6bb-44d8-ab0e-2cccaedd2b8b] Register server push request handler:com.alibaba.nacos.common.remote.client.RpcClient$$Lambda$344/812168041
11:31:11.019 [main] INFO  o.a.c.h.Http11NioProtocol - [log,173] - Starting ProtocolHandler ["http-nio-9211"]
11:31:11.045 [main] INFO  c.a.c.n.r.NacosServiceRegistry - [register,75] - nacos registry, DEFAULT_GROUP xmap-information 10.100.60.135:9211 register finished
11:31:11.571 [nacos-grpc-client-executor-6] INFO  c.a.n.c.r.client - [printIfInfoEnabled,60] - [477d7437-b6bb-44d8-ab0e-2cccaedd2b8b] Receive server push request, request = NotifySubscriberRequest, requestId = 15
11:31:11.576 [nacos-grpc-client-executor-6] INFO  c.a.n.c.r.client - [printIfInfoEnabled,60] - [477d7437-b6bb-44d8-ab0e-2cccaedd2b8b] Ack server push request, request = NotifySubscriberRequest, requestId = 15
11:31:12.960 [main] INFO  c.x.i.XmapInformationApplication - [logStarted,61] - Started XmapInformationApplication in 16.914 seconds (JVM running for 18.481)
11:31:12.969 [main] INFO  c.a.c.n.r.NacosContextRefresher - [registerNacosListener,129] - [Nacos Config] Listening config: dataId=xmap-information-dev.yml, group=DEFAULT_GROUP
11:31:12.970 [main] INFO  c.a.c.n.r.NacosContextRefresher - [registerNacosListener,129] - [Nacos Config] Listening config: dataId=xmap-information.yml, group=DEFAULT_GROUP
11:31:12.970 [main] INFO  c.a.c.n.r.NacosContextRefresher - [registerNacosListener,129] - [Nacos Config] Listening config: dataId=xmap-information, group=DEFAULT_GROUP
11:31:13.987 [RMI TCP Connection(4)-192.168.137.1] INFO  o.a.c.c.C.[.[.[/] - [log,173] - Initializing Spring DispatcherServlet 'dispatcherServlet'
