09:46:22.836 [background-preinit] INFO  o.h.v.i.util.Version - [<clinit>,21] - HV000001: Hibernate Validator 6.2.5.Final
09:46:25.204 [main] INFO  c.a.n.c.r.client - [lambda$createClient$0,80] - [RpcClientFactory] create a new rpc client of 8b5889f7-d5cf-4bcf-bac4-18ab1cc1eccb_config-0
09:46:25.252 [main] INFO  o.r.Reflections - [scan,232] - Reflections took 30 ms to scan 1 urls, producing 3 keys and 6 values 
09:46:25.298 [main] INFO  o.r.Reflections - [scan,232] - Reflections took 29 ms to scan 1 urls, producing 4 keys and 9 values 
09:46:25.316 [main] INFO  o.r.Reflections - [scan,232] - Reflections took 15 ms to scan 1 urls, producing 3 keys and 10 values 
09:46:25.549 [main] INFO  o.r.Reflections - [scan,232] - Reflections took 229 ms to scan 204 urls, producing 0 keys and 0 values 
09:46:25.563 [main] INFO  o.r.Reflections - [scan,232] - Reflections took 13 ms to scan 1 urls, producing 1 keys and 5 values 
09:46:25.581 [main] INFO  o.r.Reflections - [scan,232] - Reflections took 16 ms to scan 1 urls, producing 1 keys and 7 values 
09:46:25.601 [main] INFO  o.r.Reflections - [scan,232] - Reflections took 17 ms to scan 1 urls, producing 2 keys and 8 values 
09:46:25.839 [main] INFO  o.r.Reflections - [scan,232] - Reflections took 235 ms to scan 204 urls, producing 0 keys and 0 values 
09:46:25.841 [main] INFO  c.a.n.c.r.client - [printIfInfoEnabled,60] - [8b5889f7-d5cf-4bcf-bac4-18ab1cc1eccb_config-0] RpcClient init label, labels = {module=config, Vipserver-Tag=null, source=sdk, Amory-Tag=null, Location-Tag=null, taskId=0, AppName=unknown}
09:46:25.842 [main] INFO  c.a.n.c.r.client - [printIfInfoEnabled,60] - [8b5889f7-d5cf-4bcf-bac4-18ab1cc1eccb_config-0] Register server push request handler:com.alibaba.nacos.client.config.impl.ClientWorker$ConfigRpcTransportClient$$Lambda$335/1950136544
09:46:25.843 [main] INFO  c.a.n.c.r.client - [printIfInfoEnabled,60] - [8b5889f7-d5cf-4bcf-bac4-18ab1cc1eccb_config-0] Register server push request handler:com.alibaba.nacos.client.config.impl.ClientWorker$ConfigRpcTransportClient$$Lambda$336/209360730
09:46:25.844 [main] INFO  c.a.n.c.r.client - [printIfInfoEnabled,60] - [8b5889f7-d5cf-4bcf-bac4-18ab1cc1eccb_config-0] Registry connection listener to current client:com.alibaba.nacos.client.config.impl.ClientWorker$ConfigRpcTransportClient$1
09:46:25.845 [main] INFO  c.a.n.c.r.client - [printIfInfoEnabled,60] - [8b5889f7-d5cf-4bcf-bac4-18ab1cc1eccb_config-0] RpcClient init, ServerListFactory = com.alibaba.nacos.client.config.impl.ClientWorker$ConfigRpcTransportClient$2
09:46:25.859 [main] INFO  c.a.n.c.r.client - [printIfInfoEnabled,60] - [8b5889f7-d5cf-4bcf-bac4-18ab1cc1eccb_config-0] Try to connect to server on start up, server: {serverIp = '127.0.0.1', server main port = 8848}
09:46:29.776 [main] INFO  c.a.n.c.r.client - [printIfInfoEnabled,60] - [8b5889f7-d5cf-4bcf-bac4-18ab1cc1eccb_config-0] Success to connect to server [127.0.0.1:8848] on start up, connectionId = 1701222389490_127.0.0.1_12976
09:46:29.776 [com.alibaba.nacos.client.remote.worker] INFO  c.a.n.c.r.client - [printIfInfoEnabled,60] - [8b5889f7-d5cf-4bcf-bac4-18ab1cc1eccb_config-0] Notify connected event to listeners.
09:46:29.777 [main] INFO  c.a.n.c.r.client - [printIfInfoEnabled,60] - [8b5889f7-d5cf-4bcf-bac4-18ab1cc1eccb_config-0] Register server push request handler:com.alibaba.nacos.common.remote.client.RpcClient$ConnectResetRequestHandler
09:46:29.778 [main] INFO  c.a.n.c.r.client - [printIfInfoEnabled,60] - [8b5889f7-d5cf-4bcf-bac4-18ab1cc1eccb_config-0] Register server push request handler:com.alibaba.nacos.common.remote.client.RpcClient$$Lambda$344/1601756706
09:46:29.857 [main] INFO  c.x.i.XmapInformationApplication - [logStartupProfileInfo,637] - The following 1 profile is active: "dev"
09:46:32.608 [main] INFO  o.a.c.c.AprLifecycleListener - [log,173] - Loaded Apache Tomcat Native library [1.2.32] using APR version [1.7.0].
09:46:32.608 [main] INFO  o.a.c.c.AprLifecycleListener - [log,173] - APR capabilities: IPv6 [true], sendfile [true], accept filters [false], random [true], UDS [true].
09:46:32.609 [main] INFO  o.a.c.c.AprLifecycleListener - [log,173] - APR/OpenSSL configuration: useAprConnector [false], useOpenSSL [true]
09:46:32.612 [main] INFO  o.a.c.c.AprLifecycleListener - [log,173] - OpenSSL successfully initialized [OpenSSL 1.1.1n  15 Mar 2022]
09:46:32.625 [main] INFO  o.a.c.h.Http11NioProtocol - [log,173] - Initializing ProtocolHandler ["http-nio-9211"]
09:46:32.626 [main] INFO  o.a.c.c.StandardService - [log,173] - Starting service [Tomcat]
09:46:32.626 [main] INFO  o.a.c.c.StandardEngine - [log,173] - Starting Servlet engine: [Apache Tomcat/9.0.70]
09:46:32.802 [main] INFO  o.a.c.c.C.[.[.[/] - [log,173] - Initializing Spring embedded WebApplicationContext
09:46:34.271 [main] INFO  c.a.d.p.DruidDataSource - [init,996] - {dataSource-1,master} inited
09:46:34.272 [main] INFO  c.b.d.d.DynamicRoutingDataSource - [addDataSource,154] - dynamic-datasource - add a datasource named [master] success
09:46:34.272 [main] INFO  c.b.d.d.DynamicRoutingDataSource - [afterPropertiesSet,234] - dynamic-datasource initial loaded [1] datasource,primary datasource named [master]
09:46:35.928 [main] INFO  c.a.c.s.SentinelWebMvcConfigurer - [addInterceptors,52] - [Sentinel Starter] register SentinelWebInterceptor with urlPatterns: [/**].
09:46:40.822 [main] INFO  c.a.n.c.r.client - [lambda$createClient$0,80] - [RpcClientFactory] create a new rpc client of b8687a80-0a7e-46eb-995a-3135dc7780eb
09:46:40.822 [main] INFO  c.a.n.c.r.client - [printIfInfoEnabled,60] - [b8687a80-0a7e-46eb-995a-3135dc7780eb] RpcClient init label, labels = {module=naming, source=sdk}
09:46:40.824 [main] INFO  c.a.n.c.r.client - [printIfInfoEnabled,60] - [b8687a80-0a7e-46eb-995a-3135dc7780eb] RpcClient init, ServerListFactory = com.alibaba.nacos.client.naming.core.ServerListManager
09:46:40.824 [main] INFO  c.a.n.c.r.client - [printIfInfoEnabled,60] - [b8687a80-0a7e-46eb-995a-3135dc7780eb] Registry connection listener to current client:com.alibaba.nacos.client.naming.remote.gprc.redo.NamingGrpcRedoService
09:46:40.825 [main] INFO  c.a.n.c.r.client - [printIfInfoEnabled,60] - [b8687a80-0a7e-46eb-995a-3135dc7780eb] Register server push request handler:com.alibaba.nacos.client.naming.remote.gprc.NamingPushRequestHandler
09:46:40.826 [main] INFO  c.a.n.c.r.client - [printIfInfoEnabled,60] - [b8687a80-0a7e-46eb-995a-3135dc7780eb] Try to connect to server on start up, server: {serverIp = '127.0.0.1', server main port = 8848}
09:46:40.951 [main] INFO  c.a.n.c.r.client - [printIfInfoEnabled,60] - [b8687a80-0a7e-46eb-995a-3135dc7780eb] Success to connect to server [127.0.0.1:8848] on start up, connectionId = 1701222400831_127.0.0.1_13025
09:46:40.952 [com.alibaba.nacos.client.remote.worker] INFO  c.a.n.c.r.client - [printIfInfoEnabled,60] - [b8687a80-0a7e-46eb-995a-3135dc7780eb] Notify connected event to listeners.
09:46:40.952 [main] INFO  c.a.n.c.r.client - [printIfInfoEnabled,60] - [b8687a80-0a7e-46eb-995a-3135dc7780eb] Register server push request handler:com.alibaba.nacos.common.remote.client.RpcClient$ConnectResetRequestHandler
09:46:40.953 [main] INFO  c.a.n.c.r.client - [printIfInfoEnabled,60] - [b8687a80-0a7e-46eb-995a-3135dc7780eb] Register server push request handler:com.alibaba.nacos.common.remote.client.RpcClient$$Lambda$344/1601756706
09:46:40.988 [main] INFO  o.a.c.h.Http11NioProtocol - [log,173] - Starting ProtocolHandler ["http-nio-9211"]
09:46:41.021 [main] INFO  c.a.c.n.r.NacosServiceRegistry - [register,75] - nacos registry, DEFAULT_GROUP xmap-information 10.100.60.135:9211 register finished
09:46:41.598 [nacos-grpc-client-executor-8] INFO  c.a.n.c.r.client - [printIfInfoEnabled,60] - [b8687a80-0a7e-46eb-995a-3135dc7780eb] Receive server push request, request = NotifySubscriberRequest, requestId = 5
09:46:41.607 [nacos-grpc-client-executor-8] INFO  c.a.n.c.r.client - [printIfInfoEnabled,60] - [b8687a80-0a7e-46eb-995a-3135dc7780eb] Ack server push request, request = NotifySubscriberRequest, requestId = 5
09:46:44.749 [main] INFO  c.x.i.XmapInformationApplication - [logStarted,61] - Started XmapInformationApplication in 24.527 seconds (JVM running for 27.111)
09:46:44.772 [main] INFO  c.a.c.n.r.NacosContextRefresher - [registerNacosListener,129] - [Nacos Config] Listening config: dataId=xmap-information-dev.yml, group=DEFAULT_GROUP
09:46:44.773 [main] INFO  c.a.c.n.r.NacosContextRefresher - [registerNacosListener,129] - [Nacos Config] Listening config: dataId=xmap-information.yml, group=DEFAULT_GROUP
09:46:44.774 [main] INFO  c.a.c.n.r.NacosContextRefresher - [registerNacosListener,129] - [Nacos Config] Listening config: dataId=xmap-information, group=DEFAULT_GROUP
09:46:47.420 [RMI TCP Connection(9)-192.168.137.1] INFO  o.a.c.c.C.[.[.[/] - [log,173] - Initializing Spring DispatcherServlet 'dispatcherServlet'
10:31:38.446 [nacos-grpc-client-executor-552] INFO  c.a.n.c.r.client - [printIfInfoEnabled,60] - [b8687a80-0a7e-46eb-995a-3135dc7780eb] Receive server push request, request = NotifySubscriberRequest, requestId = 10
10:31:38.446 [nacos-grpc-client-executor-552] INFO  c.a.n.c.r.client - [printIfInfoEnabled,60] - [b8687a80-0a7e-46eb-995a-3135dc7780eb] Ack server push request, request = NotifySubscriberRequest, requestId = 10
10:49:18.390 [SpringApplicationShutdownHook] INFO  c.a.c.n.r.NacosServiceRegistry - [deregister,94] - De-registering from Nacos Server now...
10:49:18.395 [SpringApplicationShutdownHook] INFO  c.a.c.n.r.NacosServiceRegistry - [deregister,114] - De-registration finished.
10:49:18.724 [SpringApplicationShutdownHook] INFO  c.a.n.c.r.client - [shutdown,454] - Shutdown rpc client, set status to shutdown
10:49:18.724 [SpringApplicationShutdownHook] INFO  c.a.n.c.r.client - [shutdown,456] - Shutdown client event executor java.util.concurrent.ScheduledThreadPoolExecutor@1d4601ce[Running, pool size = 2, active threads = 2, queued tasks = 0, completed tasks = 0]
10:49:18.725 [SpringApplicationShutdownHook] INFO  c.a.n.c.r.client - [closeConnection,591] - Close current connection 1701222400831_127.0.0.1_13025
10:49:18.726 [nacos-grpc-client-executor-768] INFO  c.a.n.c.r.c.g.GrpcClient - [printIfInfoEnabled,60] - [1701222400831_127.0.0.1_13025]Ignore complete event,isRunning:false,isAbandon=false
10:49:18.766 [SpringApplicationShutdownHook] INFO  c.a.n.c.r.c.g.GrpcClient - [shutdown,85] - Shutdown grpc executor java.util.concurrent.ThreadPoolExecutor@3b32ba3b[Running, pool size = 5, active threads = 0, queued tasks = 0, completed tasks = 769]
10:49:19.077 [SpringApplicationShutdownHook] INFO  c.b.d.d.DynamicRoutingDataSource - [destroy,211] - dynamic-datasource start closing ....
10:49:19.101 [SpringApplicationShutdownHook] INFO  c.a.d.p.DruidDataSource - [close,2138] - {dataSource-1} closing ...
10:49:19.108 [SpringApplicationShutdownHook] INFO  c.a.d.p.DruidDataSource - [close,2211] - {dataSource-1} closed
10:49:19.109 [SpringApplicationShutdownHook] INFO  c.b.d.d.DynamicRoutingDataSource - [destroy,215] - dynamic-datasource all closed success,bye
10:49:34.989 [background-preinit] INFO  o.h.v.i.util.Version - [<clinit>,21] - HV000001: Hibernate Validator 6.2.5.Final
10:49:37.507 [main] INFO  c.a.n.c.r.client - [lambda$createClient$0,80] - [RpcClientFactory] create a new rpc client of 4bfaa350-d425-4ce9-ba62-c159a54ca483_config-0
10:49:37.667 [main] INFO  o.r.Reflections - [scan,232] - Reflections took 69 ms to scan 1 urls, producing 3 keys and 6 values 
10:49:37.707 [main] INFO  o.r.Reflections - [scan,232] - Reflections took 15 ms to scan 1 urls, producing 4 keys and 9 values 
10:49:37.725 [main] INFO  o.r.Reflections - [scan,232] - Reflections took 16 ms to scan 1 urls, producing 3 keys and 10 values 
10:49:37.971 [main] INFO  o.r.Reflections - [scan,232] - Reflections took 243 ms to scan 204 urls, producing 0 keys and 0 values 
10:49:37.984 [main] INFO  o.r.Reflections - [scan,232] - Reflections took 11 ms to scan 1 urls, producing 1 keys and 5 values 
10:49:38.002 [main] INFO  o.r.Reflections - [scan,232] - Reflections took 14 ms to scan 1 urls, producing 1 keys and 7 values 
10:49:38.023 [main] INFO  o.r.Reflections - [scan,232] - Reflections took 18 ms to scan 1 urls, producing 2 keys and 8 values 
10:49:38.190 [main] INFO  o.r.Reflections - [scan,232] - Reflections took 163 ms to scan 204 urls, producing 0 keys and 0 values 
10:49:38.194 [main] INFO  c.a.n.c.r.client - [printIfInfoEnabled,60] - [4bfaa350-d425-4ce9-ba62-c159a54ca483_config-0] RpcClient init label, labels = {module=config, Vipserver-Tag=null, source=sdk, Amory-Tag=null, Location-Tag=null, taskId=0, AppName=unknown}
10:49:38.195 [main] INFO  c.a.n.c.r.client - [printIfInfoEnabled,60] - [4bfaa350-d425-4ce9-ba62-c159a54ca483_config-0] Register server push request handler:com.alibaba.nacos.client.config.impl.ClientWorker$ConfigRpcTransportClient$$Lambda$335/1950136544
10:49:38.195 [main] INFO  c.a.n.c.r.client - [printIfInfoEnabled,60] - [4bfaa350-d425-4ce9-ba62-c159a54ca483_config-0] Register server push request handler:com.alibaba.nacos.client.config.impl.ClientWorker$ConfigRpcTransportClient$$Lambda$336/209360730
10:49:38.196 [main] INFO  c.a.n.c.r.client - [printIfInfoEnabled,60] - [4bfaa350-d425-4ce9-ba62-c159a54ca483_config-0] Registry connection listener to current client:com.alibaba.nacos.client.config.impl.ClientWorker$ConfigRpcTransportClient$1
10:49:38.196 [main] INFO  c.a.n.c.r.client - [printIfInfoEnabled,60] - [4bfaa350-d425-4ce9-ba62-c159a54ca483_config-0] RpcClient init, ServerListFactory = com.alibaba.nacos.client.config.impl.ClientWorker$ConfigRpcTransportClient$2
10:49:38.207 [main] INFO  c.a.n.c.r.client - [printIfInfoEnabled,60] - [4bfaa350-d425-4ce9-ba62-c159a54ca483_config-0] Try to connect to server on start up, server: {serverIp = '127.0.0.1', server main port = 8848}
10:49:42.319 [main] INFO  c.a.n.c.r.client - [printIfInfoEnabled,60] - [4bfaa350-d425-4ce9-ba62-c159a54ca483_config-0] Success to connect to server [127.0.0.1:8848] on start up, connectionId = 1701226182002_127.0.0.1_3408
10:49:42.320 [com.alibaba.nacos.client.remote.worker] INFO  c.a.n.c.r.client - [printIfInfoEnabled,60] - [4bfaa350-d425-4ce9-ba62-c159a54ca483_config-0] Notify connected event to listeners.
10:49:42.321 [main] INFO  c.a.n.c.r.client - [printIfInfoEnabled,60] - [4bfaa350-d425-4ce9-ba62-c159a54ca483_config-0] Register server push request handler:com.alibaba.nacos.common.remote.client.RpcClient$ConnectResetRequestHandler
10:49:42.322 [main] INFO  c.a.n.c.r.client - [printIfInfoEnabled,60] - [4bfaa350-d425-4ce9-ba62-c159a54ca483_config-0] Register server push request handler:com.alibaba.nacos.common.remote.client.RpcClient$$Lambda$344/1601756706
10:49:42.442 [main] INFO  c.x.i.XmapInformationApplication - [logStartupProfileInfo,637] - The following 1 profile is active: "dev"
10:49:45.807 [main] INFO  o.a.c.c.AprLifecycleListener - [log,173] - Loaded Apache Tomcat Native library [1.2.32] using APR version [1.7.0].
10:49:45.807 [main] INFO  o.a.c.c.AprLifecycleListener - [log,173] - APR capabilities: IPv6 [true], sendfile [true], accept filters [false], random [true], UDS [true].
10:49:45.807 [main] INFO  o.a.c.c.AprLifecycleListener - [log,173] - APR/OpenSSL configuration: useAprConnector [false], useOpenSSL [true]
10:49:45.812 [main] INFO  o.a.c.c.AprLifecycleListener - [log,173] - OpenSSL successfully initialized [OpenSSL 1.1.1n  15 Mar 2022]
10:49:45.830 [main] INFO  o.a.c.h.Http11NioProtocol - [log,173] - Initializing ProtocolHandler ["http-nio-9211"]
10:49:45.831 [main] INFO  o.a.c.c.StandardService - [log,173] - Starting service [Tomcat]
10:49:45.831 [main] INFO  o.a.c.c.StandardEngine - [log,173] - Starting Servlet engine: [Apache Tomcat/9.0.70]
10:49:46.155 [main] INFO  o.a.c.c.C.[.[.[/] - [log,173] - Initializing Spring embedded WebApplicationContext
10:49:47.924 [main] INFO  c.a.d.p.DruidDataSource - [init,996] - {dataSource-1,master} inited
10:49:47.924 [main] INFO  c.b.d.d.DynamicRoutingDataSource - [addDataSource,154] - dynamic-datasource - add a datasource named [master] success
10:49:47.925 [main] INFO  c.b.d.d.DynamicRoutingDataSource - [afterPropertiesSet,234] - dynamic-datasource initial loaded [1] datasource,primary datasource named [master]
10:49:49.775 [main] INFO  c.a.c.s.SentinelWebMvcConfigurer - [addInterceptors,52] - [Sentinel Starter] register SentinelWebInterceptor with urlPatterns: [/**].
10:49:54.472 [main] INFO  c.a.n.c.r.client - [lambda$createClient$0,80] - [RpcClientFactory] create a new rpc client of 5abd97f8-5547-4cfa-94f6-1649753c916a
10:49:54.473 [main] INFO  c.a.n.c.r.client - [printIfInfoEnabled,60] - [5abd97f8-5547-4cfa-94f6-1649753c916a] RpcClient init label, labels = {module=naming, source=sdk}
10:49:54.477 [main] INFO  c.a.n.c.r.client - [printIfInfoEnabled,60] - [5abd97f8-5547-4cfa-94f6-1649753c916a] RpcClient init, ServerListFactory = com.alibaba.nacos.client.naming.core.ServerListManager
10:49:54.477 [main] INFO  c.a.n.c.r.client - [printIfInfoEnabled,60] - [5abd97f8-5547-4cfa-94f6-1649753c916a] Registry connection listener to current client:com.alibaba.nacos.client.naming.remote.gprc.redo.NamingGrpcRedoService
10:49:54.478 [main] INFO  c.a.n.c.r.client - [printIfInfoEnabled,60] - [5abd97f8-5547-4cfa-94f6-1649753c916a] Register server push request handler:com.alibaba.nacos.client.naming.remote.gprc.NamingPushRequestHandler
10:49:54.478 [main] INFO  c.a.n.c.r.client - [printIfInfoEnabled,60] - [5abd97f8-5547-4cfa-94f6-1649753c916a] Try to connect to server on start up, server: {serverIp = '127.0.0.1', server main port = 8848}
10:49:54.589 [main] INFO  c.a.n.c.r.client - [printIfInfoEnabled,60] - [5abd97f8-5547-4cfa-94f6-1649753c916a] Success to connect to server [127.0.0.1:8848] on start up, connectionId = 1701226194484_127.0.0.1_3424
10:49:54.589 [main] INFO  c.a.n.c.r.client - [printIfInfoEnabled,60] - [5abd97f8-5547-4cfa-94f6-1649753c916a] Register server push request handler:com.alibaba.nacos.common.remote.client.RpcClient$ConnectResetRequestHandler
10:49:54.589 [com.alibaba.nacos.client.remote.worker] INFO  c.a.n.c.r.client - [printIfInfoEnabled,60] - [5abd97f8-5547-4cfa-94f6-1649753c916a] Notify connected event to listeners.
10:49:54.589 [main] INFO  c.a.n.c.r.client - [printIfInfoEnabled,60] - [5abd97f8-5547-4cfa-94f6-1649753c916a] Register server push request handler:com.alibaba.nacos.common.remote.client.RpcClient$$Lambda$344/1601756706
10:49:54.626 [main] INFO  o.a.c.h.Http11NioProtocol - [log,173] - Starting ProtocolHandler ["http-nio-9211"]
10:49:54.655 [main] INFO  c.a.c.n.r.NacosServiceRegistry - [register,75] - nacos registry, DEFAULT_GROUP xmap-information 10.100.60.135:9211 register finished
10:49:55.154 [nacos-grpc-client-executor-6] INFO  c.a.n.c.r.client - [printIfInfoEnabled,60] - [5abd97f8-5547-4cfa-94f6-1649753c916a] Receive server push request, request = NotifySubscriberRequest, requestId = 12
10:49:55.159 [nacos-grpc-client-executor-6] INFO  c.a.n.c.r.client - [printIfInfoEnabled,60] - [5abd97f8-5547-4cfa-94f6-1649753c916a] Ack server push request, request = NotifySubscriberRequest, requestId = 12
10:49:56.651 [main] INFO  c.x.i.XmapInformationApplication - [logStarted,61] - Started XmapInformationApplication in 23.771 seconds (JVM running for 27.911)
10:49:56.663 [main] INFO  c.a.c.n.r.NacosContextRefresher - [registerNacosListener,129] - [Nacos Config] Listening config: dataId=xmap-information-dev.yml, group=DEFAULT_GROUP
10:49:56.663 [main] INFO  c.a.c.n.r.NacosContextRefresher - [registerNacosListener,129] - [Nacos Config] Listening config: dataId=xmap-information.yml, group=DEFAULT_GROUP
10:49:56.664 [main] INFO  c.a.c.n.r.NacosContextRefresher - [registerNacosListener,129] - [Nacos Config] Listening config: dataId=xmap-information, group=DEFAULT_GROUP
10:49:57.689 [RMI TCP Connection(4)-192.168.137.1] INFO  o.a.c.c.C.[.[.[/] - [log,173] - Initializing Spring DispatcherServlet 'dispatcherServlet'
10:52:49.479 [nacos-grpc-client-executor-44] INFO  c.a.n.c.r.client - [printIfInfoEnabled,60] - [5abd97f8-5547-4cfa-94f6-1649753c916a] Receive server push request, request = NotifySubscriberRequest, requestId = 14
10:52:49.479 [nacos-grpc-client-executor-44] INFO  c.a.n.c.r.client - [printIfInfoEnabled,60] - [5abd97f8-5547-4cfa-94f6-1649753c916a] Ack server push request, request = NotifySubscriberRequest, requestId = 14
