09:42:46.944 [background-preinit] INFO  o.h.v.i.util.Version - [<clinit>,21] - HV000001: Hibernate Validator 6.2.5.Final
09:42:48.528 [main] INFO  c.a.n.c.r.client - [lambda$createClient$0,80] - [RpcClientFactory] create a new rpc client of f1404321-f8ef-42b9-bbd9-4c607931cc2b_config-0
09:42:48.585 [main] INFO  o.r.Reflections - [scan,232] - Reflections took 39 ms to scan 1 urls, producing 3 keys and 6 values 
09:42:48.625 [main] INFO  o.r.Reflections - [scan,232] - Reflections took 21 ms to scan 1 urls, producing 4 keys and 9 values 
09:42:48.645 [main] INFO  o.r.Reflections - [scan,232] - Reflections took 17 ms to scan 1 urls, producing 3 keys and 10 values 
09:42:48.955 [main] INFO  o.r.Reflections - [scan,232] - Reflections took 306 ms to scan 204 urls, producing 0 keys and 0 values 
09:42:48.967 [main] INFO  o.r.Reflections - [scan,232] - Reflections took 10 ms to scan 1 urls, producing 1 keys and 5 values 
09:42:48.979 [main] INFO  o.r.Reflections - [scan,232] - Reflections took 10 ms to scan 1 urls, producing 1 keys and 7 values 
09:42:49.011 [main] INFO  o.r.Reflections - [scan,232] - Reflections took 28 ms to scan 1 urls, producing 2 keys and 8 values 
09:42:49.202 [main] INFO  o.r.Reflections - [scan,232] - Reflections took 189 ms to scan 204 urls, producing 0 keys and 0 values 
09:42:49.204 [main] INFO  c.a.n.c.r.client - [printIfInfoEnabled,60] - [f1404321-f8ef-42b9-bbd9-4c607931cc2b_config-0] RpcClient init label, labels = {module=config, Vipserver-Tag=null, source=sdk, Amory-Tag=null, Location-Tag=null, taskId=0, AppName=unknown}
09:42:49.205 [main] INFO  c.a.n.c.r.client - [printIfInfoEnabled,60] - [f1404321-f8ef-42b9-bbd9-4c607931cc2b_config-0] Register server push request handler:com.alibaba.nacos.client.config.impl.ClientWorker$ConfigRpcTransportClient$$Lambda$335/1950136544
09:42:49.205 [main] INFO  c.a.n.c.r.client - [printIfInfoEnabled,60] - [f1404321-f8ef-42b9-bbd9-4c607931cc2b_config-0] Register server push request handler:com.alibaba.nacos.client.config.impl.ClientWorker$ConfigRpcTransportClient$$Lambda$336/209360730
09:42:49.206 [main] INFO  c.a.n.c.r.client - [printIfInfoEnabled,60] - [f1404321-f8ef-42b9-bbd9-4c607931cc2b_config-0] Registry connection listener to current client:com.alibaba.nacos.client.config.impl.ClientWorker$ConfigRpcTransportClient$1
09:42:49.207 [main] INFO  c.a.n.c.r.client - [printIfInfoEnabled,60] - [f1404321-f8ef-42b9-bbd9-4c607931cc2b_config-0] RpcClient init, ServerListFactory = com.alibaba.nacos.client.config.impl.ClientWorker$ConfigRpcTransportClient$2
09:42:49.217 [main] INFO  c.a.n.c.r.client - [printIfInfoEnabled,60] - [f1404321-f8ef-42b9-bbd9-4c607931cc2b_config-0] Try to connect to server on start up, server: {serverIp = '127.0.0.1', server main port = 8848}
09:42:53.349 [main] INFO  c.a.n.c.r.client - [printIfInfoEnabled,60] - [f1404321-f8ef-42b9-bbd9-4c607931cc2b_config-0] Success to connect to server [127.0.0.1:8848] on start up, connectionId = 1703468573096_127.0.0.1_3755
09:42:53.349 [com.alibaba.nacos.client.remote.worker] INFO  c.a.n.c.r.client - [printIfInfoEnabled,60] - [f1404321-f8ef-42b9-bbd9-4c607931cc2b_config-0] Notify connected event to listeners.
09:42:53.350 [main] INFO  c.a.n.c.r.client - [printIfInfoEnabled,60] - [f1404321-f8ef-42b9-bbd9-4c607931cc2b_config-0] Register server push request handler:com.alibaba.nacos.common.remote.client.RpcClient$ConnectResetRequestHandler
09:42:53.350 [main] INFO  c.a.n.c.r.client - [printIfInfoEnabled,60] - [f1404321-f8ef-42b9-bbd9-4c607931cc2b_config-0] Register server push request handler:com.alibaba.nacos.common.remote.client.RpcClient$$Lambda$344/1601756706
09:42:53.446 [main] INFO  c.x.i.XmapInformationApplication - [logStartupProfileInfo,637] - The following 1 profile is active: "dev"
09:42:57.121 [main] INFO  o.a.c.c.AprLifecycleListener - [log,173] - Loaded Apache Tomcat Native library [1.2.32] using APR version [1.7.0].
09:42:57.121 [main] INFO  o.a.c.c.AprLifecycleListener - [log,173] - APR capabilities: IPv6 [true], sendfile [true], accept filters [false], random [true], UDS [true].
09:42:57.122 [main] INFO  o.a.c.c.AprLifecycleListener - [log,173] - APR/OpenSSL configuration: useAprConnector [false], useOpenSSL [true]
09:42:57.127 [main] INFO  o.a.c.c.AprLifecycleListener - [log,173] - OpenSSL successfully initialized [OpenSSL 1.1.1n  15 Mar 2022]
09:42:57.147 [main] INFO  o.a.c.h.Http11NioProtocol - [log,173] - Initializing ProtocolHandler ["http-nio-9211"]
09:42:57.148 [main] INFO  o.a.c.c.StandardService - [log,173] - Starting service [Tomcat]
09:42:57.148 [main] INFO  o.a.c.c.StandardEngine - [log,173] - Starting Servlet engine: [Apache Tomcat/9.0.70]
09:42:57.387 [main] INFO  o.a.c.c.C.[.[.[/] - [log,173] - Initializing Spring embedded WebApplicationContext
09:42:59.255 [main] INFO  c.a.d.p.DruidDataSource - [init,996] - {dataSource-1,master} inited
09:42:59.256 [main] INFO  c.b.d.d.DynamicRoutingDataSource - [addDataSource,154] - dynamic-datasource - add a datasource named [master] success
09:42:59.257 [main] INFO  c.b.d.d.DynamicRoutingDataSource - [afterPropertiesSet,234] - dynamic-datasource initial loaded [1] datasource,primary datasource named [master]
09:43:01.577 [main] INFO  c.a.c.s.SentinelWebMvcConfigurer - [addInterceptors,52] - [Sentinel Starter] register SentinelWebInterceptor with urlPatterns: [/**].
09:43:06.719 [main] INFO  c.a.n.c.r.client - [lambda$createClient$0,80] - [RpcClientFactory] create a new rpc client of 6ae612ce-ee22-4a2e-a769-c2bd7499a023
09:43:06.719 [main] INFO  c.a.n.c.r.client - [printIfInfoEnabled,60] - [6ae612ce-ee22-4a2e-a769-c2bd7499a023] RpcClient init label, labels = {module=naming, source=sdk}
09:43:06.721 [main] INFO  c.a.n.c.r.client - [printIfInfoEnabled,60] - [6ae612ce-ee22-4a2e-a769-c2bd7499a023] RpcClient init, ServerListFactory = com.alibaba.nacos.client.naming.core.ServerListManager
09:43:06.721 [main] INFO  c.a.n.c.r.client - [printIfInfoEnabled,60] - [6ae612ce-ee22-4a2e-a769-c2bd7499a023] Registry connection listener to current client:com.alibaba.nacos.client.naming.remote.gprc.redo.NamingGrpcRedoService
09:43:06.722 [main] INFO  c.a.n.c.r.client - [printIfInfoEnabled,60] - [6ae612ce-ee22-4a2e-a769-c2bd7499a023] Register server push request handler:com.alibaba.nacos.client.naming.remote.gprc.NamingPushRequestHandler
09:43:06.722 [main] INFO  c.a.n.c.r.client - [printIfInfoEnabled,60] - [6ae612ce-ee22-4a2e-a769-c2bd7499a023] Try to connect to server on start up, server: {serverIp = '127.0.0.1', server main port = 8848}
09:43:06.846 [main] INFO  c.a.n.c.r.client - [printIfInfoEnabled,60] - [6ae612ce-ee22-4a2e-a769-c2bd7499a023] Success to connect to server [127.0.0.1:8848] on start up, connectionId = 1703468586727_127.0.0.1_3861
09:43:06.846 [main] INFO  c.a.n.c.r.client - [printIfInfoEnabled,60] - [6ae612ce-ee22-4a2e-a769-c2bd7499a023] Register server push request handler:com.alibaba.nacos.common.remote.client.RpcClient$ConnectResetRequestHandler
09:43:06.846 [com.alibaba.nacos.client.remote.worker] INFO  c.a.n.c.r.client - [printIfInfoEnabled,60] - [6ae612ce-ee22-4a2e-a769-c2bd7499a023] Notify connected event to listeners.
09:43:06.847 [main] INFO  c.a.n.c.r.client - [printIfInfoEnabled,60] - [6ae612ce-ee22-4a2e-a769-c2bd7499a023] Register server push request handler:com.alibaba.nacos.common.remote.client.RpcClient$$Lambda$344/1601756706
09:43:06.889 [main] INFO  o.a.c.h.Http11NioProtocol - [log,173] - Starting ProtocolHandler ["http-nio-9211"]
09:43:06.934 [main] INFO  c.a.c.n.r.NacosServiceRegistry - [register,75] - nacos registry, DEFAULT_GROUP xmap-information 10.100.60.135:9211 register finished
09:43:07.453 [nacos-grpc-client-executor-7] INFO  c.a.n.c.r.client - [printIfInfoEnabled,60] - [6ae612ce-ee22-4a2e-a769-c2bd7499a023] Receive server push request, request = NotifySubscriberRequest, requestId = 4
09:43:07.458 [nacos-grpc-client-executor-7] INFO  c.a.n.c.r.client - [printIfInfoEnabled,60] - [6ae612ce-ee22-4a2e-a769-c2bd7499a023] Ack server push request, request = NotifySubscriberRequest, requestId = 4
09:43:09.192 [main] INFO  c.x.i.XmapInformationApplication - [logStarted,61] - Started XmapInformationApplication in 24.105 seconds (JVM running for 25.981)
09:43:09.202 [main] INFO  c.a.c.n.r.NacosContextRefresher - [registerNacosListener,129] - [Nacos Config] Listening config: dataId=xmap-information-dev.yml, group=DEFAULT_GROUP
09:43:09.202 [main] INFO  c.a.c.n.r.NacosContextRefresher - [registerNacosListener,129] - [Nacos Config] Listening config: dataId=xmap-information.yml, group=DEFAULT_GROUP
09:43:09.203 [main] INFO  c.a.c.n.r.NacosContextRefresher - [registerNacosListener,129] - [Nacos Config] Listening config: dataId=xmap-information, group=DEFAULT_GROUP
09:43:09.681 [RMI TCP Connection(3)-192.168.137.1] INFO  o.a.c.c.C.[.[.[/] - [log,173] - Initializing Spring DispatcherServlet 'dispatcherServlet'
15:27:15.404 [com.alibaba.nacos.client.remote.worker] INFO  c.a.n.c.r.client - [printIfInfoEnabled,60] - [6ae612ce-ee22-4a2e-a769-c2bd7499a023] Try to reconnect to a new server, server is  not appointed, will choose a random server.
15:27:15.404 [com.alibaba.nacos.client.remote.worker] INFO  c.a.n.c.r.client - [printIfInfoEnabled,60] - [f1404321-f8ef-42b9-bbd9-4c607931cc2b_config-0] Try to reconnect to a new server, server is  not appointed, will choose a random server.
15:27:19.777 [com.alibaba.nacos.client.remote.worker] INFO  c.a.n.c.r.client - [printIfInfoEnabled,60] - [6ae612ce-ee22-4a2e-a769-c2bd7499a023] Fail to connect server, after trying 1 times, last try server is {serverIp = '127.0.0.1', server main port = 8848}, error = unknown
15:27:19.778 [com.alibaba.nacos.client.remote.worker] INFO  c.a.n.c.r.client - [printIfInfoEnabled,60] - [f1404321-f8ef-42b9-bbd9-4c607931cc2b_config-0] Fail to connect server, after trying 1 times, last try server is {serverIp = '127.0.0.1', server main port = 8848}, error = unknown
15:27:20.221 [SpringApplicationShutdownHook] INFO  c.a.c.n.r.NacosServiceRegistry - [deregister,94] - De-registering from Nacos Server now...
15:27:20.557 [SpringApplicationShutdownHook] INFO  c.a.c.n.r.NacosServiceRegistry - [deregister,114] - De-registration finished.
15:27:20.912 [SpringApplicationShutdownHook] INFO  c.a.n.c.r.client - [shutdown,454] - Shutdown rpc client, set status to shutdown
15:27:20.913 [SpringApplicationShutdownHook] INFO  c.a.n.c.r.client - [shutdown,456] - Shutdown client event executor java.util.concurrent.ScheduledThreadPoolExecutor@211053e5[Running, pool size = 2, active threads = 2, queued tasks = 0, completed tasks = 0]
15:27:20.913 [SpringApplicationShutdownHook] INFO  c.a.n.c.r.client - [closeConnection,591] - Close current connection 1703468586727_127.0.0.1_3861
15:27:20.914 [SpringApplicationShutdownHook] INFO  c.a.n.c.r.c.g.GrpcClient - [shutdown,85] - Shutdown grpc executor java.util.concurrent.ThreadPoolExecutor@3784df89[Running, pool size = 7, active threads = 0, queued tasks = 0, completed tasks = 4139]
15:27:20.914 [com.alibaba.nacos.client.remote.worker] INFO  c.a.n.c.r.client - [closeConnection,591] - Close current connection 1703468586727_127.0.0.1_3861
15:27:20.914 [com.alibaba.nacos.client.remote.worker] INFO  c.a.n.c.r.client - [printIfInfoEnabled,60] - [6ae612ce-ee22-4a2e-a769-c2bd7499a023] Fail to connect server, after trying 2 times, last try server is {serverIp = '127.0.0.1', server main port = 8848}, error = unknown
15:27:21.102 [SpringApplicationShutdownHook] INFO  c.b.d.d.DynamicRoutingDataSource - [destroy,211] - dynamic-datasource start closing ....
15:27:21.173 [SpringApplicationShutdownHook] INFO  c.a.d.p.DruidDataSource - [close,2138] - {dataSource-1} closing ...
15:27:21.216 [com.alibaba.nacos.client.remote.worker] INFO  c.a.n.c.r.client - [printIfInfoEnabled,60] - [6ae612ce-ee22-4a2e-a769-c2bd7499a023] Client is shutdown, stop reconnect to server
15:27:21.245 [SpringApplicationShutdownHook] INFO  c.a.d.p.DruidDataSource - [close,2211] - {dataSource-1} closed
15:27:21.246 [SpringApplicationShutdownHook] INFO  c.b.d.d.DynamicRoutingDataSource - [destroy,215] - dynamic-datasource all closed success,bye
