14:06:26.174 [background-preinit] INFO  o.h.v.i.util.Version - [<clinit>,21] - HV000001: Hibernate Validator 6.2.5.Final
14:06:28.426 [main] INFO  c.a.n.c.r.client - [lambda$createClient$0,80] - [RpcClientFactory] create a new rpc client of 81ce33f9-567e-4177-92ae-06359d53dbb9_config-0
14:06:28.475 [main] INFO  o.r.Reflections - [scan,232] - Reflections took 31 ms to scan 1 urls, producing 3 keys and 6 values 
14:06:28.505 [main] INFO  o.r.Reflections - [scan,232] - Reflections took 14 ms to scan 1 urls, producing 4 keys and 9 values 
14:06:28.527 [main] INFO  o.r.Reflections - [scan,232] - Reflections took 19 ms to scan 1 urls, producing 3 keys and 10 values 
14:06:28.973 [main] INFO  o.r.Reflections - [scan,232] - Reflections took 436 ms to scan 199 urls, producing 0 keys and 0 values 
14:06:28.990 [main] INFO  o.r.Reflections - [scan,232] - Reflections took 15 ms to scan 1 urls, producing 1 keys and 5 values 
14:06:29.010 [main] INFO  o.r.Reflections - [scan,232] - Reflections took 17 ms to scan 1 urls, producing 1 keys and 7 values 
14:06:29.027 [main] INFO  o.r.Reflections - [scan,232] - Reflections took 15 ms to scan 1 urls, producing 2 keys and 8 values 
14:06:29.233 [main] INFO  o.r.Reflections - [scan,232] - Reflections took 203 ms to scan 199 urls, producing 0 keys and 0 values 
14:06:29.234 [main] INFO  c.a.n.c.r.client - [printIfInfoEnabled,60] - [81ce33f9-567e-4177-92ae-06359d53dbb9_config-0] RpcClient init label, labels = {module=config, Vipserver-Tag=null, source=sdk, Amory-Tag=null, Location-Tag=null, taskId=0, AppName=unknown}
14:06:29.235 [main] INFO  c.a.n.c.r.client - [printIfInfoEnabled,60] - [81ce33f9-567e-4177-92ae-06359d53dbb9_config-0] Register server push request handler:com.alibaba.nacos.client.config.impl.ClientWorker$ConfigRpcTransportClient$$Lambda$335/1752535057
14:06:29.235 [main] INFO  c.a.n.c.r.client - [printIfInfoEnabled,60] - [81ce33f9-567e-4177-92ae-06359d53dbb9_config-0] Register server push request handler:com.alibaba.nacos.client.config.impl.ClientWorker$ConfigRpcTransportClient$$Lambda$336/2116299597
14:06:29.236 [main] INFO  c.a.n.c.r.client - [printIfInfoEnabled,60] - [81ce33f9-567e-4177-92ae-06359d53dbb9_config-0] Registry connection listener to current client:com.alibaba.nacos.client.config.impl.ClientWorker$ConfigRpcTransportClient$1
14:06:29.236 [main] INFO  c.a.n.c.r.client - [printIfInfoEnabled,60] - [81ce33f9-567e-4177-92ae-06359d53dbb9_config-0] RpcClient init, ServerListFactory = com.alibaba.nacos.client.config.impl.ClientWorker$ConfigRpcTransportClient$2
14:06:29.245 [main] INFO  c.a.n.c.r.client - [printIfInfoEnabled,60] - [81ce33f9-567e-4177-92ae-06359d53dbb9_config-0] Try to connect to server on start up, server: {serverIp = '127.0.0.1', server main port = 8848}
14:06:32.764 [main] INFO  c.a.n.c.r.client - [printIfInfoEnabled,60] - [81ce33f9-567e-4177-92ae-06359d53dbb9_config-0] Success to connect to server [127.0.0.1:8848] on start up, connectionId = 1699855592513_127.0.0.1_14862
14:06:32.765 [main] INFO  c.a.n.c.r.client - [printIfInfoEnabled,60] - [81ce33f9-567e-4177-92ae-06359d53dbb9_config-0] Register server push request handler:com.alibaba.nacos.common.remote.client.RpcClient$ConnectResetRequestHandler
14:06:32.764 [com.alibaba.nacos.client.remote.worker] INFO  c.a.n.c.r.client - [printIfInfoEnabled,60] - [81ce33f9-567e-4177-92ae-06359d53dbb9_config-0] Notify connected event to listeners.
14:06:32.765 [main] INFO  c.a.n.c.r.client - [printIfInfoEnabled,60] - [81ce33f9-567e-4177-92ae-06359d53dbb9_config-0] Register server push request handler:com.alibaba.nacos.common.remote.client.RpcClient$$Lambda$344/812168041
14:06:32.835 [main] INFO  c.x.i.XmapInformationApplication - [logStartupProfileInfo,637] - The following 1 profile is active: "dev"
14:06:35.989 [main] INFO  o.a.c.c.AprLifecycleListener - [log,173] - Loaded Apache Tomcat Native library [1.2.32] using APR version [1.7.0].
14:06:35.989 [main] INFO  o.a.c.c.AprLifecycleListener - [log,173] - APR capabilities: IPv6 [true], sendfile [true], accept filters [false], random [true], UDS [true].
14:06:35.989 [main] INFO  o.a.c.c.AprLifecycleListener - [log,173] - APR/OpenSSL configuration: useAprConnector [false], useOpenSSL [true]
14:06:35.993 [main] INFO  o.a.c.c.AprLifecycleListener - [log,173] - OpenSSL successfully initialized [OpenSSL 1.1.1n  15 Mar 2022]
14:06:36.005 [main] INFO  o.a.c.h.Http11NioProtocol - [log,173] - Initializing ProtocolHandler ["http-nio-9211"]
14:06:36.005 [main] INFO  o.a.c.c.StandardService - [log,173] - Starting service [Tomcat]
14:06:36.005 [main] INFO  o.a.c.c.StandardEngine - [log,173] - Starting Servlet engine: [Apache Tomcat/9.0.70]
14:06:36.211 [main] INFO  o.a.c.c.C.[.[.[/] - [log,173] - Initializing Spring embedded WebApplicationContext
14:06:37.917 [main] INFO  c.a.d.p.DruidDataSource - [init,996] - {dataSource-1,master} inited
14:06:37.919 [main] INFO  c.b.d.d.DynamicRoutingDataSource - [addDataSource,154] - dynamic-datasource - add a datasource named [master] success
14:06:37.919 [main] INFO  c.b.d.d.DynamicRoutingDataSource - [afterPropertiesSet,234] - dynamic-datasource initial loaded [1] datasource,primary datasource named [master]
14:06:39.618 [main] INFO  c.a.c.s.SentinelWebMvcConfigurer - [addInterceptors,52] - [Sentinel Starter] register SentinelWebInterceptor with urlPatterns: [/**].
14:06:43.836 [main] INFO  c.a.n.c.r.client - [lambda$createClient$0,80] - [RpcClientFactory] create a new rpc client of 7ef1926c-aca8-4688-88ce-57f79e0700ee
14:06:43.836 [main] INFO  c.a.n.c.r.client - [printIfInfoEnabled,60] - [7ef1926c-aca8-4688-88ce-57f79e0700ee] RpcClient init label, labels = {module=naming, source=sdk}
14:06:43.837 [main] INFO  c.a.n.c.r.client - [printIfInfoEnabled,60] - [7ef1926c-aca8-4688-88ce-57f79e0700ee] RpcClient init, ServerListFactory = com.alibaba.nacos.client.naming.core.ServerListManager
14:06:43.838 [main] INFO  c.a.n.c.r.client - [printIfInfoEnabled,60] - [7ef1926c-aca8-4688-88ce-57f79e0700ee] Registry connection listener to current client:com.alibaba.nacos.client.naming.remote.gprc.redo.NamingGrpcRedoService
14:06:43.838 [main] INFO  c.a.n.c.r.client - [printIfInfoEnabled,60] - [7ef1926c-aca8-4688-88ce-57f79e0700ee] Register server push request handler:com.alibaba.nacos.client.naming.remote.gprc.NamingPushRequestHandler
14:06:43.838 [main] INFO  c.a.n.c.r.client - [printIfInfoEnabled,60] - [7ef1926c-aca8-4688-88ce-57f79e0700ee] Try to connect to server on start up, server: {serverIp = '127.0.0.1', server main port = 8848}
14:06:43.961 [main] INFO  c.a.n.c.r.client - [printIfInfoEnabled,60] - [7ef1926c-aca8-4688-88ce-57f79e0700ee] Success to connect to server [127.0.0.1:8848] on start up, connectionId = 1699855603844_127.0.0.1_14924
14:06:43.961 [main] INFO  c.a.n.c.r.client - [printIfInfoEnabled,60] - [7ef1926c-aca8-4688-88ce-57f79e0700ee] Register server push request handler:com.alibaba.nacos.common.remote.client.RpcClient$ConnectResetRequestHandler
14:06:43.961 [com.alibaba.nacos.client.remote.worker] INFO  c.a.n.c.r.client - [printIfInfoEnabled,60] - [7ef1926c-aca8-4688-88ce-57f79e0700ee] Notify connected event to listeners.
14:06:43.961 [main] INFO  c.a.n.c.r.client - [printIfInfoEnabled,60] - [7ef1926c-aca8-4688-88ce-57f79e0700ee] Register server push request handler:com.alibaba.nacos.common.remote.client.RpcClient$$Lambda$344/812168041
14:06:43.987 [main] INFO  o.a.c.h.Http11NioProtocol - [log,173] - Starting ProtocolHandler ["http-nio-9211"]
14:06:44.013 [main] INFO  c.a.c.n.r.NacosServiceRegistry - [register,75] - nacos registry, DEFAULT_GROUP xmap-information 10.100.60.135:9211 register finished
14:06:44.549 [nacos-grpc-client-executor-6] INFO  c.a.n.c.r.client - [printIfInfoEnabled,60] - [7ef1926c-aca8-4688-88ce-57f79e0700ee] Receive server push request, request = NotifySubscriberRequest, requestId = 5
14:06:44.555 [nacos-grpc-client-executor-6] INFO  c.a.n.c.r.client - [printIfInfoEnabled,60] - [7ef1926c-aca8-4688-88ce-57f79e0700ee] Ack server push request, request = NotifySubscriberRequest, requestId = 5
14:06:45.602 [main] INFO  c.x.i.XmapInformationApplication - [logStarted,61] - Started XmapInformationApplication in 21.693 seconds (JVM running for 24.024)
14:06:45.612 [main] INFO  c.a.c.n.r.NacosContextRefresher - [registerNacosListener,129] - [Nacos Config] Listening config: dataId=xmap-information-dev.yml, group=DEFAULT_GROUP
14:06:45.613 [main] INFO  c.a.c.n.r.NacosContextRefresher - [registerNacosListener,129] - [Nacos Config] Listening config: dataId=xmap-information.yml, group=DEFAULT_GROUP
14:06:45.613 [main] INFO  c.a.c.n.r.NacosContextRefresher - [registerNacosListener,129] - [Nacos Config] Listening config: dataId=xmap-information, group=DEFAULT_GROUP
14:06:47.257 [RMI TCP Connection(9)-192.168.137.1] INFO  o.a.c.c.C.[.[.[/] - [log,173] - Initializing Spring DispatcherServlet 'dispatcherServlet'
