10:25:31.560 [background-preinit] INFO  o.h.v.i.util.Version - [<clinit>,21] - HV000001: Hibernate Validator 6.2.5.Final
10:25:33.230 [main] INFO  c.a.n.c.r.client - [lambda$createClient$0,80] - [RpcClientFactory] create a new rpc client of 1bcc1d52-00ce-4948-8d56-0a684f2a773e_config-0
10:25:33.277 [main] INFO  o.r.Reflections - [scan,232] - Reflections took 31 ms to scan 1 urls, producing 3 keys and 6 values 
10:25:33.302 [main] INFO  o.r.Reflections - [scan,232] - Reflections took 13 ms to scan 1 urls, producing 4 keys and 9 values 
10:25:33.320 [main] INFO  o.r.Reflections - [scan,232] - Reflections took 16 ms to scan 1 urls, producing 3 keys and 10 values 
10:25:33.577 [main] INFO  o.r.Reflections - [scan,232] - Reflections took 254 ms to scan 204 urls, producing 0 keys and 0 values 
10:25:33.588 [main] INFO  o.r.Reflections - [scan,232] - Reflections took 10 ms to scan 1 urls, producing 1 keys and 5 values 
10:25:33.601 [main] INFO  o.r.Reflections - [scan,232] - Reflections took 11 ms to scan 1 urls, producing 1 keys and 7 values 
10:25:33.616 [main] INFO  o.r.Reflections - [scan,232] - Reflections took 13 ms to scan 1 urls, producing 2 keys and 8 values 
10:25:33.792 [main] INFO  o.r.Reflections - [scan,232] - Reflections took 172 ms to scan 204 urls, producing 0 keys and 0 values 
10:25:33.793 [main] INFO  c.a.n.c.r.client - [printIfInfoEnabled,60] - [1bcc1d52-00ce-4948-8d56-0a684f2a773e_config-0] RpcClient init label, labels = {module=config, Vipserver-Tag=null, source=sdk, Amory-Tag=null, Location-Tag=null, taskId=0, AppName=unknown}
10:25:33.794 [main] INFO  c.a.n.c.r.client - [printIfInfoEnabled,60] - [1bcc1d52-00ce-4948-8d56-0a684f2a773e_config-0] Register server push request handler:com.alibaba.nacos.client.config.impl.ClientWorker$ConfigRpcTransportClient$$Lambda$335/1950136544
10:25:33.795 [main] INFO  c.a.n.c.r.client - [printIfInfoEnabled,60] - [1bcc1d52-00ce-4948-8d56-0a684f2a773e_config-0] Register server push request handler:com.alibaba.nacos.client.config.impl.ClientWorker$ConfigRpcTransportClient$$Lambda$336/209360730
10:25:33.795 [main] INFO  c.a.n.c.r.client - [printIfInfoEnabled,60] - [1bcc1d52-00ce-4948-8d56-0a684f2a773e_config-0] Registry connection listener to current client:com.alibaba.nacos.client.config.impl.ClientWorker$ConfigRpcTransportClient$1
10:25:33.796 [main] INFO  c.a.n.c.r.client - [printIfInfoEnabled,60] - [1bcc1d52-00ce-4948-8d56-0a684f2a773e_config-0] RpcClient init, ServerListFactory = com.alibaba.nacos.client.config.impl.ClientWorker$ConfigRpcTransportClient$2
10:25:33.810 [main] INFO  c.a.n.c.r.client - [printIfInfoEnabled,60] - [1bcc1d52-00ce-4948-8d56-0a684f2a773e_config-0] Try to connect to server on start up, server: {serverIp = '127.0.0.1', server main port = 8848}
10:25:37.257 [main] INFO  c.a.n.c.r.client - [printIfInfoEnabled,60] - [1bcc1d52-00ce-4948-8d56-0a684f2a773e_config-0] Success to connect to server [127.0.0.1:8848] on start up, connectionId = 1702347936959_127.0.0.1_6515
10:25:37.257 [com.alibaba.nacos.client.remote.worker] INFO  c.a.n.c.r.client - [printIfInfoEnabled,60] - [1bcc1d52-00ce-4948-8d56-0a684f2a773e_config-0] Notify connected event to listeners.
10:25:37.257 [main] INFO  c.a.n.c.r.client - [printIfInfoEnabled,60] - [1bcc1d52-00ce-4948-8d56-0a684f2a773e_config-0] Register server push request handler:com.alibaba.nacos.common.remote.client.RpcClient$ConnectResetRequestHandler
10:25:37.258 [main] INFO  c.a.n.c.r.client - [printIfInfoEnabled,60] - [1bcc1d52-00ce-4948-8d56-0a684f2a773e_config-0] Register server push request handler:com.alibaba.nacos.common.remote.client.RpcClient$$Lambda$344/1601756706
10:25:37.338 [main] INFO  c.x.i.XmapInformationApplication - [logStartupProfileInfo,637] - The following 1 profile is active: "dev"
10:25:40.633 [main] INFO  o.a.c.c.AprLifecycleListener - [log,173] - Loaded Apache Tomcat Native library [1.2.32] using APR version [1.7.0].
10:25:40.633 [main] INFO  o.a.c.c.AprLifecycleListener - [log,173] - APR capabilities: IPv6 [true], sendfile [true], accept filters [false], random [true], UDS [true].
10:25:40.633 [main] INFO  o.a.c.c.AprLifecycleListener - [log,173] - APR/OpenSSL configuration: useAprConnector [false], useOpenSSL [true]
10:25:40.638 [main] INFO  o.a.c.c.AprLifecycleListener - [log,173] - OpenSSL successfully initialized [OpenSSL 1.1.1n  15 Mar 2022]
10:25:40.656 [main] INFO  o.a.c.h.Http11NioProtocol - [log,173] - Initializing ProtocolHandler ["http-nio-9211"]
10:25:40.657 [main] INFO  o.a.c.c.StandardService - [log,173] - Starting service [Tomcat]
10:25:40.657 [main] INFO  o.a.c.c.StandardEngine - [log,173] - Starting Servlet engine: [Apache Tomcat/9.0.70]
10:25:40.880 [main] INFO  o.a.c.c.C.[.[.[/] - [log,173] - Initializing Spring embedded WebApplicationContext
10:25:43.069 [main] INFO  c.a.d.p.DruidDataSource - [init,996] - {dataSource-1,master} inited
10:25:43.070 [main] INFO  c.b.d.d.DynamicRoutingDataSource - [addDataSource,154] - dynamic-datasource - add a datasource named [master] success
10:25:43.070 [main] INFO  c.b.d.d.DynamicRoutingDataSource - [afterPropertiesSet,234] - dynamic-datasource initial loaded [1] datasource,primary datasource named [master]
10:25:45.817 [main] INFO  c.a.c.s.SentinelWebMvcConfigurer - [addInterceptors,52] - [Sentinel Starter] register SentinelWebInterceptor with urlPatterns: [/**].
10:25:52.409 [main] INFO  c.a.n.c.r.client - [lambda$createClient$0,80] - [RpcClientFactory] create a new rpc client of 9a6ab088-e5cc-433f-a164-e1460043daff
10:25:52.409 [main] INFO  c.a.n.c.r.client - [printIfInfoEnabled,60] - [9a6ab088-e5cc-433f-a164-e1460043daff] RpcClient init label, labels = {module=naming, source=sdk}
10:25:52.411 [main] INFO  c.a.n.c.r.client - [printIfInfoEnabled,60] - [9a6ab088-e5cc-433f-a164-e1460043daff] RpcClient init, ServerListFactory = com.alibaba.nacos.client.naming.core.ServerListManager
10:25:52.411 [main] INFO  c.a.n.c.r.client - [printIfInfoEnabled,60] - [9a6ab088-e5cc-433f-a164-e1460043daff] Registry connection listener to current client:com.alibaba.nacos.client.naming.remote.gprc.redo.NamingGrpcRedoService
10:25:52.412 [main] INFO  c.a.n.c.r.client - [printIfInfoEnabled,60] - [9a6ab088-e5cc-433f-a164-e1460043daff] Register server push request handler:com.alibaba.nacos.client.naming.remote.gprc.NamingPushRequestHandler
10:25:52.413 [main] INFO  c.a.n.c.r.client - [printIfInfoEnabled,60] - [9a6ab088-e5cc-433f-a164-e1460043daff] Try to connect to server on start up, server: {serverIp = '127.0.0.1', server main port = 8848}
10:25:52.538 [main] INFO  c.a.n.c.r.client - [printIfInfoEnabled,60] - [9a6ab088-e5cc-433f-a164-e1460043daff] Success to connect to server [127.0.0.1:8848] on start up, connectionId = 1702347952421_127.0.0.1_6601
10:25:52.538 [com.alibaba.nacos.client.remote.worker] INFO  c.a.n.c.r.client - [printIfInfoEnabled,60] - [9a6ab088-e5cc-433f-a164-e1460043daff] Notify connected event to listeners.
10:25:52.538 [main] INFO  c.a.n.c.r.client - [printIfInfoEnabled,60] - [9a6ab088-e5cc-433f-a164-e1460043daff] Register server push request handler:com.alibaba.nacos.common.remote.client.RpcClient$ConnectResetRequestHandler
10:25:52.538 [main] INFO  c.a.n.c.r.client - [printIfInfoEnabled,60] - [9a6ab088-e5cc-433f-a164-e1460043daff] Register server push request handler:com.alibaba.nacos.common.remote.client.RpcClient$$Lambda$344/1601756706
10:25:52.593 [main] INFO  o.a.c.h.Http11NioProtocol - [log,173] - Starting ProtocolHandler ["http-nio-9211"]
10:25:52.710 [main] INFO  c.a.c.n.r.NacosServiceRegistry - [register,75] - nacos registry, DEFAULT_GROUP xmap-information 10.100.60.135:9211 register finished
10:25:53.169 [nacos-grpc-client-executor-10] INFO  c.a.n.c.r.client - [printIfInfoEnabled,60] - [9a6ab088-e5cc-433f-a164-e1460043daff] Receive server push request, request = NotifySubscriberRequest, requestId = 5
10:25:53.175 [nacos-grpc-client-executor-10] INFO  c.a.n.c.r.client - [printIfInfoEnabled,60] - [9a6ab088-e5cc-433f-a164-e1460043daff] Ack server push request, request = NotifySubscriberRequest, requestId = 5
10:25:55.668 [main] INFO  c.x.i.XmapInformationApplication - [logStarted,61] - Started XmapInformationApplication in 25.755 seconds (JVM running for 28.72)
10:25:55.679 [main] INFO  c.a.c.n.r.NacosContextRefresher - [registerNacosListener,129] - [Nacos Config] Listening config: dataId=xmap-information-dev.yml, group=DEFAULT_GROUP
10:25:55.680 [main] INFO  c.a.c.n.r.NacosContextRefresher - [registerNacosListener,129] - [Nacos Config] Listening config: dataId=xmap-information.yml, group=DEFAULT_GROUP
10:25:55.681 [main] INFO  c.a.c.n.r.NacosContextRefresher - [registerNacosListener,129] - [Nacos Config] Listening config: dataId=xmap-information, group=DEFAULT_GROUP
10:25:57.922 [RMI TCP Connection(7)-192.168.137.1] INFO  o.a.c.c.C.[.[.[/] - [log,173] - Initializing Spring DispatcherServlet 'dispatcherServlet'
