10:50:58.192 [background-preinit] INFO  o.h.v.i.util.Version - [<clinit>,21] - HV000001: Hibernate Validator 6.2.5.Final
10:50:59.652 [main] INFO  c.a.n.c.r.client - [lambda$createClient$0,80] - [RpcClientFactory] create a new rpc client of d2e33278-0095-4b7f-b7ea-448bd484fdbe_config-0
10:50:59.701 [main] INFO  o.r.Reflections - [scan,232] - Reflections took 29 ms to scan 1 urls, producing 3 keys and 6 values 
10:50:59.728 [main] INFO  o.r.Reflections - [scan,232] - Reflections took 14 ms to scan 1 urls, producing 4 keys and 9 values 
10:50:59.749 [main] INFO  o.r.Reflections - [scan,232] - Reflections took 18 ms to scan 1 urls, producing 3 keys and 10 values 
10:51:00.080 [main] INFO  o.r.Reflections - [scan,232] - Reflections took 326 ms to scan 199 urls, producing 0 keys and 0 values 
10:51:00.091 [main] INFO  o.r.Reflections - [scan,232] - Reflections took 10 ms to scan 1 urls, producing 1 keys and 5 values 
10:51:00.104 [main] INFO  o.r.Reflections - [scan,232] - Reflections took 10 ms to scan 1 urls, producing 1 keys and 7 values 
10:51:00.123 [main] INFO  o.r.Reflections - [scan,232] - Reflections took 16 ms to scan 1 urls, producing 2 keys and 8 values 
10:51:00.304 [main] INFO  o.r.Reflections - [scan,232] - Reflections took 179 ms to scan 199 urls, producing 0 keys and 0 values 
10:51:00.307 [main] INFO  c.a.n.c.r.client - [printIfInfoEnabled,60] - [d2e33278-0095-4b7f-b7ea-448bd484fdbe_config-0] RpcClient init label, labels = {module=config, Vipserver-Tag=null, source=sdk, Amory-Tag=null, Location-Tag=null, taskId=0, AppName=unknown}
10:51:00.309 [main] INFO  c.a.n.c.r.client - [printIfInfoEnabled,60] - [d2e33278-0095-4b7f-b7ea-448bd484fdbe_config-0] Register server push request handler:com.alibaba.nacos.client.config.impl.ClientWorker$ConfigRpcTransportClient$$Lambda$335/1752535057
10:51:00.311 [main] INFO  c.a.n.c.r.client - [printIfInfoEnabled,60] - [d2e33278-0095-4b7f-b7ea-448bd484fdbe_config-0] Register server push request handler:com.alibaba.nacos.client.config.impl.ClientWorker$ConfigRpcTransportClient$$Lambda$336/2116299597
10:51:00.313 [main] INFO  c.a.n.c.r.client - [printIfInfoEnabled,60] - [d2e33278-0095-4b7f-b7ea-448bd484fdbe_config-0] Registry connection listener to current client:com.alibaba.nacos.client.config.impl.ClientWorker$ConfigRpcTransportClient$1
10:51:00.315 [main] INFO  c.a.n.c.r.client - [printIfInfoEnabled,60] - [d2e33278-0095-4b7f-b7ea-448bd484fdbe_config-0] RpcClient init, ServerListFactory = com.alibaba.nacos.client.config.impl.ClientWorker$ConfigRpcTransportClient$2
10:51:00.331 [main] INFO  c.a.n.c.r.client - [printIfInfoEnabled,60] - [d2e33278-0095-4b7f-b7ea-448bd484fdbe_config-0] Try to connect to server on start up, server: {serverIp = '127.0.0.1', server main port = 8848}
10:51:03.319 [main] INFO  c.a.n.c.r.client - [printIfInfoEnabled,60] - [d2e33278-0095-4b7f-b7ea-448bd484fdbe_config-0] Success to connect to server [127.0.0.1:8848] on start up, connectionId = 1700189463055_127.0.0.1_7577
10:51:03.320 [com.alibaba.nacos.client.remote.worker] INFO  c.a.n.c.r.client - [printIfInfoEnabled,60] - [d2e33278-0095-4b7f-b7ea-448bd484fdbe_config-0] Notify connected event to listeners.
10:51:03.320 [main] INFO  c.a.n.c.r.client - [printIfInfoEnabled,60] - [d2e33278-0095-4b7f-b7ea-448bd484fdbe_config-0] Register server push request handler:com.alibaba.nacos.common.remote.client.RpcClient$ConnectResetRequestHandler
10:51:03.320 [main] INFO  c.a.n.c.r.client - [printIfInfoEnabled,60] - [d2e33278-0095-4b7f-b7ea-448bd484fdbe_config-0] Register server push request handler:com.alibaba.nacos.common.remote.client.RpcClient$$Lambda$344/812168041
10:51:03.388 [main] INFO  c.x.i.XmapInformationApplication - [logStartupProfileInfo,637] - The following 1 profile is active: "dev"
10:51:06.206 [main] INFO  o.a.c.c.AprLifecycleListener - [log,173] - Loaded Apache Tomcat Native library [1.2.32] using APR version [1.7.0].
10:51:06.206 [main] INFO  o.a.c.c.AprLifecycleListener - [log,173] - APR capabilities: IPv6 [true], sendfile [true], accept filters [false], random [true], UDS [true].
10:51:06.206 [main] INFO  o.a.c.c.AprLifecycleListener - [log,173] - APR/OpenSSL configuration: useAprConnector [false], useOpenSSL [true]
10:51:06.210 [main] INFO  o.a.c.c.AprLifecycleListener - [log,173] - OpenSSL successfully initialized [OpenSSL 1.1.1n  15 Mar 2022]
10:51:06.224 [main] INFO  o.a.c.h.Http11NioProtocol - [log,173] - Initializing ProtocolHandler ["http-nio-9211"]
10:51:06.224 [main] INFO  o.a.c.c.StandardService - [log,173] - Starting service [Tomcat]
10:51:06.224 [main] INFO  o.a.c.c.StandardEngine - [log,173] - Starting Servlet engine: [Apache Tomcat/9.0.70]
10:51:06.393 [main] INFO  o.a.c.c.C.[.[.[/] - [log,173] - Initializing Spring embedded WebApplicationContext
10:51:07.903 [main] INFO  c.a.d.p.DruidDataSource - [init,996] - {dataSource-1,master} inited
10:51:07.904 [main] INFO  c.b.d.d.DynamicRoutingDataSource - [addDataSource,154] - dynamic-datasource - add a datasource named [master] success
10:51:07.904 [main] INFO  c.b.d.d.DynamicRoutingDataSource - [afterPropertiesSet,234] - dynamic-datasource initial loaded [1] datasource,primary datasource named [master]
10:51:09.791 [main] INFO  c.a.c.s.SentinelWebMvcConfigurer - [addInterceptors,52] - [Sentinel Starter] register SentinelWebInterceptor with urlPatterns: [/**].
10:51:14.107 [main] INFO  c.a.n.c.r.client - [lambda$createClient$0,80] - [RpcClientFactory] create a new rpc client of 4b9a14b9-666d-4080-a02d-771de3f2fcda
10:51:14.107 [main] INFO  c.a.n.c.r.client - [printIfInfoEnabled,60] - [4b9a14b9-666d-4080-a02d-771de3f2fcda] RpcClient init label, labels = {module=naming, source=sdk}
10:51:14.109 [main] INFO  c.a.n.c.r.client - [printIfInfoEnabled,60] - [4b9a14b9-666d-4080-a02d-771de3f2fcda] RpcClient init, ServerListFactory = com.alibaba.nacos.client.naming.core.ServerListManager
10:51:14.109 [main] INFO  c.a.n.c.r.client - [printIfInfoEnabled,60] - [4b9a14b9-666d-4080-a02d-771de3f2fcda] Registry connection listener to current client:com.alibaba.nacos.client.naming.remote.gprc.redo.NamingGrpcRedoService
10:51:14.109 [main] INFO  c.a.n.c.r.client - [printIfInfoEnabled,60] - [4b9a14b9-666d-4080-a02d-771de3f2fcda] Register server push request handler:com.alibaba.nacos.client.naming.remote.gprc.NamingPushRequestHandler
10:51:14.109 [main] INFO  c.a.n.c.r.client - [printIfInfoEnabled,60] - [4b9a14b9-666d-4080-a02d-771de3f2fcda] Try to connect to server on start up, server: {serverIp = '127.0.0.1', server main port = 8848}
10:51:14.222 [main] INFO  c.a.n.c.r.client - [printIfInfoEnabled,60] - [4b9a14b9-666d-4080-a02d-771de3f2fcda] Success to connect to server [127.0.0.1:8848] on start up, connectionId = 1700189474114_127.0.0.1_7598
10:51:14.222 [main] INFO  c.a.n.c.r.client - [printIfInfoEnabled,60] - [4b9a14b9-666d-4080-a02d-771de3f2fcda] Register server push request handler:com.alibaba.nacos.common.remote.client.RpcClient$ConnectResetRequestHandler
10:51:14.222 [com.alibaba.nacos.client.remote.worker] INFO  c.a.n.c.r.client - [printIfInfoEnabled,60] - [4b9a14b9-666d-4080-a02d-771de3f2fcda] Notify connected event to listeners.
10:51:14.222 [main] INFO  c.a.n.c.r.client - [printIfInfoEnabled,60] - [4b9a14b9-666d-4080-a02d-771de3f2fcda] Register server push request handler:com.alibaba.nacos.common.remote.client.RpcClient$$Lambda$344/812168041
10:51:14.254 [main] INFO  o.a.c.h.Http11NioProtocol - [log,173] - Starting ProtocolHandler ["http-nio-9211"]
10:51:14.283 [main] INFO  c.a.c.n.r.NacosServiceRegistry - [register,75] - nacos registry, DEFAULT_GROUP xmap-information 10.100.60.135:9211 register finished
10:51:14.764 [nacos-grpc-client-executor-5] INFO  c.a.n.c.r.client - [printIfInfoEnabled,60] - [4b9a14b9-666d-4080-a02d-771de3f2fcda] Receive server push request, request = NotifySubscriberRequest, requestId = 7
10:51:14.769 [nacos-grpc-client-executor-5] INFO  c.a.n.c.r.client - [printIfInfoEnabled,60] - [4b9a14b9-666d-4080-a02d-771de3f2fcda] Ack server push request, request = NotifySubscriberRequest, requestId = 7
10:51:16.038 [main] INFO  c.x.i.XmapInformationApplication - [logStarted,61] - Started XmapInformationApplication in 19.276 seconds (JVM running for 20.953)
10:51:16.048 [main] INFO  c.a.c.n.r.NacosContextRefresher - [registerNacosListener,129] - [Nacos Config] Listening config: dataId=xmap-information-dev.yml, group=DEFAULT_GROUP
10:51:16.048 [main] INFO  c.a.c.n.r.NacosContextRefresher - [registerNacosListener,129] - [Nacos Config] Listening config: dataId=xmap-information.yml, group=DEFAULT_GROUP
10:51:16.050 [main] INFO  c.a.c.n.r.NacosContextRefresher - [registerNacosListener,129] - [Nacos Config] Listening config: dataId=xmap-information, group=DEFAULT_GROUP
10:51:17.171 [RMI TCP Connection(1)-192.168.137.1] INFO  o.a.c.c.C.[.[.[/] - [log,173] - Initializing Spring DispatcherServlet 'dispatcherServlet'
11:11:28.016 [SpringApplicationShutdownHook] INFO  c.a.c.n.r.NacosServiceRegistry - [deregister,94] - De-registering from Nacos Server now...
11:11:28.020 [SpringApplicationShutdownHook] INFO  c.a.c.n.r.NacosServiceRegistry - [deregister,114] - De-registration finished.
11:11:28.360 [SpringApplicationShutdownHook] INFO  c.a.n.c.r.client - [shutdown,454] - Shutdown rpc client, set status to shutdown
11:11:28.360 [SpringApplicationShutdownHook] INFO  c.a.n.c.r.client - [shutdown,456] - Shutdown client event executor java.util.concurrent.ScheduledThreadPoolExecutor@3f131d46[Running, pool size = 2, active threads = 2, queued tasks = 0, completed tasks = 0]
11:11:28.360 [SpringApplicationShutdownHook] INFO  c.a.n.c.r.client - [closeConnection,591] - Close current connection 1700189474114_127.0.0.1_7598
11:11:28.361 [nacos-grpc-client-executor-251] INFO  c.a.n.c.r.c.g.GrpcClient - [printIfInfoEnabled,60] - [1700189474114_127.0.0.1_7598]Ignore complete event,isRunning:false,isAbandon=false
11:11:28.418 [SpringApplicationShutdownHook] INFO  c.a.n.c.r.c.g.GrpcClient - [shutdown,85] - Shutdown grpc executor java.util.concurrent.ThreadPoolExecutor@713727c4[Running, pool size = 5, active threads = 0, queued tasks = 0, completed tasks = 252]
11:11:28.612 [SpringApplicationShutdownHook] INFO  c.b.d.d.DynamicRoutingDataSource - [destroy,211] - dynamic-datasource start closing ....
11:11:28.636 [SpringApplicationShutdownHook] INFO  c.a.d.p.DruidDataSource - [close,2138] - {dataSource-1} closing ...
11:11:28.656 [SpringApplicationShutdownHook] INFO  c.a.d.p.DruidDataSource - [close,2211] - {dataSource-1} closed
11:11:28.657 [SpringApplicationShutdownHook] INFO  c.b.d.d.DynamicRoutingDataSource - [destroy,215] - dynamic-datasource all closed success,bye
11:11:41.910 [background-preinit] INFO  o.h.v.i.util.Version - [<clinit>,21] - HV000001: Hibernate Validator 6.2.5.Final
11:11:43.328 [main] INFO  c.a.n.c.r.client - [lambda$createClient$0,80] - [RpcClientFactory] create a new rpc client of 3d55b65e-07f7-485d-b1ba-1ec6994b5c7d_config-0
11:11:43.372 [main] INFO  o.r.Reflections - [scan,232] - Reflections took 29 ms to scan 1 urls, producing 3 keys and 6 values 
11:11:43.398 [main] INFO  o.r.Reflections - [scan,232] - Reflections took 13 ms to scan 1 urls, producing 4 keys and 9 values 
11:11:43.412 [main] INFO  o.r.Reflections - [scan,232] - Reflections took 11 ms to scan 1 urls, producing 3 keys and 10 values 
11:11:43.609 [main] INFO  o.r.Reflections - [scan,232] - Reflections took 193 ms to scan 199 urls, producing 0 keys and 0 values 
11:11:43.620 [main] INFO  o.r.Reflections - [scan,232] - Reflections took 10 ms to scan 1 urls, producing 1 keys and 5 values 
11:11:43.632 [main] INFO  o.r.Reflections - [scan,232] - Reflections took 10 ms to scan 1 urls, producing 1 keys and 7 values 
11:11:43.652 [main] INFO  o.r.Reflections - [scan,232] - Reflections took 16 ms to scan 1 urls, producing 2 keys and 8 values 
11:11:43.807 [main] INFO  o.r.Reflections - [scan,232] - Reflections took 153 ms to scan 199 urls, producing 0 keys and 0 values 
11:11:43.811 [main] INFO  c.a.n.c.r.client - [printIfInfoEnabled,60] - [3d55b65e-07f7-485d-b1ba-1ec6994b5c7d_config-0] RpcClient init label, labels = {module=config, Vipserver-Tag=null, source=sdk, Amory-Tag=null, Location-Tag=null, taskId=0, AppName=unknown}
11:11:43.812 [main] INFO  c.a.n.c.r.client - [printIfInfoEnabled,60] - [3d55b65e-07f7-485d-b1ba-1ec6994b5c7d_config-0] Register server push request handler:com.alibaba.nacos.client.config.impl.ClientWorker$ConfigRpcTransportClient$$Lambda$335/1752535057
11:11:43.812 [main] INFO  c.a.n.c.r.client - [printIfInfoEnabled,60] - [3d55b65e-07f7-485d-b1ba-1ec6994b5c7d_config-0] Register server push request handler:com.alibaba.nacos.client.config.impl.ClientWorker$ConfigRpcTransportClient$$Lambda$336/2116299597
11:11:43.814 [main] INFO  c.a.n.c.r.client - [printIfInfoEnabled,60] - [3d55b65e-07f7-485d-b1ba-1ec6994b5c7d_config-0] Registry connection listener to current client:com.alibaba.nacos.client.config.impl.ClientWorker$ConfigRpcTransportClient$1
11:11:43.815 [main] INFO  c.a.n.c.r.client - [printIfInfoEnabled,60] - [3d55b65e-07f7-485d-b1ba-1ec6994b5c7d_config-0] RpcClient init, ServerListFactory = com.alibaba.nacos.client.config.impl.ClientWorker$ConfigRpcTransportClient$2
11:11:43.830 [main] INFO  c.a.n.c.r.client - [printIfInfoEnabled,60] - [3d55b65e-07f7-485d-b1ba-1ec6994b5c7d_config-0] Try to connect to server on start up, server: {serverIp = '127.0.0.1', server main port = 8848}
11:11:47.755 [main] INFO  c.a.n.c.r.client - [printIfInfoEnabled,60] - [3d55b65e-07f7-485d-b1ba-1ec6994b5c7d_config-0] Success to connect to server [127.0.0.1:8848] on start up, connectionId = 1700190707385_127.0.0.1_9149
11:11:47.757 [com.alibaba.nacos.client.remote.worker] INFO  c.a.n.c.r.client - [printIfInfoEnabled,60] - [3d55b65e-07f7-485d-b1ba-1ec6994b5c7d_config-0] Notify connected event to listeners.
11:11:47.757 [main] INFO  c.a.n.c.r.client - [printIfInfoEnabled,60] - [3d55b65e-07f7-485d-b1ba-1ec6994b5c7d_config-0] Register server push request handler:com.alibaba.nacos.common.remote.client.RpcClient$ConnectResetRequestHandler
11:11:47.758 [main] INFO  c.a.n.c.r.client - [printIfInfoEnabled,60] - [3d55b65e-07f7-485d-b1ba-1ec6994b5c7d_config-0] Register server push request handler:com.alibaba.nacos.common.remote.client.RpcClient$$Lambda$344/812168041
11:11:47.963 [main] INFO  c.x.i.XmapInformationApplication - [logStartupProfileInfo,637] - The following 1 profile is active: "dev"
11:11:51.682 [main] INFO  o.a.c.c.AprLifecycleListener - [log,173] - Loaded Apache Tomcat Native library [1.2.32] using APR version [1.7.0].
11:11:51.682 [main] INFO  o.a.c.c.AprLifecycleListener - [log,173] - APR capabilities: IPv6 [true], sendfile [true], accept filters [false], random [true], UDS [true].
11:11:51.682 [main] INFO  o.a.c.c.AprLifecycleListener - [log,173] - APR/OpenSSL configuration: useAprConnector [false], useOpenSSL [true]
11:11:51.688 [main] INFO  o.a.c.c.AprLifecycleListener - [log,173] - OpenSSL successfully initialized [OpenSSL 1.1.1n  15 Mar 2022]
11:11:51.702 [main] INFO  o.a.c.h.Http11NioProtocol - [log,173] - Initializing ProtocolHandler ["http-nio-9211"]
11:11:51.702 [main] INFO  o.a.c.c.StandardService - [log,173] - Starting service [Tomcat]
11:11:51.703 [main] INFO  o.a.c.c.StandardEngine - [log,173] - Starting Servlet engine: [Apache Tomcat/9.0.70]
11:11:52.010 [main] INFO  o.a.c.c.C.[.[.[/] - [log,173] - Initializing Spring embedded WebApplicationContext
11:11:53.646 [main] INFO  c.a.d.p.DruidDataSource - [init,996] - {dataSource-1,master} inited
11:11:53.646 [main] INFO  c.b.d.d.DynamicRoutingDataSource - [addDataSource,154] - dynamic-datasource - add a datasource named [master] success
11:11:53.646 [main] INFO  c.b.d.d.DynamicRoutingDataSource - [afterPropertiesSet,234] - dynamic-datasource initial loaded [1] datasource,primary datasource named [master]
11:11:55.363 [main] INFO  c.a.c.s.SentinelWebMvcConfigurer - [addInterceptors,52] - [Sentinel Starter] register SentinelWebInterceptor with urlPatterns: [/**].
11:11:59.272 [main] INFO  c.a.n.c.r.client - [lambda$createClient$0,80] - [RpcClientFactory] create a new rpc client of f8e8157b-4bba-4037-951a-55d47773db17
11:11:59.272 [main] INFO  c.a.n.c.r.client - [printIfInfoEnabled,60] - [f8e8157b-4bba-4037-951a-55d47773db17] RpcClient init label, labels = {module=naming, source=sdk}
11:11:59.276 [main] INFO  c.a.n.c.r.client - [printIfInfoEnabled,60] - [f8e8157b-4bba-4037-951a-55d47773db17] RpcClient init, ServerListFactory = com.alibaba.nacos.client.naming.core.ServerListManager
11:11:59.276 [main] INFO  c.a.n.c.r.client - [printIfInfoEnabled,60] - [f8e8157b-4bba-4037-951a-55d47773db17] Registry connection listener to current client:com.alibaba.nacos.client.naming.remote.gprc.redo.NamingGrpcRedoService
11:11:59.276 [main] INFO  c.a.n.c.r.client - [printIfInfoEnabled,60] - [f8e8157b-4bba-4037-951a-55d47773db17] Register server push request handler:com.alibaba.nacos.client.naming.remote.gprc.NamingPushRequestHandler
11:11:59.276 [main] INFO  c.a.n.c.r.client - [printIfInfoEnabled,60] - [f8e8157b-4bba-4037-951a-55d47773db17] Try to connect to server on start up, server: {serverIp = '127.0.0.1', server main port = 8848}
11:11:59.391 [main] INFO  c.a.n.c.r.client - [printIfInfoEnabled,60] - [f8e8157b-4bba-4037-951a-55d47773db17] Success to connect to server [127.0.0.1:8848] on start up, connectionId = 1700190719280_127.0.0.1_9172
11:11:59.391 [main] INFO  c.a.n.c.r.client - [printIfInfoEnabled,60] - [f8e8157b-4bba-4037-951a-55d47773db17] Register server push request handler:com.alibaba.nacos.common.remote.client.RpcClient$ConnectResetRequestHandler
11:11:59.391 [com.alibaba.nacos.client.remote.worker] INFO  c.a.n.c.r.client - [printIfInfoEnabled,60] - [f8e8157b-4bba-4037-951a-55d47773db17] Notify connected event to listeners.
11:11:59.391 [main] INFO  c.a.n.c.r.client - [printIfInfoEnabled,60] - [f8e8157b-4bba-4037-951a-55d47773db17] Register server push request handler:com.alibaba.nacos.common.remote.client.RpcClient$$Lambda$344/812168041
11:11:59.420 [main] INFO  o.a.c.h.Http11NioProtocol - [log,173] - Starting ProtocolHandler ["http-nio-9211"]
11:11:59.445 [main] INFO  c.a.c.n.r.NacosServiceRegistry - [register,75] - nacos registry, DEFAULT_GROUP xmap-information 10.100.60.135:9211 register finished
11:12:00.014 [nacos-grpc-client-executor-6] INFO  c.a.n.c.r.client - [printIfInfoEnabled,60] - [f8e8157b-4bba-4037-951a-55d47773db17] Receive server push request, request = NotifySubscriberRequest, requestId = 11
11:12:00.019 [nacos-grpc-client-executor-6] INFO  c.a.n.c.r.client - [printIfInfoEnabled,60] - [f8e8157b-4bba-4037-951a-55d47773db17] Ack server push request, request = NotifySubscriberRequest, requestId = 11
11:12:01.070 [main] INFO  c.x.i.XmapInformationApplication - [logStarted,61] - Started XmapInformationApplication in 20.492 seconds (JVM running for 22.089)
11:12:01.080 [main] INFO  c.a.c.n.r.NacosContextRefresher - [registerNacosListener,129] - [Nacos Config] Listening config: dataId=xmap-information-dev.yml, group=DEFAULT_GROUP
11:12:01.081 [main] INFO  c.a.c.n.r.NacosContextRefresher - [registerNacosListener,129] - [Nacos Config] Listening config: dataId=xmap-information.yml, group=DEFAULT_GROUP
11:12:01.082 [main] INFO  c.a.c.n.r.NacosContextRefresher - [registerNacosListener,129] - [Nacos Config] Listening config: dataId=xmap-information, group=DEFAULT_GROUP
11:12:02.498 [RMI TCP Connection(3)-192.168.137.1] INFO  o.a.c.c.C.[.[.[/] - [log,173] - Initializing Spring DispatcherServlet 'dispatcherServlet'
14:43:07.197 [SpringApplicationShutdownHook] INFO  c.a.c.n.r.NacosServiceRegistry - [deregister,94] - De-registering from Nacos Server now...
14:43:07.204 [SpringApplicationShutdownHook] INFO  c.a.c.n.r.NacosServiceRegistry - [deregister,114] - De-registration finished.
14:43:07.545 [SpringApplicationShutdownHook] INFO  c.a.n.c.r.client - [shutdown,454] - Shutdown rpc client, set status to shutdown
14:43:07.545 [SpringApplicationShutdownHook] INFO  c.a.n.c.r.client - [shutdown,456] - Shutdown client event executor java.util.concurrent.ScheduledThreadPoolExecutor@5f34f2f5[Running, pool size = 2, active threads = 2, queued tasks = 0, completed tasks = 0]
14:43:07.545 [SpringApplicationShutdownHook] INFO  c.a.n.c.r.client - [closeConnection,591] - Close current connection 1700190719280_127.0.0.1_9172
14:43:07.547 [nacos-grpc-client-executor-2540] INFO  c.a.n.c.r.c.g.GrpcClient - [printIfInfoEnabled,60] - [1700190719280_127.0.0.1_9172]Ignore complete event,isRunning:false,isAbandon=false
14:43:07.797 [SpringApplicationShutdownHook] INFO  c.a.n.c.r.c.g.GrpcClient - [shutdown,85] - Shutdown grpc executor java.util.concurrent.ThreadPoolExecutor@1fab96cb[Running, pool size = 5, active threads = 0, queued tasks = 0, completed tasks = 2541]
14:43:07.991 [SpringApplicationShutdownHook] INFO  c.b.d.d.DynamicRoutingDataSource - [destroy,211] - dynamic-datasource start closing ....
14:43:08.007 [SpringApplicationShutdownHook] INFO  c.a.d.p.DruidDataSource - [close,2138] - {dataSource-1} closing ...
14:43:08.018 [SpringApplicationShutdownHook] INFO  c.a.d.p.DruidDataSource - [close,2211] - {dataSource-1} closed
14:43:08.018 [SpringApplicationShutdownHook] INFO  c.b.d.d.DynamicRoutingDataSource - [destroy,215] - dynamic-datasource all closed success,bye
14:43:13.951 [background-preinit] INFO  o.h.v.i.util.Version - [<clinit>,21] - HV000001: Hibernate Validator 6.2.5.Final
14:43:15.336 [main] INFO  c.a.n.c.r.client - [lambda$createClient$0,80] - [RpcClientFactory] create a new rpc client of 94f24142-c8d5-48eb-b346-4591eeef24dd_config-0
14:43:15.378 [main] INFO  o.r.Reflections - [scan,232] - Reflections took 27 ms to scan 1 urls, producing 3 keys and 6 values 
14:43:15.404 [main] INFO  o.r.Reflections - [scan,232] - Reflections took 13 ms to scan 1 urls, producing 4 keys and 9 values 
14:43:15.417 [main] INFO  o.r.Reflections - [scan,232] - Reflections took 11 ms to scan 1 urls, producing 3 keys and 10 values 
14:43:15.629 [main] INFO  o.r.Reflections - [scan,232] - Reflections took 209 ms to scan 199 urls, producing 0 keys and 0 values 
14:43:15.639 [main] INFO  o.r.Reflections - [scan,232] - Reflections took 9 ms to scan 1 urls, producing 1 keys and 5 values 
14:43:15.652 [main] INFO  o.r.Reflections - [scan,232] - Reflections took 10 ms to scan 1 urls, producing 1 keys and 7 values 
14:43:15.669 [main] INFO  o.r.Reflections - [scan,232] - Reflections took 15 ms to scan 1 urls, producing 2 keys and 8 values 
14:43:15.837 [main] INFO  o.r.Reflections - [scan,232] - Reflections took 166 ms to scan 199 urls, producing 0 keys and 0 values 
14:43:15.881 [main] INFO  c.a.n.c.r.client - [printIfInfoEnabled,60] - [94f24142-c8d5-48eb-b346-4591eeef24dd_config-0] RpcClient init label, labels = {module=config, Vipserver-Tag=null, source=sdk, Amory-Tag=null, Location-Tag=null, taskId=0, AppName=unknown}
14:43:15.882 [main] INFO  c.a.n.c.r.client - [printIfInfoEnabled,60] - [94f24142-c8d5-48eb-b346-4591eeef24dd_config-0] Register server push request handler:com.alibaba.nacos.client.config.impl.ClientWorker$ConfigRpcTransportClient$$Lambda$335/1752535057
14:43:15.882 [main] INFO  c.a.n.c.r.client - [printIfInfoEnabled,60] - [94f24142-c8d5-48eb-b346-4591eeef24dd_config-0] Register server push request handler:com.alibaba.nacos.client.config.impl.ClientWorker$ConfigRpcTransportClient$$Lambda$336/2116299597
14:43:15.924 [main] INFO  c.a.n.c.r.client - [printIfInfoEnabled,60] - [94f24142-c8d5-48eb-b346-4591eeef24dd_config-0] Registry connection listener to current client:com.alibaba.nacos.client.config.impl.ClientWorker$ConfigRpcTransportClient$1
14:43:15.924 [main] INFO  c.a.n.c.r.client - [printIfInfoEnabled,60] - [94f24142-c8d5-48eb-b346-4591eeef24dd_config-0] RpcClient init, ServerListFactory = com.alibaba.nacos.client.config.impl.ClientWorker$ConfigRpcTransportClient$2
14:43:16.104 [main] INFO  c.a.n.c.r.client - [printIfInfoEnabled,60] - [94f24142-c8d5-48eb-b346-4591eeef24dd_config-0] Try to connect to server on start up, server: {serverIp = '127.0.0.1', server main port = 8848}
14:43:22.294 [main] INFO  c.a.n.c.r.client - [printIfInfoEnabled,60] - [94f24142-c8d5-48eb-b346-4591eeef24dd_config-0] Success to connect to server [127.0.0.1:8848] on start up, connectionId = 1700203402042_127.0.0.1_8699
14:43:22.295 [com.alibaba.nacos.client.remote.worker] INFO  c.a.n.c.r.client - [printIfInfoEnabled,60] - [94f24142-c8d5-48eb-b346-4591eeef24dd_config-0] Notify connected event to listeners.
14:43:22.295 [main] INFO  c.a.n.c.r.client - [printIfInfoEnabled,60] - [94f24142-c8d5-48eb-b346-4591eeef24dd_config-0] Register server push request handler:com.alibaba.nacos.common.remote.client.RpcClient$ConnectResetRequestHandler
14:43:22.295 [main] INFO  c.a.n.c.r.client - [printIfInfoEnabled,60] - [94f24142-c8d5-48eb-b346-4591eeef24dd_config-0] Register server push request handler:com.alibaba.nacos.common.remote.client.RpcClient$$Lambda$344/812168041
14:43:22.411 [main] INFO  c.x.i.XmapInformationApplication - [logStartupProfileInfo,637] - The following 1 profile is active: "dev"
14:43:25.155 [main] INFO  o.a.c.c.AprLifecycleListener - [log,173] - Loaded Apache Tomcat Native library [1.2.32] using APR version [1.7.0].
14:43:25.155 [main] INFO  o.a.c.c.AprLifecycleListener - [log,173] - APR capabilities: IPv6 [true], sendfile [true], accept filters [false], random [true], UDS [true].
14:43:25.156 [main] INFO  o.a.c.c.AprLifecycleListener - [log,173] - APR/OpenSSL configuration: useAprConnector [false], useOpenSSL [true]
14:43:25.163 [main] INFO  o.a.c.c.AprLifecycleListener - [log,173] - OpenSSL successfully initialized [OpenSSL 1.1.1n  15 Mar 2022]
14:43:25.176 [main] INFO  o.a.c.h.Http11NioProtocol - [log,173] - Initializing ProtocolHandler ["http-nio-9211"]
14:43:25.177 [main] INFO  o.a.c.c.StandardService - [log,173] - Starting service [Tomcat]
14:43:25.177 [main] INFO  o.a.c.c.StandardEngine - [log,173] - Starting Servlet engine: [Apache Tomcat/9.0.70]
14:43:25.502 [main] INFO  o.a.c.c.C.[.[.[/] - [log,173] - Initializing Spring embedded WebApplicationContext
14:43:27.051 [main] INFO  c.a.d.p.DruidDataSource - [init,996] - {dataSource-1,master} inited
14:43:27.052 [main] INFO  c.b.d.d.DynamicRoutingDataSource - [addDataSource,154] - dynamic-datasource - add a datasource named [master] success
14:43:27.053 [main] INFO  c.b.d.d.DynamicRoutingDataSource - [afterPropertiesSet,234] - dynamic-datasource initial loaded [1] datasource,primary datasource named [master]
14:43:28.591 [main] INFO  c.a.c.s.SentinelWebMvcConfigurer - [addInterceptors,52] - [Sentinel Starter] register SentinelWebInterceptor with urlPatterns: [/**].
14:43:32.327 [main] INFO  c.a.n.c.r.client - [lambda$createClient$0,80] - [RpcClientFactory] create a new rpc client of a57ba725-5e95-4281-bf4a-a7efd3ee5868
14:43:32.327 [main] INFO  c.a.n.c.r.client - [printIfInfoEnabled,60] - [a57ba725-5e95-4281-bf4a-a7efd3ee5868] RpcClient init label, labels = {module=naming, source=sdk}
14:43:32.330 [main] INFO  c.a.n.c.r.client - [printIfInfoEnabled,60] - [a57ba725-5e95-4281-bf4a-a7efd3ee5868] RpcClient init, ServerListFactory = com.alibaba.nacos.client.naming.core.ServerListManager
14:43:32.330 [main] INFO  c.a.n.c.r.client - [printIfInfoEnabled,60] - [a57ba725-5e95-4281-bf4a-a7efd3ee5868] Registry connection listener to current client:com.alibaba.nacos.client.naming.remote.gprc.redo.NamingGrpcRedoService
14:43:32.330 [main] INFO  c.a.n.c.r.client - [printIfInfoEnabled,60] - [a57ba725-5e95-4281-bf4a-a7efd3ee5868] Register server push request handler:com.alibaba.nacos.client.naming.remote.gprc.NamingPushRequestHandler
14:43:32.331 [main] INFO  c.a.n.c.r.client - [printIfInfoEnabled,60] - [a57ba725-5e95-4281-bf4a-a7efd3ee5868] Try to connect to server on start up, server: {serverIp = '127.0.0.1', server main port = 8848}
14:43:32.450 [main] INFO  c.a.n.c.r.client - [printIfInfoEnabled,60] - [a57ba725-5e95-4281-bf4a-a7efd3ee5868] Success to connect to server [127.0.0.1:8848] on start up, connectionId = 1700203412335_127.0.0.1_8712
14:43:32.450 [main] INFO  c.a.n.c.r.client - [printIfInfoEnabled,60] - [a57ba725-5e95-4281-bf4a-a7efd3ee5868] Register server push request handler:com.alibaba.nacos.common.remote.client.RpcClient$ConnectResetRequestHandler
14:43:32.450 [com.alibaba.nacos.client.remote.worker] INFO  c.a.n.c.r.client - [printIfInfoEnabled,60] - [a57ba725-5e95-4281-bf4a-a7efd3ee5868] Notify connected event to listeners.
14:43:32.450 [main] INFO  c.a.n.c.r.client - [printIfInfoEnabled,60] - [a57ba725-5e95-4281-bf4a-a7efd3ee5868] Register server push request handler:com.alibaba.nacos.common.remote.client.RpcClient$$Lambda$344/812168041
14:43:32.477 [main] INFO  o.a.c.h.Http11NioProtocol - [log,173] - Starting ProtocolHandler ["http-nio-9211"]
14:43:32.503 [main] INFO  c.a.c.n.r.NacosServiceRegistry - [register,75] - nacos registry, DEFAULT_GROUP xmap-information 10.100.60.135:9211 register finished
14:43:33.085 [nacos-grpc-client-executor-6] INFO  c.a.n.c.r.client - [printIfInfoEnabled,60] - [a57ba725-5e95-4281-bf4a-a7efd3ee5868] Receive server push request, request = NotifySubscriberRequest, requestId = 15
14:43:33.089 [nacos-grpc-client-executor-6] INFO  c.a.n.c.r.client - [printIfInfoEnabled,60] - [a57ba725-5e95-4281-bf4a-a7efd3ee5868] Ack server push request, request = NotifySubscriberRequest, requestId = 15
14:43:34.145 [main] INFO  c.x.i.XmapInformationApplication - [logStarted,61] - Started XmapInformationApplication in 21.768 seconds (JVM running for 23.509)
14:43:34.168 [main] INFO  c.a.c.n.r.NacosContextRefresher - [registerNacosListener,129] - [Nacos Config] Listening config: dataId=xmap-information-dev.yml, group=DEFAULT_GROUP
14:43:34.168 [main] INFO  c.a.c.n.r.NacosContextRefresher - [registerNacosListener,129] - [Nacos Config] Listening config: dataId=xmap-information.yml, group=DEFAULT_GROUP
14:43:34.169 [main] INFO  c.a.c.n.r.NacosContextRefresher - [registerNacosListener,129] - [Nacos Config] Listening config: dataId=xmap-information, group=DEFAULT_GROUP
14:43:35.329 [RMI TCP Connection(1)-192.168.137.1] INFO  o.a.c.c.C.[.[.[/] - [log,173] - Initializing Spring DispatcherServlet 'dispatcherServlet'
14:54:22.284 [SpringApplicationShutdownHook] INFO  c.a.c.n.r.NacosServiceRegistry - [deregister,94] - De-registering from Nacos Server now...
14:54:22.289 [SpringApplicationShutdownHook] INFO  c.a.c.n.r.NacosServiceRegistry - [deregister,114] - De-registration finished.
14:54:22.618 [SpringApplicationShutdownHook] INFO  c.a.n.c.r.client - [shutdown,454] - Shutdown rpc client, set status to shutdown
14:54:22.618 [SpringApplicationShutdownHook] INFO  c.a.n.c.r.client - [shutdown,456] - Shutdown client event executor java.util.concurrent.ScheduledThreadPoolExecutor@49fa83e7[Running, pool size = 2, active threads = 2, queued tasks = 0, completed tasks = 0]
14:54:22.618 [SpringApplicationShutdownHook] INFO  c.a.n.c.r.client - [closeConnection,591] - Close current connection 1700203412335_127.0.0.1_8712
14:54:22.620 [nacos-grpc-client-executor-142] INFO  c.a.n.c.r.c.g.GrpcClient - [printIfInfoEnabled,60] - [1700203412335_127.0.0.1_8712]Ignore complete event,isRunning:false,isAbandon=false
14:54:22.621 [SpringApplicationShutdownHook] INFO  c.a.n.c.r.c.g.GrpcClient - [shutdown,85] - Shutdown grpc executor java.util.concurrent.ThreadPoolExecutor@172d4571[Running, pool size = 5, active threads = 0, queued tasks = 0, completed tasks = 143]
14:54:22.762 [SpringApplicationShutdownHook] INFO  c.b.d.d.DynamicRoutingDataSource - [destroy,211] - dynamic-datasource start closing ....
14:54:22.764 [SpringApplicationShutdownHook] INFO  c.a.d.p.DruidDataSource - [close,2138] - {dataSource-1} closing ...
14:54:22.772 [SpringApplicationShutdownHook] INFO  c.a.d.p.DruidDataSource - [close,2211] - {dataSource-1} closed
14:54:22.772 [SpringApplicationShutdownHook] INFO  c.b.d.d.DynamicRoutingDataSource - [destroy,215] - dynamic-datasource all closed success,bye
14:54:32.046 [background-preinit] INFO  o.h.v.i.util.Version - [<clinit>,21] - HV000001: Hibernate Validator 6.2.5.Final
14:54:33.412 [main] INFO  c.a.n.c.r.client - [lambda$createClient$0,80] - [RpcClientFactory] create a new rpc client of 4a549541-a91a-448f-aac9-a1101eaed107_config-0
14:54:33.451 [main] INFO  o.r.Reflections - [scan,232] - Reflections took 26 ms to scan 1 urls, producing 3 keys and 6 values 
14:54:33.475 [main] INFO  o.r.Reflections - [scan,232] - Reflections took 12 ms to scan 1 urls, producing 4 keys and 9 values 
14:54:33.488 [main] INFO  o.r.Reflections - [scan,232] - Reflections took 11 ms to scan 1 urls, producing 3 keys and 10 values 
14:54:33.656 [main] INFO  o.r.Reflections - [scan,232] - Reflections took 166 ms to scan 199 urls, producing 0 keys and 0 values 
14:54:33.666 [main] INFO  o.r.Reflections - [scan,232] - Reflections took 9 ms to scan 1 urls, producing 1 keys and 5 values 
14:54:33.678 [main] INFO  o.r.Reflections - [scan,232] - Reflections took 10 ms to scan 1 urls, producing 1 keys and 7 values 
14:54:33.695 [main] INFO  o.r.Reflections - [scan,232] - Reflections took 14 ms to scan 1 urls, producing 2 keys and 8 values 
14:54:33.843 [main] INFO  o.r.Reflections - [scan,232] - Reflections took 145 ms to scan 199 urls, producing 0 keys and 0 values 
14:54:33.844 [main] INFO  c.a.n.c.r.client - [printIfInfoEnabled,60] - [4a549541-a91a-448f-aac9-a1101eaed107_config-0] RpcClient init label, labels = {module=config, Vipserver-Tag=null, source=sdk, Amory-Tag=null, Location-Tag=null, taskId=0, AppName=unknown}
14:54:33.844 [main] INFO  c.a.n.c.r.client - [printIfInfoEnabled,60] - [4a549541-a91a-448f-aac9-a1101eaed107_config-0] Register server push request handler:com.alibaba.nacos.client.config.impl.ClientWorker$ConfigRpcTransportClient$$Lambda$335/1752535057
14:54:33.844 [main] INFO  c.a.n.c.r.client - [printIfInfoEnabled,60] - [4a549541-a91a-448f-aac9-a1101eaed107_config-0] Register server push request handler:com.alibaba.nacos.client.config.impl.ClientWorker$ConfigRpcTransportClient$$Lambda$336/2116299597
14:54:33.845 [main] INFO  c.a.n.c.r.client - [printIfInfoEnabled,60] - [4a549541-a91a-448f-aac9-a1101eaed107_config-0] Registry connection listener to current client:com.alibaba.nacos.client.config.impl.ClientWorker$ConfigRpcTransportClient$1
14:54:33.845 [main] INFO  c.a.n.c.r.client - [printIfInfoEnabled,60] - [4a549541-a91a-448f-aac9-a1101eaed107_config-0] RpcClient init, ServerListFactory = com.alibaba.nacos.client.config.impl.ClientWorker$ConfigRpcTransportClient$2
14:54:33.851 [main] INFO  c.a.n.c.r.client - [printIfInfoEnabled,60] - [4a549541-a91a-448f-aac9-a1101eaed107_config-0] Try to connect to server on start up, server: {serverIp = '127.0.0.1', server main port = 8848}
14:54:36.559 [main] INFO  c.a.n.c.r.client - [printIfInfoEnabled,60] - [4a549541-a91a-448f-aac9-a1101eaed107_config-0] Success to connect to server [127.0.0.1:8848] on start up, connectionId = 1700204076353_127.0.0.1_9436
14:54:36.560 [com.alibaba.nacos.client.remote.worker] INFO  c.a.n.c.r.client - [printIfInfoEnabled,60] - [4a549541-a91a-448f-aac9-a1101eaed107_config-0] Notify connected event to listeners.
14:54:36.560 [main] INFO  c.a.n.c.r.client - [printIfInfoEnabled,60] - [4a549541-a91a-448f-aac9-a1101eaed107_config-0] Register server push request handler:com.alibaba.nacos.common.remote.client.RpcClient$ConnectResetRequestHandler
14:54:36.560 [main] INFO  c.a.n.c.r.client - [printIfInfoEnabled,60] - [4a549541-a91a-448f-aac9-a1101eaed107_config-0] Register server push request handler:com.alibaba.nacos.common.remote.client.RpcClient$$Lambda$344/812168041
14:54:36.619 [main] INFO  c.x.i.XmapInformationApplication - [logStartupProfileInfo,637] - The following 1 profile is active: "dev"
14:54:38.782 [main] INFO  o.a.c.c.AprLifecycleListener - [log,173] - Loaded Apache Tomcat Native library [1.2.32] using APR version [1.7.0].
14:54:38.782 [main] INFO  o.a.c.c.AprLifecycleListener - [log,173] - APR capabilities: IPv6 [true], sendfile [true], accept filters [false], random [true], UDS [true].
14:54:38.782 [main] INFO  o.a.c.c.AprLifecycleListener - [log,173] - APR/OpenSSL configuration: useAprConnector [false], useOpenSSL [true]
14:54:38.785 [main] INFO  o.a.c.c.AprLifecycleListener - [log,173] - OpenSSL successfully initialized [OpenSSL 1.1.1n  15 Mar 2022]
14:54:38.797 [main] INFO  o.a.c.h.Http11NioProtocol - [log,173] - Initializing ProtocolHandler ["http-nio-9211"]
14:54:38.798 [main] INFO  o.a.c.c.StandardService - [log,173] - Starting service [Tomcat]
14:54:38.798 [main] INFO  o.a.c.c.StandardEngine - [log,173] - Starting Servlet engine: [Apache Tomcat/9.0.70]
14:54:38.968 [main] INFO  o.a.c.c.C.[.[.[/] - [log,173] - Initializing Spring embedded WebApplicationContext
14:54:40.224 [main] INFO  c.a.d.p.DruidDataSource - [init,996] - {dataSource-1,master} inited
14:54:40.225 [main] INFO  c.b.d.d.DynamicRoutingDataSource - [addDataSource,154] - dynamic-datasource - add a datasource named [master] success
14:54:40.226 [main] INFO  c.b.d.d.DynamicRoutingDataSource - [afterPropertiesSet,234] - dynamic-datasource initial loaded [1] datasource,primary datasource named [master]
14:54:41.602 [main] INFO  c.a.c.s.SentinelWebMvcConfigurer - [addInterceptors,52] - [Sentinel Starter] register SentinelWebInterceptor with urlPatterns: [/**].
14:54:45.180 [main] INFO  c.a.n.c.r.client - [lambda$createClient$0,80] - [RpcClientFactory] create a new rpc client of f0bad182-b463-43c6-9386-edd161644a22
14:54:45.181 [main] INFO  c.a.n.c.r.client - [printIfInfoEnabled,60] - [f0bad182-b463-43c6-9386-edd161644a22] RpcClient init label, labels = {module=naming, source=sdk}
14:54:45.182 [main] INFO  c.a.n.c.r.client - [printIfInfoEnabled,60] - [f0bad182-b463-43c6-9386-edd161644a22] RpcClient init, ServerListFactory = com.alibaba.nacos.client.naming.core.ServerListManager
14:54:45.182 [main] INFO  c.a.n.c.r.client - [printIfInfoEnabled,60] - [f0bad182-b463-43c6-9386-edd161644a22] Registry connection listener to current client:com.alibaba.nacos.client.naming.remote.gprc.redo.NamingGrpcRedoService
14:54:45.182 [main] INFO  c.a.n.c.r.client - [printIfInfoEnabled,60] - [f0bad182-b463-43c6-9386-edd161644a22] Register server push request handler:com.alibaba.nacos.client.naming.remote.gprc.NamingPushRequestHandler
14:54:45.183 [main] INFO  c.a.n.c.r.client - [printIfInfoEnabled,60] - [f0bad182-b463-43c6-9386-edd161644a22] Try to connect to server on start up, server: {serverIp = '127.0.0.1', server main port = 8848}
14:54:45.308 [main] INFO  c.a.n.c.r.client - [printIfInfoEnabled,60] - [f0bad182-b463-43c6-9386-edd161644a22] Success to connect to server [127.0.0.1:8848] on start up, connectionId = 1700204085189_127.0.0.1_9449
14:54:45.308 [main] INFO  c.a.n.c.r.client - [printIfInfoEnabled,60] - [f0bad182-b463-43c6-9386-edd161644a22] Register server push request handler:com.alibaba.nacos.common.remote.client.RpcClient$ConnectResetRequestHandler
14:54:45.308 [com.alibaba.nacos.client.remote.worker] INFO  c.a.n.c.r.client - [printIfInfoEnabled,60] - [f0bad182-b463-43c6-9386-edd161644a22] Notify connected event to listeners.
14:54:45.308 [main] INFO  c.a.n.c.r.client - [printIfInfoEnabled,60] - [f0bad182-b463-43c6-9386-edd161644a22] Register server push request handler:com.alibaba.nacos.common.remote.client.RpcClient$$Lambda$344/812168041
14:54:45.340 [main] INFO  o.a.c.h.Http11NioProtocol - [log,173] - Starting ProtocolHandler ["http-nio-9211"]
14:54:45.365 [main] INFO  c.a.c.n.r.NacosServiceRegistry - [register,75] - nacos registry, DEFAULT_GROUP xmap-information 10.100.60.135:9211 register finished
14:54:45.932 [nacos-grpc-client-executor-5] INFO  c.a.n.c.r.client - [printIfInfoEnabled,60] - [f0bad182-b463-43c6-9386-edd161644a22] Receive server push request, request = NotifySubscriberRequest, requestId = 18
14:54:45.936 [nacos-grpc-client-executor-5] INFO  c.a.n.c.r.client - [printIfInfoEnabled,60] - [f0bad182-b463-43c6-9386-edd161644a22] Ack server push request, request = NotifySubscriberRequest, requestId = 18
14:54:46.997 [main] INFO  c.x.i.XmapInformationApplication - [logStarted,61] - Started XmapInformationApplication in 16.295 seconds (JVM running for 17.922)
14:54:47.004 [main] INFO  c.a.c.n.r.NacosContextRefresher - [registerNacosListener,129] - [Nacos Config] Listening config: dataId=xmap-information-dev.yml, group=DEFAULT_GROUP
14:54:47.005 [main] INFO  c.a.c.n.r.NacosContextRefresher - [registerNacosListener,129] - [Nacos Config] Listening config: dataId=xmap-information.yml, group=DEFAULT_GROUP
14:54:47.006 [main] INFO  c.a.c.n.r.NacosContextRefresher - [registerNacosListener,129] - [Nacos Config] Listening config: dataId=xmap-information, group=DEFAULT_GROUP
14:54:47.338 [RMI TCP Connection(1)-192.168.137.1] INFO  o.a.c.c.C.[.[.[/] - [log,173] - Initializing Spring DispatcherServlet 'dispatcherServlet'
15:08:27.061 [nacos-grpc-client-executor-173] INFO  c.a.n.c.r.client - [printIfInfoEnabled,60] - [f0bad182-b463-43c6-9386-edd161644a22] Receive server push request, request = NotifySubscriberRequest, requestId = 20
15:08:27.062 [nacos-grpc-client-executor-173] INFO  c.a.n.c.r.client - [printIfInfoEnabled,60] - [f0bad182-b463-43c6-9386-edd161644a22] Ack server push request, request = NotifySubscriberRequest, requestId = 20
15:54:53.910 [com.alibaba.nacos.client.remote.worker] INFO  c.a.n.c.r.client - [printIfInfoEnabled,60] - [f0bad182-b463-43c6-9386-edd161644a22] Try to reconnect to a new server, server is  not appointed, will choose a random server.
15:54:53.910 [com.alibaba.nacos.client.remote.worker] INFO  c.a.n.c.r.client - [printIfInfoEnabled,60] - [4a549541-a91a-448f-aac9-a1101eaed107_config-0] Try to reconnect to a new server, server is  not appointed, will choose a random server.
15:54:57.944 [SpringApplicationShutdownHook] INFO  c.a.c.n.r.NacosServiceRegistry - [deregister,94] - De-registering from Nacos Server now...
15:54:58.274 [SpringApplicationShutdownHook] INFO  c.a.c.n.r.NacosServiceRegistry - [deregister,114] - De-registration finished.
15:54:58.312 [com.alibaba.nacos.client.remote.worker] INFO  c.a.n.c.r.client - [printIfInfoEnabled,60] - [f0bad182-b463-43c6-9386-edd161644a22] Fail to connect server, after trying 1 times, last try server is {serverIp = '127.0.0.1', server main port = 8848}, error = unknown
15:54:58.338 [com.alibaba.nacos.client.remote.worker] INFO  c.a.n.c.r.client - [printIfInfoEnabled,60] - [4a549541-a91a-448f-aac9-a1101eaed107_config-0] Fail to connect server, after trying 1 times, last try server is {serverIp = '127.0.0.1', server main port = 8848}, error = unknown
15:54:58.616 [SpringApplicationShutdownHook] INFO  c.a.n.c.r.client - [shutdown,454] - Shutdown rpc client, set status to shutdown
15:54:58.617 [SpringApplicationShutdownHook] INFO  c.a.n.c.r.client - [shutdown,456] - Shutdown client event executor java.util.concurrent.ScheduledThreadPoolExecutor@32c5cbee[Running, pool size = 2, active threads = 2, queued tasks = 0, completed tasks = 0]
15:54:58.617 [SpringApplicationShutdownHook] INFO  c.a.n.c.r.client - [closeConnection,591] - Close current connection 1700204085189_127.0.0.1_9449
15:54:58.618 [SpringApplicationShutdownHook] INFO  c.a.n.c.r.c.g.GrpcClient - [shutdown,85] - Shutdown grpc executor java.util.concurrent.ThreadPoolExecutor@19b8b465[Running, pool size = 5, active threads = 0, queued tasks = 0, completed tasks = 735]
15:54:58.619 [com.alibaba.nacos.client.remote.worker] INFO  c.a.n.c.r.client - [closeConnection,591] - Close current connection 1700204085189_127.0.0.1_9449
15:54:58.619 [com.alibaba.nacos.client.remote.worker] INFO  c.a.n.c.r.client - [printIfInfoEnabled,60] - [f0bad182-b463-43c6-9386-edd161644a22] Fail to connect server, after trying 2 times, last try server is {serverIp = '127.0.0.1', server main port = 8848}, error = unknown
15:54:59.095 [com.alibaba.nacos.client.remote.worker] INFO  c.a.n.c.r.client - [printIfInfoEnabled,60] - [f0bad182-b463-43c6-9386-edd161644a22] Client is shutdown, stop reconnect to server
15:54:59.242 [SpringApplicationShutdownHook] INFO  c.b.d.d.DynamicRoutingDataSource - [destroy,211] - dynamic-datasource start closing ....
15:54:59.244 [SpringApplicationShutdownHook] INFO  c.a.d.p.DruidDataSource - [close,2138] - {dataSource-1} closing ...
15:54:59.253 [SpringApplicationShutdownHook] INFO  c.a.d.p.DruidDataSource - [close,2211] - {dataSource-1} closed
15:54:59.253 [SpringApplicationShutdownHook] INFO  c.b.d.d.DynamicRoutingDataSource - [destroy,215] - dynamic-datasource all closed success,bye
