14:32:41.958 [background-preinit] INFO  o.h.v.i.util.Version - [<clinit>,21] - HV000001: Hibernate Validator 6.2.5.Final
14:32:44.133 [main] INFO  c.a.n.c.r.client - [lambda$createClient$0,80] - [RpcClientFactory] create a new rpc client of b45b4f48-d0a9-4bce-85e8-151d528f9323_config-0
14:32:44.191 [main] INFO  o.r.Reflections - [scan,232] - Reflections took 38 ms to scan 1 urls, producing 3 keys and 6 values 
14:32:44.225 [main] INFO  o.r.Reflections - [scan,232] - Reflections took 17 ms to scan 1 urls, producing 4 keys and 9 values 
14:32:44.244 [main] INFO  o.r.Reflections - [scan,232] - Reflections took 16 ms to scan 1 urls, producing 3 keys and 10 values 
14:32:44.530 [main] INFO  o.r.Reflections - [scan,232] - Reflections took 281 ms to scan 199 urls, producing 0 keys and 0 values 
14:32:44.547 [main] INFO  o.r.Reflections - [scan,232] - Reflections took 15 ms to scan 1 urls, producing 1 keys and 5 values 
14:32:44.570 [main] INFO  o.r.Reflections - [scan,232] - Reflections took 20 ms to scan 1 urls, producing 1 keys and 7 values 
14:32:44.596 [main] INFO  o.r.Reflections - [scan,232] - Reflections took 22 ms to scan 1 urls, producing 2 keys and 8 values 
14:32:44.880 [main] INFO  o.r.Reflections - [scan,232] - Reflections took 281 ms to scan 199 urls, producing 0 keys and 0 values 
14:32:44.882 [main] INFO  c.a.n.c.r.client - [printIfInfoEnabled,60] - [b45b4f48-d0a9-4bce-85e8-151d528f9323_config-0] RpcClient init label, labels = {module=config, Vipserver-Tag=null, source=sdk, Amory-Tag=null, Location-Tag=null, taskId=0, AppName=unknown}
14:32:44.883 [main] INFO  c.a.n.c.r.client - [printIfInfoEnabled,60] - [b45b4f48-d0a9-4bce-85e8-151d528f9323_config-0] Register server push request handler:com.alibaba.nacos.client.config.impl.ClientWorker$ConfigRpcTransportClient$$Lambda$335/488600086
14:32:44.885 [main] INFO  c.a.n.c.r.client - [printIfInfoEnabled,60] - [b45b4f48-d0a9-4bce-85e8-151d528f9323_config-0] Register server push request handler:com.alibaba.nacos.client.config.impl.ClientWorker$ConfigRpcTransportClient$$Lambda$336/1111379131
14:32:44.886 [main] INFO  c.a.n.c.r.client - [printIfInfoEnabled,60] - [b45b4f48-d0a9-4bce-85e8-151d528f9323_config-0] Registry connection listener to current client:com.alibaba.nacos.client.config.impl.ClientWorker$ConfigRpcTransportClient$1
14:32:44.887 [main] INFO  c.a.n.c.r.client - [printIfInfoEnabled,60] - [b45b4f48-d0a9-4bce-85e8-151d528f9323_config-0] RpcClient init, ServerListFactory = com.alibaba.nacos.client.config.impl.ClientWorker$ConfigRpcTransportClient$2
14:32:44.897 [main] INFO  c.a.n.c.r.client - [printIfInfoEnabled,60] - [b45b4f48-d0a9-4bce-85e8-151d528f9323_config-0] Try to connect to server on start up, server: {serverIp = '127.0.0.1', server main port = 8848}
14:32:49.867 [main] INFO  c.a.n.c.r.client - [printIfInfoEnabled,60] - [b45b4f48-d0a9-4bce-85e8-151d528f9323_config-0] Success to connect to server [127.0.0.1:8848] on start up, connectionId = 1698820369504_127.0.0.1_9757
14:32:49.868 [com.alibaba.nacos.client.remote.worker] INFO  c.a.n.c.r.client - [printIfInfoEnabled,60] - [b45b4f48-d0a9-4bce-85e8-151d528f9323_config-0] Notify connected event to listeners.
14:32:49.869 [main] INFO  c.a.n.c.r.client - [printIfInfoEnabled,60] - [b45b4f48-d0a9-4bce-85e8-151d528f9323_config-0] Register server push request handler:com.alibaba.nacos.common.remote.client.RpcClient$ConnectResetRequestHandler
14:32:49.870 [main] INFO  c.a.n.c.r.client - [printIfInfoEnabled,60] - [b45b4f48-d0a9-4bce-85e8-151d528f9323_config-0] Register server push request handler:com.alibaba.nacos.common.remote.client.RpcClient$$Lambda$344/116184677
14:32:49.989 [main] INFO  c.x.i.XmapInformationApplication - [logStartupProfileInfo,637] - The following 1 profile is active: "dev"
14:32:54.003 [main] INFO  o.a.c.c.AprLifecycleListener - [log,173] - Loaded Apache Tomcat Native library [1.2.32] using APR version [1.7.0].
14:32:54.003 [main] INFO  o.a.c.c.AprLifecycleListener - [log,173] - APR capabilities: IPv6 [true], sendfile [true], accept filters [false], random [true], UDS [true].
14:32:54.004 [main] INFO  o.a.c.c.AprLifecycleListener - [log,173] - APR/OpenSSL configuration: useAprConnector [false], useOpenSSL [true]
14:32:54.012 [main] INFO  o.a.c.c.AprLifecycleListener - [log,173] - OpenSSL successfully initialized [OpenSSL 1.1.1n  15 Mar 2022]
14:32:54.044 [main] INFO  o.a.c.h.Http11NioProtocol - [log,173] - Initializing ProtocolHandler ["http-nio-9211"]
14:32:54.045 [main] INFO  o.a.c.c.StandardService - [log,173] - Starting service [Tomcat]
14:32:54.046 [main] INFO  o.a.c.c.StandardEngine - [log,173] - Starting Servlet engine: [Apache Tomcat/9.0.70]
14:32:54.337 [main] INFO  o.a.c.c.C.[.[.[/] - [log,173] - Initializing Spring embedded WebApplicationContext
14:32:56.200 [main] INFO  c.a.d.p.DruidDataSource - [init,996] - {dataSource-1,master} inited
14:32:56.201 [main] INFO  c.b.d.d.DynamicRoutingDataSource - [addDataSource,154] - dynamic-datasource - add a datasource named [master] success
14:32:56.201 [main] INFO  c.b.d.d.DynamicRoutingDataSource - [afterPropertiesSet,234] - dynamic-datasource initial loaded [1] datasource,primary datasource named [master]
14:32:58.024 [main] INFO  c.a.c.s.SentinelWebMvcConfigurer - [addInterceptors,52] - [Sentinel Starter] register SentinelWebInterceptor with urlPatterns: [/**].
14:33:04.694 [main] INFO  c.a.n.c.r.client - [lambda$createClient$0,80] - [RpcClientFactory] create a new rpc client of 6d6aeba7-ee74-4af9-86f0-6ee4ff86ba08
14:33:04.696 [main] INFO  c.a.n.c.r.client - [printIfInfoEnabled,60] - [6d6aeba7-ee74-4af9-86f0-6ee4ff86ba08] RpcClient init label, labels = {module=naming, source=sdk}
14:33:04.699 [main] INFO  c.a.n.c.r.client - [printIfInfoEnabled,60] - [6d6aeba7-ee74-4af9-86f0-6ee4ff86ba08] RpcClient init, ServerListFactory = com.alibaba.nacos.client.naming.core.ServerListManager
14:33:04.700 [main] INFO  c.a.n.c.r.client - [printIfInfoEnabled,60] - [6d6aeba7-ee74-4af9-86f0-6ee4ff86ba08] Registry connection listener to current client:com.alibaba.nacos.client.naming.remote.gprc.redo.NamingGrpcRedoService
14:33:04.701 [main] INFO  c.a.n.c.r.client - [printIfInfoEnabled,60] - [6d6aeba7-ee74-4af9-86f0-6ee4ff86ba08] Register server push request handler:com.alibaba.nacos.client.naming.remote.gprc.NamingPushRequestHandler
14:33:04.701 [main] INFO  c.a.n.c.r.client - [printIfInfoEnabled,60] - [6d6aeba7-ee74-4af9-86f0-6ee4ff86ba08] Try to connect to server on start up, server: {serverIp = '127.0.0.1', server main port = 8848}
14:33:04.823 [main] INFO  c.a.n.c.r.client - [printIfInfoEnabled,60] - [6d6aeba7-ee74-4af9-86f0-6ee4ff86ba08] Success to connect to server [127.0.0.1:8848] on start up, connectionId = 1698820384710_127.0.0.1_9825
14:33:04.823 [com.alibaba.nacos.client.remote.worker] INFO  c.a.n.c.r.client - [printIfInfoEnabled,60] - [6d6aeba7-ee74-4af9-86f0-6ee4ff86ba08] Notify connected event to listeners.
14:33:04.823 [main] INFO  c.a.n.c.r.client - [printIfInfoEnabled,60] - [6d6aeba7-ee74-4af9-86f0-6ee4ff86ba08] Register server push request handler:com.alibaba.nacos.common.remote.client.RpcClient$ConnectResetRequestHandler
14:33:04.824 [main] INFO  c.a.n.c.r.client - [printIfInfoEnabled,60] - [6d6aeba7-ee74-4af9-86f0-6ee4ff86ba08] Register server push request handler:com.alibaba.nacos.common.remote.client.RpcClient$$Lambda$344/116184677
14:33:04.882 [main] INFO  o.a.c.h.Http11NioProtocol - [log,173] - Starting ProtocolHandler ["http-nio-9211"]
14:33:04.926 [main] INFO  c.a.c.n.r.NacosServiceRegistry - [register,75] - nacos registry, DEFAULT_GROUP xmap-information 10.100.60.135:9211 register finished
14:33:05.408 [nacos-grpc-client-executor-7] INFO  c.a.n.c.r.client - [printIfInfoEnabled,60] - [6d6aeba7-ee74-4af9-86f0-6ee4ff86ba08] Receive server push request, request = NotifySubscriberRequest, requestId = 16
14:33:05.417 [nacos-grpc-client-executor-7] INFO  c.a.n.c.r.client - [printIfInfoEnabled,60] - [6d6aeba7-ee74-4af9-86f0-6ee4ff86ba08] Ack server push request, request = NotifySubscriberRequest, requestId = 16
14:33:07.921 [main] INFO  c.x.i.XmapInformationApplication - [logStarted,61] - Started XmapInformationApplication in 28.468 seconds (JVM running for 32.107)
14:33:07.939 [main] INFO  c.a.c.n.r.NacosContextRefresher - [registerNacosListener,129] - [Nacos Config] Listening config: dataId=xmap-information-dev.yml, group=DEFAULT_GROUP
14:33:07.939 [main] INFO  c.a.c.n.r.NacosContextRefresher - [registerNacosListener,129] - [Nacos Config] Listening config: dataId=xmap-information.yml, group=DEFAULT_GROUP
14:33:07.940 [main] INFO  c.a.c.n.r.NacosContextRefresher - [registerNacosListener,129] - [Nacos Config] Listening config: dataId=xmap-information, group=DEFAULT_GROUP
14:33:12.590 [RMI TCP Connection(11)-192.168.137.1] INFO  o.a.c.c.C.[.[.[/] - [log,173] - Initializing Spring DispatcherServlet 'dispatcherServlet'
14:42:25.470 [nacos-grpc-client-executor-122] INFO  c.a.n.c.r.client - [printIfInfoEnabled,60] - [6d6aeba7-ee74-4af9-86f0-6ee4ff86ba08] Receive server push request, request = NotifySubscriberRequest, requestId = 23
14:42:25.471 [nacos-grpc-client-executor-122] INFO  c.a.n.c.r.client - [printIfInfoEnabled,60] - [6d6aeba7-ee74-4af9-86f0-6ee4ff86ba08] Ack server push request, request = NotifySubscriberRequest, requestId = 23
16:54:56.686 [SpringApplicationShutdownHook] INFO  c.a.c.n.r.NacosServiceRegistry - [deregister,94] - De-registering from Nacos Server now...
16:54:56.702 [SpringApplicationShutdownHook] INFO  c.a.c.n.r.NacosServiceRegistry - [deregister,114] - De-registration finished.
16:54:57.030 [SpringApplicationShutdownHook] INFO  c.a.n.c.r.client - [shutdown,454] - Shutdown rpc client, set status to shutdown
16:54:57.030 [SpringApplicationShutdownHook] INFO  c.a.n.c.r.client - [shutdown,456] - Shutdown client event executor java.util.concurrent.ScheduledThreadPoolExecutor@42402532[Running, pool size = 2, active threads = 2, queued tasks = 0, completed tasks = 0]
16:54:57.030 [SpringApplicationShutdownHook] INFO  c.a.n.c.r.client - [closeConnection,591] - Close current connection 1698820384710_127.0.0.1_9825
16:54:57.032 [nacos-grpc-client-executor-1712] INFO  c.a.n.c.r.c.g.GrpcClient - [printIfInfoEnabled,60] - [1698820384710_127.0.0.1_9825]Ignore complete event,isRunning:false,isAbandon=false
16:54:57.078 [SpringApplicationShutdownHook] INFO  c.a.n.c.r.c.g.GrpcClient - [shutdown,85] - Shutdown grpc executor java.util.concurrent.ThreadPoolExecutor@531c5579[Running, pool size = 5, active threads = 0, queued tasks = 0, completed tasks = 1713]
16:54:57.272 [SpringApplicationShutdownHook] INFO  c.b.d.d.DynamicRoutingDataSource - [destroy,211] - dynamic-datasource start closing ....
16:54:57.292 [SpringApplicationShutdownHook] INFO  c.a.d.p.DruidDataSource - [close,2138] - {dataSource-1} closing ...
16:54:57.301 [SpringApplicationShutdownHook] INFO  c.a.d.p.DruidDataSource - [close,2211] - {dataSource-1} closed
16:54:57.302 [SpringApplicationShutdownHook] INFO  c.b.d.d.DynamicRoutingDataSource - [destroy,215] - dynamic-datasource all closed success,bye
16:55:10.611 [background-preinit] INFO  o.h.v.i.util.Version - [<clinit>,21] - HV000001: Hibernate Validator 6.2.5.Final
16:55:12.356 [main] INFO  c.a.n.c.r.client - [lambda$createClient$0,80] - [RpcClientFactory] create a new rpc client of 9397a248-8451-4550-955e-0f963b9dc02a_config-0
16:55:12.548 [main] INFO  o.r.Reflections - [scan,232] - Reflections took 44 ms to scan 1 urls, producing 3 keys and 6 values 
16:55:12.581 [main] INFO  o.r.Reflections - [scan,232] - Reflections took 13 ms to scan 1 urls, producing 4 keys and 9 values 
16:55:12.595 [main] INFO  o.r.Reflections - [scan,232] - Reflections took 11 ms to scan 1 urls, producing 3 keys and 10 values 
16:55:12.870 [main] INFO  o.r.Reflections - [scan,232] - Reflections took 272 ms to scan 199 urls, producing 0 keys and 0 values 
16:55:12.880 [main] INFO  o.r.Reflections - [scan,232] - Reflections took 10 ms to scan 1 urls, producing 1 keys and 5 values 
16:55:12.896 [main] INFO  o.r.Reflections - [scan,232] - Reflections took 14 ms to scan 1 urls, producing 1 keys and 7 values 
16:55:12.913 [main] INFO  o.r.Reflections - [scan,232] - Reflections took 14 ms to scan 1 urls, producing 2 keys and 8 values 
16:55:13.067 [main] INFO  o.r.Reflections - [scan,232] - Reflections took 150 ms to scan 199 urls, producing 0 keys and 0 values 
16:55:13.225 [main] INFO  c.a.n.c.r.client - [printIfInfoEnabled,60] - [9397a248-8451-4550-955e-0f963b9dc02a_config-0] RpcClient init label, labels = {module=config, Vipserver-Tag=null, source=sdk, Amory-Tag=null, Location-Tag=null, taskId=0, AppName=unknown}
16:55:13.225 [main] INFO  c.a.n.c.r.client - [printIfInfoEnabled,60] - [9397a248-8451-4550-955e-0f963b9dc02a_config-0] Register server push request handler:com.alibaba.nacos.client.config.impl.ClientWorker$ConfigRpcTransportClient$$Lambda$335/1496220730
16:55:13.226 [main] INFO  c.a.n.c.r.client - [printIfInfoEnabled,60] - [9397a248-8451-4550-955e-0f963b9dc02a_config-0] Register server push request handler:com.alibaba.nacos.client.config.impl.ClientWorker$ConfigRpcTransportClient$$Lambda$336/488600086
16:55:13.227 [main] INFO  c.a.n.c.r.client - [printIfInfoEnabled,60] - [9397a248-8451-4550-955e-0f963b9dc02a_config-0] Registry connection listener to current client:com.alibaba.nacos.client.config.impl.ClientWorker$ConfigRpcTransportClient$1
16:55:13.227 [main] INFO  c.a.n.c.r.client - [printIfInfoEnabled,60] - [9397a248-8451-4550-955e-0f963b9dc02a_config-0] RpcClient init, ServerListFactory = com.alibaba.nacos.client.config.impl.ClientWorker$ConfigRpcTransportClient$2
16:55:13.236 [main] INFO  c.a.n.c.r.client - [printIfInfoEnabled,60] - [9397a248-8451-4550-955e-0f963b9dc02a_config-0] Try to connect to server on start up, server: {serverIp = '127.0.0.1', server main port = 8848}
16:55:16.678 [main] INFO  c.a.n.c.r.client - [printIfInfoEnabled,60] - [9397a248-8451-4550-955e-0f963b9dc02a_config-0] Success to connect to server [127.0.0.1:8848] on start up, connectionId = 1698828916403_127.0.0.1_7088
16:55:16.679 [main] INFO  c.a.n.c.r.client - [printIfInfoEnabled,60] - [9397a248-8451-4550-955e-0f963b9dc02a_config-0] Register server push request handler:com.alibaba.nacos.common.remote.client.RpcClient$ConnectResetRequestHandler
16:55:16.678 [com.alibaba.nacos.client.remote.worker] INFO  c.a.n.c.r.client - [printIfInfoEnabled,60] - [9397a248-8451-4550-955e-0f963b9dc02a_config-0] Notify connected event to listeners.
16:55:16.679 [main] INFO  c.a.n.c.r.client - [printIfInfoEnabled,60] - [9397a248-8451-4550-955e-0f963b9dc02a_config-0] Register server push request handler:com.alibaba.nacos.common.remote.client.RpcClient$$Lambda$344/1936375962
16:55:16.892 [main] INFO  c.x.i.XmapInformationApplication - [logStartupProfileInfo,637] - The following 1 profile is active: "dev"
16:55:19.551 [main] INFO  o.a.c.c.AprLifecycleListener - [log,173] - Loaded Apache Tomcat Native library [1.2.32] using APR version [1.7.0].
16:55:19.551 [main] INFO  o.a.c.c.AprLifecycleListener - [log,173] - APR capabilities: IPv6 [true], sendfile [true], accept filters [false], random [true], UDS [true].
16:55:19.551 [main] INFO  o.a.c.c.AprLifecycleListener - [log,173] - APR/OpenSSL configuration: useAprConnector [false], useOpenSSL [true]
16:55:19.556 [main] INFO  o.a.c.c.AprLifecycleListener - [log,173] - OpenSSL successfully initialized [OpenSSL 1.1.1n  15 Mar 2022]
16:55:19.597 [main] INFO  o.a.c.h.Http11NioProtocol - [log,173] - Initializing ProtocolHandler ["http-nio-9211"]
16:55:19.597 [main] INFO  o.a.c.c.StandardService - [log,173] - Starting service [Tomcat]
16:55:19.597 [main] INFO  o.a.c.c.StandardEngine - [log,173] - Starting Servlet engine: [Apache Tomcat/9.0.70]
16:55:19.941 [main] INFO  o.a.c.c.C.[.[.[/] - [log,173] - Initializing Spring embedded WebApplicationContext
16:55:21.464 [main] INFO  c.a.d.p.DruidDataSource - [init,996] - {dataSource-1,master} inited
16:55:21.465 [main] INFO  c.b.d.d.DynamicRoutingDataSource - [addDataSource,154] - dynamic-datasource - add a datasource named [master] success
16:55:21.465 [main] INFO  c.b.d.d.DynamicRoutingDataSource - [afterPropertiesSet,234] - dynamic-datasource initial loaded [1] datasource,primary datasource named [master]
16:55:22.956 [main] INFO  c.a.c.s.SentinelWebMvcConfigurer - [addInterceptors,52] - [Sentinel Starter] register SentinelWebInterceptor with urlPatterns: [/**].
16:55:26.840 [main] INFO  c.a.n.c.r.client - [lambda$createClient$0,80] - [RpcClientFactory] create a new rpc client of d06d7740-7b3c-4034-959e-fc9b9d4d354e
16:55:26.840 [main] INFO  c.a.n.c.r.client - [printIfInfoEnabled,60] - [d06d7740-7b3c-4034-959e-fc9b9d4d354e] RpcClient init label, labels = {module=naming, source=sdk}
16:55:26.843 [main] INFO  c.a.n.c.r.client - [printIfInfoEnabled,60] - [d06d7740-7b3c-4034-959e-fc9b9d4d354e] RpcClient init, ServerListFactory = com.alibaba.nacos.client.naming.core.ServerListManager
16:55:26.843 [main] INFO  c.a.n.c.r.client - [printIfInfoEnabled,60] - [d06d7740-7b3c-4034-959e-fc9b9d4d354e] Registry connection listener to current client:com.alibaba.nacos.client.naming.remote.gprc.redo.NamingGrpcRedoService
16:55:26.844 [main] INFO  c.a.n.c.r.client - [printIfInfoEnabled,60] - [d06d7740-7b3c-4034-959e-fc9b9d4d354e] Register server push request handler:com.alibaba.nacos.client.naming.remote.gprc.NamingPushRequestHandler
16:55:26.844 [main] INFO  c.a.n.c.r.client - [printIfInfoEnabled,60] - [d06d7740-7b3c-4034-959e-fc9b9d4d354e] Try to connect to server on start up, server: {serverIp = '127.0.0.1', server main port = 8848}
16:55:26.957 [main] INFO  c.a.n.c.r.client - [printIfInfoEnabled,60] - [d06d7740-7b3c-4034-959e-fc9b9d4d354e] Success to connect to server [127.0.0.1:8848] on start up, connectionId = 1698828926849_127.0.0.1_7104
16:55:26.958 [com.alibaba.nacos.client.remote.worker] INFO  c.a.n.c.r.client - [printIfInfoEnabled,60] - [d06d7740-7b3c-4034-959e-fc9b9d4d354e] Notify connected event to listeners.
16:55:26.958 [main] INFO  c.a.n.c.r.client - [printIfInfoEnabled,60] - [d06d7740-7b3c-4034-959e-fc9b9d4d354e] Register server push request handler:com.alibaba.nacos.common.remote.client.RpcClient$ConnectResetRequestHandler
16:55:26.958 [main] INFO  c.a.n.c.r.client - [printIfInfoEnabled,60] - [d06d7740-7b3c-4034-959e-fc9b9d4d354e] Register server push request handler:com.alibaba.nacos.common.remote.client.RpcClient$$Lambda$344/1936375962
16:55:26.986 [main] INFO  o.a.c.h.Http11NioProtocol - [log,173] - Starting ProtocolHandler ["http-nio-9211"]
16:55:27.011 [main] INFO  c.a.c.n.r.NacosServiceRegistry - [register,75] - nacos registry, DEFAULT_GROUP xmap-information 10.100.60.135:9211 register finished
16:55:27.575 [nacos-grpc-client-executor-5] INFO  c.a.n.c.r.client - [printIfInfoEnabled,60] - [d06d7740-7b3c-4034-959e-fc9b9d4d354e] Receive server push request, request = NotifySubscriberRequest, requestId = 28
16:55:27.580 [nacos-grpc-client-executor-5] INFO  c.a.n.c.r.client - [printIfInfoEnabled,60] - [d06d7740-7b3c-4034-959e-fc9b9d4d354e] Ack server push request, request = NotifySubscriberRequest, requestId = 28
16:55:28.509 [main] INFO  c.x.i.XmapInformationApplication - [logStarted,61] - Started XmapInformationApplication in 19.685 seconds (JVM running for 22.472)
16:55:28.518 [main] INFO  c.a.c.n.r.NacosContextRefresher - [registerNacosListener,129] - [Nacos Config] Listening config: dataId=xmap-information-dev.yml, group=DEFAULT_GROUP
16:55:28.518 [main] INFO  c.a.c.n.r.NacosContextRefresher - [registerNacosListener,129] - [Nacos Config] Listening config: dataId=xmap-information.yml, group=DEFAULT_GROUP
16:55:28.519 [main] INFO  c.a.c.n.r.NacosContextRefresher - [registerNacosListener,129] - [Nacos Config] Listening config: dataId=xmap-information, group=DEFAULT_GROUP
16:55:29.499 [RMI TCP Connection(1)-192.168.137.1] INFO  o.a.c.c.C.[.[.[/] - [log,173] - Initializing Spring DispatcherServlet 'dispatcherServlet'
17:10:50.982 [SpringApplicationShutdownHook] INFO  c.a.c.n.r.NacosServiceRegistry - [deregister,94] - De-registering from Nacos Server now...
17:10:50.993 [SpringApplicationShutdownHook] INFO  c.a.c.n.r.NacosServiceRegistry - [deregister,114] - De-registration finished.
17:10:51.339 [SpringApplicationShutdownHook] INFO  c.a.n.c.r.client - [shutdown,454] - Shutdown rpc client, set status to shutdown
17:10:51.339 [SpringApplicationShutdownHook] INFO  c.a.n.c.r.client - [shutdown,456] - Shutdown client event executor java.util.concurrent.ScheduledThreadPoolExecutor@180195e6[Running, pool size = 2, active threads = 2, queued tasks = 0, completed tasks = 0]
17:10:51.339 [SpringApplicationShutdownHook] INFO  c.a.n.c.r.client - [closeConnection,591] - Close current connection 1698828926849_127.0.0.1_7104
17:10:51.344 [nacos-grpc-client-executor-193] INFO  c.a.n.c.r.c.g.GrpcClient - [printIfInfoEnabled,60] - [1698828926849_127.0.0.1_7104]Ignore complete event,isRunning:false,isAbandon=false
17:10:51.403 [SpringApplicationShutdownHook] INFO  c.a.n.c.r.c.g.GrpcClient - [shutdown,85] - Shutdown grpc executor java.util.concurrent.ThreadPoolExecutor@635061be[Running, pool size = 5, active threads = 0, queued tasks = 0, completed tasks = 194]
17:10:51.592 [SpringApplicationShutdownHook] INFO  c.b.d.d.DynamicRoutingDataSource - [destroy,211] - dynamic-datasource start closing ....
17:10:51.600 [SpringApplicationShutdownHook] INFO  c.a.d.p.DruidDataSource - [close,2138] - {dataSource-1} closing ...
17:10:51.617 [SpringApplicationShutdownHook] INFO  c.a.d.p.DruidDataSource - [close,2211] - {dataSource-1} closed
17:10:51.618 [SpringApplicationShutdownHook] INFO  c.b.d.d.DynamicRoutingDataSource - [destroy,215] - dynamic-datasource all closed success,bye
17:11:07.198 [background-preinit] INFO  o.h.v.i.util.Version - [<clinit>,21] - HV000001: Hibernate Validator 6.2.5.Final
17:11:08.757 [main] INFO  c.a.n.c.r.client - [lambda$createClient$0,80] - [RpcClientFactory] create a new rpc client of 85a4643c-7918-4bca-bf47-322119c30054_config-0
17:11:08.842 [main] INFO  o.r.Reflections - [scan,232] - Reflections took 31 ms to scan 1 urls, producing 3 keys and 6 values 
17:11:08.908 [main] INFO  o.r.Reflections - [scan,232] - Reflections took 13 ms to scan 1 urls, producing 4 keys and 9 values 
17:11:08.922 [main] INFO  o.r.Reflections - [scan,232] - Reflections took 11 ms to scan 1 urls, producing 3 keys and 10 values 
17:11:09.109 [main] INFO  o.r.Reflections - [scan,232] - Reflections took 184 ms to scan 199 urls, producing 0 keys and 0 values 
17:11:09.119 [main] INFO  o.r.Reflections - [scan,232] - Reflections took 9 ms to scan 1 urls, producing 1 keys and 5 values 
17:11:09.133 [main] INFO  o.r.Reflections - [scan,232] - Reflections took 12 ms to scan 1 urls, producing 1 keys and 7 values 
17:11:09.150 [main] INFO  o.r.Reflections - [scan,232] - Reflections took 15 ms to scan 1 urls, producing 2 keys and 8 values 
17:11:09.304 [main] INFO  o.r.Reflections - [scan,232] - Reflections took 150 ms to scan 199 urls, producing 0 keys and 0 values 
17:11:09.306 [main] INFO  c.a.n.c.r.client - [printIfInfoEnabled,60] - [85a4643c-7918-4bca-bf47-322119c30054_config-0] RpcClient init label, labels = {module=config, Vipserver-Tag=null, source=sdk, Amory-Tag=null, Location-Tag=null, taskId=0, AppName=unknown}
17:11:09.306 [main] INFO  c.a.n.c.r.client - [printIfInfoEnabled,60] - [85a4643c-7918-4bca-bf47-322119c30054_config-0] Register server push request handler:com.alibaba.nacos.client.config.impl.ClientWorker$ConfigRpcTransportClient$$Lambda$335/1752535057
17:11:09.306 [main] INFO  c.a.n.c.r.client - [printIfInfoEnabled,60] - [85a4643c-7918-4bca-bf47-322119c30054_config-0] Register server push request handler:com.alibaba.nacos.client.config.impl.ClientWorker$ConfigRpcTransportClient$$Lambda$336/2116299597
17:11:09.307 [main] INFO  c.a.n.c.r.client - [printIfInfoEnabled,60] - [85a4643c-7918-4bca-bf47-322119c30054_config-0] Registry connection listener to current client:com.alibaba.nacos.client.config.impl.ClientWorker$ConfigRpcTransportClient$1
17:11:09.307 [main] INFO  c.a.n.c.r.client - [printIfInfoEnabled,60] - [85a4643c-7918-4bca-bf47-322119c30054_config-0] RpcClient init, ServerListFactory = com.alibaba.nacos.client.config.impl.ClientWorker$ConfigRpcTransportClient$2
17:11:09.316 [main] INFO  c.a.n.c.r.client - [printIfInfoEnabled,60] - [85a4643c-7918-4bca-bf47-322119c30054_config-0] Try to connect to server on start up, server: {serverIp = '127.0.0.1', server main port = 8848}
17:11:12.780 [main] INFO  c.a.n.c.r.client - [printIfInfoEnabled,60] - [85a4643c-7918-4bca-bf47-322119c30054_config-0] Success to connect to server [127.0.0.1:8848] on start up, connectionId = 1698829872535_127.0.0.1_8570
17:11:12.781 [com.alibaba.nacos.client.remote.worker] INFO  c.a.n.c.r.client - [printIfInfoEnabled,60] - [85a4643c-7918-4bca-bf47-322119c30054_config-0] Notify connected event to listeners.
17:11:12.781 [main] INFO  c.a.n.c.r.client - [printIfInfoEnabled,60] - [85a4643c-7918-4bca-bf47-322119c30054_config-0] Register server push request handler:com.alibaba.nacos.common.remote.client.RpcClient$ConnectResetRequestHandler
17:11:12.781 [main] INFO  c.a.n.c.r.client - [printIfInfoEnabled,60] - [85a4643c-7918-4bca-bf47-322119c30054_config-0] Register server push request handler:com.alibaba.nacos.common.remote.client.RpcClient$$Lambda$344/812168041
17:11:12.868 [main] INFO  c.x.i.XmapInformationApplication - [logStartupProfileInfo,637] - The following 1 profile is active: "dev"
17:11:15.668 [main] INFO  o.a.c.c.AprLifecycleListener - [log,173] - Loaded Apache Tomcat Native library [1.2.32] using APR version [1.7.0].
17:11:15.668 [main] INFO  o.a.c.c.AprLifecycleListener - [log,173] - APR capabilities: IPv6 [true], sendfile [true], accept filters [false], random [true], UDS [true].
17:11:15.668 [main] INFO  o.a.c.c.AprLifecycleListener - [log,173] - APR/OpenSSL configuration: useAprConnector [false], useOpenSSL [true]
17:11:15.674 [main] INFO  o.a.c.c.AprLifecycleListener - [log,173] - OpenSSL successfully initialized [OpenSSL 1.1.1n  15 Mar 2022]
17:11:15.705 [main] INFO  o.a.c.h.Http11NioProtocol - [log,173] - Initializing ProtocolHandler ["http-nio-9211"]
17:11:15.706 [main] INFO  o.a.c.c.StandardService - [log,173] - Starting service [Tomcat]
17:11:15.706 [main] INFO  o.a.c.c.StandardEngine - [log,173] - Starting Servlet engine: [Apache Tomcat/9.0.70]
17:11:16.049 [main] INFO  o.a.c.c.C.[.[.[/] - [log,173] - Initializing Spring embedded WebApplicationContext
17:11:17.654 [main] INFO  c.a.d.p.DruidDataSource - [init,996] - {dataSource-1,master} inited
17:11:17.655 [main] INFO  c.b.d.d.DynamicRoutingDataSource - [addDataSource,154] - dynamic-datasource - add a datasource named [master] success
17:11:17.655 [main] INFO  c.b.d.d.DynamicRoutingDataSource - [afterPropertiesSet,234] - dynamic-datasource initial loaded [1] datasource,primary datasource named [master]
17:11:19.131 [main] INFO  c.a.c.s.SentinelWebMvcConfigurer - [addInterceptors,52] - [Sentinel Starter] register SentinelWebInterceptor with urlPatterns: [/**].
17:11:23.176 [main] INFO  c.a.n.c.r.client - [lambda$createClient$0,80] - [RpcClientFactory] create a new rpc client of f0299a98-03df-4499-89a3-210d765eef30
17:11:23.176 [main] INFO  c.a.n.c.r.client - [printIfInfoEnabled,60] - [f0299a98-03df-4499-89a3-210d765eef30] RpcClient init label, labels = {module=naming, source=sdk}
17:11:23.179 [main] INFO  c.a.n.c.r.client - [printIfInfoEnabled,60] - [f0299a98-03df-4499-89a3-210d765eef30] RpcClient init, ServerListFactory = com.alibaba.nacos.client.naming.core.ServerListManager
17:11:23.179 [main] INFO  c.a.n.c.r.client - [printIfInfoEnabled,60] - [f0299a98-03df-4499-89a3-210d765eef30] Registry connection listener to current client:com.alibaba.nacos.client.naming.remote.gprc.redo.NamingGrpcRedoService
17:11:23.179 [main] INFO  c.a.n.c.r.client - [printIfInfoEnabled,60] - [f0299a98-03df-4499-89a3-210d765eef30] Register server push request handler:com.alibaba.nacos.client.naming.remote.gprc.NamingPushRequestHandler
17:11:23.180 [main] INFO  c.a.n.c.r.client - [printIfInfoEnabled,60] - [f0299a98-03df-4499-89a3-210d765eef30] Try to connect to server on start up, server: {serverIp = '127.0.0.1', server main port = 8848}
17:11:23.295 [main] INFO  c.a.n.c.r.client - [printIfInfoEnabled,60] - [f0299a98-03df-4499-89a3-210d765eef30] Success to connect to server [127.0.0.1:8848] on start up, connectionId = 1698829883185_127.0.0.1_8589
17:11:23.295 [main] INFO  c.a.n.c.r.client - [printIfInfoEnabled,60] - [f0299a98-03df-4499-89a3-210d765eef30] Register server push request handler:com.alibaba.nacos.common.remote.client.RpcClient$ConnectResetRequestHandler
17:11:23.295 [com.alibaba.nacos.client.remote.worker] INFO  c.a.n.c.r.client - [printIfInfoEnabled,60] - [f0299a98-03df-4499-89a3-210d765eef30] Notify connected event to listeners.
17:11:23.296 [main] INFO  c.a.n.c.r.client - [printIfInfoEnabled,60] - [f0299a98-03df-4499-89a3-210d765eef30] Register server push request handler:com.alibaba.nacos.common.remote.client.RpcClient$$Lambda$344/812168041
17:11:23.336 [main] INFO  o.a.c.h.Http11NioProtocol - [log,173] - Starting ProtocolHandler ["http-nio-9211"]
17:11:23.361 [main] INFO  c.a.c.n.r.NacosServiceRegistry - [register,75] - nacos registry, DEFAULT_GROUP xmap-information 10.100.60.135:9211 register finished
17:11:23.822 [nacos-grpc-client-executor-5] INFO  c.a.n.c.r.client - [printIfInfoEnabled,60] - [f0299a98-03df-4499-89a3-210d765eef30] Receive server push request, request = NotifySubscriberRequest, requestId = 33
17:11:23.826 [nacos-grpc-client-executor-5] INFO  c.a.n.c.r.client - [printIfInfoEnabled,60] - [f0299a98-03df-4499-89a3-210d765eef30] Ack server push request, request = NotifySubscriberRequest, requestId = 33
17:11:24.897 [main] INFO  c.x.i.XmapInformationApplication - [logStarted,61] - Started XmapInformationApplication in 19.242 seconds (JVM running for 21.405)
17:11:24.905 [main] INFO  c.a.c.n.r.NacosContextRefresher - [registerNacosListener,129] - [Nacos Config] Listening config: dataId=xmap-information-dev.yml, group=DEFAULT_GROUP
17:11:24.905 [main] INFO  c.a.c.n.r.NacosContextRefresher - [registerNacosListener,129] - [Nacos Config] Listening config: dataId=xmap-information.yml, group=DEFAULT_GROUP
17:11:24.906 [main] INFO  c.a.c.n.r.NacosContextRefresher - [registerNacosListener,129] - [Nacos Config] Listening config: dataId=xmap-information, group=DEFAULT_GROUP
17:11:26.547 [RMI TCP Connection(6)-192.168.137.1] INFO  o.a.c.c.C.[.[.[/] - [log,173] - Initializing Spring DispatcherServlet 'dispatcherServlet'
18:59:16.976 [SpringApplicationShutdownHook] INFO  c.a.c.n.r.NacosServiceRegistry - [deregister,94] - De-registering from Nacos Server now...
18:59:16.984 [SpringApplicationShutdownHook] INFO  c.a.c.n.r.NacosServiceRegistry - [deregister,114] - De-registration finished.
18:59:17.327 [SpringApplicationShutdownHook] INFO  c.a.n.c.r.client - [shutdown,454] - Shutdown rpc client, set status to shutdown
18:59:17.327 [SpringApplicationShutdownHook] INFO  c.a.n.c.r.client - [shutdown,456] - Shutdown client event executor java.util.concurrent.ScheduledThreadPoolExecutor@3e8bc198[Running, pool size = 2, active threads = 2, queued tasks = 0, completed tasks = 0]
18:59:17.327 [SpringApplicationShutdownHook] INFO  c.a.n.c.r.client - [closeConnection,591] - Close current connection 1698829883185_127.0.0.1_8589
18:59:17.329 [nacos-grpc-client-executor-1303] INFO  c.a.n.c.r.c.g.GrpcClient - [printIfInfoEnabled,60] - [1698829883185_127.0.0.1_8589]Ignore complete event,isRunning:false,isAbandon=false
18:59:17.335 [SpringApplicationShutdownHook] INFO  c.a.n.c.r.c.g.GrpcClient - [shutdown,85] - Shutdown grpc executor java.util.concurrent.ThreadPoolExecutor@66d04d12[Running, pool size = 5, active threads = 0, queued tasks = 0, completed tasks = 1304]
18:59:17.506 [SpringApplicationShutdownHook] INFO  c.b.d.d.DynamicRoutingDataSource - [destroy,211] - dynamic-datasource start closing ....
18:59:17.570 [SpringApplicationShutdownHook] INFO  c.a.d.p.DruidDataSource - [close,2138] - {dataSource-1} closing ...
18:59:17.582 [SpringApplicationShutdownHook] INFO  c.a.d.p.DruidDataSource - [close,2211] - {dataSource-1} closed
18:59:17.583 [SpringApplicationShutdownHook] INFO  c.b.d.d.DynamicRoutingDataSource - [destroy,215] - dynamic-datasource all closed success,bye
19:13:06.733 [background-preinit] INFO  o.h.v.i.util.Version - [<clinit>,21] - HV000001: Hibernate Validator 6.2.5.Final
19:13:09.289 [main] INFO  c.a.n.c.r.client - [lambda$createClient$0,80] - [RpcClientFactory] create a new rpc client of fb209001-ad0e-4429-a710-e7f994752cf9_config-0
19:13:09.376 [main] INFO  o.r.Reflections - [scan,232] - Reflections took 60 ms to scan 1 urls, producing 3 keys and 6 values 
19:13:09.444 [main] INFO  o.r.Reflections - [scan,232] - Reflections took 33 ms to scan 1 urls, producing 4 keys and 9 values 
19:13:09.474 [main] INFO  o.r.Reflections - [scan,232] - Reflections took 25 ms to scan 1 urls, producing 3 keys and 10 values 
19:13:09.884 [main] INFO  o.r.Reflections - [scan,232] - Reflections took 401 ms to scan 199 urls, producing 0 keys and 0 values 
19:13:09.906 [main] INFO  o.r.Reflections - [scan,232] - Reflections took 20 ms to scan 1 urls, producing 1 keys and 5 values 
19:13:09.930 [main] INFO  o.r.Reflections - [scan,232] - Reflections took 21 ms to scan 1 urls, producing 1 keys and 7 values 
19:13:09.963 [main] INFO  o.r.Reflections - [scan,232] - Reflections took 29 ms to scan 1 urls, producing 2 keys and 8 values 
19:13:10.265 [main] INFO  o.r.Reflections - [scan,232] - Reflections took 298 ms to scan 199 urls, producing 0 keys and 0 values 
19:13:10.267 [main] INFO  c.a.n.c.r.client - [printIfInfoEnabled,60] - [fb209001-ad0e-4429-a710-e7f994752cf9_config-0] RpcClient init label, labels = {module=config, Vipserver-Tag=null, source=sdk, Amory-Tag=null, Location-Tag=null, taskId=0, AppName=unknown}
19:13:10.269 [main] INFO  c.a.n.c.r.client - [printIfInfoEnabled,60] - [fb209001-ad0e-4429-a710-e7f994752cf9_config-0] Register server push request handler:com.alibaba.nacos.client.config.impl.ClientWorker$ConfigRpcTransportClient$$Lambda$335/1752535057
19:13:10.270 [main] INFO  c.a.n.c.r.client - [printIfInfoEnabled,60] - [fb209001-ad0e-4429-a710-e7f994752cf9_config-0] Register server push request handler:com.alibaba.nacos.client.config.impl.ClientWorker$ConfigRpcTransportClient$$Lambda$336/2116299597
19:13:10.272 [main] INFO  c.a.n.c.r.client - [printIfInfoEnabled,60] - [fb209001-ad0e-4429-a710-e7f994752cf9_config-0] Registry connection listener to current client:com.alibaba.nacos.client.config.impl.ClientWorker$ConfigRpcTransportClient$1
19:13:10.273 [main] INFO  c.a.n.c.r.client - [printIfInfoEnabled,60] - [fb209001-ad0e-4429-a710-e7f994752cf9_config-0] RpcClient init, ServerListFactory = com.alibaba.nacos.client.config.impl.ClientWorker$ConfigRpcTransportClient$2
19:13:10.292 [main] INFO  c.a.n.c.r.client - [printIfInfoEnabled,60] - [fb209001-ad0e-4429-a710-e7f994752cf9_config-0] Try to connect to server on start up, server: {serverIp = '127.0.0.1', server main port = 8848}
19:13:15.397 [main] INFO  c.a.n.c.r.client - [printIfInfoEnabled,60] - [fb209001-ad0e-4429-a710-e7f994752cf9_config-0] Success to connect to server [127.0.0.1:8848] on start up, connectionId = 1698837195000_127.0.0.1_3511
19:13:15.397 [com.alibaba.nacos.client.remote.worker] INFO  c.a.n.c.r.client - [printIfInfoEnabled,60] - [fb209001-ad0e-4429-a710-e7f994752cf9_config-0] Notify connected event to listeners.
19:13:15.398 [main] INFO  c.a.n.c.r.client - [printIfInfoEnabled,60] - [fb209001-ad0e-4429-a710-e7f994752cf9_config-0] Register server push request handler:com.alibaba.nacos.common.remote.client.RpcClient$ConnectResetRequestHandler
19:13:15.399 [main] INFO  c.a.n.c.r.client - [printIfInfoEnabled,60] - [fb209001-ad0e-4429-a710-e7f994752cf9_config-0] Register server push request handler:com.alibaba.nacos.common.remote.client.RpcClient$$Lambda$344/812168041
19:13:15.543 [main] INFO  c.x.i.XmapInformationApplication - [logStartupProfileInfo,637] - The following 1 profile is active: "dev"
19:13:19.222 [main] INFO  o.a.c.c.AprLifecycleListener - [log,173] - Loaded Apache Tomcat Native library [1.2.32] using APR version [1.7.0].
19:13:19.222 [main] INFO  o.a.c.c.AprLifecycleListener - [log,173] - APR capabilities: IPv6 [true], sendfile [true], accept filters [false], random [true], UDS [true].
19:13:19.222 [main] INFO  o.a.c.c.AprLifecycleListener - [log,173] - APR/OpenSSL configuration: useAprConnector [false], useOpenSSL [true]
19:13:19.227 [main] INFO  o.a.c.c.AprLifecycleListener - [log,173] - OpenSSL successfully initialized [OpenSSL 1.1.1n  15 Mar 2022]
19:13:19.244 [main] INFO  o.a.c.h.Http11NioProtocol - [log,173] - Initializing ProtocolHandler ["http-nio-9211"]
19:13:19.245 [main] INFO  o.a.c.c.StandardService - [log,173] - Starting service [Tomcat]
19:13:19.245 [main] INFO  o.a.c.c.StandardEngine - [log,173] - Starting Servlet engine: [Apache Tomcat/9.0.70]
19:13:19.495 [main] INFO  o.a.c.c.C.[.[.[/] - [log,173] - Initializing Spring embedded WebApplicationContext
19:13:21.543 [main] INFO  c.a.d.p.DruidDataSource - [init,996] - {dataSource-1,master} inited
19:13:21.545 [main] INFO  c.b.d.d.DynamicRoutingDataSource - [addDataSource,154] - dynamic-datasource - add a datasource named [master] success
19:13:21.545 [main] INFO  c.b.d.d.DynamicRoutingDataSource - [afterPropertiesSet,234] - dynamic-datasource initial loaded [1] datasource,primary datasource named [master]
19:13:23.740 [main] INFO  c.a.c.s.SentinelWebMvcConfigurer - [addInterceptors,52] - [Sentinel Starter] register SentinelWebInterceptor with urlPatterns: [/**].
19:13:29.683 [main] INFO  c.a.n.c.r.client - [lambda$createClient$0,80] - [RpcClientFactory] create a new rpc client of 70070d28-cc5c-4629-956d-9f4dc47b6cf8
19:13:29.683 [main] INFO  c.a.n.c.r.client - [printIfInfoEnabled,60] - [70070d28-cc5c-4629-956d-9f4dc47b6cf8] RpcClient init label, labels = {module=naming, source=sdk}
19:13:29.686 [main] INFO  c.a.n.c.r.client - [printIfInfoEnabled,60] - [70070d28-cc5c-4629-956d-9f4dc47b6cf8] RpcClient init, ServerListFactory = com.alibaba.nacos.client.naming.core.ServerListManager
19:13:29.686 [main] INFO  c.a.n.c.r.client - [printIfInfoEnabled,60] - [70070d28-cc5c-4629-956d-9f4dc47b6cf8] Registry connection listener to current client:com.alibaba.nacos.client.naming.remote.gprc.redo.NamingGrpcRedoService
19:13:29.687 [main] INFO  c.a.n.c.r.client - [printIfInfoEnabled,60] - [70070d28-cc5c-4629-956d-9f4dc47b6cf8] Register server push request handler:com.alibaba.nacos.client.naming.remote.gprc.NamingPushRequestHandler
19:13:29.687 [main] INFO  c.a.n.c.r.client - [printIfInfoEnabled,60] - [70070d28-cc5c-4629-956d-9f4dc47b6cf8] Try to connect to server on start up, server: {serverIp = '127.0.0.1', server main port = 8848}
19:13:29.815 [main] INFO  c.a.n.c.r.client - [printIfInfoEnabled,60] - [70070d28-cc5c-4629-956d-9f4dc47b6cf8] Success to connect to server [127.0.0.1:8848] on start up, connectionId = 1698837209699_127.0.0.1_3662
19:13:29.816 [com.alibaba.nacos.client.remote.worker] INFO  c.a.n.c.r.client - [printIfInfoEnabled,60] - [70070d28-cc5c-4629-956d-9f4dc47b6cf8] Notify connected event to listeners.
19:13:29.816 [main] INFO  c.a.n.c.r.client - [printIfInfoEnabled,60] - [70070d28-cc5c-4629-956d-9f4dc47b6cf8] Register server push request handler:com.alibaba.nacos.common.remote.client.RpcClient$ConnectResetRequestHandler
19:13:29.816 [main] INFO  c.a.n.c.r.client - [printIfInfoEnabled,60] - [70070d28-cc5c-4629-956d-9f4dc47b6cf8] Register server push request handler:com.alibaba.nacos.common.remote.client.RpcClient$$Lambda$344/812168041
19:13:29.892 [main] INFO  o.a.c.h.Http11NioProtocol - [log,173] - Starting ProtocolHandler ["http-nio-9211"]
19:13:29.975 [main] INFO  c.a.c.n.r.NacosServiceRegistry - [register,75] - nacos registry, DEFAULT_GROUP xmap-information 10.100.60.135:9211 register finished
19:13:30.362 [nacos-grpc-client-executor-7] INFO  c.a.n.c.r.client - [printIfInfoEnabled,60] - [70070d28-cc5c-4629-956d-9f4dc47b6cf8] Receive server push request, request = NotifySubscriberRequest, requestId = 42
19:13:30.370 [nacos-grpc-client-executor-7] INFO  c.a.n.c.r.client - [printIfInfoEnabled,60] - [70070d28-cc5c-4629-956d-9f4dc47b6cf8] Ack server push request, request = NotifySubscriberRequest, requestId = 42
19:13:32.515 [main] INFO  c.x.i.XmapInformationApplication - [logStarted,61] - Started XmapInformationApplication in 27.345 seconds (JVM running for 29.715)
19:13:32.527 [main] INFO  c.a.c.n.r.NacosContextRefresher - [registerNacosListener,129] - [Nacos Config] Listening config: dataId=xmap-information-dev.yml, group=DEFAULT_GROUP
19:13:32.528 [main] INFO  c.a.c.n.r.NacosContextRefresher - [registerNacosListener,129] - [Nacos Config] Listening config: dataId=xmap-information.yml, group=DEFAULT_GROUP
19:13:32.528 [main] INFO  c.a.c.n.r.NacosContextRefresher - [registerNacosListener,129] - [Nacos Config] Listening config: dataId=xmap-information, group=DEFAULT_GROUP
19:13:33.881 [RMI TCP Connection(6)-192.168.137.1] INFO  o.a.c.c.C.[.[.[/] - [log,173] - Initializing Spring DispatcherServlet 'dispatcherServlet'
19:32:52.641 [SpringApplicationShutdownHook] INFO  c.a.c.n.r.NacosServiceRegistry - [deregister,94] - De-registering from Nacos Server now...
19:32:52.646 [SpringApplicationShutdownHook] INFO  c.a.c.n.r.NacosServiceRegistry - [deregister,114] - De-registration finished.
19:32:52.979 [SpringApplicationShutdownHook] INFO  c.a.n.c.r.client - [shutdown,454] - Shutdown rpc client, set status to shutdown
19:32:52.979 [SpringApplicationShutdownHook] INFO  c.a.n.c.r.client - [shutdown,456] - Shutdown client event executor java.util.concurrent.ScheduledThreadPoolExecutor@63276a35[Running, pool size = 2, active threads = 2, queued tasks = 0, completed tasks = 0]
19:32:52.979 [SpringApplicationShutdownHook] INFO  c.a.n.c.r.client - [closeConnection,591] - Close current connection 1698837209699_127.0.0.1_3662
19:32:52.981 [nacos-grpc-client-executor-243] INFO  c.a.n.c.r.c.g.GrpcClient - [printIfInfoEnabled,60] - [1698837209699_127.0.0.1_3662]Ignore complete event,isRunning:false,isAbandon=false
19:32:53.202 [SpringApplicationShutdownHook] INFO  c.a.n.c.r.c.g.GrpcClient - [shutdown,85] - Shutdown grpc executor java.util.concurrent.ThreadPoolExecutor@30df85d3[Running, pool size = 5, active threads = 0, queued tasks = 0, completed tasks = 244]
19:32:53.511 [SpringApplicationShutdownHook] INFO  c.b.d.d.DynamicRoutingDataSource - [destroy,211] - dynamic-datasource start closing ....
19:32:53.527 [SpringApplicationShutdownHook] INFO  c.a.d.p.DruidDataSource - [close,2138] - {dataSource-1} closing ...
19:32:53.536 [SpringApplicationShutdownHook] INFO  c.a.d.p.DruidDataSource - [close,2211] - {dataSource-1} closed
19:32:53.536 [SpringApplicationShutdownHook] INFO  c.b.d.d.DynamicRoutingDataSource - [destroy,215] - dynamic-datasource all closed success,bye
19:33:07.891 [background-preinit] INFO  o.h.v.i.util.Version - [<clinit>,21] - HV000001: Hibernate Validator 6.2.5.Final
19:33:09.442 [main] INFO  c.a.n.c.r.client - [lambda$createClient$0,80] - [RpcClientFactory] create a new rpc client of 695d18aa-080a-4ca5-b19f-319fd1505536_config-0
19:33:09.522 [main] INFO  o.r.Reflections - [scan,232] - Reflections took 36 ms to scan 1 urls, producing 3 keys and 6 values 
19:33:09.557 [main] INFO  o.r.Reflections - [scan,232] - Reflections took 13 ms to scan 1 urls, producing 4 keys and 9 values 
19:33:09.571 [main] INFO  o.r.Reflections - [scan,232] - Reflections took 12 ms to scan 1 urls, producing 3 keys and 10 values 
19:33:09.796 [main] INFO  o.r.Reflections - [scan,232] - Reflections took 221 ms to scan 199 urls, producing 0 keys and 0 values 
19:33:09.808 [main] INFO  o.r.Reflections - [scan,232] - Reflections took 11 ms to scan 1 urls, producing 1 keys and 5 values 
19:33:09.824 [main] INFO  o.r.Reflections - [scan,232] - Reflections took 14 ms to scan 1 urls, producing 1 keys and 7 values 
19:33:09.841 [main] INFO  o.r.Reflections - [scan,232] - Reflections took 14 ms to scan 1 urls, producing 2 keys and 8 values 
19:33:09.998 [main] INFO  o.r.Reflections - [scan,232] - Reflections took 155 ms to scan 199 urls, producing 0 keys and 0 values 
19:33:10.000 [main] INFO  c.a.n.c.r.client - [printIfInfoEnabled,60] - [695d18aa-080a-4ca5-b19f-319fd1505536_config-0] RpcClient init label, labels = {module=config, Vipserver-Tag=null, source=sdk, Amory-Tag=null, Location-Tag=null, taskId=0, AppName=unknown}
19:33:10.001 [main] INFO  c.a.n.c.r.client - [printIfInfoEnabled,60] - [695d18aa-080a-4ca5-b19f-319fd1505536_config-0] Register server push request handler:com.alibaba.nacos.client.config.impl.ClientWorker$ConfigRpcTransportClient$$Lambda$335/1752535057
19:33:10.002 [main] INFO  c.a.n.c.r.client - [printIfInfoEnabled,60] - [695d18aa-080a-4ca5-b19f-319fd1505536_config-0] Register server push request handler:com.alibaba.nacos.client.config.impl.ClientWorker$ConfigRpcTransportClient$$Lambda$336/2116299597
19:33:10.003 [main] INFO  c.a.n.c.r.client - [printIfInfoEnabled,60] - [695d18aa-080a-4ca5-b19f-319fd1505536_config-0] Registry connection listener to current client:com.alibaba.nacos.client.config.impl.ClientWorker$ConfigRpcTransportClient$1
19:33:10.003 [main] INFO  c.a.n.c.r.client - [printIfInfoEnabled,60] - [695d18aa-080a-4ca5-b19f-319fd1505536_config-0] RpcClient init, ServerListFactory = com.alibaba.nacos.client.config.impl.ClientWorker$ConfigRpcTransportClient$2
19:33:10.012 [main] INFO  c.a.n.c.r.client - [printIfInfoEnabled,60] - [695d18aa-080a-4ca5-b19f-319fd1505536_config-0] Try to connect to server on start up, server: {serverIp = '127.0.0.1', server main port = 8848}
19:33:13.640 [main] INFO  c.a.n.c.r.client - [printIfInfoEnabled,60] - [695d18aa-080a-4ca5-b19f-319fd1505536_config-0] Success to connect to server [127.0.0.1:8848] on start up, connectionId = 1698838393309_127.0.0.1_5451
19:33:13.641 [main] INFO  c.a.n.c.r.client - [printIfInfoEnabled,60] - [695d18aa-080a-4ca5-b19f-319fd1505536_config-0] Register server push request handler:com.alibaba.nacos.common.remote.client.RpcClient$ConnectResetRequestHandler
19:33:13.641 [com.alibaba.nacos.client.remote.worker] INFO  c.a.n.c.r.client - [printIfInfoEnabled,60] - [695d18aa-080a-4ca5-b19f-319fd1505536_config-0] Notify connected event to listeners.
19:33:13.642 [main] INFO  c.a.n.c.r.client - [printIfInfoEnabled,60] - [695d18aa-080a-4ca5-b19f-319fd1505536_config-0] Register server push request handler:com.alibaba.nacos.common.remote.client.RpcClient$$Lambda$344/812168041
19:33:13.742 [main] INFO  c.x.i.XmapInformationApplication - [logStartupProfileInfo,637] - The following 1 profile is active: "dev"
19:33:16.535 [main] INFO  o.a.c.c.AprLifecycleListener - [log,173] - Loaded Apache Tomcat Native library [1.2.32] using APR version [1.7.0].
19:33:16.535 [main] INFO  o.a.c.c.AprLifecycleListener - [log,173] - APR capabilities: IPv6 [true], sendfile [true], accept filters [false], random [true], UDS [true].
19:33:16.535 [main] INFO  o.a.c.c.AprLifecycleListener - [log,173] - APR/OpenSSL configuration: useAprConnector [false], useOpenSSL [true]
19:33:16.541 [main] INFO  o.a.c.c.AprLifecycleListener - [log,173] - OpenSSL successfully initialized [OpenSSL 1.1.1n  15 Mar 2022]
19:33:16.555 [main] INFO  o.a.c.h.Http11NioProtocol - [log,173] - Initializing ProtocolHandler ["http-nio-9211"]
19:33:16.555 [main] INFO  o.a.c.c.StandardService - [log,173] - Starting service [Tomcat]
19:33:16.556 [main] INFO  o.a.c.c.StandardEngine - [log,173] - Starting Servlet engine: [Apache Tomcat/9.0.70]
19:33:16.893 [main] INFO  o.a.c.c.C.[.[.[/] - [log,173] - Initializing Spring embedded WebApplicationContext
19:33:18.319 [main] INFO  c.a.d.p.DruidDataSource - [init,996] - {dataSource-1,master} inited
19:33:18.320 [main] INFO  c.b.d.d.DynamicRoutingDataSource - [addDataSource,154] - dynamic-datasource - add a datasource named [master] success
19:33:18.320 [main] INFO  c.b.d.d.DynamicRoutingDataSource - [afterPropertiesSet,234] - dynamic-datasource initial loaded [1] datasource,primary datasource named [master]
19:33:19.744 [main] INFO  c.a.c.s.SentinelWebMvcConfigurer - [addInterceptors,52] - [Sentinel Starter] register SentinelWebInterceptor with urlPatterns: [/**].
19:33:23.763 [main] INFO  c.a.n.c.r.client - [lambda$createClient$0,80] - [RpcClientFactory] create a new rpc client of 9ef1b43e-0739-4229-95e4-838096f725f3
19:33:23.763 [main] INFO  c.a.n.c.r.client - [printIfInfoEnabled,60] - [9ef1b43e-0739-4229-95e4-838096f725f3] RpcClient init label, labels = {module=naming, source=sdk}
19:33:23.767 [main] INFO  c.a.n.c.r.client - [printIfInfoEnabled,60] - [9ef1b43e-0739-4229-95e4-838096f725f3] RpcClient init, ServerListFactory = com.alibaba.nacos.client.naming.core.ServerListManager
19:33:23.767 [main] INFO  c.a.n.c.r.client - [printIfInfoEnabled,60] - [9ef1b43e-0739-4229-95e4-838096f725f3] Registry connection listener to current client:com.alibaba.nacos.client.naming.remote.gprc.redo.NamingGrpcRedoService
19:33:23.769 [main] INFO  c.a.n.c.r.client - [printIfInfoEnabled,60] - [9ef1b43e-0739-4229-95e4-838096f725f3] Register server push request handler:com.alibaba.nacos.client.naming.remote.gprc.NamingPushRequestHandler
19:33:23.769 [main] INFO  c.a.n.c.r.client - [printIfInfoEnabled,60] - [9ef1b43e-0739-4229-95e4-838096f725f3] Try to connect to server on start up, server: {serverIp = '127.0.0.1', server main port = 8848}
19:33:23.882 [main] INFO  c.a.n.c.r.client - [printIfInfoEnabled,60] - [9ef1b43e-0739-4229-95e4-838096f725f3] Success to connect to server [127.0.0.1:8848] on start up, connectionId = 1698838403773_127.0.0.1_5468
19:33:23.882 [main] INFO  c.a.n.c.r.client - [printIfInfoEnabled,60] - [9ef1b43e-0739-4229-95e4-838096f725f3] Register server push request handler:com.alibaba.nacos.common.remote.client.RpcClient$ConnectResetRequestHandler
19:33:23.882 [com.alibaba.nacos.client.remote.worker] INFO  c.a.n.c.r.client - [printIfInfoEnabled,60] - [9ef1b43e-0739-4229-95e4-838096f725f3] Notify connected event to listeners.
19:33:23.882 [main] INFO  c.a.n.c.r.client - [printIfInfoEnabled,60] - [9ef1b43e-0739-4229-95e4-838096f725f3] Register server push request handler:com.alibaba.nacos.common.remote.client.RpcClient$$Lambda$344/812168041
19:33:23.946 [main] INFO  o.a.c.h.Http11NioProtocol - [log,173] - Starting ProtocolHandler ["http-nio-9211"]
19:33:24.013 [main] INFO  c.a.c.n.r.NacosServiceRegistry - [register,75] - nacos registry, DEFAULT_GROUP xmap-information 10.100.60.135:9211 register finished
19:33:24.489 [nacos-grpc-client-executor-5] INFO  c.a.n.c.r.client - [printIfInfoEnabled,60] - [9ef1b43e-0739-4229-95e4-838096f725f3] Receive server push request, request = NotifySubscriberRequest, requestId = 51
19:33:24.493 [nacos-grpc-client-executor-5] INFO  c.a.n.c.r.client - [printIfInfoEnabled,60] - [9ef1b43e-0739-4229-95e4-838096f725f3] Ack server push request, request = NotifySubscriberRequest, requestId = 51
19:33:25.650 [main] INFO  c.x.i.XmapInformationApplication - [logStarted,61] - Started XmapInformationApplication in 19.869 seconds (JVM running for 22.014)
19:33:25.659 [main] INFO  c.a.c.n.r.NacosContextRefresher - [registerNacosListener,129] - [Nacos Config] Listening config: dataId=xmap-information-dev.yml, group=DEFAULT_GROUP
19:33:25.659 [main] INFO  c.a.c.n.r.NacosContextRefresher - [registerNacosListener,129] - [Nacos Config] Listening config: dataId=xmap-information.yml, group=DEFAULT_GROUP
19:33:25.660 [main] INFO  c.a.c.n.r.NacosContextRefresher - [registerNacosListener,129] - [Nacos Config] Listening config: dataId=xmap-information, group=DEFAULT_GROUP
19:33:27.454 [RMI TCP Connection(3)-192.168.137.1] INFO  o.a.c.c.C.[.[.[/] - [log,173] - Initializing Spring DispatcherServlet 'dispatcherServlet'
19:35:11.333 [nacos-grpc-client-executor-31] INFO  c.a.n.c.r.client - [printIfInfoEnabled,60] - [9ef1b43e-0739-4229-95e4-838096f725f3] Receive server push request, request = NotifySubscriberRequest, requestId = 53
19:35:11.333 [nacos-grpc-client-executor-31] INFO  c.a.n.c.r.client - [printIfInfoEnabled,60] - [9ef1b43e-0739-4229-95e4-838096f725f3] Ack server push request, request = NotifySubscriberRequest, requestId = 53
21:03:46.884 [com.alibaba.nacos.client.remote.worker] INFO  c.a.n.c.r.client - [printIfInfoEnabled,60] - [9ef1b43e-0739-4229-95e4-838096f725f3] Try to reconnect to a new server, server is  not appointed, will choose a random server.
21:03:46.884 [com.alibaba.nacos.client.remote.worker] INFO  c.a.n.c.r.client - [printIfInfoEnabled,60] - [695d18aa-080a-4ca5-b19f-319fd1505536_config-0] Try to reconnect to a new server, server is  not appointed, will choose a random server.
21:03:51.278 [com.alibaba.nacos.client.remote.worker] INFO  c.a.n.c.r.client - [printIfInfoEnabled,60] - [9ef1b43e-0739-4229-95e4-838096f725f3] Fail to connect server, after trying 1 times, last try server is {serverIp = '127.0.0.1', server main port = 8848}, error = unknown
21:03:51.172 [com.alibaba.nacos.client.remote.worker] INFO  c.a.n.c.r.client - [printIfInfoEnabled,60] - [695d18aa-080a-4ca5-b19f-319fd1505536_config-0] Fail to connect server, after trying 1 times, last try server is {serverIp = '127.0.0.1', server main port = 8848}, error = unknown
21:03:53.559 [com.alibaba.nacos.client.remote.worker] INFO  c.a.n.c.r.client - [printIfInfoEnabled,60] - [9ef1b43e-0739-4229-95e4-838096f725f3] Fail to connect server, after trying 2 times, last try server is {serverIp = '127.0.0.1', server main port = 8848}, error = unknown
21:03:53.569 [com.alibaba.nacos.client.remote.worker] INFO  c.a.n.c.r.client - [printIfInfoEnabled,60] - [695d18aa-080a-4ca5-b19f-319fd1505536_config-0] Fail to connect server, after trying 2 times, last try server is {serverIp = '127.0.0.1', server main port = 8848}, error = unknown
21:03:54.708 [SpringApplicationShutdownHook] INFO  c.a.c.n.r.NacosServiceRegistry - [deregister,94] - De-registering from Nacos Server now...
21:03:55.048 [SpringApplicationShutdownHook] INFO  c.a.c.n.r.NacosServiceRegistry - [deregister,114] - De-registration finished.
21:03:55.406 [SpringApplicationShutdownHook] INFO  c.a.n.c.r.client - [shutdown,454] - Shutdown rpc client, set status to shutdown
21:03:55.406 [SpringApplicationShutdownHook] INFO  c.a.n.c.r.client - [shutdown,456] - Shutdown client event executor java.util.concurrent.ScheduledThreadPoolExecutor@76d73c5e[Running, pool size = 2, active threads = 2, queued tasks = 0, completed tasks = 0]
21:03:55.407 [SpringApplicationShutdownHook] INFO  c.a.n.c.r.client - [closeConnection,591] - Close current connection 1698838403773_127.0.0.1_5468
21:03:55.408 [SpringApplicationShutdownHook] INFO  c.a.n.c.r.c.g.GrpcClient - [shutdown,85] - Shutdown grpc executor java.util.concurrent.ThreadPoolExecutor@7780fa25[Running, pool size = 7, active threads = 0, queued tasks = 0, completed tasks = 1100]
21:03:55.408 [com.alibaba.nacos.client.remote.worker] INFO  c.a.n.c.r.client - [closeConnection,591] - Close current connection 1698838403773_127.0.0.1_5468
21:03:55.409 [com.alibaba.nacos.client.remote.worker] INFO  c.a.n.c.r.client - [printIfInfoEnabled,60] - [9ef1b43e-0739-4229-95e4-838096f725f3] Fail to connect server, after trying 3 times, last try server is {serverIp = '127.0.0.1', server main port = 8848}, error = unknown
21:03:55.588 [SpringApplicationShutdownHook] INFO  c.b.d.d.DynamicRoutingDataSource - [destroy,211] - dynamic-datasource start closing ....
21:03:55.595 [SpringApplicationShutdownHook] INFO  c.a.d.p.DruidDataSource - [close,2138] - {dataSource-1} closing ...
21:03:55.614 [SpringApplicationShutdownHook] INFO  c.a.d.p.DruidDataSource - [close,2211] - {dataSource-1} closed
21:03:55.615 [SpringApplicationShutdownHook] INFO  c.b.d.d.DynamicRoutingDataSource - [destroy,215] - dynamic-datasource all closed success,bye
