09:50:24.104 [background-preinit] INFO  o.h.v.i.util.Version - [<clinit>,21] - HV000001: Hibernate Validator 6.2.5.Final
09:50:26.268 [main] INFO  c.a.n.c.r.client - [lambda$createClient$0,80] - [RpcClientFactory] create a new rpc client of cebfa092-f554-46be-8413-e4387e6fa47a_config-0
09:50:26.310 [main] INFO  o.r.Reflections - [scan,232] - Reflections took 27 ms to scan 1 urls, producing 3 keys and 6 values 
09:50:26.334 [main] INFO  o.r.Reflections - [scan,232] - Reflections took 12 ms to scan 1 urls, producing 4 keys and 9 values 
09:50:26.352 [main] INFO  o.r.Reflections - [scan,232] - Reflections took 16 ms to scan 1 urls, producing 3 keys and 10 values 
09:50:26.574 [main] INFO  o.r.Reflections - [scan,232] - Reflections took 219 ms to scan 204 urls, producing 0 keys and 0 values 
09:50:26.587 [main] INFO  o.r.Reflections - [scan,232] - Reflections took 12 ms to scan 1 urls, producing 1 keys and 5 values 
09:50:26.604 [main] INFO  o.r.Reflections - [scan,232] - Reflections took 15 ms to scan 1 urls, producing 1 keys and 7 values 
09:50:26.624 [main] INFO  o.r.Reflections - [scan,232] - Reflections took 16 ms to scan 1 urls, producing 2 keys and 8 values 
09:50:26.848 [main] INFO  o.r.Reflections - [scan,232] - Reflections took 222 ms to scan 204 urls, producing 0 keys and 0 values 
09:50:26.850 [main] INFO  c.a.n.c.r.client - [printIfInfoEnabled,60] - [cebfa092-f554-46be-8413-e4387e6fa47a_config-0] RpcClient init label, labels = {module=config, Vipserver-Tag=null, source=sdk, Amory-Tag=null, Location-Tag=null, taskId=0, AppName=unknown}
09:50:26.850 [main] INFO  c.a.n.c.r.client - [printIfInfoEnabled,60] - [cebfa092-f554-46be-8413-e4387e6fa47a_config-0] Register server push request handler:com.alibaba.nacos.client.config.impl.ClientWorker$ConfigRpcTransportClient$$Lambda$335/1950136544
09:50:26.850 [main] INFO  c.a.n.c.r.client - [printIfInfoEnabled,60] - [cebfa092-f554-46be-8413-e4387e6fa47a_config-0] Register server push request handler:com.alibaba.nacos.client.config.impl.ClientWorker$ConfigRpcTransportClient$$Lambda$336/209360730
09:50:26.851 [main] INFO  c.a.n.c.r.client - [printIfInfoEnabled,60] - [cebfa092-f554-46be-8413-e4387e6fa47a_config-0] Registry connection listener to current client:com.alibaba.nacos.client.config.impl.ClientWorker$ConfigRpcTransportClient$1
09:50:26.853 [main] INFO  c.a.n.c.r.client - [printIfInfoEnabled,60] - [cebfa092-f554-46be-8413-e4387e6fa47a_config-0] RpcClient init, ServerListFactory = com.alibaba.nacos.client.config.impl.ClientWorker$ConfigRpcTransportClient$2
09:50:26.863 [main] INFO  c.a.n.c.r.client - [printIfInfoEnabled,60] - [cebfa092-f554-46be-8413-e4387e6fa47a_config-0] Try to connect to server on start up, server: {serverIp = '127.0.0.1', server main port = 8848}
09:50:30.130 [main] INFO  c.a.n.c.r.client - [printIfInfoEnabled,60] - [cebfa092-f554-46be-8413-e4387e6fa47a_config-0] Success to connect to server [127.0.0.1:8848] on start up, connectionId = 1701741029874_127.0.0.1_2677
09:50:30.131 [main] INFO  c.a.n.c.r.client - [printIfInfoEnabled,60] - [cebfa092-f554-46be-8413-e4387e6fa47a_config-0] Register server push request handler:com.alibaba.nacos.common.remote.client.RpcClient$ConnectResetRequestHandler
09:50:30.130 [com.alibaba.nacos.client.remote.worker] INFO  c.a.n.c.r.client - [printIfInfoEnabled,60] - [cebfa092-f554-46be-8413-e4387e6fa47a_config-0] Notify connected event to listeners.
09:50:30.132 [main] INFO  c.a.n.c.r.client - [printIfInfoEnabled,60] - [cebfa092-f554-46be-8413-e4387e6fa47a_config-0] Register server push request handler:com.alibaba.nacos.common.remote.client.RpcClient$$Lambda$344/1601756706
09:50:30.214 [main] INFO  c.x.i.XmapInformationApplication - [logStartupProfileInfo,637] - The following 1 profile is active: "dev"
09:50:33.284 [main] INFO  o.a.c.c.AprLifecycleListener - [log,173] - Loaded Apache Tomcat Native library [1.2.32] using APR version [1.7.0].
09:50:33.284 [main] INFO  o.a.c.c.AprLifecycleListener - [log,173] - APR capabilities: IPv6 [true], sendfile [true], accept filters [false], random [true], UDS [true].
09:50:33.284 [main] INFO  o.a.c.c.AprLifecycleListener - [log,173] - APR/OpenSSL configuration: useAprConnector [false], useOpenSSL [true]
09:50:33.288 [main] INFO  o.a.c.c.AprLifecycleListener - [log,173] - OpenSSL successfully initialized [OpenSSL 1.1.1n  15 Mar 2022]
09:50:33.301 [main] INFO  o.a.c.h.Http11NioProtocol - [log,173] - Initializing ProtocolHandler ["http-nio-9211"]
09:50:33.302 [main] INFO  o.a.c.c.StandardService - [log,173] - Starting service [Tomcat]
09:50:33.302 [main] INFO  o.a.c.c.StandardEngine - [log,173] - Starting Servlet engine: [Apache Tomcat/9.0.70]
09:50:33.504 [main] INFO  o.a.c.c.C.[.[.[/] - [log,173] - Initializing Spring embedded WebApplicationContext
09:50:35.729 [main] INFO  c.a.d.p.DruidDataSource - [init,996] - {dataSource-1,master} inited
09:50:35.730 [main] INFO  c.b.d.d.DynamicRoutingDataSource - [addDataSource,154] - dynamic-datasource - add a datasource named [master] success
09:50:35.730 [main] INFO  c.b.d.d.DynamicRoutingDataSource - [afterPropertiesSet,234] - dynamic-datasource initial loaded [1] datasource,primary datasource named [master]
09:50:37.736 [main] INFO  c.a.c.s.SentinelWebMvcConfigurer - [addInterceptors,52] - [Sentinel Starter] register SentinelWebInterceptor with urlPatterns: [/**].
09:50:43.563 [main] INFO  c.a.n.c.r.client - [lambda$createClient$0,80] - [RpcClientFactory] create a new rpc client of a3cd4feb-bbd9-4310-930a-2a3c24949a27
09:50:43.563 [main] INFO  c.a.n.c.r.client - [printIfInfoEnabled,60] - [a3cd4feb-bbd9-4310-930a-2a3c24949a27] RpcClient init label, labels = {module=naming, source=sdk}
09:50:43.565 [main] INFO  c.a.n.c.r.client - [printIfInfoEnabled,60] - [a3cd4feb-bbd9-4310-930a-2a3c24949a27] RpcClient init, ServerListFactory = com.alibaba.nacos.client.naming.core.ServerListManager
09:50:43.565 [main] INFO  c.a.n.c.r.client - [printIfInfoEnabled,60] - [a3cd4feb-bbd9-4310-930a-2a3c24949a27] Registry connection listener to current client:com.alibaba.nacos.client.naming.remote.gprc.redo.NamingGrpcRedoService
09:50:43.565 [main] INFO  c.a.n.c.r.client - [printIfInfoEnabled,60] - [a3cd4feb-bbd9-4310-930a-2a3c24949a27] Register server push request handler:com.alibaba.nacos.client.naming.remote.gprc.NamingPushRequestHandler
09:50:43.566 [main] INFO  c.a.n.c.r.client - [printIfInfoEnabled,60] - [a3cd4feb-bbd9-4310-930a-2a3c24949a27] Try to connect to server on start up, server: {serverIp = '127.0.0.1', server main port = 8848}
09:50:43.681 [main] INFO  c.a.n.c.r.client - [printIfInfoEnabled,60] - [a3cd4feb-bbd9-4310-930a-2a3c24949a27] Success to connect to server [127.0.0.1:8848] on start up, connectionId = 1701741043571_127.0.0.1_2731
09:50:43.681 [com.alibaba.nacos.client.remote.worker] INFO  c.a.n.c.r.client - [printIfInfoEnabled,60] - [a3cd4feb-bbd9-4310-930a-2a3c24949a27] Notify connected event to listeners.
09:50:43.681 [main] INFO  c.a.n.c.r.client - [printIfInfoEnabled,60] - [a3cd4feb-bbd9-4310-930a-2a3c24949a27] Register server push request handler:com.alibaba.nacos.common.remote.client.RpcClient$ConnectResetRequestHandler
09:50:43.681 [main] INFO  c.a.n.c.r.client - [printIfInfoEnabled,60] - [a3cd4feb-bbd9-4310-930a-2a3c24949a27] Register server push request handler:com.alibaba.nacos.common.remote.client.RpcClient$$Lambda$344/1601756706
09:50:43.712 [main] INFO  o.a.c.h.Http11NioProtocol - [log,173] - Starting ProtocolHandler ["http-nio-9211"]
09:50:43.745 [main] INFO  c.a.c.n.r.NacosServiceRegistry - [register,75] - nacos registry, DEFAULT_GROUP xmap-information 10.100.60.135:9211 register finished
09:50:44.234 [nacos-grpc-client-executor-7] INFO  c.a.n.c.r.client - [printIfInfoEnabled,60] - [a3cd4feb-bbd9-4310-930a-2a3c24949a27] Receive server push request, request = NotifySubscriberRequest, requestId = 5
09:50:44.239 [nacos-grpc-client-executor-7] INFO  c.a.n.c.r.client - [printIfInfoEnabled,60] - [a3cd4feb-bbd9-4310-930a-2a3c24949a27] Ack server push request, request = NotifySubscriberRequest, requestId = 5
09:50:45.903 [main] INFO  c.x.i.XmapInformationApplication - [logStarted,61] - Started XmapInformationApplication in 23.742 seconds (JVM running for 25.507)
09:50:45.912 [main] INFO  c.a.c.n.r.NacosContextRefresher - [registerNacosListener,129] - [Nacos Config] Listening config: dataId=xmap-information-dev.yml, group=DEFAULT_GROUP
09:50:45.913 [main] INFO  c.a.c.n.r.NacosContextRefresher - [registerNacosListener,129] - [Nacos Config] Listening config: dataId=xmap-information.yml, group=DEFAULT_GROUP
09:50:45.914 [main] INFO  c.a.c.n.r.NacosContextRefresher - [registerNacosListener,129] - [Nacos Config] Listening config: dataId=xmap-information, group=DEFAULT_GROUP
09:50:47.062 [RMI TCP Connection(3)-192.168.137.1] INFO  o.a.c.c.C.[.[.[/] - [log,173] - Initializing Spring DispatcherServlet 'dispatcherServlet'
