09:05:50.821 [background-preinit] INFO  o.h.v.i.util.Version - [<clinit>,21] - HV000001: Hibernate Validator 6.2.5.Final
09:05:53.420 [main] INFO  c.a.n.c.r.client - [lambda$createClient$0,80] - [RpcClientFactory] create a new rpc client of 78daabb9-2b92-4fbe-a5d1-ecf12226f597_config-0
09:05:53.510 [main] INFO  o.r.Reflections - [scan,232] - Reflections took 60 ms to scan 1 urls, producing 3 keys and 6 values 
09:05:53.577 [main] INFO  o.r.Reflections - [scan,232] - Reflections took 37 ms to scan 1 urls, producing 4 keys and 9 values 
09:05:53.606 [main] INFO  o.r.Reflections - [scan,232] - Reflections took 23 ms to scan 1 urls, producing 3 keys and 10 values 
09:05:53.903 [main] INFO  o.r.Reflections - [scan,232] - Reflections took 288 ms to scan 199 urls, producing 0 keys and 0 values 
09:05:53.916 [main] INFO  o.r.Reflections - [scan,232] - Reflections took 11 ms to scan 1 urls, producing 1 keys and 5 values 
09:05:53.935 [main] INFO  o.r.Reflections - [scan,232] - Reflections took 16 ms to scan 1 urls, producing 1 keys and 7 values 
09:05:53.955 [main] INFO  o.r.Reflections - [scan,232] - Reflections took 16 ms to scan 1 urls, producing 2 keys and 8 values 
09:05:54.317 [main] INFO  o.r.Reflections - [scan,232] - Reflections took 358 ms to scan 199 urls, producing 0 keys and 0 values 
09:05:54.319 [main] INFO  c.a.n.c.r.client - [printIfInfoEnabled,60] - [78daabb9-2b92-4fbe-a5d1-ecf12226f597_config-0] RpcClient init label, labels = {module=config, Vipserver-Tag=null, source=sdk, Amory-Tag=null, Location-Tag=null, taskId=0, AppName=unknown}
09:05:54.320 [main] INFO  c.a.n.c.r.client - [printIfInfoEnabled,60] - [78daabb9-2b92-4fbe-a5d1-ecf12226f597_config-0] Register server push request handler:com.alibaba.nacos.client.config.impl.ClientWorker$ConfigRpcTransportClient$$Lambda$335/1752535057
09:05:54.321 [main] INFO  c.a.n.c.r.client - [printIfInfoEnabled,60] - [78daabb9-2b92-4fbe-a5d1-ecf12226f597_config-0] Register server push request handler:com.alibaba.nacos.client.config.impl.ClientWorker$ConfigRpcTransportClient$$Lambda$336/2116299597
09:05:54.322 [main] INFO  c.a.n.c.r.client - [printIfInfoEnabled,60] - [78daabb9-2b92-4fbe-a5d1-ecf12226f597_config-0] Registry connection listener to current client:com.alibaba.nacos.client.config.impl.ClientWorker$ConfigRpcTransportClient$1
09:05:54.323 [main] INFO  c.a.n.c.r.client - [printIfInfoEnabled,60] - [78daabb9-2b92-4fbe-a5d1-ecf12226f597_config-0] RpcClient init, ServerListFactory = com.alibaba.nacos.client.config.impl.ClientWorker$ConfigRpcTransportClient$2
09:05:54.336 [main] INFO  c.a.n.c.r.client - [printIfInfoEnabled,60] - [78daabb9-2b92-4fbe-a5d1-ecf12226f597_config-0] Try to connect to server on start up, server: {serverIp = '127.0.0.1', server main port = 8848}
09:05:58.905 [main] INFO  c.a.n.c.r.client - [printIfInfoEnabled,60] - [78daabb9-2b92-4fbe-a5d1-ecf12226f597_config-0] Success to connect to server [127.0.0.1:8848] on start up, connectionId = 1698973558553_127.0.0.1_7836
09:05:58.905 [com.alibaba.nacos.client.remote.worker] INFO  c.a.n.c.r.client - [printIfInfoEnabled,60] - [78daabb9-2b92-4fbe-a5d1-ecf12226f597_config-0] Notify connected event to listeners.
09:05:58.906 [main] INFO  c.a.n.c.r.client - [printIfInfoEnabled,60] - [78daabb9-2b92-4fbe-a5d1-ecf12226f597_config-0] Register server push request handler:com.alibaba.nacos.common.remote.client.RpcClient$ConnectResetRequestHandler
09:05:58.907 [main] INFO  c.a.n.c.r.client - [printIfInfoEnabled,60] - [78daabb9-2b92-4fbe-a5d1-ecf12226f597_config-0] Register server push request handler:com.alibaba.nacos.common.remote.client.RpcClient$$Lambda$344/2090563811
09:05:59.016 [main] INFO  c.x.i.XmapInformationApplication - [logStartupProfileInfo,637] - The following 1 profile is active: "dev"
09:06:02.539 [main] INFO  o.a.c.c.AprLifecycleListener - [log,173] - Loaded Apache Tomcat Native library [1.2.32] using APR version [1.7.0].
09:06:02.539 [main] INFO  o.a.c.c.AprLifecycleListener - [log,173] - APR capabilities: IPv6 [true], sendfile [true], accept filters [false], random [true], UDS [true].
09:06:02.539 [main] INFO  o.a.c.c.AprLifecycleListener - [log,173] - APR/OpenSSL configuration: useAprConnector [false], useOpenSSL [true]
09:06:02.544 [main] INFO  o.a.c.c.AprLifecycleListener - [log,173] - OpenSSL successfully initialized [OpenSSL 1.1.1n  15 Mar 2022]
09:06:02.563 [main] INFO  o.a.c.h.Http11NioProtocol - [log,173] - Initializing ProtocolHandler ["http-nio-9211"]
09:06:02.565 [main] INFO  o.a.c.c.StandardService - [log,173] - Starting service [Tomcat]
09:06:02.565 [main] INFO  o.a.c.c.StandardEngine - [log,173] - Starting Servlet engine: [Apache Tomcat/9.0.70]
09:06:02.849 [main] INFO  o.a.c.c.C.[.[.[/] - [log,173] - Initializing Spring embedded WebApplicationContext
09:06:04.498 [main] INFO  c.a.d.p.DruidDataSource - [init,996] - {dataSource-1,master} inited
09:06:04.499 [main] INFO  c.b.d.d.DynamicRoutingDataSource - [addDataSource,154] - dynamic-datasource - add a datasource named [master] success
09:06:04.500 [main] INFO  c.b.d.d.DynamicRoutingDataSource - [afterPropertiesSet,234] - dynamic-datasource initial loaded [1] datasource,primary datasource named [master]
09:06:06.231 [main] INFO  c.a.c.s.SentinelWebMvcConfigurer - [addInterceptors,52] - [Sentinel Starter] register SentinelWebInterceptor with urlPatterns: [/**].
09:06:11.005 [main] INFO  c.a.n.c.r.client - [lambda$createClient$0,80] - [RpcClientFactory] create a new rpc client of 99945eaf-0df7-4a91-83f1-bb8659e4d7e8
09:06:11.005 [main] INFO  c.a.n.c.r.client - [printIfInfoEnabled,60] - [99945eaf-0df7-4a91-83f1-bb8659e4d7e8] RpcClient init label, labels = {module=naming, source=sdk}
09:06:11.007 [main] INFO  c.a.n.c.r.client - [printIfInfoEnabled,60] - [99945eaf-0df7-4a91-83f1-bb8659e4d7e8] RpcClient init, ServerListFactory = com.alibaba.nacos.client.naming.core.ServerListManager
09:06:11.007 [main] INFO  c.a.n.c.r.client - [printIfInfoEnabled,60] - [99945eaf-0df7-4a91-83f1-bb8659e4d7e8] Registry connection listener to current client:com.alibaba.nacos.client.naming.remote.gprc.redo.NamingGrpcRedoService
09:06:11.008 [main] INFO  c.a.n.c.r.client - [printIfInfoEnabled,60] - [99945eaf-0df7-4a91-83f1-bb8659e4d7e8] Register server push request handler:com.alibaba.nacos.client.naming.remote.gprc.NamingPushRequestHandler
09:06:11.008 [main] INFO  c.a.n.c.r.client - [printIfInfoEnabled,60] - [99945eaf-0df7-4a91-83f1-bb8659e4d7e8] Try to connect to server on start up, server: {serverIp = '127.0.0.1', server main port = 8848}
09:06:11.138 [main] INFO  c.a.n.c.r.client - [printIfInfoEnabled,60] - [99945eaf-0df7-4a91-83f1-bb8659e4d7e8] Success to connect to server [127.0.0.1:8848] on start up, connectionId = 1698973571015_127.0.0.1_7889
09:06:11.138 [com.alibaba.nacos.client.remote.worker] INFO  c.a.n.c.r.client - [printIfInfoEnabled,60] - [99945eaf-0df7-4a91-83f1-bb8659e4d7e8] Notify connected event to listeners.
09:06:11.138 [main] INFO  c.a.n.c.r.client - [printIfInfoEnabled,60] - [99945eaf-0df7-4a91-83f1-bb8659e4d7e8] Register server push request handler:com.alibaba.nacos.common.remote.client.RpcClient$ConnectResetRequestHandler
09:06:11.138 [main] INFO  c.a.n.c.r.client - [printIfInfoEnabled,60] - [99945eaf-0df7-4a91-83f1-bb8659e4d7e8] Register server push request handler:com.alibaba.nacos.common.remote.client.RpcClient$$Lambda$344/2090563811
09:06:11.178 [main] INFO  o.a.c.h.Http11NioProtocol - [log,173] - Starting ProtocolHandler ["http-nio-9211"]
09:06:11.217 [main] INFO  c.a.c.n.r.NacosServiceRegistry - [register,75] - nacos registry, DEFAULT_GROUP xmap-information 10.100.60.135:9211 register finished
09:06:11.716 [nacos-grpc-client-executor-8] INFO  c.a.n.c.r.client - [printIfInfoEnabled,60] - [99945eaf-0df7-4a91-83f1-bb8659e4d7e8] Receive server push request, request = NotifySubscriberRequest, requestId = 6
09:06:11.722 [nacos-grpc-client-executor-8] INFO  c.a.n.c.r.client - [printIfInfoEnabled,60] - [99945eaf-0df7-4a91-83f1-bb8659e4d7e8] Ack server push request, request = NotifySubscriberRequest, requestId = 6
09:06:13.044 [main] INFO  c.x.i.XmapInformationApplication - [logStarted,61] - Started XmapInformationApplication in 24.152 seconds (JVM running for 26.551)
09:06:13.053 [main] INFO  c.a.c.n.r.NacosContextRefresher - [registerNacosListener,129] - [Nacos Config] Listening config: dataId=xmap-information-dev.yml, group=DEFAULT_GROUP
09:06:13.054 [main] INFO  c.a.c.n.r.NacosContextRefresher - [registerNacosListener,129] - [Nacos Config] Listening config: dataId=xmap-information.yml, group=DEFAULT_GROUP
09:06:13.054 [main] INFO  c.a.c.n.r.NacosContextRefresher - [registerNacosListener,129] - [Nacos Config] Listening config: dataId=xmap-information, group=DEFAULT_GROUP
09:06:14.788 [RMI TCP Connection(8)-192.168.137.1] INFO  o.a.c.c.C.[.[.[/] - [log,173] - Initializing Spring DispatcherServlet 'dispatcherServlet'
10:29:55.435 [SpringApplicationShutdownHook] INFO  c.a.c.n.r.NacosServiceRegistry - [deregister,94] - De-registering from Nacos Server now...
10:29:55.442 [SpringApplicationShutdownHook] INFO  c.a.c.n.r.NacosServiceRegistry - [deregister,114] - De-registration finished.
10:29:55.792 [SpringApplicationShutdownHook] INFO  c.a.n.c.r.client - [shutdown,454] - Shutdown rpc client, set status to shutdown
10:29:55.792 [SpringApplicationShutdownHook] INFO  c.a.n.c.r.client - [shutdown,456] - Shutdown client event executor java.util.concurrent.ScheduledThreadPoolExecutor@5343015d[Running, pool size = 2, active threads = 2, queued tasks = 0, completed tasks = 0]
10:29:55.792 [SpringApplicationShutdownHook] INFO  c.a.n.c.r.client - [closeConnection,591] - Close current connection 1698973571015_127.0.0.1_7889
10:29:55.794 [nacos-grpc-client-executor-1020] INFO  c.a.n.c.r.c.g.GrpcClient - [printIfInfoEnabled,60] - [1698973571015_127.0.0.1_7889]Ignore complete event,isRunning:false,isAbandon=false
10:29:55.912 [SpringApplicationShutdownHook] INFO  c.a.n.c.r.c.g.GrpcClient - [shutdown,85] - Shutdown grpc executor java.util.concurrent.ThreadPoolExecutor@290c2285[Running, pool size = 5, active threads = 0, queued tasks = 0, completed tasks = 1021]
10:29:56.181 [SpringApplicationShutdownHook] INFO  c.b.d.d.DynamicRoutingDataSource - [destroy,211] - dynamic-datasource start closing ....
10:29:56.203 [SpringApplicationShutdownHook] INFO  c.a.d.p.DruidDataSource - [close,2138] - {dataSource-1} closing ...
10:29:56.215 [SpringApplicationShutdownHook] INFO  c.a.d.p.DruidDataSource - [close,2211] - {dataSource-1} closed
10:29:56.215 [SpringApplicationShutdownHook] INFO  c.b.d.d.DynamicRoutingDataSource - [destroy,215] - dynamic-datasource all closed success,bye
10:30:08.942 [background-preinit] INFO  o.h.v.i.util.Version - [<clinit>,21] - HV000001: Hibernate Validator 6.2.5.Final
10:30:10.499 [main] INFO  c.a.n.c.r.client - [lambda$createClient$0,80] - [RpcClientFactory] create a new rpc client of 5b9fd878-9e4a-4b4e-99ee-aba82cd8f23a_config-0
10:30:10.677 [main] INFO  o.r.Reflections - [scan,232] - Reflections took 33 ms to scan 1 urls, producing 3 keys and 6 values 
10:30:10.741 [main] INFO  o.r.Reflections - [scan,232] - Reflections took 13 ms to scan 1 urls, producing 4 keys and 9 values 
10:30:10.754 [main] INFO  o.r.Reflections - [scan,232] - Reflections took 11 ms to scan 1 urls, producing 3 keys and 10 values 
10:30:10.971 [main] INFO  o.r.Reflections - [scan,232] - Reflections took 214 ms to scan 199 urls, producing 0 keys and 0 values 
10:30:10.982 [main] INFO  o.r.Reflections - [scan,232] - Reflections took 10 ms to scan 1 urls, producing 1 keys and 5 values 
10:30:10.993 [main] INFO  o.r.Reflections - [scan,232] - Reflections took 9 ms to scan 1 urls, producing 1 keys and 7 values 
10:30:11.011 [main] INFO  o.r.Reflections - [scan,232] - Reflections took 15 ms to scan 1 urls, producing 2 keys and 8 values 
10:30:11.159 [main] INFO  o.r.Reflections - [scan,232] - Reflections took 145 ms to scan 199 urls, producing 0 keys and 0 values 
10:30:11.257 [main] INFO  c.a.n.c.r.client - [printIfInfoEnabled,60] - [5b9fd878-9e4a-4b4e-99ee-aba82cd8f23a_config-0] RpcClient init label, labels = {module=config, Vipserver-Tag=null, source=sdk, Amory-Tag=null, Location-Tag=null, taskId=0, AppName=unknown}
10:30:11.257 [main] INFO  c.a.n.c.r.client - [printIfInfoEnabled,60] - [5b9fd878-9e4a-4b4e-99ee-aba82cd8f23a_config-0] Register server push request handler:com.alibaba.nacos.client.config.impl.ClientWorker$ConfigRpcTransportClient$$Lambda$335/1752535057
10:30:11.258 [main] INFO  c.a.n.c.r.client - [printIfInfoEnabled,60] - [5b9fd878-9e4a-4b4e-99ee-aba82cd8f23a_config-0] Register server push request handler:com.alibaba.nacos.client.config.impl.ClientWorker$ConfigRpcTransportClient$$Lambda$336/2116299597
10:30:11.258 [main] INFO  c.a.n.c.r.client - [printIfInfoEnabled,60] - [5b9fd878-9e4a-4b4e-99ee-aba82cd8f23a_config-0] Registry connection listener to current client:com.alibaba.nacos.client.config.impl.ClientWorker$ConfigRpcTransportClient$1
10:30:11.259 [main] INFO  c.a.n.c.r.client - [printIfInfoEnabled,60] - [5b9fd878-9e4a-4b4e-99ee-aba82cd8f23a_config-0] RpcClient init, ServerListFactory = com.alibaba.nacos.client.config.impl.ClientWorker$ConfigRpcTransportClient$2
10:30:11.275 [main] INFO  c.a.n.c.r.client - [printIfInfoEnabled,60] - [5b9fd878-9e4a-4b4e-99ee-aba82cd8f23a_config-0] Try to connect to server on start up, server: {serverIp = '127.0.0.1', server main port = 8848}
10:30:14.714 [main] INFO  c.a.n.c.r.client - [printIfInfoEnabled,60] - [5b9fd878-9e4a-4b4e-99ee-aba82cd8f23a_config-0] Success to connect to server [127.0.0.1:8848] on start up, connectionId = 1698978614468_127.0.0.1_14230
10:30:14.715 [com.alibaba.nacos.client.remote.worker] INFO  c.a.n.c.r.client - [printIfInfoEnabled,60] - [5b9fd878-9e4a-4b4e-99ee-aba82cd8f23a_config-0] Notify connected event to listeners.
10:30:14.715 [main] INFO  c.a.n.c.r.client - [printIfInfoEnabled,60] - [5b9fd878-9e4a-4b4e-99ee-aba82cd8f23a_config-0] Register server push request handler:com.alibaba.nacos.common.remote.client.RpcClient$ConnectResetRequestHandler
10:30:14.716 [main] INFO  c.a.n.c.r.client - [printIfInfoEnabled,60] - [5b9fd878-9e4a-4b4e-99ee-aba82cd8f23a_config-0] Register server push request handler:com.alibaba.nacos.common.remote.client.RpcClient$$Lambda$344/812168041
10:30:14.821 [main] INFO  c.x.i.XmapInformationApplication - [logStartupProfileInfo,637] - The following 1 profile is active: "dev"
10:30:17.516 [main] INFO  o.a.c.c.AprLifecycleListener - [log,173] - Loaded Apache Tomcat Native library [1.2.32] using APR version [1.7.0].
10:30:17.516 [main] INFO  o.a.c.c.AprLifecycleListener - [log,173] - APR capabilities: IPv6 [true], sendfile [true], accept filters [false], random [true], UDS [true].
10:30:17.516 [main] INFO  o.a.c.c.AprLifecycleListener - [log,173] - APR/OpenSSL configuration: useAprConnector [false], useOpenSSL [true]
10:30:17.521 [main] INFO  o.a.c.c.AprLifecycleListener - [log,173] - OpenSSL successfully initialized [OpenSSL 1.1.1n  15 Mar 2022]
10:30:17.534 [main] INFO  o.a.c.h.Http11NioProtocol - [log,173] - Initializing ProtocolHandler ["http-nio-9211"]
10:30:17.534 [main] INFO  o.a.c.c.StandardService - [log,173] - Starting service [Tomcat]
10:30:17.535 [main] INFO  o.a.c.c.StandardEngine - [log,173] - Starting Servlet engine: [Apache Tomcat/9.0.70]
10:30:17.875 [main] INFO  o.a.c.c.C.[.[.[/] - [log,173] - Initializing Spring embedded WebApplicationContext
10:30:19.390 [main] INFO  c.a.d.p.DruidDataSource - [init,996] - {dataSource-1,master} inited
10:30:19.391 [main] INFO  c.b.d.d.DynamicRoutingDataSource - [addDataSource,154] - dynamic-datasource - add a datasource named [master] success
10:30:19.392 [main] INFO  c.b.d.d.DynamicRoutingDataSource - [afterPropertiesSet,234] - dynamic-datasource initial loaded [1] datasource,primary datasource named [master]
10:30:20.856 [main] INFO  c.a.c.s.SentinelWebMvcConfigurer - [addInterceptors,52] - [Sentinel Starter] register SentinelWebInterceptor with urlPatterns: [/**].
10:30:24.889 [main] INFO  c.a.n.c.r.client - [lambda$createClient$0,80] - [RpcClientFactory] create a new rpc client of 0b845f79-d30d-4307-8b9a-1585a70b9eca
10:30:24.889 [main] INFO  c.a.n.c.r.client - [printIfInfoEnabled,60] - [0b845f79-d30d-4307-8b9a-1585a70b9eca] RpcClient init label, labels = {module=naming, source=sdk}
10:30:24.892 [main] INFO  c.a.n.c.r.client - [printIfInfoEnabled,60] - [0b845f79-d30d-4307-8b9a-1585a70b9eca] RpcClient init, ServerListFactory = com.alibaba.nacos.client.naming.core.ServerListManager
10:30:24.892 [main] INFO  c.a.n.c.r.client - [printIfInfoEnabled,60] - [0b845f79-d30d-4307-8b9a-1585a70b9eca] Registry connection listener to current client:com.alibaba.nacos.client.naming.remote.gprc.redo.NamingGrpcRedoService
10:30:24.892 [main] INFO  c.a.n.c.r.client - [printIfInfoEnabled,60] - [0b845f79-d30d-4307-8b9a-1585a70b9eca] Register server push request handler:com.alibaba.nacos.client.naming.remote.gprc.NamingPushRequestHandler
10:30:24.893 [main] INFO  c.a.n.c.r.client - [printIfInfoEnabled,60] - [0b845f79-d30d-4307-8b9a-1585a70b9eca] Try to connect to server on start up, server: {serverIp = '127.0.0.1', server main port = 8848}
10:30:25.005 [main] INFO  c.a.n.c.r.client - [printIfInfoEnabled,60] - [0b845f79-d30d-4307-8b9a-1585a70b9eca] Success to connect to server [127.0.0.1:8848] on start up, connectionId = 1698978624899_127.0.0.1_14250
10:30:25.005 [main] INFO  c.a.n.c.r.client - [printIfInfoEnabled,60] - [0b845f79-d30d-4307-8b9a-1585a70b9eca] Register server push request handler:com.alibaba.nacos.common.remote.client.RpcClient$ConnectResetRequestHandler
10:30:25.005 [com.alibaba.nacos.client.remote.worker] INFO  c.a.n.c.r.client - [printIfInfoEnabled,60] - [0b845f79-d30d-4307-8b9a-1585a70b9eca] Notify connected event to listeners.
10:30:25.005 [main] INFO  c.a.n.c.r.client - [printIfInfoEnabled,60] - [0b845f79-d30d-4307-8b9a-1585a70b9eca] Register server push request handler:com.alibaba.nacos.common.remote.client.RpcClient$$Lambda$344/812168041
10:30:25.044 [main] INFO  o.a.c.h.Http11NioProtocol - [log,173] - Starting ProtocolHandler ["http-nio-9211"]
10:30:25.068 [main] INFO  c.a.c.n.r.NacosServiceRegistry - [register,75] - nacos registry, DEFAULT_GROUP xmap-information 10.100.60.135:9211 register finished
10:30:25.533 [nacos-grpc-client-executor-6] INFO  c.a.n.c.r.client - [printIfInfoEnabled,60] - [0b845f79-d30d-4307-8b9a-1585a70b9eca] Receive server push request, request = NotifySubscriberRequest, requestId = 18
10:30:25.537 [nacos-grpc-client-executor-6] INFO  c.a.n.c.r.client - [printIfInfoEnabled,60] - [0b845f79-d30d-4307-8b9a-1585a70b9eca] Ack server push request, request = NotifySubscriberRequest, requestId = 18
10:30:26.684 [main] INFO  c.x.i.XmapInformationApplication - [logStarted,61] - Started XmapInformationApplication in 19.429 seconds (JVM running for 21.641)
10:30:26.692 [main] INFO  c.a.c.n.r.NacosContextRefresher - [registerNacosListener,129] - [Nacos Config] Listening config: dataId=xmap-information-dev.yml, group=DEFAULT_GROUP
10:30:26.693 [main] INFO  c.a.c.n.r.NacosContextRefresher - [registerNacosListener,129] - [Nacos Config] Listening config: dataId=xmap-information.yml, group=DEFAULT_GROUP
10:30:26.693 [main] INFO  c.a.c.n.r.NacosContextRefresher - [registerNacosListener,129] - [Nacos Config] Listening config: dataId=xmap-information, group=DEFAULT_GROUP
10:30:27.390 [RMI TCP Connection(3)-192.168.137.1] INFO  o.a.c.c.C.[.[.[/] - [log,173] - Initializing Spring DispatcherServlet 'dispatcherServlet'
10:39:44.605 [SpringApplicationShutdownHook] INFO  c.a.c.n.r.NacosServiceRegistry - [deregister,94] - De-registering from Nacos Server now...
10:39:44.614 [SpringApplicationShutdownHook] INFO  c.a.c.n.r.NacosServiceRegistry - [deregister,114] - De-registration finished.
10:39:44.945 [SpringApplicationShutdownHook] INFO  c.a.n.c.r.client - [shutdown,454] - Shutdown rpc client, set status to shutdown
10:39:44.945 [SpringApplicationShutdownHook] INFO  c.a.n.c.r.client - [shutdown,456] - Shutdown client event executor java.util.concurrent.ScheduledThreadPoolExecutor@565d0580[Running, pool size = 2, active threads = 2, queued tasks = 0, completed tasks = 0]
10:39:44.945 [SpringApplicationShutdownHook] INFO  c.a.n.c.r.client - [closeConnection,591] - Close current connection 1698978624899_127.0.0.1_14250
10:39:44.947 [nacos-grpc-client-executor-123] INFO  c.a.n.c.r.c.g.GrpcClient - [printIfInfoEnabled,60] - [1698978624899_127.0.0.1_14250]Ignore complete event,isRunning:false,isAbandon=false
10:39:44.949 [SpringApplicationShutdownHook] INFO  c.a.n.c.r.c.g.GrpcClient - [shutdown,85] - Shutdown grpc executor java.util.concurrent.ThreadPoolExecutor@e0d109f[Running, pool size = 5, active threads = 0, queued tasks = 0, completed tasks = 124]
10:39:45.109 [SpringApplicationShutdownHook] INFO  c.b.d.d.DynamicRoutingDataSource - [destroy,211] - dynamic-datasource start closing ....
10:39:45.113 [SpringApplicationShutdownHook] INFO  c.a.d.p.DruidDataSource - [close,2138] - {dataSource-1} closing ...
10:39:45.124 [SpringApplicationShutdownHook] INFO  c.a.d.p.DruidDataSource - [close,2211] - {dataSource-1} closed
10:39:45.124 [SpringApplicationShutdownHook] INFO  c.b.d.d.DynamicRoutingDataSource - [destroy,215] - dynamic-datasource all closed success,bye
10:40:01.279 [background-preinit] INFO  o.h.v.i.util.Version - [<clinit>,21] - HV000001: Hibernate Validator 6.2.5.Final
10:40:02.867 [main] INFO  c.a.n.c.r.client - [lambda$createClient$0,80] - [RpcClientFactory] create a new rpc client of 945a22ee-3753-4d1f-a429-413b61130835_config-0
10:40:02.920 [main] INFO  o.r.Reflections - [scan,232] - Reflections took 37 ms to scan 1 urls, producing 3 keys and 6 values 
10:40:02.964 [main] INFO  o.r.Reflections - [scan,232] - Reflections took 24 ms to scan 1 urls, producing 4 keys and 9 values 
10:40:02.982 [main] INFO  o.r.Reflections - [scan,232] - Reflections took 15 ms to scan 1 urls, producing 3 keys and 10 values 
10:40:03.196 [main] INFO  o.r.Reflections - [scan,232] - Reflections took 210 ms to scan 199 urls, producing 0 keys and 0 values 
10:40:03.208 [main] INFO  o.r.Reflections - [scan,232] - Reflections took 11 ms to scan 1 urls, producing 1 keys and 5 values 
10:40:03.225 [main] INFO  o.r.Reflections - [scan,232] - Reflections took 14 ms to scan 1 urls, producing 1 keys and 7 values 
10:40:03.246 [main] INFO  o.r.Reflections - [scan,232] - Reflections took 17 ms to scan 1 urls, producing 2 keys and 8 values 
10:40:03.412 [main] INFO  o.r.Reflections - [scan,232] - Reflections took 162 ms to scan 199 urls, producing 0 keys and 0 values 
10:40:03.413 [main] INFO  c.a.n.c.r.client - [printIfInfoEnabled,60] - [945a22ee-3753-4d1f-a429-413b61130835_config-0] RpcClient init label, labels = {module=config, Vipserver-Tag=null, source=sdk, Amory-Tag=null, Location-Tag=null, taskId=0, AppName=unknown}
10:40:03.414 [main] INFO  c.a.n.c.r.client - [printIfInfoEnabled,60] - [945a22ee-3753-4d1f-a429-413b61130835_config-0] Register server push request handler:com.alibaba.nacos.client.config.impl.ClientWorker$ConfigRpcTransportClient$$Lambda$335/1752535057
10:40:03.414 [main] INFO  c.a.n.c.r.client - [printIfInfoEnabled,60] - [945a22ee-3753-4d1f-a429-413b61130835_config-0] Register server push request handler:com.alibaba.nacos.client.config.impl.ClientWorker$ConfigRpcTransportClient$$Lambda$336/2116299597
10:40:03.415 [main] INFO  c.a.n.c.r.client - [printIfInfoEnabled,60] - [945a22ee-3753-4d1f-a429-413b61130835_config-0] Registry connection listener to current client:com.alibaba.nacos.client.config.impl.ClientWorker$ConfigRpcTransportClient$1
10:40:03.416 [main] INFO  c.a.n.c.r.client - [printIfInfoEnabled,60] - [945a22ee-3753-4d1f-a429-413b61130835_config-0] RpcClient init, ServerListFactory = com.alibaba.nacos.client.config.impl.ClientWorker$ConfigRpcTransportClient$2
10:40:03.426 [main] INFO  c.a.n.c.r.client - [printIfInfoEnabled,60] - [945a22ee-3753-4d1f-a429-413b61130835_config-0] Try to connect to server on start up, server: {serverIp = '127.0.0.1', server main port = 8848}
10:40:06.836 [main] INFO  c.a.n.c.r.client - [printIfInfoEnabled,60] - [945a22ee-3753-4d1f-a429-413b61130835_config-0] Success to connect to server [127.0.0.1:8848] on start up, connectionId = 1698979206594_127.0.0.1_1160
10:40:06.837 [main] INFO  c.a.n.c.r.client - [printIfInfoEnabled,60] - [945a22ee-3753-4d1f-a429-413b61130835_config-0] Register server push request handler:com.alibaba.nacos.common.remote.client.RpcClient$ConnectResetRequestHandler
10:40:06.837 [com.alibaba.nacos.client.remote.worker] INFO  c.a.n.c.r.client - [printIfInfoEnabled,60] - [945a22ee-3753-4d1f-a429-413b61130835_config-0] Notify connected event to listeners.
10:40:06.838 [main] INFO  c.a.n.c.r.client - [printIfInfoEnabled,60] - [945a22ee-3753-4d1f-a429-413b61130835_config-0] Register server push request handler:com.alibaba.nacos.common.remote.client.RpcClient$$Lambda$344/812168041
10:40:06.911 [main] INFO  c.x.i.XmapInformationApplication - [logStartupProfileInfo,637] - The following 1 profile is active: "dev"
10:40:11.253 [main] INFO  o.a.c.c.AprLifecycleListener - [log,173] - Loaded Apache Tomcat Native library [1.2.32] using APR version [1.7.0].
10:40:11.253 [main] INFO  o.a.c.c.AprLifecycleListener - [log,173] - APR capabilities: IPv6 [true], sendfile [true], accept filters [false], random [true], UDS [true].
10:40:11.254 [main] INFO  o.a.c.c.AprLifecycleListener - [log,173] - APR/OpenSSL configuration: useAprConnector [false], useOpenSSL [true]
10:40:11.262 [main] INFO  o.a.c.c.AprLifecycleListener - [log,173] - OpenSSL successfully initialized [OpenSSL 1.1.1n  15 Mar 2022]
10:40:11.294 [main] INFO  o.a.c.h.Http11NioProtocol - [log,173] - Initializing ProtocolHandler ["http-nio-9211"]
10:40:11.295 [main] INFO  o.a.c.c.StandardService - [log,173] - Starting service [Tomcat]
10:40:11.296 [main] INFO  o.a.c.c.StandardEngine - [log,173] - Starting Servlet engine: [Apache Tomcat/9.0.70]
10:40:11.738 [main] INFO  o.a.c.c.C.[.[.[/] - [log,173] - Initializing Spring embedded WebApplicationContext
10:40:13.350 [main] INFO  c.a.d.p.DruidDataSource - [init,996] - {dataSource-1,master} inited
10:40:13.352 [main] INFO  c.b.d.d.DynamicRoutingDataSource - [addDataSource,154] - dynamic-datasource - add a datasource named [master] success
10:40:13.352 [main] INFO  c.b.d.d.DynamicRoutingDataSource - [afterPropertiesSet,234] - dynamic-datasource initial loaded [1] datasource,primary datasource named [master]
10:40:14.998 [main] INFO  c.a.c.s.SentinelWebMvcConfigurer - [addInterceptors,52] - [Sentinel Starter] register SentinelWebInterceptor with urlPatterns: [/**].
10:40:18.906 [main] INFO  c.a.n.c.r.client - [lambda$createClient$0,80] - [RpcClientFactory] create a new rpc client of 6356c487-bf7a-40c2-a242-e953de83d6c8
10:40:18.906 [main] INFO  c.a.n.c.r.client - [printIfInfoEnabled,60] - [6356c487-bf7a-40c2-a242-e953de83d6c8] RpcClient init label, labels = {module=naming, source=sdk}
10:40:18.908 [main] INFO  c.a.n.c.r.client - [printIfInfoEnabled,60] - [6356c487-bf7a-40c2-a242-e953de83d6c8] RpcClient init, ServerListFactory = com.alibaba.nacos.client.naming.core.ServerListManager
10:40:18.908 [main] INFO  c.a.n.c.r.client - [printIfInfoEnabled,60] - [6356c487-bf7a-40c2-a242-e953de83d6c8] Registry connection listener to current client:com.alibaba.nacos.client.naming.remote.gprc.redo.NamingGrpcRedoService
10:40:18.908 [main] INFO  c.a.n.c.r.client - [printIfInfoEnabled,60] - [6356c487-bf7a-40c2-a242-e953de83d6c8] Register server push request handler:com.alibaba.nacos.client.naming.remote.gprc.NamingPushRequestHandler
10:40:18.908 [main] INFO  c.a.n.c.r.client - [printIfInfoEnabled,60] - [6356c487-bf7a-40c2-a242-e953de83d6c8] Try to connect to server on start up, server: {serverIp = '127.0.0.1', server main port = 8848}
10:40:19.028 [main] INFO  c.a.n.c.r.client - [printIfInfoEnabled,60] - [6356c487-bf7a-40c2-a242-e953de83d6c8] Success to connect to server [127.0.0.1:8848] on start up, connectionId = 1698979218912_127.0.0.1_1185
10:40:19.028 [com.alibaba.nacos.client.remote.worker] INFO  c.a.n.c.r.client - [printIfInfoEnabled,60] - [6356c487-bf7a-40c2-a242-e953de83d6c8] Notify connected event to listeners.
10:40:19.028 [main] INFO  c.a.n.c.r.client - [printIfInfoEnabled,60] - [6356c487-bf7a-40c2-a242-e953de83d6c8] Register server push request handler:com.alibaba.nacos.common.remote.client.RpcClient$ConnectResetRequestHandler
10:40:19.032 [main] INFO  c.a.n.c.r.client - [printIfInfoEnabled,60] - [6356c487-bf7a-40c2-a242-e953de83d6c8] Register server push request handler:com.alibaba.nacos.common.remote.client.RpcClient$$Lambda$344/812168041
10:40:19.057 [main] INFO  o.a.c.h.Http11NioProtocol - [log,173] - Starting ProtocolHandler ["http-nio-9211"]
10:40:19.083 [main] INFO  c.a.c.n.r.NacosServiceRegistry - [register,75] - nacos registry, DEFAULT_GROUP xmap-information 10.100.60.135:9211 register finished
10:40:19.622 [nacos-grpc-client-executor-6] INFO  c.a.n.c.r.client - [printIfInfoEnabled,60] - [6356c487-bf7a-40c2-a242-e953de83d6c8] Receive server push request, request = NotifySubscriberRequest, requestId = 21
10:40:19.626 [nacos-grpc-client-executor-6] INFO  c.a.n.c.r.client - [printIfInfoEnabled,60] - [6356c487-bf7a-40c2-a242-e953de83d6c8] Ack server push request, request = NotifySubscriberRequest, requestId = 21
10:40:20.742 [main] INFO  c.x.i.XmapInformationApplication - [logStarted,61] - Started XmapInformationApplication in 20.963 seconds (JVM running for 22.979)
10:40:20.749 [main] INFO  c.a.c.n.r.NacosContextRefresher - [registerNacosListener,129] - [Nacos Config] Listening config: dataId=xmap-information-dev.yml, group=DEFAULT_GROUP
10:40:20.750 [main] INFO  c.a.c.n.r.NacosContextRefresher - [registerNacosListener,129] - [Nacos Config] Listening config: dataId=xmap-information.yml, group=DEFAULT_GROUP
10:40:20.750 [main] INFO  c.a.c.n.r.NacosContextRefresher - [registerNacosListener,129] - [Nacos Config] Listening config: dataId=xmap-information, group=DEFAULT_GROUP
10:40:20.836 [RMI TCP Connection(5)-192.168.137.1] INFO  o.a.c.c.C.[.[.[/] - [log,173] - Initializing Spring DispatcherServlet 'dispatcherServlet'
10:45:00.806 [nacos-grpc-client-executor-66] INFO  c.a.n.c.r.client - [printIfInfoEnabled,60] - [6356c487-bf7a-40c2-a242-e953de83d6c8] Receive server push request, request = NotifySubscriberRequest, requestId = 23
10:45:00.806 [nacos-grpc-client-executor-66] INFO  c.a.n.c.r.client - [printIfInfoEnabled,60] - [6356c487-bf7a-40c2-a242-e953de83d6c8] Ack server push request, request = NotifySubscriberRequest, requestId = 23
11:07:24.444 [SpringApplicationShutdownHook] INFO  c.a.c.n.r.NacosServiceRegistry - [deregister,94] - De-registering from Nacos Server now...
11:07:24.450 [SpringApplicationShutdownHook] INFO  c.a.c.n.r.NacosServiceRegistry - [deregister,114] - De-registration finished.
11:07:24.795 [SpringApplicationShutdownHook] INFO  c.a.n.c.r.client - [shutdown,454] - Shutdown rpc client, set status to shutdown
11:07:24.795 [SpringApplicationShutdownHook] INFO  c.a.n.c.r.client - [shutdown,456] - Shutdown client event executor java.util.concurrent.ScheduledThreadPoolExecutor@22dd4e6f[Running, pool size = 2, active threads = 2, queued tasks = 0, completed tasks = 0]
11:07:24.795 [SpringApplicationShutdownHook] INFO  c.a.n.c.r.client - [closeConnection,591] - Close current connection 1698979218912_127.0.0.1_1185
11:07:24.797 [nacos-grpc-client-executor-340] INFO  c.a.n.c.r.c.g.GrpcClient - [printIfInfoEnabled,60] - [1698979218912_127.0.0.1_1185]Ignore complete event,isRunning:false,isAbandon=false
11:07:24.889 [SpringApplicationShutdownHook] INFO  c.a.n.c.r.c.g.GrpcClient - [shutdown,85] - Shutdown grpc executor java.util.concurrent.ThreadPoolExecutor@c06eb28[Running, pool size = 5, active threads = 0, queued tasks = 0, completed tasks = 341]
11:07:25.093 [SpringApplicationShutdownHook] INFO  c.b.d.d.DynamicRoutingDataSource - [destroy,211] - dynamic-datasource start closing ....
11:07:25.099 [SpringApplicationShutdownHook] INFO  c.a.d.p.DruidDataSource - [close,2138] - {dataSource-1} closing ...
11:07:25.106 [SpringApplicationShutdownHook] INFO  c.a.d.p.DruidDataSource - [close,2211] - {dataSource-1} closed
11:07:25.106 [SpringApplicationShutdownHook] INFO  c.b.d.d.DynamicRoutingDataSource - [destroy,215] - dynamic-datasource all closed success,bye
11:07:36.573 [background-preinit] INFO  o.h.v.i.util.Version - [<clinit>,21] - HV000001: Hibernate Validator 6.2.5.Final
11:07:38.178 [main] INFO  c.a.n.c.r.client - [lambda$createClient$0,80] - [RpcClientFactory] create a new rpc client of 819ddd87-bb25-4656-b333-3565cbcc02d2_config-0
11:07:38.371 [main] INFO  o.r.Reflections - [scan,232] - Reflections took 53 ms to scan 1 urls, producing 3 keys and 6 values 
11:07:38.434 [main] INFO  o.r.Reflections - [scan,232] - Reflections took 12 ms to scan 1 urls, producing 4 keys and 9 values 
11:07:38.448 [main] INFO  o.r.Reflections - [scan,232] - Reflections took 11 ms to scan 1 urls, producing 3 keys and 10 values 
11:07:38.631 [main] INFO  o.r.Reflections - [scan,232] - Reflections took 180 ms to scan 199 urls, producing 0 keys and 0 values 
11:07:38.641 [main] INFO  o.r.Reflections - [scan,232] - Reflections took 9 ms to scan 1 urls, producing 1 keys and 5 values 
11:07:38.655 [main] INFO  o.r.Reflections - [scan,232] - Reflections took 12 ms to scan 1 urls, producing 1 keys and 7 values 
11:07:38.670 [main] INFO  o.r.Reflections - [scan,232] - Reflections took 13 ms to scan 1 urls, producing 2 keys and 8 values 
11:07:38.822 [main] INFO  o.r.Reflections - [scan,232] - Reflections took 150 ms to scan 199 urls, producing 0 keys and 0 values 
11:07:38.927 [main] INFO  c.a.n.c.r.client - [printIfInfoEnabled,60] - [819ddd87-bb25-4656-b333-3565cbcc02d2_config-0] RpcClient init label, labels = {module=config, Vipserver-Tag=null, source=sdk, Amory-Tag=null, Location-Tag=null, taskId=0, AppName=unknown}
11:07:38.928 [main] INFO  c.a.n.c.r.client - [printIfInfoEnabled,60] - [819ddd87-bb25-4656-b333-3565cbcc02d2_config-0] Register server push request handler:com.alibaba.nacos.client.config.impl.ClientWorker$ConfigRpcTransportClient$$Lambda$338/1496220730
11:07:38.928 [main] INFO  c.a.n.c.r.client - [printIfInfoEnabled,60] - [819ddd87-bb25-4656-b333-3565cbcc02d2_config-0] Register server push request handler:com.alibaba.nacos.client.config.impl.ClientWorker$ConfigRpcTransportClient$$Lambda$339/488600086
11:07:38.929 [main] INFO  c.a.n.c.r.client - [printIfInfoEnabled,60] - [819ddd87-bb25-4656-b333-3565cbcc02d2_config-0] Registry connection listener to current client:com.alibaba.nacos.client.config.impl.ClientWorker$ConfigRpcTransportClient$1
11:07:38.929 [main] INFO  c.a.n.c.r.client - [printIfInfoEnabled,60] - [819ddd87-bb25-4656-b333-3565cbcc02d2_config-0] RpcClient init, ServerListFactory = com.alibaba.nacos.client.config.impl.ClientWorker$ConfigRpcTransportClient$2
11:07:38.946 [main] INFO  c.a.n.c.r.client - [printIfInfoEnabled,60] - [819ddd87-bb25-4656-b333-3565cbcc02d2_config-0] Try to connect to server on start up, server: {serverIp = '127.0.0.1', server main port = 8848}
11:07:42.401 [main] INFO  c.a.n.c.r.client - [printIfInfoEnabled,60] - [819ddd87-bb25-4656-b333-3565cbcc02d2_config-0] Success to connect to server [127.0.0.1:8848] on start up, connectionId = 1698980862156_127.0.0.1_3267
11:07:42.401 [com.alibaba.nacos.client.remote.worker] INFO  c.a.n.c.r.client - [printIfInfoEnabled,60] - [819ddd87-bb25-4656-b333-3565cbcc02d2_config-0] Notify connected event to listeners.
11:07:42.402 [main] INFO  c.a.n.c.r.client - [printIfInfoEnabled,60] - [819ddd87-bb25-4656-b333-3565cbcc02d2_config-0] Register server push request handler:com.alibaba.nacos.common.remote.client.RpcClient$ConnectResetRequestHandler
11:07:42.402 [main] INFO  c.a.n.c.r.client - [printIfInfoEnabled,60] - [819ddd87-bb25-4656-b333-3565cbcc02d2_config-0] Register server push request handler:com.alibaba.nacos.common.remote.client.RpcClient$$Lambda$347/1936375962
11:07:42.534 [main] INFO  c.x.i.XmapInformationApplication - [logStartupProfileInfo,637] - The following 1 profile is active: "dev"
11:07:45.197 [main] INFO  o.a.c.c.AprLifecycleListener - [log,173] - Loaded Apache Tomcat Native library [1.2.32] using APR version [1.7.0].
11:07:45.197 [main] INFO  o.a.c.c.AprLifecycleListener - [log,173] - APR capabilities: IPv6 [true], sendfile [true], accept filters [false], random [true], UDS [true].
11:07:45.197 [main] INFO  o.a.c.c.AprLifecycleListener - [log,173] - APR/OpenSSL configuration: useAprConnector [false], useOpenSSL [true]
11:07:45.202 [main] INFO  o.a.c.c.AprLifecycleListener - [log,173] - OpenSSL successfully initialized [OpenSSL 1.1.1n  15 Mar 2022]
11:07:45.215 [main] INFO  o.a.c.h.Http11NioProtocol - [log,173] - Initializing ProtocolHandler ["http-nio-9211"]
11:07:45.215 [main] INFO  o.a.c.c.StandardService - [log,173] - Starting service [Tomcat]
11:07:45.215 [main] INFO  o.a.c.c.StandardEngine - [log,173] - Starting Servlet engine: [Apache Tomcat/9.0.70]
11:07:45.510 [main] INFO  o.a.c.c.C.[.[.[/] - [log,173] - Initializing Spring embedded WebApplicationContext
11:07:46.987 [main] INFO  c.a.d.p.DruidDataSource - [init,996] - {dataSource-1,master} inited
11:07:46.988 [main] INFO  c.b.d.d.DynamicRoutingDataSource - [addDataSource,154] - dynamic-datasource - add a datasource named [master] success
11:07:46.988 [main] INFO  c.b.d.d.DynamicRoutingDataSource - [afterPropertiesSet,234] - dynamic-datasource initial loaded [1] datasource,primary datasource named [master]
11:07:48.369 [main] INFO  c.a.c.s.SentinelWebMvcConfigurer - [addInterceptors,52] - [Sentinel Starter] register SentinelWebInterceptor with urlPatterns: [/**].
11:07:52.396 [main] INFO  c.a.n.c.r.client - [lambda$createClient$0,80] - [RpcClientFactory] create a new rpc client of 0c6705c8-2a2d-4ca9-a8aa-87f05d50c304
11:07:52.396 [main] INFO  c.a.n.c.r.client - [printIfInfoEnabled,60] - [0c6705c8-2a2d-4ca9-a8aa-87f05d50c304] RpcClient init label, labels = {module=naming, source=sdk}
11:07:52.400 [main] INFO  c.a.n.c.r.client - [printIfInfoEnabled,60] - [0c6705c8-2a2d-4ca9-a8aa-87f05d50c304] RpcClient init, ServerListFactory = com.alibaba.nacos.client.naming.core.ServerListManager
11:07:52.400 [main] INFO  c.a.n.c.r.client - [printIfInfoEnabled,60] - [0c6705c8-2a2d-4ca9-a8aa-87f05d50c304] Registry connection listener to current client:com.alibaba.nacos.client.naming.remote.gprc.redo.NamingGrpcRedoService
11:07:52.400 [main] INFO  c.a.n.c.r.client - [printIfInfoEnabled,60] - [0c6705c8-2a2d-4ca9-a8aa-87f05d50c304] Register server push request handler:com.alibaba.nacos.client.naming.remote.gprc.NamingPushRequestHandler
11:07:52.400 [main] INFO  c.a.n.c.r.client - [printIfInfoEnabled,60] - [0c6705c8-2a2d-4ca9-a8aa-87f05d50c304] Try to connect to server on start up, server: {serverIp = '127.0.0.1', server main port = 8848}
11:07:52.521 [main] INFO  c.a.n.c.r.client - [printIfInfoEnabled,60] - [0c6705c8-2a2d-4ca9-a8aa-87f05d50c304] Success to connect to server [127.0.0.1:8848] on start up, connectionId = 1698980872408_127.0.0.1_3283
11:07:52.521 [main] INFO  c.a.n.c.r.client - [printIfInfoEnabled,60] - [0c6705c8-2a2d-4ca9-a8aa-87f05d50c304] Register server push request handler:com.alibaba.nacos.common.remote.client.RpcClient$ConnectResetRequestHandler
11:07:52.521 [com.alibaba.nacos.client.remote.worker] INFO  c.a.n.c.r.client - [printIfInfoEnabled,60] - [0c6705c8-2a2d-4ca9-a8aa-87f05d50c304] Notify connected event to listeners.
11:07:52.521 [main] INFO  c.a.n.c.r.client - [printIfInfoEnabled,60] - [0c6705c8-2a2d-4ca9-a8aa-87f05d50c304] Register server push request handler:com.alibaba.nacos.common.remote.client.RpcClient$$Lambda$347/1936375962
11:07:52.548 [main] INFO  o.a.c.h.Http11NioProtocol - [log,173] - Starting ProtocolHandler ["http-nio-9211"]
11:07:52.573 [main] INFO  c.a.c.n.r.NacosServiceRegistry - [register,75] - nacos registry, DEFAULT_GROUP xmap-information 10.100.60.135:9211 register finished
11:07:53.130 [nacos-grpc-client-executor-5] INFO  c.a.n.c.r.client - [printIfInfoEnabled,60] - [0c6705c8-2a2d-4ca9-a8aa-87f05d50c304] Receive server push request, request = NotifySubscriberRequest, requestId = 26
11:07:53.134 [nacos-grpc-client-executor-5] INFO  c.a.n.c.r.client - [printIfInfoEnabled,60] - [0c6705c8-2a2d-4ca9-a8aa-87f05d50c304] Ack server push request, request = NotifySubscriberRequest, requestId = 26
11:07:54.239 [main] INFO  c.x.i.XmapInformationApplication - [logStarted,61] - Started XmapInformationApplication in 19.089 seconds (JVM running for 21.104)
11:07:54.246 [main] INFO  c.a.c.n.r.NacosContextRefresher - [registerNacosListener,129] - [Nacos Config] Listening config: dataId=xmap-information-dev.yml, group=DEFAULT_GROUP
11:07:54.246 [main] INFO  c.a.c.n.r.NacosContextRefresher - [registerNacosListener,129] - [Nacos Config] Listening config: dataId=xmap-information.yml, group=DEFAULT_GROUP
11:07:54.247 [main] INFO  c.a.c.n.r.NacosContextRefresher - [registerNacosListener,129] - [Nacos Config] Listening config: dataId=xmap-information, group=DEFAULT_GROUP
11:07:55.084 [RMI TCP Connection(6)-192.168.137.1] INFO  o.a.c.c.C.[.[.[/] - [log,173] - Initializing Spring DispatcherServlet 'dispatcherServlet'
11:10:07.560 [nacos-grpc-client-executor-35] INFO  c.a.n.c.r.client - [printIfInfoEnabled,60] - [0c6705c8-2a2d-4ca9-a8aa-87f05d50c304] Receive server push request, request = NotifySubscriberRequest, requestId = 27
11:10:07.560 [nacos-grpc-client-executor-35] INFO  c.a.n.c.r.client - [printIfInfoEnabled,60] - [0c6705c8-2a2d-4ca9-a8aa-87f05d50c304] Ack server push request, request = NotifySubscriberRequest, requestId = 27
21:43:48.240 [SpringApplicationShutdownHook] INFO  c.a.c.n.r.NacosServiceRegistry - [deregister,94] - De-registering from Nacos Server now...
21:43:48.252 [SpringApplicationShutdownHook] INFO  c.a.c.n.r.NacosServiceRegistry - [deregister,114] - De-registration finished.
21:43:48.602 [SpringApplicationShutdownHook] INFO  c.a.n.c.r.client - [shutdown,454] - Shutdown rpc client, set status to shutdown
21:43:48.602 [SpringApplicationShutdownHook] INFO  c.a.n.c.r.client - [shutdown,456] - Shutdown client event executor java.util.concurrent.ScheduledThreadPoolExecutor@e8c465b[Running, pool size = 2, active threads = 2, queued tasks = 0, completed tasks = 0]
21:43:48.603 [SpringApplicationShutdownHook] INFO  c.a.n.c.r.client - [closeConnection,591] - Close current connection 1698980872408_127.0.0.1_3283
21:43:48.605 [nacos-grpc-client-executor-7640] INFO  c.a.n.c.r.c.g.GrpcClient - [printIfInfoEnabled,60] - [1698980872408_127.0.0.1_3283]Ignore complete event,isRunning:false,isAbandon=false
21:43:48.615 [SpringApplicationShutdownHook] INFO  c.a.n.c.r.c.g.GrpcClient - [shutdown,85] - Shutdown grpc executor java.util.concurrent.ThreadPoolExecutor@25294423[Running, pool size = 5, active threads = 0, queued tasks = 0, completed tasks = 7641]
21:43:48.881 [SpringApplicationShutdownHook] INFO  c.b.d.d.DynamicRoutingDataSource - [destroy,211] - dynamic-datasource start closing ....
21:43:48.955 [SpringApplicationShutdownHook] INFO  c.a.d.p.DruidDataSource - [close,2138] - {dataSource-1} closing ...
21:43:48.968 [SpringApplicationShutdownHook] INFO  c.a.d.p.DruidDataSource - [close,2211] - {dataSource-1} closed
21:43:48.969 [SpringApplicationShutdownHook] INFO  c.b.d.d.DynamicRoutingDataSource - [destroy,215] - dynamic-datasource all closed success,bye
