09:49:57.336 [background-preinit] INFO  o.h.v.i.util.Version - [<clinit>,21] - HV000001: Hibernate Validator 6.2.5.Final
09:49:58.919 [main] INFO  c.a.n.c.r.client - [lambda$createClient$0,80] - [RpcClientFactory] create a new rpc client of aceebba3-7e7d-4337-9e88-d0b788a53f3b_config-0
09:49:58.963 [main] INFO  o.r.Reflections - [scan,232] - Reflections took 28 ms to scan 1 urls, producing 3 keys and 6 values 
09:49:58.989 [main] INFO  o.r.Reflections - [scan,232] - Reflections took 14 ms to scan 1 urls, producing 4 keys and 9 values 
09:49:59.003 [main] INFO  o.r.Reflections - [scan,232] - Reflections took 11 ms to scan 1 urls, producing 3 keys and 10 values 
09:49:59.223 [main] INFO  o.r.Reflections - [scan,232] - Reflections took 216 ms to scan 199 urls, producing 0 keys and 0 values 
09:49:59.235 [main] INFO  o.r.Reflections - [scan,232] - Reflections took 11 ms to scan 1 urls, producing 1 keys and 5 values 
09:49:59.249 [main] INFO  o.r.Reflections - [scan,232] - Reflections took 12 ms to scan 1 urls, producing 1 keys and 7 values 
09:49:59.269 [main] INFO  o.r.Reflections - [scan,232] - Reflections took 16 ms to scan 1 urls, producing 2 keys and 8 values 
09:49:59.440 [main] INFO  o.r.Reflections - [scan,232] - Reflections took 169 ms to scan 199 urls, producing 0 keys and 0 values 
09:49:59.441 [main] INFO  c.a.n.c.r.client - [printIfInfoEnabled,60] - [aceebba3-7e7d-4337-9e88-d0b788a53f3b_config-0] RpcClient init label, labels = {module=config, Vipserver-Tag=null, source=sdk, Amory-Tag=null, Location-Tag=null, taskId=0, AppName=unknown}
09:49:59.442 [main] INFO  c.a.n.c.r.client - [printIfInfoEnabled,60] - [aceebba3-7e7d-4337-9e88-d0b788a53f3b_config-0] Register server push request handler:com.alibaba.nacos.client.config.impl.ClientWorker$ConfigRpcTransportClient$$Lambda$335/1752535057
09:49:59.445 [main] INFO  c.a.n.c.r.client - [printIfInfoEnabled,60] - [aceebba3-7e7d-4337-9e88-d0b788a53f3b_config-0] Register server push request handler:com.alibaba.nacos.client.config.impl.ClientWorker$ConfigRpcTransportClient$$Lambda$336/2116299597
09:49:59.446 [main] INFO  c.a.n.c.r.client - [printIfInfoEnabled,60] - [aceebba3-7e7d-4337-9e88-d0b788a53f3b_config-0] Registry connection listener to current client:com.alibaba.nacos.client.config.impl.ClientWorker$ConfigRpcTransportClient$1
09:49:59.446 [main] INFO  c.a.n.c.r.client - [printIfInfoEnabled,60] - [aceebba3-7e7d-4337-9e88-d0b788a53f3b_config-0] RpcClient init, ServerListFactory = com.alibaba.nacos.client.config.impl.ClientWorker$ConfigRpcTransportClient$2
09:49:59.455 [main] INFO  c.a.n.c.r.client - [printIfInfoEnabled,60] - [aceebba3-7e7d-4337-9e88-d0b788a53f3b_config-0] Try to connect to server on start up, server: {serverIp = '127.0.0.1', server main port = 8848}
09:50:02.463 [main] INFO  c.a.n.c.r.client - [printIfInfoEnabled,60] - [aceebba3-7e7d-4337-9e88-d0b788a53f3b_config-0] Success to connect to server [127.0.0.1:8848] on start up, connectionId = 1698889802254_127.0.0.1_2540
09:50:02.464 [com.alibaba.nacos.client.remote.worker] INFO  c.a.n.c.r.client - [printIfInfoEnabled,60] - [aceebba3-7e7d-4337-9e88-d0b788a53f3b_config-0] Notify connected event to listeners.
09:50:02.464 [main] INFO  c.a.n.c.r.client - [printIfInfoEnabled,60] - [aceebba3-7e7d-4337-9e88-d0b788a53f3b_config-0] Register server push request handler:com.alibaba.nacos.common.remote.client.RpcClient$ConnectResetRequestHandler
09:50:02.464 [main] INFO  c.a.n.c.r.client - [printIfInfoEnabled,60] - [aceebba3-7e7d-4337-9e88-d0b788a53f3b_config-0] Register server push request handler:com.alibaba.nacos.common.remote.client.RpcClient$$Lambda$344/812168041
09:50:02.535 [main] INFO  c.x.i.XmapInformationApplication - [logStartupProfileInfo,637] - The following 1 profile is active: "dev"
09:50:05.159 [main] INFO  o.a.c.c.AprLifecycleListener - [log,173] - Loaded Apache Tomcat Native library [1.2.32] using APR version [1.7.0].
09:50:05.159 [main] INFO  o.a.c.c.AprLifecycleListener - [log,173] - APR capabilities: IPv6 [true], sendfile [true], accept filters [false], random [true], UDS [true].
09:50:05.160 [main] INFO  o.a.c.c.AprLifecycleListener - [log,173] - APR/OpenSSL configuration: useAprConnector [false], useOpenSSL [true]
09:50:05.164 [main] INFO  o.a.c.c.AprLifecycleListener - [log,173] - OpenSSL successfully initialized [OpenSSL 1.1.1n  15 Mar 2022]
09:50:05.176 [main] INFO  o.a.c.h.Http11NioProtocol - [log,173] - Initializing ProtocolHandler ["http-nio-9211"]
09:50:05.177 [main] INFO  o.a.c.c.StandardService - [log,173] - Starting service [Tomcat]
09:50:05.178 [main] INFO  o.a.c.c.StandardEngine - [log,173] - Starting Servlet engine: [Apache Tomcat/9.0.70]
09:50:05.398 [main] INFO  o.a.c.c.C.[.[.[/] - [log,173] - Initializing Spring embedded WebApplicationContext
09:50:06.789 [main] INFO  c.a.d.p.DruidDataSource - [init,996] - {dataSource-1,master} inited
09:50:06.790 [main] INFO  c.b.d.d.DynamicRoutingDataSource - [addDataSource,154] - dynamic-datasource - add a datasource named [master] success
09:50:06.790 [main] INFO  c.b.d.d.DynamicRoutingDataSource - [afterPropertiesSet,234] - dynamic-datasource initial loaded [1] datasource,primary datasource named [master]
09:50:08.269 [main] INFO  c.a.c.s.SentinelWebMvcConfigurer - [addInterceptors,52] - [Sentinel Starter] register SentinelWebInterceptor with urlPatterns: [/**].
09:50:12.263 [main] INFO  c.a.n.c.r.client - [lambda$createClient$0,80] - [RpcClientFactory] create a new rpc client of 3aa6638e-0bf0-4bae-900f-bb477a756f11
09:50:12.264 [main] INFO  c.a.n.c.r.client - [printIfInfoEnabled,60] - [3aa6638e-0bf0-4bae-900f-bb477a756f11] RpcClient init label, labels = {module=naming, source=sdk}
09:50:12.267 [main] INFO  c.a.n.c.r.client - [printIfInfoEnabled,60] - [3aa6638e-0bf0-4bae-900f-bb477a756f11] RpcClient init, ServerListFactory = com.alibaba.nacos.client.naming.core.ServerListManager
09:50:12.267 [main] INFO  c.a.n.c.r.client - [printIfInfoEnabled,60] - [3aa6638e-0bf0-4bae-900f-bb477a756f11] Registry connection listener to current client:com.alibaba.nacos.client.naming.remote.gprc.redo.NamingGrpcRedoService
09:50:12.268 [main] INFO  c.a.n.c.r.client - [printIfInfoEnabled,60] - [3aa6638e-0bf0-4bae-900f-bb477a756f11] Register server push request handler:com.alibaba.nacos.client.naming.remote.gprc.NamingPushRequestHandler
09:50:12.268 [main] INFO  c.a.n.c.r.client - [printIfInfoEnabled,60] - [3aa6638e-0bf0-4bae-900f-bb477a756f11] Try to connect to server on start up, server: {serverIp = '127.0.0.1', server main port = 8848}
09:50:12.380 [main] INFO  c.a.n.c.r.client - [printIfInfoEnabled,60] - [3aa6638e-0bf0-4bae-900f-bb477a756f11] Success to connect to server [127.0.0.1:8848] on start up, connectionId = 1698889812273_127.0.0.1_2554
09:50:12.380 [com.alibaba.nacos.client.remote.worker] INFO  c.a.n.c.r.client - [printIfInfoEnabled,60] - [3aa6638e-0bf0-4bae-900f-bb477a756f11] Notify connected event to listeners.
09:50:12.380 [main] INFO  c.a.n.c.r.client - [printIfInfoEnabled,60] - [3aa6638e-0bf0-4bae-900f-bb477a756f11] Register server push request handler:com.alibaba.nacos.common.remote.client.RpcClient$ConnectResetRequestHandler
09:50:12.380 [main] INFO  c.a.n.c.r.client - [printIfInfoEnabled,60] - [3aa6638e-0bf0-4bae-900f-bb477a756f11] Register server push request handler:com.alibaba.nacos.common.remote.client.RpcClient$$Lambda$344/812168041
09:50:12.409 [main] INFO  o.a.c.h.Http11NioProtocol - [log,173] - Starting ProtocolHandler ["http-nio-9211"]
09:50:12.437 [main] INFO  c.a.c.n.r.NacosServiceRegistry - [register,75] - nacos registry, DEFAULT_GROUP xmap-information 10.100.60.135:9211 register finished
09:50:12.960 [nacos-grpc-client-executor-6] INFO  c.a.n.c.r.client - [printIfInfoEnabled,60] - [3aa6638e-0bf0-4bae-900f-bb477a756f11] Receive server push request, request = NotifySubscriberRequest, requestId = 7
09:50:12.968 [nacos-grpc-client-executor-6] INFO  c.a.n.c.r.client - [printIfInfoEnabled,60] - [3aa6638e-0bf0-4bae-900f-bb477a756f11] Ack server push request, request = NotifySubscriberRequest, requestId = 7
09:50:14.149 [main] INFO  c.x.i.XmapInformationApplication - [logStarted,61] - Started XmapInformationApplication in 18.314 seconds (JVM running for 20.145)
09:50:14.157 [main] INFO  c.a.c.n.r.NacosContextRefresher - [registerNacosListener,129] - [Nacos Config] Listening config: dataId=xmap-information-dev.yml, group=DEFAULT_GROUP
09:50:14.157 [main] INFO  c.a.c.n.r.NacosContextRefresher - [registerNacosListener,129] - [Nacos Config] Listening config: dataId=xmap-information.yml, group=DEFAULT_GROUP
09:50:14.157 [main] INFO  c.a.c.n.r.NacosContextRefresher - [registerNacosListener,129] - [Nacos Config] Listening config: dataId=xmap-information, group=DEFAULT_GROUP
09:50:14.260 [RMI TCP Connection(1)-192.168.137.1] INFO  o.a.c.c.C.[.[.[/] - [log,173] - Initializing Spring DispatcherServlet 'dispatcherServlet'
09:52:28.819 [nacos-grpc-client-executor-36] INFO  c.a.n.c.r.client - [printIfInfoEnabled,60] - [3aa6638e-0bf0-4bae-900f-bb477a756f11] Receive server push request, request = NotifySubscriberRequest, requestId = 10
09:52:28.819 [nacos-grpc-client-executor-36] INFO  c.a.n.c.r.client - [printIfInfoEnabled,60] - [3aa6638e-0bf0-4bae-900f-bb477a756f11] Ack server push request, request = NotifySubscriberRequest, requestId = 10
09:55:14.831 [SpringApplicationShutdownHook] INFO  c.a.c.n.r.NacosServiceRegistry - [deregister,94] - De-registering from Nacos Server now...
09:55:14.837 [SpringApplicationShutdownHook] INFO  c.a.c.n.r.NacosServiceRegistry - [deregister,114] - De-registration finished.
09:55:15.155 [SpringApplicationShutdownHook] INFO  c.a.n.c.r.client - [shutdown,454] - Shutdown rpc client, set status to shutdown
09:55:15.155 [SpringApplicationShutdownHook] INFO  c.a.n.c.r.client - [shutdown,456] - Shutdown client event executor java.util.concurrent.ScheduledThreadPoolExecutor@1daab4ce[Running, pool size = 2, active threads = 2, queued tasks = 0, completed tasks = 0]
09:55:15.155 [SpringApplicationShutdownHook] INFO  c.a.n.c.r.client - [closeConnection,591] - Close current connection 1698889812273_127.0.0.1_2554
09:55:15.156 [nacos-grpc-client-executor-73] INFO  c.a.n.c.r.c.g.GrpcClient - [printIfInfoEnabled,60] - [1698889812273_127.0.0.1_2554]Ignore complete event,isRunning:false,isAbandon=false
09:55:15.157 [SpringApplicationShutdownHook] INFO  c.a.n.c.r.c.g.GrpcClient - [shutdown,85] - Shutdown grpc executor java.util.concurrent.ThreadPoolExecutor@22484786[Running, pool size = 6, active threads = 0, queued tasks = 0, completed tasks = 74]
09:55:15.441 [SpringApplicationShutdownHook] INFO  c.b.d.d.DynamicRoutingDataSource - [destroy,211] - dynamic-datasource start closing ....
09:55:15.475 [SpringApplicationShutdownHook] INFO  c.a.d.p.DruidDataSource - [close,2138] - {dataSource-1} closing ...
09:55:15.516 [SpringApplicationShutdownHook] INFO  c.a.d.p.DruidDataSource - [close,2211] - {dataSource-1} closed
09:55:15.517 [SpringApplicationShutdownHook] INFO  c.b.d.d.DynamicRoutingDataSource - [destroy,215] - dynamic-datasource all closed success,bye
09:55:24.318 [background-preinit] INFO  o.h.v.i.util.Version - [<clinit>,21] - HV000001: Hibernate Validator 6.2.5.Final
09:55:25.956 [main] INFO  c.a.n.c.r.client - [lambda$createClient$0,80] - [RpcClientFactory] create a new rpc client of cf8b7cde-809c-434d-91fd-a0ea235be13c_config-0
09:55:26.000 [main] INFO  o.r.Reflections - [scan,232] - Reflections took 29 ms to scan 1 urls, producing 3 keys and 6 values 
09:55:26.029 [main] INFO  o.r.Reflections - [scan,232] - Reflections took 16 ms to scan 1 urls, producing 4 keys and 9 values 
09:55:26.045 [main] INFO  o.r.Reflections - [scan,232] - Reflections took 13 ms to scan 1 urls, producing 3 keys and 10 values 
09:55:26.261 [main] INFO  o.r.Reflections - [scan,232] - Reflections took 213 ms to scan 199 urls, producing 0 keys and 0 values 
09:55:26.273 [main] INFO  o.r.Reflections - [scan,232] - Reflections took 11 ms to scan 1 urls, producing 1 keys and 5 values 
09:55:26.288 [main] INFO  o.r.Reflections - [scan,232] - Reflections took 13 ms to scan 1 urls, producing 1 keys and 7 values 
09:55:26.305 [main] INFO  o.r.Reflections - [scan,232] - Reflections took 13 ms to scan 1 urls, producing 2 keys and 8 values 
09:55:26.479 [main] INFO  o.r.Reflections - [scan,232] - Reflections took 171 ms to scan 199 urls, producing 0 keys and 0 values 
09:55:26.480 [main] INFO  c.a.n.c.r.client - [printIfInfoEnabled,60] - [cf8b7cde-809c-434d-91fd-a0ea235be13c_config-0] RpcClient init label, labels = {module=config, Vipserver-Tag=null, source=sdk, Amory-Tag=null, Location-Tag=null, taskId=0, AppName=unknown}
09:55:26.480 [main] INFO  c.a.n.c.r.client - [printIfInfoEnabled,60] - [cf8b7cde-809c-434d-91fd-a0ea235be13c_config-0] Register server push request handler:com.alibaba.nacos.client.config.impl.ClientWorker$ConfigRpcTransportClient$$Lambda$335/1752535057
09:55:26.481 [main] INFO  c.a.n.c.r.client - [printIfInfoEnabled,60] - [cf8b7cde-809c-434d-91fd-a0ea235be13c_config-0] Register server push request handler:com.alibaba.nacos.client.config.impl.ClientWorker$ConfigRpcTransportClient$$Lambda$336/2116299597
09:55:26.481 [main] INFO  c.a.n.c.r.client - [printIfInfoEnabled,60] - [cf8b7cde-809c-434d-91fd-a0ea235be13c_config-0] Registry connection listener to current client:com.alibaba.nacos.client.config.impl.ClientWorker$ConfigRpcTransportClient$1
09:55:26.482 [main] INFO  c.a.n.c.r.client - [printIfInfoEnabled,60] - [cf8b7cde-809c-434d-91fd-a0ea235be13c_config-0] RpcClient init, ServerListFactory = com.alibaba.nacos.client.config.impl.ClientWorker$ConfigRpcTransportClient$2
09:55:26.495 [main] INFO  c.a.n.c.r.client - [printIfInfoEnabled,60] - [cf8b7cde-809c-434d-91fd-a0ea235be13c_config-0] Try to connect to server on start up, server: {serverIp = '127.0.0.1', server main port = 8848}
09:55:29.588 [main] INFO  c.a.n.c.r.client - [printIfInfoEnabled,60] - [cf8b7cde-809c-434d-91fd-a0ea235be13c_config-0] Success to connect to server [127.0.0.1:8848] on start up, connectionId = 1698890129336_127.0.0.1_3139
09:55:29.588 [com.alibaba.nacos.client.remote.worker] INFO  c.a.n.c.r.client - [printIfInfoEnabled,60] - [cf8b7cde-809c-434d-91fd-a0ea235be13c_config-0] Notify connected event to listeners.
09:55:29.588 [main] INFO  c.a.n.c.r.client - [printIfInfoEnabled,60] - [cf8b7cde-809c-434d-91fd-a0ea235be13c_config-0] Register server push request handler:com.alibaba.nacos.common.remote.client.RpcClient$ConnectResetRequestHandler
09:55:29.589 [main] INFO  c.a.n.c.r.client - [printIfInfoEnabled,60] - [cf8b7cde-809c-434d-91fd-a0ea235be13c_config-0] Register server push request handler:com.alibaba.nacos.common.remote.client.RpcClient$$Lambda$344/812168041
09:55:29.657 [main] INFO  c.x.i.XmapInformationApplication - [logStartupProfileInfo,637] - The following 1 profile is active: "dev"
09:55:32.412 [main] INFO  o.a.c.c.AprLifecycleListener - [log,173] - Loaded Apache Tomcat Native library [1.2.32] using APR version [1.7.0].
09:55:32.412 [main] INFO  o.a.c.c.AprLifecycleListener - [log,173] - APR capabilities: IPv6 [true], sendfile [true], accept filters [false], random [true], UDS [true].
09:55:32.412 [main] INFO  o.a.c.c.AprLifecycleListener - [log,173] - APR/OpenSSL configuration: useAprConnector [false], useOpenSSL [true]
09:55:32.415 [main] INFO  o.a.c.c.AprLifecycleListener - [log,173] - OpenSSL successfully initialized [OpenSSL 1.1.1n  15 Mar 2022]
09:55:32.430 [main] INFO  o.a.c.h.Http11NioProtocol - [log,173] - Initializing ProtocolHandler ["http-nio-9211"]
09:55:32.431 [main] INFO  o.a.c.c.StandardService - [log,173] - Starting service [Tomcat]
09:55:32.431 [main] INFO  o.a.c.c.StandardEngine - [log,173] - Starting Servlet engine: [Apache Tomcat/9.0.70]
09:55:32.614 [main] INFO  o.a.c.c.C.[.[.[/] - [log,173] - Initializing Spring embedded WebApplicationContext
09:55:34.067 [main] INFO  c.a.d.p.DruidDataSource - [init,996] - {dataSource-1,master} inited
09:55:34.067 [main] INFO  c.b.d.d.DynamicRoutingDataSource - [addDataSource,154] - dynamic-datasource - add a datasource named [master] success
09:55:34.067 [main] INFO  c.b.d.d.DynamicRoutingDataSource - [afterPropertiesSet,234] - dynamic-datasource initial loaded [1] datasource,primary datasource named [master]
09:55:35.664 [main] INFO  c.a.c.s.SentinelWebMvcConfigurer - [addInterceptors,52] - [Sentinel Starter] register SentinelWebInterceptor with urlPatterns: [/**].
09:55:40.821 [main] INFO  c.a.n.c.r.client - [lambda$createClient$0,80] - [RpcClientFactory] create a new rpc client of 628211cb-1bda-4e00-abc2-529f8046c5dd
09:55:40.821 [main] INFO  c.a.n.c.r.client - [printIfInfoEnabled,60] - [628211cb-1bda-4e00-abc2-529f8046c5dd] RpcClient init label, labels = {module=naming, source=sdk}
09:55:40.826 [main] INFO  c.a.n.c.r.client - [printIfInfoEnabled,60] - [628211cb-1bda-4e00-abc2-529f8046c5dd] RpcClient init, ServerListFactory = com.alibaba.nacos.client.naming.core.ServerListManager
09:55:40.827 [main] INFO  c.a.n.c.r.client - [printIfInfoEnabled,60] - [628211cb-1bda-4e00-abc2-529f8046c5dd] Registry connection listener to current client:com.alibaba.nacos.client.naming.remote.gprc.redo.NamingGrpcRedoService
09:55:40.827 [main] INFO  c.a.n.c.r.client - [printIfInfoEnabled,60] - [628211cb-1bda-4e00-abc2-529f8046c5dd] Register server push request handler:com.alibaba.nacos.client.naming.remote.gprc.NamingPushRequestHandler
09:55:40.827 [main] INFO  c.a.n.c.r.client - [printIfInfoEnabled,60] - [628211cb-1bda-4e00-abc2-529f8046c5dd] Try to connect to server on start up, server: {serverIp = '127.0.0.1', server main port = 8848}
09:55:40.956 [main] INFO  c.a.n.c.r.client - [printIfInfoEnabled,60] - [628211cb-1bda-4e00-abc2-529f8046c5dd] Success to connect to server [127.0.0.1:8848] on start up, connectionId = 1698890140838_127.0.0.1_3162
09:55:40.957 [main] INFO  c.a.n.c.r.client - [printIfInfoEnabled,60] - [628211cb-1bda-4e00-abc2-529f8046c5dd] Register server push request handler:com.alibaba.nacos.common.remote.client.RpcClient$ConnectResetRequestHandler
09:55:40.957 [com.alibaba.nacos.client.remote.worker] INFO  c.a.n.c.r.client - [printIfInfoEnabled,60] - [628211cb-1bda-4e00-abc2-529f8046c5dd] Notify connected event to listeners.
09:55:40.957 [main] INFO  c.a.n.c.r.client - [printIfInfoEnabled,60] - [628211cb-1bda-4e00-abc2-529f8046c5dd] Register server push request handler:com.alibaba.nacos.common.remote.client.RpcClient$$Lambda$344/812168041
09:55:41.002 [main] INFO  o.a.c.h.Http11NioProtocol - [log,173] - Starting ProtocolHandler ["http-nio-9211"]
09:55:41.065 [main] INFO  c.a.c.n.r.NacosServiceRegistry - [register,75] - nacos registry, DEFAULT_GROUP xmap-information 10.100.60.135:9211 register finished
09:55:41.586 [nacos-grpc-client-executor-9] INFO  c.a.n.c.r.client - [printIfInfoEnabled,60] - [628211cb-1bda-4e00-abc2-529f8046c5dd] Receive server push request, request = NotifySubscriberRequest, requestId = 13
09:55:41.593 [nacos-grpc-client-executor-9] INFO  c.a.n.c.r.client - [printIfInfoEnabled,60] - [628211cb-1bda-4e00-abc2-529f8046c5dd] Ack server push request, request = NotifySubscriberRequest, requestId = 13
09:55:43.500 [main] INFO  c.x.i.XmapInformationApplication - [logStarted,61] - Started XmapInformationApplication in 20.659 seconds (JVM running for 22.763)
09:55:43.512 [main] INFO  c.a.c.n.r.NacosContextRefresher - [registerNacosListener,129] - [Nacos Config] Listening config: dataId=xmap-information-dev.yml, group=DEFAULT_GROUP
09:55:43.513 [main] INFO  c.a.c.n.r.NacosContextRefresher - [registerNacosListener,129] - [Nacos Config] Listening config: dataId=xmap-information.yml, group=DEFAULT_GROUP
09:55:43.513 [main] INFO  c.a.c.n.r.NacosContextRefresher - [registerNacosListener,129] - [Nacos Config] Listening config: dataId=xmap-information, group=DEFAULT_GROUP
09:55:44.604 [http-nio-9211-exec-1] INFO  o.a.c.c.C.[.[.[/] - [log,173] - Initializing Spring DispatcherServlet 'dispatcherServlet'
09:55:47.629 [nacos-grpc-client-executor-14] INFO  c.a.n.c.r.client - [printIfInfoEnabled,60] - [628211cb-1bda-4e00-abc2-529f8046c5dd] Receive server push request, request = NotifySubscriberRequest, requestId = 14
09:55:47.629 [nacos-grpc-client-executor-14] INFO  c.a.n.c.r.client - [printIfInfoEnabled,60] - [628211cb-1bda-4e00-abc2-529f8046c5dd] Ack server push request, request = NotifySubscriberRequest, requestId = 14
10:17:02.589 [SpringApplicationShutdownHook] INFO  c.a.c.n.r.NacosServiceRegistry - [deregister,94] - De-registering from Nacos Server now...
10:17:02.597 [SpringApplicationShutdownHook] INFO  c.a.c.n.r.NacosServiceRegistry - [deregister,114] - De-registration finished.
10:17:02.930 [SpringApplicationShutdownHook] INFO  c.a.n.c.r.client - [shutdown,454] - Shutdown rpc client, set status to shutdown
10:17:02.930 [SpringApplicationShutdownHook] INFO  c.a.n.c.r.client - [shutdown,456] - Shutdown client event executor java.util.concurrent.ScheduledThreadPoolExecutor@2f11758[Running, pool size = 2, active threads = 2, queued tasks = 0, completed tasks = 0]
10:17:02.930 [SpringApplicationShutdownHook] INFO  c.a.n.c.r.client - [closeConnection,591] - Close current connection 1698890140838_127.0.0.1_3162
10:17:02.931 [nacos-grpc-client-executor-273] INFO  c.a.n.c.r.c.g.GrpcClient - [printIfInfoEnabled,60] - [1698890140838_127.0.0.1_3162]Ignore complete event,isRunning:false,isAbandon=false
10:17:02.962 [SpringApplicationShutdownHook] INFO  c.a.n.c.r.c.g.GrpcClient - [shutdown,85] - Shutdown grpc executor java.util.concurrent.ThreadPoolExecutor@6a384f01[Running, pool size = 4, active threads = 0, queued tasks = 0, completed tasks = 274]
10:17:03.116 [SpringApplicationShutdownHook] INFO  c.b.d.d.DynamicRoutingDataSource - [destroy,211] - dynamic-datasource start closing ....
10:17:03.121 [SpringApplicationShutdownHook] INFO  c.a.d.p.DruidDataSource - [close,2138] - {dataSource-1} closing ...
10:17:03.127 [SpringApplicationShutdownHook] INFO  c.a.d.p.DruidDataSource - [close,2211] - {dataSource-1} closed
10:17:03.128 [SpringApplicationShutdownHook] INFO  c.b.d.d.DynamicRoutingDataSource - [destroy,215] - dynamic-datasource all closed success,bye
10:17:12.264 [background-preinit] INFO  o.h.v.i.util.Version - [<clinit>,21] - HV000001: Hibernate Validator 6.2.5.Final
10:17:13.675 [main] INFO  c.a.n.c.r.client - [lambda$createClient$0,80] - [RpcClientFactory] create a new rpc client of a0119473-811c-4335-8cad-7ab5de90b08e_config-0
10:17:13.757 [main] INFO  o.r.Reflections - [scan,232] - Reflections took 37 ms to scan 1 urls, producing 3 keys and 6 values 
10:17:13.819 [main] INFO  o.r.Reflections - [scan,232] - Reflections took 11 ms to scan 1 urls, producing 4 keys and 9 values 
10:17:13.831 [main] INFO  o.r.Reflections - [scan,232] - Reflections took 11 ms to scan 1 urls, producing 3 keys and 10 values 
10:17:14.012 [main] INFO  o.r.Reflections - [scan,232] - Reflections took 178 ms to scan 199 urls, producing 0 keys and 0 values 
10:17:14.021 [main] INFO  o.r.Reflections - [scan,232] - Reflections took 8 ms to scan 1 urls, producing 1 keys and 5 values 
10:17:14.035 [main] INFO  o.r.Reflections - [scan,232] - Reflections took 11 ms to scan 1 urls, producing 1 keys and 7 values 
10:17:14.050 [main] INFO  o.r.Reflections - [scan,232] - Reflections took 13 ms to scan 1 urls, producing 2 keys and 8 values 
10:17:14.195 [main] INFO  o.r.Reflections - [scan,232] - Reflections took 143 ms to scan 199 urls, producing 0 keys and 0 values 
10:17:14.197 [main] INFO  c.a.n.c.r.client - [printIfInfoEnabled,60] - [a0119473-811c-4335-8cad-7ab5de90b08e_config-0] RpcClient init label, labels = {module=config, Vipserver-Tag=null, source=sdk, Amory-Tag=null, Location-Tag=null, taskId=0, AppName=unknown}
10:17:14.197 [main] INFO  c.a.n.c.r.client - [printIfInfoEnabled,60] - [a0119473-811c-4335-8cad-7ab5de90b08e_config-0] Register server push request handler:com.alibaba.nacos.client.config.impl.ClientWorker$ConfigRpcTransportClient$$Lambda$335/1752535057
10:17:14.198 [main] INFO  c.a.n.c.r.client - [printIfInfoEnabled,60] - [a0119473-811c-4335-8cad-7ab5de90b08e_config-0] Register server push request handler:com.alibaba.nacos.client.config.impl.ClientWorker$ConfigRpcTransportClient$$Lambda$336/2116299597
10:17:14.199 [main] INFO  c.a.n.c.r.client - [printIfInfoEnabled,60] - [a0119473-811c-4335-8cad-7ab5de90b08e_config-0] Registry connection listener to current client:com.alibaba.nacos.client.config.impl.ClientWorker$ConfigRpcTransportClient$1
10:17:14.199 [main] INFO  c.a.n.c.r.client - [printIfInfoEnabled,60] - [a0119473-811c-4335-8cad-7ab5de90b08e_config-0] RpcClient init, ServerListFactory = com.alibaba.nacos.client.config.impl.ClientWorker$ConfigRpcTransportClient$2
10:17:14.207 [main] INFO  c.a.n.c.r.client - [printIfInfoEnabled,60] - [a0119473-811c-4335-8cad-7ab5de90b08e_config-0] Try to connect to server on start up, server: {serverIp = '127.0.0.1', server main port = 8848}
10:17:17.516 [main] INFO  c.a.n.c.r.client - [printIfInfoEnabled,60] - [a0119473-811c-4335-8cad-7ab5de90b08e_config-0] Success to connect to server [127.0.0.1:8848] on start up, connectionId = 1698891437184_127.0.0.1_4803
10:17:17.516 [com.alibaba.nacos.client.remote.worker] INFO  c.a.n.c.r.client - [printIfInfoEnabled,60] - [a0119473-811c-4335-8cad-7ab5de90b08e_config-0] Notify connected event to listeners.
10:17:17.517 [main] INFO  c.a.n.c.r.client - [printIfInfoEnabled,60] - [a0119473-811c-4335-8cad-7ab5de90b08e_config-0] Register server push request handler:com.alibaba.nacos.common.remote.client.RpcClient$ConnectResetRequestHandler
10:17:17.517 [main] INFO  c.a.n.c.r.client - [printIfInfoEnabled,60] - [a0119473-811c-4335-8cad-7ab5de90b08e_config-0] Register server push request handler:com.alibaba.nacos.common.remote.client.RpcClient$$Lambda$344/812168041
10:17:17.629 [main] INFO  c.x.i.XmapInformationApplication - [logStartupProfileInfo,637] - The following 1 profile is active: "dev"
10:17:20.065 [main] INFO  o.a.c.c.AprLifecycleListener - [log,173] - Loaded Apache Tomcat Native library [1.2.32] using APR version [1.7.0].
10:17:20.066 [main] INFO  o.a.c.c.AprLifecycleListener - [log,173] - APR capabilities: IPv6 [true], sendfile [true], accept filters [false], random [true], UDS [true].
10:17:20.066 [main] INFO  o.a.c.c.AprLifecycleListener - [log,173] - APR/OpenSSL configuration: useAprConnector [false], useOpenSSL [true]
10:17:20.073 [main] INFO  o.a.c.c.AprLifecycleListener - [log,173] - OpenSSL successfully initialized [OpenSSL 1.1.1n  15 Mar 2022]
10:17:20.085 [main] INFO  o.a.c.h.Http11NioProtocol - [log,173] - Initializing ProtocolHandler ["http-nio-9211"]
10:17:20.086 [main] INFO  o.a.c.c.StandardService - [log,173] - Starting service [Tomcat]
10:17:20.086 [main] INFO  o.a.c.c.StandardEngine - [log,173] - Starting Servlet engine: [Apache Tomcat/9.0.70]
10:17:20.447 [main] INFO  o.a.c.c.C.[.[.[/] - [log,173] - Initializing Spring embedded WebApplicationContext
10:17:21.855 [main] INFO  c.a.d.p.DruidDataSource - [init,996] - {dataSource-1,master} inited
10:17:21.855 [main] INFO  c.b.d.d.DynamicRoutingDataSource - [addDataSource,154] - dynamic-datasource - add a datasource named [master] success
10:17:21.857 [main] INFO  c.b.d.d.DynamicRoutingDataSource - [afterPropertiesSet,234] - dynamic-datasource initial loaded [1] datasource,primary datasource named [master]
10:17:23.284 [main] INFO  c.a.c.s.SentinelWebMvcConfigurer - [addInterceptors,52] - [Sentinel Starter] register SentinelWebInterceptor with urlPatterns: [/**].
10:17:27.169 [main] INFO  c.a.n.c.r.client - [lambda$createClient$0,80] - [RpcClientFactory] create a new rpc client of 84cdea40-c086-46e1-a8f0-7bed85c1c148
10:17:27.169 [main] INFO  c.a.n.c.r.client - [printIfInfoEnabled,60] - [84cdea40-c086-46e1-a8f0-7bed85c1c148] RpcClient init label, labels = {module=naming, source=sdk}
10:17:27.174 [main] INFO  c.a.n.c.r.client - [printIfInfoEnabled,60] - [84cdea40-c086-46e1-a8f0-7bed85c1c148] RpcClient init, ServerListFactory = com.alibaba.nacos.client.naming.core.ServerListManager
10:17:27.174 [main] INFO  c.a.n.c.r.client - [printIfInfoEnabled,60] - [84cdea40-c086-46e1-a8f0-7bed85c1c148] Registry connection listener to current client:com.alibaba.nacos.client.naming.remote.gprc.redo.NamingGrpcRedoService
10:17:27.175 [main] INFO  c.a.n.c.r.client - [printIfInfoEnabled,60] - [84cdea40-c086-46e1-a8f0-7bed85c1c148] Register server push request handler:com.alibaba.nacos.client.naming.remote.gprc.NamingPushRequestHandler
10:17:27.175 [main] INFO  c.a.n.c.r.client - [printIfInfoEnabled,60] - [84cdea40-c086-46e1-a8f0-7bed85c1c148] Try to connect to server on start up, server: {serverIp = '127.0.0.1', server main port = 8848}
10:17:27.295 [main] INFO  c.a.n.c.r.client - [printIfInfoEnabled,60] - [84cdea40-c086-46e1-a8f0-7bed85c1c148] Success to connect to server [127.0.0.1:8848] on start up, connectionId = 1698891447180_127.0.0.1_4822
10:17:27.295 [main] INFO  c.a.n.c.r.client - [printIfInfoEnabled,60] - [84cdea40-c086-46e1-a8f0-7bed85c1c148] Register server push request handler:com.alibaba.nacos.common.remote.client.RpcClient$ConnectResetRequestHandler
10:17:27.295 [com.alibaba.nacos.client.remote.worker] INFO  c.a.n.c.r.client - [printIfInfoEnabled,60] - [84cdea40-c086-46e1-a8f0-7bed85c1c148] Notify connected event to listeners.
10:17:27.295 [main] INFO  c.a.n.c.r.client - [printIfInfoEnabled,60] - [84cdea40-c086-46e1-a8f0-7bed85c1c148] Register server push request handler:com.alibaba.nacos.common.remote.client.RpcClient$$Lambda$344/812168041
10:17:27.321 [main] INFO  o.a.c.h.Http11NioProtocol - [log,173] - Starting ProtocolHandler ["http-nio-9211"]
10:17:27.346 [main] INFO  c.a.c.n.r.NacosServiceRegistry - [register,75] - nacos registry, DEFAULT_GROUP xmap-information 10.100.60.135:9211 register finished
10:17:27.983 [nacos-grpc-client-executor-5] INFO  c.a.n.c.r.client - [printIfInfoEnabled,60] - [84cdea40-c086-46e1-a8f0-7bed85c1c148] Receive server push request, request = NotifySubscriberRequest, requestId = 17
10:17:27.988 [nacos-grpc-client-executor-5] INFO  c.a.n.c.r.client - [printIfInfoEnabled,60] - [84cdea40-c086-46e1-a8f0-7bed85c1c148] Ack server push request, request = NotifySubscriberRequest, requestId = 17
10:17:28.837 [main] INFO  c.x.i.XmapInformationApplication - [logStarted,61] - Started XmapInformationApplication in 17.91 seconds (JVM running for 19.422)
10:17:28.844 [main] INFO  c.a.c.n.r.NacosContextRefresher - [registerNacosListener,129] - [Nacos Config] Listening config: dataId=xmap-information-dev.yml, group=DEFAULT_GROUP
10:17:28.845 [main] INFO  c.a.c.n.r.NacosContextRefresher - [registerNacosListener,129] - [Nacos Config] Listening config: dataId=xmap-information.yml, group=DEFAULT_GROUP
10:17:28.845 [main] INFO  c.a.c.n.r.NacosContextRefresher - [registerNacosListener,129] - [Nacos Config] Listening config: dataId=xmap-information, group=DEFAULT_GROUP
10:17:29.686 [RMI TCP Connection(2)-192.168.137.1] INFO  o.a.c.c.C.[.[.[/] - [log,173] - Initializing Spring DispatcherServlet 'dispatcherServlet'
10:18:47.065 [nacos-grpc-client-executor-23] INFO  c.a.n.c.r.client - [printIfInfoEnabled,60] - [84cdea40-c086-46e1-a8f0-7bed85c1c148] Receive server push request, request = NotifySubscriberRequest, requestId = 18
10:18:47.065 [nacos-grpc-client-executor-23] INFO  c.a.n.c.r.client - [printIfInfoEnabled,60] - [84cdea40-c086-46e1-a8f0-7bed85c1c148] Ack server push request, request = NotifySubscriberRequest, requestId = 18
