10:19:34.503 [background-preinit] INFO  o.h.v.i.util.Version - [<clinit>,21] - HV000001: Hibernate Validator 6.2.5.Final
10:19:35.955 [main] INFO  c.a.n.c.r.client - [lambda$createClient$0,80] - [RpcClientFactory] create a new rpc client of 4c161f36-922d-417e-9fd8-0ca2dc22f0e2_config-0
10:19:35.998 [main] INFO  o.r.Reflections - [scan,232] - Reflections took 28 ms to scan 1 urls, producing 3 keys and 6 values 
10:19:36.021 [main] INFO  o.r.Reflections - [scan,232] - Reflections took 11 ms to scan 1 urls, producing 4 keys and 9 values 
10:19:36.037 [main] INFO  o.r.Reflections - [scan,232] - Reflections took 14 ms to scan 1 urls, producing 3 keys and 10 values 
10:19:36.339 [main] INFO  o.r.Reflections - [scan,232] - Reflections took 299 ms to scan 204 urls, producing 0 keys and 0 values 
10:19:36.350 [main] INFO  o.r.Reflections - [scan,232] - Reflections took 10 ms to scan 1 urls, producing 1 keys and 5 values 
10:19:36.362 [main] INFO  o.r.Reflections - [scan,232] - Reflections took 10 ms to scan 1 urls, producing 1 keys and 7 values 
10:19:36.376 [main] INFO  o.r.Reflections - [scan,232] - Reflections took 12 ms to scan 1 urls, producing 2 keys and 8 values 
10:19:36.534 [main] INFO  o.r.Reflections - [scan,232] - Reflections took 155 ms to scan 204 urls, producing 0 keys and 0 values 
10:19:36.535 [main] INFO  c.a.n.c.r.client - [printIfInfoEnabled,60] - [4c161f36-922d-417e-9fd8-0ca2dc22f0e2_config-0] RpcClient init label, labels = {module=config, Vipserver-Tag=null, source=sdk, Amory-Tag=null, Location-Tag=null, taskId=0, AppName=unknown}
10:19:36.536 [main] INFO  c.a.n.c.r.client - [printIfInfoEnabled,60] - [4c161f36-922d-417e-9fd8-0ca2dc22f0e2_config-0] Register server push request handler:com.alibaba.nacos.client.config.impl.ClientWorker$ConfigRpcTransportClient$$Lambda$335/1950136544
10:19:36.536 [main] INFO  c.a.n.c.r.client - [printIfInfoEnabled,60] - [4c161f36-922d-417e-9fd8-0ca2dc22f0e2_config-0] Register server push request handler:com.alibaba.nacos.client.config.impl.ClientWorker$ConfigRpcTransportClient$$Lambda$336/209360730
10:19:36.536 [main] INFO  c.a.n.c.r.client - [printIfInfoEnabled,60] - [4c161f36-922d-417e-9fd8-0ca2dc22f0e2_config-0] Registry connection listener to current client:com.alibaba.nacos.client.config.impl.ClientWorker$ConfigRpcTransportClient$1
10:19:36.537 [main] INFO  c.a.n.c.r.client - [printIfInfoEnabled,60] - [4c161f36-922d-417e-9fd8-0ca2dc22f0e2_config-0] RpcClient init, ServerListFactory = com.alibaba.nacos.client.config.impl.ClientWorker$ConfigRpcTransportClient$2
10:19:36.543 [main] INFO  c.a.n.c.r.client - [printIfInfoEnabled,60] - [4c161f36-922d-417e-9fd8-0ca2dc22f0e2_config-0] Try to connect to server on start up, server: {serverIp = '127.0.0.1', server main port = 8848}
10:19:39.510 [main] INFO  c.a.n.c.r.client - [printIfInfoEnabled,60] - [4c161f36-922d-417e-9fd8-0ca2dc22f0e2_config-0] Success to connect to server [127.0.0.1:8848] on start up, connectionId = 1701829179253_127.0.0.1_7074
10:19:39.510 [com.alibaba.nacos.client.remote.worker] INFO  c.a.n.c.r.client - [printIfInfoEnabled,60] - [4c161f36-922d-417e-9fd8-0ca2dc22f0e2_config-0] Notify connected event to listeners.
10:19:39.510 [main] INFO  c.a.n.c.r.client - [printIfInfoEnabled,60] - [4c161f36-922d-417e-9fd8-0ca2dc22f0e2_config-0] Register server push request handler:com.alibaba.nacos.common.remote.client.RpcClient$ConnectResetRequestHandler
10:19:39.510 [main] INFO  c.a.n.c.r.client - [printIfInfoEnabled,60] - [4c161f36-922d-417e-9fd8-0ca2dc22f0e2_config-0] Register server push request handler:com.alibaba.nacos.common.remote.client.RpcClient$$Lambda$344/1601756706
10:19:39.575 [main] INFO  c.x.i.XmapInformationApplication - [logStartupProfileInfo,637] - The following 1 profile is active: "dev"
10:19:42.235 [main] INFO  o.a.c.c.AprLifecycleListener - [log,173] - Loaded Apache Tomcat Native library [1.2.32] using APR version [1.7.0].
10:19:42.235 [main] INFO  o.a.c.c.AprLifecycleListener - [log,173] - APR capabilities: IPv6 [true], sendfile [true], accept filters [false], random [true], UDS [true].
10:19:42.235 [main] INFO  o.a.c.c.AprLifecycleListener - [log,173] - APR/OpenSSL configuration: useAprConnector [false], useOpenSSL [true]
10:19:42.239 [main] INFO  o.a.c.c.AprLifecycleListener - [log,173] - OpenSSL successfully initialized [OpenSSL 1.1.1n  15 Mar 2022]
10:19:42.252 [main] INFO  o.a.c.h.Http11NioProtocol - [log,173] - Initializing ProtocolHandler ["http-nio-9211"]
10:19:42.252 [main] INFO  o.a.c.c.StandardService - [log,173] - Starting service [Tomcat]
10:19:42.253 [main] INFO  o.a.c.c.StandardEngine - [log,173] - Starting Servlet engine: [Apache Tomcat/9.0.70]
10:19:42.423 [main] INFO  o.a.c.c.C.[.[.[/] - [log,173] - Initializing Spring embedded WebApplicationContext
10:19:43.724 [main] INFO  c.a.d.p.DruidDataSource - [init,996] - {dataSource-1,master} inited
10:19:43.724 [main] INFO  c.b.d.d.DynamicRoutingDataSource - [addDataSource,154] - dynamic-datasource - add a datasource named [master] success
10:19:43.725 [main] INFO  c.b.d.d.DynamicRoutingDataSource - [afterPropertiesSet,234] - dynamic-datasource initial loaded [1] datasource,primary datasource named [master]
10:19:45.350 [main] INFO  c.a.c.s.SentinelWebMvcConfigurer - [addInterceptors,52] - [Sentinel Starter] register SentinelWebInterceptor with urlPatterns: [/**].
10:19:51.095 [main] INFO  c.a.n.c.r.client - [lambda$createClient$0,80] - [RpcClientFactory] create a new rpc client of 4cb8cf9c-3369-4e9a-8ac0-fc60a65b987b
10:19:51.095 [main] INFO  c.a.n.c.r.client - [printIfInfoEnabled,60] - [4cb8cf9c-3369-4e9a-8ac0-fc60a65b987b] RpcClient init label, labels = {module=naming, source=sdk}
10:19:51.096 [main] INFO  c.a.n.c.r.client - [printIfInfoEnabled,60] - [4cb8cf9c-3369-4e9a-8ac0-fc60a65b987b] RpcClient init, ServerListFactory = com.alibaba.nacos.client.naming.core.ServerListManager
10:19:51.097 [main] INFO  c.a.n.c.r.client - [printIfInfoEnabled,60] - [4cb8cf9c-3369-4e9a-8ac0-fc60a65b987b] Registry connection listener to current client:com.alibaba.nacos.client.naming.remote.gprc.redo.NamingGrpcRedoService
10:19:51.097 [main] INFO  c.a.n.c.r.client - [printIfInfoEnabled,60] - [4cb8cf9c-3369-4e9a-8ac0-fc60a65b987b] Register server push request handler:com.alibaba.nacos.client.naming.remote.gprc.NamingPushRequestHandler
10:19:51.097 [main] INFO  c.a.n.c.r.client - [printIfInfoEnabled,60] - [4cb8cf9c-3369-4e9a-8ac0-fc60a65b987b] Try to connect to server on start up, server: {serverIp = '127.0.0.1', server main port = 8848}
10:19:51.215 [main] INFO  c.a.n.c.r.client - [printIfInfoEnabled,60] - [4cb8cf9c-3369-4e9a-8ac0-fc60a65b987b] Success to connect to server [127.0.0.1:8848] on start up, connectionId = 1701829191102_127.0.0.1_7090
10:19:51.215 [main] INFO  c.a.n.c.r.client - [printIfInfoEnabled,60] - [4cb8cf9c-3369-4e9a-8ac0-fc60a65b987b] Register server push request handler:com.alibaba.nacos.common.remote.client.RpcClient$ConnectResetRequestHandler
10:19:51.215 [com.alibaba.nacos.client.remote.worker] INFO  c.a.n.c.r.client - [printIfInfoEnabled,60] - [4cb8cf9c-3369-4e9a-8ac0-fc60a65b987b] Notify connected event to listeners.
10:19:51.215 [main] INFO  c.a.n.c.r.client - [printIfInfoEnabled,60] - [4cb8cf9c-3369-4e9a-8ac0-fc60a65b987b] Register server push request handler:com.alibaba.nacos.common.remote.client.RpcClient$$Lambda$344/1601756706
10:19:51.239 [main] INFO  o.a.c.h.Http11NioProtocol - [log,173] - Starting ProtocolHandler ["http-nio-9211"]
10:19:51.265 [main] INFO  c.a.c.n.r.NacosServiceRegistry - [register,75] - nacos registry, DEFAULT_GROUP xmap-information 10.100.60.135:9211 register finished
10:19:51.792 [nacos-grpc-client-executor-6] INFO  c.a.n.c.r.client - [printIfInfoEnabled,60] - [4cb8cf9c-3369-4e9a-8ac0-fc60a65b987b] Receive server push request, request = NotifySubscriberRequest, requestId = 7
10:19:51.798 [nacos-grpc-client-executor-6] INFO  c.a.n.c.r.client - [printIfInfoEnabled,60] - [4cb8cf9c-3369-4e9a-8ac0-fc60a65b987b] Ack server push request, request = NotifySubscriberRequest, requestId = 7
10:19:53.076 [main] INFO  c.x.i.XmapInformationApplication - [logStarted,61] - Started XmapInformationApplication in 19.986 seconds (JVM running for 22.01)
10:19:53.085 [main] INFO  c.a.c.n.r.NacosContextRefresher - [registerNacosListener,129] - [Nacos Config] Listening config: dataId=xmap-information-dev.yml, group=DEFAULT_GROUP
10:19:53.086 [main] INFO  c.a.c.n.r.NacosContextRefresher - [registerNacosListener,129] - [Nacos Config] Listening config: dataId=xmap-information.yml, group=DEFAULT_GROUP
10:19:53.086 [main] INFO  c.a.c.n.r.NacosContextRefresher - [registerNacosListener,129] - [Nacos Config] Listening config: dataId=xmap-information, group=DEFAULT_GROUP
10:19:54.989 [RMI TCP Connection(4)-192.168.137.1] INFO  o.a.c.c.C.[.[.[/] - [log,173] - Initializing Spring DispatcherServlet 'dispatcherServlet'
17:30:50.034 [SpringApplicationShutdownHook] INFO  c.a.c.n.r.NacosServiceRegistry - [deregister,94] - De-registering from Nacos Server now...
17:30:50.040 [SpringApplicationShutdownHook] INFO  c.a.c.n.r.NacosServiceRegistry - [deregister,114] - De-registration finished.
17:30:50.382 [SpringApplicationShutdownHook] INFO  c.a.n.c.r.client - [shutdown,454] - Shutdown rpc client, set status to shutdown
17:30:50.382 [SpringApplicationShutdownHook] INFO  c.a.n.c.r.client - [shutdown,456] - Shutdown client event executor java.util.concurrent.ScheduledThreadPoolExecutor@4546138[Running, pool size = 2, active threads = 2, queued tasks = 0, completed tasks = 0]
17:30:50.383 [SpringApplicationShutdownHook] INFO  c.a.n.c.r.client - [closeConnection,591] - Close current connection 1701829191102_127.0.0.1_7090
17:30:50.385 [nacos-grpc-client-executor-5176] INFO  c.a.n.c.r.c.g.GrpcClient - [printIfInfoEnabled,60] - [1701829191102_127.0.0.1_7090]Ignore complete event,isRunning:false,isAbandon=false
17:30:50.388 [SpringApplicationShutdownHook] INFO  c.a.n.c.r.c.g.GrpcClient - [shutdown,85] - Shutdown grpc executor java.util.concurrent.ThreadPoolExecutor@228419cf[Running, pool size = 5, active threads = 0, queued tasks = 0, completed tasks = 5177]
17:30:50.532 [SpringApplicationShutdownHook] INFO  c.b.d.d.DynamicRoutingDataSource - [destroy,211] - dynamic-datasource start closing ....
17:30:50.560 [SpringApplicationShutdownHook] INFO  c.a.d.p.DruidDataSource - [close,2138] - {dataSource-1} closing ...
17:30:50.564 [SpringApplicationShutdownHook] INFO  c.a.d.p.DruidDataSource - [close,2211] - {dataSource-1} closed
17:30:50.565 [SpringApplicationShutdownHook] INFO  c.b.d.d.DynamicRoutingDataSource - [destroy,215] - dynamic-datasource all closed success,bye
