17:38:20.329 [background-preinit] INFO  o.h.v.i.util.Version - [<clinit>,21] - HV000001: Hibernate Validator 6.2.5.Final
17:38:21.787 [main] INFO  c.a.n.c.r.client - [lambda$createClient$0,80] - [RpcClientFactory] create a new rpc client of 6e3ec520-9d60-45dd-b5bf-400cfd5927e6_config-0
17:38:21.829 [main] INFO  o.r.Reflections - [scan,232] - Reflections took 27 ms to scan 1 urls, producing 3 keys and 6 values 
17:38:21.854 [main] INFO  o.r.Reflections - [scan,232] - Reflections took 12 ms to scan 1 urls, producing 4 keys and 9 values 
17:38:21.872 [main] INFO  o.r.Reflections - [scan,232] - Reflections took 16 ms to scan 1 urls, producing 3 keys and 10 values 
17:38:22.071 [main] INFO  o.r.Reflections - [scan,232] - Reflections took 196 ms to scan 204 urls, producing 0 keys and 0 values 
17:38:22.082 [main] INFO  o.r.Reflections - [scan,232] - Reflections took 9 ms to scan 1 urls, producing 1 keys and 5 values 
17:38:22.093 [main] INFO  o.r.Reflections - [scan,232] - Reflections took 9 ms to scan 1 urls, producing 1 keys and 7 values 
17:38:22.107 [main] INFO  o.r.Reflections - [scan,232] - Reflections took 12 ms to scan 1 urls, producing 2 keys and 8 values 
17:38:22.274 [main] INFO  o.r.Reflections - [scan,232] - Reflections took 164 ms to scan 204 urls, producing 0 keys and 0 values 
17:38:22.275 [main] INFO  c.a.n.c.r.client - [printIfInfoEnabled,60] - [6e3ec520-9d60-45dd-b5bf-400cfd5927e6_config-0] RpcClient init label, labels = {module=config, Vipserver-Tag=null, source=sdk, Amory-Tag=null, Location-Tag=null, taskId=0, AppName=unknown}
17:38:22.276 [main] INFO  c.a.n.c.r.client - [printIfInfoEnabled,60] - [6e3ec520-9d60-45dd-b5bf-400cfd5927e6_config-0] Register server push request handler:com.alibaba.nacos.client.config.impl.ClientWorker$ConfigRpcTransportClient$$Lambda$335/1950136544
17:38:22.277 [main] INFO  c.a.n.c.r.client - [printIfInfoEnabled,60] - [6e3ec520-9d60-45dd-b5bf-400cfd5927e6_config-0] Register server push request handler:com.alibaba.nacos.client.config.impl.ClientWorker$ConfigRpcTransportClient$$Lambda$336/209360730
17:38:22.277 [main] INFO  c.a.n.c.r.client - [printIfInfoEnabled,60] - [6e3ec520-9d60-45dd-b5bf-400cfd5927e6_config-0] Registry connection listener to current client:com.alibaba.nacos.client.config.impl.ClientWorker$ConfigRpcTransportClient$1
17:38:22.278 [main] INFO  c.a.n.c.r.client - [printIfInfoEnabled,60] - [6e3ec520-9d60-45dd-b5bf-400cfd5927e6_config-0] RpcClient init, ServerListFactory = com.alibaba.nacos.client.config.impl.ClientWorker$ConfigRpcTransportClient$2
17:38:22.285 [main] INFO  c.a.n.c.r.client - [printIfInfoEnabled,60] - [6e3ec520-9d60-45dd-b5bf-400cfd5927e6_config-0] Try to connect to server on start up, server: {serverIp = '127.0.0.1', server main port = 8848}
17:38:25.370 [main] INFO  c.a.n.c.r.client - [printIfInfoEnabled,60] - [6e3ec520-9d60-45dd-b5bf-400cfd5927e6_config-0] Success to connect to server [127.0.0.1:8848] on start up, connectionId = 1700732305103_127.0.0.1_3561
17:38:25.370 [com.alibaba.nacos.client.remote.worker] INFO  c.a.n.c.r.client - [printIfInfoEnabled,60] - [6e3ec520-9d60-45dd-b5bf-400cfd5927e6_config-0] Notify connected event to listeners.
17:38:25.371 [main] INFO  c.a.n.c.r.client - [printIfInfoEnabled,60] - [6e3ec520-9d60-45dd-b5bf-400cfd5927e6_config-0] Register server push request handler:com.alibaba.nacos.common.remote.client.RpcClient$ConnectResetRequestHandler
17:38:25.371 [main] INFO  c.a.n.c.r.client - [printIfInfoEnabled,60] - [6e3ec520-9d60-45dd-b5bf-400cfd5927e6_config-0] Register server push request handler:com.alibaba.nacos.common.remote.client.RpcClient$$Lambda$344/1601756706
17:38:25.526 [main] INFO  c.x.i.XmapInformationApplication - [logStartupProfileInfo,637] - The following 1 profile is active: "dev"
17:38:28.020 [main] INFO  o.a.c.c.AprLifecycleListener - [log,173] - Loaded Apache Tomcat Native library [1.2.32] using APR version [1.7.0].
17:38:28.020 [main] INFO  o.a.c.c.AprLifecycleListener - [log,173] - APR capabilities: IPv6 [true], sendfile [true], accept filters [false], random [true], UDS [true].
17:38:28.020 [main] INFO  o.a.c.c.AprLifecycleListener - [log,173] - APR/OpenSSL configuration: useAprConnector [false], useOpenSSL [true]
17:38:28.024 [main] INFO  o.a.c.c.AprLifecycleListener - [log,173] - OpenSSL successfully initialized [OpenSSL 1.1.1n  15 Mar 2022]
17:38:28.036 [main] INFO  o.a.c.h.Http11NioProtocol - [log,173] - Initializing ProtocolHandler ["http-nio-9211"]
17:38:28.037 [main] INFO  o.a.c.c.StandardService - [log,173] - Starting service [Tomcat]
17:38:28.037 [main] INFO  o.a.c.c.StandardEngine - [log,173] - Starting Servlet engine: [Apache Tomcat/9.0.70]
17:38:28.212 [main] INFO  o.a.c.c.C.[.[.[/] - [log,173] - Initializing Spring embedded WebApplicationContext
17:38:29.643 [main] INFO  c.a.d.p.DruidDataSource - [init,996] - {dataSource-1,master} inited
17:38:29.644 [main] INFO  c.b.d.d.DynamicRoutingDataSource - [addDataSource,154] - dynamic-datasource - add a datasource named [master] success
17:38:29.645 [main] INFO  c.b.d.d.DynamicRoutingDataSource - [afterPropertiesSet,234] - dynamic-datasource initial loaded [1] datasource,primary datasource named [master]
17:38:31.173 [main] INFO  c.a.c.s.SentinelWebMvcConfigurer - [addInterceptors,52] - [Sentinel Starter] register SentinelWebInterceptor with urlPatterns: [/**].
17:38:35.210 [main] INFO  c.a.n.c.r.client - [lambda$createClient$0,80] - [RpcClientFactory] create a new rpc client of 310613f1-0783-4f98-b3e1-ccc903a97bb1
17:38:35.210 [main] INFO  c.a.n.c.r.client - [printIfInfoEnabled,60] - [310613f1-0783-4f98-b3e1-ccc903a97bb1] RpcClient init label, labels = {module=naming, source=sdk}
17:38:35.211 [main] INFO  c.a.n.c.r.client - [printIfInfoEnabled,60] - [310613f1-0783-4f98-b3e1-ccc903a97bb1] RpcClient init, ServerListFactory = com.alibaba.nacos.client.naming.core.ServerListManager
17:38:35.211 [main] INFO  c.a.n.c.r.client - [printIfInfoEnabled,60] - [310613f1-0783-4f98-b3e1-ccc903a97bb1] Registry connection listener to current client:com.alibaba.nacos.client.naming.remote.gprc.redo.NamingGrpcRedoService
17:38:35.211 [main] INFO  c.a.n.c.r.client - [printIfInfoEnabled,60] - [310613f1-0783-4f98-b3e1-ccc903a97bb1] Register server push request handler:com.alibaba.nacos.client.naming.remote.gprc.NamingPushRequestHandler
17:38:35.212 [main] INFO  c.a.n.c.r.client - [printIfInfoEnabled,60] - [310613f1-0783-4f98-b3e1-ccc903a97bb1] Try to connect to server on start up, server: {serverIp = '127.0.0.1', server main port = 8848}
17:38:35.330 [main] INFO  c.a.n.c.r.client - [printIfInfoEnabled,60] - [310613f1-0783-4f98-b3e1-ccc903a97bb1] Success to connect to server [127.0.0.1:8848] on start up, connectionId = 1700732315216_127.0.0.1_3581
17:38:35.330 [main] INFO  c.a.n.c.r.client - [printIfInfoEnabled,60] - [310613f1-0783-4f98-b3e1-ccc903a97bb1] Register server push request handler:com.alibaba.nacos.common.remote.client.RpcClient$ConnectResetRequestHandler
17:38:35.330 [com.alibaba.nacos.client.remote.worker] INFO  c.a.n.c.r.client - [printIfInfoEnabled,60] - [310613f1-0783-4f98-b3e1-ccc903a97bb1] Notify connected event to listeners.
17:38:35.330 [main] INFO  c.a.n.c.r.client - [printIfInfoEnabled,60] - [310613f1-0783-4f98-b3e1-ccc903a97bb1] Register server push request handler:com.alibaba.nacos.common.remote.client.RpcClient$$Lambda$344/1601756706
17:38:35.365 [main] INFO  o.a.c.h.Http11NioProtocol - [log,173] - Starting ProtocolHandler ["http-nio-9211"]
17:38:35.395 [main] INFO  c.a.c.n.r.NacosServiceRegistry - [register,75] - nacos registry, DEFAULT_GROUP xmap-information 10.100.60.135:9211 register finished
17:38:35.910 [nacos-grpc-client-executor-5] INFO  c.a.n.c.r.client - [printIfInfoEnabled,60] - [310613f1-0783-4f98-b3e1-ccc903a97bb1] Receive server push request, request = NotifySubscriberRequest, requestId = 23
17:38:35.914 [nacos-grpc-client-executor-5] INFO  c.a.n.c.r.client - [printIfInfoEnabled,60] - [310613f1-0783-4f98-b3e1-ccc903a97bb1] Ack server push request, request = NotifySubscriberRequest, requestId = 23
17:38:37.144 [main] INFO  c.x.i.XmapInformationApplication - [logStarted,61] - Started XmapInformationApplication in 18.278 seconds (JVM running for 20.396)
17:38:37.154 [main] INFO  c.a.c.n.r.NacosContextRefresher - [registerNacosListener,129] - [Nacos Config] Listening config: dataId=xmap-information-dev.yml, group=DEFAULT_GROUP
17:38:37.155 [main] INFO  c.a.c.n.r.NacosContextRefresher - [registerNacosListener,129] - [Nacos Config] Listening config: dataId=xmap-information.yml, group=DEFAULT_GROUP
17:38:37.155 [main] INFO  c.a.c.n.r.NacosContextRefresher - [registerNacosListener,129] - [Nacos Config] Listening config: dataId=xmap-information, group=DEFAULT_GROUP
17:38:37.875 [RMI TCP Connection(3)-192.168.137.1] INFO  o.a.c.c.C.[.[.[/] - [log,173] - Initializing Spring DispatcherServlet 'dispatcherServlet'
