09:32:55.016 [background-preinit] INFO  o.h.v.i.util.Version - [<clinit>,21] - HV000001: Hibernate Validator 6.2.5.Final
09:32:56.918 [main] INFO  c.a.n.c.r.client - [lambda$createClient$0,80] - [RpcClientFactory] create a new rpc client of 880834eb-1106-45ea-9c44-537e53bfc1a8_config-0
09:32:56.965 [main] INFO  o.r.Reflections - [scan,232] - Reflections took 29 ms to scan 1 urls, producing 3 keys and 6 values 
09:32:56.994 [main] INFO  o.r.Reflections - [scan,232] - Reflections took 14 ms to scan 1 urls, producing 4 keys and 9 values 
09:32:57.009 [main] INFO  o.r.Reflections - [scan,232] - Reflections took 12 ms to scan 1 urls, producing 3 keys and 10 values 
09:32:57.253 [main] INFO  o.r.Reflections - [scan,232] - Reflections took 240 ms to scan 199 urls, producing 0 keys and 0 values 
09:32:57.271 [main] INFO  o.r.Reflections - [scan,232] - Reflections took 16 ms to scan 1 urls, producing 1 keys and 5 values 
09:32:57.290 [main] INFO  o.r.Reflections - [scan,232] - Reflections took 16 ms to scan 1 urls, producing 1 keys and 7 values 
09:32:57.321 [main] INFO  o.r.Reflections - [scan,232] - Reflections took 28 ms to scan 1 urls, producing 2 keys and 8 values 
09:32:57.566 [main] INFO  o.r.Reflections - [scan,232] - Reflections took 241 ms to scan 199 urls, producing 0 keys and 0 values 
09:32:57.567 [main] INFO  c.a.n.c.r.client - [printIfInfoEnabled,60] - [880834eb-1106-45ea-9c44-537e53bfc1a8_config-0] RpcClient init label, labels = {module=config, Vipserver-Tag=null, source=sdk, Amory-Tag=null, Location-Tag=null, taskId=0, AppName=unknown}
09:32:57.568 [main] INFO  c.a.n.c.r.client - [printIfInfoEnabled,60] - [880834eb-1106-45ea-9c44-537e53bfc1a8_config-0] Register server push request handler:com.alibaba.nacos.client.config.impl.ClientWorker$ConfigRpcTransportClient$$Lambda$335/1752535057
09:32:57.568 [main] INFO  c.a.n.c.r.client - [printIfInfoEnabled,60] - [880834eb-1106-45ea-9c44-537e53bfc1a8_config-0] Register server push request handler:com.alibaba.nacos.client.config.impl.ClientWorker$ConfigRpcTransportClient$$Lambda$336/2116299597
09:32:57.569 [main] INFO  c.a.n.c.r.client - [printIfInfoEnabled,60] - [880834eb-1106-45ea-9c44-537e53bfc1a8_config-0] Registry connection listener to current client:com.alibaba.nacos.client.config.impl.ClientWorker$ConfigRpcTransportClient$1
09:32:57.569 [main] INFO  c.a.n.c.r.client - [printIfInfoEnabled,60] - [880834eb-1106-45ea-9c44-537e53bfc1a8_config-0] RpcClient init, ServerListFactory = com.alibaba.nacos.client.config.impl.ClientWorker$ConfigRpcTransportClient$2
09:32:57.578 [main] INFO  c.a.n.c.r.client - [printIfInfoEnabled,60] - [880834eb-1106-45ea-9c44-537e53bfc1a8_config-0] Try to connect to server on start up, server: {serverIp = '127.0.0.1', server main port = 8848}
09:33:02.486 [main] INFO  c.a.n.c.r.client - [printIfInfoEnabled,60] - [880834eb-1106-45ea-9c44-537e53bfc1a8_config-0] Try to connect to server on start up, server: {serverIp = '127.0.0.1', server main port = 8848}
09:33:03.630 [main] INFO  c.a.n.c.r.client - [printIfInfoEnabled,60] - [880834eb-1106-45ea-9c44-537e53bfc1a8_config-0] Success to connect to server [127.0.0.1:8848] on start up, connectionId = 1700530383356_127.0.0.1_11371
09:33:03.631 [com.alibaba.nacos.client.remote.worker] INFO  c.a.n.c.r.client - [printIfInfoEnabled,60] - [880834eb-1106-45ea-9c44-537e53bfc1a8_config-0] Notify connected event to listeners.
09:33:03.632 [main] INFO  c.a.n.c.r.client - [printIfInfoEnabled,60] - [880834eb-1106-45ea-9c44-537e53bfc1a8_config-0] Register server push request handler:com.alibaba.nacos.common.remote.client.RpcClient$ConnectResetRequestHandler
09:33:03.633 [main] INFO  c.a.n.c.r.client - [printIfInfoEnabled,60] - [880834eb-1106-45ea-9c44-537e53bfc1a8_config-0] Register server push request handler:com.alibaba.nacos.common.remote.client.RpcClient$$Lambda$344/440472115
09:33:03.731 [main] INFO  c.x.i.XmapInformationApplication - [logStartupProfileInfo,637] - The following 1 profile is active: "dev"
09:33:07.193 [main] INFO  o.a.c.c.AprLifecycleListener - [log,173] - Loaded Apache Tomcat Native library [1.2.32] using APR version [1.7.0].
09:33:07.193 [main] INFO  o.a.c.c.AprLifecycleListener - [log,173] - APR capabilities: IPv6 [true], sendfile [true], accept filters [false], random [true], UDS [true].
09:33:07.193 [main] INFO  o.a.c.c.AprLifecycleListener - [log,173] - APR/OpenSSL configuration: useAprConnector [false], useOpenSSL [true]
09:33:07.197 [main] INFO  o.a.c.c.AprLifecycleListener - [log,173] - OpenSSL successfully initialized [OpenSSL 1.1.1n  15 Mar 2022]
09:33:07.211 [main] INFO  o.a.c.h.Http11NioProtocol - [log,173] - Initializing ProtocolHandler ["http-nio-9211"]
09:33:07.212 [main] INFO  o.a.c.c.StandardService - [log,173] - Starting service [Tomcat]
09:33:07.212 [main] INFO  o.a.c.c.StandardEngine - [log,173] - Starting Servlet engine: [Apache Tomcat/9.0.70]
09:33:07.407 [main] INFO  o.a.c.c.C.[.[.[/] - [log,173] - Initializing Spring embedded WebApplicationContext
09:33:11.756 [main] INFO  c.a.d.p.DruidDataSource - [init,996] - {dataSource-1,master} inited
09:33:11.759 [main] INFO  c.b.d.d.DynamicRoutingDataSource - [addDataSource,154] - dynamic-datasource - add a datasource named [master] success
09:33:11.759 [main] INFO  c.b.d.d.DynamicRoutingDataSource - [afterPropertiesSet,234] - dynamic-datasource initial loaded [1] datasource,primary datasource named [master]
09:33:17.971 [main] INFO  c.a.c.s.SentinelWebMvcConfigurer - [addInterceptors,52] - [Sentinel Starter] register SentinelWebInterceptor with urlPatterns: [/**].
09:33:25.704 [main] INFO  c.a.n.c.r.client - [lambda$createClient$0,80] - [RpcClientFactory] create a new rpc client of c48bce04-7d90-4204-9f1f-043ba5eb8a31
09:33:25.704 [main] INFO  c.a.n.c.r.client - [printIfInfoEnabled,60] - [c48bce04-7d90-4204-9f1f-043ba5eb8a31] RpcClient init label, labels = {module=naming, source=sdk}
09:33:25.706 [main] INFO  c.a.n.c.r.client - [printIfInfoEnabled,60] - [c48bce04-7d90-4204-9f1f-043ba5eb8a31] RpcClient init, ServerListFactory = com.alibaba.nacos.client.naming.core.ServerListManager
09:33:25.706 [main] INFO  c.a.n.c.r.client - [printIfInfoEnabled,60] - [c48bce04-7d90-4204-9f1f-043ba5eb8a31] Registry connection listener to current client:com.alibaba.nacos.client.naming.remote.gprc.redo.NamingGrpcRedoService
09:33:25.707 [main] INFO  c.a.n.c.r.client - [printIfInfoEnabled,60] - [c48bce04-7d90-4204-9f1f-043ba5eb8a31] Register server push request handler:com.alibaba.nacos.client.naming.remote.gprc.NamingPushRequestHandler
09:33:25.707 [main] INFO  c.a.n.c.r.client - [printIfInfoEnabled,60] - [c48bce04-7d90-4204-9f1f-043ba5eb8a31] Try to connect to server on start up, server: {serverIp = '127.0.0.1', server main port = 8848}
09:33:25.835 [main] INFO  c.a.n.c.r.client - [printIfInfoEnabled,60] - [c48bce04-7d90-4204-9f1f-043ba5eb8a31] Success to connect to server [127.0.0.1:8848] on start up, connectionId = 1700530405722_127.0.0.1_11545
09:33:25.835 [main] INFO  c.a.n.c.r.client - [printIfInfoEnabled,60] - [c48bce04-7d90-4204-9f1f-043ba5eb8a31] Register server push request handler:com.alibaba.nacos.common.remote.client.RpcClient$ConnectResetRequestHandler
09:33:25.835 [com.alibaba.nacos.client.remote.worker] INFO  c.a.n.c.r.client - [printIfInfoEnabled,60] - [c48bce04-7d90-4204-9f1f-043ba5eb8a31] Notify connected event to listeners.
09:33:25.835 [main] INFO  c.a.n.c.r.client - [printIfInfoEnabled,60] - [c48bce04-7d90-4204-9f1f-043ba5eb8a31] Register server push request handler:com.alibaba.nacos.common.remote.client.RpcClient$$Lambda$344/440472115
09:33:25.890 [main] INFO  o.a.c.h.Http11NioProtocol - [log,173] - Starting ProtocolHandler ["http-nio-9211"]
09:33:25.968 [main] INFO  c.a.c.n.r.NacosServiceRegistry - [register,75] - nacos registry, DEFAULT_GROUP xmap-information 10.100.60.135:9211 register finished
09:33:26.415 [nacos-grpc-client-executor-9] INFO  c.a.n.c.r.client - [printIfInfoEnabled,60] - [c48bce04-7d90-4204-9f1f-043ba5eb8a31] Receive server push request, request = NotifySubscriberRequest, requestId = 6
09:33:26.422 [nacos-grpc-client-executor-9] INFO  c.a.n.c.r.client - [printIfInfoEnabled,60] - [c48bce04-7d90-4204-9f1f-043ba5eb8a31] Ack server push request, request = NotifySubscriberRequest, requestId = 6
09:33:29.378 [main] INFO  c.x.i.XmapInformationApplication - [logStarted,61] - Started XmapInformationApplication in 37.012 seconds (JVM running for 40.336)
09:33:29.401 [main] INFO  c.a.c.n.r.NacosContextRefresher - [registerNacosListener,129] - [Nacos Config] Listening config: dataId=xmap-information-dev.yml, group=DEFAULT_GROUP
09:33:29.403 [main] INFO  c.a.c.n.r.NacosContextRefresher - [registerNacosListener,129] - [Nacos Config] Listening config: dataId=xmap-information.yml, group=DEFAULT_GROUP
09:33:29.403 [main] INFO  c.a.c.n.r.NacosContextRefresher - [registerNacosListener,129] - [Nacos Config] Listening config: dataId=xmap-information, group=DEFAULT_GROUP
09:33:31.151 [RMI TCP Connection(11)-192.168.137.1] INFO  o.a.c.c.C.[.[.[/] - [log,173] - Initializing Spring DispatcherServlet 'dispatcherServlet'
11:34:03.266 [nacos-grpc-client-executor-1461] INFO  c.a.n.c.r.client - [printIfInfoEnabled,60] - [c48bce04-7d90-4204-9f1f-043ba5eb8a31] Receive server push request, request = NotifySubscriberRequest, requestId = 12
11:34:03.267 [nacos-grpc-client-executor-1461] INFO  c.a.n.c.r.client - [printIfInfoEnabled,60] - [c48bce04-7d90-4204-9f1f-043ba5eb8a31] Ack server push request, request = NotifySubscriberRequest, requestId = 12
11:36:54.867 [SpringApplicationShutdownHook] INFO  c.a.c.n.r.NacosServiceRegistry - [deregister,94] - De-registering from Nacos Server now...
11:36:54.871 [SpringApplicationShutdownHook] INFO  c.a.c.n.r.NacosServiceRegistry - [deregister,114] - De-registration finished.
11:36:55.216 [SpringApplicationShutdownHook] INFO  c.a.n.c.r.client - [shutdown,454] - Shutdown rpc client, set status to shutdown
11:36:55.217 [SpringApplicationShutdownHook] INFO  c.a.n.c.r.client - [shutdown,456] - Shutdown client event executor java.util.concurrent.ScheduledThreadPoolExecutor@17821f71[Running, pool size = 2, active threads = 2, queued tasks = 0, completed tasks = 0]
11:36:55.217 [SpringApplicationShutdownHook] INFO  c.a.n.c.r.client - [closeConnection,591] - Close current connection 1700530405722_127.0.0.1_11545
11:36:55.217 [SpringApplicationShutdownHook] INFO  c.a.n.c.r.c.g.GrpcClient - [shutdown,85] - Shutdown grpc executor java.util.concurrent.ThreadPoolExecutor@4899830d[Running, pool size = 3, active threads = 0, queued tasks = 0, completed tasks = 1498]
11:36:55.378 [SpringApplicationShutdownHook] INFO  c.b.d.d.DynamicRoutingDataSource - [destroy,211] - dynamic-datasource start closing ....
11:36:55.382 [SpringApplicationShutdownHook] INFO  c.a.d.p.DruidDataSource - [close,2138] - {dataSource-1} closing ...
11:36:55.394 [SpringApplicationShutdownHook] INFO  c.a.d.p.DruidDataSource - [close,2211] - {dataSource-1} closed
11:36:55.395 [SpringApplicationShutdownHook] INFO  c.b.d.d.DynamicRoutingDataSource - [destroy,215] - dynamic-datasource all closed success,bye
14:55:38.141 [background-preinit] INFO  o.h.v.i.util.Version - [<clinit>,21] - HV000001: Hibernate Validator 6.2.5.Final
14:55:39.712 [main] INFO  c.a.n.c.r.client - [lambda$createClient$0,80] - [RpcClientFactory] create a new rpc client of e2baa046-d2af-45d0-adec-aea044d6960f_config-0
14:55:39.778 [main] INFO  o.r.Reflections - [scan,232] - Reflections took 43 ms to scan 1 urls, producing 3 keys and 6 values 
14:55:39.804 [main] INFO  o.r.Reflections - [scan,232] - Reflections took 11 ms to scan 1 urls, producing 4 keys and 9 values 
14:55:39.813 [main] INFO  o.r.Reflections - [scan,232] - Reflections took 8 ms to scan 1 urls, producing 3 keys and 10 values 
14:55:39.906 [main] INFO  o.r.Reflections - [scan,232] - Reflections took 92 ms to scan 199 urls, producing 0 keys and 0 values 
14:55:39.910 [main] INFO  o.r.Reflections - [scan,232] - Reflections took 4 ms to scan 1 urls, producing 1 keys and 5 values 
14:55:39.917 [main] INFO  o.r.Reflections - [scan,232] - Reflections took 4 ms to scan 1 urls, producing 1 keys and 7 values 
14:55:39.928 [main] INFO  o.r.Reflections - [scan,232] - Reflections took 9 ms to scan 1 urls, producing 2 keys and 8 values 
14:55:39.996 [main] INFO  o.r.Reflections - [scan,232] - Reflections took 67 ms to scan 199 urls, producing 0 keys and 0 values 
14:55:39.997 [main] INFO  c.a.n.c.r.client - [printIfInfoEnabled,60] - [e2baa046-d2af-45d0-adec-aea044d6960f_config-0] RpcClient init label, labels = {module=config, Vipserver-Tag=null, source=sdk, Amory-Tag=null, Location-Tag=null, taskId=0, AppName=unknown}
14:55:39.997 [main] INFO  c.a.n.c.r.client - [printIfInfoEnabled,60] - [e2baa046-d2af-45d0-adec-aea044d6960f_config-0] Register server push request handler:com.alibaba.nacos.client.config.impl.ClientWorker$ConfigRpcTransportClient$$Lambda$328/328197868
14:55:39.997 [main] INFO  c.a.n.c.r.client - [printIfInfoEnabled,60] - [e2baa046-d2af-45d0-adec-aea044d6960f_config-0] Register server push request handler:com.alibaba.nacos.client.config.impl.ClientWorker$ConfigRpcTransportClient$$Lambda$329/1584918772
14:55:39.999 [main] INFO  c.a.n.c.r.client - [printIfInfoEnabled,60] - [e2baa046-d2af-45d0-adec-aea044d6960f_config-0] Registry connection listener to current client:com.alibaba.nacos.client.config.impl.ClientWorker$ConfigRpcTransportClient$1
14:55:39.999 [main] INFO  c.a.n.c.r.client - [printIfInfoEnabled,60] - [e2baa046-d2af-45d0-adec-aea044d6960f_config-0] RpcClient init, ServerListFactory = com.alibaba.nacos.client.config.impl.ClientWorker$ConfigRpcTransportClient$2
14:55:40.003 [main] INFO  c.a.n.c.r.client - [printIfInfoEnabled,60] - [e2baa046-d2af-45d0-adec-aea044d6960f_config-0] Try to connect to server on start up, server: {serverIp = '127.0.0.1', server main port = 8848}
14:55:40.769 [main] INFO  c.a.n.c.r.client - [printIfInfoEnabled,60] - [e2baa046-d2af-45d0-adec-aea044d6960f_config-0] Success to connect to server [127.0.0.1:8848] on start up, connectionId = 1700549740608_127.0.0.1_53120
14:55:40.771 [com.alibaba.nacos.client.remote.worker] INFO  c.a.n.c.r.client - [printIfInfoEnabled,60] - [e2baa046-d2af-45d0-adec-aea044d6960f_config-0] Notify connected event to listeners.
14:55:40.772 [main] INFO  c.a.n.c.r.client - [printIfInfoEnabled,60] - [e2baa046-d2af-45d0-adec-aea044d6960f_config-0] Register server push request handler:com.alibaba.nacos.common.remote.client.RpcClient$ConnectResetRequestHandler
14:55:40.773 [main] INFO  c.a.n.c.r.client - [printIfInfoEnabled,60] - [e2baa046-d2af-45d0-adec-aea044d6960f_config-0] Register server push request handler:com.alibaba.nacos.common.remote.client.RpcClient$$Lambda$338/424209001
14:55:40.833 [main] INFO  c.x.i.XmapInformationApplication - [logStartupProfileInfo,637] - The following 1 profile is active: "dev"
14:55:43.061 [main] INFO  o.a.c.h.Http11NioProtocol - [log,173] - Initializing ProtocolHandler ["http-nio-9211"]
14:55:43.062 [main] INFO  o.a.c.c.StandardService - [log,173] - Starting service [Tomcat]
14:55:43.063 [main] INFO  o.a.c.c.StandardEngine - [log,173] - Starting Servlet engine: [Apache Tomcat/9.0.70]
14:55:43.343 [main] INFO  o.a.c.c.C.[.[.[/] - [log,173] - Initializing Spring embedded WebApplicationContext
14:55:43.834 [main] INFO  c.a.d.p.DruidDataSource - [init,996] - {dataSource-1,master} inited
14:55:43.834 [main] INFO  c.b.d.d.DynamicRoutingDataSource - [addDataSource,154] - dynamic-datasource - add a datasource named [master] success
14:55:43.835 [main] INFO  c.b.d.d.DynamicRoutingDataSource - [afterPropertiesSet,234] - dynamic-datasource initial loaded [1] datasource,primary datasource named [master]
14:55:45.215 [main] INFO  c.a.c.s.SentinelWebMvcConfigurer - [addInterceptors,52] - [Sentinel Starter] register SentinelWebInterceptor with urlPatterns: [/**].
14:55:48.870 [main] INFO  c.a.n.c.r.client - [lambda$createClient$0,80] - [RpcClientFactory] create a new rpc client of c0b5e0e0-83cc-4ba4-898d-739aaf70beac
14:55:48.870 [main] INFO  c.a.n.c.r.client - [printIfInfoEnabled,60] - [c0b5e0e0-83cc-4ba4-898d-739aaf70beac] RpcClient init label, labels = {module=naming, source=sdk}
14:55:48.871 [main] INFO  c.a.n.c.r.client - [printIfInfoEnabled,60] - [c0b5e0e0-83cc-4ba4-898d-739aaf70beac] RpcClient init, ServerListFactory = com.alibaba.nacos.client.naming.core.ServerListManager
14:55:48.871 [main] INFO  c.a.n.c.r.client - [printIfInfoEnabled,60] - [c0b5e0e0-83cc-4ba4-898d-739aaf70beac] Registry connection listener to current client:com.alibaba.nacos.client.naming.remote.gprc.redo.NamingGrpcRedoService
14:55:48.871 [main] INFO  c.a.n.c.r.client - [printIfInfoEnabled,60] - [c0b5e0e0-83cc-4ba4-898d-739aaf70beac] Register server push request handler:com.alibaba.nacos.client.naming.remote.gprc.NamingPushRequestHandler
14:55:48.871 [main] INFO  c.a.n.c.r.client - [printIfInfoEnabled,60] - [c0b5e0e0-83cc-4ba4-898d-739aaf70beac] Try to connect to server on start up, server: {serverIp = '127.0.0.1', server main port = 8848}
14:55:48.990 [main] INFO  c.a.n.c.r.client - [printIfInfoEnabled,60] - [c0b5e0e0-83cc-4ba4-898d-739aaf70beac] Success to connect to server [127.0.0.1:8848] on start up, connectionId = 1700549748875_127.0.0.1_53129
14:55:48.992 [main] INFO  c.a.n.c.r.client - [printIfInfoEnabled,60] - [c0b5e0e0-83cc-4ba4-898d-739aaf70beac] Register server push request handler:com.alibaba.nacos.common.remote.client.RpcClient$ConnectResetRequestHandler
14:55:48.993 [com.alibaba.nacos.client.remote.worker] INFO  c.a.n.c.r.client - [printIfInfoEnabled,60] - [c0b5e0e0-83cc-4ba4-898d-739aaf70beac] Notify connected event to listeners.
14:55:48.993 [main] INFO  c.a.n.c.r.client - [printIfInfoEnabled,60] - [c0b5e0e0-83cc-4ba4-898d-739aaf70beac] Register server push request handler:com.alibaba.nacos.common.remote.client.RpcClient$$Lambda$338/424209001
14:55:49.027 [main] INFO  o.a.c.h.Http11NioProtocol - [log,173] - Starting ProtocolHandler ["http-nio-9211"]
14:55:49.044 [main] INFO  c.a.c.n.r.NacosServiceRegistry - [register,75] - nacos registry, DEFAULT_GROUP xmap-information 10.100.62.210:9211 register finished
14:55:49.577 [nacos-grpc-client-executor-6] INFO  c.a.n.c.r.client - [printIfInfoEnabled,60] - [c0b5e0e0-83cc-4ba4-898d-739aaf70beac] Receive server push request, request = NotifySubscriberRequest, requestId = 16
14:55:49.583 [nacos-grpc-client-executor-6] INFO  c.a.n.c.r.client - [printIfInfoEnabled,60] - [c0b5e0e0-83cc-4ba4-898d-739aaf70beac] Ack server push request, request = NotifySubscriberRequest, requestId = 16
14:55:50.771 [main] INFO  c.x.i.XmapInformationApplication - [logStarted,61] - Started XmapInformationApplication in 14.149 seconds (JVM running for 14.593)
14:55:50.785 [main] INFO  c.a.c.n.r.NacosContextRefresher - [registerNacosListener,129] - [Nacos Config] Listening config: dataId=xmap-information-dev.yml, group=DEFAULT_GROUP
14:55:50.787 [main] INFO  c.a.c.n.r.NacosContextRefresher - [registerNacosListener,129] - [Nacos Config] Listening config: dataId=xmap-information.yml, group=DEFAULT_GROUP
14:55:50.788 [main] INFO  c.a.c.n.r.NacosContextRefresher - [registerNacosListener,129] - [Nacos Config] Listening config: dataId=xmap-information, group=DEFAULT_GROUP
15:01:48.355 [http-nio-9211-exec-1] INFO  o.a.c.c.C.[.[.[/] - [log,173] - Initializing Spring DispatcherServlet 'dispatcherServlet'
15:26:26.403 [SpringApplicationShutdownHook] INFO  c.a.c.n.r.NacosServiceRegistry - [deregister,94] - De-registering from Nacos Server now...
15:26:26.405 [SpringApplicationShutdownHook] INFO  c.a.c.n.r.NacosServiceRegistry - [deregister,114] - De-registration finished.
15:26:26.730 [SpringApplicationShutdownHook] INFO  c.a.n.c.r.client - [shutdown,454] - Shutdown rpc client, set status to shutdown
15:26:26.730 [SpringApplicationShutdownHook] INFO  c.a.n.c.r.client - [shutdown,456] - Shutdown client event executor java.util.concurrent.ScheduledThreadPoolExecutor@530a589f[Running, pool size = 2, active threads = 2, queued tasks = 0, completed tasks = 0]
15:26:26.730 [SpringApplicationShutdownHook] INFO  c.a.n.c.r.client - [closeConnection,591] - Close current connection 1700549748875_127.0.0.1_53129
15:26:26.731 [nacos-grpc-client-executor-387] INFO  c.a.n.c.r.c.g.GrpcClient - [printIfInfoEnabled,60] - [1700549748875_127.0.0.1_53129]Ignore complete event,isRunning:false,isAbandon=false
15:26:26.738 [SpringApplicationShutdownHook] INFO  c.a.n.c.r.c.g.GrpcClient - [shutdown,85] - Shutdown grpc executor java.util.concurrent.ThreadPoolExecutor@70cf7602[Running, pool size = 5, active threads = 0, queued tasks = 0, completed tasks = 388]
15:26:26.968 [SpringApplicationShutdownHook] INFO  c.b.d.d.DynamicRoutingDataSource - [destroy,211] - dynamic-datasource start closing ....
15:26:26.971 [SpringApplicationShutdownHook] INFO  c.a.d.p.DruidDataSource - [close,2138] - {dataSource-1} closing ...
15:26:26.981 [SpringApplicationShutdownHook] INFO  c.a.d.p.DruidDataSource - [close,2211] - {dataSource-1} closed
15:26:26.982 [SpringApplicationShutdownHook] INFO  c.b.d.d.DynamicRoutingDataSource - [destroy,215] - dynamic-datasource all closed success,bye
16:14:36.527 [background-preinit] INFO  o.h.v.i.util.Version - [<clinit>,21] - HV000001: Hibernate Validator 6.2.5.Final
16:14:37.392 [background-preinit] INFO  o.h.v.i.util.Version - [<clinit>,21] - HV000001: Hibernate Validator 6.2.5.Final
16:14:38.179 [main] INFO  c.a.n.c.r.client - [lambda$createClient$0,80] - [RpcClientFactory] create a new rpc client of b96a6171-ecd9-44aa-a8a1-0b2949c5d751_config-0
16:14:38.271 [main] INFO  o.r.Reflections - [scan,232] - Reflections took 58 ms to scan 1 urls, producing 3 keys and 6 values 
16:14:38.314 [main] INFO  o.r.Reflections - [scan,232] - Reflections took 25 ms to scan 1 urls, producing 4 keys and 9 values 
16:14:38.328 [main] INFO  o.r.Reflections - [scan,232] - Reflections took 12 ms to scan 1 urls, producing 3 keys and 10 values 
16:14:38.434 [main] INFO  o.r.Reflections - [scan,232] - Reflections took 104 ms to scan 205 urls, producing 0 keys and 0 values 
16:14:38.440 [main] INFO  o.r.Reflections - [scan,232] - Reflections took 5 ms to scan 1 urls, producing 1 keys and 5 values 
16:14:38.447 [main] INFO  o.r.Reflections - [scan,232] - Reflections took 6 ms to scan 1 urls, producing 1 keys and 7 values 
16:14:38.453 [main] INFO  o.r.Reflections - [scan,232] - Reflections took 5 ms to scan 1 urls, producing 2 keys and 8 values 
16:14:38.524 [main] INFO  o.r.Reflections - [scan,232] - Reflections took 70 ms to scan 205 urls, producing 0 keys and 0 values 
16:14:38.525 [main] INFO  c.a.n.c.r.client - [printIfInfoEnabled,60] - [b96a6171-ecd9-44aa-a8a1-0b2949c5d751_config-0] RpcClient init label, labels = {module=config, Vipserver-Tag=null, source=sdk, Amory-Tag=null, Location-Tag=null, taskId=0, AppName=unknown}
16:14:38.525 [main] INFO  c.a.n.c.r.client - [printIfInfoEnabled,60] - [b96a6171-ecd9-44aa-a8a1-0b2949c5d751_config-0] Register server push request handler:com.alibaba.nacos.client.config.impl.ClientWorker$ConfigRpcTransportClient$$Lambda$328/780172372
16:14:38.525 [main] INFO  c.a.n.c.r.client - [printIfInfoEnabled,60] - [b96a6171-ecd9-44aa-a8a1-0b2949c5d751_config-0] Register server push request handler:com.alibaba.nacos.client.config.impl.ClientWorker$ConfigRpcTransportClient$$Lambda$329/1825662118
16:14:38.527 [main] INFO  c.a.n.c.r.client - [printIfInfoEnabled,60] - [b96a6171-ecd9-44aa-a8a1-0b2949c5d751_config-0] Registry connection listener to current client:com.alibaba.nacos.client.config.impl.ClientWorker$ConfigRpcTransportClient$1
16:14:38.527 [main] INFO  c.a.n.c.r.client - [printIfInfoEnabled,60] - [b96a6171-ecd9-44aa-a8a1-0b2949c5d751_config-0] RpcClient init, ServerListFactory = com.alibaba.nacos.client.config.impl.ClientWorker$ConfigRpcTransportClient$2
16:14:38.531 [main] INFO  c.a.n.c.r.client - [printIfInfoEnabled,60] - [b96a6171-ecd9-44aa-a8a1-0b2949c5d751_config-0] Try to connect to server on start up, server: {serverIp = '127.0.0.1', server main port = 8848}
16:14:38.964 [main] INFO  c.a.n.c.r.client - [lambda$createClient$0,80] - [RpcClientFactory] create a new rpc client of 6284b863-8996-4e9f-bfe7-60be81bac1a8_config-0
16:14:39.056 [main] INFO  o.r.Reflections - [scan,232] - Reflections took 53 ms to scan 1 urls, producing 3 keys and 6 values 
16:14:39.093 [main] INFO  o.r.Reflections - [scan,232] - Reflections took 16 ms to scan 1 urls, producing 4 keys and 9 values 
16:14:39.104 [main] INFO  o.r.Reflections - [scan,232] - Reflections took 9 ms to scan 1 urls, producing 3 keys and 10 values 
16:14:39.202 [main] INFO  o.r.Reflections - [scan,232] - Reflections took 96 ms to scan 204 urls, producing 0 keys and 0 values 
16:14:39.208 [main] INFO  o.r.Reflections - [scan,232] - Reflections took 5 ms to scan 1 urls, producing 1 keys and 5 values 
16:14:39.214 [main] INFO  o.r.Reflections - [scan,232] - Reflections took 5 ms to scan 1 urls, producing 1 keys and 7 values 
16:14:39.223 [main] INFO  o.r.Reflections - [scan,232] - Reflections took 8 ms to scan 1 urls, producing 2 keys and 8 values 
16:14:39.295 [main] INFO  o.r.Reflections - [scan,232] - Reflections took 70 ms to scan 204 urls, producing 0 keys and 0 values 
16:14:39.295 [main] INFO  c.a.n.c.r.client - [printIfInfoEnabled,60] - [6284b863-8996-4e9f-bfe7-60be81bac1a8_config-0] RpcClient init label, labels = {module=config, Vipserver-Tag=null, source=sdk, Amory-Tag=null, Location-Tag=null, taskId=0, AppName=unknown}
16:14:39.296 [main] INFO  c.a.n.c.r.client - [printIfInfoEnabled,60] - [6284b863-8996-4e9f-bfe7-60be81bac1a8_config-0] Register server push request handler:com.alibaba.nacos.client.config.impl.ClientWorker$ConfigRpcTransportClient$$Lambda$328/2093319848
16:14:39.296 [main] INFO  c.a.n.c.r.client - [printIfInfoEnabled,60] - [6284b863-8996-4e9f-bfe7-60be81bac1a8_config-0] Register server push request handler:com.alibaba.nacos.client.config.impl.ClientWorker$ConfigRpcTransportClient$$Lambda$329/2109027570
16:14:39.296 [main] INFO  c.a.n.c.r.client - [printIfInfoEnabled,60] - [6284b863-8996-4e9f-bfe7-60be81bac1a8_config-0] Registry connection listener to current client:com.alibaba.nacos.client.config.impl.ClientWorker$ConfigRpcTransportClient$1
16:14:39.297 [main] INFO  c.a.n.c.r.client - [printIfInfoEnabled,60] - [6284b863-8996-4e9f-bfe7-60be81bac1a8_config-0] RpcClient init, ServerListFactory = com.alibaba.nacos.client.config.impl.ClientWorker$ConfigRpcTransportClient$2
16:14:39.301 [main] INFO  c.a.n.c.r.client - [printIfInfoEnabled,60] - [6284b863-8996-4e9f-bfe7-60be81bac1a8_config-0] Try to connect to server on start up, server: {serverIp = '127.0.0.1', server main port = 8848}
16:14:39.496 [main] INFO  c.a.n.c.r.client - [printIfInfoEnabled,60] - [b96a6171-ecd9-44aa-a8a1-0b2949c5d751_config-0] Success to connect to server [127.0.0.1:8848] on start up, connectionId = 1700554479331_127.0.0.1_55867
16:14:39.496 [com.alibaba.nacos.client.remote.worker] INFO  c.a.n.c.r.client - [printIfInfoEnabled,60] - [b96a6171-ecd9-44aa-a8a1-0b2949c5d751_config-0] Notify connected event to listeners.
16:14:39.496 [main] INFO  c.a.n.c.r.client - [printIfInfoEnabled,60] - [b96a6171-ecd9-44aa-a8a1-0b2949c5d751_config-0] Register server push request handler:com.alibaba.nacos.common.remote.client.RpcClient$ConnectResetRequestHandler
16:14:39.497 [main] INFO  c.a.n.c.r.client - [printIfInfoEnabled,60] - [b96a6171-ecd9-44aa-a8a1-0b2949c5d751_config-0] Register server push request handler:com.alibaba.nacos.common.remote.client.RpcClient$$Lambda$338/1678856266
16:14:39.560 [main] INFO  c.x.i.XmapInformationApplication - [logStartupProfileInfo,637] - The following 1 profile is active: "dev"
16:14:40.337 [main] INFO  c.a.n.c.r.client - [printIfInfoEnabled,60] - [6284b863-8996-4e9f-bfe7-60be81bac1a8_config-0] Success to connect to server [127.0.0.1:8848] on start up, connectionId = 1700554480151_127.0.0.1_55932
16:14:40.337 [com.alibaba.nacos.client.remote.worker] INFO  c.a.n.c.r.client - [printIfInfoEnabled,60] - [6284b863-8996-4e9f-bfe7-60be81bac1a8_config-0] Notify connected event to listeners.
16:14:40.337 [main] INFO  c.a.n.c.r.client - [printIfInfoEnabled,60] - [6284b863-8996-4e9f-bfe7-60be81bac1a8_config-0] Register server push request handler:com.alibaba.nacos.common.remote.client.RpcClient$ConnectResetRequestHandler
16:14:40.338 [main] INFO  c.a.n.c.r.client - [printIfInfoEnabled,60] - [6284b863-8996-4e9f-bfe7-60be81bac1a8_config-0] Register server push request handler:com.alibaba.nacos.common.remote.client.RpcClient$$Lambda$338/546886525
16:14:40.404 [main] INFO  c.x.i.XmapInformationApplication - [logStartupProfileInfo,637] - The following 1 profile is active: "dev"
16:14:43.204 [main] INFO  o.a.c.h.Http11NioProtocol - [log,173] - Initializing ProtocolHandler ["http-nio-9211"]
16:14:43.205 [main] INFO  o.a.c.c.StandardService - [log,173] - Starting service [Tomcat]
16:14:43.205 [main] INFO  o.a.c.c.StandardEngine - [log,173] - Starting Servlet engine: [Apache Tomcat/9.0.70]
16:14:43.459 [main] INFO  o.a.c.c.C.[.[.[/] - [log,173] - Initializing Spring embedded WebApplicationContext
16:14:45.055 [main] INFO  o.a.c.h.Http11NioProtocol - [log,173] - Initializing ProtocolHandler ["http-nio-9211"]
16:14:45.057 [main] INFO  o.a.c.c.StandardService - [log,173] - Starting service [Tomcat]
16:14:45.057 [main] INFO  o.a.c.c.StandardEngine - [log,173] - Starting Servlet engine: [Apache Tomcat/9.0.70]
16:14:45.332 [main] INFO  c.a.d.p.DruidDataSource - [init,996] - {dataSource-1,master} inited
16:14:45.334 [main] INFO  c.b.d.d.DynamicRoutingDataSource - [addDataSource,154] - dynamic-datasource - add a datasource named [master] success
16:14:45.334 [main] INFO  c.b.d.d.DynamicRoutingDataSource - [afterPropertiesSet,234] - dynamic-datasource initial loaded [1] datasource,primary datasource named [master]
16:14:45.611 [main] INFO  o.a.c.c.C.[.[.[/] - [log,173] - Initializing Spring embedded WebApplicationContext
16:14:46.987 [main] INFO  c.a.d.p.DruidDataSource - [init,996] - {dataSource-1,master} inited
16:14:46.989 [main] INFO  c.b.d.d.DynamicRoutingDataSource - [addDataSource,154] - dynamic-datasource - add a datasource named [master] success
16:14:46.990 [main] INFO  c.b.d.d.DynamicRoutingDataSource - [afterPropertiesSet,234] - dynamic-datasource initial loaded [1] datasource,primary datasource named [master]
16:14:49.612 [main] INFO  c.a.c.s.SentinelWebMvcConfigurer - [addInterceptors,52] - [Sentinel Starter] register SentinelWebInterceptor with urlPatterns: [/**].
16:14:50.748 [main] INFO  c.a.c.s.SentinelWebMvcConfigurer - [addInterceptors,52] - [Sentinel Starter] register SentinelWebInterceptor with urlPatterns: [/**].
16:14:55.843 [main] INFO  c.a.n.c.r.client - [lambda$createClient$0,80] - [RpcClientFactory] create a new rpc client of aa0b5802-e1ae-44ea-93ba-e59e5dfa207d
16:14:55.843 [main] INFO  c.a.n.c.r.client - [printIfInfoEnabled,60] - [aa0b5802-e1ae-44ea-93ba-e59e5dfa207d] RpcClient init label, labels = {module=naming, source=sdk}
16:14:55.848 [main] INFO  c.a.n.c.r.client - [printIfInfoEnabled,60] - [aa0b5802-e1ae-44ea-93ba-e59e5dfa207d] RpcClient init, ServerListFactory = com.alibaba.nacos.client.naming.core.ServerListManager
16:14:55.848 [main] INFO  c.a.n.c.r.client - [printIfInfoEnabled,60] - [aa0b5802-e1ae-44ea-93ba-e59e5dfa207d] Registry connection listener to current client:com.alibaba.nacos.client.naming.remote.gprc.redo.NamingGrpcRedoService
16:14:55.848 [main] INFO  c.a.n.c.r.client - [printIfInfoEnabled,60] - [aa0b5802-e1ae-44ea-93ba-e59e5dfa207d] Register server push request handler:com.alibaba.nacos.client.naming.remote.gprc.NamingPushRequestHandler
16:14:55.849 [main] INFO  c.a.n.c.r.client - [printIfInfoEnabled,60] - [aa0b5802-e1ae-44ea-93ba-e59e5dfa207d] Try to connect to server on start up, server: {serverIp = '127.0.0.1', server main port = 8848}
16:14:55.957 [main] INFO  c.a.n.c.r.client - [printIfInfoEnabled,60] - [aa0b5802-e1ae-44ea-93ba-e59e5dfa207d] Success to connect to server [127.0.0.1:8848] on start up, connectionId = 1700554495853_127.0.0.1_55949
16:14:55.957 [main] INFO  c.a.n.c.r.client - [printIfInfoEnabled,60] - [aa0b5802-e1ae-44ea-93ba-e59e5dfa207d] Register server push request handler:com.alibaba.nacos.common.remote.client.RpcClient$ConnectResetRequestHandler
16:14:55.957 [com.alibaba.nacos.client.remote.worker] INFO  c.a.n.c.r.client - [printIfInfoEnabled,60] - [aa0b5802-e1ae-44ea-93ba-e59e5dfa207d] Notify connected event to listeners.
16:14:55.957 [main] INFO  c.a.n.c.r.client - [printIfInfoEnabled,60] - [aa0b5802-e1ae-44ea-93ba-e59e5dfa207d] Register server push request handler:com.alibaba.nacos.common.remote.client.RpcClient$$Lambda$338/1678856266
16:14:56.012 [main] INFO  c.a.n.c.r.client - [lambda$createClient$0,80] - [RpcClientFactory] create a new rpc client of 233cf9d4-bff6-48bf-bd22-0b14834beaea
16:14:56.012 [main] INFO  c.a.n.c.r.client - [printIfInfoEnabled,60] - [233cf9d4-bff6-48bf-bd22-0b14834beaea] RpcClient init label, labels = {module=naming, source=sdk}
16:14:56.014 [main] INFO  c.a.n.c.r.client - [printIfInfoEnabled,60] - [233cf9d4-bff6-48bf-bd22-0b14834beaea] RpcClient init, ServerListFactory = com.alibaba.nacos.client.naming.core.ServerListManager
16:14:56.014 [main] INFO  c.a.n.c.r.client - [printIfInfoEnabled,60] - [233cf9d4-bff6-48bf-bd22-0b14834beaea] Registry connection listener to current client:com.alibaba.nacos.client.naming.remote.gprc.redo.NamingGrpcRedoService
16:14:56.014 [main] INFO  c.a.n.c.r.client - [printIfInfoEnabled,60] - [233cf9d4-bff6-48bf-bd22-0b14834beaea] Register server push request handler:com.alibaba.nacos.client.naming.remote.gprc.NamingPushRequestHandler
16:14:56.014 [main] INFO  c.a.n.c.r.client - [printIfInfoEnabled,60] - [233cf9d4-bff6-48bf-bd22-0b14834beaea] Try to connect to server on start up, server: {serverIp = '127.0.0.1', server main port = 8848}
16:14:56.023 [main] INFO  o.a.c.h.Http11NioProtocol - [log,173] - Starting ProtocolHandler ["http-nio-9211"]
16:14:56.040 [main] INFO  c.a.c.n.r.NacosServiceRegistry - [register,75] - nacos registry, DEFAULT_GROUP xmap-information 10.100.62.210:9211 register finished
16:14:56.129 [main] INFO  c.a.n.c.r.client - [printIfInfoEnabled,60] - [233cf9d4-bff6-48bf-bd22-0b14834beaea] Success to connect to server [127.0.0.1:8848] on start up, connectionId = 1700554496018_127.0.0.1_55950
16:14:56.129 [main] INFO  c.a.n.c.r.client - [printIfInfoEnabled,60] - [233cf9d4-bff6-48bf-bd22-0b14834beaea] Register server push request handler:com.alibaba.nacos.common.remote.client.RpcClient$ConnectResetRequestHandler
16:14:56.129 [com.alibaba.nacos.client.remote.worker] INFO  c.a.n.c.r.client - [printIfInfoEnabled,60] - [233cf9d4-bff6-48bf-bd22-0b14834beaea] Notify connected event to listeners.
16:14:56.129 [main] INFO  c.a.n.c.r.client - [printIfInfoEnabled,60] - [233cf9d4-bff6-48bf-bd22-0b14834beaea] Register server push request handler:com.alibaba.nacos.common.remote.client.RpcClient$$Lambda$338/546886525
16:14:56.161 [main] INFO  o.a.c.h.Http11NioProtocol - [log,173] - Starting ProtocolHandler ["http-nio-9211"]
16:14:56.529 [nacos-grpc-client-executor-6] INFO  c.a.n.c.r.client - [printIfInfoEnabled,60] - [233cf9d4-bff6-48bf-bd22-0b14834beaea] Receive server push request, request = NotifySubscriberRequest, requestId = 26
16:14:56.530 [nacos-grpc-client-executor-6] INFO  c.a.n.c.r.client - [printIfInfoEnabled,60] - [aa0b5802-e1ae-44ea-93ba-e59e5dfa207d] Receive server push request, request = NotifySubscriberRequest, requestId = 27
16:14:56.539 [nacos-grpc-client-executor-6] INFO  c.a.n.c.r.client - [printIfInfoEnabled,60] - [233cf9d4-bff6-48bf-bd22-0b14834beaea] Ack server push request, request = NotifySubscriberRequest, requestId = 26
16:14:56.539 [nacos-grpc-client-executor-6] INFO  c.a.n.c.r.client - [printIfInfoEnabled,60] - [aa0b5802-e1ae-44ea-93ba-e59e5dfa207d] Ack server push request, request = NotifySubscriberRequest, requestId = 27
16:14:56.827 [main] INFO  c.a.n.c.r.client - [shutdown,454] - Shutdown rpc client, set status to shutdown
16:14:56.828 [main] INFO  c.a.n.c.r.client - [shutdown,456] - Shutdown client event executor java.util.concurrent.ScheduledThreadPoolExecutor@5608e254[Running, pool size = 2, active threads = 2, queued tasks = 0, completed tasks = 0]
16:14:56.829 [main] INFO  c.a.n.c.r.client - [closeConnection,591] - Close current connection 1700554496018_127.0.0.1_55950
16:14:56.831 [nacos-grpc-client-executor-7] INFO  c.a.n.c.r.c.g.GrpcClient - [printIfInfoEnabled,60] - [1700554496018_127.0.0.1_55950]Ignore complete event,isRunning:false,isAbandon=false
16:14:56.837 [main] INFO  c.a.n.c.r.c.g.GrpcClient - [shutdown,85] - Shutdown grpc executor java.util.concurrent.ThreadPoolExecutor@6aed4a23[Running, pool size = 8, active threads = 0, queued tasks = 0, completed tasks = 8]
16:14:56.855 [main] INFO  c.b.d.d.DynamicRoutingDataSource - [destroy,211] - dynamic-datasource start closing ....
16:14:56.857 [main] INFO  c.a.d.p.DruidDataSource - [close,2138] - {dataSource-1} closing ...
16:14:56.863 [main] INFO  c.a.d.p.DruidDataSource - [close,2211] - {dataSource-1} closed
16:14:56.863 [main] INFO  c.b.d.d.DynamicRoutingDataSource - [destroy,215] - dynamic-datasource all closed success,bye
16:14:56.864 [main] INFO  o.a.c.h.Http11NioProtocol - [log,173] - Pausing ProtocolHandler ["http-nio-9211"]
16:14:56.864 [main] INFO  o.a.c.c.StandardService - [log,173] - Stopping service [Tomcat]
16:14:56.867 [main] INFO  o.a.c.h.Http11NioProtocol - [log,173] - Stopping ProtocolHandler ["http-nio-9211"]
16:14:56.867 [main] INFO  o.a.c.h.Http11NioProtocol - [log,173] - Destroying ProtocolHandler ["http-nio-9211"]
16:14:57.950 [main] INFO  c.x.i.XmapInformationApplication - [logStarted,61] - Started XmapInformationApplication in 23.043 seconds (JVM running for 23.992)
16:14:57.974 [main] INFO  c.a.c.n.r.NacosContextRefresher - [registerNacosListener,129] - [Nacos Config] Listening config: dataId=xmap-information-dev.yml, group=DEFAULT_GROUP
16:14:57.976 [main] INFO  c.a.c.n.r.NacosContextRefresher - [registerNacosListener,129] - [Nacos Config] Listening config: dataId=xmap-information.yml, group=DEFAULT_GROUP
16:14:57.977 [main] INFO  c.a.c.n.r.NacosContextRefresher - [registerNacosListener,129] - [Nacos Config] Listening config: dataId=xmap-information, group=DEFAULT_GROUP
16:16:33.423 [SpringApplicationShutdownHook] INFO  c.a.c.n.r.NacosServiceRegistry - [deregister,94] - De-registering from Nacos Server now...
16:16:33.426 [SpringApplicationShutdownHook] INFO  c.a.c.n.r.NacosServiceRegistry - [deregister,114] - De-registration finished.
16:16:33.757 [SpringApplicationShutdownHook] INFO  c.a.n.c.r.client - [shutdown,454] - Shutdown rpc client, set status to shutdown
16:16:33.757 [SpringApplicationShutdownHook] INFO  c.a.n.c.r.client - [shutdown,456] - Shutdown client event executor java.util.concurrent.ScheduledThreadPoolExecutor@a966165[Running, pool size = 2, active threads = 2, queued tasks = 0, completed tasks = 0]
16:16:33.757 [SpringApplicationShutdownHook] INFO  c.a.n.c.r.client - [closeConnection,591] - Close current connection 1700554495853_127.0.0.1_55949
16:16:33.759 [nacos-grpc-client-executor-31] INFO  c.a.n.c.r.c.g.GrpcClient - [printIfInfoEnabled,60] - [1700554495853_127.0.0.1_55949]Ignore complete event,isRunning:false,isAbandon=false
16:16:33.761 [SpringApplicationShutdownHook] INFO  c.a.n.c.r.c.g.GrpcClient - [shutdown,85] - Shutdown grpc executor java.util.concurrent.ThreadPoolExecutor@6eff2ab[Running, pool size = 6, active threads = 0, queued tasks = 0, completed tasks = 32]
16:16:33.778 [SpringApplicationShutdownHook] INFO  c.b.d.d.DynamicRoutingDataSource - [destroy,211] - dynamic-datasource start closing ....
16:16:33.779 [SpringApplicationShutdownHook] INFO  c.a.d.p.DruidDataSource - [close,2138] - {dataSource-1} closing ...
16:16:33.788 [SpringApplicationShutdownHook] INFO  c.a.d.p.DruidDataSource - [close,2211] - {dataSource-1} closed
16:16:33.788 [SpringApplicationShutdownHook] INFO  c.b.d.d.DynamicRoutingDataSource - [destroy,215] - dynamic-datasource all closed success,bye
16:16:43.339 [background-preinit] INFO  o.h.v.i.util.Version - [<clinit>,21] - HV000001: Hibernate Validator 6.2.5.Final
16:16:44.906 [main] INFO  c.a.n.c.r.client - [lambda$createClient$0,80] - [RpcClientFactory] create a new rpc client of 1f9ee9ba-f5f4-4a2a-b314-7103eca87cf6_config-0
16:16:44.979 [main] INFO  o.r.Reflections - [scan,232] - Reflections took 44 ms to scan 1 urls, producing 3 keys and 6 values 
16:16:45.008 [main] INFO  o.r.Reflections - [scan,232] - Reflections took 12 ms to scan 1 urls, producing 4 keys and 9 values 
16:16:45.019 [main] INFO  o.r.Reflections - [scan,232] - Reflections took 8 ms to scan 1 urls, producing 3 keys and 10 values 
16:16:45.111 [main] INFO  o.r.Reflections - [scan,232] - Reflections took 90 ms to scan 204 urls, producing 0 keys and 0 values 
16:16:45.116 [main] INFO  o.r.Reflections - [scan,232] - Reflections took 4 ms to scan 1 urls, producing 1 keys and 5 values 
16:16:45.122 [main] INFO  o.r.Reflections - [scan,232] - Reflections took 5 ms to scan 1 urls, producing 1 keys and 7 values 
16:16:45.130 [main] INFO  o.r.Reflections - [scan,232] - Reflections took 6 ms to scan 1 urls, producing 2 keys and 8 values 
16:16:45.199 [main] INFO  o.r.Reflections - [scan,232] - Reflections took 67 ms to scan 204 urls, producing 0 keys and 0 values 
16:16:45.199 [main] INFO  c.a.n.c.r.client - [printIfInfoEnabled,60] - [1f9ee9ba-f5f4-4a2a-b314-7103eca87cf6_config-0] RpcClient init label, labels = {module=config, Vipserver-Tag=null, source=sdk, Amory-Tag=null, Location-Tag=null, taskId=0, AppName=unknown}
16:16:45.200 [main] INFO  c.a.n.c.r.client - [printIfInfoEnabled,60] - [1f9ee9ba-f5f4-4a2a-b314-7103eca87cf6_config-0] Register server push request handler:com.alibaba.nacos.client.config.impl.ClientWorker$ConfigRpcTransportClient$$Lambda$328/2093319848
16:16:45.200 [main] INFO  c.a.n.c.r.client - [printIfInfoEnabled,60] - [1f9ee9ba-f5f4-4a2a-b314-7103eca87cf6_config-0] Register server push request handler:com.alibaba.nacos.client.config.impl.ClientWorker$ConfigRpcTransportClient$$Lambda$329/2109027570
16:16:45.200 [main] INFO  c.a.n.c.r.client - [printIfInfoEnabled,60] - [1f9ee9ba-f5f4-4a2a-b314-7103eca87cf6_config-0] Registry connection listener to current client:com.alibaba.nacos.client.config.impl.ClientWorker$ConfigRpcTransportClient$1
16:16:45.201 [main] INFO  c.a.n.c.r.client - [printIfInfoEnabled,60] - [1f9ee9ba-f5f4-4a2a-b314-7103eca87cf6_config-0] RpcClient init, ServerListFactory = com.alibaba.nacos.client.config.impl.ClientWorker$ConfigRpcTransportClient$2
16:16:45.205 [main] INFO  c.a.n.c.r.client - [printIfInfoEnabled,60] - [1f9ee9ba-f5f4-4a2a-b314-7103eca87cf6_config-0] Try to connect to server on start up, server: {serverIp = '127.0.0.1', server main port = 8848}
16:16:45.964 [main] INFO  c.a.n.c.r.client - [printIfInfoEnabled,60] - [1f9ee9ba-f5f4-4a2a-b314-7103eca87cf6_config-0] Success to connect to server [127.0.0.1:8848] on start up, connectionId = 1700554605816_127.0.0.1_56082
16:16:45.967 [com.alibaba.nacos.client.remote.worker] INFO  c.a.n.c.r.client - [printIfInfoEnabled,60] - [1f9ee9ba-f5f4-4a2a-b314-7103eca87cf6_config-0] Notify connected event to listeners.
16:16:45.968 [main] INFO  c.a.n.c.r.client - [printIfInfoEnabled,60] - [1f9ee9ba-f5f4-4a2a-b314-7103eca87cf6_config-0] Register server push request handler:com.alibaba.nacos.common.remote.client.RpcClient$ConnectResetRequestHandler
16:16:45.969 [main] INFO  c.a.n.c.r.client - [printIfInfoEnabled,60] - [1f9ee9ba-f5f4-4a2a-b314-7103eca87cf6_config-0] Register server push request handler:com.alibaba.nacos.common.remote.client.RpcClient$$Lambda$338/546886525
16:16:46.018 [main] INFO  c.x.i.XmapInformationApplication - [logStartupProfileInfo,637] - The following 1 profile is active: "dev"
16:16:48.172 [main] INFO  o.a.c.h.Http11NioProtocol - [log,173] - Initializing ProtocolHandler ["http-nio-9211"]
16:16:48.173 [main] INFO  o.a.c.c.StandardService - [log,173] - Starting service [Tomcat]
16:16:48.173 [main] INFO  o.a.c.c.StandardEngine - [log,173] - Starting Servlet engine: [Apache Tomcat/9.0.70]
16:16:48.451 [main] INFO  o.a.c.c.C.[.[.[/] - [log,173] - Initializing Spring embedded WebApplicationContext
16:16:48.947 [main] INFO  c.a.d.p.DruidDataSource - [init,996] - {dataSource-1,master} inited
16:16:48.948 [main] INFO  c.b.d.d.DynamicRoutingDataSource - [addDataSource,154] - dynamic-datasource - add a datasource named [master] success
16:16:48.948 [main] INFO  c.b.d.d.DynamicRoutingDataSource - [afterPropertiesSet,234] - dynamic-datasource initial loaded [1] datasource,primary datasource named [master]
16:16:50.517 [main] INFO  c.a.c.s.SentinelWebMvcConfigurer - [addInterceptors,52] - [Sentinel Starter] register SentinelWebInterceptor with urlPatterns: [/**].
16:16:54.233 [main] INFO  c.a.n.c.r.client - [lambda$createClient$0,80] - [RpcClientFactory] create a new rpc client of 20bf35b3-3213-4034-a58d-3b65d058dd5e
16:16:54.233 [main] INFO  c.a.n.c.r.client - [printIfInfoEnabled,60] - [20bf35b3-3213-4034-a58d-3b65d058dd5e] RpcClient init label, labels = {module=naming, source=sdk}
16:16:54.234 [main] INFO  c.a.n.c.r.client - [printIfInfoEnabled,60] - [20bf35b3-3213-4034-a58d-3b65d058dd5e] RpcClient init, ServerListFactory = com.alibaba.nacos.client.naming.core.ServerListManager
16:16:54.234 [main] INFO  c.a.n.c.r.client - [printIfInfoEnabled,60] - [20bf35b3-3213-4034-a58d-3b65d058dd5e] Registry connection listener to current client:com.alibaba.nacos.client.naming.remote.gprc.redo.NamingGrpcRedoService
16:16:54.234 [main] INFO  c.a.n.c.r.client - [printIfInfoEnabled,60] - [20bf35b3-3213-4034-a58d-3b65d058dd5e] Register server push request handler:com.alibaba.nacos.client.naming.remote.gprc.NamingPushRequestHandler
16:16:54.235 [main] INFO  c.a.n.c.r.client - [printIfInfoEnabled,60] - [20bf35b3-3213-4034-a58d-3b65d058dd5e] Try to connect to server on start up, server: {serverIp = '127.0.0.1', server main port = 8848}
16:16:54.352 [main] INFO  c.a.n.c.r.client - [printIfInfoEnabled,60] - [20bf35b3-3213-4034-a58d-3b65d058dd5e] Success to connect to server [127.0.0.1:8848] on start up, connectionId = 1700554614239_127.0.0.1_56090
16:16:54.357 [main] INFO  c.a.n.c.r.client - [printIfInfoEnabled,60] - [20bf35b3-3213-4034-a58d-3b65d058dd5e] Register server push request handler:com.alibaba.nacos.common.remote.client.RpcClient$ConnectResetRequestHandler
16:16:54.357 [main] INFO  c.a.n.c.r.client - [printIfInfoEnabled,60] - [20bf35b3-3213-4034-a58d-3b65d058dd5e] Register server push request handler:com.alibaba.nacos.common.remote.client.RpcClient$$Lambda$338/546886525
16:16:54.359 [com.alibaba.nacos.client.remote.worker] INFO  c.a.n.c.r.client - [printIfInfoEnabled,60] - [20bf35b3-3213-4034-a58d-3b65d058dd5e] Notify connected event to listeners.
16:16:54.392 [main] INFO  o.a.c.h.Http11NioProtocol - [log,173] - Starting ProtocolHandler ["http-nio-9211"]
16:16:54.411 [main] INFO  c.a.c.n.r.NacosServiceRegistry - [register,75] - nacos registry, DEFAULT_GROUP xmap-information 10.100.62.210:9211 register finished
16:16:54.958 [nacos-grpc-client-executor-6] INFO  c.a.n.c.r.client - [printIfInfoEnabled,60] - [20bf35b3-3213-4034-a58d-3b65d058dd5e] Receive server push request, request = NotifySubscriberRequest, requestId = 31
16:16:54.970 [nacos-grpc-client-executor-6] INFO  c.a.n.c.r.client - [printIfInfoEnabled,60] - [20bf35b3-3213-4034-a58d-3b65d058dd5e] Ack server push request, request = NotifySubscriberRequest, requestId = 31
16:16:56.180 [main] INFO  c.x.i.XmapInformationApplication - [logStarted,61] - Started XmapInformationApplication in 14.355 seconds (JVM running for 14.778)
16:16:56.195 [main] INFO  c.a.c.n.r.NacosContextRefresher - [registerNacosListener,129] - [Nacos Config] Listening config: dataId=xmap-information-dev.yml, group=DEFAULT_GROUP
16:16:56.196 [main] INFO  c.a.c.n.r.NacosContextRefresher - [registerNacosListener,129] - [Nacos Config] Listening config: dataId=xmap-information.yml, group=DEFAULT_GROUP
16:16:56.197 [main] INFO  c.a.c.n.r.NacosContextRefresher - [registerNacosListener,129] - [Nacos Config] Listening config: dataId=xmap-information, group=DEFAULT_GROUP
16:17:04.702 [http-nio-9211-exec-1] INFO  o.a.c.c.C.[.[.[/] - [log,173] - Initializing Spring DispatcherServlet 'dispatcherServlet'
16:26:18.529 [SpringApplicationShutdownHook] INFO  c.a.c.n.r.NacosServiceRegistry - [deregister,94] - De-registering from Nacos Server now...
16:26:18.533 [SpringApplicationShutdownHook] INFO  c.a.c.n.r.NacosServiceRegistry - [deregister,114] - De-registration finished.
16:26:18.860 [SpringApplicationShutdownHook] INFO  c.a.n.c.r.client - [shutdown,454] - Shutdown rpc client, set status to shutdown
16:26:18.860 [SpringApplicationShutdownHook] INFO  c.a.n.c.r.client - [shutdown,456] - Shutdown client event executor java.util.concurrent.ScheduledThreadPoolExecutor@45f20d49[Running, pool size = 2, active threads = 2, queued tasks = 0, completed tasks = 0]
16:26:18.860 [SpringApplicationShutdownHook] INFO  c.a.n.c.r.client - [closeConnection,591] - Close current connection 1700554614239_127.0.0.1_56090
16:26:18.861 [nacos-grpc-client-executor-130] INFO  c.a.n.c.r.c.g.GrpcClient - [printIfInfoEnabled,60] - [1700554614239_127.0.0.1_56090]Ignore complete event,isRunning:false,isAbandon=false
16:26:18.866 [SpringApplicationShutdownHook] INFO  c.a.n.c.r.c.g.GrpcClient - [shutdown,85] - Shutdown grpc executor java.util.concurrent.ThreadPoolExecutor@52243b32[Running, pool size = 5, active threads = 0, queued tasks = 0, completed tasks = 131]
16:26:18.994 [SpringApplicationShutdownHook] INFO  c.b.d.d.DynamicRoutingDataSource - [destroy,211] - dynamic-datasource start closing ....
16:26:18.998 [SpringApplicationShutdownHook] INFO  c.a.d.p.DruidDataSource - [close,2138] - {dataSource-1} closing ...
16:26:19.006 [SpringApplicationShutdownHook] INFO  c.a.d.p.DruidDataSource - [close,2211] - {dataSource-1} closed
16:26:19.007 [SpringApplicationShutdownHook] INFO  c.b.d.d.DynamicRoutingDataSource - [destroy,215] - dynamic-datasource all closed success,bye
16:33:15.326 [background-preinit] INFO  o.h.v.i.util.Version - [<clinit>,21] - HV000001: Hibernate Validator 6.2.5.Final
16:33:16.905 [main] INFO  c.a.n.c.r.client - [lambda$createClient$0,80] - [RpcClientFactory] create a new rpc client of d048d726-8568-4a11-a252-13e7a7304d1d_config-0
16:33:16.995 [main] INFO  o.r.Reflections - [scan,232] - Reflections took 41 ms to scan 1 urls, producing 3 keys and 6 values 
16:33:17.024 [main] INFO  o.r.Reflections - [scan,232] - Reflections took 10 ms to scan 1 urls, producing 4 keys and 9 values 
16:33:17.034 [main] INFO  o.r.Reflections - [scan,232] - Reflections took 8 ms to scan 1 urls, producing 3 keys and 10 values 
16:33:17.125 [main] INFO  o.r.Reflections - [scan,232] - Reflections took 89 ms to scan 204 urls, producing 0 keys and 0 values 
16:33:17.131 [main] INFO  o.r.Reflections - [scan,232] - Reflections took 4 ms to scan 1 urls, producing 1 keys and 5 values 
16:33:17.138 [main] INFO  o.r.Reflections - [scan,232] - Reflections took 6 ms to scan 1 urls, producing 1 keys and 7 values 
16:33:17.146 [main] INFO  o.r.Reflections - [scan,232] - Reflections took 4 ms to scan 1 urls, producing 2 keys and 8 values 
16:33:17.216 [main] INFO  o.r.Reflections - [scan,232] - Reflections took 68 ms to scan 204 urls, producing 0 keys and 0 values 
16:33:17.217 [main] INFO  c.a.n.c.r.client - [printIfInfoEnabled,60] - [d048d726-8568-4a11-a252-13e7a7304d1d_config-0] RpcClient init label, labels = {module=config, Vipserver-Tag=null, source=sdk, Amory-Tag=null, Location-Tag=null, taskId=0, AppName=unknown}
16:33:17.217 [main] INFO  c.a.n.c.r.client - [printIfInfoEnabled,60] - [d048d726-8568-4a11-a252-13e7a7304d1d_config-0] Register server push request handler:com.alibaba.nacos.client.config.impl.ClientWorker$ConfigRpcTransportClient$$Lambda$328/2093319848
16:33:17.217 [main] INFO  c.a.n.c.r.client - [printIfInfoEnabled,60] - [d048d726-8568-4a11-a252-13e7a7304d1d_config-0] Register server push request handler:com.alibaba.nacos.client.config.impl.ClientWorker$ConfigRpcTransportClient$$Lambda$329/2109027570
16:33:17.218 [main] INFO  c.a.n.c.r.client - [printIfInfoEnabled,60] - [d048d726-8568-4a11-a252-13e7a7304d1d_config-0] Registry connection listener to current client:com.alibaba.nacos.client.config.impl.ClientWorker$ConfigRpcTransportClient$1
16:33:17.218 [main] INFO  c.a.n.c.r.client - [printIfInfoEnabled,60] - [d048d726-8568-4a11-a252-13e7a7304d1d_config-0] RpcClient init, ServerListFactory = com.alibaba.nacos.client.config.impl.ClientWorker$ConfigRpcTransportClient$2
16:33:17.227 [main] INFO  c.a.n.c.r.client - [printIfInfoEnabled,60] - [d048d726-8568-4a11-a252-13e7a7304d1d_config-0] Try to connect to server on start up, server: {serverIp = '127.0.0.1', server main port = 8848}
16:33:18.105 [main] INFO  c.a.n.c.r.client - [printIfInfoEnabled,60] - [d048d726-8568-4a11-a252-13e7a7304d1d_config-0] Success to connect to server [127.0.0.1:8848] on start up, connectionId = 1700555597948_127.0.0.1_56866
16:33:18.108 [com.alibaba.nacos.client.remote.worker] INFO  c.a.n.c.r.client - [printIfInfoEnabled,60] - [d048d726-8568-4a11-a252-13e7a7304d1d_config-0] Notify connected event to listeners.
16:33:18.108 [main] INFO  c.a.n.c.r.client - [printIfInfoEnabled,60] - [d048d726-8568-4a11-a252-13e7a7304d1d_config-0] Register server push request handler:com.alibaba.nacos.common.remote.client.RpcClient$ConnectResetRequestHandler
16:33:18.109 [main] INFO  c.a.n.c.r.client - [printIfInfoEnabled,60] - [d048d726-8568-4a11-a252-13e7a7304d1d_config-0] Register server push request handler:com.alibaba.nacos.common.remote.client.RpcClient$$Lambda$338/546886525
16:33:18.169 [main] INFO  c.x.i.XmapInformationApplication - [logStartupProfileInfo,637] - The following 1 profile is active: "dev"
16:33:20.469 [main] INFO  o.a.c.h.Http11NioProtocol - [log,173] - Initializing ProtocolHandler ["http-nio-9211"]
16:33:20.470 [main] INFO  o.a.c.c.StandardService - [log,173] - Starting service [Tomcat]
16:33:20.470 [main] INFO  o.a.c.c.StandardEngine - [log,173] - Starting Servlet engine: [Apache Tomcat/9.0.70]
16:33:20.770 [main] INFO  o.a.c.c.C.[.[.[/] - [log,173] - Initializing Spring embedded WebApplicationContext
16:33:21.312 [main] INFO  c.a.d.p.DruidDataSource - [init,996] - {dataSource-1,master} inited
16:33:21.313 [main] INFO  c.b.d.d.DynamicRoutingDataSource - [addDataSource,154] - dynamic-datasource - add a datasource named [master] success
16:33:21.313 [main] INFO  c.b.d.d.DynamicRoutingDataSource - [afterPropertiesSet,234] - dynamic-datasource initial loaded [1] datasource,primary datasource named [master]
16:33:22.979 [main] INFO  c.a.c.s.SentinelWebMvcConfigurer - [addInterceptors,52] - [Sentinel Starter] register SentinelWebInterceptor with urlPatterns: [/**].
16:33:26.824 [main] INFO  c.a.n.c.r.client - [lambda$createClient$0,80] - [RpcClientFactory] create a new rpc client of 972d0389-039c-4f40-a097-4c6adb5117a3
16:33:26.826 [main] INFO  c.a.n.c.r.client - [printIfInfoEnabled,60] - [972d0389-039c-4f40-a097-4c6adb5117a3] RpcClient init label, labels = {module=naming, source=sdk}
16:33:26.826 [main] INFO  c.a.n.c.r.client - [printIfInfoEnabled,60] - [972d0389-039c-4f40-a097-4c6adb5117a3] RpcClient init, ServerListFactory = com.alibaba.nacos.client.naming.core.ServerListManager
16:33:26.827 [main] INFO  c.a.n.c.r.client - [printIfInfoEnabled,60] - [972d0389-039c-4f40-a097-4c6adb5117a3] Registry connection listener to current client:com.alibaba.nacos.client.naming.remote.gprc.redo.NamingGrpcRedoService
16:33:26.827 [main] INFO  c.a.n.c.r.client - [printIfInfoEnabled,60] - [972d0389-039c-4f40-a097-4c6adb5117a3] Register server push request handler:com.alibaba.nacos.client.naming.remote.gprc.NamingPushRequestHandler
16:33:26.827 [main] INFO  c.a.n.c.r.client - [printIfInfoEnabled,60] - [972d0389-039c-4f40-a097-4c6adb5117a3] Try to connect to server on start up, server: {serverIp = '127.0.0.1', server main port = 8848}
16:33:26.946 [main] INFO  c.a.n.c.r.client - [printIfInfoEnabled,60] - [972d0389-039c-4f40-a097-4c6adb5117a3] Success to connect to server [127.0.0.1:8848] on start up, connectionId = 1700555606831_127.0.0.1_56877
16:33:26.947 [main] INFO  c.a.n.c.r.client - [printIfInfoEnabled,60] - [972d0389-039c-4f40-a097-4c6adb5117a3] Register server push request handler:com.alibaba.nacos.common.remote.client.RpcClient$ConnectResetRequestHandler
16:33:26.948 [main] INFO  c.a.n.c.r.client - [printIfInfoEnabled,60] - [972d0389-039c-4f40-a097-4c6adb5117a3] Register server push request handler:com.alibaba.nacos.common.remote.client.RpcClient$$Lambda$338/546886525
16:33:26.948 [com.alibaba.nacos.client.remote.worker] INFO  c.a.n.c.r.client - [printIfInfoEnabled,60] - [972d0389-039c-4f40-a097-4c6adb5117a3] Notify connected event to listeners.
16:33:26.977 [main] INFO  o.a.c.h.Http11NioProtocol - [log,173] - Starting ProtocolHandler ["http-nio-9211"]
16:33:26.993 [main] INFO  c.a.c.n.r.NacosServiceRegistry - [register,75] - nacos registry, DEFAULT_GROUP xmap-information 10.100.62.210:9211 register finished
16:33:27.493 [nacos-grpc-client-executor-8] INFO  c.a.n.c.r.client - [printIfInfoEnabled,60] - [972d0389-039c-4f40-a097-4c6adb5117a3] Receive server push request, request = NotifySubscriberRequest, requestId = 34
16:33:27.499 [nacos-grpc-client-executor-8] INFO  c.a.n.c.r.client - [printIfInfoEnabled,60] - [972d0389-039c-4f40-a097-4c6adb5117a3] Ack server push request, request = NotifySubscriberRequest, requestId = 34
16:33:28.819 [main] INFO  c.x.i.XmapInformationApplication - [logStarted,61] - Started XmapInformationApplication in 15.052 seconds (JVM running for 15.5)
16:33:28.840 [main] INFO  c.a.c.n.r.NacosContextRefresher - [registerNacosListener,129] - [Nacos Config] Listening config: dataId=xmap-information-dev.yml, group=DEFAULT_GROUP
16:33:28.841 [main] INFO  c.a.c.n.r.NacosContextRefresher - [registerNacosListener,129] - [Nacos Config] Listening config: dataId=xmap-information.yml, group=DEFAULT_GROUP
16:33:28.841 [main] INFO  c.a.c.n.r.NacosContextRefresher - [registerNacosListener,129] - [Nacos Config] Listening config: dataId=xmap-information, group=DEFAULT_GROUP
16:34:44.086 [http-nio-9211-exec-1] INFO  o.a.c.c.C.[.[.[/] - [log,173] - Initializing Spring DispatcherServlet 'dispatcherServlet'
17:07:56.532 [SpringApplicationShutdownHook] INFO  c.a.c.n.r.NacosServiceRegistry - [deregister,94] - De-registering from Nacos Server now...
17:07:56.535 [SpringApplicationShutdownHook] INFO  c.a.c.n.r.NacosServiceRegistry - [deregister,114] - De-registration finished.
17:07:56.861 [SpringApplicationShutdownHook] INFO  c.a.n.c.r.client - [shutdown,454] - Shutdown rpc client, set status to shutdown
17:07:56.862 [SpringApplicationShutdownHook] INFO  c.a.n.c.r.client - [shutdown,456] - Shutdown client event executor java.util.concurrent.ScheduledThreadPoolExecutor@1326937f[Running, pool size = 2, active threads = 2, queued tasks = 0, completed tasks = 0]
17:07:56.862 [SpringApplicationShutdownHook] INFO  c.a.n.c.r.client - [closeConnection,591] - Close current connection 1700555606831_127.0.0.1_56877
17:07:56.863 [nacos-grpc-client-executor-434] INFO  c.a.n.c.r.c.g.GrpcClient - [printIfInfoEnabled,60] - [1700555606831_127.0.0.1_56877]Ignore complete event,isRunning:false,isAbandon=false
17:07:56.870 [SpringApplicationShutdownHook] INFO  c.a.n.c.r.c.g.GrpcClient - [shutdown,85] - Shutdown grpc executor java.util.concurrent.ThreadPoolExecutor@e1c8beb[Running, pool size = 5, active threads = 0, queued tasks = 0, completed tasks = 435]
17:07:56.995 [SpringApplicationShutdownHook] INFO  c.b.d.d.DynamicRoutingDataSource - [destroy,211] - dynamic-datasource start closing ....
17:07:56.999 [SpringApplicationShutdownHook] INFO  c.a.d.p.DruidDataSource - [close,2138] - {dataSource-1} closing ...
17:07:57.007 [SpringApplicationShutdownHook] INFO  c.a.d.p.DruidDataSource - [close,2211] - {dataSource-1} closed
17:07:57.007 [SpringApplicationShutdownHook] INFO  c.b.d.d.DynamicRoutingDataSource - [destroy,215] - dynamic-datasource all closed success,bye
17:08:26.241 [background-preinit] INFO  o.h.v.i.util.Version - [<clinit>,21] - HV000001: Hibernate Validator 6.2.5.Final
17:08:27.828 [main] INFO  c.a.n.c.r.client - [lambda$createClient$0,80] - [RpcClientFactory] create a new rpc client of 8d0d7189-309c-4804-a3bc-6ac7c6ee5a2f_config-0
17:08:27.919 [main] INFO  o.r.Reflections - [scan,232] - Reflections took 40 ms to scan 1 urls, producing 3 keys and 6 values 
17:08:27.949 [main] INFO  o.r.Reflections - [scan,232] - Reflections took 11 ms to scan 1 urls, producing 4 keys and 9 values 
17:08:27.959 [main] INFO  o.r.Reflections - [scan,232] - Reflections took 9 ms to scan 1 urls, producing 3 keys and 10 values 
17:08:28.056 [main] INFO  o.r.Reflections - [scan,232] - Reflections took 95 ms to scan 204 urls, producing 0 keys and 0 values 
17:08:28.062 [main] INFO  o.r.Reflections - [scan,232] - Reflections took 6 ms to scan 1 urls, producing 1 keys and 5 values 
17:08:28.071 [main] INFO  o.r.Reflections - [scan,232] - Reflections took 8 ms to scan 1 urls, producing 1 keys and 7 values 
17:08:28.079 [main] INFO  o.r.Reflections - [scan,232] - Reflections took 6 ms to scan 1 urls, producing 2 keys and 8 values 
17:08:28.147 [main] INFO  o.r.Reflections - [scan,232] - Reflections took 65 ms to scan 204 urls, producing 0 keys and 0 values 
17:08:28.148 [main] INFO  c.a.n.c.r.client - [printIfInfoEnabled,60] - [8d0d7189-309c-4804-a3bc-6ac7c6ee5a2f_config-0] RpcClient init label, labels = {module=config, Vipserver-Tag=null, source=sdk, Amory-Tag=null, Location-Tag=null, taskId=0, AppName=unknown}
17:08:28.148 [main] INFO  c.a.n.c.r.client - [printIfInfoEnabled,60] - [8d0d7189-309c-4804-a3bc-6ac7c6ee5a2f_config-0] Register server push request handler:com.alibaba.nacos.client.config.impl.ClientWorker$ConfigRpcTransportClient$$Lambda$328/2093319848
17:08:28.149 [main] INFO  c.a.n.c.r.client - [printIfInfoEnabled,60] - [8d0d7189-309c-4804-a3bc-6ac7c6ee5a2f_config-0] Register server push request handler:com.alibaba.nacos.client.config.impl.ClientWorker$ConfigRpcTransportClient$$Lambda$329/2109027570
17:08:28.149 [main] INFO  c.a.n.c.r.client - [printIfInfoEnabled,60] - [8d0d7189-309c-4804-a3bc-6ac7c6ee5a2f_config-0] Registry connection listener to current client:com.alibaba.nacos.client.config.impl.ClientWorker$ConfigRpcTransportClient$1
17:08:28.149 [main] INFO  c.a.n.c.r.client - [printIfInfoEnabled,60] - [8d0d7189-309c-4804-a3bc-6ac7c6ee5a2f_config-0] RpcClient init, ServerListFactory = com.alibaba.nacos.client.config.impl.ClientWorker$ConfigRpcTransportClient$2
17:08:28.155 [main] INFO  c.a.n.c.r.client - [printIfInfoEnabled,60] - [8d0d7189-309c-4804-a3bc-6ac7c6ee5a2f_config-0] Try to connect to server on start up, server: {serverIp = '127.0.0.1', server main port = 8848}
17:08:29.043 [main] INFO  c.a.n.c.r.client - [printIfInfoEnabled,60] - [8d0d7189-309c-4804-a3bc-6ac7c6ee5a2f_config-0] Success to connect to server [127.0.0.1:8848] on start up, connectionId = 1700557708890_127.0.0.1_58727
17:08:29.045 [com.alibaba.nacos.client.remote.worker] INFO  c.a.n.c.r.client - [printIfInfoEnabled,60] - [8d0d7189-309c-4804-a3bc-6ac7c6ee5a2f_config-0] Notify connected event to listeners.
17:08:29.046 [main] INFO  c.a.n.c.r.client - [printIfInfoEnabled,60] - [8d0d7189-309c-4804-a3bc-6ac7c6ee5a2f_config-0] Register server push request handler:com.alibaba.nacos.common.remote.client.RpcClient$ConnectResetRequestHandler
17:08:29.047 [main] INFO  c.a.n.c.r.client - [printIfInfoEnabled,60] - [8d0d7189-309c-4804-a3bc-6ac7c6ee5a2f_config-0] Register server push request handler:com.alibaba.nacos.common.remote.client.RpcClient$$Lambda$338/546886525
17:08:29.110 [main] INFO  c.x.i.XmapInformationApplication - [logStartupProfileInfo,637] - The following 1 profile is active: "dev"
17:08:31.367 [main] INFO  o.a.c.h.Http11NioProtocol - [log,173] - Initializing ProtocolHandler ["http-nio-9211"]
17:08:31.368 [main] INFO  o.a.c.c.StandardService - [log,173] - Starting service [Tomcat]
17:08:31.368 [main] INFO  o.a.c.c.StandardEngine - [log,173] - Starting Servlet engine: [Apache Tomcat/9.0.70]
17:08:31.678 [main] INFO  o.a.c.c.C.[.[.[/] - [log,173] - Initializing Spring embedded WebApplicationContext
17:08:32.146 [main] INFO  c.a.d.p.DruidDataSource - [init,996] - {dataSource-1,master} inited
17:08:32.147 [main] INFO  c.b.d.d.DynamicRoutingDataSource - [addDataSource,154] - dynamic-datasource - add a datasource named [master] success
17:08:32.147 [main] INFO  c.b.d.d.DynamicRoutingDataSource - [afterPropertiesSet,234] - dynamic-datasource initial loaded [1] datasource,primary datasource named [master]
17:08:33.752 [main] INFO  c.a.c.s.SentinelWebMvcConfigurer - [addInterceptors,52] - [Sentinel Starter] register SentinelWebInterceptor with urlPatterns: [/**].
17:08:37.489 [main] INFO  c.a.n.c.r.client - [lambda$createClient$0,80] - [RpcClientFactory] create a new rpc client of 87d5fd05-3552-47d7-86b1-9a1c49ea4bdf
17:08:37.489 [main] INFO  c.a.n.c.r.client - [printIfInfoEnabled,60] - [87d5fd05-3552-47d7-86b1-9a1c49ea4bdf] RpcClient init label, labels = {module=naming, source=sdk}
17:08:37.490 [main] INFO  c.a.n.c.r.client - [printIfInfoEnabled,60] - [87d5fd05-3552-47d7-86b1-9a1c49ea4bdf] RpcClient init, ServerListFactory = com.alibaba.nacos.client.naming.core.ServerListManager
17:08:37.490 [main] INFO  c.a.n.c.r.client - [printIfInfoEnabled,60] - [87d5fd05-3552-47d7-86b1-9a1c49ea4bdf] Registry connection listener to current client:com.alibaba.nacos.client.naming.remote.gprc.redo.NamingGrpcRedoService
17:08:37.490 [main] INFO  c.a.n.c.r.client - [printIfInfoEnabled,60] - [87d5fd05-3552-47d7-86b1-9a1c49ea4bdf] Register server push request handler:com.alibaba.nacos.client.naming.remote.gprc.NamingPushRequestHandler
17:08:37.492 [main] INFO  c.a.n.c.r.client - [printIfInfoEnabled,60] - [87d5fd05-3552-47d7-86b1-9a1c49ea4bdf] Try to connect to server on start up, server: {serverIp = '127.0.0.1', server main port = 8848}
17:08:37.611 [main] INFO  c.a.n.c.r.client - [printIfInfoEnabled,60] - [87d5fd05-3552-47d7-86b1-9a1c49ea4bdf] Success to connect to server [127.0.0.1:8848] on start up, connectionId = 1700557717495_127.0.0.1_58737
17:08:37.612 [main] INFO  c.a.n.c.r.client - [printIfInfoEnabled,60] - [87d5fd05-3552-47d7-86b1-9a1c49ea4bdf] Register server push request handler:com.alibaba.nacos.common.remote.client.RpcClient$ConnectResetRequestHandler
17:08:37.613 [main] INFO  c.a.n.c.r.client - [printIfInfoEnabled,60] - [87d5fd05-3552-47d7-86b1-9a1c49ea4bdf] Register server push request handler:com.alibaba.nacos.common.remote.client.RpcClient$$Lambda$338/546886525
17:08:37.619 [com.alibaba.nacos.client.remote.worker] INFO  c.a.n.c.r.client - [printIfInfoEnabled,60] - [87d5fd05-3552-47d7-86b1-9a1c49ea4bdf] Notify connected event to listeners.
17:08:37.642 [main] INFO  o.a.c.h.Http11NioProtocol - [log,173] - Starting ProtocolHandler ["http-nio-9211"]
17:08:37.659 [main] INFO  c.a.c.n.r.NacosServiceRegistry - [register,75] - nacos registry, DEFAULT_GROUP xmap-information 10.100.62.210:9211 register finished
17:08:38.189 [nacos-grpc-client-executor-7] INFO  c.a.n.c.r.client - [printIfInfoEnabled,60] - [87d5fd05-3552-47d7-86b1-9a1c49ea4bdf] Receive server push request, request = NotifySubscriberRequest, requestId = 36
17:08:38.195 [nacos-grpc-client-executor-7] INFO  c.a.n.c.r.client - [printIfInfoEnabled,60] - [87d5fd05-3552-47d7-86b1-9a1c49ea4bdf] Ack server push request, request = NotifySubscriberRequest, requestId = 36
17:08:39.454 [main] INFO  c.x.i.XmapInformationApplication - [logStarted,61] - Started XmapInformationApplication in 14.779 seconds (JVM running for 15.221)
17:08:39.470 [main] INFO  c.a.c.n.r.NacosContextRefresher - [registerNacosListener,129] - [Nacos Config] Listening config: dataId=xmap-information-dev.yml, group=DEFAULT_GROUP
17:08:39.471 [main] INFO  c.a.c.n.r.NacosContextRefresher - [registerNacosListener,129] - [Nacos Config] Listening config: dataId=xmap-information.yml, group=DEFAULT_GROUP
17:08:39.471 [main] INFO  c.a.c.n.r.NacosContextRefresher - [registerNacosListener,129] - [Nacos Config] Listening config: dataId=xmap-information, group=DEFAULT_GROUP
17:08:45.455 [http-nio-9211-exec-1] INFO  o.a.c.c.C.[.[.[/] - [log,173] - Initializing Spring DispatcherServlet 'dispatcherServlet'
18:20:44.928 [nacos-grpc-client-executor-817] INFO  c.a.n.c.r.client - [printIfInfoEnabled,60] - [8d0d7189-309c-4804-a3bc-6ac7c6ee5a2f_config-0] Receive server push request, request = ClientDetectionRequest, requestId = 41
18:20:44.928 [nacos-grpc-client-executor-817] INFO  c.a.n.c.r.client - [printIfInfoEnabled,60] - [8d0d7189-309c-4804-a3bc-6ac7c6ee5a2f_config-0] Ack server push request, request = ClientDetectionRequest, requestId = 41
18:21:22.334 [SpringApplicationShutdownHook] INFO  c.a.c.n.r.NacosServiceRegistry - [deregister,94] - De-registering from Nacos Server now...
18:21:22.334 [SpringApplicationShutdownHook] INFO  c.a.c.n.r.NacosServiceRegistry - [deregister,114] - De-registration finished.
18:21:22.676 [SpringApplicationShutdownHook] INFO  c.a.n.c.r.client - [shutdown,454] - Shutdown rpc client, set status to shutdown
18:21:22.677 [SpringApplicationShutdownHook] INFO  c.a.n.c.r.client - [shutdown,456] - Shutdown client event executor java.util.concurrent.ScheduledThreadPoolExecutor@212f9f2a[Running, pool size = 2, active threads = 2, queued tasks = 0, completed tasks = 0]
18:21:22.677 [SpringApplicationShutdownHook] INFO  c.a.n.c.r.client - [closeConnection,591] - Close current connection 1700557717495_127.0.0.1_58737
18:21:22.679 [nacos-grpc-client-executor-818] INFO  c.a.n.c.r.c.g.GrpcClient - [printIfInfoEnabled,60] - [1700557717495_127.0.0.1_58737]Ignore complete event,isRunning:false,isAbandon=false
18:21:22.682 [SpringApplicationShutdownHook] INFO  c.a.n.c.r.c.g.GrpcClient - [shutdown,85] - Shutdown grpc executor java.util.concurrent.ThreadPoolExecutor@777a90a4[Running, pool size = 5, active threads = 0, queued tasks = 0, completed tasks = 819]
18:21:22.929 [SpringApplicationShutdownHook] INFO  c.b.d.d.DynamicRoutingDataSource - [destroy,211] - dynamic-datasource start closing ....
18:21:22.929 [SpringApplicationShutdownHook] INFO  c.a.d.p.DruidDataSource - [close,2138] - {dataSource-1} closing ...
18:21:22.946 [SpringApplicationShutdownHook] INFO  c.a.d.p.DruidDataSource - [close,2211] - {dataSource-1} closed
18:21:22.947 [SpringApplicationShutdownHook] INFO  c.b.d.d.DynamicRoutingDataSource - [destroy,215] - dynamic-datasource all closed success,bye
