09:00:42.510 [background-preinit] INFO  o.h.v.i.util.Version - [<clinit>,21] - HV000001: Hibernate Validator 6.2.5.Final
09:00:48.647 [main] INFO  c.a.n.c.r.client - [lambda$createClient$0,80] - [RpcClientFactory] create a new rpc client of 02a55c35-a74b-46b9-b9f8-bf0e31cb8d4c_config-0
09:00:48.721 [main] INFO  o.r.Reflections - [scan,232] - Reflections took 55 ms to scan 1 urls, producing 3 keys and 6 values 
09:00:48.763 [main] INFO  o.r.Reflections - [scan,232] - Reflections took 26 ms to scan 1 urls, producing 4 keys and 9 values 
09:00:48.779 [main] INFO  o.r.Reflections - [scan,232] - Reflections took 13 ms to scan 1 urls, producing 3 keys and 10 values 
09:00:49.087 [main] INFO  o.r.Reflections - [scan,232] - Reflections took 305 ms to scan 199 urls, producing 0 keys and 0 values 
09:00:49.100 [main] INFO  o.r.Reflections - [scan,232] - Reflections took 12 ms to scan 1 urls, producing 1 keys and 5 values 
09:00:49.116 [main] INFO  o.r.Reflections - [scan,232] - Reflections took 14 ms to scan 1 urls, producing 1 keys and 7 values 
09:00:49.130 [main] INFO  o.r.Reflections - [scan,232] - Reflections took 12 ms to scan 1 urls, producing 2 keys and 8 values 
09:00:49.320 [main] INFO  o.r.Reflections - [scan,232] - Reflections took 188 ms to scan 199 urls, producing 0 keys and 0 values 
09:00:49.321 [main] INFO  c.a.n.c.r.client - [printIfInfoEnabled,60] - [02a55c35-a74b-46b9-b9f8-bf0e31cb8d4c_config-0] RpcClient init label, labels = {module=config, Vipserver-Tag=null, source=sdk, Amory-Tag=null, Location-Tag=null, taskId=0, AppName=unknown}
09:00:49.322 [main] INFO  c.a.n.c.r.client - [printIfInfoEnabled,60] - [02a55c35-a74b-46b9-b9f8-bf0e31cb8d4c_config-0] Register server push request handler:com.alibaba.nacos.client.config.impl.ClientWorker$ConfigRpcTransportClient$$Lambda$334/832145584
09:00:49.322 [main] INFO  c.a.n.c.r.client - [printIfInfoEnabled,60] - [02a55c35-a74b-46b9-b9f8-bf0e31cb8d4c_config-0] Register server push request handler:com.alibaba.nacos.client.config.impl.ClientWorker$ConfigRpcTransportClient$$Lambda$335/224060798
09:00:49.323 [main] INFO  c.a.n.c.r.client - [printIfInfoEnabled,60] - [02a55c35-a74b-46b9-b9f8-bf0e31cb8d4c_config-0] Registry connection listener to current client:com.alibaba.nacos.client.config.impl.ClientWorker$ConfigRpcTransportClient$1
09:00:49.323 [main] INFO  c.a.n.c.r.client - [printIfInfoEnabled,60] - [02a55c35-a74b-46b9-b9f8-bf0e31cb8d4c_config-0] RpcClient init, ServerListFactory = com.alibaba.nacos.client.config.impl.ClientWorker$ConfigRpcTransportClient$2
09:00:49.329 [main] INFO  c.a.n.c.r.client - [printIfInfoEnabled,60] - [02a55c35-a74b-46b9-b9f8-bf0e31cb8d4c_config-0] Try to connect to server on start up, server: {serverIp = '127.0.0.1', server main port = 8848}
09:01:02.344 [main] INFO  c.a.n.c.r.client - [printIfInfoEnabled,60] - [02a55c35-a74b-46b9-b9f8-bf0e31cb8d4c_config-0] Try to connect to server on start up, server: {serverIp = '127.0.0.1', server main port = 8848}
09:01:05.361 [main] INFO  c.a.n.c.r.client - [printIfInfoEnabled,60] - [02a55c35-a74b-46b9-b9f8-bf0e31cb8d4c_config-0] Try to connect to server on start up, server: {serverIp = '127.0.0.1', server main port = 8848}
09:01:08.365 [com.alibaba.nacos.client.remote.worker] INFO  c.a.n.c.r.client - [printIfInfoEnabled,60] - [02a55c35-a74b-46b9-b9f8-bf0e31cb8d4c_config-0] Try to reconnect to a new server, server is  not appointed, will choose a random server.
09:01:08.366 [main] INFO  c.a.n.c.r.client - [printIfInfoEnabled,60] - [02a55c35-a74b-46b9-b9f8-bf0e31cb8d4c_config-0] Register server push request handler:com.alibaba.nacos.common.remote.client.RpcClient$ConnectResetRequestHandler
09:01:08.367 [main] INFO  c.a.n.c.r.client - [printIfInfoEnabled,60] - [02a55c35-a74b-46b9-b9f8-bf0e31cb8d4c_config-0] Register server push request handler:com.alibaba.nacos.common.remote.client.RpcClient$$Lambda$344/521331027
09:01:09.749 [main] INFO  c.x.c.XmapCommonServiceApplication - [logStartupProfileInfo,637] - The following 1 profile is active: "dev"
09:01:12.312 [main] INFO  o.a.c.h.Http11NioProtocol - [log,173] - Initializing ProtocolHandler ["http-nio-9208"]
09:01:12.323 [main] INFO  o.a.c.c.StandardService - [log,173] - Starting service [Tomcat]
09:01:12.323 [main] INFO  o.a.c.c.StandardEngine - [log,173] - Starting Servlet engine: [Apache Tomcat/9.0.70]
09:01:12.488 [com.alibaba.nacos.client.remote.worker] INFO  c.a.n.c.r.client - [printIfInfoEnabled,60] - [02a55c35-a74b-46b9-b9f8-bf0e31cb8d4c_config-0] Success to connect a server [127.0.0.1:8848], connectionId = 1693443672299_127.0.0.1_50729
09:01:12.488 [com.alibaba.nacos.client.remote.worker] INFO  c.a.n.c.r.client - [printIfInfoEnabled,60] - [02a55c35-a74b-46b9-b9f8-bf0e31cb8d4c_config-0] Notify connected event to listeners.
09:01:12.514 [main] INFO  o.a.c.c.C.[.[.[/] - [log,173] - Initializing Spring embedded WebApplicationContext
09:01:23.331 [main] INFO  c.a.d.p.DruidDataSource - [init,996] - {dataSource-1,master} inited
09:01:23.366 [main] INFO  o.a.c.c.StandardService - [log,173] - Stopping service [Tomcat]
