11:24:46.052 [background-preinit] INFO  o.h.v.i.util.Version - [<clinit>,21] - HV000001: Hibernate Validator 6.2.5.Final
11:24:54.313 [main] INFO  c.a.n.c.r.client - [lambda$createClient$0,80] - [RpcClientFactory] create a new rpc client of 8ef4ea68-6f70-48c6-a64b-594c7de8a56c_config-0
11:24:54.363 [main] INFO  o.r.Reflections - [scan,232] - Reflections took 32 ms to scan 1 urls, producing 3 keys and 6 values 
11:24:54.396 [main] INFO  o.r.Reflections - [scan,232] - Reflections took 19 ms to scan 1 urls, producing 4 keys and 9 values 
11:24:54.417 [main] INFO  o.r.Reflections - [scan,232] - Reflections took 19 ms to scan 1 urls, producing 3 keys and 10 values 
11:24:54.642 [main] INFO  o.r.Reflections - [scan,232] - Reflections took 222 ms to scan 199 urls, producing 0 keys and 0 values 
11:24:54.669 [main] INFO  o.r.Reflections - [scan,232] - Reflections took 14 ms to scan 1 urls, producing 1 keys and 5 values 
11:24:54.685 [main] INFO  o.r.Reflections - [scan,232] - Reflections took 14 ms to scan 1 urls, producing 1 keys and 7 values 
11:24:54.696 [main] INFO  o.r.Reflections - [scan,232] - Reflections took 9 ms to scan 1 urls, producing 2 keys and 8 values 
11:24:54.880 [main] INFO  o.r.Reflections - [scan,232] - Reflections took 181 ms to scan 199 urls, producing 0 keys and 0 values 
11:24:54.881 [main] INFO  c.a.n.c.r.client - [printIfInfoEnabled,60] - [8ef4ea68-6f70-48c6-a64b-594c7de8a56c_config-0] RpcClient init label, labels = {module=config, Vipserver-Tag=null, source=sdk, Amory-Tag=null, Location-Tag=null, taskId=0, AppName=unknown}
11:24:54.881 [main] INFO  c.a.n.c.r.client - [printIfInfoEnabled,60] - [8ef4ea68-6f70-48c6-a64b-594c7de8a56c_config-0] Register server push request handler:com.alibaba.nacos.client.config.impl.ClientWorker$ConfigRpcTransportClient$$Lambda$334/832145584
11:24:54.882 [main] INFO  c.a.n.c.r.client - [printIfInfoEnabled,60] - [8ef4ea68-6f70-48c6-a64b-594c7de8a56c_config-0] Register server push request handler:com.alibaba.nacos.client.config.impl.ClientWorker$ConfigRpcTransportClient$$Lambda$335/224060798
11:24:54.882 [main] INFO  c.a.n.c.r.client - [printIfInfoEnabled,60] - [8ef4ea68-6f70-48c6-a64b-594c7de8a56c_config-0] Registry connection listener to current client:com.alibaba.nacos.client.config.impl.ClientWorker$ConfigRpcTransportClient$1
11:24:54.883 [main] INFO  c.a.n.c.r.client - [printIfInfoEnabled,60] - [8ef4ea68-6f70-48c6-a64b-594c7de8a56c_config-0] RpcClient init, ServerListFactory = com.alibaba.nacos.client.config.impl.ClientWorker$ConfigRpcTransportClient$2
11:24:54.889 [main] INFO  c.a.n.c.r.client - [printIfInfoEnabled,60] - [8ef4ea68-6f70-48c6-a64b-594c7de8a56c_config-0] Try to connect to server on start up, server: {serverIp = '127.0.0.1', server main port = 8848}
11:25:07.862 [main] INFO  c.a.n.c.r.client - [printIfInfoEnabled,60] - [8ef4ea68-6f70-48c6-a64b-594c7de8a56c_config-0] Try to connect to server on start up, server: {serverIp = '127.0.0.1', server main port = 8848}
11:25:10.872 [main] INFO  c.a.n.c.r.client - [printIfInfoEnabled,60] - [8ef4ea68-6f70-48c6-a64b-594c7de8a56c_config-0] Try to connect to server on start up, server: {serverIp = '127.0.0.1', server main port = 8848}
11:25:13.887 [com.alibaba.nacos.client.remote.worker] INFO  c.a.n.c.r.client - [printIfInfoEnabled,60] - [8ef4ea68-6f70-48c6-a64b-594c7de8a56c_config-0] Try to reconnect to a new server, server is  not appointed, will choose a random server.
11:25:13.923 [main] INFO  c.a.n.c.r.client - [printIfInfoEnabled,60] - [8ef4ea68-6f70-48c6-a64b-594c7de8a56c_config-0] Register server push request handler:com.alibaba.nacos.common.remote.client.RpcClient$ConnectResetRequestHandler
11:25:13.924 [main] INFO  c.a.n.c.r.client - [printIfInfoEnabled,60] - [8ef4ea68-6f70-48c6-a64b-594c7de8a56c_config-0] Register server push request handler:com.alibaba.nacos.common.remote.client.RpcClient$$Lambda$344/521331027
11:25:15.293 [main] INFO  c.x.c.XmapCommonServiceApplication - [logStartupProfileInfo,637] - The following 1 profile is active: "dev"
11:25:17.231 [com.alibaba.nacos.client.remote.worker] INFO  c.a.n.c.r.client - [printIfInfoEnabled,60] - [8ef4ea68-6f70-48c6-a64b-594c7de8a56c_config-0] Success to connect a server [127.0.0.1:8848], connectionId = 1690946717049_127.0.0.1_55466
11:25:17.231 [com.alibaba.nacos.client.remote.worker] INFO  c.a.n.c.r.client - [printIfInfoEnabled,60] - [8ef4ea68-6f70-48c6-a64b-594c7de8a56c_config-0] Notify connected event to listeners.
11:25:17.671 [main] INFO  o.a.c.h.Http11NioProtocol - [log,173] - Initializing ProtocolHandler ["http-nio-9208"]
11:25:17.672 [main] INFO  o.a.c.c.StandardService - [log,173] - Starting service [Tomcat]
11:25:17.672 [main] INFO  o.a.c.c.StandardEngine - [log,173] - Starting Servlet engine: [Apache Tomcat/9.0.70]
11:25:17.870 [main] INFO  o.a.c.c.C.[.[.[/] - [log,173] - Initializing Spring embedded WebApplicationContext
11:25:29.313 [main] INFO  c.a.d.p.DruidDataSource - [init,996] - {dataSource-1,master} inited
11:25:29.348 [main] INFO  o.a.c.c.StandardService - [log,173] - Stopping service [Tomcat]
