11:55:48.446 [background-preinit] INFO  o.h.v.i.util.Version - [<clinit>,21] - HV000001: Hibernate Validator 6.2.5.Final
11:55:51.807 [main] INFO  c.a.n.c.r.client - [lambda$createClient$0,80] - [RpcClientFactory] create a new rpc client of 771ade88-2411-4bd5-862a-bdf8d63e472d_config-0
11:55:51.883 [main] INFO  o.r.Reflections - [scan,232] - Reflections took 56 ms to scan 1 urls, producing 3 keys and 6 values 
11:55:51.922 [main] INFO  o.r.Reflections - [scan,232] - Reflections took 19 ms to scan 1 urls, producing 4 keys and 9 values 
11:55:51.944 [main] INFO  o.r.Reflections - [scan,232] - Reflections took 19 ms to scan 1 urls, producing 3 keys and 10 values 
11:55:52.173 [main] INFO  o.r.Reflections - [scan,232] - Reflections took 223 ms to scan 199 urls, producing 0 keys and 0 values 
11:55:52.199 [main] INFO  o.r.Reflections - [scan,232] - Reflections took 13 ms to scan 1 urls, producing 1 keys and 5 values 
11:55:52.218 [main] INFO  o.r.Reflections - [scan,232] - Reflections took 17 ms to scan 1 urls, producing 1 keys and 7 values 
11:55:52.235 [main] INFO  o.r.Reflections - [scan,232] - Reflections took 16 ms to scan 1 urls, producing 2 keys and 8 values 
11:55:52.467 [main] INFO  o.r.Reflections - [scan,232] - Reflections took 229 ms to scan 199 urls, producing 0 keys and 0 values 
11:55:52.468 [main] INFO  c.a.n.c.r.client - [printIfInfoEnabled,60] - [771ade88-2411-4bd5-862a-bdf8d63e472d_config-0] RpcClient init label, labels = {module=config, Vipserver-Tag=null, source=sdk, Amory-Tag=null, Location-Tag=null, taskId=0, AppName=unknown}
11:55:52.469 [main] INFO  c.a.n.c.r.client - [printIfInfoEnabled,60] - [771ade88-2411-4bd5-862a-bdf8d63e472d_config-0] Register server push request handler:com.alibaba.nacos.client.config.impl.ClientWorker$ConfigRpcTransportClient$$Lambda$334/832145584
11:55:52.470 [main] INFO  c.a.n.c.r.client - [printIfInfoEnabled,60] - [771ade88-2411-4bd5-862a-bdf8d63e472d_config-0] Register server push request handler:com.alibaba.nacos.client.config.impl.ClientWorker$ConfigRpcTransportClient$$Lambda$335/224060798
11:55:52.471 [main] INFO  c.a.n.c.r.client - [printIfInfoEnabled,60] - [771ade88-2411-4bd5-862a-bdf8d63e472d_config-0] Registry connection listener to current client:com.alibaba.nacos.client.config.impl.ClientWorker$ConfigRpcTransportClient$1
11:55:52.472 [main] INFO  c.a.n.c.r.client - [printIfInfoEnabled,60] - [771ade88-2411-4bd5-862a-bdf8d63e472d_config-0] RpcClient init, ServerListFactory = com.alibaba.nacos.client.config.impl.ClientWorker$ConfigRpcTransportClient$2
11:55:52.484 [main] INFO  c.a.n.c.r.client - [printIfInfoEnabled,60] - [771ade88-2411-4bd5-862a-bdf8d63e472d_config-0] Try to connect to server on start up, server: {serverIp = '127.0.0.1', server main port = 8848}
11:55:59.316 [main] INFO  c.a.n.c.r.client - [printIfInfoEnabled,60] - [771ade88-2411-4bd5-862a-bdf8d63e472d_config-0] Try to connect to server on start up, server: {serverIp = '127.0.0.1', server main port = 8848}
11:56:02.367 [main] INFO  c.a.n.c.r.client - [printIfInfoEnabled,60] - [771ade88-2411-4bd5-862a-bdf8d63e472d_config-0] Success to connect to server [127.0.0.1:8848] on start up, connectionId = 1691380562150_127.0.0.1_59395
11:56:02.368 [com.alibaba.nacos.client.remote.worker] INFO  c.a.n.c.r.client - [printIfInfoEnabled,60] - [771ade88-2411-4bd5-862a-bdf8d63e472d_config-0] Notify connected event to listeners.
11:56:02.369 [main] INFO  c.a.n.c.r.client - [printIfInfoEnabled,60] - [771ade88-2411-4bd5-862a-bdf8d63e472d_config-0] Register server push request handler:com.alibaba.nacos.common.remote.client.RpcClient$ConnectResetRequestHandler
11:56:02.370 [main] INFO  c.a.n.c.r.client - [printIfInfoEnabled,60] - [771ade88-2411-4bd5-862a-bdf8d63e472d_config-0] Register server push request handler:com.alibaba.nacos.common.remote.client.RpcClient$$Lambda$344/2088969892
11:56:02.457 [main] INFO  c.x.a.XmapAppletApplication - [logStartupProfileInfo,637] - The following 1 profile is active: "dev"
11:56:05.454 [main] INFO  o.a.c.h.Http11NioProtocol - [log,173] - Initializing ProtocolHandler ["http-nio-9206"]
11:56:05.466 [main] INFO  o.a.c.c.StandardService - [log,173] - Starting service [Tomcat]
11:56:05.467 [main] INFO  o.a.c.c.StandardEngine - [log,173] - Starting Servlet engine: [Apache Tomcat/9.0.70]
11:56:05.731 [main] INFO  o.a.c.c.C.[.[.[/] - [log,173] - Initializing Spring embedded WebApplicationContext
11:56:14.173 [main] INFO  c.a.d.p.DruidDataSource - [init,996] - {dataSource-1,master} inited
11:56:14.174 [main] INFO  c.b.d.d.DynamicRoutingDataSource - [addDataSource,154] - dynamic-datasource - add a datasource named [master] success
11:56:14.175 [main] INFO  c.b.d.d.DynamicRoutingDataSource - [afterPropertiesSet,234] - dynamic-datasource initial loaded [1] datasource,primary datasource named [master]
11:56:15.356 [main] INFO  c.a.c.s.SentinelWebMvcConfigurer - [addInterceptors,52] - [Sentinel Starter] register SentinelWebInterceptor with urlPatterns: [/**].
11:56:33.494 [main] INFO  c.a.n.c.r.client - [lambda$createClient$0,80] - [RpcClientFactory] create a new rpc client of 00e60a73-a3ce-46fd-8a39-02cbbec772ff
11:56:33.494 [main] INFO  c.a.n.c.r.client - [printIfInfoEnabled,60] - [00e60a73-a3ce-46fd-8a39-02cbbec772ff] RpcClient init label, labels = {module=naming, source=sdk}
11:56:33.496 [main] INFO  c.a.n.c.r.client - [printIfInfoEnabled,60] - [00e60a73-a3ce-46fd-8a39-02cbbec772ff] RpcClient init, ServerListFactory = com.alibaba.nacos.client.naming.core.ServerListManager
11:56:33.496 [main] INFO  c.a.n.c.r.client - [printIfInfoEnabled,60] - [00e60a73-a3ce-46fd-8a39-02cbbec772ff] Registry connection listener to current client:com.alibaba.nacos.client.naming.remote.gprc.redo.NamingGrpcRedoService
11:56:33.497 [main] INFO  c.a.n.c.r.client - [printIfInfoEnabled,60] - [00e60a73-a3ce-46fd-8a39-02cbbec772ff] Register server push request handler:com.alibaba.nacos.client.naming.remote.gprc.NamingPushRequestHandler
11:56:33.497 [main] INFO  c.a.n.c.r.client - [printIfInfoEnabled,60] - [00e60a73-a3ce-46fd-8a39-02cbbec772ff] Try to connect to server on start up, server: {serverIp = '127.0.0.1', server main port = 8848}
11:56:33.619 [main] INFO  c.a.n.c.r.client - [printIfInfoEnabled,60] - [00e60a73-a3ce-46fd-8a39-02cbbec772ff] Success to connect to server [127.0.0.1:8848] on start up, connectionId = 1691380593505_127.0.0.1_59783
11:56:33.619 [com.alibaba.nacos.client.remote.worker] INFO  c.a.n.c.r.client - [printIfInfoEnabled,60] - [00e60a73-a3ce-46fd-8a39-02cbbec772ff] Notify connected event to listeners.
11:56:33.619 [main] INFO  c.a.n.c.r.client - [printIfInfoEnabled,60] - [00e60a73-a3ce-46fd-8a39-02cbbec772ff] Register server push request handler:com.alibaba.nacos.common.remote.client.RpcClient$ConnectResetRequestHandler
11:56:33.619 [main] INFO  c.a.n.c.r.client - [printIfInfoEnabled,60] - [00e60a73-a3ce-46fd-8a39-02cbbec772ff] Register server push request handler:com.alibaba.nacos.common.remote.client.RpcClient$$Lambda$344/2088969892
11:56:33.670 [main] INFO  o.a.c.h.Http11NioProtocol - [log,173] - Starting ProtocolHandler ["http-nio-9206"]
11:56:33.711 [main] INFO  c.a.c.n.r.NacosServiceRegistry - [register,75] - nacos registry, DEFAULT_GROUP xmap-applet 10.100.4.8:9206 register finished
11:56:34.352 [nacos-grpc-client-executor-5] INFO  c.a.n.c.r.client - [printIfInfoEnabled,60] - [00e60a73-a3ce-46fd-8a39-02cbbec772ff] Receive server push request, request = NotifySubscriberRequest, requestId = 27
11:56:34.356 [nacos-grpc-client-executor-5] INFO  c.a.n.c.r.client - [printIfInfoEnabled,60] - [00e60a73-a3ce-46fd-8a39-02cbbec772ff] Ack server push request, request = NotifySubscriberRequest, requestId = 27
11:56:50.004 [main] INFO  c.x.a.XmapAppletApplication - [logStarted,61] - Started XmapAppletApplication in 64.154 seconds (JVM running for 65.698)
11:56:50.017 [main] INFO  c.a.c.n.r.NacosContextRefresher - [registerNacosListener,129] - [Nacos Config] Listening config: dataId=xmap-applet.yml, group=DEFAULT_GROUP
11:56:50.018 [main] INFO  c.a.c.n.r.NacosContextRefresher - [registerNacosListener,129] - [Nacos Config] Listening config: dataId=xmap-applet-dev.yml, group=DEFAULT_GROUP
11:56:50.019 [main] INFO  c.a.c.n.r.NacosContextRefresher - [registerNacosListener,129] - [Nacos Config] Listening config: dataId=xmap-applet, group=DEFAULT_GROUP
11:56:55.023 [RMI TCP Connection(3)-10.100.4.8] INFO  o.a.c.c.C.[.[.[/] - [log,173] - Initializing Spring DispatcherServlet 'dispatcherServlet'
14:02:05.437 [nacos-grpc-client-executor-678] INFO  c.a.n.c.r.client - [printIfInfoEnabled,60] - [771ade88-2411-4bd5-862a-bdf8d63e472d_config-0] Receive server push request, request = ClientDetectionRequest, requestId = 67
14:02:05.438 [nacos-grpc-client-executor-678] INFO  c.a.n.c.r.client - [printIfInfoEnabled,60] - [771ade88-2411-4bd5-862a-bdf8d63e472d_config-0] Ack server push request, request = ClientDetectionRequest, requestId = 67
14:02:05.440 [nacos-grpc-client-executor-664] INFO  c.a.n.c.r.client - [printIfInfoEnabled,60] - [00e60a73-a3ce-46fd-8a39-02cbbec772ff] Receive server push request, request = ClientDetectionRequest, requestId = 70
14:02:05.440 [nacos-grpc-client-executor-664] INFO  c.a.n.c.r.client - [printIfInfoEnabled,60] - [00e60a73-a3ce-46fd-8a39-02cbbec772ff] Ack server push request, request = ClientDetectionRequest, requestId = 70
20:29:42.612 [lettuce-nioEventLoop-4-1] INFO  i.l.c.p.CommandHandler - [log,217] - null Unexpected exception during request: java.io.IOException: 远程主机强迫关闭了一个现有的连接。
java.io.IOException: 远程主机强迫关闭了一个现有的连接。
	at sun.nio.ch.SocketDispatcher.read0(Native Method)
	at sun.nio.ch.SocketDispatcher.read(SocketDispatcher.java:43)
	at sun.nio.ch.IOUtil.readIntoNativeBuffer(IOUtil.java:223)
	at sun.nio.ch.IOUtil.read(IOUtil.java:192)
	at sun.nio.ch.SocketChannelImpl.read(SocketChannelImpl.java:380)
	at io.netty.buffer.PooledByteBuf.setBytes(PooledByteBuf.java:259)
	at io.netty.buffer.AbstractByteBuf.writeBytes(AbstractByteBuf.java:1132)
	at io.netty.channel.socket.nio.NioSocketChannel.doReadBytes(NioSocketChannel.java:357)
	at io.netty.channel.nio.AbstractNioByteChannel$NioByteUnsafe.read(AbstractNioByteChannel.java:151)
	at io.netty.channel.nio.NioEventLoop.processSelectedKey(NioEventLoop.java:788)
	at io.netty.channel.nio.NioEventLoop.processSelectedKeysOptimized(NioEventLoop.java:724)
	at io.netty.channel.nio.NioEventLoop.processSelectedKeys(NioEventLoop.java:650)
	at io.netty.channel.nio.NioEventLoop.run(NioEventLoop.java:562)
	at io.netty.util.concurrent.SingleThreadEventExecutor$4.run(SingleThreadEventExecutor.java:997)
	at io.netty.util.internal.ThreadExecutorMap$2.run(ThreadExecutorMap.java:74)
	at io.netty.util.concurrent.FastThreadLocalRunnable.run(FastThreadLocalRunnable.java:30)
	at java.lang.Thread.run(Thread.java:748)
20:29:42.640 [lettuce-eventExecutorLoop-1-2] INFO  i.l.c.p.ConnectionWatchdog - [log,171] - Reconnecting, last destination was localhost/127.0.0.1:6379
20:29:42.823 [com.alibaba.nacos.client.remote.worker] INFO  c.a.n.c.r.client - [printIfInfoEnabled,60] - [00e60a73-a3ce-46fd-8a39-02cbbec772ff] Try to reconnect to a new server, server is  not appointed, will choose a random server.
20:29:42.823 [com.alibaba.nacos.client.remote.worker] INFO  c.a.n.c.r.client - [printIfInfoEnabled,60] - [771ade88-2411-4bd5-862a-bdf8d63e472d_config-0] Try to reconnect to a new server, server is  not appointed, will choose a random server.
