15:58:46.832 [background-preinit] INFO  o.h.v.i.util.Version - [<clinit>,21] - HV000001: Hibernate Validator 6.2.5.Final
15:58:48.151 [main] INFO  c.a.n.c.r.client - [lambda$createClient$0,80] - [RpcClientFactory] create a new rpc client of 6f8c9ddd-1a82-415d-bd10-899b2d7e037b_config-0
15:58:48.190 [main] INFO  o.r.Reflections - [scan,232] - Reflections took 26 ms to scan 1 urls, producing 3 keys and 6 values 
15:58:48.214 [main] INFO  o.r.Reflections - [scan,232] - Reflections took 12 ms to scan 1 urls, producing 4 keys and 9 values 
15:58:48.228 [main] INFO  o.r.Reflections - [scan,232] - Reflections took 11 ms to scan 1 urls, producing 3 keys and 10 values 
15:58:48.400 [main] INFO  o.r.Reflections - [scan,232] - Reflections took 169 ms to scan 195 urls, producing 0 keys and 0 values 
15:58:48.411 [main] INFO  o.r.Reflections - [scan,232] - Reflections took 8 ms to scan 1 urls, producing 1 keys and 5 values 
15:58:48.421 [main] INFO  o.r.Reflections - [scan,232] - Reflections took 9 ms to scan 1 urls, producing 1 keys and 7 values 
15:58:48.435 [main] INFO  o.r.Reflections - [scan,232] - Reflections took 11 ms to scan 1 urls, producing 2 keys and 8 values 
15:58:48.571 [main] INFO  o.r.Reflections - [scan,232] - Reflections took 134 ms to scan 195 urls, producing 0 keys and 0 values 
15:58:48.572 [main] INFO  c.a.n.c.r.client - [printIfInfoEnabled,60] - [6f8c9ddd-1a82-415d-bd10-899b2d7e037b_config-0] RpcClient init label, labels = {module=config, Vipserver-Tag=null, source=sdk, Amory-Tag=null, Location-Tag=null, taskId=0, AppName=unknown}
15:58:48.572 [main] INFO  c.a.n.c.r.client - [printIfInfoEnabled,60] - [6f8c9ddd-1a82-415d-bd10-899b2d7e037b_config-0] Register server push request handler:com.alibaba.nacos.client.config.impl.ClientWorker$ConfigRpcTransportClient$$Lambda$335/124494140
15:58:48.572 [main] INFO  c.a.n.c.r.client - [printIfInfoEnabled,60] - [6f8c9ddd-1a82-415d-bd10-899b2d7e037b_config-0] Register server push request handler:com.alibaba.nacos.client.config.impl.ClientWorker$ConfigRpcTransportClient$$Lambda$336/246826139
15:58:48.573 [main] INFO  c.a.n.c.r.client - [printIfInfoEnabled,60] - [6f8c9ddd-1a82-415d-bd10-899b2d7e037b_config-0] Registry connection listener to current client:com.alibaba.nacos.client.config.impl.ClientWorker$ConfigRpcTransportClient$1
15:58:48.574 [main] INFO  c.a.n.c.r.client - [printIfInfoEnabled,60] - [6f8c9ddd-1a82-415d-bd10-899b2d7e037b_config-0] RpcClient init, ServerListFactory = com.alibaba.nacos.client.config.impl.ClientWorker$ConfigRpcTransportClient$2
15:58:48.580 [main] INFO  c.a.n.c.r.client - [printIfInfoEnabled,60] - [6f8c9ddd-1a82-415d-bd10-899b2d7e037b_config-0] Try to connect to server on start up, server: {serverIp = '127.0.0.1', server main port = 8848}
15:58:51.325 [main] INFO  c.a.n.c.r.client - [printIfInfoEnabled,60] - [6f8c9ddd-1a82-415d-bd10-899b2d7e037b_config-0] Success to connect to server [127.0.0.1:8848] on start up, connectionId = 1700121531082_127.0.0.1_14341
15:58:51.325 [com.alibaba.nacos.client.remote.worker] INFO  c.a.n.c.r.client - [printIfInfoEnabled,60] - [6f8c9ddd-1a82-415d-bd10-899b2d7e037b_config-0] Notify connected event to listeners.
15:58:51.326 [main] INFO  c.a.n.c.r.client - [printIfInfoEnabled,60] - [6f8c9ddd-1a82-415d-bd10-899b2d7e037b_config-0] Register server push request handler:com.alibaba.nacos.common.remote.client.RpcClient$ConnectResetRequestHandler
15:58:51.326 [main] INFO  c.a.n.c.r.client - [printIfInfoEnabled,60] - [6f8c9ddd-1a82-415d-bd10-899b2d7e037b_config-0] Register server push request handler:com.alibaba.nacos.common.remote.client.RpcClient$$Lambda$344/1095203437
15:58:51.405 [main] INFO  c.x.g.XmapGenApplication - [logStartupProfileInfo,637] - The following 1 profile is active: "dev"
15:58:53.334 [main] INFO  o.a.c.c.AprLifecycleListener - [log,173] - Loaded Apache Tomcat Native library [1.2.32] using APR version [1.7.0].
15:58:53.334 [main] INFO  o.a.c.c.AprLifecycleListener - [log,173] - APR capabilities: IPv6 [true], sendfile [true], accept filters [false], random [true], UDS [true].
15:58:53.334 [main] INFO  o.a.c.c.AprLifecycleListener - [log,173] - APR/OpenSSL configuration: useAprConnector [false], useOpenSSL [true]
15:58:53.337 [main] INFO  o.a.c.c.AprLifecycleListener - [log,173] - OpenSSL successfully initialized [OpenSSL 1.1.1n  15 Mar 2022]
15:58:53.348 [main] INFO  o.a.c.h.Http11NioProtocol - [log,173] - Initializing ProtocolHandler ["http-nio-9202"]
15:58:53.348 [main] INFO  o.a.c.c.StandardService - [log,173] - Starting service [Tomcat]
15:58:53.349 [main] INFO  o.a.c.c.StandardEngine - [log,173] - Starting Servlet engine: [Apache Tomcat/9.0.70]
15:58:53.494 [main] INFO  o.a.c.c.C.[.[.[/] - [log,173] - Initializing Spring embedded WebApplicationContext
15:58:54.497 [main] INFO  c.a.c.s.SentinelWebMvcConfigurer - [addInterceptors,52] - [Sentinel Starter] register SentinelWebInterceptor with urlPatterns: [/**].
15:58:57.808 [main] INFO  c.a.n.c.r.client - [lambda$createClient$0,80] - [RpcClientFactory] create a new rpc client of ffce4ac7-f1c8-4b7c-9b43-da7c72c038f2
15:58:57.809 [main] INFO  c.a.n.c.r.client - [printIfInfoEnabled,60] - [ffce4ac7-f1c8-4b7c-9b43-da7c72c038f2] RpcClient init label, labels = {module=naming, source=sdk}
15:58:57.810 [main] INFO  c.a.n.c.r.client - [printIfInfoEnabled,60] - [ffce4ac7-f1c8-4b7c-9b43-da7c72c038f2] RpcClient init, ServerListFactory = com.alibaba.nacos.client.naming.core.ServerListManager
15:58:57.810 [main] INFO  c.a.n.c.r.client - [printIfInfoEnabled,60] - [ffce4ac7-f1c8-4b7c-9b43-da7c72c038f2] Registry connection listener to current client:com.alibaba.nacos.client.naming.remote.gprc.redo.NamingGrpcRedoService
15:58:57.810 [main] INFO  c.a.n.c.r.client - [printIfInfoEnabled,60] - [ffce4ac7-f1c8-4b7c-9b43-da7c72c038f2] Register server push request handler:com.alibaba.nacos.client.naming.remote.gprc.NamingPushRequestHandler
15:58:57.810 [main] INFO  c.a.n.c.r.client - [printIfInfoEnabled,60] - [ffce4ac7-f1c8-4b7c-9b43-da7c72c038f2] Try to connect to server on start up, server: {serverIp = '127.0.0.1', server main port = 8848}
15:58:57.927 [main] INFO  c.a.n.c.r.client - [printIfInfoEnabled,60] - [ffce4ac7-f1c8-4b7c-9b43-da7c72c038f2] Success to connect to server [127.0.0.1:8848] on start up, connectionId = 1700121537815_127.0.0.1_14347
15:58:57.927 [com.alibaba.nacos.client.remote.worker] INFO  c.a.n.c.r.client - [printIfInfoEnabled,60] - [ffce4ac7-f1c8-4b7c-9b43-da7c72c038f2] Notify connected event to listeners.
15:58:57.930 [main] INFO  c.a.n.c.r.client - [printIfInfoEnabled,60] - [ffce4ac7-f1c8-4b7c-9b43-da7c72c038f2] Register server push request handler:com.alibaba.nacos.common.remote.client.RpcClient$ConnectResetRequestHandler
15:58:57.931 [main] INFO  c.a.n.c.r.client - [printIfInfoEnabled,60] - [ffce4ac7-f1c8-4b7c-9b43-da7c72c038f2] Register server push request handler:com.alibaba.nacos.common.remote.client.RpcClient$$Lambda$344/1095203437
15:58:57.960 [main] INFO  o.a.c.h.Http11NioProtocol - [log,173] - Starting ProtocolHandler ["http-nio-9202"]
15:58:57.987 [main] INFO  c.a.c.n.r.NacosServiceRegistry - [register,75] - nacos registry, DEFAULT_GROUP xmap-gen 10.100.60.135:9202 register finished
15:58:58.546 [nacos-grpc-client-executor-5] INFO  c.a.n.c.r.client - [printIfInfoEnabled,60] - [ffce4ac7-f1c8-4b7c-9b43-da7c72c038f2] Receive server push request, request = NotifySubscriberRequest, requestId = 24
15:58:58.551 [nacos-grpc-client-executor-5] INFO  c.a.n.c.r.client - [printIfInfoEnabled,60] - [ffce4ac7-f1c8-4b7c-9b43-da7c72c038f2] Ack server push request, request = NotifySubscriberRequest, requestId = 24
15:58:59.110 [main] INFO  c.x.g.XmapGenApplication - [logStarted,61] - Started XmapGenApplication in 13.59 seconds (JVM running for 14.948)
15:58:59.118 [main] INFO  c.a.c.n.r.NacosContextRefresher - [registerNacosListener,129] - [Nacos Config] Listening config: dataId=xmap-gen-dev.yml, group=DEFAULT_GROUP
15:58:59.118 [main] INFO  c.a.c.n.r.NacosContextRefresher - [registerNacosListener,129] - [Nacos Config] Listening config: dataId=xmap-gen.yml, group=DEFAULT_GROUP
15:58:59.118 [main] INFO  c.a.c.n.r.NacosContextRefresher - [registerNacosListener,129] - [Nacos Config] Listening config: dataId=xmap-gen, group=DEFAULT_GROUP
15:59:00.795 [RMI TCP Connection(3)-192.168.137.1] INFO  o.a.c.c.C.[.[.[/] - [log,173] - Initializing Spring DispatcherServlet 'dispatcherServlet'
15:59:00.818 [RMI TCP Connection(2)-192.168.137.1] INFO  c.z.h.HikariDataSource - [getConnection,110] - HikariPool-1 - Starting...
15:59:01.861 [RMI TCP Connection(2)-192.168.137.1] INFO  c.z.h.HikariDataSource - [getConnection,123] - HikariPool-1 - Start completed.
15:59:20.447 [nacos-grpc-client-executor-13] INFO  c.a.n.c.r.client - [printIfInfoEnabled,60] - [ffce4ac7-f1c8-4b7c-9b43-da7c72c038f2] Receive server push request, request = NotifySubscriberRequest, requestId = 26
15:59:20.447 [nacos-grpc-client-executor-13] INFO  c.a.n.c.r.client - [printIfInfoEnabled,60] - [ffce4ac7-f1c8-4b7c-9b43-da7c72c038f2] Ack server push request, request = NotifySubscriberRequest, requestId = 26
21:02:01.967 [SpringApplicationShutdownHook] INFO  c.a.c.n.r.NacosServiceRegistry - [deregister,94] - De-registering from Nacos Server now...
21:02:01.973 [SpringApplicationShutdownHook] INFO  c.a.c.n.r.NacosServiceRegistry - [deregister,114] - De-registration finished.
21:02:02.311 [SpringApplicationShutdownHook] INFO  c.a.n.c.r.client - [shutdown,454] - Shutdown rpc client, set status to shutdown
21:02:02.311 [SpringApplicationShutdownHook] INFO  c.a.n.c.r.client - [shutdown,456] - Shutdown client event executor java.util.concurrent.ScheduledThreadPoolExecutor@5dd381e0[Running, pool size = 2, active threads = 2, queued tasks = 0, completed tasks = 0]
21:02:02.311 [SpringApplicationShutdownHook] INFO  c.a.n.c.r.client - [closeConnection,591] - Close current connection 1700121537815_127.0.0.1_14347
21:02:02.313 [nacos-grpc-client-executor-3645] INFO  c.a.n.c.r.c.g.GrpcClient - [printIfInfoEnabled,60] - [1700121537815_127.0.0.1_14347]Ignore complete event,isRunning:false,isAbandon=false
21:02:02.318 [SpringApplicationShutdownHook] INFO  c.a.n.c.r.c.g.GrpcClient - [shutdown,85] - Shutdown grpc executor java.util.concurrent.ThreadPoolExecutor@207d31c[Running, pool size = 6, active threads = 0, queued tasks = 0, completed tasks = 3646]
21:02:02.486 [SpringApplicationShutdownHook] INFO  c.z.h.HikariDataSource - [close,350] - HikariPool-1 - Shutdown initiated...
21:02:02.509 [SpringApplicationShutdownHook] INFO  c.z.h.HikariDataSource - [close,352] - HikariPool-1 - Shutdown completed.
