09:47:54.603 [background-preinit] INFO  o.h.v.i.util.Version - [<clinit>,21] - HV000001: Hibernate Validator 6.2.5.Final
09:47:56.072 [main] INFO  c.a.n.c.r.client - [lambda$createClient$0,80] - [RpcClientFactory] create a new rpc client of a9581930-8ab0-45cd-8962-43f0d3b93344_config-0
09:47:56.122 [main] INFO  o.r.Reflections - [scan,232] - Reflections took 32 ms to scan 1 urls, producing 3 keys and 6 values 
09:47:56.153 [main] INFO  o.r.Reflections - [scan,232] - Reflections took 15 ms to scan 1 urls, producing 4 keys and 9 values 
09:47:56.167 [main] INFO  o.r.Reflections - [scan,232] - Reflections took 12 ms to scan 1 urls, producing 3 keys and 10 values 
09:47:56.370 [main] INFO  o.r.Reflections - [scan,232] - Reflections took 199 ms to scan 199 urls, producing 0 keys and 0 values 
09:47:56.383 [main] INFO  o.r.Reflections - [scan,232] - Reflections took 12 ms to scan 1 urls, producing 1 keys and 5 values 
09:47:56.397 [main] INFO  o.r.Reflections - [scan,232] - Reflections took 13 ms to scan 1 urls, producing 1 keys and 7 values 
09:47:56.418 [main] INFO  o.r.Reflections - [scan,232] - Reflections took 18 ms to scan 1 urls, producing 2 keys and 8 values 
09:47:56.575 [main] INFO  o.r.Reflections - [scan,232] - Reflections took 155 ms to scan 199 urls, producing 0 keys and 0 values 
09:47:56.576 [main] INFO  c.a.n.c.r.client - [printIfInfoEnabled,60] - [a9581930-8ab0-45cd-8962-43f0d3b93344_config-0] RpcClient init label, labels = {module=config, Vipserver-Tag=null, source=sdk, Amory-Tag=null, Location-Tag=null, taskId=0, AppName=unknown}
09:47:56.577 [main] INFO  c.a.n.c.r.client - [printIfInfoEnabled,60] - [a9581930-8ab0-45cd-8962-43f0d3b93344_config-0] Register server push request handler:com.alibaba.nacos.client.config.impl.ClientWorker$ConfigRpcTransportClient$$Lambda$335/1752535057
09:47:56.577 [main] INFO  c.a.n.c.r.client - [printIfInfoEnabled,60] - [a9581930-8ab0-45cd-8962-43f0d3b93344_config-0] Register server push request handler:com.alibaba.nacos.client.config.impl.ClientWorker$ConfigRpcTransportClient$$Lambda$336/2116299597
09:47:56.579 [main] INFO  c.a.n.c.r.client - [printIfInfoEnabled,60] - [a9581930-8ab0-45cd-8962-43f0d3b93344_config-0] Registry connection listener to current client:com.alibaba.nacos.client.config.impl.ClientWorker$ConfigRpcTransportClient$1
09:47:56.581 [main] INFO  c.a.n.c.r.client - [printIfInfoEnabled,60] - [a9581930-8ab0-45cd-8962-43f0d3b93344_config-0] RpcClient init, ServerListFactory = com.alibaba.nacos.client.config.impl.ClientWorker$ConfigRpcTransportClient$2
09:47:56.587 [main] INFO  c.a.n.c.r.client - [printIfInfoEnabled,60] - [a9581930-8ab0-45cd-8962-43f0d3b93344_config-0] Try to connect to server on start up, server: {serverIp = '127.0.0.1', server main port = 8848}
09:47:59.523 [main] INFO  c.a.n.c.r.client - [printIfInfoEnabled,60] - [a9581930-8ab0-45cd-8962-43f0d3b93344_config-0] Success to connect to server [127.0.0.1:8848] on start up, connectionId = 1698889679315_127.0.0.1_2307
09:47:59.524 [com.alibaba.nacos.client.remote.worker] INFO  c.a.n.c.r.client - [printIfInfoEnabled,60] - [a9581930-8ab0-45cd-8962-43f0d3b93344_config-0] Notify connected event to listeners.
09:47:59.524 [main] INFO  c.a.n.c.r.client - [printIfInfoEnabled,60] - [a9581930-8ab0-45cd-8962-43f0d3b93344_config-0] Register server push request handler:com.alibaba.nacos.common.remote.client.RpcClient$ConnectResetRequestHandler
09:47:59.524 [main] INFO  c.a.n.c.r.client - [printIfInfoEnabled,60] - [a9581930-8ab0-45cd-8962-43f0d3b93344_config-0] Register server push request handler:com.alibaba.nacos.common.remote.client.RpcClient$$Lambda$344/812168041
09:47:59.594 [main] INFO  c.x.s.XmapSystemApplication - [logStartupProfileInfo,637] - The following 1 profile is active: "dev"
09:48:02.347 [main] INFO  o.a.c.c.AprLifecycleListener - [log,173] - Loaded Apache Tomcat Native library [1.2.32] using APR version [1.7.0].
09:48:02.348 [main] INFO  o.a.c.c.AprLifecycleListener - [log,173] - APR capabilities: IPv6 [true], sendfile [true], accept filters [false], random [true], UDS [true].
09:48:02.348 [main] INFO  o.a.c.c.AprLifecycleListener - [log,173] - APR/OpenSSL configuration: useAprConnector [false], useOpenSSL [true]
09:48:02.353 [main] INFO  o.a.c.c.AprLifecycleListener - [log,173] - OpenSSL successfully initialized [OpenSSL 1.1.1n  15 Mar 2022]
09:48:02.366 [main] INFO  o.a.c.h.Http11NioProtocol - [log,173] - Initializing ProtocolHandler ["http-nio-9201"]
09:48:02.367 [main] INFO  o.a.c.c.StandardService - [log,173] - Starting service [Tomcat]
09:48:02.368 [main] INFO  o.a.c.c.StandardEngine - [log,173] - Starting Servlet engine: [Apache Tomcat/9.0.70]
09:48:02.552 [main] INFO  o.a.c.c.C.[.[.[/] - [log,173] - Initializing Spring embedded WebApplicationContext
09:48:04.439 [main] INFO  c.a.d.p.DruidDataSource - [init,996] - {dataSource-1,master} inited
09:48:04.440 [main] INFO  c.b.d.d.DynamicRoutingDataSource - [addDataSource,154] - dynamic-datasource - add a datasource named [master] success
09:48:04.440 [main] INFO  c.b.d.d.DynamicRoutingDataSource - [afterPropertiesSet,234] - dynamic-datasource initial loaded [1] datasource,primary datasource named [master]
09:48:09.077 [main] INFO  c.a.c.s.SentinelWebMvcConfigurer - [addInterceptors,52] - [Sentinel Starter] register SentinelWebInterceptor with urlPatterns: [/**].
09:48:13.876 [main] INFO  c.a.n.c.r.client - [lambda$createClient$0,80] - [RpcClientFactory] create a new rpc client of 62f2e5d4-2995-4882-9baf-d1da693b5d63
09:48:13.876 [main] INFO  c.a.n.c.r.client - [printIfInfoEnabled,60] - [62f2e5d4-2995-4882-9baf-d1da693b5d63] RpcClient init label, labels = {module=naming, source=sdk}
09:48:13.878 [main] INFO  c.a.n.c.r.client - [printIfInfoEnabled,60] - [62f2e5d4-2995-4882-9baf-d1da693b5d63] RpcClient init, ServerListFactory = com.alibaba.nacos.client.naming.core.ServerListManager
09:48:13.878 [main] INFO  c.a.n.c.r.client - [printIfInfoEnabled,60] - [62f2e5d4-2995-4882-9baf-d1da693b5d63] Registry connection listener to current client:com.alibaba.nacos.client.naming.remote.gprc.redo.NamingGrpcRedoService
09:48:13.878 [main] INFO  c.a.n.c.r.client - [printIfInfoEnabled,60] - [62f2e5d4-2995-4882-9baf-d1da693b5d63] Register server push request handler:com.alibaba.nacos.client.naming.remote.gprc.NamingPushRequestHandler
09:48:13.878 [main] INFO  c.a.n.c.r.client - [printIfInfoEnabled,60] - [62f2e5d4-2995-4882-9baf-d1da693b5d63] Try to connect to server on start up, server: {serverIp = '127.0.0.1', server main port = 8848}
09:48:13.996 [main] INFO  c.a.n.c.r.client - [printIfInfoEnabled,60] - [62f2e5d4-2995-4882-9baf-d1da693b5d63] Success to connect to server [127.0.0.1:8848] on start up, connectionId = 1698889693883_127.0.0.1_2357
09:48:13.997 [main] INFO  c.a.n.c.r.client - [printIfInfoEnabled,60] - [62f2e5d4-2995-4882-9baf-d1da693b5d63] Register server push request handler:com.alibaba.nacos.common.remote.client.RpcClient$ConnectResetRequestHandler
09:48:13.997 [com.alibaba.nacos.client.remote.worker] INFO  c.a.n.c.r.client - [printIfInfoEnabled,60] - [62f2e5d4-2995-4882-9baf-d1da693b5d63] Notify connected event to listeners.
09:48:13.997 [main] INFO  c.a.n.c.r.client - [printIfInfoEnabled,60] - [62f2e5d4-2995-4882-9baf-d1da693b5d63] Register server push request handler:com.alibaba.nacos.common.remote.client.RpcClient$$Lambda$344/812168041
09:48:14.033 [main] INFO  o.a.c.h.Http11NioProtocol - [log,173] - Starting ProtocolHandler ["http-nio-9201"]
09:48:14.065 [main] INFO  c.a.c.n.r.NacosServiceRegistry - [register,75] - nacos registry, DEFAULT_GROUP xmap-system 10.100.60.135:9201 register finished
09:48:14.564 [nacos-grpc-client-executor-5] INFO  c.a.n.c.r.client - [printIfInfoEnabled,60] - [62f2e5d4-2995-4882-9baf-d1da693b5d63] Receive server push request, request = NotifySubscriberRequest, requestId = 5
09:48:14.571 [nacos-grpc-client-executor-5] INFO  c.a.n.c.r.client - [printIfInfoEnabled,60] - [62f2e5d4-2995-4882-9baf-d1da693b5d63] Ack server push request, request = NotifySubscriberRequest, requestId = 5
09:48:15.845 [main] INFO  c.x.s.XmapSystemApplication - [logStarted,61] - Started XmapSystemApplication in 22.721 seconds (JVM running for 24.791)
09:48:15.855 [main] INFO  c.a.c.n.r.NacosContextRefresher - [registerNacosListener,129] - [Nacos Config] Listening config: dataId=xmap-system, group=DEFAULT_GROUP
09:48:15.855 [main] INFO  c.a.c.n.r.NacosContextRefresher - [registerNacosListener,129] - [Nacos Config] Listening config: dataId=xmap-system.yml, group=DEFAULT_GROUP
09:48:15.856 [main] INFO  c.a.c.n.r.NacosContextRefresher - [registerNacosListener,129] - [Nacos Config] Listening config: dataId=xmap-system-dev.yml, group=DEFAULT_GROUP
09:48:15.933 [RMI TCP Connection(3)-192.168.137.1] INFO  o.a.c.c.C.[.[.[/] - [log,173] - Initializing Spring DispatcherServlet 'dispatcherServlet'
