09:19:59.812 [background-preinit] INFO  o.h.v.i.util.Version - [<clinit>,21] - HV000001: Hibernate Validator 6.2.5.Final
09:20:01.826 [main] INFO  c.a.n.c.r.client - [lambda$createClient$0,80] - [RpcClientFactory] create a new rpc client of 607bb1b9-021f-4a3f-9d70-cc481fb024bc_config-0
09:20:01.890 [main] INFO  o.r.Reflections - [scan,232] - Reflections took 42 ms to scan 1 urls, producing 3 keys and 6 values 
09:20:01.924 [main] INFO  o.r.Reflections - [scan,232] - Reflections took 16 ms to scan 1 urls, producing 4 keys and 9 values 
09:20:01.939 [main] INFO  o.r.Reflections - [scan,232] - Reflections took 12 ms to scan 1 urls, producing 3 keys and 10 values 
09:20:02.161 [main] INFO  o.r.Reflections - [scan,232] - Reflections took 217 ms to scan 199 urls, producing 0 keys and 0 values 
09:20:02.175 [main] INFO  o.r.Reflections - [scan,232] - Reflections took 11 ms to scan 1 urls, producing 1 keys and 5 values 
09:20:02.192 [main] INFO  o.r.Reflections - [scan,232] - Reflections took 15 ms to scan 1 urls, producing 1 keys and 7 values 
09:20:02.216 [main] INFO  o.r.Reflections - [scan,232] - Reflections took 20 ms to scan 1 urls, producing 2 keys and 8 values 
09:20:02.438 [main] INFO  o.r.Reflections - [scan,232] - Reflections took 216 ms to scan 199 urls, producing 0 keys and 0 values 
09:20:02.439 [main] INFO  c.a.n.c.r.client - [printIfInfoEnabled,60] - [607bb1b9-021f-4a3f-9d70-cc481fb024bc_config-0] RpcClient init label, labels = {module=config, Vipserver-Tag=null, source=sdk, Amory-Tag=null, Location-Tag=null, taskId=0, AppName=unknown}
09:20:02.439 [main] INFO  c.a.n.c.r.client - [printIfInfoEnabled,60] - [607bb1b9-021f-4a3f-9d70-cc481fb024bc_config-0] Register server push request handler:com.alibaba.nacos.client.config.impl.ClientWorker$ConfigRpcTransportClient$$Lambda$335/1752535057
09:20:02.439 [main] INFO  c.a.n.c.r.client - [printIfInfoEnabled,60] - [607bb1b9-021f-4a3f-9d70-cc481fb024bc_config-0] Register server push request handler:com.alibaba.nacos.client.config.impl.ClientWorker$ConfigRpcTransportClient$$Lambda$336/2116299597
09:20:02.440 [main] INFO  c.a.n.c.r.client - [printIfInfoEnabled,60] - [607bb1b9-021f-4a3f-9d70-cc481fb024bc_config-0] Registry connection listener to current client:com.alibaba.nacos.client.config.impl.ClientWorker$ConfigRpcTransportClient$1
09:20:02.441 [main] INFO  c.a.n.c.r.client - [printIfInfoEnabled,60] - [607bb1b9-021f-4a3f-9d70-cc481fb024bc_config-0] RpcClient init, ServerListFactory = com.alibaba.nacos.client.config.impl.ClientWorker$ConfigRpcTransportClient$2
09:20:02.448 [main] INFO  c.a.n.c.r.client - [printIfInfoEnabled,60] - [607bb1b9-021f-4a3f-9d70-cc481fb024bc_config-0] Try to connect to server on start up, server: {serverIp = '127.0.0.1', server main port = 8848}
09:20:06.545 [main] INFO  c.a.n.c.r.client - [printIfInfoEnabled,60] - [607bb1b9-021f-4a3f-9d70-cc481fb024bc_config-0] Success to connect to server [127.0.0.1:8848] on start up, connectionId = 1699320006072_127.0.0.1_10763
09:20:06.547 [com.alibaba.nacos.client.remote.worker] INFO  c.a.n.c.r.client - [printIfInfoEnabled,60] - [607bb1b9-021f-4a3f-9d70-cc481fb024bc_config-0] Notify connected event to listeners.
09:20:06.548 [main] INFO  c.a.n.c.r.client - [printIfInfoEnabled,60] - [607bb1b9-021f-4a3f-9d70-cc481fb024bc_config-0] Register server push request handler:com.alibaba.nacos.common.remote.client.RpcClient$ConnectResetRequestHandler
09:20:06.552 [main] INFO  c.a.n.c.r.client - [printIfInfoEnabled,60] - [607bb1b9-021f-4a3f-9d70-cc481fb024bc_config-0] Register server push request handler:com.alibaba.nacos.common.remote.client.RpcClient$$Lambda$344/812168041
09:20:06.811 [main] INFO  c.x.s.XmapSystemApplication - [logStartupProfileInfo,637] - The following 1 profile is active: "dev"
09:20:12.877 [main] INFO  o.a.c.c.AprLifecycleListener - [log,173] - Loaded Apache Tomcat Native library [1.2.32] using APR version [1.7.0].
09:20:12.877 [main] INFO  o.a.c.c.AprLifecycleListener - [log,173] - APR capabilities: IPv6 [true], sendfile [true], accept filters [false], random [true], UDS [true].
09:20:12.878 [main] INFO  o.a.c.c.AprLifecycleListener - [log,173] - APR/OpenSSL configuration: useAprConnector [false], useOpenSSL [true]
09:20:12.882 [main] INFO  o.a.c.c.AprLifecycleListener - [log,173] - OpenSSL successfully initialized [OpenSSL 1.1.1n  15 Mar 2022]
09:20:12.900 [main] INFO  o.a.c.h.Http11NioProtocol - [log,173] - Initializing ProtocolHandler ["http-nio-9201"]
09:20:12.901 [main] INFO  o.a.c.c.StandardService - [log,173] - Starting service [Tomcat]
09:20:12.901 [main] INFO  o.a.c.c.StandardEngine - [log,173] - Starting Servlet engine: [Apache Tomcat/9.0.70]
09:20:13.145 [main] INFO  o.a.c.c.C.[.[.[/] - [log,173] - Initializing Spring embedded WebApplicationContext
09:20:15.532 [main] INFO  c.a.d.p.DruidDataSource - [init,996] - {dataSource-1,master} inited
09:20:15.533 [main] INFO  c.b.d.d.DynamicRoutingDataSource - [addDataSource,154] - dynamic-datasource - add a datasource named [master] success
09:20:15.533 [main] INFO  c.b.d.d.DynamicRoutingDataSource - [afterPropertiesSet,234] - dynamic-datasource initial loaded [1] datasource,primary datasource named [master]
09:20:22.529 [main] INFO  c.a.c.s.SentinelWebMvcConfigurer - [addInterceptors,52] - [Sentinel Starter] register SentinelWebInterceptor with urlPatterns: [/**].
09:20:27.530 [main] INFO  c.a.n.c.r.client - [lambda$createClient$0,80] - [RpcClientFactory] create a new rpc client of dd5911ad-2f56-4a79-af17-62759a61f208
09:20:27.531 [main] INFO  c.a.n.c.r.client - [printIfInfoEnabled,60] - [dd5911ad-2f56-4a79-af17-62759a61f208] RpcClient init label, labels = {module=naming, source=sdk}
09:20:27.532 [main] INFO  c.a.n.c.r.client - [printIfInfoEnabled,60] - [dd5911ad-2f56-4a79-af17-62759a61f208] RpcClient init, ServerListFactory = com.alibaba.nacos.client.naming.core.ServerListManager
09:20:27.533 [main] INFO  c.a.n.c.r.client - [printIfInfoEnabled,60] - [dd5911ad-2f56-4a79-af17-62759a61f208] Registry connection listener to current client:com.alibaba.nacos.client.naming.remote.gprc.redo.NamingGrpcRedoService
09:20:27.533 [main] INFO  c.a.n.c.r.client - [printIfInfoEnabled,60] - [dd5911ad-2f56-4a79-af17-62759a61f208] Register server push request handler:com.alibaba.nacos.client.naming.remote.gprc.NamingPushRequestHandler
09:20:27.533 [main] INFO  c.a.n.c.r.client - [printIfInfoEnabled,60] - [dd5911ad-2f56-4a79-af17-62759a61f208] Try to connect to server on start up, server: {serverIp = '127.0.0.1', server main port = 8848}
09:20:27.661 [main] INFO  c.a.n.c.r.client - [printIfInfoEnabled,60] - [dd5911ad-2f56-4a79-af17-62759a61f208] Success to connect to server [127.0.0.1:8848] on start up, connectionId = 1699320027540_127.0.0.1_10974
09:20:27.661 [com.alibaba.nacos.client.remote.worker] INFO  c.a.n.c.r.client - [printIfInfoEnabled,60] - [dd5911ad-2f56-4a79-af17-62759a61f208] Notify connected event to listeners.
09:20:27.661 [main] INFO  c.a.n.c.r.client - [printIfInfoEnabled,60] - [dd5911ad-2f56-4a79-af17-62759a61f208] Register server push request handler:com.alibaba.nacos.common.remote.client.RpcClient$ConnectResetRequestHandler
09:20:27.661 [main] INFO  c.a.n.c.r.client - [printIfInfoEnabled,60] - [dd5911ad-2f56-4a79-af17-62759a61f208] Register server push request handler:com.alibaba.nacos.common.remote.client.RpcClient$$Lambda$344/812168041
09:20:27.700 [main] INFO  o.a.c.h.Http11NioProtocol - [log,173] - Starting ProtocolHandler ["http-nio-9201"]
09:20:27.741 [main] INFO  c.a.c.n.r.NacosServiceRegistry - [register,75] - nacos registry, DEFAULT_GROUP xmap-system 10.100.60.135:9201 register finished
09:20:28.257 [nacos-grpc-client-executor-8] INFO  c.a.n.c.r.client - [printIfInfoEnabled,60] - [dd5911ad-2f56-4a79-af17-62759a61f208] Receive server push request, request = NotifySubscriberRequest, requestId = 4
09:20:28.263 [nacos-grpc-client-executor-8] INFO  c.a.n.c.r.client - [printIfInfoEnabled,60] - [dd5911ad-2f56-4a79-af17-62759a61f208] Ack server push request, request = NotifySubscriberRequest, requestId = 4
09:20:29.975 [main] INFO  c.x.s.XmapSystemApplication - [logStarted,61] - Started XmapSystemApplication in 31.618 seconds (JVM running for 33.871)
09:20:29.986 [main] INFO  c.a.c.n.r.NacosContextRefresher - [registerNacosListener,129] - [Nacos Config] Listening config: dataId=xmap-system, group=DEFAULT_GROUP
09:20:29.987 [main] INFO  c.a.c.n.r.NacosContextRefresher - [registerNacosListener,129] - [Nacos Config] Listening config: dataId=xmap-system.yml, group=DEFAULT_GROUP
09:20:29.989 [main] INFO  c.a.c.n.r.NacosContextRefresher - [registerNacosListener,129] - [Nacos Config] Listening config: dataId=xmap-system-dev.yml, group=DEFAULT_GROUP
09:20:31.033 [RMI TCP Connection(6)-192.168.137.1] INFO  o.a.c.c.C.[.[.[/] - [log,173] - Initializing Spring DispatcherServlet 'dispatcherServlet'
15:03:28.210 [SpringApplicationShutdownHook] INFO  c.a.c.n.r.NacosServiceRegistry - [deregister,94] - De-registering from Nacos Server now...
15:03:28.223 [SpringApplicationShutdownHook] INFO  c.a.c.n.r.NacosServiceRegistry - [deregister,114] - De-registration finished.
15:03:28.566 [SpringApplicationShutdownHook] INFO  c.a.n.c.r.client - [shutdown,454] - Shutdown rpc client, set status to shutdown
15:03:28.567 [SpringApplicationShutdownHook] INFO  c.a.n.c.r.client - [shutdown,456] - Shutdown client event executor java.util.concurrent.ScheduledThreadPoolExecutor@203fee37[Running, pool size = 2, active threads = 2, queued tasks = 0, completed tasks = 0]
15:03:28.568 [SpringApplicationShutdownHook] INFO  c.a.n.c.r.client - [closeConnection,591] - Close current connection 1699320027540_127.0.0.1_10974
15:03:28.571 [nacos-grpc-client-executor-4138] INFO  c.a.n.c.r.c.g.GrpcClient - [printIfInfoEnabled,60] - [1699320027540_127.0.0.1_10974]Ignore complete event,isRunning:false,isAbandon=false
15:03:28.579 [SpringApplicationShutdownHook] INFO  c.a.n.c.r.c.g.GrpcClient - [shutdown,85] - Shutdown grpc executor java.util.concurrent.ThreadPoolExecutor@6fbeeb5d[Running, pool size = 5, active threads = 0, queued tasks = 0, completed tasks = 4139]
15:03:28.783 [SpringApplicationShutdownHook] INFO  c.b.d.d.DynamicRoutingDataSource - [destroy,211] - dynamic-datasource start closing ....
15:03:28.796 [SpringApplicationShutdownHook] INFO  c.a.d.p.DruidDataSource - [close,2138] - {dataSource-1} closing ...
15:03:28.826 [SpringApplicationShutdownHook] INFO  c.a.d.p.DruidDataSource - [close,2211] - {dataSource-1} closed
15:03:28.826 [SpringApplicationShutdownHook] INFO  c.b.d.d.DynamicRoutingDataSource - [destroy,215] - dynamic-datasource all closed success,bye
15:48:32.428 [background-preinit] INFO  o.h.v.i.util.Version - [<clinit>,21] - HV000001: Hibernate Validator 6.2.5.Final
15:48:35.454 [main] INFO  c.a.n.c.r.client - [lambda$createClient$0,80] - [RpcClientFactory] create a new rpc client of 36f6a265-3e0a-4f86-9b7d-a4edf5d734f6_config-0
15:48:35.671 [main] INFO  o.r.Reflections - [scan,232] - Reflections took 60 ms to scan 1 urls, producing 3 keys and 6 values 
15:48:35.745 [main] INFO  o.r.Reflections - [scan,232] - Reflections took 31 ms to scan 1 urls, producing 4 keys and 9 values 
15:48:35.773 [main] INFO  o.r.Reflections - [scan,232] - Reflections took 24 ms to scan 1 urls, producing 3 keys and 10 values 
15:48:36.242 [main] INFO  o.r.Reflections - [scan,232] - Reflections took 461 ms to scan 199 urls, producing 0 keys and 0 values 
15:48:36.263 [main] INFO  o.r.Reflections - [scan,232] - Reflections took 19 ms to scan 1 urls, producing 1 keys and 5 values 
15:48:36.293 [main] INFO  o.r.Reflections - [scan,232] - Reflections took 25 ms to scan 1 urls, producing 1 keys and 7 values 
15:48:36.324 [main] INFO  o.r.Reflections - [scan,232] - Reflections took 26 ms to scan 1 urls, producing 2 keys and 8 values 
15:48:36.629 [main] INFO  o.r.Reflections - [scan,232] - Reflections took 300 ms to scan 199 urls, producing 0 keys and 0 values 
15:48:36.633 [main] INFO  c.a.n.c.r.client - [printIfInfoEnabled,60] - [36f6a265-3e0a-4f86-9b7d-a4edf5d734f6_config-0] RpcClient init label, labels = {module=config, Vipserver-Tag=null, source=sdk, Amory-Tag=null, Location-Tag=null, taskId=0, AppName=unknown}
15:48:36.634 [main] INFO  c.a.n.c.r.client - [printIfInfoEnabled,60] - [36f6a265-3e0a-4f86-9b7d-a4edf5d734f6_config-0] Register server push request handler:com.alibaba.nacos.client.config.impl.ClientWorker$ConfigRpcTransportClient$$Lambda$335/1752535057
15:48:36.635 [main] INFO  c.a.n.c.r.client - [printIfInfoEnabled,60] - [36f6a265-3e0a-4f86-9b7d-a4edf5d734f6_config-0] Register server push request handler:com.alibaba.nacos.client.config.impl.ClientWorker$ConfigRpcTransportClient$$Lambda$336/2116299597
15:48:36.637 [main] INFO  c.a.n.c.r.client - [printIfInfoEnabled,60] - [36f6a265-3e0a-4f86-9b7d-a4edf5d734f6_config-0] Registry connection listener to current client:com.alibaba.nacos.client.config.impl.ClientWorker$ConfigRpcTransportClient$1
15:48:36.638 [main] INFO  c.a.n.c.r.client - [printIfInfoEnabled,60] - [36f6a265-3e0a-4f86-9b7d-a4edf5d734f6_config-0] RpcClient init, ServerListFactory = com.alibaba.nacos.client.config.impl.ClientWorker$ConfigRpcTransportClient$2
15:48:36.661 [main] INFO  c.a.n.c.r.client - [printIfInfoEnabled,60] - [36f6a265-3e0a-4f86-9b7d-a4edf5d734f6_config-0] Try to connect to server on start up, server: {serverIp = '127.0.0.1', server main port = 8848}
15:48:42.651 [main] INFO  c.a.n.c.r.client - [printIfInfoEnabled,60] - [36f6a265-3e0a-4f86-9b7d-a4edf5d734f6_config-0] Try to connect to server on start up, server: {serverIp = '127.0.0.1', server main port = 8848}
15:48:42.829 [main] INFO  c.a.n.c.r.client - [printIfInfoEnabled,60] - [36f6a265-3e0a-4f86-9b7d-a4edf5d734f6_config-0] Success to connect to server [127.0.0.1:8848] on start up, connectionId = 1699343322664_127.0.0.1_9168
15:48:42.830 [com.alibaba.nacos.client.remote.worker] INFO  c.a.n.c.r.client - [printIfInfoEnabled,60] - [36f6a265-3e0a-4f86-9b7d-a4edf5d734f6_config-0] Notify connected event to listeners.
15:48:42.831 [main] INFO  c.a.n.c.r.client - [printIfInfoEnabled,60] - [36f6a265-3e0a-4f86-9b7d-a4edf5d734f6_config-0] Register server push request handler:com.alibaba.nacos.common.remote.client.RpcClient$ConnectResetRequestHandler
15:48:42.832 [main] INFO  c.a.n.c.r.client - [printIfInfoEnabled,60] - [36f6a265-3e0a-4f86-9b7d-a4edf5d734f6_config-0] Register server push request handler:com.alibaba.nacos.common.remote.client.RpcClient$$Lambda$344/1476812556
15:48:43.087 [main] INFO  c.x.s.XmapSystemApplication - [logStartupProfileInfo,637] - The following 1 profile is active: "dev"
15:48:48.713 [main] INFO  o.a.c.c.AprLifecycleListener - [log,173] - Loaded Apache Tomcat Native library [1.2.32] using APR version [1.7.0].
15:48:48.713 [main] INFO  o.a.c.c.AprLifecycleListener - [log,173] - APR capabilities: IPv6 [true], sendfile [true], accept filters [false], random [true], UDS [true].
15:48:48.714 [main] INFO  o.a.c.c.AprLifecycleListener - [log,173] - APR/OpenSSL configuration: useAprConnector [false], useOpenSSL [true]
15:48:48.724 [main] INFO  o.a.c.c.AprLifecycleListener - [log,173] - OpenSSL successfully initialized [OpenSSL 1.1.1n  15 Mar 2022]
15:48:48.758 [main] INFO  o.a.c.h.Http11NioProtocol - [log,173] - Initializing ProtocolHandler ["http-nio-9201"]
15:48:48.759 [main] INFO  o.a.c.c.StandardService - [log,173] - Starting service [Tomcat]
15:48:48.759 [main] INFO  o.a.c.c.StandardEngine - [log,173] - Starting Servlet engine: [Apache Tomcat/9.0.70]
15:48:49.165 [main] INFO  o.a.c.c.C.[.[.[/] - [log,173] - Initializing Spring embedded WebApplicationContext
15:48:52.314 [main] INFO  c.a.d.p.DruidDataSource - [init,996] - {dataSource-1,master} inited
15:48:52.315 [main] INFO  c.b.d.d.DynamicRoutingDataSource - [addDataSource,154] - dynamic-datasource - add a datasource named [master] success
15:48:52.316 [main] INFO  c.b.d.d.DynamicRoutingDataSource - [afterPropertiesSet,234] - dynamic-datasource initial loaded [1] datasource,primary datasource named [master]
15:48:59.670 [main] INFO  c.a.c.s.SentinelWebMvcConfigurer - [addInterceptors,52] - [Sentinel Starter] register SentinelWebInterceptor with urlPatterns: [/**].
15:49:06.426 [main] INFO  c.a.n.c.r.client - [lambda$createClient$0,80] - [RpcClientFactory] create a new rpc client of 6ed59a35-660a-4d1a-a118-489d96e412a6
15:49:06.427 [main] INFO  c.a.n.c.r.client - [printIfInfoEnabled,60] - [6ed59a35-660a-4d1a-a118-489d96e412a6] RpcClient init label, labels = {module=naming, source=sdk}
15:49:06.429 [main] INFO  c.a.n.c.r.client - [printIfInfoEnabled,60] - [6ed59a35-660a-4d1a-a118-489d96e412a6] RpcClient init, ServerListFactory = com.alibaba.nacos.client.naming.core.ServerListManager
15:49:06.430 [main] INFO  c.a.n.c.r.client - [printIfInfoEnabled,60] - [6ed59a35-660a-4d1a-a118-489d96e412a6] Registry connection listener to current client:com.alibaba.nacos.client.naming.remote.gprc.redo.NamingGrpcRedoService
15:49:06.431 [main] INFO  c.a.n.c.r.client - [printIfInfoEnabled,60] - [6ed59a35-660a-4d1a-a118-489d96e412a6] Register server push request handler:com.alibaba.nacos.client.naming.remote.gprc.NamingPushRequestHandler
15:49:06.431 [main] INFO  c.a.n.c.r.client - [printIfInfoEnabled,60] - [6ed59a35-660a-4d1a-a118-489d96e412a6] Try to connect to server on start up, server: {serverIp = '127.0.0.1', server main port = 8848}
15:49:06.547 [main] INFO  c.a.n.c.r.client - [printIfInfoEnabled,60] - [6ed59a35-660a-4d1a-a118-489d96e412a6] Success to connect to server [127.0.0.1:8848] on start up, connectionId = 1699343346440_127.0.0.1_9416
15:49:06.547 [com.alibaba.nacos.client.remote.worker] INFO  c.a.n.c.r.client - [printIfInfoEnabled,60] - [6ed59a35-660a-4d1a-a118-489d96e412a6] Notify connected event to listeners.
15:49:06.547 [main] INFO  c.a.n.c.r.client - [printIfInfoEnabled,60] - [6ed59a35-660a-4d1a-a118-489d96e412a6] Register server push request handler:com.alibaba.nacos.common.remote.client.RpcClient$ConnectResetRequestHandler
15:49:06.547 [main] INFO  c.a.n.c.r.client - [printIfInfoEnabled,60] - [6ed59a35-660a-4d1a-a118-489d96e412a6] Register server push request handler:com.alibaba.nacos.common.remote.client.RpcClient$$Lambda$344/1476812556
15:49:06.582 [main] INFO  o.a.c.h.Http11NioProtocol - [log,173] - Starting ProtocolHandler ["http-nio-9201"]
15:49:06.633 [main] INFO  c.a.c.n.r.NacosServiceRegistry - [register,75] - nacos registry, DEFAULT_GROUP xmap-system 10.100.60.135:9201 register finished
15:49:07.077 [nacos-grpc-client-executor-8] INFO  c.a.n.c.r.client - [printIfInfoEnabled,60] - [6ed59a35-660a-4d1a-a118-489d96e412a6] Receive server push request, request = NotifySubscriberRequest, requestId = 26
15:49:07.084 [nacos-grpc-client-executor-8] INFO  c.a.n.c.r.client - [printIfInfoEnabled,60] - [6ed59a35-660a-4d1a-a118-489d96e412a6] Ack server push request, request = NotifySubscriberRequest, requestId = 26
15:49:09.503 [main] INFO  c.x.s.XmapSystemApplication - [logStarted,61] - Started XmapSystemApplication in 39.534 seconds (JVM running for 42.599)
15:49:09.525 [main] INFO  c.a.c.n.r.NacosContextRefresher - [registerNacosListener,129] - [Nacos Config] Listening config: dataId=xmap-system, group=DEFAULT_GROUP
15:49:09.527 [main] INFO  c.a.c.n.r.NacosContextRefresher - [registerNacosListener,129] - [Nacos Config] Listening config: dataId=xmap-system.yml, group=DEFAULT_GROUP
15:49:09.528 [main] INFO  c.a.c.n.r.NacosContextRefresher - [registerNacosListener,129] - [Nacos Config] Listening config: dataId=xmap-system-dev.yml, group=DEFAULT_GROUP
15:49:11.813 [RMI TCP Connection(11)-192.168.137.1] INFO  o.a.c.c.C.[.[.[/] - [log,173] - Initializing Spring DispatcherServlet 'dispatcherServlet'
19:01:32.691 [nacos-grpc-client-executor-2314] INFO  c.a.n.c.r.client - [printIfInfoEnabled,60] - [6ed59a35-660a-4d1a-a118-489d96e412a6] Receive server push request, request = NotifySubscriberRequest, requestId = 34
19:01:32.691 [nacos-grpc-client-executor-2314] INFO  c.a.n.c.r.client - [printIfInfoEnabled,60] - [6ed59a35-660a-4d1a-a118-489d96e412a6] Ack server push request, request = NotifySubscriberRequest, requestId = 34
20:12:45.026 [SpringApplicationShutdownHook] INFO  c.a.c.n.r.NacosServiceRegistry - [deregister,94] - De-registering from Nacos Server now...
20:12:45.030 [SpringApplicationShutdownHook] INFO  c.a.c.n.r.NacosServiceRegistry - [deregister,114] - De-registration finished.
20:12:45.363 [SpringApplicationShutdownHook] INFO  c.a.n.c.r.client - [shutdown,454] - Shutdown rpc client, set status to shutdown
20:12:45.364 [SpringApplicationShutdownHook] INFO  c.a.n.c.r.client - [shutdown,456] - Shutdown client event executor java.util.concurrent.ScheduledThreadPoolExecutor@5bfe0819[Running, pool size = 2, active threads = 2, queued tasks = 0, completed tasks = 0]
20:12:45.364 [SpringApplicationShutdownHook] INFO  c.a.n.c.r.client - [closeConnection,591] - Close current connection 1699343346440_127.0.0.1_9416
20:12:45.366 [nacos-grpc-client-executor-3170] INFO  c.a.n.c.r.c.g.GrpcClient - [printIfInfoEnabled,60] - [1699343346440_127.0.0.1_9416]Ignore complete event,isRunning:false,isAbandon=false
20:12:45.366 [SpringApplicationShutdownHook] INFO  c.a.n.c.r.c.g.GrpcClient - [shutdown,85] - Shutdown grpc executor java.util.concurrent.ThreadPoolExecutor@7e712fe8[Running, pool size = 4, active threads = 1, queued tasks = 0, completed tasks = 3170]
20:12:45.524 [SpringApplicationShutdownHook] INFO  c.b.d.d.DynamicRoutingDataSource - [destroy,211] - dynamic-datasource start closing ....
20:12:45.545 [SpringApplicationShutdownHook] INFO  c.a.d.p.DruidDataSource - [close,2138] - {dataSource-1} closing ...
20:12:45.553 [SpringApplicationShutdownHook] INFO  c.a.d.p.DruidDataSource - [close,2211] - {dataSource-1} closed
20:12:45.554 [SpringApplicationShutdownHook] INFO  c.b.d.d.DynamicRoutingDataSource - [destroy,215] - dynamic-datasource all closed success,bye
