09:46:18.014 [background-preinit] INFO  o.h.v.i.util.Version - [<clinit>,21] - HV000001: Hibernate Validator 6.2.5.Final
09:46:20.699 [main] INFO  c.a.n.c.r.client - [lambda$createClient$0,80] - [RpcClientFactory] create a new rpc client of 1bf244cd-51ea-4783-bc24-403c9bd6b94c_config-0
09:46:20.758 [main] INFO  o.r.Reflections - [scan,232] - Reflections took 37 ms to scan 1 urls, producing 3 keys and 6 values 
09:46:20.791 [main] INFO  o.r.Reflections - [scan,232] - Reflections took 15 ms to scan 1 urls, producing 4 keys and 9 values 
09:46:20.825 [main] INFO  o.r.Reflections - [scan,232] - Reflections took 31 ms to scan 1 urls, producing 3 keys and 10 values 
09:46:21.252 [main] INFO  o.r.Reflections - [scan,232] - Reflections took 420 ms to scan 199 urls, producing 0 keys and 0 values 
09:46:21.269 [main] INFO  o.r.Reflections - [scan,232] - Reflections took 15 ms to scan 1 urls, producing 1 keys and 5 values 
09:46:21.294 [main] INFO  o.r.Reflections - [scan,232] - Reflections took 20 ms to scan 1 urls, producing 1 keys and 7 values 
09:46:21.326 [main] INFO  o.r.Reflections - [scan,232] - Reflections took 27 ms to scan 1 urls, producing 2 keys and 8 values 
09:46:21.580 [main] INFO  o.r.Reflections - [scan,232] - Reflections took 252 ms to scan 199 urls, producing 0 keys and 0 values 
09:46:21.581 [main] INFO  c.a.n.c.r.client - [printIfInfoEnabled,60] - [1bf244cd-51ea-4783-bc24-403c9bd6b94c_config-0] RpcClient init label, labels = {module=config, Vipserver-Tag=null, source=sdk, Amory-Tag=null, Location-Tag=null, taskId=0, AppName=unknown}
09:46:21.583 [main] INFO  c.a.n.c.r.client - [printIfInfoEnabled,60] - [1bf244cd-51ea-4783-bc24-403c9bd6b94c_config-0] Register server push request handler:com.alibaba.nacos.client.config.impl.ClientWorker$ConfigRpcTransportClient$$Lambda$335/1752535057
09:46:21.584 [main] INFO  c.a.n.c.r.client - [printIfInfoEnabled,60] - [1bf244cd-51ea-4783-bc24-403c9bd6b94c_config-0] Register server push request handler:com.alibaba.nacos.client.config.impl.ClientWorker$ConfigRpcTransportClient$$Lambda$336/2116299597
09:46:21.585 [main] INFO  c.a.n.c.r.client - [printIfInfoEnabled,60] - [1bf244cd-51ea-4783-bc24-403c9bd6b94c_config-0] Registry connection listener to current client:com.alibaba.nacos.client.config.impl.ClientWorker$ConfigRpcTransportClient$1
09:46:21.586 [main] INFO  c.a.n.c.r.client - [printIfInfoEnabled,60] - [1bf244cd-51ea-4783-bc24-403c9bd6b94c_config-0] RpcClient init, ServerListFactory = com.alibaba.nacos.client.config.impl.ClientWorker$ConfigRpcTransportClient$2
09:46:21.601 [main] INFO  c.a.n.c.r.client - [printIfInfoEnabled,60] - [1bf244cd-51ea-4783-bc24-403c9bd6b94c_config-0] Try to connect to server on start up, server: {serverIp = '127.0.0.1', server main port = 8848}
09:46:26.381 [main] INFO  c.a.n.c.r.client - [printIfInfoEnabled,60] - [1bf244cd-51ea-4783-bc24-403c9bd6b94c_config-0] Success to connect to server [127.0.0.1:8848] on start up, connectionId = 1701222386026_127.0.0.1_12924
09:46:26.382 [com.alibaba.nacos.client.remote.worker] INFO  c.a.n.c.r.client - [printIfInfoEnabled,60] - [1bf244cd-51ea-4783-bc24-403c9bd6b94c_config-0] Notify connected event to listeners.
09:46:26.382 [main] INFO  c.a.n.c.r.client - [printIfInfoEnabled,60] - [1bf244cd-51ea-4783-bc24-403c9bd6b94c_config-0] Register server push request handler:com.alibaba.nacos.common.remote.client.RpcClient$ConnectResetRequestHandler
09:46:26.383 [main] INFO  c.a.n.c.r.client - [printIfInfoEnabled,60] - [1bf244cd-51ea-4783-bc24-403c9bd6b94c_config-0] Register server push request handler:com.alibaba.nacos.common.remote.client.RpcClient$$Lambda$344/812168041
09:46:26.533 [main] INFO  c.x.s.XmapSystemApplication - [logStartupProfileInfo,637] - The following 1 profile is active: "dev"
09:46:29.652 [main] INFO  o.a.c.c.AprLifecycleListener - [log,173] - Loaded Apache Tomcat Native library [1.2.32] using APR version [1.7.0].
09:46:29.652 [main] INFO  o.a.c.c.AprLifecycleListener - [log,173] - APR capabilities: IPv6 [true], sendfile [true], accept filters [false], random [true], UDS [true].
09:46:29.652 [main] INFO  o.a.c.c.AprLifecycleListener - [log,173] - APR/OpenSSL configuration: useAprConnector [false], useOpenSSL [true]
09:46:29.657 [main] INFO  o.a.c.c.AprLifecycleListener - [log,173] - OpenSSL successfully initialized [OpenSSL 1.1.1n  15 Mar 2022]
09:46:29.673 [main] INFO  o.a.c.h.Http11NioProtocol - [log,173] - Initializing ProtocolHandler ["http-nio-9201"]
09:46:29.674 [main] INFO  o.a.c.c.StandardService - [log,173] - Starting service [Tomcat]
09:46:29.674 [main] INFO  o.a.c.c.StandardEngine - [log,173] - Starting Servlet engine: [Apache Tomcat/9.0.70]
09:46:29.874 [main] INFO  o.a.c.c.C.[.[.[/] - [log,173] - Initializing Spring embedded WebApplicationContext
09:46:31.571 [main] INFO  c.a.d.p.DruidDataSource - [init,996] - {dataSource-1,master} inited
09:46:31.573 [main] INFO  c.b.d.d.DynamicRoutingDataSource - [addDataSource,154] - dynamic-datasource - add a datasource named [master] success
09:46:31.574 [main] INFO  c.b.d.d.DynamicRoutingDataSource - [afterPropertiesSet,234] - dynamic-datasource initial loaded [1] datasource,primary datasource named [master]
09:46:35.552 [main] INFO  c.a.c.s.SentinelWebMvcConfigurer - [addInterceptors,52] - [Sentinel Starter] register SentinelWebInterceptor with urlPatterns: [/**].
09:46:39.405 [main] INFO  c.a.n.c.r.client - [lambda$createClient$0,80] - [RpcClientFactory] create a new rpc client of 38014624-2942-423f-8bdf-44b7988fab48
09:46:39.405 [main] INFO  c.a.n.c.r.client - [printIfInfoEnabled,60] - [38014624-2942-423f-8bdf-44b7988fab48] RpcClient init label, labels = {module=naming, source=sdk}
09:46:39.409 [main] INFO  c.a.n.c.r.client - [printIfInfoEnabled,60] - [38014624-2942-423f-8bdf-44b7988fab48] RpcClient init, ServerListFactory = com.alibaba.nacos.client.naming.core.ServerListManager
09:46:39.410 [main] INFO  c.a.n.c.r.client - [printIfInfoEnabled,60] - [38014624-2942-423f-8bdf-44b7988fab48] Registry connection listener to current client:com.alibaba.nacos.client.naming.remote.gprc.redo.NamingGrpcRedoService
09:46:39.410 [main] INFO  c.a.n.c.r.client - [printIfInfoEnabled,60] - [38014624-2942-423f-8bdf-44b7988fab48] Register server push request handler:com.alibaba.nacos.client.naming.remote.gprc.NamingPushRequestHandler
09:46:39.411 [main] INFO  c.a.n.c.r.client - [printIfInfoEnabled,60] - [38014624-2942-423f-8bdf-44b7988fab48] Try to connect to server on start up, server: {serverIp = '127.0.0.1', server main port = 8848}
09:46:39.526 [main] INFO  c.a.n.c.r.client - [printIfInfoEnabled,60] - [38014624-2942-423f-8bdf-44b7988fab48] Success to connect to server [127.0.0.1:8848] on start up, connectionId = 1701222399420_127.0.0.1_13020
09:46:39.526 [main] INFO  c.a.n.c.r.client - [printIfInfoEnabled,60] - [38014624-2942-423f-8bdf-44b7988fab48] Register server push request handler:com.alibaba.nacos.common.remote.client.RpcClient$ConnectResetRequestHandler
09:46:39.526 [com.alibaba.nacos.client.remote.worker] INFO  c.a.n.c.r.client - [printIfInfoEnabled,60] - [38014624-2942-423f-8bdf-44b7988fab48] Notify connected event to listeners.
09:46:39.527 [main] INFO  c.a.n.c.r.client - [printIfInfoEnabled,60] - [38014624-2942-423f-8bdf-44b7988fab48] Register server push request handler:com.alibaba.nacos.common.remote.client.RpcClient$$Lambda$344/812168041
09:46:39.559 [main] INFO  o.a.c.h.Http11NioProtocol - [log,173] - Starting ProtocolHandler ["http-nio-9201"]
09:46:39.597 [main] INFO  c.a.c.n.r.NacosServiceRegistry - [register,75] - nacos registry, DEFAULT_GROUP xmap-system 10.100.60.135:9201 register finished
09:46:40.066 [nacos-grpc-client-executor-5] INFO  c.a.n.c.r.client - [printIfInfoEnabled,60] - [38014624-2942-423f-8bdf-44b7988fab48] Receive server push request, request = NotifySubscriberRequest, requestId = 4
09:46:40.073 [nacos-grpc-client-executor-5] INFO  c.a.n.c.r.client - [printIfInfoEnabled,60] - [38014624-2942-423f-8bdf-44b7988fab48] Ack server push request, request = NotifySubscriberRequest, requestId = 4
09:46:41.571 [main] INFO  c.x.s.XmapSystemApplication - [logStarted,61] - Started XmapSystemApplication in 25.808 seconds (JVM running for 28.594)
09:46:41.592 [main] INFO  c.a.c.n.r.NacosContextRefresher - [registerNacosListener,129] - [Nacos Config] Listening config: dataId=xmap-system, group=DEFAULT_GROUP
09:46:41.596 [main] INFO  c.a.c.n.r.NacosContextRefresher - [registerNacosListener,129] - [Nacos Config] Listening config: dataId=xmap-system.yml, group=DEFAULT_GROUP
09:46:41.598 [main] INFO  c.a.c.n.r.NacosContextRefresher - [registerNacosListener,129] - [Nacos Config] Listening config: dataId=xmap-system-dev.yml, group=DEFAULT_GROUP
09:46:43.186 [RMI TCP Connection(5)-192.168.137.1] INFO  o.a.c.c.C.[.[.[/] - [log,173] - Initializing Spring DispatcherServlet 'dispatcherServlet'
