09:37:36.164 [background-preinit] INFO  o.h.v.i.util.Version - [<clinit>,21] - HV000001: Hibernate Validator 6.2.5.Final
09:37:37.860 [main] INFO  c.a.n.c.r.client - [lambda$createClient$0,80] - [RpcClientFactory] create a new rpc client of 7667361f-c599-41df-ab8e-0ae77a293758_config-0
09:37:37.910 [main] INFO  o.r.Reflections - [scan,232] - Reflections took 33 ms to scan 1 urls, producing 3 keys and 6 values 
09:37:37.946 [main] INFO  o.r.Reflections - [scan,232] - Reflections took 18 ms to scan 1 urls, producing 4 keys and 9 values 
09:37:37.961 [main] INFO  o.r.Reflections - [scan,232] - Reflections took 13 ms to scan 1 urls, producing 3 keys and 10 values 
09:37:38.175 [main] INFO  o.r.Reflections - [scan,232] - Reflections took 210 ms to scan 199 urls, producing 0 keys and 0 values 
09:37:38.187 [main] INFO  o.r.Reflections - [scan,232] - Reflections took 10 ms to scan 1 urls, producing 1 keys and 5 values 
09:37:38.199 [main] INFO  o.r.Reflections - [scan,232] - Reflections took 10 ms to scan 1 urls, producing 1 keys and 7 values 
09:37:38.219 [main] INFO  o.r.Reflections - [scan,232] - Reflections took 16 ms to scan 1 urls, producing 2 keys and 8 values 
09:37:38.371 [main] INFO  o.r.Reflections - [scan,232] - Reflections took 150 ms to scan 199 urls, producing 0 keys and 0 values 
09:37:38.372 [main] INFO  c.a.n.c.r.client - [printIfInfoEnabled,60] - [7667361f-c599-41df-ab8e-0ae77a293758_config-0] RpcClient init label, labels = {module=config, Vipserver-Tag=null, source=sdk, Amory-Tag=null, Location-Tag=null, taskId=0, AppName=unknown}
09:37:38.373 [main] INFO  c.a.n.c.r.client - [printIfInfoEnabled,60] - [7667361f-c599-41df-ab8e-0ae77a293758_config-0] Register server push request handler:com.alibaba.nacos.client.config.impl.ClientWorker$ConfigRpcTransportClient$$Lambda$335/1752535057
09:37:38.373 [main] INFO  c.a.n.c.r.client - [printIfInfoEnabled,60] - [7667361f-c599-41df-ab8e-0ae77a293758_config-0] Register server push request handler:com.alibaba.nacos.client.config.impl.ClientWorker$ConfigRpcTransportClient$$Lambda$336/2116299597
09:37:38.374 [main] INFO  c.a.n.c.r.client - [printIfInfoEnabled,60] - [7667361f-c599-41df-ab8e-0ae77a293758_config-0] Registry connection listener to current client:com.alibaba.nacos.client.config.impl.ClientWorker$ConfigRpcTransportClient$1
09:37:38.374 [main] INFO  c.a.n.c.r.client - [printIfInfoEnabled,60] - [7667361f-c599-41df-ab8e-0ae77a293758_config-0] RpcClient init, ServerListFactory = com.alibaba.nacos.client.config.impl.ClientWorker$ConfigRpcTransportClient$2
09:37:38.382 [main] INFO  c.a.n.c.r.client - [printIfInfoEnabled,60] - [7667361f-c599-41df-ab8e-0ae77a293758_config-0] Try to connect to server on start up, server: {serverIp = '127.0.0.1', server main port = 8848}
09:37:41.636 [main] INFO  c.a.n.c.r.client - [printIfInfoEnabled,60] - [7667361f-c599-41df-ab8e-0ae77a293758_config-0] Success to connect to server [127.0.0.1:8848] on start up, connectionId = 1699234661354_127.0.0.1_10446
09:37:41.636 [com.alibaba.nacos.client.remote.worker] INFO  c.a.n.c.r.client - [printIfInfoEnabled,60] - [7667361f-c599-41df-ab8e-0ae77a293758_config-0] Notify connected event to listeners.
09:37:41.637 [main] INFO  c.a.n.c.r.client - [printIfInfoEnabled,60] - [7667361f-c599-41df-ab8e-0ae77a293758_config-0] Register server push request handler:com.alibaba.nacos.common.remote.client.RpcClient$ConnectResetRequestHandler
09:37:41.637 [main] INFO  c.a.n.c.r.client - [printIfInfoEnabled,60] - [7667361f-c599-41df-ab8e-0ae77a293758_config-0] Register server push request handler:com.alibaba.nacos.common.remote.client.RpcClient$$Lambda$344/812168041
09:37:41.727 [main] INFO  c.x.s.XmapSystemApplication - [logStartupProfileInfo,637] - The following 1 profile is active: "dev"
09:37:44.389 [main] INFO  o.a.c.c.AprLifecycleListener - [log,173] - Loaded Apache Tomcat Native library [1.2.32] using APR version [1.7.0].
09:37:44.389 [main] INFO  o.a.c.c.AprLifecycleListener - [log,173] - APR capabilities: IPv6 [true], sendfile [true], accept filters [false], random [true], UDS [true].
09:37:44.389 [main] INFO  o.a.c.c.AprLifecycleListener - [log,173] - APR/OpenSSL configuration: useAprConnector [false], useOpenSSL [true]
09:37:44.392 [main] INFO  o.a.c.c.AprLifecycleListener - [log,173] - OpenSSL successfully initialized [OpenSSL 1.1.1n  15 Mar 2022]
09:37:44.405 [main] INFO  o.a.c.h.Http11NioProtocol - [log,173] - Initializing ProtocolHandler ["http-nio-9201"]
09:37:44.405 [main] INFO  o.a.c.c.StandardService - [log,173] - Starting service [Tomcat]
09:37:44.405 [main] INFO  o.a.c.c.StandardEngine - [log,173] - Starting Servlet engine: [Apache Tomcat/9.0.70]
09:37:44.572 [main] INFO  o.a.c.c.C.[.[.[/] - [log,173] - Initializing Spring embedded WebApplicationContext
09:37:45.947 [main] INFO  c.a.d.p.DruidDataSource - [init,996] - {dataSource-1,master} inited
09:37:45.948 [main] INFO  c.b.d.d.DynamicRoutingDataSource - [addDataSource,154] - dynamic-datasource - add a datasource named [master] success
09:37:45.948 [main] INFO  c.b.d.d.DynamicRoutingDataSource - [afterPropertiesSet,234] - dynamic-datasource initial loaded [1] datasource,primary datasource named [master]
09:37:50.087 [main] INFO  c.a.c.s.SentinelWebMvcConfigurer - [addInterceptors,52] - [Sentinel Starter] register SentinelWebInterceptor with urlPatterns: [/**].
09:37:53.480 [main] INFO  c.a.n.c.r.client - [lambda$createClient$0,80] - [RpcClientFactory] create a new rpc client of 4c66a69b-cb4d-4cec-a3b5-cbbc4f7ab8a8
09:37:53.480 [main] INFO  c.a.n.c.r.client - [printIfInfoEnabled,60] - [4c66a69b-cb4d-4cec-a3b5-cbbc4f7ab8a8] RpcClient init label, labels = {module=naming, source=sdk}
09:37:53.481 [main] INFO  c.a.n.c.r.client - [printIfInfoEnabled,60] - [4c66a69b-cb4d-4cec-a3b5-cbbc4f7ab8a8] RpcClient init, ServerListFactory = com.alibaba.nacos.client.naming.core.ServerListManager
09:37:53.482 [main] INFO  c.a.n.c.r.client - [printIfInfoEnabled,60] - [4c66a69b-cb4d-4cec-a3b5-cbbc4f7ab8a8] Registry connection listener to current client:com.alibaba.nacos.client.naming.remote.gprc.redo.NamingGrpcRedoService
09:37:53.482 [main] INFO  c.a.n.c.r.client - [printIfInfoEnabled,60] - [4c66a69b-cb4d-4cec-a3b5-cbbc4f7ab8a8] Register server push request handler:com.alibaba.nacos.client.naming.remote.gprc.NamingPushRequestHandler
09:37:53.482 [main] INFO  c.a.n.c.r.client - [printIfInfoEnabled,60] - [4c66a69b-cb4d-4cec-a3b5-cbbc4f7ab8a8] Try to connect to server on start up, server: {serverIp = '127.0.0.1', server main port = 8848}
09:37:53.604 [main] INFO  c.a.n.c.r.client - [printIfInfoEnabled,60] - [4c66a69b-cb4d-4cec-a3b5-cbbc4f7ab8a8] Success to connect to server [127.0.0.1:8848] on start up, connectionId = 1699234673487_127.0.0.1_10522
09:37:53.604 [com.alibaba.nacos.client.remote.worker] INFO  c.a.n.c.r.client - [printIfInfoEnabled,60] - [4c66a69b-cb4d-4cec-a3b5-cbbc4f7ab8a8] Notify connected event to listeners.
09:37:53.604 [main] INFO  c.a.n.c.r.client - [printIfInfoEnabled,60] - [4c66a69b-cb4d-4cec-a3b5-cbbc4f7ab8a8] Register server push request handler:com.alibaba.nacos.common.remote.client.RpcClient$ConnectResetRequestHandler
09:37:53.604 [main] INFO  c.a.n.c.r.client - [printIfInfoEnabled,60] - [4c66a69b-cb4d-4cec-a3b5-cbbc4f7ab8a8] Register server push request handler:com.alibaba.nacos.common.remote.client.RpcClient$$Lambda$344/812168041
09:37:53.639 [main] INFO  o.a.c.h.Http11NioProtocol - [log,173] - Starting ProtocolHandler ["http-nio-9201"]
09:37:53.670 [main] INFO  c.a.c.n.r.NacosServiceRegistry - [register,75] - nacos registry, DEFAULT_GROUP xmap-system 10.100.60.135:9201 register finished
09:37:54.178 [nacos-grpc-client-executor-6] INFO  c.a.n.c.r.client - [printIfInfoEnabled,60] - [4c66a69b-cb4d-4cec-a3b5-cbbc4f7ab8a8] Receive server push request, request = NotifySubscriberRequest, requestId = 6
09:37:54.183 [nacos-grpc-client-executor-6] INFO  c.a.n.c.r.client - [printIfInfoEnabled,60] - [4c66a69b-cb4d-4cec-a3b5-cbbc4f7ab8a8] Ack server push request, request = NotifySubscriberRequest, requestId = 6
09:37:55.208 [main] INFO  c.x.s.XmapSystemApplication - [logStarted,61] - Started XmapSystemApplication in 20.584 seconds (JVM running for 22.936)
09:37:55.215 [main] INFO  c.a.c.n.r.NacosContextRefresher - [registerNacosListener,129] - [Nacos Config] Listening config: dataId=xmap-system, group=DEFAULT_GROUP
09:37:55.216 [main] INFO  c.a.c.n.r.NacosContextRefresher - [registerNacosListener,129] - [Nacos Config] Listening config: dataId=xmap-system.yml, group=DEFAULT_GROUP
09:37:55.216 [main] INFO  c.a.c.n.r.NacosContextRefresher - [registerNacosListener,129] - [Nacos Config] Listening config: dataId=xmap-system-dev.yml, group=DEFAULT_GROUP
09:37:57.993 [RMI TCP Connection(5)-192.168.137.1] INFO  o.a.c.c.C.[.[.[/] - [log,173] - Initializing Spring DispatcherServlet 'dispatcherServlet'
10:15:16.766 [SpringApplicationShutdownHook] INFO  c.a.c.n.r.NacosServiceRegistry - [deregister,94] - De-registering from Nacos Server now...
10:15:16.772 [SpringApplicationShutdownHook] INFO  c.a.c.n.r.NacosServiceRegistry - [deregister,114] - De-registration finished.
10:15:17.112 [SpringApplicationShutdownHook] INFO  c.a.n.c.r.client - [shutdown,454] - Shutdown rpc client, set status to shutdown
10:15:17.112 [SpringApplicationShutdownHook] INFO  c.a.n.c.r.client - [shutdown,456] - Shutdown client event executor java.util.concurrent.ScheduledThreadPoolExecutor@5afb24e2[Running, pool size = 2, active threads = 2, queued tasks = 0, completed tasks = 0]
10:15:17.112 [SpringApplicationShutdownHook] INFO  c.a.n.c.r.client - [closeConnection,591] - Close current connection 1699234673487_127.0.0.1_10522
10:15:17.114 [nacos-grpc-client-executor-463] INFO  c.a.n.c.r.c.g.GrpcClient - [printIfInfoEnabled,60] - [1699234673487_127.0.0.1_10522]Ignore complete event,isRunning:false,isAbandon=false
10:15:17.117 [SpringApplicationShutdownHook] INFO  c.a.n.c.r.c.g.GrpcClient - [shutdown,85] - Shutdown grpc executor java.util.concurrent.ThreadPoolExecutor@6afae15f[Running, pool size = 5, active threads = 0, queued tasks = 0, completed tasks = 464]
10:15:17.407 [SpringApplicationShutdownHook] INFO  c.b.d.d.DynamicRoutingDataSource - [destroy,211] - dynamic-datasource start closing ....
10:15:17.423 [SpringApplicationShutdownHook] INFO  c.a.d.p.DruidDataSource - [close,2138] - {dataSource-1} closing ...
10:15:17.443 [SpringApplicationShutdownHook] INFO  c.a.d.p.DruidDataSource - [close,2211] - {dataSource-1} closed
10:15:17.443 [SpringApplicationShutdownHook] INFO  c.b.d.d.DynamicRoutingDataSource - [destroy,215] - dynamic-datasource all closed success,bye
