10:25:56.672 [background-preinit] INFO  o.h.v.i.util.Version - [<clinit>,21] - HV000001: Hibernate Validator 6.2.5.Final
10:25:58.773 [main] INFO  c.a.n.c.r.client - [lambda$createClient$0,80] - [RpcClientFactory] create a new rpc client of e6c4bf2d-fc43-475e-83c9-05140229f95c_config-0
10:25:58.845 [main] INFO  o.r.Reflections - [scan,232] - Reflections took 43 ms to scan 1 urls, producing 3 keys and 6 values 
10:25:58.889 [main] INFO  o.r.Reflections - [scan,232] - Reflections took 22 ms to scan 1 urls, producing 4 keys and 9 values 
10:25:58.908 [main] INFO  o.r.Reflections - [scan,232] - Reflections took 14 ms to scan 1 urls, producing 3 keys and 10 values 
10:25:59.205 [main] INFO  o.r.Reflections - [scan,232] - Reflections took 292 ms to scan 199 urls, producing 0 keys and 0 values 
10:25:59.219 [main] INFO  o.r.Reflections - [scan,232] - Reflections took 12 ms to scan 1 urls, producing 1 keys and 5 values 
10:25:59.233 [main] INFO  o.r.Reflections - [scan,232] - Reflections took 12 ms to scan 1 urls, producing 1 keys and 7 values 
10:25:59.253 [main] INFO  o.r.Reflections - [scan,232] - Reflections took 17 ms to scan 1 urls, producing 2 keys and 8 values 
10:25:59.577 [main] INFO  o.r.Reflections - [scan,232] - Reflections took 321 ms to scan 199 urls, producing 0 keys and 0 values 
10:25:59.579 [main] INFO  c.a.n.c.r.client - [printIfInfoEnabled,60] - [e6c4bf2d-fc43-475e-83c9-05140229f95c_config-0] RpcClient init label, labels = {module=config, Vipserver-Tag=null, source=sdk, Amory-Tag=null, Location-Tag=null, taskId=0, AppName=unknown}
10:25:59.580 [main] INFO  c.a.n.c.r.client - [printIfInfoEnabled,60] - [e6c4bf2d-fc43-475e-83c9-05140229f95c_config-0] Register server push request handler:com.alibaba.nacos.client.config.impl.ClientWorker$ConfigRpcTransportClient$$Lambda$335/1752535057
10:25:59.581 [main] INFO  c.a.n.c.r.client - [printIfInfoEnabled,60] - [e6c4bf2d-fc43-475e-83c9-05140229f95c_config-0] Register server push request handler:com.alibaba.nacos.client.config.impl.ClientWorker$ConfigRpcTransportClient$$Lambda$336/2116299597
10:25:59.581 [main] INFO  c.a.n.c.r.client - [printIfInfoEnabled,60] - [e6c4bf2d-fc43-475e-83c9-05140229f95c_config-0] Registry connection listener to current client:com.alibaba.nacos.client.config.impl.ClientWorker$ConfigRpcTransportClient$1
10:25:59.582 [main] INFO  c.a.n.c.r.client - [printIfInfoEnabled,60] - [e6c4bf2d-fc43-475e-83c9-05140229f95c_config-0] RpcClient init, ServerListFactory = com.alibaba.nacos.client.config.impl.ClientWorker$ConfigRpcTransportClient$2
10:25:59.592 [main] INFO  c.a.n.c.r.client - [printIfInfoEnabled,60] - [e6c4bf2d-fc43-475e-83c9-05140229f95c_config-0] Try to connect to server on start up, server: {serverIp = '127.0.0.1', server main port = 8848}
10:26:03.018 [main] INFO  c.a.n.c.r.client - [printIfInfoEnabled,60] - [e6c4bf2d-fc43-475e-83c9-05140229f95c_config-0] Success to connect to server [127.0.0.1:8848] on start up, connectionId = 1702347962805_127.0.0.1_6733
10:26:03.019 [main] INFO  c.a.n.c.r.client - [printIfInfoEnabled,60] - [e6c4bf2d-fc43-475e-83c9-05140229f95c_config-0] Register server push request handler:com.alibaba.nacos.common.remote.client.RpcClient$ConnectResetRequestHandler
10:26:03.019 [com.alibaba.nacos.client.remote.worker] INFO  c.a.n.c.r.client - [printIfInfoEnabled,60] - [e6c4bf2d-fc43-475e-83c9-05140229f95c_config-0] Notify connected event to listeners.
10:26:03.020 [main] INFO  c.a.n.c.r.client - [printIfInfoEnabled,60] - [e6c4bf2d-fc43-475e-83c9-05140229f95c_config-0] Register server push request handler:com.alibaba.nacos.common.remote.client.RpcClient$$Lambda$344/812168041
10:26:03.090 [main] INFO  c.x.s.XmapSystemApplication - [logStartupProfileInfo,637] - The following 1 profile is active: "dev"
10:26:05.376 [main] INFO  o.a.c.c.AprLifecycleListener - [log,173] - Loaded Apache Tomcat Native library [1.2.32] using APR version [1.7.0].
10:26:05.377 [main] INFO  o.a.c.c.AprLifecycleListener - [log,173] - APR capabilities: IPv6 [true], sendfile [true], accept filters [false], random [true], UDS [true].
10:26:05.377 [main] INFO  o.a.c.c.AprLifecycleListener - [log,173] - APR/OpenSSL configuration: useAprConnector [false], useOpenSSL [true]
10:26:05.381 [main] INFO  o.a.c.c.AprLifecycleListener - [log,173] - OpenSSL successfully initialized [OpenSSL 1.1.1n  15 Mar 2022]
10:26:05.393 [main] INFO  o.a.c.h.Http11NioProtocol - [log,173] - Initializing ProtocolHandler ["http-nio-9201"]
10:26:05.394 [main] INFO  o.a.c.c.StandardService - [log,173] - Starting service [Tomcat]
10:26:05.394 [main] INFO  o.a.c.c.StandardEngine - [log,173] - Starting Servlet engine: [Apache Tomcat/9.0.70]
10:26:05.559 [main] INFO  o.a.c.c.C.[.[.[/] - [log,173] - Initializing Spring embedded WebApplicationContext
10:26:07.022 [main] INFO  c.a.d.p.DruidDataSource - [init,996] - {dataSource-1,master} inited
10:26:07.023 [main] INFO  c.b.d.d.DynamicRoutingDataSource - [addDataSource,154] - dynamic-datasource - add a datasource named [master] success
10:26:07.023 [main] INFO  c.b.d.d.DynamicRoutingDataSource - [afterPropertiesSet,234] - dynamic-datasource initial loaded [1] datasource,primary datasource named [master]
10:26:10.842 [main] INFO  c.a.c.s.SentinelWebMvcConfigurer - [addInterceptors,52] - [Sentinel Starter] register SentinelWebInterceptor with urlPatterns: [/**].
10:26:14.045 [main] INFO  c.a.n.c.r.client - [lambda$createClient$0,80] - [RpcClientFactory] create a new rpc client of d9c5153a-6e9d-4280-9130-cbffea8686b8
10:26:14.046 [main] INFO  c.a.n.c.r.client - [printIfInfoEnabled,60] - [d9c5153a-6e9d-4280-9130-cbffea8686b8] RpcClient init label, labels = {module=naming, source=sdk}
10:26:14.047 [main] INFO  c.a.n.c.r.client - [printIfInfoEnabled,60] - [d9c5153a-6e9d-4280-9130-cbffea8686b8] RpcClient init, ServerListFactory = com.alibaba.nacos.client.naming.core.ServerListManager
10:26:14.047 [main] INFO  c.a.n.c.r.client - [printIfInfoEnabled,60] - [d9c5153a-6e9d-4280-9130-cbffea8686b8] Registry connection listener to current client:com.alibaba.nacos.client.naming.remote.gprc.redo.NamingGrpcRedoService
10:26:14.047 [main] INFO  c.a.n.c.r.client - [printIfInfoEnabled,60] - [d9c5153a-6e9d-4280-9130-cbffea8686b8] Register server push request handler:com.alibaba.nacos.client.naming.remote.gprc.NamingPushRequestHandler
10:26:14.048 [main] INFO  c.a.n.c.r.client - [printIfInfoEnabled,60] - [d9c5153a-6e9d-4280-9130-cbffea8686b8] Try to connect to server on start up, server: {serverIp = '127.0.0.1', server main port = 8848}
10:26:14.168 [main] INFO  c.a.n.c.r.client - [printIfInfoEnabled,60] - [d9c5153a-6e9d-4280-9130-cbffea8686b8] Success to connect to server [127.0.0.1:8848] on start up, connectionId = 1702347974052_127.0.0.1_6773
10:26:14.168 [main] INFO  c.a.n.c.r.client - [printIfInfoEnabled,60] - [d9c5153a-6e9d-4280-9130-cbffea8686b8] Register server push request handler:com.alibaba.nacos.common.remote.client.RpcClient$ConnectResetRequestHandler
10:26:14.168 [main] INFO  c.a.n.c.r.client - [printIfInfoEnabled,60] - [d9c5153a-6e9d-4280-9130-cbffea8686b8] Register server push request handler:com.alibaba.nacos.common.remote.client.RpcClient$$Lambda$344/812168041
10:26:14.168 [com.alibaba.nacos.client.remote.worker] INFO  c.a.n.c.r.client - [printIfInfoEnabled,60] - [d9c5153a-6e9d-4280-9130-cbffea8686b8] Notify connected event to listeners.
10:26:14.201 [main] INFO  o.a.c.h.Http11NioProtocol - [log,173] - Starting ProtocolHandler ["http-nio-9201"]
10:26:14.231 [main] INFO  c.a.c.n.r.NacosServiceRegistry - [register,75] - nacos registry, DEFAULT_GROUP xmap-system 10.100.60.135:9201 register finished
10:26:14.760 [nacos-grpc-client-executor-6] INFO  c.a.n.c.r.client - [printIfInfoEnabled,60] - [d9c5153a-6e9d-4280-9130-cbffea8686b8] Receive server push request, request = NotifySubscriberRequest, requestId = 6
10:26:14.766 [nacos-grpc-client-executor-6] INFO  c.a.n.c.r.client - [printIfInfoEnabled,60] - [d9c5153a-6e9d-4280-9130-cbffea8686b8] Ack server push request, request = NotifySubscriberRequest, requestId = 6
10:26:15.713 [main] INFO  c.x.s.XmapSystemApplication - [logStarted,61] - Started XmapSystemApplication in 21.115 seconds (JVM running for 23.534)
10:26:15.722 [main] INFO  c.a.c.n.r.NacosContextRefresher - [registerNacosListener,129] - [Nacos Config] Listening config: dataId=xmap-system, group=DEFAULT_GROUP
10:26:15.722 [main] INFO  c.a.c.n.r.NacosContextRefresher - [registerNacosListener,129] - [Nacos Config] Listening config: dataId=xmap-system.yml, group=DEFAULT_GROUP
10:26:15.723 [main] INFO  c.a.c.n.r.NacosContextRefresher - [registerNacosListener,129] - [Nacos Config] Listening config: dataId=xmap-system-dev.yml, group=DEFAULT_GROUP
10:26:16.759 [RMI TCP Connection(5)-192.168.137.1] INFO  o.a.c.c.C.[.[.[/] - [log,173] - Initializing Spring DispatcherServlet 'dispatcherServlet'
21:04:54.833 [com.alibaba.nacos.client.remote.worker] INFO  c.a.n.c.r.client - [printIfInfoEnabled,60] - [d9c5153a-6e9d-4280-9130-cbffea8686b8] Server healthy check fail, currentConnection = 1702347974052_127.0.0.1_6773
21:04:54.859 [com.alibaba.nacos.client.remote.worker] INFO  c.a.n.c.r.client - [printIfInfoEnabled,60] - [d9c5153a-6e9d-4280-9130-cbffea8686b8] Try to reconnect to a new server, server is  not appointed, will choose a random server.
21:04:54.880 [com.alibaba.nacos.client.remote.worker] INFO  c.a.n.c.r.client - [printIfInfoEnabled,60] - [e6c4bf2d-fc43-475e-83c9-05140229f95c_config-0] Try to reconnect to a new server, server is  not appointed, will choose a random server.
