14:06:14.060 [background-preinit] INFO  o.h.v.i.util.Version - [<clinit>,21] - HV000001: Hibernate Validator 6.2.5.Final
14:06:15.612 [main] INFO  c.a.n.c.r.client - [lambda$createClient$0,80] - [RpcClientFactory] create a new rpc client of e6a98756-30e5-47eb-87d5-e9bafeaeaaef_config-0
14:06:15.666 [main] INFO  o.r.Reflections - [scan,232] - Reflections took 33 ms to scan 1 urls, producing 3 keys and 6 values 
14:06:15.700 [main] INFO  o.r.Reflections - [scan,232] - Reflections took 15 ms to scan 1 urls, producing 4 keys and 9 values 
14:06:15.714 [main] INFO  o.r.Reflections - [scan,232] - Reflections took 11 ms to scan 1 urls, producing 3 keys and 10 values 
14:06:15.985 [main] INFO  o.r.Reflections - [scan,232] - Reflections took 265 ms to scan 199 urls, producing 0 keys and 0 values 
14:06:15.997 [main] INFO  o.r.Reflections - [scan,232] - Reflections took 10 ms to scan 1 urls, producing 1 keys and 5 values 
14:06:16.012 [main] INFO  o.r.Reflections - [scan,232] - Reflections took 12 ms to scan 1 urls, producing 1 keys and 7 values 
14:06:16.042 [main] INFO  o.r.Reflections - [scan,232] - Reflections took 26 ms to scan 1 urls, producing 2 keys and 8 values 
14:06:16.260 [main] INFO  o.r.Reflections - [scan,232] - Reflections took 215 ms to scan 199 urls, producing 0 keys and 0 values 
14:06:16.262 [main] INFO  c.a.n.c.r.client - [printIfInfoEnabled,60] - [e6a98756-30e5-47eb-87d5-e9bafeaeaaef_config-0] RpcClient init label, labels = {module=config, Vipserver-Tag=null, source=sdk, Amory-Tag=null, Location-Tag=null, taskId=0, AppName=unknown}
14:06:16.263 [main] INFO  c.a.n.c.r.client - [printIfInfoEnabled,60] - [e6a98756-30e5-47eb-87d5-e9bafeaeaaef_config-0] Register server push request handler:com.alibaba.nacos.client.config.impl.ClientWorker$ConfigRpcTransportClient$$Lambda$335/1752535057
14:06:16.264 [main] INFO  c.a.n.c.r.client - [printIfInfoEnabled,60] - [e6a98756-30e5-47eb-87d5-e9bafeaeaaef_config-0] Register server push request handler:com.alibaba.nacos.client.config.impl.ClientWorker$ConfigRpcTransportClient$$Lambda$336/2116299597
14:06:16.265 [main] INFO  c.a.n.c.r.client - [printIfInfoEnabled,60] - [e6a98756-30e5-47eb-87d5-e9bafeaeaaef_config-0] Registry connection listener to current client:com.alibaba.nacos.client.config.impl.ClientWorker$ConfigRpcTransportClient$1
14:06:16.265 [main] INFO  c.a.n.c.r.client - [printIfInfoEnabled,60] - [e6a98756-30e5-47eb-87d5-e9bafeaeaaef_config-0] RpcClient init, ServerListFactory = com.alibaba.nacos.client.config.impl.ClientWorker$ConfigRpcTransportClient$2
14:06:16.274 [main] INFO  c.a.n.c.r.client - [printIfInfoEnabled,60] - [e6a98756-30e5-47eb-87d5-e9bafeaeaaef_config-0] Try to connect to server on start up, server: {serverIp = '127.0.0.1', server main port = 8848}
14:06:19.949 [main] INFO  c.a.n.c.r.client - [printIfInfoEnabled,60] - [e6a98756-30e5-47eb-87d5-e9bafeaeaaef_config-0] Success to connect to server [127.0.0.1:8848] on start up, connectionId = 1699855579692_127.0.0.1_14657
14:06:19.950 [com.alibaba.nacos.client.remote.worker] INFO  c.a.n.c.r.client - [printIfInfoEnabled,60] - [e6a98756-30e5-47eb-87d5-e9bafeaeaaef_config-0] Notify connected event to listeners.
14:06:19.950 [main] INFO  c.a.n.c.r.client - [printIfInfoEnabled,60] - [e6a98756-30e5-47eb-87d5-e9bafeaeaaef_config-0] Register server push request handler:com.alibaba.nacos.common.remote.client.RpcClient$ConnectResetRequestHandler
14:06:19.950 [main] INFO  c.a.n.c.r.client - [printIfInfoEnabled,60] - [e6a98756-30e5-47eb-87d5-e9bafeaeaaef_config-0] Register server push request handler:com.alibaba.nacos.common.remote.client.RpcClient$$Lambda$344/812168041
14:06:20.031 [main] INFO  c.x.s.XmapSystemApplication - [logStartupProfileInfo,637] - The following 1 profile is active: "dev"
14:06:24.870 [main] INFO  o.a.c.c.AprLifecycleListener - [log,173] - Loaded Apache Tomcat Native library [1.2.32] using APR version [1.7.0].
14:06:24.870 [main] INFO  o.a.c.c.AprLifecycleListener - [log,173] - APR capabilities: IPv6 [true], sendfile [true], accept filters [false], random [true], UDS [true].
14:06:24.870 [main] INFO  o.a.c.c.AprLifecycleListener - [log,173] - APR/OpenSSL configuration: useAprConnector [false], useOpenSSL [true]
14:06:24.876 [main] INFO  o.a.c.c.AprLifecycleListener - [log,173] - OpenSSL successfully initialized [OpenSSL 1.1.1n  15 Mar 2022]
14:06:24.891 [main] INFO  o.a.c.h.Http11NioProtocol - [log,173] - Initializing ProtocolHandler ["http-nio-9201"]
14:06:24.892 [main] INFO  o.a.c.c.StandardService - [log,173] - Starting service [Tomcat]
14:06:24.892 [main] INFO  o.a.c.c.StandardEngine - [log,173] - Starting Servlet engine: [Apache Tomcat/9.0.70]
14:06:25.153 [main] INFO  o.a.c.c.C.[.[.[/] - [log,173] - Initializing Spring embedded WebApplicationContext
14:06:28.066 [main] INFO  c.a.d.p.DruidDataSource - [init,996] - {dataSource-1,master} inited
14:06:28.067 [main] INFO  c.b.d.d.DynamicRoutingDataSource - [addDataSource,154] - dynamic-datasource - add a datasource named [master] success
14:06:28.067 [main] INFO  c.b.d.d.DynamicRoutingDataSource - [afterPropertiesSet,234] - dynamic-datasource initial loaded [1] datasource,primary datasource named [master]
14:06:34.478 [main] INFO  c.a.c.s.SentinelWebMvcConfigurer - [addInterceptors,52] - [Sentinel Starter] register SentinelWebInterceptor with urlPatterns: [/**].
14:06:38.784 [main] INFO  c.a.n.c.r.client - [lambda$createClient$0,80] - [RpcClientFactory] create a new rpc client of 5b77f6e8-1d69-4ad9-bc81-c470954872f1
14:06:38.784 [main] INFO  c.a.n.c.r.client - [printIfInfoEnabled,60] - [5b77f6e8-1d69-4ad9-bc81-c470954872f1] RpcClient init label, labels = {module=naming, source=sdk}
14:06:38.786 [main] INFO  c.a.n.c.r.client - [printIfInfoEnabled,60] - [5b77f6e8-1d69-4ad9-bc81-c470954872f1] RpcClient init, ServerListFactory = com.alibaba.nacos.client.naming.core.ServerListManager
14:06:38.786 [main] INFO  c.a.n.c.r.client - [printIfInfoEnabled,60] - [5b77f6e8-1d69-4ad9-bc81-c470954872f1] Registry connection listener to current client:com.alibaba.nacos.client.naming.remote.gprc.redo.NamingGrpcRedoService
14:06:38.787 [main] INFO  c.a.n.c.r.client - [printIfInfoEnabled,60] - [5b77f6e8-1d69-4ad9-bc81-c470954872f1] Register server push request handler:com.alibaba.nacos.client.naming.remote.gprc.NamingPushRequestHandler
14:06:38.787 [main] INFO  c.a.n.c.r.client - [printIfInfoEnabled,60] - [5b77f6e8-1d69-4ad9-bc81-c470954872f1] Try to connect to server on start up, server: {serverIp = '127.0.0.1', server main port = 8848}
14:06:38.909 [main] INFO  c.a.n.c.r.client - [printIfInfoEnabled,60] - [5b77f6e8-1d69-4ad9-bc81-c470954872f1] Success to connect to server [127.0.0.1:8848] on start up, connectionId = 1699855598792_127.0.0.1_14910
14:06:38.909 [main] INFO  c.a.n.c.r.client - [printIfInfoEnabled,60] - [5b77f6e8-1d69-4ad9-bc81-c470954872f1] Register server push request handler:com.alibaba.nacos.common.remote.client.RpcClient$ConnectResetRequestHandler
14:06:38.909 [com.alibaba.nacos.client.remote.worker] INFO  c.a.n.c.r.client - [printIfInfoEnabled,60] - [5b77f6e8-1d69-4ad9-bc81-c470954872f1] Notify connected event to listeners.
14:06:38.909 [main] INFO  c.a.n.c.r.client - [printIfInfoEnabled,60] - [5b77f6e8-1d69-4ad9-bc81-c470954872f1] Register server push request handler:com.alibaba.nacos.common.remote.client.RpcClient$$Lambda$344/812168041
14:06:38.942 [main] INFO  o.a.c.h.Http11NioProtocol - [log,173] - Starting ProtocolHandler ["http-nio-9201"]
14:06:38.978 [main] INFO  c.a.c.n.r.NacosServiceRegistry - [register,75] - nacos registry, DEFAULT_GROUP xmap-system 10.100.60.135:9201 register finished
14:06:39.431 [nacos-grpc-client-executor-7] INFO  c.a.n.c.r.client - [printIfInfoEnabled,60] - [5b77f6e8-1d69-4ad9-bc81-c470954872f1] Receive server push request, request = NotifySubscriberRequest, requestId = 4
14:06:39.436 [nacos-grpc-client-executor-7] INFO  c.a.n.c.r.client - [printIfInfoEnabled,60] - [5b77f6e8-1d69-4ad9-bc81-c470954872f1] Ack server push request, request = NotifySubscriberRequest, requestId = 4
14:06:40.514 [main] INFO  c.x.s.XmapSystemApplication - [logStarted,61] - Started XmapSystemApplication in 27.932 seconds (JVM running for 29.765)
14:06:40.522 [main] INFO  c.a.c.n.r.NacosContextRefresher - [registerNacosListener,129] - [Nacos Config] Listening config: dataId=xmap-system, group=DEFAULT_GROUP
14:06:40.523 [main] INFO  c.a.c.n.r.NacosContextRefresher - [registerNacosListener,129] - [Nacos Config] Listening config: dataId=xmap-system.yml, group=DEFAULT_GROUP
14:06:40.524 [main] INFO  c.a.c.n.r.NacosContextRefresher - [registerNacosListener,129] - [Nacos Config] Listening config: dataId=xmap-system-dev.yml, group=DEFAULT_GROUP
14:06:40.990 [RMI TCP Connection(5)-192.168.137.1] INFO  o.a.c.c.C.[.[.[/] - [log,173] - Initializing Spring DispatcherServlet 'dispatcherServlet'
