09:42:48.458 [background-preinit] INFO  o.h.v.i.util.Version - [<clinit>,21] - HV000001: Hibernate Validator 6.2.5.Final
09:42:50.572 [main] INFO  c.a.n.c.r.client - [lambda$createClient$0,80] - [RpcClientFactory] create a new rpc client of c1cfbec1-ef2d-4e57-9bd6-c9009fae2949_config-0
09:42:50.627 [main] INFO  o.r.Reflections - [scan,232] - Reflections took 34 ms to scan 1 urls, producing 3 keys and 6 values 
09:42:50.661 [main] INFO  o.r.Reflections - [scan,232] - Reflections took 18 ms to scan 1 urls, producing 4 keys and 9 values 
09:42:50.678 [main] INFO  o.r.Reflections - [scan,232] - Reflections took 15 ms to scan 1 urls, producing 3 keys and 10 values 
09:42:50.920 [main] INFO  o.r.Reflections - [scan,232] - Reflections took 238 ms to scan 199 urls, producing 0 keys and 0 values 
09:42:50.933 [main] INFO  o.r.Reflections - [scan,232] - Reflections took 10 ms to scan 1 urls, producing 1 keys and 5 values 
09:42:50.955 [main] INFO  o.r.Reflections - [scan,232] - Reflections took 20 ms to scan 1 urls, producing 1 keys and 7 values 
09:42:50.976 [main] INFO  o.r.Reflections - [scan,232] - Reflections took 18 ms to scan 1 urls, producing 2 keys and 8 values 
09:42:51.188 [main] INFO  o.r.Reflections - [scan,232] - Reflections took 207 ms to scan 199 urls, producing 0 keys and 0 values 
09:42:51.189 [main] INFO  c.a.n.c.r.client - [printIfInfoEnabled,60] - [c1cfbec1-ef2d-4e57-9bd6-c9009fae2949_config-0] RpcClient init label, labels = {module=config, Vipserver-Tag=null, source=sdk, Amory-Tag=null, Location-Tag=null, taskId=0, AppName=unknown}
09:42:51.191 [main] INFO  c.a.n.c.r.client - [printIfInfoEnabled,60] - [c1cfbec1-ef2d-4e57-9bd6-c9009fae2949_config-0] Register server push request handler:com.alibaba.nacos.client.config.impl.ClientWorker$ConfigRpcTransportClient$$Lambda$335/1752535057
09:42:51.192 [main] INFO  c.a.n.c.r.client - [printIfInfoEnabled,60] - [c1cfbec1-ef2d-4e57-9bd6-c9009fae2949_config-0] Register server push request handler:com.alibaba.nacos.client.config.impl.ClientWorker$ConfigRpcTransportClient$$Lambda$336/2116299597
09:42:51.193 [main] INFO  c.a.n.c.r.client - [printIfInfoEnabled,60] - [c1cfbec1-ef2d-4e57-9bd6-c9009fae2949_config-0] Registry connection listener to current client:com.alibaba.nacos.client.config.impl.ClientWorker$ConfigRpcTransportClient$1
09:42:51.194 [main] INFO  c.a.n.c.r.client - [printIfInfoEnabled,60] - [c1cfbec1-ef2d-4e57-9bd6-c9009fae2949_config-0] RpcClient init, ServerListFactory = com.alibaba.nacos.client.config.impl.ClientWorker$ConfigRpcTransportClient$2
09:42:51.202 [main] INFO  c.a.n.c.r.client - [printIfInfoEnabled,60] - [c1cfbec1-ef2d-4e57-9bd6-c9009fae2949_config-0] Try to connect to server on start up, server: {serverIp = '127.0.0.1', server main port = 8848}
09:42:55.101 [main] INFO  c.a.n.c.r.client - [printIfInfoEnabled,60] - [c1cfbec1-ef2d-4e57-9bd6-c9009fae2949_config-0] Success to connect to server [127.0.0.1:8848] on start up, connectionId = 1703468574849_127.0.0.1_3759
09:42:55.101 [com.alibaba.nacos.client.remote.worker] INFO  c.a.n.c.r.client - [printIfInfoEnabled,60] - [c1cfbec1-ef2d-4e57-9bd6-c9009fae2949_config-0] Notify connected event to listeners.
09:42:55.102 [main] INFO  c.a.n.c.r.client - [printIfInfoEnabled,60] - [c1cfbec1-ef2d-4e57-9bd6-c9009fae2949_config-0] Register server push request handler:com.alibaba.nacos.common.remote.client.RpcClient$ConnectResetRequestHandler
09:42:55.102 [main] INFO  c.a.n.c.r.client - [printIfInfoEnabled,60] - [c1cfbec1-ef2d-4e57-9bd6-c9009fae2949_config-0] Register server push request handler:com.alibaba.nacos.common.remote.client.RpcClient$$Lambda$344/812168041
09:42:55.176 [main] INFO  c.x.s.XmapSystemApplication - [logStartupProfileInfo,637] - The following 1 profile is active: "dev"
09:42:58.168 [main] INFO  o.a.c.c.AprLifecycleListener - [log,173] - Loaded Apache Tomcat Native library [1.2.32] using APR version [1.7.0].
09:42:58.168 [main] INFO  o.a.c.c.AprLifecycleListener - [log,173] - APR capabilities: IPv6 [true], sendfile [true], accept filters [false], random [true], UDS [true].
09:42:58.169 [main] INFO  o.a.c.c.AprLifecycleListener - [log,173] - APR/OpenSSL configuration: useAprConnector [false], useOpenSSL [true]
09:42:58.172 [main] INFO  o.a.c.c.AprLifecycleListener - [log,173] - OpenSSL successfully initialized [OpenSSL 1.1.1n  15 Mar 2022]
09:42:58.185 [main] INFO  o.a.c.h.Http11NioProtocol - [log,173] - Initializing ProtocolHandler ["http-nio-9201"]
09:42:58.185 [main] INFO  o.a.c.c.StandardService - [log,173] - Starting service [Tomcat]
09:42:58.185 [main] INFO  o.a.c.c.StandardEngine - [log,173] - Starting Servlet engine: [Apache Tomcat/9.0.70]
09:42:58.359 [main] INFO  o.a.c.c.C.[.[.[/] - [log,173] - Initializing Spring embedded WebApplicationContext
09:42:59.912 [main] INFO  c.a.d.p.DruidDataSource - [init,996] - {dataSource-1,master} inited
09:42:59.913 [main] INFO  c.b.d.d.DynamicRoutingDataSource - [addDataSource,154] - dynamic-datasource - add a datasource named [master] success
09:42:59.913 [main] INFO  c.b.d.d.DynamicRoutingDataSource - [afterPropertiesSet,234] - dynamic-datasource initial loaded [1] datasource,primary datasource named [master]
09:43:04.863 [main] INFO  c.a.c.s.SentinelWebMvcConfigurer - [addInterceptors,52] - [Sentinel Starter] register SentinelWebInterceptor with urlPatterns: [/**].
09:43:08.977 [main] INFO  c.a.n.c.r.client - [lambda$createClient$0,80] - [RpcClientFactory] create a new rpc client of 013db15f-e458-4d63-8f70-468bbb104cf4
09:43:08.978 [main] INFO  c.a.n.c.r.client - [printIfInfoEnabled,60] - [013db15f-e458-4d63-8f70-468bbb104cf4] RpcClient init label, labels = {module=naming, source=sdk}
09:43:08.980 [main] INFO  c.a.n.c.r.client - [printIfInfoEnabled,60] - [013db15f-e458-4d63-8f70-468bbb104cf4] RpcClient init, ServerListFactory = com.alibaba.nacos.client.naming.core.ServerListManager
09:43:08.981 [main] INFO  c.a.n.c.r.client - [printIfInfoEnabled,60] - [013db15f-e458-4d63-8f70-468bbb104cf4] Registry connection listener to current client:com.alibaba.nacos.client.naming.remote.gprc.redo.NamingGrpcRedoService
09:43:08.982 [main] INFO  c.a.n.c.r.client - [printIfInfoEnabled,60] - [013db15f-e458-4d63-8f70-468bbb104cf4] Register server push request handler:com.alibaba.nacos.client.naming.remote.gprc.NamingPushRequestHandler
09:43:08.983 [main] INFO  c.a.n.c.r.client - [printIfInfoEnabled,60] - [013db15f-e458-4d63-8f70-468bbb104cf4] Try to connect to server on start up, server: {serverIp = '127.0.0.1', server main port = 8848}
09:43:09.108 [main] INFO  c.a.n.c.r.client - [printIfInfoEnabled,60] - [013db15f-e458-4d63-8f70-468bbb104cf4] Success to connect to server [127.0.0.1:8848] on start up, connectionId = 1703468588989_127.0.0.1_3869
09:43:09.108 [main] INFO  c.a.n.c.r.client - [printIfInfoEnabled,60] - [013db15f-e458-4d63-8f70-468bbb104cf4] Register server push request handler:com.alibaba.nacos.common.remote.client.RpcClient$ConnectResetRequestHandler
09:43:09.108 [com.alibaba.nacos.client.remote.worker] INFO  c.a.n.c.r.client - [printIfInfoEnabled,60] - [013db15f-e458-4d63-8f70-468bbb104cf4] Notify connected event to listeners.
09:43:09.108 [main] INFO  c.a.n.c.r.client - [printIfInfoEnabled,60] - [013db15f-e458-4d63-8f70-468bbb104cf4] Register server push request handler:com.alibaba.nacos.common.remote.client.RpcClient$$Lambda$344/812168041
09:43:09.143 [main] INFO  o.a.c.h.Http11NioProtocol - [log,173] - Starting ProtocolHandler ["http-nio-9201"]
09:43:09.183 [main] INFO  c.a.c.n.r.NacosServiceRegistry - [register,75] - nacos registry, DEFAULT_GROUP xmap-system 10.100.60.135:9201 register finished
09:43:09.652 [nacos-grpc-client-executor-7] INFO  c.a.n.c.r.client - [printIfInfoEnabled,60] - [013db15f-e458-4d63-8f70-468bbb104cf4] Receive server push request, request = NotifySubscriberRequest, requestId = 6
09:43:09.661 [nacos-grpc-client-executor-7] INFO  c.a.n.c.r.client - [printIfInfoEnabled,60] - [013db15f-e458-4d63-8f70-468bbb104cf4] Ack server push request, request = NotifySubscriberRequest, requestId = 6
09:43:11.016 [main] INFO  c.x.s.XmapSystemApplication - [logStarted,61] - Started XmapSystemApplication in 24.032 seconds (JVM running for 25.729)
09:43:11.026 [main] INFO  c.a.c.n.r.NacosContextRefresher - [registerNacosListener,129] - [Nacos Config] Listening config: dataId=xmap-system, group=DEFAULT_GROUP
09:43:11.027 [main] INFO  c.a.c.n.r.NacosContextRefresher - [registerNacosListener,129] - [Nacos Config] Listening config: dataId=xmap-system.yml, group=DEFAULT_GROUP
09:43:11.029 [main] INFO  c.a.c.n.r.NacosContextRefresher - [registerNacosListener,129] - [Nacos Config] Listening config: dataId=xmap-system-dev.yml, group=DEFAULT_GROUP
09:43:13.269 [RMI TCP Connection(8)-192.168.137.1] INFO  o.a.c.c.C.[.[.[/] - [log,173] - Initializing Spring DispatcherServlet 'dispatcherServlet'
15:27:15.353 [com.alibaba.nacos.client.remote.worker] INFO  c.a.n.c.r.client - [printIfInfoEnabled,60] - [013db15f-e458-4d63-8f70-468bbb104cf4] Try to reconnect to a new server, server is  not appointed, will choose a random server.
15:27:15.354 [com.alibaba.nacos.client.remote.worker] INFO  c.a.n.c.r.client - [printIfInfoEnabled,60] - [c1cfbec1-ef2d-4e57-9bd6-c9009fae2949_config-0] Try to reconnect to a new server, server is  not appointed, will choose a random server.
15:27:19.771 [com.alibaba.nacos.client.remote.worker] INFO  c.a.n.c.r.client - [printIfInfoEnabled,60] - [c1cfbec1-ef2d-4e57-9bd6-c9009fae2949_config-0] Fail to connect server, after trying 1 times, last try server is {serverIp = '127.0.0.1', server main port = 8848}, error = unknown
15:27:19.796 [com.alibaba.nacos.client.remote.worker] INFO  c.a.n.c.r.client - [printIfInfoEnabled,60] - [013db15f-e458-4d63-8f70-468bbb104cf4] Fail to connect server, after trying 1 times, last try server is {serverIp = '127.0.0.1', server main port = 8848}, error = unknown
15:27:20.213 [SpringApplicationShutdownHook] INFO  c.a.c.n.r.NacosServiceRegistry - [deregister,94] - De-registering from Nacos Server now...
15:27:20.541 [SpringApplicationShutdownHook] INFO  c.a.c.n.r.NacosServiceRegistry - [deregister,114] - De-registration finished.
15:27:20.895 [SpringApplicationShutdownHook] INFO  c.a.n.c.r.client - [shutdown,454] - Shutdown rpc client, set status to shutdown
15:27:20.896 [SpringApplicationShutdownHook] INFO  c.a.n.c.r.client - [shutdown,456] - Shutdown client event executor java.util.concurrent.ScheduledThreadPoolExecutor@1de95ccc[Running, pool size = 2, active threads = 2, queued tasks = 0, completed tasks = 0]
15:27:20.896 [SpringApplicationShutdownHook] INFO  c.a.n.c.r.client - [closeConnection,591] - Close current connection 1703468588989_127.0.0.1_3869
15:27:20.896 [SpringApplicationShutdownHook] INFO  c.a.n.c.r.c.g.GrpcClient - [shutdown,85] - Shutdown grpc executor java.util.concurrent.ThreadPoolExecutor@42014873[Running, pool size = 6, active threads = 0, queued tasks = 0, completed tasks = 4140]
15:27:20.897 [com.alibaba.nacos.client.remote.worker] INFO  c.a.n.c.r.client - [closeConnection,591] - Close current connection 1703468588989_127.0.0.1_3869
15:27:20.897 [com.alibaba.nacos.client.remote.worker] INFO  c.a.n.c.r.client - [printIfInfoEnabled,60] - [013db15f-e458-4d63-8f70-468bbb104cf4] Fail to connect server, after trying 2 times, last try server is {serverIp = '127.0.0.1', server main port = 8848}, error = unknown
15:27:21.092 [SpringApplicationShutdownHook] INFO  c.b.d.d.DynamicRoutingDataSource - [destroy,211] - dynamic-datasource start closing ....
15:27:21.174 [SpringApplicationShutdownHook] INFO  c.a.d.p.DruidDataSource - [close,2138] - {dataSource-1} closing ...
15:27:21.201 [com.alibaba.nacos.client.remote.worker] INFO  c.a.n.c.r.client - [printIfInfoEnabled,60] - [013db15f-e458-4d63-8f70-468bbb104cf4] Client is shutdown, stop reconnect to server
15:27:21.246 [SpringApplicationShutdownHook] INFO  c.a.d.p.DruidDataSource - [close,2211] - {dataSource-1} closed
15:27:21.247 [SpringApplicationShutdownHook] INFO  c.b.d.d.DynamicRoutingDataSource - [destroy,215] - dynamic-datasource all closed success,bye
