09:05:44.014 [background-preinit] INFO  o.h.v.i.util.Version - [<clinit>,21] - HV000001: Hibernate Validator 6.2.5.Final
09:05:45.799 [main] INFO  c.a.n.c.r.client - [lambda$createClient$0,80] - [RpcClientFactory] create a new rpc client of 40799b73-8fe9-48bb-911b-5b7038b9bc21_config-0
09:05:45.891 [main] INFO  o.r.Reflections - [scan,232] - Reflections took 58 ms to scan 1 urls, producing 3 keys and 6 values 
09:05:45.933 [main] INFO  o.r.Reflections - [scan,232] - Reflections took 19 ms to scan 1 urls, producing 4 keys and 9 values 
09:05:45.962 [main] INFO  o.r.Reflections - [scan,232] - Reflections took 25 ms to scan 1 urls, producing 3 keys and 10 values 
09:05:46.299 [main] INFO  o.r.Reflections - [scan,232] - Reflections took 331 ms to scan 199 urls, producing 0 keys and 0 values 
09:05:46.316 [main] INFO  o.r.Reflections - [scan,232] - Reflections took 15 ms to scan 1 urls, producing 1 keys and 5 values 
09:05:46.337 [main] INFO  o.r.Reflections - [scan,232] - Reflections took 17 ms to scan 1 urls, producing 1 keys and 7 values 
09:05:46.360 [main] INFO  o.r.Reflections - [scan,232] - Reflections took 20 ms to scan 1 urls, producing 2 keys and 8 values 
09:05:46.615 [main] INFO  o.r.Reflections - [scan,232] - Reflections took 252 ms to scan 199 urls, producing 0 keys and 0 values 
09:05:46.618 [main] INFO  c.a.n.c.r.client - [printIfInfoEnabled,60] - [40799b73-8fe9-48bb-911b-5b7038b9bc21_config-0] RpcClient init label, labels = {module=config, Vipserver-Tag=null, source=sdk, Amory-Tag=null, Location-Tag=null, taskId=0, AppName=unknown}
09:05:46.620 [main] INFO  c.a.n.c.r.client - [printIfInfoEnabled,60] - [40799b73-8fe9-48bb-911b-5b7038b9bc21_config-0] Register server push request handler:com.alibaba.nacos.client.config.impl.ClientWorker$ConfigRpcTransportClient$$Lambda$335/1752535057
09:05:46.621 [main] INFO  c.a.n.c.r.client - [printIfInfoEnabled,60] - [40799b73-8fe9-48bb-911b-5b7038b9bc21_config-0] Register server push request handler:com.alibaba.nacos.client.config.impl.ClientWorker$ConfigRpcTransportClient$$Lambda$336/2116299597
09:05:46.622 [main] INFO  c.a.n.c.r.client - [printIfInfoEnabled,60] - [40799b73-8fe9-48bb-911b-5b7038b9bc21_config-0] Registry connection listener to current client:com.alibaba.nacos.client.config.impl.ClientWorker$ConfigRpcTransportClient$1
09:05:46.624 [main] INFO  c.a.n.c.r.client - [printIfInfoEnabled,60] - [40799b73-8fe9-48bb-911b-5b7038b9bc21_config-0] RpcClient init, ServerListFactory = com.alibaba.nacos.client.config.impl.ClientWorker$ConfigRpcTransportClient$2
09:05:46.633 [main] INFO  c.a.n.c.r.client - [printIfInfoEnabled,60] - [40799b73-8fe9-48bb-911b-5b7038b9bc21_config-0] Try to connect to server on start up, server: {serverIp = '127.0.0.1', server main port = 8848}
09:05:51.302 [main] INFO  c.a.n.c.r.client - [printIfInfoEnabled,60] - [40799b73-8fe9-48bb-911b-5b7038b9bc21_config-0] Success to connect to server [127.0.0.1:8848] on start up, connectionId = 1698973550949_127.0.0.1_7748
09:05:51.302 [com.alibaba.nacos.client.remote.worker] INFO  c.a.n.c.r.client - [printIfInfoEnabled,60] - [40799b73-8fe9-48bb-911b-5b7038b9bc21_config-0] Notify connected event to listeners.
09:05:51.303 [main] INFO  c.a.n.c.r.client - [printIfInfoEnabled,60] - [40799b73-8fe9-48bb-911b-5b7038b9bc21_config-0] Register server push request handler:com.alibaba.nacos.common.remote.client.RpcClient$ConnectResetRequestHandler
09:05:51.303 [main] INFO  c.a.n.c.r.client - [printIfInfoEnabled,60] - [40799b73-8fe9-48bb-911b-5b7038b9bc21_config-0] Register server push request handler:com.alibaba.nacos.common.remote.client.RpcClient$$Lambda$344/812168041
09:05:51.405 [main] INFO  c.x.s.XmapSystemApplication - [logStartupProfileInfo,637] - The following 1 profile is active: "dev"
09:05:55.984 [main] INFO  o.a.c.c.AprLifecycleListener - [log,173] - Loaded Apache Tomcat Native library [1.2.32] using APR version [1.7.0].
09:05:55.985 [main] INFO  o.a.c.c.AprLifecycleListener - [log,173] - APR capabilities: IPv6 [true], sendfile [true], accept filters [false], random [true], UDS [true].
09:05:55.985 [main] INFO  o.a.c.c.AprLifecycleListener - [log,173] - APR/OpenSSL configuration: useAprConnector [false], useOpenSSL [true]
09:05:55.991 [main] INFO  o.a.c.c.AprLifecycleListener - [log,173] - OpenSSL successfully initialized [OpenSSL 1.1.1n  15 Mar 2022]
09:05:56.014 [main] INFO  o.a.c.h.Http11NioProtocol - [log,173] - Initializing ProtocolHandler ["http-nio-9201"]
09:05:56.015 [main] INFO  o.a.c.c.StandardService - [log,173] - Starting service [Tomcat]
09:05:56.015 [main] INFO  o.a.c.c.StandardEngine - [log,173] - Starting Servlet engine: [Apache Tomcat/9.0.70]
09:05:56.337 [main] INFO  o.a.c.c.C.[.[.[/] - [log,173] - Initializing Spring embedded WebApplicationContext
09:05:58.311 [main] INFO  c.a.d.p.DruidDataSource - [init,996] - {dataSource-1,master} inited
09:05:58.313 [main] INFO  c.b.d.d.DynamicRoutingDataSource - [addDataSource,154] - dynamic-datasource - add a datasource named [master] success
09:05:58.313 [main] INFO  c.b.d.d.DynamicRoutingDataSource - [afterPropertiesSet,234] - dynamic-datasource initial loaded [1] datasource,primary datasource named [master]
09:06:03.529 [main] INFO  c.a.c.s.SentinelWebMvcConfigurer - [addInterceptors,52] - [Sentinel Starter] register SentinelWebInterceptor with urlPatterns: [/**].
09:06:07.651 [main] INFO  c.a.n.c.r.client - [lambda$createClient$0,80] - [RpcClientFactory] create a new rpc client of fae48311-10f1-43e5-ac3e-aa0a40c995e5
09:06:07.651 [main] INFO  c.a.n.c.r.client - [printIfInfoEnabled,60] - [fae48311-10f1-43e5-ac3e-aa0a40c995e5] RpcClient init label, labels = {module=naming, source=sdk}
09:06:07.652 [main] INFO  c.a.n.c.r.client - [printIfInfoEnabled,60] - [fae48311-10f1-43e5-ac3e-aa0a40c995e5] RpcClient init, ServerListFactory = com.alibaba.nacos.client.naming.core.ServerListManager
09:06:07.653 [main] INFO  c.a.n.c.r.client - [printIfInfoEnabled,60] - [fae48311-10f1-43e5-ac3e-aa0a40c995e5] Registry connection listener to current client:com.alibaba.nacos.client.naming.remote.gprc.redo.NamingGrpcRedoService
09:06:07.653 [main] INFO  c.a.n.c.r.client - [printIfInfoEnabled,60] - [fae48311-10f1-43e5-ac3e-aa0a40c995e5] Register server push request handler:com.alibaba.nacos.client.naming.remote.gprc.NamingPushRequestHandler
09:06:07.654 [main] INFO  c.a.n.c.r.client - [printIfInfoEnabled,60] - [fae48311-10f1-43e5-ac3e-aa0a40c995e5] Try to connect to server on start up, server: {serverIp = '127.0.0.1', server main port = 8848}
09:06:07.767 [main] INFO  c.a.n.c.r.client - [printIfInfoEnabled,60] - [fae48311-10f1-43e5-ac3e-aa0a40c995e5] Success to connect to server [127.0.0.1:8848] on start up, connectionId = 1698973567659_127.0.0.1_7879
09:06:07.767 [main] INFO  c.a.n.c.r.client - [printIfInfoEnabled,60] - [fae48311-10f1-43e5-ac3e-aa0a40c995e5] Register server push request handler:com.alibaba.nacos.common.remote.client.RpcClient$ConnectResetRequestHandler
09:06:07.767 [com.alibaba.nacos.client.remote.worker] INFO  c.a.n.c.r.client - [printIfInfoEnabled,60] - [fae48311-10f1-43e5-ac3e-aa0a40c995e5] Notify connected event to listeners.
09:06:07.767 [main] INFO  c.a.n.c.r.client - [printIfInfoEnabled,60] - [fae48311-10f1-43e5-ac3e-aa0a40c995e5] Register server push request handler:com.alibaba.nacos.common.remote.client.RpcClient$$Lambda$344/812168041
09:06:07.797 [main] INFO  o.a.c.h.Http11NioProtocol - [log,173] - Starting ProtocolHandler ["http-nio-9201"]
09:06:07.825 [main] INFO  c.a.c.n.r.NacosServiceRegistry - [register,75] - nacos registry, DEFAULT_GROUP xmap-system 10.100.60.135:9201 register finished
09:06:08.313 [nacos-grpc-client-executor-8] INFO  c.a.n.c.r.client - [printIfInfoEnabled,60] - [fae48311-10f1-43e5-ac3e-aa0a40c995e5] Receive server push request, request = NotifySubscriberRequest, requestId = 5
09:06:08.318 [nacos-grpc-client-executor-8] INFO  c.a.n.c.r.client - [printIfInfoEnabled,60] - [fae48311-10f1-43e5-ac3e-aa0a40c995e5] Ack server push request, request = NotifySubscriberRequest, requestId = 5
09:06:09.519 [main] INFO  c.x.s.XmapSystemApplication - [logStarted,61] - Started XmapSystemApplication in 27.1 seconds (JVM running for 29.461)
09:06:09.529 [main] INFO  c.a.c.n.r.NacosContextRefresher - [registerNacosListener,129] - [Nacos Config] Listening config: dataId=xmap-system, group=DEFAULT_GROUP
09:06:09.530 [main] INFO  c.a.c.n.r.NacosContextRefresher - [registerNacosListener,129] - [Nacos Config] Listening config: dataId=xmap-system.yml, group=DEFAULT_GROUP
09:06:09.531 [main] INFO  c.a.c.n.r.NacosContextRefresher - [registerNacosListener,129] - [Nacos Config] Listening config: dataId=xmap-system-dev.yml, group=DEFAULT_GROUP
09:06:10.500 [RMI TCP Connection(8)-192.168.137.1] INFO  o.a.c.c.C.[.[.[/] - [log,173] - Initializing Spring DispatcherServlet 'dispatcherServlet'
09:48:03.913 [nacos-grpc-client-executor-516] INFO  c.a.n.c.r.client - [printIfInfoEnabled,60] - [fae48311-10f1-43e5-ac3e-aa0a40c995e5] Receive server push request, request = NotifySubscriberRequest, requestId = 10
09:48:03.913 [nacos-grpc-client-executor-516] INFO  c.a.n.c.r.client - [printIfInfoEnabled,60] - [fae48311-10f1-43e5-ac3e-aa0a40c995e5] Ack server push request, request = NotifySubscriberRequest, requestId = 10
09:48:36.033 [nacos-grpc-client-executor-526] INFO  c.a.n.c.r.client - [printIfInfoEnabled,60] - [fae48311-10f1-43e5-ac3e-aa0a40c995e5] Receive server push request, request = NotifySubscriberRequest, requestId = 11
09:48:36.040 [nacos-grpc-client-executor-526] INFO  c.a.n.c.r.client - [printIfInfoEnabled,60] - [fae48311-10f1-43e5-ac3e-aa0a40c995e5] Ack server push request, request = NotifySubscriberRequest, requestId = 11
14:01:05.381 [nacos-grpc-client-executor-3661] INFO  c.a.n.c.r.client - [printIfInfoEnabled,60] - [fae48311-10f1-43e5-ac3e-aa0a40c995e5] Receive server push request, request = NotifySubscriberRequest, requestId = 28
14:01:05.402 [nacos-grpc-client-executor-3661] INFO  c.a.n.c.r.client - [printIfInfoEnabled,60] - [fae48311-10f1-43e5-ac3e-aa0a40c995e5] Ack server push request, request = NotifySubscriberRequest, requestId = 28
14:01:25.889 [nacos-grpc-client-executor-3666] INFO  c.a.n.c.r.client - [printIfInfoEnabled,60] - [fae48311-10f1-43e5-ac3e-aa0a40c995e5] Receive server push request, request = NotifySubscriberRequest, requestId = 30
14:01:25.893 [nacos-grpc-client-executor-3666] INFO  c.a.n.c.r.client - [printIfInfoEnabled,60] - [fae48311-10f1-43e5-ac3e-aa0a40c995e5] Ack server push request, request = NotifySubscriberRequest, requestId = 30
21:43:48.222 [SpringApplicationShutdownHook] INFO  c.a.c.n.r.NacosServiceRegistry - [deregister,94] - De-registering from Nacos Server now...
21:43:48.248 [SpringApplicationShutdownHook] INFO  c.a.c.n.r.NacosServiceRegistry - [deregister,114] - De-registration finished.
21:43:48.582 [SpringApplicationShutdownHook] INFO  c.a.n.c.r.client - [shutdown,454] - Shutdown rpc client, set status to shutdown
21:43:48.582 [SpringApplicationShutdownHook] INFO  c.a.n.c.r.client - [shutdown,456] - Shutdown client event executor java.util.concurrent.ScheduledThreadPoolExecutor@3125efe7[Running, pool size = 2, active threads = 2, queued tasks = 0, completed tasks = 0]
21:43:48.582 [SpringApplicationShutdownHook] INFO  c.a.n.c.r.client - [closeConnection,591] - Close current connection 1698973567659_127.0.0.1_7879
21:43:48.584 [nacos-grpc-client-executor-9209] INFO  c.a.n.c.r.c.g.GrpcClient - [printIfInfoEnabled,60] - [1698973567659_127.0.0.1_7879]Ignore complete event,isRunning:false,isAbandon=false
21:43:48.598 [SpringApplicationShutdownHook] INFO  c.a.n.c.r.c.g.GrpcClient - [shutdown,85] - Shutdown grpc executor java.util.concurrent.ThreadPoolExecutor@6b716e30[Running, pool size = 5, active threads = 0, queued tasks = 0, completed tasks = 9210]
21:43:48.878 [SpringApplicationShutdownHook] INFO  c.b.d.d.DynamicRoutingDataSource - [destroy,211] - dynamic-datasource start closing ....
21:43:48.957 [SpringApplicationShutdownHook] INFO  c.a.d.p.DruidDataSource - [close,2138] - {dataSource-1} closing ...
21:43:48.965 [SpringApplicationShutdownHook] INFO  c.a.d.p.DruidDataSource - [close,2211] - {dataSource-1} closed
21:43:48.966 [SpringApplicationShutdownHook] INFO  c.b.d.d.DynamicRoutingDataSource - [destroy,215] - dynamic-datasource all closed success,bye
