09:50:26.919 [background-preinit] INFO  o.h.v.i.util.Version - [<clinit>,21] - HV000001: Hibernate Validator 6.2.5.Final
09:50:28.604 [main] INFO  c.a.n.c.r.client - [lambda$createClient$0,80] - [RpcClientFactory] create a new rpc client of 0a466501-9d58-4ac9-8ed2-0b231f140dde_config-0
09:50:28.646 [main] INFO  o.r.Reflections - [scan,232] - Reflections took 26 ms to scan 1 urls, producing 3 keys and 6 values 
09:50:28.673 [main] INFO  o.r.Reflections - [scan,232] - Reflections took 12 ms to scan 1 urls, producing 4 keys and 9 values 
09:50:28.688 [main] INFO  o.r.Reflections - [scan,232] - Reflections took 12 ms to scan 1 urls, producing 3 keys and 10 values 
09:50:28.888 [main] INFO  o.r.Reflections - [scan,232] - Reflections took 196 ms to scan 199 urls, producing 0 keys and 0 values 
09:50:28.902 [main] INFO  o.r.Reflections - [scan,232] - Reflections took 10 ms to scan 1 urls, producing 1 keys and 5 values 
09:50:28.916 [main] INFO  o.r.Reflections - [scan,232] - Reflections took 12 ms to scan 1 urls, producing 1 keys and 7 values 
09:50:28.932 [main] INFO  o.r.Reflections - [scan,232] - Reflections took 12 ms to scan 1 urls, producing 2 keys and 8 values 
09:50:29.083 [main] INFO  o.r.Reflections - [scan,232] - Reflections took 149 ms to scan 199 urls, producing 0 keys and 0 values 
09:50:29.084 [main] INFO  c.a.n.c.r.client - [printIfInfoEnabled,60] - [0a466501-9d58-4ac9-8ed2-0b231f140dde_config-0] RpcClient init label, labels = {module=config, Vipserver-Tag=null, source=sdk, Amory-Tag=null, Location-Tag=null, taskId=0, AppName=unknown}
09:50:29.084 [main] INFO  c.a.n.c.r.client - [printIfInfoEnabled,60] - [0a466501-9d58-4ac9-8ed2-0b231f140dde_config-0] Register server push request handler:com.alibaba.nacos.client.config.impl.ClientWorker$ConfigRpcTransportClient$$Lambda$335/1752535057
09:50:29.085 [main] INFO  c.a.n.c.r.client - [printIfInfoEnabled,60] - [0a466501-9d58-4ac9-8ed2-0b231f140dde_config-0] Register server push request handler:com.alibaba.nacos.client.config.impl.ClientWorker$ConfigRpcTransportClient$$Lambda$336/2116299597
09:50:29.085 [main] INFO  c.a.n.c.r.client - [printIfInfoEnabled,60] - [0a466501-9d58-4ac9-8ed2-0b231f140dde_config-0] Registry connection listener to current client:com.alibaba.nacos.client.config.impl.ClientWorker$ConfigRpcTransportClient$1
09:50:29.086 [main] INFO  c.a.n.c.r.client - [printIfInfoEnabled,60] - [0a466501-9d58-4ac9-8ed2-0b231f140dde_config-0] RpcClient init, ServerListFactory = com.alibaba.nacos.client.config.impl.ClientWorker$ConfigRpcTransportClient$2
09:50:29.092 [main] INFO  c.a.n.c.r.client - [printIfInfoEnabled,60] - [0a466501-9d58-4ac9-8ed2-0b231f140dde_config-0] Try to connect to server on start up, server: {serverIp = '127.0.0.1', server main port = 8848}
09:50:32.314 [main] INFO  c.a.n.c.r.client - [printIfInfoEnabled,60] - [0a466501-9d58-4ac9-8ed2-0b231f140dde_config-0] Success to connect to server [127.0.0.1:8848] on start up, connectionId = 1701741032067_127.0.0.1_2680
09:50:32.314 [com.alibaba.nacos.client.remote.worker] INFO  c.a.n.c.r.client - [printIfInfoEnabled,60] - [0a466501-9d58-4ac9-8ed2-0b231f140dde_config-0] Notify connected event to listeners.
09:50:32.315 [main] INFO  c.a.n.c.r.client - [printIfInfoEnabled,60] - [0a466501-9d58-4ac9-8ed2-0b231f140dde_config-0] Register server push request handler:com.alibaba.nacos.common.remote.client.RpcClient$ConnectResetRequestHandler
09:50:32.315 [main] INFO  c.a.n.c.r.client - [printIfInfoEnabled,60] - [0a466501-9d58-4ac9-8ed2-0b231f140dde_config-0] Register server push request handler:com.alibaba.nacos.common.remote.client.RpcClient$$Lambda$344/812168041
09:50:32.397 [main] INFO  c.x.s.XmapSystemApplication - [logStartupProfileInfo,637] - The following 1 profile is active: "dev"
09:50:34.770 [main] INFO  o.a.c.c.AprLifecycleListener - [log,173] - Loaded Apache Tomcat Native library [1.2.32] using APR version [1.7.0].
09:50:34.770 [main] INFO  o.a.c.c.AprLifecycleListener - [log,173] - APR capabilities: IPv6 [true], sendfile [true], accept filters [false], random [true], UDS [true].
09:50:34.771 [main] INFO  o.a.c.c.AprLifecycleListener - [log,173] - APR/OpenSSL configuration: useAprConnector [false], useOpenSSL [true]
09:50:34.774 [main] INFO  o.a.c.c.AprLifecycleListener - [log,173] - OpenSSL successfully initialized [OpenSSL 1.1.1n  15 Mar 2022]
09:50:34.788 [main] INFO  o.a.c.h.Http11NioProtocol - [log,173] - Initializing ProtocolHandler ["http-nio-9201"]
09:50:34.788 [main] INFO  o.a.c.c.StandardService - [log,173] - Starting service [Tomcat]
09:50:34.788 [main] INFO  o.a.c.c.StandardEngine - [log,173] - Starting Servlet engine: [Apache Tomcat/9.0.70]
09:50:34.978 [main] INFO  o.a.c.c.C.[.[.[/] - [log,173] - Initializing Spring embedded WebApplicationContext
09:50:36.449 [main] INFO  c.a.d.p.DruidDataSource - [init,996] - {dataSource-1,master} inited
09:50:36.450 [main] INFO  c.b.d.d.DynamicRoutingDataSource - [addDataSource,154] - dynamic-datasource - add a datasource named [master] success
09:50:36.450 [main] INFO  c.b.d.d.DynamicRoutingDataSource - [afterPropertiesSet,234] - dynamic-datasource initial loaded [1] datasource,primary datasource named [master]
09:50:41.863 [main] INFO  c.a.c.s.SentinelWebMvcConfigurer - [addInterceptors,52] - [Sentinel Starter] register SentinelWebInterceptor with urlPatterns: [/**].
09:50:45.875 [main] INFO  c.a.n.c.r.client - [lambda$createClient$0,80] - [RpcClientFactory] create a new rpc client of 1bff5e9a-37e7-4cf8-a9ac-f68337e6f983
09:50:45.876 [main] INFO  c.a.n.c.r.client - [printIfInfoEnabled,60] - [1bff5e9a-37e7-4cf8-a9ac-f68337e6f983] RpcClient init label, labels = {module=naming, source=sdk}
09:50:45.877 [main] INFO  c.a.n.c.r.client - [printIfInfoEnabled,60] - [1bff5e9a-37e7-4cf8-a9ac-f68337e6f983] RpcClient init, ServerListFactory = com.alibaba.nacos.client.naming.core.ServerListManager
09:50:45.878 [main] INFO  c.a.n.c.r.client - [printIfInfoEnabled,60] - [1bff5e9a-37e7-4cf8-a9ac-f68337e6f983] Registry connection listener to current client:com.alibaba.nacos.client.naming.remote.gprc.redo.NamingGrpcRedoService
09:50:45.878 [main] INFO  c.a.n.c.r.client - [printIfInfoEnabled,60] - [1bff5e9a-37e7-4cf8-a9ac-f68337e6f983] Register server push request handler:com.alibaba.nacos.client.naming.remote.gprc.NamingPushRequestHandler
09:50:45.878 [main] INFO  c.a.n.c.r.client - [printIfInfoEnabled,60] - [1bff5e9a-37e7-4cf8-a9ac-f68337e6f983] Try to connect to server on start up, server: {serverIp = '127.0.0.1', server main port = 8848}
09:50:45.999 [main] INFO  c.a.n.c.r.client - [printIfInfoEnabled,60] - [1bff5e9a-37e7-4cf8-a9ac-f68337e6f983] Success to connect to server [127.0.0.1:8848] on start up, connectionId = 1701741045885_127.0.0.1_2736
09:50:45.999 [main] INFO  c.a.n.c.r.client - [printIfInfoEnabled,60] - [1bff5e9a-37e7-4cf8-a9ac-f68337e6f983] Register server push request handler:com.alibaba.nacos.common.remote.client.RpcClient$ConnectResetRequestHandler
09:50:45.999 [com.alibaba.nacos.client.remote.worker] INFO  c.a.n.c.r.client - [printIfInfoEnabled,60] - [1bff5e9a-37e7-4cf8-a9ac-f68337e6f983] Notify connected event to listeners.
09:50:45.999 [main] INFO  c.a.n.c.r.client - [printIfInfoEnabled,60] - [1bff5e9a-37e7-4cf8-a9ac-f68337e6f983] Register server push request handler:com.alibaba.nacos.common.remote.client.RpcClient$$Lambda$344/812168041
09:50:46.051 [main] INFO  o.a.c.h.Http11NioProtocol - [log,173] - Starting ProtocolHandler ["http-nio-9201"]
09:50:46.078 [main] INFO  c.a.c.n.r.NacosServiceRegistry - [register,75] - nacos registry, DEFAULT_GROUP xmap-system 10.100.60.135:9201 register finished
09:50:46.619 [nacos-grpc-client-executor-7] INFO  c.a.n.c.r.client - [printIfInfoEnabled,60] - [1bff5e9a-37e7-4cf8-a9ac-f68337e6f983] Receive server push request, request = NotifySubscriberRequest, requestId = 6
09:50:46.624 [nacos-grpc-client-executor-7] INFO  c.a.n.c.r.client - [printIfInfoEnabled,60] - [1bff5e9a-37e7-4cf8-a9ac-f68337e6f983] Ack server push request, request = NotifySubscriberRequest, requestId = 6
09:50:48.153 [main] INFO  c.x.s.XmapSystemApplication - [logStarted,61] - Started XmapSystemApplication in 22.796 seconds (JVM running for 24.928)
09:50:48.167 [main] INFO  c.a.c.n.r.NacosContextRefresher - [registerNacosListener,129] - [Nacos Config] Listening config: dataId=xmap-system, group=DEFAULT_GROUP
09:50:48.168 [main] INFO  c.a.c.n.r.NacosContextRefresher - [registerNacosListener,129] - [Nacos Config] Listening config: dataId=xmap-system.yml, group=DEFAULT_GROUP
09:50:48.169 [main] INFO  c.a.c.n.r.NacosContextRefresher - [registerNacosListener,129] - [Nacos Config] Listening config: dataId=xmap-system-dev.yml, group=DEFAULT_GROUP
09:50:49.365 [RMI TCP Connection(5)-192.168.137.1] INFO  o.a.c.c.C.[.[.[/] - [log,173] - Initializing Spring DispatcherServlet 'dispatcherServlet'
