10:46:22.027 [background-preinit] INFO  o.h.v.i.util.Version - [<clinit>,21] - HV000001: Hibernate Validator 6.2.5.Final
10:46:24.338 [main] INFO  c.a.n.c.r.client - [lambda$createClient$0,80] - [RpcClientFactory] create a new rpc client of 67d73d2d-c44e-42e1-a9fb-fce7ca9df916_config-0
10:46:24.400 [main] INFO  o.r.Reflections - [scan,232] - Reflections took 44 ms to scan 1 urls, producing 3 keys and 6 values 
10:46:24.441 [main] INFO  o.r.Reflections - [scan,232] - Reflections took 24 ms to scan 1 urls, producing 4 keys and 9 values 
10:46:24.459 [main] INFO  o.r.Reflections - [scan,232] - Reflections took 15 ms to scan 1 urls, producing 3 keys and 10 values 
10:46:24.709 [main] INFO  o.r.Reflections - [scan,232] - Reflections took 245 ms to scan 199 urls, producing 0 keys and 0 values 
10:46:24.721 [main] INFO  o.r.Reflections - [scan,232] - Reflections took 11 ms to scan 1 urls, producing 1 keys and 5 values 
10:46:24.733 [main] INFO  o.r.Reflections - [scan,232] - Reflections took 11 ms to scan 1 urls, producing 1 keys and 7 values 
10:46:24.746 [main] INFO  o.r.Reflections - [scan,232] - Reflections took 10 ms to scan 1 urls, producing 2 keys and 8 values 
10:46:24.916 [main] INFO  o.r.Reflections - [scan,232] - Reflections took 168 ms to scan 199 urls, producing 0 keys and 0 values 
10:46:24.917 [main] INFO  c.a.n.c.r.client - [printIfInfoEnabled,60] - [67d73d2d-c44e-42e1-a9fb-fce7ca9df916_config-0] RpcClient init label, labels = {module=config, Vipserver-Tag=null, source=sdk, Amory-Tag=null, Location-Tag=null, taskId=0, AppName=unknown}
10:46:24.918 [main] INFO  c.a.n.c.r.client - [printIfInfoEnabled,60] - [67d73d2d-c44e-42e1-a9fb-fce7ca9df916_config-0] Register server push request handler:com.alibaba.nacos.client.config.impl.ClientWorker$ConfigRpcTransportClient$$Lambda$335/1752535057
10:46:24.918 [main] INFO  c.a.n.c.r.client - [printIfInfoEnabled,60] - [67d73d2d-c44e-42e1-a9fb-fce7ca9df916_config-0] Register server push request handler:com.alibaba.nacos.client.config.impl.ClientWorker$ConfigRpcTransportClient$$Lambda$336/2116299597
10:46:24.919 [main] INFO  c.a.n.c.r.client - [printIfInfoEnabled,60] - [67d73d2d-c44e-42e1-a9fb-fce7ca9df916_config-0] Registry connection listener to current client:com.alibaba.nacos.client.config.impl.ClientWorker$ConfigRpcTransportClient$1
10:46:24.919 [main] INFO  c.a.n.c.r.client - [printIfInfoEnabled,60] - [67d73d2d-c44e-42e1-a9fb-fce7ca9df916_config-0] RpcClient init, ServerListFactory = com.alibaba.nacos.client.config.impl.ClientWorker$ConfigRpcTransportClient$2
10:46:24.926 [main] INFO  c.a.n.c.r.client - [printIfInfoEnabled,60] - [67d73d2d-c44e-42e1-a9fb-fce7ca9df916_config-0] Try to connect to server on start up, server: {serverIp = '127.0.0.1', server main port = 8848}
10:46:29.266 [main] INFO  c.a.n.c.r.client - [printIfInfoEnabled,60] - [67d73d2d-c44e-42e1-a9fb-fce7ca9df916_config-0] Success to connect to server [127.0.0.1:8848] on start up, connectionId = 1700189188984_127.0.0.1_6720
10:46:29.266 [com.alibaba.nacos.client.remote.worker] INFO  c.a.n.c.r.client - [printIfInfoEnabled,60] - [67d73d2d-c44e-42e1-a9fb-fce7ca9df916_config-0] Notify connected event to listeners.
10:46:29.267 [main] INFO  c.a.n.c.r.client - [printIfInfoEnabled,60] - [67d73d2d-c44e-42e1-a9fb-fce7ca9df916_config-0] Register server push request handler:com.alibaba.nacos.common.remote.client.RpcClient$ConnectResetRequestHandler
10:46:29.268 [main] INFO  c.a.n.c.r.client - [printIfInfoEnabled,60] - [67d73d2d-c44e-42e1-a9fb-fce7ca9df916_config-0] Register server push request handler:com.alibaba.nacos.common.remote.client.RpcClient$$Lambda$344/812168041
10:46:29.362 [main] INFO  c.x.s.XmapSystemApplication - [logStartupProfileInfo,637] - The following 1 profile is active: "dev"
10:46:33.474 [main] INFO  o.a.c.c.AprLifecycleListener - [log,173] - Loaded Apache Tomcat Native library [1.2.32] using APR version [1.7.0].
10:46:33.475 [main] INFO  o.a.c.c.AprLifecycleListener - [log,173] - APR capabilities: IPv6 [true], sendfile [true], accept filters [false], random [true], UDS [true].
10:46:33.476 [main] INFO  o.a.c.c.AprLifecycleListener - [log,173] - APR/OpenSSL configuration: useAprConnector [false], useOpenSSL [true]
10:46:33.489 [main] INFO  o.a.c.c.AprLifecycleListener - [log,173] - OpenSSL successfully initialized [OpenSSL 1.1.1n  15 Mar 2022]
10:46:33.572 [main] INFO  o.a.c.h.Http11NioProtocol - [log,173] - Initializing ProtocolHandler ["http-nio-9201"]
10:46:33.574 [main] INFO  o.a.c.c.StandardService - [log,173] - Starting service [Tomcat]
10:46:33.574 [main] INFO  o.a.c.c.StandardEngine - [log,173] - Starting Servlet engine: [Apache Tomcat/9.0.70]
10:46:34.636 [main] INFO  o.a.c.c.C.[.[.[/] - [log,173] - Initializing Spring embedded WebApplicationContext
10:46:37.673 [main] INFO  c.a.d.p.DruidDataSource - [init,996] - {dataSource-1,master} inited
10:46:37.674 [main] INFO  c.b.d.d.DynamicRoutingDataSource - [addDataSource,154] - dynamic-datasource - add a datasource named [master] success
10:46:37.675 [main] INFO  c.b.d.d.DynamicRoutingDataSource - [afterPropertiesSet,234] - dynamic-datasource initial loaded [1] datasource,primary datasource named [master]
10:46:43.671 [main] INFO  c.a.c.s.SentinelWebMvcConfigurer - [addInterceptors,52] - [Sentinel Starter] register SentinelWebInterceptor with urlPatterns: [/**].
10:46:48.139 [main] INFO  c.a.n.c.r.client - [lambda$createClient$0,80] - [RpcClientFactory] create a new rpc client of 1f8233f4-06ed-4ec3-a12f-e0e639614d52
10:46:48.140 [main] INFO  c.a.n.c.r.client - [printIfInfoEnabled,60] - [1f8233f4-06ed-4ec3-a12f-e0e639614d52] RpcClient init label, labels = {module=naming, source=sdk}
10:46:48.141 [main] INFO  c.a.n.c.r.client - [printIfInfoEnabled,60] - [1f8233f4-06ed-4ec3-a12f-e0e639614d52] RpcClient init, ServerListFactory = com.alibaba.nacos.client.naming.core.ServerListManager
10:46:48.141 [main] INFO  c.a.n.c.r.client - [printIfInfoEnabled,60] - [1f8233f4-06ed-4ec3-a12f-e0e639614d52] Registry connection listener to current client:com.alibaba.nacos.client.naming.remote.gprc.redo.NamingGrpcRedoService
10:46:48.141 [main] INFO  c.a.n.c.r.client - [printIfInfoEnabled,60] - [1f8233f4-06ed-4ec3-a12f-e0e639614d52] Register server push request handler:com.alibaba.nacos.client.naming.remote.gprc.NamingPushRequestHandler
10:46:48.142 [main] INFO  c.a.n.c.r.client - [printIfInfoEnabled,60] - [1f8233f4-06ed-4ec3-a12f-e0e639614d52] Try to connect to server on start up, server: {serverIp = '127.0.0.1', server main port = 8848}
10:46:48.265 [main] INFO  c.a.n.c.r.client - [printIfInfoEnabled,60] - [1f8233f4-06ed-4ec3-a12f-e0e639614d52] Success to connect to server [127.0.0.1:8848] on start up, connectionId = 1700189208146_127.0.0.1_6874
10:46:48.265 [main] INFO  c.a.n.c.r.client - [printIfInfoEnabled,60] - [1f8233f4-06ed-4ec3-a12f-e0e639614d52] Register server push request handler:com.alibaba.nacos.common.remote.client.RpcClient$ConnectResetRequestHandler
10:46:48.265 [com.alibaba.nacos.client.remote.worker] INFO  c.a.n.c.r.client - [printIfInfoEnabled,60] - [1f8233f4-06ed-4ec3-a12f-e0e639614d52] Notify connected event to listeners.
10:46:48.265 [main] INFO  c.a.n.c.r.client - [printIfInfoEnabled,60] - [1f8233f4-06ed-4ec3-a12f-e0e639614d52] Register server push request handler:com.alibaba.nacos.common.remote.client.RpcClient$$Lambda$344/812168041
10:46:48.289 [main] INFO  o.a.c.h.Http11NioProtocol - [log,173] - Starting ProtocolHandler ["http-nio-9201"]
10:46:48.316 [main] INFO  c.a.c.n.r.NacosServiceRegistry - [register,75] - nacos registry, DEFAULT_GROUP xmap-system 10.100.60.135:9201 register finished
10:46:48.883 [nacos-grpc-client-executor-7] INFO  c.a.n.c.r.client - [printIfInfoEnabled,60] - [1f8233f4-06ed-4ec3-a12f-e0e639614d52] Receive server push request, request = NotifySubscriberRequest, requestId = 5
10:46:48.888 [nacos-grpc-client-executor-7] INFO  c.a.n.c.r.client - [printIfInfoEnabled,60] - [1f8233f4-06ed-4ec3-a12f-e0e639614d52] Ack server push request, request = NotifySubscriberRequest, requestId = 5
10:46:49.743 [main] INFO  c.x.s.XmapSystemApplication - [logStarted,61] - Started XmapSystemApplication in 29.733 seconds (JVM running for 31.571)
10:46:49.750 [main] INFO  c.a.c.n.r.NacosContextRefresher - [registerNacosListener,129] - [Nacos Config] Listening config: dataId=xmap-system, group=DEFAULT_GROUP
10:46:49.751 [main] INFO  c.a.c.n.r.NacosContextRefresher - [registerNacosListener,129] - [Nacos Config] Listening config: dataId=xmap-system.yml, group=DEFAULT_GROUP
10:46:49.751 [main] INFO  c.a.c.n.r.NacosContextRefresher - [registerNacosListener,129] - [Nacos Config] Listening config: dataId=xmap-system-dev.yml, group=DEFAULT_GROUP
10:46:49.975 [RMI TCP Connection(3)-192.168.137.1] INFO  o.a.c.c.C.[.[.[/] - [log,173] - Initializing Spring DispatcherServlet 'dispatcherServlet'
15:54:53.915 [com.alibaba.nacos.client.remote.worker] INFO  c.a.n.c.r.client - [printIfInfoEnabled,60] - [67d73d2d-c44e-42e1-a9fb-fce7ca9df916_config-0] Try to reconnect to a new server, server is  not appointed, will choose a random server.
15:54:53.915 [com.alibaba.nacos.client.remote.worker] INFO  c.a.n.c.r.client - [printIfInfoEnabled,60] - [1f8233f4-06ed-4ec3-a12f-e0e639614d52] Try to reconnect to a new server, server is  not appointed, will choose a random server.
15:54:57.938 [SpringApplicationShutdownHook] INFO  c.a.c.n.r.NacosServiceRegistry - [deregister,94] - De-registering from Nacos Server now...
15:54:58.275 [SpringApplicationShutdownHook] INFO  c.a.c.n.r.NacosServiceRegistry - [deregister,114] - De-registration finished.
15:54:58.314 [com.alibaba.nacos.client.remote.worker] INFO  c.a.n.c.r.client - [printIfInfoEnabled,60] - [67d73d2d-c44e-42e1-a9fb-fce7ca9df916_config-0] Fail to connect server, after trying 1 times, last try server is {serverIp = '127.0.0.1', server main port = 8848}, error = unknown
15:54:58.323 [com.alibaba.nacos.client.remote.worker] INFO  c.a.n.c.r.client - [printIfInfoEnabled,60] - [1f8233f4-06ed-4ec3-a12f-e0e639614d52] Fail to connect server, after trying 1 times, last try server is {serverIp = '127.0.0.1', server main port = 8848}, error = unknown
15:54:58.613 [SpringApplicationShutdownHook] INFO  c.a.n.c.r.client - [shutdown,454] - Shutdown rpc client, set status to shutdown
15:54:58.614 [SpringApplicationShutdownHook] INFO  c.a.n.c.r.client - [shutdown,456] - Shutdown client event executor java.util.concurrent.ScheduledThreadPoolExecutor@66ac5418[Running, pool size = 2, active threads = 2, queued tasks = 0, completed tasks = 0]
15:54:58.614 [SpringApplicationShutdownHook] INFO  c.a.n.c.r.client - [closeConnection,591] - Close current connection 1700189208146_127.0.0.1_6874
15:54:58.614 [SpringApplicationShutdownHook] INFO  c.a.n.c.r.c.g.GrpcClient - [shutdown,85] - Shutdown grpc executor java.util.concurrent.ThreadPoolExecutor@62d8ede1[Running, pool size = 7, active threads = 0, queued tasks = 0, completed tasks = 3717]
15:54:58.617 [com.alibaba.nacos.client.remote.worker] INFO  c.a.n.c.r.client - [closeConnection,591] - Close current connection 1700189208146_127.0.0.1_6874
15:54:58.618 [com.alibaba.nacos.client.remote.worker] INFO  c.a.n.c.r.client - [printIfInfoEnabled,60] - [1f8233f4-06ed-4ec3-a12f-e0e639614d52] Fail to connect server, after trying 2 times, last try server is {serverIp = '127.0.0.1', server main port = 8848}, error = unknown
15:54:58.885 [SpringApplicationShutdownHook] INFO  c.b.d.d.DynamicRoutingDataSource - [destroy,211] - dynamic-datasource start closing ....
15:54:58.901 [SpringApplicationShutdownHook] INFO  c.a.d.p.DruidDataSource - [close,2138] - {dataSource-1} closing ...
15:54:58.928 [SpringApplicationShutdownHook] INFO  c.a.d.p.DruidDataSource - [close,2211] - {dataSource-1} closed
15:54:58.929 [SpringApplicationShutdownHook] INFO  c.b.d.d.DynamicRoutingDataSource - [destroy,215] - dynamic-datasource all closed success,bye
15:54:58.930 [com.alibaba.nacos.client.remote.worker] INFO  c.a.n.c.r.client - [printIfInfoEnabled,60] - [1f8233f4-06ed-4ec3-a12f-e0e639614d52] Client is shutdown, stop reconnect to server
