10:15:10.868 [background-preinit] INFO  o.h.v.i.util.Version - [<clinit>,21] - HV000001: Hibernate Validator 6.2.5.Final
10:15:12.818 [main] INFO  c.a.n.c.r.client - [lambda$createClient$0,80] - [RpcClientFactory] create a new rpc client of 5d2611b1-1413-4e2e-887f-ef0b727f59ac_config-0
10:15:12.862 [main] INFO  o.r.Reflections - [scan,232] - Reflections took 28 ms to scan 1 urls, producing 3 keys and 6 values 
10:15:12.890 [main] INFO  o.r.Reflections - [scan,232] - Reflections took 13 ms to scan 1 urls, producing 4 keys and 9 values 
10:15:12.903 [main] INFO  o.r.Reflections - [scan,232] - Reflections took 11 ms to scan 1 urls, producing 3 keys and 10 values 
10:15:13.128 [main] INFO  o.r.Reflections - [scan,232] - Reflections took 221 ms to scan 199 urls, producing 0 keys and 0 values 
10:15:13.143 [main] INFO  o.r.Reflections - [scan,232] - Reflections took 13 ms to scan 1 urls, producing 1 keys and 5 values 
10:15:13.166 [main] INFO  o.r.Reflections - [scan,232] - Reflections took 20 ms to scan 1 urls, producing 1 keys and 7 values 
10:15:13.185 [main] INFO  o.r.Reflections - [scan,232] - Reflections took 15 ms to scan 1 urls, producing 2 keys and 8 values 
10:15:13.372 [main] INFO  o.r.Reflections - [scan,232] - Reflections took 185 ms to scan 199 urls, producing 0 keys and 0 values 
10:15:13.373 [main] INFO  c.a.n.c.r.client - [printIfInfoEnabled,60] - [5d2611b1-1413-4e2e-887f-ef0b727f59ac_config-0] RpcClient init label, labels = {module=config, Vipserver-Tag=null, source=sdk, Amory-Tag=null, Location-Tag=null, taskId=0, AppName=unknown}
10:15:13.374 [main] INFO  c.a.n.c.r.client - [printIfInfoEnabled,60] - [5d2611b1-1413-4e2e-887f-ef0b727f59ac_config-0] Register server push request handler:com.alibaba.nacos.client.config.impl.ClientWorker$ConfigRpcTransportClient$$Lambda$335/1752535057
10:15:13.374 [main] INFO  c.a.n.c.r.client - [printIfInfoEnabled,60] - [5d2611b1-1413-4e2e-887f-ef0b727f59ac_config-0] Register server push request handler:com.alibaba.nacos.client.config.impl.ClientWorker$ConfigRpcTransportClient$$Lambda$336/2116299597
10:15:13.375 [main] INFO  c.a.n.c.r.client - [printIfInfoEnabled,60] - [5d2611b1-1413-4e2e-887f-ef0b727f59ac_config-0] Registry connection listener to current client:com.alibaba.nacos.client.config.impl.ClientWorker$ConfigRpcTransportClient$1
10:15:13.375 [main] INFO  c.a.n.c.r.client - [printIfInfoEnabled,60] - [5d2611b1-1413-4e2e-887f-ef0b727f59ac_config-0] RpcClient init, ServerListFactory = com.alibaba.nacos.client.config.impl.ClientWorker$ConfigRpcTransportClient$2
10:15:13.382 [main] INFO  c.a.n.c.r.client - [printIfInfoEnabled,60] - [5d2611b1-1413-4e2e-887f-ef0b727f59ac_config-0] Try to connect to server on start up, server: {serverIp = '127.0.0.1', server main port = 8848}
10:15:16.604 [main] INFO  c.a.n.c.r.client - [printIfInfoEnabled,60] - [5d2611b1-1413-4e2e-887f-ef0b727f59ac_config-0] Success to connect to server [127.0.0.1:8848] on start up, connectionId = 1699582516337_127.0.0.1_11720
10:15:16.605 [main] INFO  c.a.n.c.r.client - [printIfInfoEnabled,60] - [5d2611b1-1413-4e2e-887f-ef0b727f59ac_config-0] Register server push request handler:com.alibaba.nacos.common.remote.client.RpcClient$ConnectResetRequestHandler
10:15:16.604 [com.alibaba.nacos.client.remote.worker] INFO  c.a.n.c.r.client - [printIfInfoEnabled,60] - [5d2611b1-1413-4e2e-887f-ef0b727f59ac_config-0] Notify connected event to listeners.
10:15:16.605 [main] INFO  c.a.n.c.r.client - [printIfInfoEnabled,60] - [5d2611b1-1413-4e2e-887f-ef0b727f59ac_config-0] Register server push request handler:com.alibaba.nacos.common.remote.client.RpcClient$$Lambda$344/812168041
10:15:16.678 [main] INFO  c.x.s.XmapSystemApplication - [logStartupProfileInfo,637] - The following 1 profile is active: "dev"
10:15:21.381 [main] INFO  o.a.c.c.AprLifecycleListener - [log,173] - Loaded Apache Tomcat Native library [1.2.32] using APR version [1.7.0].
10:15:21.381 [main] INFO  o.a.c.c.AprLifecycleListener - [log,173] - APR capabilities: IPv6 [true], sendfile [true], accept filters [false], random [true], UDS [true].
10:15:21.381 [main] INFO  o.a.c.c.AprLifecycleListener - [log,173] - APR/OpenSSL configuration: useAprConnector [false], useOpenSSL [true]
10:15:21.385 [main] INFO  o.a.c.c.AprLifecycleListener - [log,173] - OpenSSL successfully initialized [OpenSSL 1.1.1n  15 Mar 2022]
10:15:21.402 [main] INFO  o.a.c.h.Http11NioProtocol - [log,173] - Initializing ProtocolHandler ["http-nio-9201"]
10:15:21.402 [main] INFO  o.a.c.c.StandardService - [log,173] - Starting service [Tomcat]
10:15:21.403 [main] INFO  o.a.c.c.StandardEngine - [log,173] - Starting Servlet engine: [Apache Tomcat/9.0.70]
10:15:21.666 [main] INFO  o.a.c.c.C.[.[.[/] - [log,173] - Initializing Spring embedded WebApplicationContext
10:15:23.817 [main] INFO  c.a.d.p.DruidDataSource - [init,996] - {dataSource-1,master} inited
10:15:23.819 [main] INFO  c.b.d.d.DynamicRoutingDataSource - [addDataSource,154] - dynamic-datasource - add a datasource named [master] success
10:15:23.819 [main] INFO  c.b.d.d.DynamicRoutingDataSource - [afterPropertiesSet,234] - dynamic-datasource initial loaded [1] datasource,primary datasource named [master]
10:15:29.525 [main] INFO  c.a.c.s.SentinelWebMvcConfigurer - [addInterceptors,52] - [Sentinel Starter] register SentinelWebInterceptor with urlPatterns: [/**].
10:15:34.248 [main] INFO  c.a.n.c.r.client - [lambda$createClient$0,80] - [RpcClientFactory] create a new rpc client of d705203b-3485-4357-8153-6292bf3d84f8
10:15:34.248 [main] INFO  c.a.n.c.r.client - [printIfInfoEnabled,60] - [d705203b-3485-4357-8153-6292bf3d84f8] RpcClient init label, labels = {module=naming, source=sdk}
10:15:34.250 [main] INFO  c.a.n.c.r.client - [printIfInfoEnabled,60] - [d705203b-3485-4357-8153-6292bf3d84f8] RpcClient init, ServerListFactory = com.alibaba.nacos.client.naming.core.ServerListManager
10:15:34.250 [main] INFO  c.a.n.c.r.client - [printIfInfoEnabled,60] - [d705203b-3485-4357-8153-6292bf3d84f8] Registry connection listener to current client:com.alibaba.nacos.client.naming.remote.gprc.redo.NamingGrpcRedoService
10:15:34.250 [main] INFO  c.a.n.c.r.client - [printIfInfoEnabled,60] - [d705203b-3485-4357-8153-6292bf3d84f8] Register server push request handler:com.alibaba.nacos.client.naming.remote.gprc.NamingPushRequestHandler
10:15:34.250 [main] INFO  c.a.n.c.r.client - [printIfInfoEnabled,60] - [d705203b-3485-4357-8153-6292bf3d84f8] Try to connect to server on start up, server: {serverIp = '127.0.0.1', server main port = 8848}
10:15:34.360 [main] INFO  c.a.n.c.r.client - [printIfInfoEnabled,60] - [d705203b-3485-4357-8153-6292bf3d84f8] Success to connect to server [127.0.0.1:8848] on start up, connectionId = 1699582534255_127.0.0.1_11868
10:15:34.360 [main] INFO  c.a.n.c.r.client - [printIfInfoEnabled,60] - [d705203b-3485-4357-8153-6292bf3d84f8] Register server push request handler:com.alibaba.nacos.common.remote.client.RpcClient$ConnectResetRequestHandler
10:15:34.360 [com.alibaba.nacos.client.remote.worker] INFO  c.a.n.c.r.client - [printIfInfoEnabled,60] - [d705203b-3485-4357-8153-6292bf3d84f8] Notify connected event to listeners.
10:15:34.360 [main] INFO  c.a.n.c.r.client - [printIfInfoEnabled,60] - [d705203b-3485-4357-8153-6292bf3d84f8] Register server push request handler:com.alibaba.nacos.common.remote.client.RpcClient$$Lambda$344/812168041
10:15:34.389 [main] INFO  o.a.c.h.Http11NioProtocol - [log,173] - Starting ProtocolHandler ["http-nio-9201"]
10:15:34.415 [main] INFO  c.a.c.n.r.NacosServiceRegistry - [register,75] - nacos registry, DEFAULT_GROUP xmap-system 10.100.60.135:9201 register finished
10:15:34.960 [nacos-grpc-client-executor-7] INFO  c.a.n.c.r.client - [printIfInfoEnabled,60] - [d705203b-3485-4357-8153-6292bf3d84f8] Receive server push request, request = NotifySubscriberRequest, requestId = 5
10:15:34.965 [nacos-grpc-client-executor-7] INFO  c.a.n.c.r.client - [printIfInfoEnabled,60] - [d705203b-3485-4357-8153-6292bf3d84f8] Ack server push request, request = NotifySubscriberRequest, requestId = 5
10:15:36.050 [main] INFO  c.x.s.XmapSystemApplication - [logStarted,61] - Started XmapSystemApplication in 27.17 seconds (JVM running for 29.227)
10:15:36.058 [main] INFO  c.a.c.n.r.NacosContextRefresher - [registerNacosListener,129] - [Nacos Config] Listening config: dataId=xmap-system, group=DEFAULT_GROUP
10:15:36.059 [main] INFO  c.a.c.n.r.NacosContextRefresher - [registerNacosListener,129] - [Nacos Config] Listening config: dataId=xmap-system.yml, group=DEFAULT_GROUP
10:15:36.059 [main] INFO  c.a.c.n.r.NacosContextRefresher - [registerNacosListener,129] - [Nacos Config] Listening config: dataId=xmap-system-dev.yml, group=DEFAULT_GROUP
10:15:36.978 [RMI TCP Connection(4)-192.168.137.1] INFO  o.a.c.c.C.[.[.[/] - [log,173] - Initializing Spring DispatcherServlet 'dispatcherServlet'
