09:28:06.686 [background-preinit] INFO  o.h.v.i.util.Version - [<clinit>,21] - HV000001: Hibernate Validator 6.2.5.Final
09:28:08.867 [main] INFO  c.a.n.c.r.client - [lambda$createClient$0,80] - [RpcClientFactory] create a new rpc client of 29d79803-69df-4288-8251-8c75bdc67f0b_config-0
09:28:08.922 [main] INFO  o.r.Reflections - [scan,232] - Reflections took 36 ms to scan 1 urls, producing 3 keys and 6 values 
09:28:08.962 [main] INFO  o.r.Reflections - [scan,232] - Reflections took 15 ms to scan 1 urls, producing 4 keys and 9 values 
09:28:08.979 [main] INFO  o.r.Reflections - [scan,232] - Reflections took 15 ms to scan 1 urls, producing 3 keys and 10 values 
09:28:09.319 [main] INFO  o.r.Reflections - [scan,232] - Reflections took 336 ms to scan 199 urls, producing 0 keys and 0 values 
09:28:09.344 [main] INFO  o.r.Reflections - [scan,232] - Reflections took 23 ms to scan 1 urls, producing 1 keys and 5 values 
09:28:09.359 [main] INFO  o.r.Reflections - [scan,232] - Reflections took 13 ms to scan 1 urls, producing 1 keys and 7 values 
09:28:09.383 [main] INFO  o.r.Reflections - [scan,232] - Reflections took 21 ms to scan 1 urls, producing 2 keys and 8 values 
09:28:09.581 [main] INFO  o.r.Reflections - [scan,232] - Reflections took 192 ms to scan 199 urls, producing 0 keys and 0 values 
09:28:09.582 [main] INFO  c.a.n.c.r.client - [printIfInfoEnabled,60] - [29d79803-69df-4288-8251-8c75bdc67f0b_config-0] RpcClient init label, labels = {module=config, Vipserver-Tag=null, source=sdk, Amory-Tag=null, Location-Tag=null, taskId=0, AppName=unknown}
09:28:09.583 [main] INFO  c.a.n.c.r.client - [printIfInfoEnabled,60] - [29d79803-69df-4288-8251-8c75bdc67f0b_config-0] Register server push request handler:com.alibaba.nacos.client.config.impl.ClientWorker$ConfigRpcTransportClient$$Lambda$335/1752535057
09:28:09.583 [main] INFO  c.a.n.c.r.client - [printIfInfoEnabled,60] - [29d79803-69df-4288-8251-8c75bdc67f0b_config-0] Register server push request handler:com.alibaba.nacos.client.config.impl.ClientWorker$ConfigRpcTransportClient$$Lambda$336/2116299597
09:28:09.584 [main] INFO  c.a.n.c.r.client - [printIfInfoEnabled,60] - [29d79803-69df-4288-8251-8c75bdc67f0b_config-0] Registry connection listener to current client:com.alibaba.nacos.client.config.impl.ClientWorker$ConfigRpcTransportClient$1
09:28:09.585 [main] INFO  c.a.n.c.r.client - [printIfInfoEnabled,60] - [29d79803-69df-4288-8251-8c75bdc67f0b_config-0] RpcClient init, ServerListFactory = com.alibaba.nacos.client.config.impl.ClientWorker$ConfigRpcTransportClient$2
09:28:09.592 [main] INFO  c.a.n.c.r.client - [printIfInfoEnabled,60] - [29d79803-69df-4288-8251-8c75bdc67f0b_config-0] Try to connect to server on start up, server: {serverIp = '127.0.0.1', server main port = 8848}
09:28:15.114 [main] INFO  c.a.n.c.r.client - [printIfInfoEnabled,60] - [29d79803-69df-4288-8251-8c75bdc67f0b_config-0] Success to connect to server [127.0.0.1:8848] on start up, connectionId = 1702517294755_127.0.0.1_13570
09:28:15.114 [com.alibaba.nacos.client.remote.worker] INFO  c.a.n.c.r.client - [printIfInfoEnabled,60] - [29d79803-69df-4288-8251-8c75bdc67f0b_config-0] Notify connected event to listeners.
09:28:15.115 [main] INFO  c.a.n.c.r.client - [printIfInfoEnabled,60] - [29d79803-69df-4288-8251-8c75bdc67f0b_config-0] Register server push request handler:com.alibaba.nacos.common.remote.client.RpcClient$ConnectResetRequestHandler
09:28:15.116 [main] INFO  c.a.n.c.r.client - [printIfInfoEnabled,60] - [29d79803-69df-4288-8251-8c75bdc67f0b_config-0] Register server push request handler:com.alibaba.nacos.common.remote.client.RpcClient$$Lambda$344/812168041
09:28:15.222 [main] INFO  c.x.s.XmapSystemApplication - [logStartupProfileInfo,637] - The following 1 profile is active: "dev"
09:28:19.673 [main] INFO  o.a.c.c.AprLifecycleListener - [log,173] - Loaded Apache Tomcat Native library [1.2.32] using APR version [1.7.0].
09:28:19.673 [main] INFO  o.a.c.c.AprLifecycleListener - [log,173] - APR capabilities: IPv6 [true], sendfile [true], accept filters [false], random [true], UDS [true].
09:28:19.674 [main] INFO  o.a.c.c.AprLifecycleListener - [log,173] - APR/OpenSSL configuration: useAprConnector [false], useOpenSSL [true]
09:28:19.678 [main] INFO  o.a.c.c.AprLifecycleListener - [log,173] - OpenSSL successfully initialized [OpenSSL 1.1.1n  15 Mar 2022]
09:28:19.700 [main] INFO  o.a.c.h.Http11NioProtocol - [log,173] - Initializing ProtocolHandler ["http-nio-9201"]
09:28:19.700 [main] INFO  o.a.c.c.StandardService - [log,173] - Starting service [Tomcat]
09:28:19.700 [main] INFO  o.a.c.c.StandardEngine - [log,173] - Starting Servlet engine: [Apache Tomcat/9.0.70]
09:28:19.942 [main] INFO  o.a.c.c.C.[.[.[/] - [log,173] - Initializing Spring embedded WebApplicationContext
09:28:21.831 [main] INFO  c.a.d.p.DruidDataSource - [init,996] - {dataSource-1,master} inited
09:28:21.833 [main] INFO  c.b.d.d.DynamicRoutingDataSource - [addDataSource,154] - dynamic-datasource - add a datasource named [master] success
09:28:21.834 [main] INFO  c.b.d.d.DynamicRoutingDataSource - [afterPropertiesSet,234] - dynamic-datasource initial loaded [1] datasource,primary datasource named [master]
09:28:29.723 [main] INFO  c.a.c.s.SentinelWebMvcConfigurer - [addInterceptors,52] - [Sentinel Starter] register SentinelWebInterceptor with urlPatterns: [/**].
09:28:34.895 [main] INFO  c.a.n.c.r.client - [lambda$createClient$0,80] - [RpcClientFactory] create a new rpc client of 5e80eca5-b664-47ab-8b68-470f1173797a
09:28:34.895 [main] INFO  c.a.n.c.r.client - [printIfInfoEnabled,60] - [5e80eca5-b664-47ab-8b68-470f1173797a] RpcClient init label, labels = {module=naming, source=sdk}
09:28:34.897 [main] INFO  c.a.n.c.r.client - [printIfInfoEnabled,60] - [5e80eca5-b664-47ab-8b68-470f1173797a] RpcClient init, ServerListFactory = com.alibaba.nacos.client.naming.core.ServerListManager
09:28:34.898 [main] INFO  c.a.n.c.r.client - [printIfInfoEnabled,60] - [5e80eca5-b664-47ab-8b68-470f1173797a] Registry connection listener to current client:com.alibaba.nacos.client.naming.remote.gprc.redo.NamingGrpcRedoService
09:28:34.899 [main] INFO  c.a.n.c.r.client - [printIfInfoEnabled,60] - [5e80eca5-b664-47ab-8b68-470f1173797a] Register server push request handler:com.alibaba.nacos.client.naming.remote.gprc.NamingPushRequestHandler
09:28:34.899 [main] INFO  c.a.n.c.r.client - [printIfInfoEnabled,60] - [5e80eca5-b664-47ab-8b68-470f1173797a] Try to connect to server on start up, server: {serverIp = '127.0.0.1', server main port = 8848}
09:28:35.019 [main] INFO  c.a.n.c.r.client - [printIfInfoEnabled,60] - [5e80eca5-b664-47ab-8b68-470f1173797a] Success to connect to server [127.0.0.1:8848] on start up, connectionId = 1702517314907_127.0.0.1_13753
09:28:35.019 [main] INFO  c.a.n.c.r.client - [printIfInfoEnabled,60] - [5e80eca5-b664-47ab-8b68-470f1173797a] Register server push request handler:com.alibaba.nacos.common.remote.client.RpcClient$ConnectResetRequestHandler
09:28:35.020 [com.alibaba.nacos.client.remote.worker] INFO  c.a.n.c.r.client - [printIfInfoEnabled,60] - [5e80eca5-b664-47ab-8b68-470f1173797a] Notify connected event to listeners.
09:28:35.020 [main] INFO  c.a.n.c.r.client - [printIfInfoEnabled,60] - [5e80eca5-b664-47ab-8b68-470f1173797a] Register server push request handler:com.alibaba.nacos.common.remote.client.RpcClient$$Lambda$344/812168041
09:28:35.093 [main] INFO  o.a.c.h.Http11NioProtocol - [log,173] - Starting ProtocolHandler ["http-nio-9201"]
09:28:35.146 [main] INFO  c.a.c.n.r.NacosServiceRegistry - [register,75] - nacos registry, DEFAULT_GROUP xmap-system 10.100.60.135:9201 register finished
09:28:35.640 [nacos-grpc-client-executor-8] INFO  c.a.n.c.r.client - [printIfInfoEnabled,60] - [5e80eca5-b664-47ab-8b68-470f1173797a] Receive server push request, request = NotifySubscriberRequest, requestId = 6
09:28:35.644 [nacos-grpc-client-executor-8] INFO  c.a.n.c.r.client - [printIfInfoEnabled,60] - [5e80eca5-b664-47ab-8b68-470f1173797a] Ack server push request, request = NotifySubscriberRequest, requestId = 6
09:28:37.046 [main] INFO  c.x.s.XmapSystemApplication - [logStarted,61] - Started XmapSystemApplication in 32.508 seconds (JVM running for 35.194)
09:28:37.055 [main] INFO  c.a.c.n.r.NacosContextRefresher - [registerNacosListener,129] - [Nacos Config] Listening config: dataId=xmap-system, group=DEFAULT_GROUP
09:28:37.056 [main] INFO  c.a.c.n.r.NacosContextRefresher - [registerNacosListener,129] - [Nacos Config] Listening config: dataId=xmap-system.yml, group=DEFAULT_GROUP
09:28:37.057 [main] INFO  c.a.c.n.r.NacosContextRefresher - [registerNacosListener,129] - [Nacos Config] Listening config: dataId=xmap-system-dev.yml, group=DEFAULT_GROUP
09:28:37.191 [RMI TCP Connection(5)-192.168.137.1] INFO  o.a.c.c.C.[.[.[/] - [log,173] - Initializing Spring DispatcherServlet 'dispatcherServlet'
