10:07:49.451 [background-preinit] INFO  o.h.v.i.util.Version - [<clinit>,21] - HV000001: Hibernate Validator 6.2.5.Final
10:07:50.918 [main] INFO  c.a.n.c.r.client - [lambda$createClient$0,80] - [RpcClientFactory] create a new rpc client of a10a1fe3-7e38-4a3b-850c-25f00704f4f4_config-0
10:07:50.959 [main] INFO  o.r.Reflections - [scan,232] - Reflections took 26 ms to scan 1 urls, producing 3 keys and 6 values 
10:07:50.984 [main] INFO  o.r.Reflections - [scan,232] - Reflections took 12 ms to scan 1 urls, producing 4 keys and 9 values 
10:07:50.997 [main] INFO  o.r.Reflections - [scan,232] - Reflections took 11 ms to scan 1 urls, producing 3 keys and 10 values 
10:07:51.180 [main] INFO  o.r.Reflections - [scan,232] - Reflections took 180 ms to scan 199 urls, producing 0 keys and 0 values 
10:07:51.190 [main] INFO  o.r.Reflections - [scan,232] - Reflections took 9 ms to scan 1 urls, producing 1 keys and 5 values 
10:07:51.202 [main] INFO  o.r.Reflections - [scan,232] - Reflections took 10 ms to scan 1 urls, producing 1 keys and 7 values 
10:07:51.214 [main] INFO  o.r.Reflections - [scan,232] - Reflections took 9 ms to scan 1 urls, producing 2 keys and 8 values 
10:07:51.366 [main] INFO  o.r.Reflections - [scan,232] - Reflections took 150 ms to scan 199 urls, producing 0 keys and 0 values 
10:07:51.367 [main] INFO  c.a.n.c.r.client - [printIfInfoEnabled,60] - [a10a1fe3-7e38-4a3b-850c-25f00704f4f4_config-0] RpcClient init label, labels = {module=config, Vipserver-Tag=null, source=sdk, Amory-Tag=null, Location-Tag=null, taskId=0, AppName=unknown}
10:07:51.367 [main] INFO  c.a.n.c.r.client - [printIfInfoEnabled,60] - [a10a1fe3-7e38-4a3b-850c-25f00704f4f4_config-0] Register server push request handler:com.alibaba.nacos.client.config.impl.ClientWorker$ConfigRpcTransportClient$$Lambda$335/1752535057
10:07:51.367 [main] INFO  c.a.n.c.r.client - [printIfInfoEnabled,60] - [a10a1fe3-7e38-4a3b-850c-25f00704f4f4_config-0] Register server push request handler:com.alibaba.nacos.client.config.impl.ClientWorker$ConfigRpcTransportClient$$Lambda$336/2116299597
10:07:51.368 [main] INFO  c.a.n.c.r.client - [printIfInfoEnabled,60] - [a10a1fe3-7e38-4a3b-850c-25f00704f4f4_config-0] Registry connection listener to current client:com.alibaba.nacos.client.config.impl.ClientWorker$ConfigRpcTransportClient$1
10:07:51.369 [main] INFO  c.a.n.c.r.client - [printIfInfoEnabled,60] - [a10a1fe3-7e38-4a3b-850c-25f00704f4f4_config-0] RpcClient init, ServerListFactory = com.alibaba.nacos.client.config.impl.ClientWorker$ConfigRpcTransportClient$2
10:07:51.375 [main] INFO  c.a.n.c.r.client - [printIfInfoEnabled,60] - [a10a1fe3-7e38-4a3b-850c-25f00704f4f4_config-0] Try to connect to server on start up, server: {serverIp = '127.0.0.1', server main port = 8848}
10:07:54.384 [main] INFO  c.a.n.c.r.client - [printIfInfoEnabled,60] - [a10a1fe3-7e38-4a3b-850c-25f00704f4f4_config-0] Success to connect to server [127.0.0.1:8848] on start up, connectionId = 1701828474134_127.0.0.1_6198
10:07:54.385 [com.alibaba.nacos.client.remote.worker] INFO  c.a.n.c.r.client - [printIfInfoEnabled,60] - [a10a1fe3-7e38-4a3b-850c-25f00704f4f4_config-0] Notify connected event to listeners.
10:07:54.385 [main] INFO  c.a.n.c.r.client - [printIfInfoEnabled,60] - [a10a1fe3-7e38-4a3b-850c-25f00704f4f4_config-0] Register server push request handler:com.alibaba.nacos.common.remote.client.RpcClient$ConnectResetRequestHandler
10:07:54.385 [main] INFO  c.a.n.c.r.client - [printIfInfoEnabled,60] - [a10a1fe3-7e38-4a3b-850c-25f00704f4f4_config-0] Register server push request handler:com.alibaba.nacos.common.remote.client.RpcClient$$Lambda$344/812168041
10:07:54.456 [main] INFO  c.x.s.XmapSystemApplication - [logStartupProfileInfo,637] - The following 1 profile is active: "dev"
10:07:57.433 [main] INFO  o.a.c.c.AprLifecycleListener - [log,173] - Loaded Apache Tomcat Native library [1.2.32] using APR version [1.7.0].
10:07:57.433 [main] INFO  o.a.c.c.AprLifecycleListener - [log,173] - APR capabilities: IPv6 [true], sendfile [true], accept filters [false], random [true], UDS [true].
10:07:57.433 [main] INFO  o.a.c.c.AprLifecycleListener - [log,173] - APR/OpenSSL configuration: useAprConnector [false], useOpenSSL [true]
10:07:57.436 [main] INFO  o.a.c.c.AprLifecycleListener - [log,173] - OpenSSL successfully initialized [OpenSSL 1.1.1n  15 Mar 2022]
10:07:57.448 [main] INFO  o.a.c.h.Http11NioProtocol - [log,173] - Initializing ProtocolHandler ["http-nio-9201"]
10:07:57.449 [main] INFO  o.a.c.c.StandardService - [log,173] - Starting service [Tomcat]
10:07:57.449 [main] INFO  o.a.c.c.StandardEngine - [log,173] - Starting Servlet engine: [Apache Tomcat/9.0.70]
10:07:57.622 [main] INFO  o.a.c.c.C.[.[.[/] - [log,173] - Initializing Spring embedded WebApplicationContext
10:07:59.167 [main] INFO  c.a.d.p.DruidDataSource - [init,996] - {dataSource-1,master} inited
10:07:59.168 [main] INFO  c.b.d.d.DynamicRoutingDataSource - [addDataSource,154] - dynamic-datasource - add a datasource named [master] success
10:07:59.168 [main] INFO  c.b.d.d.DynamicRoutingDataSource - [afterPropertiesSet,234] - dynamic-datasource initial loaded [1] datasource,primary datasource named [master]
10:08:03.428 [main] INFO  c.a.c.s.SentinelWebMvcConfigurer - [addInterceptors,52] - [Sentinel Starter] register SentinelWebInterceptor with urlPatterns: [/**].
10:08:06.793 [main] INFO  c.a.n.c.r.client - [lambda$createClient$0,80] - [RpcClientFactory] create a new rpc client of 76d08a4b-3337-4771-8cd0-4e6bd7bfb1fb
10:08:06.793 [main] INFO  c.a.n.c.r.client - [printIfInfoEnabled,60] - [76d08a4b-3337-4771-8cd0-4e6bd7bfb1fb] RpcClient init label, labels = {module=naming, source=sdk}
10:08:06.795 [main] INFO  c.a.n.c.r.client - [printIfInfoEnabled,60] - [76d08a4b-3337-4771-8cd0-4e6bd7bfb1fb] RpcClient init, ServerListFactory = com.alibaba.nacos.client.naming.core.ServerListManager
10:08:06.795 [main] INFO  c.a.n.c.r.client - [printIfInfoEnabled,60] - [76d08a4b-3337-4771-8cd0-4e6bd7bfb1fb] Registry connection listener to current client:com.alibaba.nacos.client.naming.remote.gprc.redo.NamingGrpcRedoService
10:08:06.795 [main] INFO  c.a.n.c.r.client - [printIfInfoEnabled,60] - [76d08a4b-3337-4771-8cd0-4e6bd7bfb1fb] Register server push request handler:com.alibaba.nacos.client.naming.remote.gprc.NamingPushRequestHandler
10:08:06.795 [main] INFO  c.a.n.c.r.client - [printIfInfoEnabled,60] - [76d08a4b-3337-4771-8cd0-4e6bd7bfb1fb] Try to connect to server on start up, server: {serverIp = '127.0.0.1', server main port = 8848}
10:08:06.913 [main] INFO  c.a.n.c.r.client - [printIfInfoEnabled,60] - [76d08a4b-3337-4771-8cd0-4e6bd7bfb1fb] Success to connect to server [127.0.0.1:8848] on start up, connectionId = 1701828486799_127.0.0.1_6239
10:08:06.913 [main] INFO  c.a.n.c.r.client - [printIfInfoEnabled,60] - [76d08a4b-3337-4771-8cd0-4e6bd7bfb1fb] Register server push request handler:com.alibaba.nacos.common.remote.client.RpcClient$ConnectResetRequestHandler
10:08:06.913 [com.alibaba.nacos.client.remote.worker] INFO  c.a.n.c.r.client - [printIfInfoEnabled,60] - [76d08a4b-3337-4771-8cd0-4e6bd7bfb1fb] Notify connected event to listeners.
10:08:06.913 [main] INFO  c.a.n.c.r.client - [printIfInfoEnabled,60] - [76d08a4b-3337-4771-8cd0-4e6bd7bfb1fb] Register server push request handler:com.alibaba.nacos.common.remote.client.RpcClient$$Lambda$344/812168041
10:08:06.950 [main] INFO  o.a.c.h.Http11NioProtocol - [log,173] - Starting ProtocolHandler ["http-nio-9201"]
10:08:06.981 [main] INFO  c.a.c.n.r.NacosServiceRegistry - [register,75] - nacos registry, DEFAULT_GROUP xmap-system 10.100.60.135:9201 register finished
10:08:07.438 [nacos-grpc-client-executor-6] INFO  c.a.n.c.r.client - [printIfInfoEnabled,60] - [76d08a4b-3337-4771-8cd0-4e6bd7bfb1fb] Receive server push request, request = NotifySubscriberRequest, requestId = 5
10:08:07.443 [nacos-grpc-client-executor-6] INFO  c.a.n.c.r.client - [printIfInfoEnabled,60] - [76d08a4b-3337-4771-8cd0-4e6bd7bfb1fb] Ack server push request, request = NotifySubscriberRequest, requestId = 5
10:08:08.519 [main] INFO  c.x.s.XmapSystemApplication - [logStarted,61] - Started XmapSystemApplication in 20.63 seconds (JVM running for 23.355)
10:08:08.527 [main] INFO  c.a.c.n.r.NacosContextRefresher - [registerNacosListener,129] - [Nacos Config] Listening config: dataId=xmap-system, group=DEFAULT_GROUP
10:08:08.527 [main] INFO  c.a.c.n.r.NacosContextRefresher - [registerNacosListener,129] - [Nacos Config] Listening config: dataId=xmap-system.yml, group=DEFAULT_GROUP
10:08:08.528 [main] INFO  c.a.c.n.r.NacosContextRefresher - [registerNacosListener,129] - [Nacos Config] Listening config: dataId=xmap-system-dev.yml, group=DEFAULT_GROUP
10:08:10.074 [RMI TCP Connection(3)-192.168.137.1] INFO  o.a.c.c.C.[.[.[/] - [log,173] - Initializing Spring DispatcherServlet 'dispatcherServlet'
17:30:50.002 [SpringApplicationShutdownHook] INFO  c.a.c.n.r.NacosServiceRegistry - [deregister,94] - De-registering from Nacos Server now...
17:30:50.009 [SpringApplicationShutdownHook] INFO  c.a.c.n.r.NacosServiceRegistry - [deregister,114] - De-registration finished.
17:30:50.350 [SpringApplicationShutdownHook] INFO  c.a.n.c.r.client - [shutdown,454] - Shutdown rpc client, set status to shutdown
17:30:50.350 [SpringApplicationShutdownHook] INFO  c.a.n.c.r.client - [shutdown,456] - Shutdown client event executor java.util.concurrent.ScheduledThreadPoolExecutor@61ec7dc3[Running, pool size = 2, active threads = 2, queued tasks = 0, completed tasks = 0]
17:30:50.350 [SpringApplicationShutdownHook] INFO  c.a.n.c.r.client - [closeConnection,591] - Close current connection 1701828486799_127.0.0.1_6239
17:30:50.353 [nacos-grpc-client-executor-5316] INFO  c.a.n.c.r.c.g.GrpcClient - [printIfInfoEnabled,60] - [1701828486799_127.0.0.1_6239]Ignore complete event,isRunning:false,isAbandon=false
17:30:50.358 [SpringApplicationShutdownHook] INFO  c.a.n.c.r.c.g.GrpcClient - [shutdown,85] - Shutdown grpc executor java.util.concurrent.ThreadPoolExecutor@1b995c1f[Running, pool size = 5, active threads = 0, queued tasks = 0, completed tasks = 5317]
17:30:50.529 [SpringApplicationShutdownHook] INFO  c.b.d.d.DynamicRoutingDataSource - [destroy,211] - dynamic-datasource start closing ....
17:30:50.560 [SpringApplicationShutdownHook] INFO  c.a.d.p.DruidDataSource - [close,2138] - {dataSource-1} closing ...
17:30:50.565 [SpringApplicationShutdownHook] INFO  c.a.d.p.DruidDataSource - [close,2211] - {dataSource-1} closed
17:30:50.566 [SpringApplicationShutdownHook] INFO  c.b.d.d.DynamicRoutingDataSource - [destroy,215] - dynamic-datasource all closed success,bye
