09:31:37.702 [background-preinit] INFO  o.h.v.i.util.Version - [<clinit>,21] - HV000001: Hibernate Validator 6.2.5.Final
09:31:39.273 [main] INFO  c.a.n.c.r.client - [lambda$createClient$0,80] - [RpcClientFactory] create a new rpc client of 15587f5c-e0f6-49b6-ad71-c53956aefc75_config-0
09:31:39.317 [main] INFO  o.r.Reflections - [scan,232] - Reflections took 28 ms to scan 1 urls, producing 3 keys and 6 values 
09:31:39.349 [main] INFO  o.r.Reflections - [scan,232] - Reflections took 16 ms to scan 1 urls, producing 4 keys and 9 values 
09:31:39.364 [main] INFO  o.r.Reflections - [scan,232] - Reflections took 13 ms to scan 1 urls, producing 3 keys and 10 values 
09:31:39.570 [main] INFO  o.r.Reflections - [scan,232] - Reflections took 202 ms to scan 199 urls, producing 0 keys and 0 values 
09:31:39.582 [main] INFO  o.r.Reflections - [scan,232] - Reflections took 10 ms to scan 1 urls, producing 1 keys and 5 values 
09:31:39.594 [main] INFO  o.r.Reflections - [scan,232] - Reflections took 10 ms to scan 1 urls, producing 1 keys and 7 values 
09:31:39.612 [main] INFO  o.r.Reflections - [scan,232] - Reflections took 15 ms to scan 1 urls, producing 2 keys and 8 values 
09:31:39.774 [main] INFO  o.r.Reflections - [scan,232] - Reflections took 159 ms to scan 199 urls, producing 0 keys and 0 values 
09:31:39.775 [main] INFO  c.a.n.c.r.client - [printIfInfoEnabled,60] - [15587f5c-e0f6-49b6-ad71-c53956aefc75_config-0] RpcClient init label, labels = {module=config, Vipserver-Tag=null, source=sdk, Amory-Tag=null, Location-Tag=null, taskId=0, AppName=unknown}
09:31:39.776 [main] INFO  c.a.n.c.r.client - [printIfInfoEnabled,60] - [15587f5c-e0f6-49b6-ad71-c53956aefc75_config-0] Register server push request handler:com.alibaba.nacos.client.config.impl.ClientWorker$ConfigRpcTransportClient$$Lambda$335/1752535057
09:31:39.776 [main] INFO  c.a.n.c.r.client - [printIfInfoEnabled,60] - [15587f5c-e0f6-49b6-ad71-c53956aefc75_config-0] Register server push request handler:com.alibaba.nacos.client.config.impl.ClientWorker$ConfigRpcTransportClient$$Lambda$336/2116299597
09:31:39.777 [main] INFO  c.a.n.c.r.client - [printIfInfoEnabled,60] - [15587f5c-e0f6-49b6-ad71-c53956aefc75_config-0] Registry connection listener to current client:com.alibaba.nacos.client.config.impl.ClientWorker$ConfigRpcTransportClient$1
09:31:39.778 [main] INFO  c.a.n.c.r.client - [printIfInfoEnabled,60] - [15587f5c-e0f6-49b6-ad71-c53956aefc75_config-0] RpcClient init, ServerListFactory = com.alibaba.nacos.client.config.impl.ClientWorker$ConfigRpcTransportClient$2
09:31:39.786 [main] INFO  c.a.n.c.r.client - [printIfInfoEnabled,60] - [15587f5c-e0f6-49b6-ad71-c53956aefc75_config-0] Try to connect to server on start up, server: {serverIp = '127.0.0.1', server main port = 8848}
09:31:42.988 [main] INFO  c.a.n.c.r.client - [printIfInfoEnabled,60] - [15587f5c-e0f6-49b6-ad71-c53956aefc75_config-0] Success to connect to server [127.0.0.1:8848] on start up, connectionId = 1703035902718_127.0.0.1_3147
09:31:42.988 [com.alibaba.nacos.client.remote.worker] INFO  c.a.n.c.r.client - [printIfInfoEnabled,60] - [15587f5c-e0f6-49b6-ad71-c53956aefc75_config-0] Notify connected event to listeners.
09:31:42.988 [main] INFO  c.a.n.c.r.client - [printIfInfoEnabled,60] - [15587f5c-e0f6-49b6-ad71-c53956aefc75_config-0] Register server push request handler:com.alibaba.nacos.common.remote.client.RpcClient$ConnectResetRequestHandler
09:31:42.989 [main] INFO  c.a.n.c.r.client - [printIfInfoEnabled,60] - [15587f5c-e0f6-49b6-ad71-c53956aefc75_config-0] Register server push request handler:com.alibaba.nacos.common.remote.client.RpcClient$$Lambda$344/812168041
09:31:43.061 [main] INFO  c.x.s.XmapSystemApplication - [logStartupProfileInfo,637] - The following 1 profile is active: "dev"
09:31:45.724 [main] INFO  o.a.c.c.AprLifecycleListener - [log,173] - Loaded Apache Tomcat Native library [1.2.32] using APR version [1.7.0].
09:31:45.725 [main] INFO  o.a.c.c.AprLifecycleListener - [log,173] - APR capabilities: IPv6 [true], sendfile [true], accept filters [false], random [true], UDS [true].
09:31:45.725 [main] INFO  o.a.c.c.AprLifecycleListener - [log,173] - APR/OpenSSL configuration: useAprConnector [false], useOpenSSL [true]
09:31:45.730 [main] INFO  o.a.c.c.AprLifecycleListener - [log,173] - OpenSSL successfully initialized [OpenSSL 1.1.1n  15 Mar 2022]
09:31:45.742 [main] INFO  o.a.c.h.Http11NioProtocol - [log,173] - Initializing ProtocolHandler ["http-nio-9201"]
09:31:45.743 [main] INFO  o.a.c.c.StandardService - [log,173] - Starting service [Tomcat]
09:31:45.743 [main] INFO  o.a.c.c.StandardEngine - [log,173] - Starting Servlet engine: [Apache Tomcat/9.0.70]
09:31:45.925 [main] INFO  o.a.c.c.C.[.[.[/] - [log,173] - Initializing Spring embedded WebApplicationContext
09:31:47.311 [main] INFO  c.a.d.p.DruidDataSource - [init,996] - {dataSource-1,master} inited
09:31:47.311 [main] INFO  c.b.d.d.DynamicRoutingDataSource - [addDataSource,154] - dynamic-datasource - add a datasource named [master] success
09:31:47.312 [main] INFO  c.b.d.d.DynamicRoutingDataSource - [afterPropertiesSet,234] - dynamic-datasource initial loaded [1] datasource,primary datasource named [master]
09:31:51.391 [main] INFO  c.a.c.s.SentinelWebMvcConfigurer - [addInterceptors,52] - [Sentinel Starter] register SentinelWebInterceptor with urlPatterns: [/**].
09:31:55.318 [main] INFO  c.a.n.c.r.client - [lambda$createClient$0,80] - [RpcClientFactory] create a new rpc client of 86e26226-fb34-4df1-ac56-89bac382739e
09:31:55.318 [main] INFO  c.a.n.c.r.client - [printIfInfoEnabled,60] - [86e26226-fb34-4df1-ac56-89bac382739e] RpcClient init label, labels = {module=naming, source=sdk}
09:31:55.320 [main] INFO  c.a.n.c.r.client - [printIfInfoEnabled,60] - [86e26226-fb34-4df1-ac56-89bac382739e] RpcClient init, ServerListFactory = com.alibaba.nacos.client.naming.core.ServerListManager
09:31:55.320 [main] INFO  c.a.n.c.r.client - [printIfInfoEnabled,60] - [86e26226-fb34-4df1-ac56-89bac382739e] Registry connection listener to current client:com.alibaba.nacos.client.naming.remote.gprc.redo.NamingGrpcRedoService
09:31:55.320 [main] INFO  c.a.n.c.r.client - [printIfInfoEnabled,60] - [86e26226-fb34-4df1-ac56-89bac382739e] Register server push request handler:com.alibaba.nacos.client.naming.remote.gprc.NamingPushRequestHandler
09:31:55.321 [main] INFO  c.a.n.c.r.client - [printIfInfoEnabled,60] - [86e26226-fb34-4df1-ac56-89bac382739e] Try to connect to server on start up, server: {serverIp = '127.0.0.1', server main port = 8848}
09:31:55.442 [main] INFO  c.a.n.c.r.client - [printIfInfoEnabled,60] - [86e26226-fb34-4df1-ac56-89bac382739e] Success to connect to server [127.0.0.1:8848] on start up, connectionId = 1703035915326_127.0.0.1_3268
09:31:55.442 [com.alibaba.nacos.client.remote.worker] INFO  c.a.n.c.r.client - [printIfInfoEnabled,60] - [86e26226-fb34-4df1-ac56-89bac382739e] Notify connected event to listeners.
09:31:55.442 [main] INFO  c.a.n.c.r.client - [printIfInfoEnabled,60] - [86e26226-fb34-4df1-ac56-89bac382739e] Register server push request handler:com.alibaba.nacos.common.remote.client.RpcClient$ConnectResetRequestHandler
09:31:55.442 [main] INFO  c.a.n.c.r.client - [printIfInfoEnabled,60] - [86e26226-fb34-4df1-ac56-89bac382739e] Register server push request handler:com.alibaba.nacos.common.remote.client.RpcClient$$Lambda$344/812168041
09:31:55.471 [main] INFO  o.a.c.h.Http11NioProtocol - [log,173] - Starting ProtocolHandler ["http-nio-9201"]
09:31:55.504 [main] INFO  c.a.c.n.r.NacosServiceRegistry - [register,75] - nacos registry, DEFAULT_GROUP xmap-system 10.100.60.135:9201 register finished
09:31:56.023 [nacos-grpc-client-executor-8] INFO  c.a.n.c.r.client - [printIfInfoEnabled,60] - [86e26226-fb34-4df1-ac56-89bac382739e] Receive server push request, request = NotifySubscriberRequest, requestId = 9
09:31:56.028 [nacos-grpc-client-executor-8] INFO  c.a.n.c.r.client - [printIfInfoEnabled,60] - [86e26226-fb34-4df1-ac56-89bac382739e] Ack server push request, request = NotifySubscriberRequest, requestId = 9
09:31:57.074 [main] INFO  c.x.s.XmapSystemApplication - [logStarted,61] - Started XmapSystemApplication in 20.924 seconds (JVM running for 22.874)
09:31:57.081 [main] INFO  c.a.c.n.r.NacosContextRefresher - [registerNacosListener,129] - [Nacos Config] Listening config: dataId=xmap-system, group=DEFAULT_GROUP
09:31:57.082 [main] INFO  c.a.c.n.r.NacosContextRefresher - [registerNacosListener,129] - [Nacos Config] Listening config: dataId=xmap-system.yml, group=DEFAULT_GROUP
09:31:57.083 [main] INFO  c.a.c.n.r.NacosContextRefresher - [registerNacosListener,129] - [Nacos Config] Listening config: dataId=xmap-system-dev.yml, group=DEFAULT_GROUP
09:31:58.073 [RMI TCP Connection(7)-192.168.137.1] INFO  o.a.c.c.C.[.[.[/] - [log,173] - Initializing Spring DispatcherServlet 'dispatcherServlet'
09:44:14.912 [SpringApplicationShutdownHook] INFO  c.a.c.n.r.NacosServiceRegistry - [deregister,94] - De-registering from Nacos Server now...
09:44:14.918 [SpringApplicationShutdownHook] INFO  c.a.c.n.r.NacosServiceRegistry - [deregister,114] - De-registration finished.
09:44:15.263 [SpringApplicationShutdownHook] INFO  c.a.n.c.r.client - [shutdown,454] - Shutdown rpc client, set status to shutdown
09:44:15.263 [SpringApplicationShutdownHook] INFO  c.a.n.c.r.client - [shutdown,456] - Shutdown client event executor java.util.concurrent.ScheduledThreadPoolExecutor@4810f5f9[Running, pool size = 2, active threads = 2, queued tasks = 0, completed tasks = 0]
09:44:15.264 [SpringApplicationShutdownHook] INFO  c.a.n.c.r.client - [closeConnection,591] - Close current connection 1703035915326_127.0.0.1_3268
09:44:15.266 [nacos-grpc-client-executor-164] INFO  c.a.n.c.r.c.g.GrpcClient - [printIfInfoEnabled,60] - [1703035915326_127.0.0.1_3268]Ignore complete event,isRunning:false,isAbandon=false
09:44:15.271 [SpringApplicationShutdownHook] INFO  c.a.n.c.r.c.g.GrpcClient - [shutdown,85] - Shutdown grpc executor java.util.concurrent.ThreadPoolExecutor@4a9b076[Running, pool size = 5, active threads = 0, queued tasks = 0, completed tasks = 165]
09:44:15.426 [SpringApplicationShutdownHook] INFO  c.b.d.d.DynamicRoutingDataSource - [destroy,211] - dynamic-datasource start closing ....
09:44:15.457 [SpringApplicationShutdownHook] INFO  c.a.d.p.DruidDataSource - [close,2138] - {dataSource-1} closing ...
09:44:15.466 [SpringApplicationShutdownHook] INFO  c.a.d.p.DruidDataSource - [close,2211] - {dataSource-1} closed
09:44:15.467 [SpringApplicationShutdownHook] INFO  c.b.d.d.DynamicRoutingDataSource - [destroy,215] - dynamic-datasource all closed success,bye
14:39:33.637 [background-preinit] INFO  o.h.v.i.util.Version - [<clinit>,21] - HV000001: Hibernate Validator 6.2.5.Final
14:39:36.027 [main] INFO  c.a.n.c.r.client - [lambda$createClient$0,80] - [RpcClientFactory] create a new rpc client of b46d5266-ec4d-4104-b8e8-f9b403e1f034_config-0
14:39:36.078 [main] INFO  o.r.Reflections - [scan,232] - Reflections took 35 ms to scan 1 urls, producing 3 keys and 6 values 
14:39:36.112 [main] INFO  o.r.Reflections - [scan,232] - Reflections took 15 ms to scan 1 urls, producing 4 keys and 9 values 
14:39:36.131 [main] INFO  o.r.Reflections - [scan,232] - Reflections took 16 ms to scan 1 urls, producing 3 keys and 10 values 
14:39:36.364 [main] INFO  o.r.Reflections - [scan,232] - Reflections took 230 ms to scan 199 urls, producing 0 keys and 0 values 
14:39:36.376 [main] INFO  o.r.Reflections - [scan,232] - Reflections took 11 ms to scan 1 urls, producing 1 keys and 5 values 
14:39:36.392 [main] INFO  o.r.Reflections - [scan,232] - Reflections took 14 ms to scan 1 urls, producing 1 keys and 7 values 
14:39:36.409 [main] INFO  o.r.Reflections - [scan,232] - Reflections took 15 ms to scan 1 urls, producing 2 keys and 8 values 
14:39:36.588 [main] INFO  o.r.Reflections - [scan,232] - Reflections took 176 ms to scan 199 urls, producing 0 keys and 0 values 
14:39:36.589 [main] INFO  c.a.n.c.r.client - [printIfInfoEnabled,60] - [b46d5266-ec4d-4104-b8e8-f9b403e1f034_config-0] RpcClient init label, labels = {module=config, Vipserver-Tag=null, source=sdk, Amory-Tag=null, Location-Tag=null, taskId=0, AppName=unknown}
14:39:36.589 [main] INFO  c.a.n.c.r.client - [printIfInfoEnabled,60] - [b46d5266-ec4d-4104-b8e8-f9b403e1f034_config-0] Register server push request handler:com.alibaba.nacos.client.config.impl.ClientWorker$ConfigRpcTransportClient$$Lambda$335/1752535057
14:39:36.590 [main] INFO  c.a.n.c.r.client - [printIfInfoEnabled,60] - [b46d5266-ec4d-4104-b8e8-f9b403e1f034_config-0] Register server push request handler:com.alibaba.nacos.client.config.impl.ClientWorker$ConfigRpcTransportClient$$Lambda$336/2116299597
14:39:36.590 [main] INFO  c.a.n.c.r.client - [printIfInfoEnabled,60] - [b46d5266-ec4d-4104-b8e8-f9b403e1f034_config-0] Registry connection listener to current client:com.alibaba.nacos.client.config.impl.ClientWorker$ConfigRpcTransportClient$1
14:39:36.591 [main] INFO  c.a.n.c.r.client - [printIfInfoEnabled,60] - [b46d5266-ec4d-4104-b8e8-f9b403e1f034_config-0] RpcClient init, ServerListFactory = com.alibaba.nacos.client.config.impl.ClientWorker$ConfigRpcTransportClient$2
14:39:36.599 [main] INFO  c.a.n.c.r.client - [printIfInfoEnabled,60] - [b46d5266-ec4d-4104-b8e8-f9b403e1f034_config-0] Try to connect to server on start up, server: {serverIp = '127.0.0.1', server main port = 8848}
14:39:40.192 [main] INFO  c.a.n.c.r.client - [printIfInfoEnabled,60] - [b46d5266-ec4d-4104-b8e8-f9b403e1f034_config-0] Success to connect to server [127.0.0.1:8848] on start up, connectionId = 1703054379909_127.0.0.1_11597
14:39:40.193 [main] INFO  c.a.n.c.r.client - [printIfInfoEnabled,60] - [b46d5266-ec4d-4104-b8e8-f9b403e1f034_config-0] Register server push request handler:com.alibaba.nacos.common.remote.client.RpcClient$ConnectResetRequestHandler
14:39:40.192 [com.alibaba.nacos.client.remote.worker] INFO  c.a.n.c.r.client - [printIfInfoEnabled,60] - [b46d5266-ec4d-4104-b8e8-f9b403e1f034_config-0] Notify connected event to listeners.
14:39:40.194 [main] INFO  c.a.n.c.r.client - [printIfInfoEnabled,60] - [b46d5266-ec4d-4104-b8e8-f9b403e1f034_config-0] Register server push request handler:com.alibaba.nacos.common.remote.client.RpcClient$$Lambda$344/812168041
14:39:40.286 [main] INFO  c.x.s.XmapSystemApplication - [logStartupProfileInfo,637] - The following 1 profile is active: "dev"
14:39:44.387 [main] INFO  o.a.c.c.AprLifecycleListener - [log,173] - Loaded Apache Tomcat Native library [1.2.32] using APR version [1.7.0].
14:39:44.387 [main] INFO  o.a.c.c.AprLifecycleListener - [log,173] - APR capabilities: IPv6 [true], sendfile [true], accept filters [false], random [true], UDS [true].
14:39:44.387 [main] INFO  o.a.c.c.AprLifecycleListener - [log,173] - APR/OpenSSL configuration: useAprConnector [false], useOpenSSL [true]
14:39:44.394 [main] INFO  o.a.c.c.AprLifecycleListener - [log,173] - OpenSSL successfully initialized [OpenSSL 1.1.1n  15 Mar 2022]
14:39:44.418 [main] INFO  o.a.c.h.Http11NioProtocol - [log,173] - Initializing ProtocolHandler ["http-nio-9201"]
14:39:44.419 [main] INFO  o.a.c.c.StandardService - [log,173] - Starting service [Tomcat]
14:39:44.420 [main] INFO  o.a.c.c.StandardEngine - [log,173] - Starting Servlet engine: [Apache Tomcat/9.0.70]
14:39:44.671 [main] INFO  o.a.c.c.C.[.[.[/] - [log,173] - Initializing Spring embedded WebApplicationContext
14:39:46.928 [main] INFO  c.a.d.p.DruidDataSource - [init,996] - {dataSource-1,master} inited
14:39:46.929 [main] INFO  c.b.d.d.DynamicRoutingDataSource - [addDataSource,154] - dynamic-datasource - add a datasource named [master] success
14:39:46.930 [main] INFO  c.b.d.d.DynamicRoutingDataSource - [afterPropertiesSet,234] - dynamic-datasource initial loaded [1] datasource,primary datasource named [master]
14:39:52.090 [main] INFO  c.a.c.s.SentinelWebMvcConfigurer - [addInterceptors,52] - [Sentinel Starter] register SentinelWebInterceptor with urlPatterns: [/**].
14:39:55.587 [main] INFO  c.a.n.c.r.client - [lambda$createClient$0,80] - [RpcClientFactory] create a new rpc client of 73f6329c-aa7e-4969-8cef-8a1623cda880
14:39:55.587 [main] INFO  c.a.n.c.r.client - [printIfInfoEnabled,60] - [73f6329c-aa7e-4969-8cef-8a1623cda880] RpcClient init label, labels = {module=naming, source=sdk}
14:39:55.588 [main] INFO  c.a.n.c.r.client - [printIfInfoEnabled,60] - [73f6329c-aa7e-4969-8cef-8a1623cda880] RpcClient init, ServerListFactory = com.alibaba.nacos.client.naming.core.ServerListManager
14:39:55.588 [main] INFO  c.a.n.c.r.client - [printIfInfoEnabled,60] - [73f6329c-aa7e-4969-8cef-8a1623cda880] Registry connection listener to current client:com.alibaba.nacos.client.naming.remote.gprc.redo.NamingGrpcRedoService
14:39:55.589 [main] INFO  c.a.n.c.r.client - [printIfInfoEnabled,60] - [73f6329c-aa7e-4969-8cef-8a1623cda880] Register server push request handler:com.alibaba.nacos.client.naming.remote.gprc.NamingPushRequestHandler
14:39:55.589 [main] INFO  c.a.n.c.r.client - [printIfInfoEnabled,60] - [73f6329c-aa7e-4969-8cef-8a1623cda880] Try to connect to server on start up, server: {serverIp = '127.0.0.1', server main port = 8848}
14:39:55.708 [main] INFO  c.a.n.c.r.client - [printIfInfoEnabled,60] - [73f6329c-aa7e-4969-8cef-8a1623cda880] Success to connect to server [127.0.0.1:8848] on start up, connectionId = 1703054395595_127.0.0.1_11752
14:39:55.708 [main] INFO  c.a.n.c.r.client - [printIfInfoEnabled,60] - [73f6329c-aa7e-4969-8cef-8a1623cda880] Register server push request handler:com.alibaba.nacos.common.remote.client.RpcClient$ConnectResetRequestHandler
14:39:55.708 [com.alibaba.nacos.client.remote.worker] INFO  c.a.n.c.r.client - [printIfInfoEnabled,60] - [73f6329c-aa7e-4969-8cef-8a1623cda880] Notify connected event to listeners.
14:39:55.708 [main] INFO  c.a.n.c.r.client - [printIfInfoEnabled,60] - [73f6329c-aa7e-4969-8cef-8a1623cda880] Register server push request handler:com.alibaba.nacos.common.remote.client.RpcClient$$Lambda$344/812168041
14:39:55.736 [main] INFO  o.a.c.h.Http11NioProtocol - [log,173] - Starting ProtocolHandler ["http-nio-9201"]
14:39:55.762 [main] INFO  c.a.c.n.r.NacosServiceRegistry - [register,75] - nacos registry, DEFAULT_GROUP xmap-system 10.100.60.135:9201 register finished
14:39:56.291 [nacos-grpc-client-executor-6] INFO  c.a.n.c.r.client - [printIfInfoEnabled,60] - [73f6329c-aa7e-4969-8cef-8a1623cda880] Receive server push request, request = NotifySubscriberRequest, requestId = 36
14:39:56.297 [nacos-grpc-client-executor-6] INFO  c.a.n.c.r.client - [printIfInfoEnabled,60] - [73f6329c-aa7e-4969-8cef-8a1623cda880] Ack server push request, request = NotifySubscriberRequest, requestId = 36
14:39:57.295 [main] INFO  c.x.s.XmapSystemApplication - [logStarted,61] - Started XmapSystemApplication in 25.614 seconds (JVM running for 27.54)
14:39:57.303 [main] INFO  c.a.c.n.r.NacosContextRefresher - [registerNacosListener,129] - [Nacos Config] Listening config: dataId=xmap-system, group=DEFAULT_GROUP
14:39:57.304 [main] INFO  c.a.c.n.r.NacosContextRefresher - [registerNacosListener,129] - [Nacos Config] Listening config: dataId=xmap-system.yml, group=DEFAULT_GROUP
14:39:57.304 [main] INFO  c.a.c.n.r.NacosContextRefresher - [registerNacosListener,129] - [Nacos Config] Listening config: dataId=xmap-system-dev.yml, group=DEFAULT_GROUP
14:39:57.561 [RMI TCP Connection(7)-192.168.137.1] INFO  o.a.c.c.C.[.[.[/] - [log,173] - Initializing Spring DispatcherServlet 'dispatcherServlet'
17:16:58.535 [SpringApplicationShutdownHook] INFO  c.a.c.n.r.NacosServiceRegistry - [deregister,94] - De-registering from Nacos Server now...
17:16:58.542 [SpringApplicationShutdownHook] INFO  c.a.c.n.r.NacosServiceRegistry - [deregister,114] - De-registration finished.
17:16:58.882 [SpringApplicationShutdownHook] INFO  c.a.n.c.r.client - [shutdown,454] - Shutdown rpc client, set status to shutdown
17:16:58.883 [SpringApplicationShutdownHook] INFO  c.a.n.c.r.client - [shutdown,456] - Shutdown client event executor java.util.concurrent.ScheduledThreadPoolExecutor@3fe149eb[Running, pool size = 2, active threads = 2, queued tasks = 0, completed tasks = 0]
17:16:58.883 [SpringApplicationShutdownHook] INFO  c.a.n.c.r.client - [closeConnection,591] - Close current connection 1703054395595_127.0.0.1_11752
17:16:58.886 [nacos-grpc-client-executor-1892] INFO  c.a.n.c.r.c.g.GrpcClient - [printIfInfoEnabled,60] - [1703054395595_127.0.0.1_11752]Ignore complete event,isRunning:false,isAbandon=false
17:16:58.892 [SpringApplicationShutdownHook] INFO  c.a.n.c.r.c.g.GrpcClient - [shutdown,85] - Shutdown grpc executor java.util.concurrent.ThreadPoolExecutor@786d4aa2[Running, pool size = 6, active threads = 0, queued tasks = 0, completed tasks = 1893]
17:16:59.056 [SpringApplicationShutdownHook] INFO  c.b.d.d.DynamicRoutingDataSource - [destroy,211] - dynamic-datasource start closing ....
17:16:59.081 [SpringApplicationShutdownHook] INFO  c.a.d.p.DruidDataSource - [close,2138] - {dataSource-1} closing ...
17:16:59.098 [SpringApplicationShutdownHook] INFO  c.a.d.p.DruidDataSource - [close,2211] - {dataSource-1} closed
17:16:59.098 [SpringApplicationShutdownHook] INFO  c.b.d.d.DynamicRoutingDataSource - [destroy,215] - dynamic-datasource all closed success,bye
