09:13:59.802 [background-preinit] INFO  o.h.v.i.util.Version - [<clinit>,21] - HV000001: Hibernate Validator 6.2.5.Final
09:14:01.921 [main] INFO  c.a.n.c.r.client - [lambda$createClient$0,80] - [RpcClientFactory] create a new rpc client of 2c6066ca-b875-4ccf-9135-dedffb152d7a_config-0
09:14:02.009 [main] INFO  o.r.Reflections - [scan,232] - Reflections took 57 ms to scan 1 urls, producing 3 keys and 6 values 
09:14:02.060 [main] INFO  o.r.Reflections - [scan,232] - Reflections took 28 ms to scan 1 urls, producing 4 keys and 9 values 
09:14:02.095 [main] INFO  o.r.Reflections - [scan,232] - Reflections took 29 ms to scan 1 urls, producing 3 keys and 10 values 
09:14:02.499 [main] INFO  o.r.Reflections - [scan,232] - Reflections took 397 ms to scan 199 urls, producing 0 keys and 0 values 
09:14:02.514 [main] INFO  o.r.Reflections - [scan,232] - Reflections took 13 ms to scan 1 urls, producing 1 keys and 5 values 
09:14:02.544 [main] INFO  o.r.Reflections - [scan,232] - Reflections took 19 ms to scan 1 urls, producing 1 keys and 7 values 
09:14:02.575 [main] INFO  o.r.Reflections - [scan,232] - Reflections took 26 ms to scan 1 urls, producing 2 keys and 8 values 
09:14:02.903 [main] INFO  o.r.Reflections - [scan,232] - Reflections took 323 ms to scan 199 urls, producing 0 keys and 0 values 
09:14:02.905 [main] INFO  c.a.n.c.r.client - [printIfInfoEnabled,60] - [2c6066ca-b875-4ccf-9135-dedffb152d7a_config-0] RpcClient init label, labels = {module=config, Vipserver-Tag=null, source=sdk, Amory-Tag=null, Location-Tag=null, taskId=0, AppName=unknown}
09:14:02.906 [main] INFO  c.a.n.c.r.client - [printIfInfoEnabled,60] - [2c6066ca-b875-4ccf-9135-dedffb152d7a_config-0] Register server push request handler:com.alibaba.nacos.client.config.impl.ClientWorker$ConfigRpcTransportClient$$Lambda$335/1752535057
09:14:02.907 [main] INFO  c.a.n.c.r.client - [printIfInfoEnabled,60] - [2c6066ca-b875-4ccf-9135-dedffb152d7a_config-0] Register server push request handler:com.alibaba.nacos.client.config.impl.ClientWorker$ConfigRpcTransportClient$$Lambda$336/2116299597
09:14:02.908 [main] INFO  c.a.n.c.r.client - [printIfInfoEnabled,60] - [2c6066ca-b875-4ccf-9135-dedffb152d7a_config-0] Registry connection listener to current client:com.alibaba.nacos.client.config.impl.ClientWorker$ConfigRpcTransportClient$1
09:14:02.909 [main] INFO  c.a.n.c.r.client - [printIfInfoEnabled,60] - [2c6066ca-b875-4ccf-9135-dedffb152d7a_config-0] RpcClient init, ServerListFactory = com.alibaba.nacos.client.config.impl.ClientWorker$ConfigRpcTransportClient$2
09:14:02.927 [main] INFO  c.a.n.c.r.client - [printIfInfoEnabled,60] - [2c6066ca-b875-4ccf-9135-dedffb152d7a_config-0] Try to connect to server on start up, server: {serverIp = '127.0.0.1', server main port = 8848}
09:14:07.610 [main] INFO  c.a.n.c.r.client - [printIfInfoEnabled,60] - [2c6066ca-b875-4ccf-9135-dedffb152d7a_config-0] Success to connect to server [127.0.0.1:8848] on start up, connectionId = 1701047647309_127.0.0.1_8947
09:14:07.610 [com.alibaba.nacos.client.remote.worker] INFO  c.a.n.c.r.client - [printIfInfoEnabled,60] - [2c6066ca-b875-4ccf-9135-dedffb152d7a_config-0] Notify connected event to listeners.
09:14:07.611 [main] INFO  c.a.n.c.r.client - [printIfInfoEnabled,60] - [2c6066ca-b875-4ccf-9135-dedffb152d7a_config-0] Register server push request handler:com.alibaba.nacos.common.remote.client.RpcClient$ConnectResetRequestHandler
09:14:07.611 [main] INFO  c.a.n.c.r.client - [printIfInfoEnabled,60] - [2c6066ca-b875-4ccf-9135-dedffb152d7a_config-0] Register server push request handler:com.alibaba.nacos.common.remote.client.RpcClient$$Lambda$344/812168041
09:14:07.717 [main] INFO  c.x.s.XmapSystemApplication - [logStartupProfileInfo,637] - The following 1 profile is active: "dev"
09:14:11.026 [main] INFO  o.a.c.c.AprLifecycleListener - [log,173] - Loaded Apache Tomcat Native library [1.2.32] using APR version [1.7.0].
09:14:11.026 [main] INFO  o.a.c.c.AprLifecycleListener - [log,173] - APR capabilities: IPv6 [true], sendfile [true], accept filters [false], random [true], UDS [true].
09:14:11.027 [main] INFO  o.a.c.c.AprLifecycleListener - [log,173] - APR/OpenSSL configuration: useAprConnector [false], useOpenSSL [true]
09:14:11.034 [main] INFO  o.a.c.c.AprLifecycleListener - [log,173] - OpenSSL successfully initialized [OpenSSL 1.1.1n  15 Mar 2022]
09:14:11.056 [main] INFO  o.a.c.h.Http11NioProtocol - [log,173] - Initializing ProtocolHandler ["http-nio-9201"]
09:14:11.058 [main] INFO  o.a.c.c.StandardService - [log,173] - Starting service [Tomcat]
09:14:11.058 [main] INFO  o.a.c.c.StandardEngine - [log,173] - Starting Servlet engine: [Apache Tomcat/9.0.70]
09:14:11.366 [main] INFO  o.a.c.c.C.[.[.[/] - [log,173] - Initializing Spring embedded WebApplicationContext
09:14:13.789 [main] INFO  c.a.d.p.DruidDataSource - [init,996] - {dataSource-1,master} inited
09:14:13.791 [main] INFO  c.b.d.d.DynamicRoutingDataSource - [addDataSource,154] - dynamic-datasource - add a datasource named [master] success
09:14:13.791 [main] INFO  c.b.d.d.DynamicRoutingDataSource - [afterPropertiesSet,234] - dynamic-datasource initial loaded [1] datasource,primary datasource named [master]
09:14:19.981 [main] INFO  c.a.c.s.SentinelWebMvcConfigurer - [addInterceptors,52] - [Sentinel Starter] register SentinelWebInterceptor with urlPatterns: [/**].
09:14:24.084 [main] INFO  c.a.n.c.r.client - [lambda$createClient$0,80] - [RpcClientFactory] create a new rpc client of 5e5e3484-46df-41a2-9991-8daf2712b7f9
09:14:24.084 [main] INFO  c.a.n.c.r.client - [printIfInfoEnabled,60] - [5e5e3484-46df-41a2-9991-8daf2712b7f9] RpcClient init label, labels = {module=naming, source=sdk}
09:14:24.086 [main] INFO  c.a.n.c.r.client - [printIfInfoEnabled,60] - [5e5e3484-46df-41a2-9991-8daf2712b7f9] RpcClient init, ServerListFactory = com.alibaba.nacos.client.naming.core.ServerListManager
09:14:24.086 [main] INFO  c.a.n.c.r.client - [printIfInfoEnabled,60] - [5e5e3484-46df-41a2-9991-8daf2712b7f9] Registry connection listener to current client:com.alibaba.nacos.client.naming.remote.gprc.redo.NamingGrpcRedoService
09:14:24.086 [main] INFO  c.a.n.c.r.client - [printIfInfoEnabled,60] - [5e5e3484-46df-41a2-9991-8daf2712b7f9] Register server push request handler:com.alibaba.nacos.client.naming.remote.gprc.NamingPushRequestHandler
09:14:24.087 [main] INFO  c.a.n.c.r.client - [printIfInfoEnabled,60] - [5e5e3484-46df-41a2-9991-8daf2712b7f9] Try to connect to server on start up, server: {serverIp = '127.0.0.1', server main port = 8848}
09:14:24.206 [main] INFO  c.a.n.c.r.client - [printIfInfoEnabled,60] - [5e5e3484-46df-41a2-9991-8daf2712b7f9] Success to connect to server [127.0.0.1:8848] on start up, connectionId = 1701047664092_127.0.0.1_9150
09:14:24.206 [main] INFO  c.a.n.c.r.client - [printIfInfoEnabled,60] - [5e5e3484-46df-41a2-9991-8daf2712b7f9] Register server push request handler:com.alibaba.nacos.common.remote.client.RpcClient$ConnectResetRequestHandler
09:14:24.206 [com.alibaba.nacos.client.remote.worker] INFO  c.a.n.c.r.client - [printIfInfoEnabled,60] - [5e5e3484-46df-41a2-9991-8daf2712b7f9] Notify connected event to listeners.
09:14:24.206 [main] INFO  c.a.n.c.r.client - [printIfInfoEnabled,60] - [5e5e3484-46df-41a2-9991-8daf2712b7f9] Register server push request handler:com.alibaba.nacos.common.remote.client.RpcClient$$Lambda$344/812168041
09:14:24.245 [main] INFO  o.a.c.h.Http11NioProtocol - [log,173] - Starting ProtocolHandler ["http-nio-9201"]
09:14:24.277 [main] INFO  c.a.c.n.r.NacosServiceRegistry - [register,75] - nacos registry, DEFAULT_GROUP xmap-system 10.100.60.135:9201 register finished
09:14:24.800 [nacos-grpc-client-executor-7] INFO  c.a.n.c.r.client - [printIfInfoEnabled,60] - [5e5e3484-46df-41a2-9991-8daf2712b7f9] Receive server push request, request = NotifySubscriberRequest, requestId = 5
09:14:24.808 [nacos-grpc-client-executor-7] INFO  c.a.n.c.r.client - [printIfInfoEnabled,60] - [5e5e3484-46df-41a2-9991-8daf2712b7f9] Ack server push request, request = NotifySubscriberRequest, requestId = 5
09:14:25.836 [main] INFO  c.x.s.XmapSystemApplication - [logStarted,61] - Started XmapSystemApplication in 27.664 seconds (JVM running for 29.643)
09:14:25.844 [main] INFO  c.a.c.n.r.NacosContextRefresher - [registerNacosListener,129] - [Nacos Config] Listening config: dataId=xmap-system, group=DEFAULT_GROUP
09:14:25.845 [main] INFO  c.a.c.n.r.NacosContextRefresher - [registerNacosListener,129] - [Nacos Config] Listening config: dataId=xmap-system.yml, group=DEFAULT_GROUP
09:14:25.846 [main] INFO  c.a.c.n.r.NacosContextRefresher - [registerNacosListener,129] - [Nacos Config] Listening config: dataId=xmap-system-dev.yml, group=DEFAULT_GROUP
09:14:27.204 [RMI TCP Connection(11)-192.168.137.1] INFO  o.a.c.c.C.[.[.[/] - [log,173] - Initializing Spring DispatcherServlet 'dispatcherServlet'
