09:27:56.670 [background-preinit] INFO  o.h.v.i.util.Version - [<clinit>,21] - HV000001: Hibernate Validator 6.2.5.Final
09:28:01.079 [main] INFO  c.a.n.c.r.client - [lambda$createClient$0,80] - [RpcClientFactory] create a new rpc client of f13a5c1e-2548-46bb-9517-263ed9a28b52_config-0
09:28:01.203 [main] INFO  o.r.Reflections - [scan,232] - Reflections took 80 ms to scan 1 urls, producing 3 keys and 6 values 
09:28:01.278 [main] INFO  o.r.Reflections - [scan,232] - Reflections took 33 ms to scan 1 urls, producing 4 keys and 9 values 
09:28:01.326 [main] INFO  o.r.Reflections - [scan,232] - Reflections took 40 ms to scan 1 urls, producing 3 keys and 10 values 
09:28:01.863 [main] INFO  o.r.Reflections - [scan,232] - Reflections took 520 ms to scan 199 urls, producing 0 keys and 0 values 
09:28:01.895 [main] INFO  o.r.Reflections - [scan,232] - Reflections took 30 ms to scan 1 urls, producing 1 keys and 5 values 
09:28:01.936 [main] INFO  o.r.Reflections - [scan,232] - Reflections took 35 ms to scan 1 urls, producing 1 keys and 7 values 
09:28:01.978 [main] INFO  o.r.Reflections - [scan,232] - Reflections took 36 ms to scan 1 urls, producing 2 keys and 8 values 
09:28:02.374 [main] INFO  o.r.Reflections - [scan,232] - Reflections took 390 ms to scan 199 urls, producing 0 keys and 0 values 
09:28:02.377 [main] INFO  c.a.n.c.r.client - [printIfInfoEnabled,60] - [f13a5c1e-2548-46bb-9517-263ed9a28b52_config-0] RpcClient init label, labels = {module=config, Vipserver-Tag=null, source=sdk, Amory-Tag=null, Location-Tag=null, taskId=0, AppName=unknown}
09:28:02.379 [main] INFO  c.a.n.c.r.client - [printIfInfoEnabled,60] - [f13a5c1e-2548-46bb-9517-263ed9a28b52_config-0] Register server push request handler:com.alibaba.nacos.client.config.impl.ClientWorker$ConfigRpcTransportClient$$Lambda$335/1752535057
09:28:02.383 [main] INFO  c.a.n.c.r.client - [printIfInfoEnabled,60] - [f13a5c1e-2548-46bb-9517-263ed9a28b52_config-0] Register server push request handler:com.alibaba.nacos.client.config.impl.ClientWorker$ConfigRpcTransportClient$$Lambda$336/2116299597
09:28:02.385 [main] INFO  c.a.n.c.r.client - [printIfInfoEnabled,60] - [f13a5c1e-2548-46bb-9517-263ed9a28b52_config-0] Registry connection listener to current client:com.alibaba.nacos.client.config.impl.ClientWorker$ConfigRpcTransportClient$1
09:28:02.387 [main] INFO  c.a.n.c.r.client - [printIfInfoEnabled,60] - [f13a5c1e-2548-46bb-9517-263ed9a28b52_config-0] RpcClient init, ServerListFactory = com.alibaba.nacos.client.config.impl.ClientWorker$ConfigRpcTransportClient$2
09:28:02.410 [main] INFO  c.a.n.c.r.client - [printIfInfoEnabled,60] - [f13a5c1e-2548-46bb-9517-263ed9a28b52_config-0] Try to connect to server on start up, server: {serverIp = '127.0.0.1', server main port = 8848}
09:28:08.401 [main] INFO  c.a.n.c.r.client - [printIfInfoEnabled,60] - [f13a5c1e-2548-46bb-9517-263ed9a28b52_config-0] Try to connect to server on start up, server: {serverIp = '127.0.0.1', server main port = 8848}
09:28:09.150 [main] INFO  c.a.n.c.r.client - [printIfInfoEnabled,60] - [f13a5c1e-2548-46bb-9517-263ed9a28b52_config-0] Success to connect to server [127.0.0.1:8848] on start up, connectionId = 1702862888701_127.0.0.1_2176
09:28:09.151 [com.alibaba.nacos.client.remote.worker] INFO  c.a.n.c.r.client - [printIfInfoEnabled,60] - [f13a5c1e-2548-46bb-9517-263ed9a28b52_config-0] Notify connected event to listeners.
09:28:09.152 [main] INFO  c.a.n.c.r.client - [printIfInfoEnabled,60] - [f13a5c1e-2548-46bb-9517-263ed9a28b52_config-0] Register server push request handler:com.alibaba.nacos.common.remote.client.RpcClient$ConnectResetRequestHandler
09:28:09.154 [main] INFO  c.a.n.c.r.client - [printIfInfoEnabled,60] - [f13a5c1e-2548-46bb-9517-263ed9a28b52_config-0] Register server push request handler:com.alibaba.nacos.common.remote.client.RpcClient$$Lambda$344/440472115
09:28:09.350 [main] INFO  c.x.s.XmapSystemApplication - [logStartupProfileInfo,637] - The following 1 profile is active: "dev"
09:28:16.106 [main] INFO  o.a.c.c.AprLifecycleListener - [log,173] - Loaded Apache Tomcat Native library [1.2.32] using APR version [1.7.0].
09:28:16.107 [main] INFO  o.a.c.c.AprLifecycleListener - [log,173] - APR capabilities: IPv6 [true], sendfile [true], accept filters [false], random [true], UDS [true].
09:28:16.107 [main] INFO  o.a.c.c.AprLifecycleListener - [log,173] - APR/OpenSSL configuration: useAprConnector [false], useOpenSSL [true]
09:28:16.115 [main] INFO  o.a.c.c.AprLifecycleListener - [log,173] - OpenSSL successfully initialized [OpenSSL 1.1.1n  15 Mar 2022]
09:28:16.147 [main] INFO  o.a.c.h.Http11NioProtocol - [log,173] - Initializing ProtocolHandler ["http-nio-9201"]
09:28:16.149 [main] INFO  o.a.c.c.StandardService - [log,173] - Starting service [Tomcat]
09:28:16.149 [main] INFO  o.a.c.c.StandardEngine - [log,173] - Starting Servlet engine: [Apache Tomcat/9.0.70]
09:28:16.704 [main] INFO  o.a.c.c.C.[.[.[/] - [log,173] - Initializing Spring embedded WebApplicationContext
09:28:20.132 [main] INFO  c.a.d.p.DruidDataSource - [init,996] - {dataSource-1,master} inited
09:28:20.135 [main] INFO  c.b.d.d.DynamicRoutingDataSource - [addDataSource,154] - dynamic-datasource - add a datasource named [master] success
09:28:20.135 [main] INFO  c.b.d.d.DynamicRoutingDataSource - [afterPropertiesSet,234] - dynamic-datasource initial loaded [1] datasource,primary datasource named [master]
09:28:28.971 [main] INFO  c.a.c.s.SentinelWebMvcConfigurer - [addInterceptors,52] - [Sentinel Starter] register SentinelWebInterceptor with urlPatterns: [/**].
09:28:35.718 [main] INFO  c.a.n.c.r.client - [lambda$createClient$0,80] - [RpcClientFactory] create a new rpc client of 6760e342-fcb1-4e95-9b99-5ba1111192e3
09:28:35.719 [main] INFO  c.a.n.c.r.client - [printIfInfoEnabled,60] - [6760e342-fcb1-4e95-9b99-5ba1111192e3] RpcClient init label, labels = {module=naming, source=sdk}
09:28:35.723 [main] INFO  c.a.n.c.r.client - [printIfInfoEnabled,60] - [6760e342-fcb1-4e95-9b99-5ba1111192e3] RpcClient init, ServerListFactory = com.alibaba.nacos.client.naming.core.ServerListManager
09:28:35.723 [main] INFO  c.a.n.c.r.client - [printIfInfoEnabled,60] - [6760e342-fcb1-4e95-9b99-5ba1111192e3] Registry connection listener to current client:com.alibaba.nacos.client.naming.remote.gprc.redo.NamingGrpcRedoService
09:28:35.725 [main] INFO  c.a.n.c.r.client - [printIfInfoEnabled,60] - [6760e342-fcb1-4e95-9b99-5ba1111192e3] Register server push request handler:com.alibaba.nacos.client.naming.remote.gprc.NamingPushRequestHandler
09:28:35.726 [main] INFO  c.a.n.c.r.client - [printIfInfoEnabled,60] - [6760e342-fcb1-4e95-9b99-5ba1111192e3] Try to connect to server on start up, server: {serverIp = '127.0.0.1', server main port = 8848}
09:28:35.846 [main] INFO  c.a.n.c.r.client - [printIfInfoEnabled,60] - [6760e342-fcb1-4e95-9b99-5ba1111192e3] Success to connect to server [127.0.0.1:8848] on start up, connectionId = 1702862915737_127.0.0.1_2475
09:28:35.846 [com.alibaba.nacos.client.remote.worker] INFO  c.a.n.c.r.client - [printIfInfoEnabled,60] - [6760e342-fcb1-4e95-9b99-5ba1111192e3] Notify connected event to listeners.
09:28:35.846 [main] INFO  c.a.n.c.r.client - [printIfInfoEnabled,60] - [6760e342-fcb1-4e95-9b99-5ba1111192e3] Register server push request handler:com.alibaba.nacos.common.remote.client.RpcClient$ConnectResetRequestHandler
09:28:35.846 [main] INFO  c.a.n.c.r.client - [printIfInfoEnabled,60] - [6760e342-fcb1-4e95-9b99-5ba1111192e3] Register server push request handler:com.alibaba.nacos.common.remote.client.RpcClient$$Lambda$344/440472115
09:28:35.897 [main] INFO  o.a.c.h.Http11NioProtocol - [log,173] - Starting ProtocolHandler ["http-nio-9201"]
09:28:35.950 [main] INFO  c.a.c.n.r.NacosServiceRegistry - [register,75] - nacos registry, DEFAULT_GROUP xmap-system 10.100.60.135:9201 register finished
09:28:36.484 [nacos-grpc-client-executor-8] INFO  c.a.n.c.r.client - [printIfInfoEnabled,60] - [6760e342-fcb1-4e95-9b99-5ba1111192e3] Receive server push request, request = NotifySubscriberRequest, requestId = 5
09:28:36.491 [nacos-grpc-client-executor-8] INFO  c.a.n.c.r.client - [printIfInfoEnabled,60] - [6760e342-fcb1-4e95-9b99-5ba1111192e3] Ack server push request, request = NotifySubscriberRequest, requestId = 5
09:28:38.524 [main] INFO  c.x.s.XmapSystemApplication - [logStarted,61] - Started XmapSystemApplication in 45.037 seconds (JVM running for 48.153)
09:28:38.536 [main] INFO  c.a.c.n.r.NacosContextRefresher - [registerNacosListener,129] - [Nacos Config] Listening config: dataId=xmap-system, group=DEFAULT_GROUP
09:28:38.537 [main] INFO  c.a.c.n.r.NacosContextRefresher - [registerNacosListener,129] - [Nacos Config] Listening config: dataId=xmap-system.yml, group=DEFAULT_GROUP
09:28:38.539 [main] INFO  c.a.c.n.r.NacosContextRefresher - [registerNacosListener,129] - [Nacos Config] Listening config: dataId=xmap-system-dev.yml, group=DEFAULT_GROUP
09:28:39.900 [RMI TCP Connection(6)-192.168.137.1] INFO  o.a.c.c.C.[.[.[/] - [log,173] - Initializing Spring DispatcherServlet 'dispatcherServlet'
14:15:33.864 [SpringApplicationShutdownHook] INFO  c.a.c.n.r.NacosServiceRegistry - [deregister,94] - De-registering from Nacos Server now...
14:15:33.875 [SpringApplicationShutdownHook] INFO  c.a.c.n.r.NacosServiceRegistry - [deregister,114] - De-registration finished.
14:15:34.217 [SpringApplicationShutdownHook] INFO  c.a.n.c.r.client - [shutdown,454] - Shutdown rpc client, set status to shutdown
14:15:34.218 [SpringApplicationShutdownHook] INFO  c.a.n.c.r.client - [shutdown,456] - Shutdown client event executor java.util.concurrent.ScheduledThreadPoolExecutor@c891be8[Running, pool size = 2, active threads = 2, queued tasks = 0, completed tasks = 0]
14:15:34.218 [SpringApplicationShutdownHook] INFO  c.a.n.c.r.client - [closeConnection,591] - Close current connection 1702862915737_127.0.0.1_2475
14:15:34.221 [SpringApplicationShutdownHook] INFO  c.a.n.c.r.c.g.GrpcClient - [shutdown,85] - Shutdown grpc executor java.util.concurrent.ThreadPoolExecutor@5b3e10b6[Running, pool size = 5, active threads = 1, queued tasks = 0, completed tasks = 3465]
14:15:34.221 [nacos-grpc-client-executor-3465] INFO  c.a.n.c.r.c.g.GrpcClient - [printIfInfoEnabled,60] - [1702862915737_127.0.0.1_2475]Ignore complete event,isRunning:false,isAbandon=false
14:15:34.392 [SpringApplicationShutdownHook] INFO  c.b.d.d.DynamicRoutingDataSource - [destroy,211] - dynamic-datasource start closing ....
14:15:34.433 [SpringApplicationShutdownHook] INFO  c.a.d.p.DruidDataSource - [close,2138] - {dataSource-1} closing ...
14:15:34.483 [SpringApplicationShutdownHook] INFO  c.a.d.p.DruidDataSource - [close,2211] - {dataSource-1} closed
14:15:34.484 [SpringApplicationShutdownHook] INFO  c.b.d.d.DynamicRoutingDataSource - [destroy,215] - dynamic-datasource all closed success,bye
14:16:15.375 [background-preinit] INFO  o.h.v.i.util.Version - [<clinit>,21] - HV000001: Hibernate Validator 6.2.5.Final
14:16:17.504 [main] INFO  c.a.n.c.r.client - [lambda$createClient$0,80] - [RpcClientFactory] create a new rpc client of a6f1e70a-f15f-413d-880a-4cd46e0d9f73_config-0
14:16:17.572 [main] INFO  o.r.Reflections - [scan,232] - Reflections took 42 ms to scan 1 urls, producing 3 keys and 6 values 
14:16:17.623 [main] INFO  o.r.Reflections - [scan,232] - Reflections took 29 ms to scan 1 urls, producing 4 keys and 9 values 
14:16:17.641 [main] INFO  o.r.Reflections - [scan,232] - Reflections took 16 ms to scan 1 urls, producing 3 keys and 10 values 
14:16:17.894 [main] INFO  o.r.Reflections - [scan,232] - Reflections took 247 ms to scan 199 urls, producing 0 keys and 0 values 
14:16:17.912 [main] INFO  o.r.Reflections - [scan,232] - Reflections took 16 ms to scan 1 urls, producing 1 keys and 5 values 
14:16:17.928 [main] INFO  o.r.Reflections - [scan,232] - Reflections took 13 ms to scan 1 urls, producing 1 keys and 7 values 
14:16:17.958 [main] INFO  o.r.Reflections - [scan,232] - Reflections took 27 ms to scan 1 urls, producing 2 keys and 8 values 
14:16:18.173 [main] INFO  o.r.Reflections - [scan,232] - Reflections took 212 ms to scan 199 urls, producing 0 keys and 0 values 
14:16:18.174 [main] INFO  c.a.n.c.r.client - [printIfInfoEnabled,60] - [a6f1e70a-f15f-413d-880a-4cd46e0d9f73_config-0] RpcClient init label, labels = {module=config, Vipserver-Tag=null, source=sdk, Amory-Tag=null, Location-Tag=null, taskId=0, AppName=unknown}
14:16:18.174 [main] INFO  c.a.n.c.r.client - [printIfInfoEnabled,60] - [a6f1e70a-f15f-413d-880a-4cd46e0d9f73_config-0] Register server push request handler:com.alibaba.nacos.client.config.impl.ClientWorker$ConfigRpcTransportClient$$Lambda$335/1752535057
14:16:18.175 [main] INFO  c.a.n.c.r.client - [printIfInfoEnabled,60] - [a6f1e70a-f15f-413d-880a-4cd46e0d9f73_config-0] Register server push request handler:com.alibaba.nacos.client.config.impl.ClientWorker$ConfigRpcTransportClient$$Lambda$336/2116299597
14:16:18.175 [main] INFO  c.a.n.c.r.client - [printIfInfoEnabled,60] - [a6f1e70a-f15f-413d-880a-4cd46e0d9f73_config-0] Registry connection listener to current client:com.alibaba.nacos.client.config.impl.ClientWorker$ConfigRpcTransportClient$1
14:16:18.176 [main] INFO  c.a.n.c.r.client - [printIfInfoEnabled,60] - [a6f1e70a-f15f-413d-880a-4cd46e0d9f73_config-0] RpcClient init, ServerListFactory = com.alibaba.nacos.client.config.impl.ClientWorker$ConfigRpcTransportClient$2
14:16:18.183 [main] INFO  c.a.n.c.r.client - [printIfInfoEnabled,60] - [a6f1e70a-f15f-413d-880a-4cd46e0d9f73_config-0] Try to connect to server on start up, server: {serverIp = '127.0.0.1', server main port = 8848}
14:16:23.034 [main] INFO  c.a.n.c.r.client - [printIfInfoEnabled,60] - [a6f1e70a-f15f-413d-880a-4cd46e0d9f73_config-0] Try to connect to server on start up, server: {serverIp = '127.0.0.1', server main port = 8848}
14:16:25.385 [main] INFO  c.a.n.c.r.client - [printIfInfoEnabled,60] - [a6f1e70a-f15f-413d-880a-4cd46e0d9f73_config-0] Success to connect to server [127.0.0.1:8848] on start up, connectionId = 1702880184952_127.0.0.1_8186
14:16:25.386 [com.alibaba.nacos.client.remote.worker] INFO  c.a.n.c.r.client - [printIfInfoEnabled,60] - [a6f1e70a-f15f-413d-880a-4cd46e0d9f73_config-0] Notify connected event to listeners.
14:16:25.388 [main] INFO  c.a.n.c.r.client - [printIfInfoEnabled,60] - [a6f1e70a-f15f-413d-880a-4cd46e0d9f73_config-0] Register server push request handler:com.alibaba.nacos.common.remote.client.RpcClient$ConnectResetRequestHandler
14:16:25.389 [main] INFO  c.a.n.c.r.client - [printIfInfoEnabled,60] - [a6f1e70a-f15f-413d-880a-4cd46e0d9f73_config-0] Register server push request handler:com.alibaba.nacos.common.remote.client.RpcClient$$Lambda$344/1682619279
14:16:25.594 [main] INFO  c.x.s.XmapSystemApplication - [logStartupProfileInfo,637] - The following 1 profile is active: "dev"
14:16:31.515 [main] INFO  o.a.c.c.AprLifecycleListener - [log,173] - Loaded Apache Tomcat Native library [1.2.32] using APR version [1.7.0].
14:16:31.515 [main] INFO  o.a.c.c.AprLifecycleListener - [log,173] - APR capabilities: IPv6 [true], sendfile [true], accept filters [false], random [true], UDS [true].
14:16:31.515 [main] INFO  o.a.c.c.AprLifecycleListener - [log,173] - APR/OpenSSL configuration: useAprConnector [false], useOpenSSL [true]
14:16:31.521 [main] INFO  o.a.c.c.AprLifecycleListener - [log,173] - OpenSSL successfully initialized [OpenSSL 1.1.1n  15 Mar 2022]
14:16:31.546 [main] INFO  o.a.c.h.Http11NioProtocol - [log,173] - Initializing ProtocolHandler ["http-nio-9201"]
14:16:31.548 [main] INFO  o.a.c.c.StandardService - [log,173] - Starting service [Tomcat]
14:16:31.548 [main] INFO  o.a.c.c.StandardEngine - [log,173] - Starting Servlet engine: [Apache Tomcat/9.0.70]
14:16:31.865 [main] INFO  o.a.c.c.C.[.[.[/] - [log,173] - Initializing Spring embedded WebApplicationContext
14:16:37.635 [main] INFO  c.a.d.p.DruidDataSource - [init,996] - {dataSource-1,master} inited
14:16:37.637 [main] INFO  c.b.d.d.DynamicRoutingDataSource - [addDataSource,154] - dynamic-datasource - add a datasource named [master] success
14:16:37.638 [main] INFO  c.b.d.d.DynamicRoutingDataSource - [afterPropertiesSet,234] - dynamic-datasource initial loaded [1] datasource,primary datasource named [master]
14:16:45.371 [main] INFO  c.a.c.s.SentinelWebMvcConfigurer - [addInterceptors,52] - [Sentinel Starter] register SentinelWebInterceptor with urlPatterns: [/**].
14:16:50.024 [main] INFO  c.a.n.c.r.client - [lambda$createClient$0,80] - [RpcClientFactory] create a new rpc client of 58b5d88b-a214-4c95-96d2-b76a9a0547f9
14:16:50.024 [main] INFO  c.a.n.c.r.client - [printIfInfoEnabled,60] - [58b5d88b-a214-4c95-96d2-b76a9a0547f9] RpcClient init label, labels = {module=naming, source=sdk}
14:16:50.026 [main] INFO  c.a.n.c.r.client - [printIfInfoEnabled,60] - [58b5d88b-a214-4c95-96d2-b76a9a0547f9] RpcClient init, ServerListFactory = com.alibaba.nacos.client.naming.core.ServerListManager
14:16:50.027 [main] INFO  c.a.n.c.r.client - [printIfInfoEnabled,60] - [58b5d88b-a214-4c95-96d2-b76a9a0547f9] Registry connection listener to current client:com.alibaba.nacos.client.naming.remote.gprc.redo.NamingGrpcRedoService
14:16:50.027 [main] INFO  c.a.n.c.r.client - [printIfInfoEnabled,60] - [58b5d88b-a214-4c95-96d2-b76a9a0547f9] Register server push request handler:com.alibaba.nacos.client.naming.remote.gprc.NamingPushRequestHandler
14:16:50.028 [main] INFO  c.a.n.c.r.client - [printIfInfoEnabled,60] - [58b5d88b-a214-4c95-96d2-b76a9a0547f9] Try to connect to server on start up, server: {serverIp = '127.0.0.1', server main port = 8848}
14:16:50.190 [main] INFO  c.a.n.c.r.client - [printIfInfoEnabled,60] - [58b5d88b-a214-4c95-96d2-b76a9a0547f9] Success to connect to server [127.0.0.1:8848] on start up, connectionId = 1702880210047_127.0.0.1_8403
14:16:50.191 [com.alibaba.nacos.client.remote.worker] INFO  c.a.n.c.r.client - [printIfInfoEnabled,60] - [58b5d88b-a214-4c95-96d2-b76a9a0547f9] Notify connected event to listeners.
14:16:50.196 [main] INFO  c.a.n.c.r.client - [printIfInfoEnabled,60] - [58b5d88b-a214-4c95-96d2-b76a9a0547f9] Register server push request handler:com.alibaba.nacos.common.remote.client.RpcClient$ConnectResetRequestHandler
14:16:50.197 [main] INFO  c.a.n.c.r.client - [printIfInfoEnabled,60] - [58b5d88b-a214-4c95-96d2-b76a9a0547f9] Register server push request handler:com.alibaba.nacos.common.remote.client.RpcClient$$Lambda$344/1682619279
14:16:50.267 [main] INFO  o.a.c.h.Http11NioProtocol - [log,173] - Starting ProtocolHandler ["http-nio-9201"]
14:16:50.334 [main] INFO  c.a.c.n.r.NacosServiceRegistry - [register,75] - nacos registry, DEFAULT_GROUP xmap-system 10.100.60.135:9201 register finished
14:16:50.814 [nacos-grpc-client-executor-7] INFO  c.a.n.c.r.client - [printIfInfoEnabled,60] - [58b5d88b-a214-4c95-96d2-b76a9a0547f9] Receive server push request, request = NotifySubscriberRequest, requestId = 32
14:16:50.820 [nacos-grpc-client-executor-7] INFO  c.a.n.c.r.client - [printIfInfoEnabled,60] - [58b5d88b-a214-4c95-96d2-b76a9a0547f9] Ack server push request, request = NotifySubscriberRequest, requestId = 32
14:16:52.755 [main] INFO  c.x.s.XmapSystemApplication - [logStarted,61] - Started XmapSystemApplication in 39.41 seconds (JVM running for 41.843)
14:16:52.766 [main] INFO  c.a.c.n.r.NacosContextRefresher - [registerNacosListener,129] - [Nacos Config] Listening config: dataId=xmap-system, group=DEFAULT_GROUP
14:16:52.767 [main] INFO  c.a.c.n.r.NacosContextRefresher - [registerNacosListener,129] - [Nacos Config] Listening config: dataId=xmap-system.yml, group=DEFAULT_GROUP
14:16:52.768 [main] INFO  c.a.c.n.r.NacosContextRefresher - [registerNacosListener,129] - [Nacos Config] Listening config: dataId=xmap-system-dev.yml, group=DEFAULT_GROUP
14:16:54.027 [RMI TCP Connection(7)-192.168.137.1] INFO  o.a.c.c.C.[.[.[/] - [log,173] - Initializing Spring DispatcherServlet 'dispatcherServlet'
16:06:53.007 [SpringApplicationShutdownHook] INFO  c.a.c.n.r.NacosServiceRegistry - [deregister,94] - De-registering from Nacos Server now...
16:06:53.015 [SpringApplicationShutdownHook] INFO  c.a.c.n.r.NacosServiceRegistry - [deregister,114] - De-registration finished.
16:06:53.340 [SpringApplicationShutdownHook] INFO  c.a.n.c.r.client - [shutdown,454] - Shutdown rpc client, set status to shutdown
16:06:53.341 [SpringApplicationShutdownHook] INFO  c.a.n.c.r.client - [shutdown,456] - Shutdown client event executor java.util.concurrent.ScheduledThreadPoolExecutor@231d2a7f[Running, pool size = 2, active threads = 2, queued tasks = 0, completed tasks = 0]
16:06:53.341 [SpringApplicationShutdownHook] INFO  c.a.n.c.r.client - [closeConnection,591] - Close current connection 1702880210047_127.0.0.1_8403
16:06:53.343 [SpringApplicationShutdownHook] INFO  c.a.n.c.r.c.g.GrpcClient - [shutdown,85] - Shutdown grpc executor java.util.concurrent.ThreadPoolExecutor@526dba27[Running, pool size = 5, active threads = 1, queued tasks = 0, completed tasks = 1334]
16:06:53.343 [nacos-grpc-client-executor-1334] INFO  c.a.n.c.r.c.g.GrpcClient - [printIfInfoEnabled,60] - [1702880210047_127.0.0.1_8403]Ignore complete event,isRunning:false,isAbandon=false
16:06:53.500 [SpringApplicationShutdownHook] INFO  c.b.d.d.DynamicRoutingDataSource - [destroy,211] - dynamic-datasource start closing ....
16:06:53.521 [SpringApplicationShutdownHook] INFO  c.a.d.p.DruidDataSource - [close,2138] - {dataSource-1} closing ...
16:06:53.532 [SpringApplicationShutdownHook] INFO  c.a.d.p.DruidDataSource - [close,2211] - {dataSource-1} closed
16:06:53.532 [SpringApplicationShutdownHook] INFO  c.b.d.d.DynamicRoutingDataSource - [destroy,215] - dynamic-datasource all closed success,bye
