09:00:35.485 [background-preinit] INFO  o.h.v.i.util.Version - [<clinit>,21] - HV000001: Hibernate Validator 6.2.5.Final
09:00:42.136 [main] INFO  c.a.n.c.r.client - [lambda$createClient$0,80] - [RpcClientFactory] create a new rpc client of a37fd83a-4209-4fc2-af7e-96bd999c8d2c_config-0
09:00:42.188 [main] INFO  o.r.Reflections - [scan,232] - Reflections took 35 ms to scan 1 urls, producing 3 keys and 6 values 
09:00:42.222 [main] INFO  o.r.Reflections - [scan,232] - Reflections took 19 ms to scan 1 urls, producing 4 keys and 9 values 
09:00:42.240 [main] INFO  o.r.Reflections - [scan,232] - Reflections took 15 ms to scan 1 urls, producing 3 keys and 10 values 
09:00:42.543 [main] INFO  o.r.Reflections - [scan,232] - Reflections took 299 ms to scan 199 urls, producing 0 keys and 0 values 
09:00:42.566 [main] INFO  o.r.Reflections - [scan,232] - Reflections took 22 ms to scan 1 urls, producing 1 keys and 5 values 
09:00:42.584 [main] INFO  o.r.Reflections - [scan,232] - Reflections took 16 ms to scan 1 urls, producing 1 keys and 7 values 
09:00:42.602 [main] INFO  o.r.Reflections - [scan,232] - Reflections took 15 ms to scan 1 urls, producing 2 keys and 8 values 
09:00:42.877 [main] INFO  o.r.Reflections - [scan,232] - Reflections took 272 ms to scan 199 urls, producing 0 keys and 0 values 
09:00:42.878 [main] INFO  c.a.n.c.r.client - [printIfInfoEnabled,60] - [a37fd83a-4209-4fc2-af7e-96bd999c8d2c_config-0] RpcClient init label, labels = {module=config, Vipserver-Tag=null, source=sdk, Amory-Tag=null, Location-Tag=null, taskId=0, AppName=unknown}
09:00:42.882 [main] INFO  c.a.n.c.r.client - [printIfInfoEnabled,60] - [a37fd83a-4209-4fc2-af7e-96bd999c8d2c_config-0] Register server push request handler:com.alibaba.nacos.client.config.impl.ClientWorker$ConfigRpcTransportClient$$Lambda$334/832145584
09:00:42.882 [main] INFO  c.a.n.c.r.client - [printIfInfoEnabled,60] - [a37fd83a-4209-4fc2-af7e-96bd999c8d2c_config-0] Register server push request handler:com.alibaba.nacos.client.config.impl.ClientWorker$ConfigRpcTransportClient$$Lambda$335/224060798
09:00:42.883 [main] INFO  c.a.n.c.r.client - [printIfInfoEnabled,60] - [a37fd83a-4209-4fc2-af7e-96bd999c8d2c_config-0] Registry connection listener to current client:com.alibaba.nacos.client.config.impl.ClientWorker$ConfigRpcTransportClient$1
09:00:42.884 [main] INFO  c.a.n.c.r.client - [printIfInfoEnabled,60] - [a37fd83a-4209-4fc2-af7e-96bd999c8d2c_config-0] RpcClient init, ServerListFactory = com.alibaba.nacos.client.config.impl.ClientWorker$ConfigRpcTransportClient$2
09:00:42.893 [main] INFO  c.a.n.c.r.client - [printIfInfoEnabled,60] - [a37fd83a-4209-4fc2-af7e-96bd999c8d2c_config-0] Try to connect to server on start up, server: {serverIp = '127.0.0.1', server main port = 8848}
09:00:50.685 [main] INFO  c.a.n.c.r.client - [printIfInfoEnabled,60] - [a37fd83a-4209-4fc2-af7e-96bd999c8d2c_config-0] Try to connect to server on start up, server: {serverIp = '127.0.0.1', server main port = 8848}
09:00:53.702 [main] INFO  c.a.n.c.r.client - [printIfInfoEnabled,60] - [a37fd83a-4209-4fc2-af7e-96bd999c8d2c_config-0] Try to connect to server on start up, server: {serverIp = '127.0.0.1', server main port = 8848}
09:00:56.716 [com.alibaba.nacos.client.remote.worker] INFO  c.a.n.c.r.client - [printIfInfoEnabled,60] - [a37fd83a-4209-4fc2-af7e-96bd999c8d2c_config-0] Try to reconnect to a new server, server is  not appointed, will choose a random server.
09:00:56.717 [main] INFO  c.a.n.c.r.client - [printIfInfoEnabled,60] - [a37fd83a-4209-4fc2-af7e-96bd999c8d2c_config-0] Register server push request handler:com.alibaba.nacos.common.remote.client.RpcClient$ConnectResetRequestHandler
09:00:56.717 [main] INFO  c.a.n.c.r.client - [printIfInfoEnabled,60] - [a37fd83a-4209-4fc2-af7e-96bd999c8d2c_config-0] Register server push request handler:com.alibaba.nacos.common.remote.client.RpcClient$$Lambda$344/521331027
09:00:58.103 [main] INFO  c.x.b.XmapBusinessApplication - [logStartupProfileInfo,637] - The following 1 profile is active: "dev"
09:01:00.339 [main] INFO  o.a.c.h.Http11NioProtocol - [log,173] - Initializing ProtocolHandler ["http-nio-9204"]
09:01:00.340 [main] INFO  o.a.c.c.StandardService - [log,173] - Starting service [Tomcat]
09:01:00.340 [main] INFO  o.a.c.c.StandardEngine - [log,173] - Starting Servlet engine: [Apache Tomcat/9.0.70]
09:01:00.560 [main] INFO  o.a.c.c.C.[.[.[/] - [log,173] - Initializing Spring embedded WebApplicationContext
09:01:02.368 [com.alibaba.nacos.client.remote.worker] INFO  c.a.n.c.r.client - [printIfInfoEnabled,60] - [a37fd83a-4209-4fc2-af7e-96bd999c8d2c_config-0] Success to connect a server [127.0.0.1:8848], connectionId = 1693443662184_127.0.0.1_50621
09:01:02.369 [com.alibaba.nacos.client.remote.worker] INFO  c.a.n.c.r.client - [printIfInfoEnabled,60] - [a37fd83a-4209-4fc2-af7e-96bd999c8d2c_config-0] Notify connected event to listeners.
09:01:06.185 [main] INFO  c.a.d.p.DruidDataSource - [init,996] - {dataSource-1,master} inited
09:01:06.186 [main] INFO  c.b.d.d.DynamicRoutingDataSource - [addDataSource,154] - dynamic-datasource - add a datasource named [master] success
09:01:06.187 [main] INFO  c.b.d.d.DynamicRoutingDataSource - [afterPropertiesSet,234] - dynamic-datasource initial loaded [1] datasource,primary datasource named [master]
09:01:07.394 [main] INFO  c.a.c.s.SentinelWebMvcConfigurer - [addInterceptors,52] - [Sentinel Starter] register SentinelWebInterceptor with urlPatterns: [/**].
09:01:38.971 [main] INFO  c.a.n.c.r.client - [lambda$createClient$0,80] - [RpcClientFactory] create a new rpc client of 358dad3e-82cc-4447-8e9c-25f8241567c0
09:01:38.971 [main] INFO  c.a.n.c.r.client - [printIfInfoEnabled,60] - [358dad3e-82cc-4447-8e9c-25f8241567c0] RpcClient init label, labels = {module=naming, source=sdk}
09:01:38.972 [main] INFO  c.a.n.c.r.client - [printIfInfoEnabled,60] - [358dad3e-82cc-4447-8e9c-25f8241567c0] RpcClient init, ServerListFactory = com.alibaba.nacos.client.naming.core.ServerListManager
09:01:38.973 [main] INFO  c.a.n.c.r.client - [printIfInfoEnabled,60] - [358dad3e-82cc-4447-8e9c-25f8241567c0] Registry connection listener to current client:com.alibaba.nacos.client.naming.remote.gprc.redo.NamingGrpcRedoService
09:01:38.973 [main] INFO  c.a.n.c.r.client - [printIfInfoEnabled,60] - [358dad3e-82cc-4447-8e9c-25f8241567c0] Register server push request handler:com.alibaba.nacos.client.naming.remote.gprc.NamingPushRequestHandler
09:01:38.973 [main] INFO  c.a.n.c.r.client - [printIfInfoEnabled,60] - [358dad3e-82cc-4447-8e9c-25f8241567c0] Try to connect to server on start up, server: {serverIp = '127.0.0.1', server main port = 8848}
09:01:39.090 [main] INFO  c.a.n.c.r.client - [printIfInfoEnabled,60] - [358dad3e-82cc-4447-8e9c-25f8241567c0] Success to connect to server [127.0.0.1:8848] on start up, connectionId = 1693443698977_127.0.0.1_51041
09:01:39.090 [main] INFO  c.a.n.c.r.client - [printIfInfoEnabled,60] - [358dad3e-82cc-4447-8e9c-25f8241567c0] Register server push request handler:com.alibaba.nacos.common.remote.client.RpcClient$ConnectResetRequestHandler
09:01:39.090 [com.alibaba.nacos.client.remote.worker] INFO  c.a.n.c.r.client - [printIfInfoEnabled,60] - [358dad3e-82cc-4447-8e9c-25f8241567c0] Notify connected event to listeners.
09:01:39.090 [main] INFO  c.a.n.c.r.client - [printIfInfoEnabled,60] - [358dad3e-82cc-4447-8e9c-25f8241567c0] Register server push request handler:com.alibaba.nacos.common.remote.client.RpcClient$$Lambda$344/521331027
09:01:39.122 [main] INFO  o.a.c.h.Http11NioProtocol - [log,173] - Starting ProtocolHandler ["http-nio-9204"]
09:01:39.148 [main] INFO  c.a.c.n.r.NacosServiceRegistry - [register,75] - nacos registry, DEFAULT_GROUP xmap-business 192.168.33.106:9204 register finished
09:01:39.708 [nacos-grpc-client-executor-5] INFO  c.a.n.c.r.client - [printIfInfoEnabled,60] - [358dad3e-82cc-4447-8e9c-25f8241567c0] Receive server push request, request = NotifySubscriberRequest, requestId = 71
09:01:39.723 [nacos-grpc-client-executor-5] INFO  c.a.n.c.r.client - [printIfInfoEnabled,60] - [358dad3e-82cc-4447-8e9c-25f8241567c0] Ack server push request, request = NotifySubscriberRequest, requestId = 71
09:01:50.319 [main] INFO  c.x.b.XmapBusinessApplication - [logStarted,61] - Started XmapBusinessApplication in 79.723 seconds (JVM running for 81.322)
09:01:50.329 [main] INFO  c.a.c.n.r.NacosContextRefresher - [registerNacosListener,129] - [Nacos Config] Listening config: dataId=xmap-business.yml, group=DEFAULT_GROUP
09:01:50.330 [main] INFO  c.a.c.n.r.NacosContextRefresher - [registerNacosListener,129] - [Nacos Config] Listening config: dataId=xmap-business, group=DEFAULT_GROUP
09:01:50.341 [main] INFO  c.a.c.n.r.NacosContextRefresher - [registerNacosListener,129] - [Nacos Config] Listening config: dataId=xmap-business-dev.yml, group=DEFAULT_GROUP
09:01:59.867 [RMI TCP Connection(7)-192.168.33.106] INFO  o.a.c.c.C.[.[.[/] - [log,173] - Initializing Spring DispatcherServlet 'dispatcherServlet'
