09:20:05.968 [background-preinit] INFO  o.h.v.i.util.Version - [<clinit>,21] - HV000001: Hibernate Validator 6.2.5.Final
09:20:08.348 [main] INFO  c.a.n.c.r.client - [lambda$createClient$0,80] - [RpcClientFactory] create a new rpc client of 6ca01ee5-2f0f-4680-8bc2-c04cf2374bcd_config-0
09:20:08.384 [main] INFO  o.r.Reflections - [scan,232] - Reflections took 25 ms to scan 1 urls, producing 3 keys and 6 values 
09:20:08.403 [main] INFO  o.r.Reflections - [scan,232] - Reflections took 8 ms to scan 1 urls, producing 4 keys and 9 values 
09:20:08.412 [main] INFO  o.r.Reflections - [scan,232] - Reflections took 7 ms to scan 1 urls, producing 3 keys and 10 values 
09:20:08.554 [main] INFO  o.r.Reflections - [scan,232] - Reflections took 140 ms to scan 199 urls, producing 0 keys and 0 values 
09:20:08.562 [main] INFO  o.r.Reflections - [scan,232] - Reflections took 7 ms to scan 1 urls, producing 1 keys and 5 values 
09:20:08.574 [main] INFO  o.r.Reflections - [scan,232] - Reflections took 10 ms to scan 1 urls, producing 1 keys and 7 values 
09:20:08.588 [main] INFO  o.r.Reflections - [scan,232] - Reflections took 12 ms to scan 1 urls, producing 2 keys and 8 values 
09:20:08.724 [main] INFO  o.r.Reflections - [scan,232] - Reflections took 134 ms to scan 199 urls, producing 0 keys and 0 values 
09:20:08.725 [main] INFO  c.a.n.c.r.client - [printIfInfoEnabled,60] - [6ca01ee5-2f0f-4680-8bc2-c04cf2374bcd_config-0] RpcClient init label, labels = {module=config, Vipserver-Tag=null, source=sdk, Amory-Tag=null, Location-Tag=null, taskId=0, AppName=unknown}
09:20:08.725 [main] INFO  c.a.n.c.r.client - [printIfInfoEnabled,60] - [6ca01ee5-2f0f-4680-8bc2-c04cf2374bcd_config-0] Register server push request handler:com.alibaba.nacos.client.config.impl.ClientWorker$ConfigRpcTransportClient$$Lambda$334/832145584
09:20:08.726 [main] INFO  c.a.n.c.r.client - [printIfInfoEnabled,60] - [6ca01ee5-2f0f-4680-8bc2-c04cf2374bcd_config-0] Register server push request handler:com.alibaba.nacos.client.config.impl.ClientWorker$ConfigRpcTransportClient$$Lambda$335/224060798
09:20:08.726 [main] INFO  c.a.n.c.r.client - [printIfInfoEnabled,60] - [6ca01ee5-2f0f-4680-8bc2-c04cf2374bcd_config-0] Registry connection listener to current client:com.alibaba.nacos.client.config.impl.ClientWorker$ConfigRpcTransportClient$1
09:20:08.727 [main] INFO  c.a.n.c.r.client - [printIfInfoEnabled,60] - [6ca01ee5-2f0f-4680-8bc2-c04cf2374bcd_config-0] RpcClient init, ServerListFactory = com.alibaba.nacos.client.config.impl.ClientWorker$ConfigRpcTransportClient$2
09:20:08.733 [main] INFO  c.a.n.c.r.client - [printIfInfoEnabled,60] - [6ca01ee5-2f0f-4680-8bc2-c04cf2374bcd_config-0] Try to connect to server on start up, server: {serverIp = '127.0.0.1', server main port = 8848}
09:20:14.563 [main] INFO  c.a.n.c.r.client - [printIfInfoEnabled,60] - [6ca01ee5-2f0f-4680-8bc2-c04cf2374bcd_config-0] Try to connect to server on start up, server: {serverIp = '127.0.0.1', server main port = 8848}
09:20:16.720 [main] INFO  c.a.n.c.r.client - [printIfInfoEnabled,60] - [6ca01ee5-2f0f-4680-8bc2-c04cf2374bcd_config-0] Success to connect to server [127.0.0.1:8848] on start up, connectionId = 1690852816531_127.0.0.1_57808
09:20:16.721 [com.alibaba.nacos.client.remote.worker] INFO  c.a.n.c.r.client - [printIfInfoEnabled,60] - [6ca01ee5-2f0f-4680-8bc2-c04cf2374bcd_config-0] Notify connected event to listeners.
09:20:16.721 [main] INFO  c.a.n.c.r.client - [printIfInfoEnabled,60] - [6ca01ee5-2f0f-4680-8bc2-c04cf2374bcd_config-0] Register server push request handler:com.alibaba.nacos.common.remote.client.RpcClient$ConnectResetRequestHandler
09:20:16.722 [main] INFO  c.a.n.c.r.client - [printIfInfoEnabled,60] - [6ca01ee5-2f0f-4680-8bc2-c04cf2374bcd_config-0] Register server push request handler:com.alibaba.nacos.common.remote.client.RpcClient$$Lambda$344/518167684
09:20:16.791 [main] INFO  c.x.b.XmapBusinessApplication - [logStartupProfileInfo,637] - The following 1 profile is active: "dev"
09:20:18.612 [main] INFO  o.a.c.h.Http11NioProtocol - [log,173] - Initializing ProtocolHandler ["http-nio-9204"]
09:20:18.613 [main] INFO  o.a.c.c.StandardService - [log,173] - Starting service [Tomcat]
09:20:18.613 [main] INFO  o.a.c.c.StandardEngine - [log,173] - Starting Servlet engine: [Apache Tomcat/9.0.70]
09:20:18.777 [main] INFO  o.a.c.c.C.[.[.[/] - [log,173] - Initializing Spring embedded WebApplicationContext
09:20:22.675 [main] INFO  c.a.d.p.DruidDataSource - [init,996] - {dataSource-1,master} inited
09:20:22.676 [main] INFO  c.b.d.d.DynamicRoutingDataSource - [addDataSource,154] - dynamic-datasource - add a datasource named [master] success
09:20:22.677 [main] INFO  c.b.d.d.DynamicRoutingDataSource - [afterPropertiesSet,234] - dynamic-datasource initial loaded [1] datasource,primary datasource named [master]
09:20:23.559 [main] INFO  c.a.c.s.SentinelWebMvcConfigurer - [addInterceptors,52] - [Sentinel Starter] register SentinelWebInterceptor with urlPatterns: [/**].
09:20:37.717 [main] INFO  c.a.n.c.r.client - [lambda$createClient$0,80] - [RpcClientFactory] create a new rpc client of 3636170b-86db-455a-a3dc-90eaaa3d3a7d
09:20:37.717 [main] INFO  c.a.n.c.r.client - [printIfInfoEnabled,60] - [3636170b-86db-455a-a3dc-90eaaa3d3a7d] RpcClient init label, labels = {module=naming, source=sdk}
09:20:37.718 [main] INFO  c.a.n.c.r.client - [printIfInfoEnabled,60] - [3636170b-86db-455a-a3dc-90eaaa3d3a7d] RpcClient init, ServerListFactory = com.alibaba.nacos.client.naming.core.ServerListManager
09:20:37.718 [main] INFO  c.a.n.c.r.client - [printIfInfoEnabled,60] - [3636170b-86db-455a-a3dc-90eaaa3d3a7d] Registry connection listener to current client:com.alibaba.nacos.client.naming.remote.gprc.redo.NamingGrpcRedoService
09:20:37.718 [main] INFO  c.a.n.c.r.client - [printIfInfoEnabled,60] - [3636170b-86db-455a-a3dc-90eaaa3d3a7d] Register server push request handler:com.alibaba.nacos.client.naming.remote.gprc.NamingPushRequestHandler
09:20:37.719 [main] INFO  c.a.n.c.r.client - [printIfInfoEnabled,60] - [3636170b-86db-455a-a3dc-90eaaa3d3a7d] Try to connect to server on start up, server: {serverIp = '127.0.0.1', server main port = 8848}
09:20:37.833 [main] INFO  c.a.n.c.r.client - [printIfInfoEnabled,60] - [3636170b-86db-455a-a3dc-90eaaa3d3a7d] Success to connect to server [127.0.0.1:8848] on start up, connectionId = 1690852837724_127.0.0.1_58053
09:20:37.833 [com.alibaba.nacos.client.remote.worker] INFO  c.a.n.c.r.client - [printIfInfoEnabled,60] - [3636170b-86db-455a-a3dc-90eaaa3d3a7d] Notify connected event to listeners.
09:20:37.833 [main] INFO  c.a.n.c.r.client - [printIfInfoEnabled,60] - [3636170b-86db-455a-a3dc-90eaaa3d3a7d] Register server push request handler:com.alibaba.nacos.common.remote.client.RpcClient$ConnectResetRequestHandler
09:20:37.833 [main] INFO  c.a.n.c.r.client - [printIfInfoEnabled,60] - [3636170b-86db-455a-a3dc-90eaaa3d3a7d] Register server push request handler:com.alibaba.nacos.common.remote.client.RpcClient$$Lambda$344/518167684
09:20:37.864 [main] INFO  o.a.c.h.Http11NioProtocol - [log,173] - Starting ProtocolHandler ["http-nio-9204"]
09:20:37.888 [main] INFO  c.a.c.n.r.NacosServiceRegistry - [register,75] - nacos registry, DEFAULT_GROUP xmap-business 10.100.4.8:9204 register finished
09:20:38.410 [nacos-grpc-client-executor-7] INFO  c.a.n.c.r.client - [printIfInfoEnabled,60] - [3636170b-86db-455a-a3dc-90eaaa3d3a7d] Receive server push request, request = NotifySubscriberRequest, requestId = 12
09:20:38.425 [nacos-grpc-client-executor-7] INFO  c.a.n.c.r.client - [printIfInfoEnabled,60] - [3636170b-86db-455a-a3dc-90eaaa3d3a7d] Ack server push request, request = NotifySubscriberRequest, requestId = 12
09:20:44.793 [main] INFO  c.x.b.XmapBusinessApplication - [logStarted,61] - Started XmapBusinessApplication in 42.184 seconds (JVM running for 44.625)
09:20:44.802 [main] INFO  c.a.c.n.r.NacosContextRefresher - [registerNacosListener,129] - [Nacos Config] Listening config: dataId=xmap-business.yml, group=DEFAULT_GROUP
09:20:44.803 [main] INFO  c.a.c.n.r.NacosContextRefresher - [registerNacosListener,129] - [Nacos Config] Listening config: dataId=xmap-business, group=DEFAULT_GROUP
09:20:44.804 [main] INFO  c.a.c.n.r.NacosContextRefresher - [registerNacosListener,129] - [Nacos Config] Listening config: dataId=xmap-business-dev.yml, group=DEFAULT_GROUP
09:20:49.817 [RMI TCP Connection(6)-10.100.4.8] INFO  o.a.c.c.C.[.[.[/] - [log,173] - Initializing Spring DispatcherServlet 'dispatcherServlet'
10:37:01.236 [nacos-grpc-client-executor-882] INFO  c.a.n.c.r.client - [printIfInfoEnabled,60] - [6ca01ee5-2f0f-4680-8bc2-c04cf2374bcd_config-0] Receive server push request, request = ClientDetectionRequest, requestId = 72
10:37:01.237 [nacos-grpc-client-executor-882] INFO  c.a.n.c.r.client - [printIfInfoEnabled,60] - [6ca01ee5-2f0f-4680-8bc2-c04cf2374bcd_config-0] Ack server push request, request = ClientDetectionRequest, requestId = 72
10:37:01.247 [nacos-grpc-client-executor-843] INFO  c.a.n.c.r.client - [printIfInfoEnabled,60] - [3636170b-86db-455a-a3dc-90eaaa3d3a7d] Receive server push request, request = ClientDetectionRequest, requestId = 88
10:37:01.247 [nacos-grpc-client-executor-843] INFO  c.a.n.c.r.client - [printIfInfoEnabled,60] - [3636170b-86db-455a-a3dc-90eaaa3d3a7d] Ack server push request, request = ClientDetectionRequest, requestId = 88
13:58:17.102 [nacos-grpc-client-executor-1908] INFO  c.a.n.c.r.client - [printIfInfoEnabled,60] - [6ca01ee5-2f0f-4680-8bc2-c04cf2374bcd_config-0] Receive server push request, request = ClientDetectionRequest, requestId = 109
13:58:17.102 [nacos-grpc-client-executor-1908] INFO  c.a.n.c.r.client - [printIfInfoEnabled,60] - [6ca01ee5-2f0f-4680-8bc2-c04cf2374bcd_config-0] Ack server push request, request = ClientDetectionRequest, requestId = 109
14:09:25.376 [nacos-grpc-client-executor-1898] INFO  c.a.n.c.r.client - [printIfInfoEnabled,60] - [3636170b-86db-455a-a3dc-90eaaa3d3a7d] Receive server push request, request = ClientDetectionRequest, requestId = 125
14:09:25.385 [nacos-grpc-client-executor-1898] INFO  c.a.n.c.r.client - [printIfInfoEnabled,60] - [3636170b-86db-455a-a3dc-90eaaa3d3a7d] Ack server push request, request = ClientDetectionRequest, requestId = 125
14:13:50.831 [nacos-grpc-client-executor-2040] INFO  c.a.n.c.r.client - [printIfInfoEnabled,60] - [6ca01ee5-2f0f-4680-8bc2-c04cf2374bcd_config-0] Receive server push request, request = ClientDetectionRequest, requestId = 147
14:13:50.831 [nacos-grpc-client-executor-2040] INFO  c.a.n.c.r.client - [printIfInfoEnabled,60] - [6ca01ee5-2f0f-4680-8bc2-c04cf2374bcd_config-0] Ack server push request, request = ClientDetectionRequest, requestId = 147
14:13:50.836 [nacos-grpc-client-executor-1962] INFO  c.a.n.c.r.client - [printIfInfoEnabled,60] - [3636170b-86db-455a-a3dc-90eaaa3d3a7d] Receive server push request, request = ClientDetectionRequest, requestId = 163
14:13:50.837 [nacos-grpc-client-executor-1962] INFO  c.a.n.c.r.client - [printIfInfoEnabled,60] - [3636170b-86db-455a-a3dc-90eaaa3d3a7d] Ack server push request, request = ClientDetectionRequest, requestId = 163
16:36:09.548 [nacos-grpc-client-executor-3878] INFO  c.a.n.c.r.client - [printIfInfoEnabled,60] - [3636170b-86db-455a-a3dc-90eaaa3d3a7d] Receive server push request, request = ClientDetectionRequest, requestId = 209
16:36:09.551 [nacos-grpc-client-executor-3878] INFO  c.a.n.c.r.client - [printIfInfoEnabled,60] - [3636170b-86db-455a-a3dc-90eaaa3d3a7d] Ack server push request, request = ClientDetectionRequest, requestId = 209
18:10:10.738 [nacos-grpc-client-executor-5046] INFO  c.a.n.c.r.client - [printIfInfoEnabled,60] - [3636170b-86db-455a-a3dc-90eaaa3d3a7d] Receive server push request, request = ClientDetectionRequest, requestId = 234
18:10:10.738 [nacos-grpc-client-executor-5079] INFO  c.a.n.c.r.client - [printIfInfoEnabled,60] - [6ca01ee5-2f0f-4680-8bc2-c04cf2374bcd_config-0] Receive server push request, request = ClientDetectionRequest, requestId = 233
18:10:10.740 [nacos-grpc-client-executor-5079] INFO  c.a.n.c.r.client - [printIfInfoEnabled,60] - [6ca01ee5-2f0f-4680-8bc2-c04cf2374bcd_config-0] Ack server push request, request = ClientDetectionRequest, requestId = 233
18:10:10.740 [nacos-grpc-client-executor-5046] INFO  c.a.n.c.r.client - [printIfInfoEnabled,60] - [3636170b-86db-455a-a3dc-90eaaa3d3a7d] Ack server push request, request = ClientDetectionRequest, requestId = 234
18:19:04.377 [nacos-grpc-client-executor-5200] INFO  c.a.n.c.r.client - [printIfInfoEnabled,60] - [6ca01ee5-2f0f-4680-8bc2-c04cf2374bcd_config-0] Receive server push request, request = ClientDetectionRequest, requestId = 250
18:19:04.382 [nacos-grpc-client-executor-5200] INFO  c.a.n.c.r.client - [printIfInfoEnabled,60] - [6ca01ee5-2f0f-4680-8bc2-c04cf2374bcd_config-0] Ack server push request, request = ClientDetectionRequest, requestId = 250
18:19:04.543 [nacos-grpc-client-executor-5164] INFO  c.a.n.c.r.client - [printIfInfoEnabled,60] - [3636170b-86db-455a-a3dc-90eaaa3d3a7d] Receive server push request, request = ClientDetectionRequest, requestId = 271
18:19:04.544 [nacos-grpc-client-executor-5164] INFO  c.a.n.c.r.client - [printIfInfoEnabled,60] - [3636170b-86db-455a-a3dc-90eaaa3d3a7d] Ack server push request, request = ClientDetectionRequest, requestId = 271
