09:20:40.320 [background-preinit] INFO  o.h.v.i.util.Version - [<clinit>,21] - HV000001: Hibernate Validator 6.2.5.Final
09:20:47.921 [main] INFO  c.a.n.c.r.client - [lambda$createClient$0,80] - [RpcClientFactory] create a new rpc client of bb9d51a0-4f33-4ad3-bf0a-39539642cfc6_config-0
09:20:47.965 [main] INFO  o.r.Reflections - [scan,232] - Reflections took 28 ms to scan 1 urls, producing 3 keys and 6 values 
09:20:47.988 [main] INFO  o.r.Reflections - [scan,232] - Reflections took 11 ms to scan 1 urls, producing 4 keys and 9 values 
09:20:48.002 [main] INFO  o.r.Reflections - [scan,232] - Reflections took 11 ms to scan 1 urls, producing 3 keys and 10 values 
09:20:48.223 [main] INFO  o.r.Reflections - [scan,232] - Reflections took 217 ms to scan 199 urls, producing 0 keys and 0 values 
09:20:48.237 [main] INFO  o.r.Reflections - [scan,232] - Reflections took 13 ms to scan 1 urls, producing 1 keys and 5 values 
09:20:48.252 [main] INFO  o.r.Reflections - [scan,232] - Reflections took 13 ms to scan 1 urls, producing 1 keys and 7 values 
09:20:48.266 [main] INFO  o.r.Reflections - [scan,232] - Reflections took 12 ms to scan 1 urls, producing 2 keys and 8 values 
09:20:48.446 [main] INFO  o.r.Reflections - [scan,232] - Reflections took 177 ms to scan 199 urls, producing 0 keys and 0 values 
09:20:48.447 [main] INFO  c.a.n.c.r.client - [printIfInfoEnabled,60] - [bb9d51a0-4f33-4ad3-bf0a-39539642cfc6_config-0] RpcClient init label, labels = {module=config, Vipserver-Tag=null, source=sdk, Amory-Tag=null, Location-Tag=null, taskId=0, AppName=unknown}
09:20:48.448 [main] INFO  c.a.n.c.r.client - [printIfInfoEnabled,60] - [bb9d51a0-4f33-4ad3-bf0a-39539642cfc6_config-0] Register server push request handler:com.alibaba.nacos.client.config.impl.ClientWorker$ConfigRpcTransportClient$$Lambda$334/832145584
09:20:48.448 [main] INFO  c.a.n.c.r.client - [printIfInfoEnabled,60] - [bb9d51a0-4f33-4ad3-bf0a-39539642cfc6_config-0] Register server push request handler:com.alibaba.nacos.client.config.impl.ClientWorker$ConfigRpcTransportClient$$Lambda$335/224060798
09:20:48.449 [main] INFO  c.a.n.c.r.client - [printIfInfoEnabled,60] - [bb9d51a0-4f33-4ad3-bf0a-39539642cfc6_config-0] Registry connection listener to current client:com.alibaba.nacos.client.config.impl.ClientWorker$ConfigRpcTransportClient$1
09:20:48.450 [main] INFO  c.a.n.c.r.client - [printIfInfoEnabled,60] - [bb9d51a0-4f33-4ad3-bf0a-39539642cfc6_config-0] RpcClient init, ServerListFactory = com.alibaba.nacos.client.config.impl.ClientWorker$ConfigRpcTransportClient$2
09:20:48.456 [main] INFO  c.a.n.c.r.client - [printIfInfoEnabled,60] - [bb9d51a0-4f33-4ad3-bf0a-39539642cfc6_config-0] Try to connect to server on start up, server: {serverIp = '127.0.0.1', server main port = 8848}
09:21:00.857 [main] INFO  c.a.n.c.r.client - [printIfInfoEnabled,60] - [bb9d51a0-4f33-4ad3-bf0a-39539642cfc6_config-0] Try to connect to server on start up, server: {serverIp = '127.0.0.1', server main port = 8848}
09:21:03.872 [main] INFO  c.a.n.c.r.client - [printIfInfoEnabled,60] - [bb9d51a0-4f33-4ad3-bf0a-39539642cfc6_config-0] Try to connect to server on start up, server: {serverIp = '127.0.0.1', server main port = 8848}
09:21:06.879 [com.alibaba.nacos.client.remote.worker] INFO  c.a.n.c.r.client - [printIfInfoEnabled,60] - [bb9d51a0-4f33-4ad3-bf0a-39539642cfc6_config-0] Try to reconnect to a new server, server is  not appointed, will choose a random server.
09:21:06.880 [main] INFO  c.a.n.c.r.client - [printIfInfoEnabled,60] - [bb9d51a0-4f33-4ad3-bf0a-39539642cfc6_config-0] Register server push request handler:com.alibaba.nacos.common.remote.client.RpcClient$ConnectResetRequestHandler
09:21:06.881 [main] INFO  c.a.n.c.r.client - [printIfInfoEnabled,60] - [bb9d51a0-4f33-4ad3-bf0a-39539642cfc6_config-0] Register server push request handler:com.alibaba.nacos.common.remote.client.RpcClient$$Lambda$344/645643802
09:21:08.233 [main] INFO  c.x.d.XmapDeviceApplication - [logStartupProfileInfo,637] - The following 1 profile is active: "dev"
09:21:10.326 [main] INFO  o.a.c.h.Http11NioProtocol - [log,173] - Initializing ProtocolHandler ["http-nio-9210"]
09:21:10.327 [main] INFO  o.a.c.c.StandardService - [log,173] - Starting service [Tomcat]
09:21:10.327 [main] INFO  o.a.c.c.StandardEngine - [log,173] - Starting Servlet engine: [Apache Tomcat/9.0.70]
09:21:10.513 [main] INFO  o.a.c.c.C.[.[.[/] - [log,173] - Initializing Spring embedded WebApplicationContext
09:21:11.486 [main] INFO  c.a.c.s.SentinelWebMvcConfigurer - [addInterceptors,52] - [Sentinel Starter] register SentinelWebInterceptor with urlPatterns: [/**].
09:21:12.132 [com.alibaba.nacos.client.remote.worker] INFO  c.a.n.c.r.client - [printIfInfoEnabled,60] - [bb9d51a0-4f33-4ad3-bf0a-39539642cfc6_config-0] Success to connect a server [127.0.0.1:8848], connectionId = 1690852871944_127.0.0.1_58516
09:21:12.133 [com.alibaba.nacos.client.remote.worker] INFO  c.a.n.c.r.client - [printIfInfoEnabled,60] - [bb9d51a0-4f33-4ad3-bf0a-39539642cfc6_config-0] Notify connected event to listeners.
09:21:30.054 [main] INFO  c.a.n.c.r.client - [lambda$createClient$0,80] - [RpcClientFactory] create a new rpc client of 0c50ff24-61b1-4fbc-8c57-8d3770a7c915
09:21:30.056 [main] INFO  c.a.n.c.r.client - [printIfInfoEnabled,60] - [0c50ff24-61b1-4fbc-8c57-8d3770a7c915] RpcClient init label, labels = {module=naming, source=sdk}
09:21:30.058 [main] INFO  c.a.n.c.r.client - [printIfInfoEnabled,60] - [0c50ff24-61b1-4fbc-8c57-8d3770a7c915] RpcClient init, ServerListFactory = com.alibaba.nacos.client.naming.core.ServerListManager
09:21:30.058 [main] INFO  c.a.n.c.r.client - [printIfInfoEnabled,60] - [0c50ff24-61b1-4fbc-8c57-8d3770a7c915] Registry connection listener to current client:com.alibaba.nacos.client.naming.remote.gprc.redo.NamingGrpcRedoService
09:21:30.058 [main] INFO  c.a.n.c.r.client - [printIfInfoEnabled,60] - [0c50ff24-61b1-4fbc-8c57-8d3770a7c915] Register server push request handler:com.alibaba.nacos.client.naming.remote.gprc.NamingPushRequestHandler
09:21:30.058 [main] INFO  c.a.n.c.r.client - [printIfInfoEnabled,60] - [0c50ff24-61b1-4fbc-8c57-8d3770a7c915] Try to connect to server on start up, server: {serverIp = '127.0.0.1', server main port = 8848}
09:21:30.182 [main] INFO  c.a.n.c.r.client - [printIfInfoEnabled,60] - [0c50ff24-61b1-4fbc-8c57-8d3770a7c915] Success to connect to server [127.0.0.1:8848] on start up, connectionId = 1690852890063_127.0.0.1_58837
09:21:30.182 [com.alibaba.nacos.client.remote.worker] INFO  c.a.n.c.r.client - [printIfInfoEnabled,60] - [0c50ff24-61b1-4fbc-8c57-8d3770a7c915] Notify connected event to listeners.
09:21:30.183 [main] INFO  c.a.n.c.r.client - [printIfInfoEnabled,60] - [0c50ff24-61b1-4fbc-8c57-8d3770a7c915] Register server push request handler:com.alibaba.nacos.common.remote.client.RpcClient$ConnectResetRequestHandler
09:21:30.183 [main] INFO  c.a.n.c.r.client - [printIfInfoEnabled,60] - [0c50ff24-61b1-4fbc-8c57-8d3770a7c915] Register server push request handler:com.alibaba.nacos.common.remote.client.RpcClient$$Lambda$344/645643802
09:21:30.226 [main] INFO  o.a.c.h.Http11NioProtocol - [log,173] - Starting ProtocolHandler ["http-nio-9210"]
09:21:30.280 [main] INFO  c.a.c.n.r.NacosServiceRegistry - [register,75] - nacos registry, DEFAULT_GROUP xmap-device 10.100.4.8:9210 register finished
09:21:30.714 [nacos-grpc-client-executor-5] INFO  c.a.n.c.r.client - [printIfInfoEnabled,60] - [0c50ff24-61b1-4fbc-8c57-8d3770a7c915] Receive server push request, request = NotifySubscriberRequest, requestId = 20
09:21:30.719 [nacos-grpc-client-executor-5] INFO  c.a.n.c.r.client - [printIfInfoEnabled,60] - [0c50ff24-61b1-4fbc-8c57-8d3770a7c915] Ack server push request, request = NotifySubscriberRequest, requestId = 20
09:21:42.606 [main] INFO  c.x.d.XmapDeviceApplication - [logStarted,61] - Started XmapDeviceApplication in 69.876 seconds (JVM running for 74.46)
09:21:42.619 [main] INFO  c.a.c.n.r.NacosContextRefresher - [registerNacosListener,129] - [Nacos Config] Listening config: dataId=xmap-device-dev.yml, group=DEFAULT_GROUP
09:21:42.627 [main] INFO  c.a.c.n.r.NacosContextRefresher - [registerNacosListener,129] - [Nacos Config] Listening config: dataId=xmap-device, group=DEFAULT_GROUP
09:21:42.628 [main] INFO  c.a.c.n.r.NacosContextRefresher - [registerNacosListener,129] - [Nacos Config] Listening config: dataId=xmap-device.yml, group=DEFAULT_GROUP
09:21:43.004 [RMI TCP Connection(1)-10.100.4.8] INFO  o.a.c.c.C.[.[.[/] - [log,173] - Initializing Spring DispatcherServlet 'dispatcherServlet'
10:37:01.237 [nacos-grpc-client-executor-829] INFO  c.a.n.c.r.client - [printIfInfoEnabled,60] - [bb9d51a0-4f33-4ad3-bf0a-39539642cfc6_config-0] Receive server push request, request = ClientDetectionRequest, requestId = 75
10:37:01.237 [nacos-grpc-client-executor-829] INFO  c.a.n.c.r.client - [printIfInfoEnabled,60] - [bb9d51a0-4f33-4ad3-bf0a-39539642cfc6_config-0] Ack server push request, request = ClientDetectionRequest, requestId = 75
13:58:17.088 [nacos-grpc-client-executor-1787] INFO  c.a.n.c.r.client - [printIfInfoEnabled,60] - [0c50ff24-61b1-4fbc-8c57-8d3770a7c915] Receive server push request, request = ClientDetectionRequest, requestId = 99
13:58:17.089 [nacos-grpc-client-executor-1787] INFO  c.a.n.c.r.client - [printIfInfoEnabled,60] - [0c50ff24-61b1-4fbc-8c57-8d3770a7c915] Ack server push request, request = ClientDetectionRequest, requestId = 99
14:09:25.398 [nacos-grpc-client-executor-1885] INFO  c.a.n.c.r.client - [printIfInfoEnabled,60] - [bb9d51a0-4f33-4ad3-bf0a-39539642cfc6_config-0] Receive server push request, request = ClientDetectionRequest, requestId = 128
14:09:25.399 [nacos-grpc-client-executor-1885] INFO  c.a.n.c.r.client - [printIfInfoEnabled,60] - [bb9d51a0-4f33-4ad3-bf0a-39539642cfc6_config-0] Ack server push request, request = ClientDetectionRequest, requestId = 128
14:13:50.834 [nacos-grpc-client-executor-1909] INFO  c.a.n.c.r.client - [printIfInfoEnabled,60] - [0c50ff24-61b1-4fbc-8c57-8d3770a7c915] Receive server push request, request = ClientDetectionRequest, requestId = 155
14:13:50.834 [nacos-grpc-client-executor-1909] INFO  c.a.n.c.r.client - [printIfInfoEnabled,60] - [0c50ff24-61b1-4fbc-8c57-8d3770a7c915] Ack server push request, request = ClientDetectionRequest, requestId = 155
16:36:09.534 [nacos-grpc-client-executor-3843] INFO  c.a.n.c.r.client - [printIfInfoEnabled,60] - [bb9d51a0-4f33-4ad3-bf0a-39539642cfc6_config-0] Receive server push request, request = ClientDetectionRequest, requestId = 194
16:36:09.535 [nacos-grpc-client-executor-3843] INFO  c.a.n.c.r.client - [printIfInfoEnabled,60] - [bb9d51a0-4f33-4ad3-bf0a-39539642cfc6_config-0] Ack server push request, request = ClientDetectionRequest, requestId = 194
16:36:09.536 [nacos-grpc-client-executor-3758] INFO  c.a.n.c.r.client - [printIfInfoEnabled,60] - [0c50ff24-61b1-4fbc-8c57-8d3770a7c915] Receive server push request, request = ClientDetectionRequest, requestId = 202
16:36:09.536 [nacos-grpc-client-executor-3758] INFO  c.a.n.c.r.client - [printIfInfoEnabled,60] - [0c50ff24-61b1-4fbc-8c57-8d3770a7c915] Ack server push request, request = ClientDetectionRequest, requestId = 202
18:10:10.737 [nacos-grpc-client-executor-4883] INFO  c.a.n.c.r.client - [printIfInfoEnabled,60] - [0c50ff24-61b1-4fbc-8c57-8d3770a7c915] Receive server push request, request = ClientDetectionRequest, requestId = 226
18:10:10.739 [nacos-grpc-client-executor-4883] INFO  c.a.n.c.r.client - [printIfInfoEnabled,60] - [0c50ff24-61b1-4fbc-8c57-8d3770a7c915] Ack server push request, request = ClientDetectionRequest, requestId = 226
18:19:04.366 [nacos-grpc-client-executor-5059] INFO  c.a.n.c.r.client - [printIfInfoEnabled,60] - [bb9d51a0-4f33-4ad3-bf0a-39539642cfc6_config-0] Receive server push request, request = ClientDetectionRequest, requestId = 252
18:19:04.373 [nacos-grpc-client-executor-5059] INFO  c.a.n.c.r.client - [printIfInfoEnabled,60] - [bb9d51a0-4f33-4ad3-bf0a-39539642cfc6_config-0] Ack server push request, request = ClientDetectionRequest, requestId = 252
18:19:04.490 [nacos-grpc-client-executor-4998] INFO  c.a.n.c.r.client - [printIfInfoEnabled,60] - [0c50ff24-61b1-4fbc-8c57-8d3770a7c915] Receive server push request, request = ClientDetectionRequest, requestId = 262
18:19:04.492 [nacos-grpc-client-executor-4998] INFO  c.a.n.c.r.client - [printIfInfoEnabled,60] - [0c50ff24-61b1-4fbc-8c57-8d3770a7c915] Ack server push request, request = ClientDetectionRequest, requestId = 262
20:03:10.748 [com.alibaba.nacos.client.remote.worker] INFO  c.a.n.c.r.client - [printIfInfoEnabled,60] - [0c50ff24-61b1-4fbc-8c57-8d3770a7c915] Try to reconnect to a new server, server is  not appointed, will choose a random server.
20:03:10.750 [com.alibaba.nacos.client.remote.worker] INFO  c.a.n.c.r.client - [printIfInfoEnabled,60] - [bb9d51a0-4f33-4ad3-bf0a-39539642cfc6_config-0] Try to reconnect to a new server, server is  not appointed, will choose a random server.
