11:02:25.622 [background-preinit] INFO  o.h.v.i.util.Version - [<clinit>,21] - HV000001: Hibernate Validator 6.2.5.Final
11:02:26.954 [main] INFO  c.a.n.c.r.client - [lambda$createClient$0,80] - [RpcClientFactory] create a new rpc client of 1687202d-2061-41fd-8ac4-457641110969_config-0
11:02:27.112 [main] INFO  o.r.Reflections - [scan,232] - Reflections took 40 ms to scan 1 urls, producing 3 keys and 6 values 
11:02:27.160 [main] INFO  o.r.Reflections - [scan,232] - Reflections took 13 ms to scan 1 urls, producing 4 keys and 9 values 
11:02:27.176 [main] INFO  o.r.Reflections - [scan,232] - Reflections took 13 ms to scan 1 urls, producing 3 keys and 10 values 
11:02:27.339 [main] INFO  o.r.Reflections - [scan,232] - Reflections took 159 ms to scan 202 urls, producing 0 keys and 0 values 
11:02:27.349 [main] INFO  o.r.Reflections - [scan,232] - Reflections took 9 ms to scan 1 urls, producing 1 keys and 5 values 
11:02:27.362 [main] INFO  o.r.Reflections - [scan,232] - Reflections took 10 ms to scan 1 urls, producing 1 keys and 7 values 
11:02:27.373 [main] INFO  o.r.Reflections - [scan,232] - Reflections took 9 ms to scan 1 urls, producing 2 keys and 8 values 
11:02:27.506 [main] INFO  o.r.Reflections - [scan,232] - Reflections took 131 ms to scan 202 urls, producing 0 keys and 0 values 
11:02:27.507 [main] INFO  c.a.n.c.r.client - [printIfInfoEnabled,60] - [1687202d-2061-41fd-8ac4-457641110969_config-0] RpcClient init label, labels = {module=config, Vipserver-Tag=null, source=sdk, Amory-Tag=null, Location-Tag=null, taskId=0, AppName=unknown}
11:02:27.507 [main] INFO  c.a.n.c.r.client - [printIfInfoEnabled,60] - [1687202d-2061-41fd-8ac4-457641110969_config-0] Register server push request handler:com.alibaba.nacos.client.config.impl.ClientWorker$ConfigRpcTransportClient$$Lambda$335/854653864
11:02:27.508 [main] INFO  c.a.n.c.r.client - [printIfInfoEnabled,60] - [1687202d-2061-41fd-8ac4-457641110969_config-0] Register server push request handler:com.alibaba.nacos.client.config.impl.ClientWorker$ConfigRpcTransportClient$$Lambda$336/1415439780
11:02:27.508 [main] INFO  c.a.n.c.r.client - [printIfInfoEnabled,60] - [1687202d-2061-41fd-8ac4-457641110969_config-0] Registry connection listener to current client:com.alibaba.nacos.client.config.impl.ClientWorker$ConfigRpcTransportClient$1
11:02:27.509 [main] INFO  c.a.n.c.r.client - [printIfInfoEnabled,60] - [1687202d-2061-41fd-8ac4-457641110969_config-0] RpcClient init, ServerListFactory = com.alibaba.nacos.client.config.impl.ClientWorker$ConfigRpcTransportClient$2
11:02:27.515 [main] INFO  c.a.n.c.r.client - [printIfInfoEnabled,60] - [1687202d-2061-41fd-8ac4-457641110969_config-0] Try to connect to server on start up, server: {serverIp = '127.0.0.1', server main port = 8848}
11:02:30.391 [main] INFO  c.a.n.c.r.client - [printIfInfoEnabled,60] - [1687202d-2061-41fd-8ac4-457641110969_config-0] Success to connect to server [127.0.0.1:8848] on start up, connectionId = 1701226950146_127.0.0.1_4537
11:02:30.391 [com.alibaba.nacos.client.remote.worker] INFO  c.a.n.c.r.client - [printIfInfoEnabled,60] - [1687202d-2061-41fd-8ac4-457641110969_config-0] Notify connected event to listeners.
11:02:30.392 [main] INFO  c.a.n.c.r.client - [printIfInfoEnabled,60] - [1687202d-2061-41fd-8ac4-457641110969_config-0] Register server push request handler:com.alibaba.nacos.common.remote.client.RpcClient$ConnectResetRequestHandler
11:02:30.392 [main] INFO  c.a.n.c.r.client - [printIfInfoEnabled,60] - [1687202d-2061-41fd-8ac4-457641110969_config-0] Register server push request handler:com.alibaba.nacos.common.remote.client.RpcClient$$Lambda$344/1590481849
11:02:30.452 [main] INFO  c.x.f.XmapFileApplication - [logStartupProfileInfo,637] - The following 1 profile is active: "dev"
11:02:31.852 [main] INFO  o.a.c.c.AprLifecycleListener - [log,173] - Loaded Apache Tomcat Native library [1.2.32] using APR version [1.7.0].
11:02:31.852 [main] INFO  o.a.c.c.AprLifecycleListener - [log,173] - APR capabilities: IPv6 [true], sendfile [true], accept filters [false], random [true], UDS [true].
11:02:31.852 [main] INFO  o.a.c.c.AprLifecycleListener - [log,173] - APR/OpenSSL configuration: useAprConnector [false], useOpenSSL [true]
11:02:31.855 [main] INFO  o.a.c.c.AprLifecycleListener - [log,173] - OpenSSL successfully initialized [OpenSSL 1.1.1n  15 Mar 2022]
11:02:31.864 [main] INFO  o.a.c.h.Http11NioProtocol - [log,173] - Initializing ProtocolHandler ["http-nio-9300"]
11:02:31.864 [main] INFO  o.a.c.c.StandardService - [log,173] - Starting service [Tomcat]
11:02:31.864 [main] INFO  o.a.c.c.StandardEngine - [log,173] - Starting Servlet engine: [Apache Tomcat/9.0.70]
11:02:32.009 [main] INFO  o.a.c.c.C.[.[.[/] - [log,173] - Initializing Spring embedded WebApplicationContext
11:02:33.552 [main] INFO  c.a.c.s.SentinelWebMvcConfigurer - [addInterceptors,52] - [Sentinel Starter] register SentinelWebInterceptor with urlPatterns: [/**].
11:02:36.206 [main] INFO  c.a.n.c.r.client - [lambda$createClient$0,80] - [RpcClientFactory] create a new rpc client of 87ea3dfd-82a3-4bc8-a735-a3b52abb3fb7
11:02:36.206 [main] INFO  c.a.n.c.r.client - [printIfInfoEnabled,60] - [87ea3dfd-82a3-4bc8-a735-a3b52abb3fb7] RpcClient init label, labels = {module=naming, source=sdk}
11:02:36.207 [main] INFO  c.a.n.c.r.client - [printIfInfoEnabled,60] - [87ea3dfd-82a3-4bc8-a735-a3b52abb3fb7] RpcClient init, ServerListFactory = com.alibaba.nacos.client.naming.core.ServerListManager
11:02:36.208 [main] INFO  c.a.n.c.r.client - [printIfInfoEnabled,60] - [87ea3dfd-82a3-4bc8-a735-a3b52abb3fb7] Registry connection listener to current client:com.alibaba.nacos.client.naming.remote.gprc.redo.NamingGrpcRedoService
11:02:36.211 [main] INFO  c.a.n.c.r.client - [printIfInfoEnabled,60] - [87ea3dfd-82a3-4bc8-a735-a3b52abb3fb7] Register server push request handler:com.alibaba.nacos.client.naming.remote.gprc.NamingPushRequestHandler
11:02:36.211 [main] INFO  c.a.n.c.r.client - [printIfInfoEnabled,60] - [87ea3dfd-82a3-4bc8-a735-a3b52abb3fb7] Try to connect to server on start up, server: {serverIp = '127.0.0.1', server main port = 8848}
11:02:36.330 [main] INFO  c.a.n.c.r.client - [printIfInfoEnabled,60] - [87ea3dfd-82a3-4bc8-a735-a3b52abb3fb7] Success to connect to server [127.0.0.1:8848] on start up, connectionId = 1701226956216_127.0.0.1_4545
11:02:36.330 [main] INFO  c.a.n.c.r.client - [printIfInfoEnabled,60] - [87ea3dfd-82a3-4bc8-a735-a3b52abb3fb7] Register server push request handler:com.alibaba.nacos.common.remote.client.RpcClient$ConnectResetRequestHandler
11:02:36.330 [main] INFO  c.a.n.c.r.client - [printIfInfoEnabled,60] - [87ea3dfd-82a3-4bc8-a735-a3b52abb3fb7] Register server push request handler:com.alibaba.nacos.common.remote.client.RpcClient$$Lambda$344/1590481849
11:02:36.330 [com.alibaba.nacos.client.remote.worker] INFO  c.a.n.c.r.client - [printIfInfoEnabled,60] - [87ea3dfd-82a3-4bc8-a735-a3b52abb3fb7] Notify connected event to listeners.
11:02:36.363 [main] INFO  o.a.c.h.Http11NioProtocol - [log,173] - Starting ProtocolHandler ["http-nio-9300"]
11:02:36.388 [main] INFO  c.a.c.n.r.NacosServiceRegistry - [register,75] - nacos registry, DEFAULT_GROUP xmap-file 10.100.60.135:9300 register finished
11:02:36.893 [nacos-grpc-client-executor-6] INFO  c.a.n.c.r.client - [printIfInfoEnabled,60] - [87ea3dfd-82a3-4bc8-a735-a3b52abb3fb7] Receive server push request, request = NotifySubscriberRequest, requestId = 15
11:02:36.900 [nacos-grpc-client-executor-6] INFO  c.a.n.c.r.client - [printIfInfoEnabled,60] - [87ea3dfd-82a3-4bc8-a735-a3b52abb3fb7] Ack server push request, request = NotifySubscriberRequest, requestId = 15
11:02:37.473 [main] INFO  c.x.f.XmapFileApplication - [logStarted,61] - Started XmapFileApplication in 13.186 seconds (JVM running for 14.853)
11:02:37.480 [main] INFO  c.a.c.n.r.NacosContextRefresher - [registerNacosListener,129] - [Nacos Config] Listening config: dataId=xmap-file.yml, group=DEFAULT_GROUP
11:02:37.481 [main] INFO  c.a.c.n.r.NacosContextRefresher - [registerNacosListener,129] - [Nacos Config] Listening config: dataId=xmap-file, group=DEFAULT_GROUP
11:02:37.481 [main] INFO  c.a.c.n.r.NacosContextRefresher - [registerNacosListener,129] - [Nacos Config] Listening config: dataId=xmap-file-dev.yml, group=DEFAULT_GROUP
11:02:38.753 [RMI TCP Connection(2)-192.168.137.1] INFO  o.a.c.c.C.[.[.[/] - [log,173] - Initializing Spring DispatcherServlet 'dispatcherServlet'
