09:30:04.299 [background-preinit] INFO  o.h.v.i.util.Version - [<clinit>,21] - HV000001: Hibernate Validator 6.2.5.Final
09:30:05.877 [main] INFO  c.a.n.c.r.client - [lambda$createClient$0,80] - [RpcClientFactory] create a new rpc client of 3172b874-32ff-45c2-aa48-a25943009245_config-0
09:30:06.117 [main] INFO  o.r.Reflections - [scan,232] - Reflections took 97 ms to scan 1 urls, producing 3 keys and 6 values 
09:30:06.179 [main] INFO  o.r.Reflections - [scan,232] - Reflections took 12 ms to scan 1 urls, producing 4 keys and 9 values 
09:30:06.195 [main] INFO  o.r.Reflections - [scan,232] - Reflections took 14 ms to scan 1 urls, producing 3 keys and 10 values 
09:30:06.583 [main] INFO  o.r.Reflections - [scan,232] - Reflections took 386 ms to scan 202 urls, producing 0 keys and 0 values 
09:30:06.598 [main] INFO  o.r.Reflections - [scan,232] - Reflections took 12 ms to scan 1 urls, producing 1 keys and 5 values 
09:30:06.612 [main] INFO  o.r.Reflections - [scan,232] - Reflections took 11 ms to scan 1 urls, producing 1 keys and 7 values 
09:30:06.626 [main] INFO  o.r.Reflections - [scan,232] - Reflections took 10 ms to scan 1 urls, producing 2 keys and 8 values 
09:30:06.802 [main] INFO  o.r.Reflections - [scan,232] - Reflections took 173 ms to scan 202 urls, producing 0 keys and 0 values 
09:30:06.804 [main] INFO  c.a.n.c.r.client - [printIfInfoEnabled,60] - [3172b874-32ff-45c2-aa48-a25943009245_config-0] RpcClient init label, labels = {module=config, Vipserver-Tag=null, source=sdk, Amory-Tag=null, Location-Tag=null, taskId=0, AppName=unknown}
09:30:06.805 [main] INFO  c.a.n.c.r.client - [printIfInfoEnabled,60] - [3172b874-32ff-45c2-aa48-a25943009245_config-0] Register server push request handler:com.alibaba.nacos.client.config.impl.ClientWorker$ConfigRpcTransportClient$$Lambda$335/854653864
09:30:06.806 [main] INFO  c.a.n.c.r.client - [printIfInfoEnabled,60] - [3172b874-32ff-45c2-aa48-a25943009245_config-0] Register server push request handler:com.alibaba.nacos.client.config.impl.ClientWorker$ConfigRpcTransportClient$$Lambda$336/1415439780
09:30:06.808 [main] INFO  c.a.n.c.r.client - [printIfInfoEnabled,60] - [3172b874-32ff-45c2-aa48-a25943009245_config-0] Registry connection listener to current client:com.alibaba.nacos.client.config.impl.ClientWorker$ConfigRpcTransportClient$1
09:30:06.809 [main] INFO  c.a.n.c.r.client - [printIfInfoEnabled,60] - [3172b874-32ff-45c2-aa48-a25943009245_config-0] RpcClient init, ServerListFactory = com.alibaba.nacos.client.config.impl.ClientWorker$ConfigRpcTransportClient$2
09:30:06.824 [main] INFO  c.a.n.c.r.client - [printIfInfoEnabled,60] - [3172b874-32ff-45c2-aa48-a25943009245_config-0] Try to connect to server on start up, server: {serverIp = '127.0.0.1', server main port = 8848}
09:30:10.831 [main] INFO  c.a.n.c.r.client - [printIfInfoEnabled,60] - [3172b874-32ff-45c2-aa48-a25943009245_config-0] Success to connect to server [127.0.0.1:8848] on start up, connectionId = 1702863010530_127.0.0.1_2715
09:30:10.832 [com.alibaba.nacos.client.remote.worker] INFO  c.a.n.c.r.client - [printIfInfoEnabled,60] - [3172b874-32ff-45c2-aa48-a25943009245_config-0] Notify connected event to listeners.
09:30:10.832 [main] INFO  c.a.n.c.r.client - [printIfInfoEnabled,60] - [3172b874-32ff-45c2-aa48-a25943009245_config-0] Register server push request handler:com.alibaba.nacos.common.remote.client.RpcClient$ConnectResetRequestHandler
09:30:10.833 [main] INFO  c.a.n.c.r.client - [printIfInfoEnabled,60] - [3172b874-32ff-45c2-aa48-a25943009245_config-0] Register server push request handler:com.alibaba.nacos.common.remote.client.RpcClient$$Lambda$344/1590481849
09:30:11.804 [main] INFO  c.x.f.XmapFileApplication - [logStartupProfileInfo,637] - The following 1 profile is active: "dev"
09:30:16.313 [main] INFO  o.a.c.c.AprLifecycleListener - [log,173] - Loaded Apache Tomcat Native library [1.2.32] using APR version [1.7.0].
09:30:16.313 [main] INFO  o.a.c.c.AprLifecycleListener - [log,173] - APR capabilities: IPv6 [true], sendfile [true], accept filters [false], random [true], UDS [true].
09:30:16.313 [main] INFO  o.a.c.c.AprLifecycleListener - [log,173] - APR/OpenSSL configuration: useAprConnector [false], useOpenSSL [true]
09:30:16.332 [main] INFO  o.a.c.c.AprLifecycleListener - [log,173] - OpenSSL successfully initialized [OpenSSL 1.1.1n  15 Mar 2022]
09:30:16.343 [main] INFO  o.a.c.h.Http11NioProtocol - [log,173] - Initializing ProtocolHandler ["http-nio-9300"]
09:30:16.343 [main] INFO  o.a.c.c.StandardService - [log,173] - Starting service [Tomcat]
09:30:16.343 [main] INFO  o.a.c.c.StandardEngine - [log,173] - Starting Servlet engine: [Apache Tomcat/9.0.70]
09:30:16.575 [main] INFO  o.a.c.c.C.[.[.[/] - [log,173] - Initializing Spring embedded WebApplicationContext
09:30:18.485 [main] INFO  c.a.c.s.SentinelWebMvcConfigurer - [addInterceptors,52] - [Sentinel Starter] register SentinelWebInterceptor with urlPatterns: [/**].
09:30:21.530 [main] INFO  c.a.n.c.r.client - [lambda$createClient$0,80] - [RpcClientFactory] create a new rpc client of 27efbb94-02c5-4cfd-899b-3700dfa7895f
09:30:21.530 [main] INFO  c.a.n.c.r.client - [printIfInfoEnabled,60] - [27efbb94-02c5-4cfd-899b-3700dfa7895f] RpcClient init label, labels = {module=naming, source=sdk}
09:30:21.537 [main] INFO  c.a.n.c.r.client - [printIfInfoEnabled,60] - [27efbb94-02c5-4cfd-899b-3700dfa7895f] RpcClient init, ServerListFactory = com.alibaba.nacos.client.naming.core.ServerListManager
09:30:21.537 [main] INFO  c.a.n.c.r.client - [printIfInfoEnabled,60] - [27efbb94-02c5-4cfd-899b-3700dfa7895f] Registry connection listener to current client:com.alibaba.nacos.client.naming.remote.gprc.redo.NamingGrpcRedoService
09:30:21.540 [main] INFO  c.a.n.c.r.client - [printIfInfoEnabled,60] - [27efbb94-02c5-4cfd-899b-3700dfa7895f] Register server push request handler:com.alibaba.nacos.client.naming.remote.gprc.NamingPushRequestHandler
09:30:21.541 [main] INFO  c.a.n.c.r.client - [printIfInfoEnabled,60] - [27efbb94-02c5-4cfd-899b-3700dfa7895f] Try to connect to server on start up, server: {serverIp = '127.0.0.1', server main port = 8848}
09:30:21.658 [main] INFO  c.a.n.c.r.client - [printIfInfoEnabled,60] - [27efbb94-02c5-4cfd-899b-3700dfa7895f] Success to connect to server [127.0.0.1:8848] on start up, connectionId = 1702863021546_127.0.0.1_2727
09:30:21.658 [main] INFO  c.a.n.c.r.client - [printIfInfoEnabled,60] - [27efbb94-02c5-4cfd-899b-3700dfa7895f] Register server push request handler:com.alibaba.nacos.common.remote.client.RpcClient$ConnectResetRequestHandler
09:30:21.658 [com.alibaba.nacos.client.remote.worker] INFO  c.a.n.c.r.client - [printIfInfoEnabled,60] - [27efbb94-02c5-4cfd-899b-3700dfa7895f] Notify connected event to listeners.
09:30:21.658 [main] INFO  c.a.n.c.r.client - [printIfInfoEnabled,60] - [27efbb94-02c5-4cfd-899b-3700dfa7895f] Register server push request handler:com.alibaba.nacos.common.remote.client.RpcClient$$Lambda$344/1590481849
09:30:22.145 [main] INFO  o.a.c.h.Http11NioProtocol - [log,173] - Starting ProtocolHandler ["http-nio-9300"]
09:30:22.169 [main] INFO  c.a.c.n.r.NacosServiceRegistry - [register,75] - nacos registry, DEFAULT_GROUP xmap-file 10.100.60.135:9300 register finished
09:30:22.946 [nacos-grpc-client-executor-6] INFO  c.a.n.c.r.client - [printIfInfoEnabled,60] - [27efbb94-02c5-4cfd-899b-3700dfa7895f] Receive server push request, request = NotifySubscriberRequest, requestId = 10
09:30:22.950 [nacos-grpc-client-executor-6] INFO  c.a.n.c.r.client - [printIfInfoEnabled,60] - [27efbb94-02c5-4cfd-899b-3700dfa7895f] Ack server push request, request = NotifySubscriberRequest, requestId = 10
09:30:23.311 [main] INFO  c.x.f.XmapFileApplication - [logStarted,61] - Started XmapFileApplication in 20.727 seconds (JVM running for 23.474)
09:30:23.318 [main] INFO  c.a.c.n.r.NacosContextRefresher - [registerNacosListener,129] - [Nacos Config] Listening config: dataId=xmap-file.yml, group=DEFAULT_GROUP
09:30:23.318 [main] INFO  c.a.c.n.r.NacosContextRefresher - [registerNacosListener,129] - [Nacos Config] Listening config: dataId=xmap-file, group=DEFAULT_GROUP
09:30:23.319 [main] INFO  c.a.c.n.r.NacosContextRefresher - [registerNacosListener,129] - [Nacos Config] Listening config: dataId=xmap-file-dev.yml, group=DEFAULT_GROUP
09:30:24.759 [RMI TCP Connection(3)-192.168.137.1] INFO  o.a.c.c.C.[.[.[/] - [log,173] - Initializing Spring DispatcherServlet 'dispatcherServlet'
14:15:33.882 [SpringApplicationShutdownHook] INFO  c.a.c.n.r.NacosServiceRegistry - [deregister,94] - De-registering from Nacos Server now...
14:15:33.891 [SpringApplicationShutdownHook] INFO  c.a.c.n.r.NacosServiceRegistry - [deregister,114] - De-registration finished.
14:15:34.237 [SpringApplicationShutdownHook] INFO  c.a.n.c.r.client - [shutdown,454] - Shutdown rpc client, set status to shutdown
14:15:34.238 [SpringApplicationShutdownHook] INFO  c.a.n.c.r.client - [shutdown,456] - Shutdown client event executor java.util.concurrent.ScheduledThreadPoolExecutor@7563365e[Running, pool size = 2, active threads = 2, queued tasks = 0, completed tasks = 0]
14:15:34.238 [SpringApplicationShutdownHook] INFO  c.a.n.c.r.client - [closeConnection,591] - Close current connection 1702863021546_127.0.0.1_2727
14:15:34.242 [nacos-grpc-client-executor-3438] INFO  c.a.n.c.r.c.g.GrpcClient - [printIfInfoEnabled,60] - [1702863021546_127.0.0.1_2727]Ignore complete event,isRunning:false,isAbandon=false
14:15:34.249 [SpringApplicationShutdownHook] INFO  c.a.n.c.r.c.g.GrpcClient - [shutdown,85] - Shutdown grpc executor java.util.concurrent.ThreadPoolExecutor@2fd156bd[Running, pool size = 4, active threads = 0, queued tasks = 0, completed tasks = 3439]
14:16:06.246 [background-preinit] INFO  o.h.v.i.util.Version - [<clinit>,21] - HV000001: Hibernate Validator 6.2.5.Final
14:16:08.560 [main] INFO  c.a.n.c.r.client - [lambda$createClient$0,80] - [RpcClientFactory] create a new rpc client of 16ab681f-37c5-4161-b2d7-c408ffdd9644_config-0
14:16:08.723 [main] INFO  o.r.Reflections - [scan,232] - Reflections took 58 ms to scan 1 urls, producing 3 keys and 6 values 
14:16:08.789 [main] INFO  o.r.Reflections - [scan,232] - Reflections took 28 ms to scan 1 urls, producing 4 keys and 9 values 
14:16:08.826 [main] INFO  o.r.Reflections - [scan,232] - Reflections took 33 ms to scan 1 urls, producing 3 keys and 10 values 
14:16:09.205 [main] INFO  o.r.Reflections - [scan,232] - Reflections took 373 ms to scan 202 urls, producing 0 keys and 0 values 
14:16:09.232 [main] INFO  o.r.Reflections - [scan,232] - Reflections took 25 ms to scan 1 urls, producing 1 keys and 5 values 
14:16:09.258 [main] INFO  o.r.Reflections - [scan,232] - Reflections took 21 ms to scan 1 urls, producing 1 keys and 7 values 
14:16:09.285 [main] INFO  o.r.Reflections - [scan,232] - Reflections took 22 ms to scan 1 urls, producing 2 keys and 8 values 
14:16:09.570 [main] INFO  o.r.Reflections - [scan,232] - Reflections took 281 ms to scan 202 urls, producing 0 keys and 0 values 
14:16:09.572 [main] INFO  c.a.n.c.r.client - [printIfInfoEnabled,60] - [16ab681f-37c5-4161-b2d7-c408ffdd9644_config-0] RpcClient init label, labels = {module=config, Vipserver-Tag=null, source=sdk, Amory-Tag=null, Location-Tag=null, taskId=0, AppName=unknown}
14:16:09.573 [main] INFO  c.a.n.c.r.client - [printIfInfoEnabled,60] - [16ab681f-37c5-4161-b2d7-c408ffdd9644_config-0] Register server push request handler:com.alibaba.nacos.client.config.impl.ClientWorker$ConfigRpcTransportClient$$Lambda$335/854653864
14:16:09.574 [main] INFO  c.a.n.c.r.client - [printIfInfoEnabled,60] - [16ab681f-37c5-4161-b2d7-c408ffdd9644_config-0] Register server push request handler:com.alibaba.nacos.client.config.impl.ClientWorker$ConfigRpcTransportClient$$Lambda$336/1415439780
14:16:09.575 [main] INFO  c.a.n.c.r.client - [printIfInfoEnabled,60] - [16ab681f-37c5-4161-b2d7-c408ffdd9644_config-0] Registry connection listener to current client:com.alibaba.nacos.client.config.impl.ClientWorker$ConfigRpcTransportClient$1
14:16:09.577 [main] INFO  c.a.n.c.r.client - [printIfInfoEnabled,60] - [16ab681f-37c5-4161-b2d7-c408ffdd9644_config-0] RpcClient init, ServerListFactory = com.alibaba.nacos.client.config.impl.ClientWorker$ConfigRpcTransportClient$2
14:16:09.589 [main] INFO  c.a.n.c.r.client - [printIfInfoEnabled,60] - [16ab681f-37c5-4161-b2d7-c408ffdd9644_config-0] Try to connect to server on start up, server: {serverIp = '127.0.0.1', server main port = 8848}
14:16:14.578 [main] INFO  c.a.n.c.r.client - [printIfInfoEnabled,60] - [16ab681f-37c5-4161-b2d7-c408ffdd9644_config-0] Success to connect to server [127.0.0.1:8848] on start up, connectionId = 1702880174271_127.0.0.1_8061
14:16:14.578 [com.alibaba.nacos.client.remote.worker] INFO  c.a.n.c.r.client - [printIfInfoEnabled,60] - [16ab681f-37c5-4161-b2d7-c408ffdd9644_config-0] Notify connected event to listeners.
14:16:14.579 [main] INFO  c.a.n.c.r.client - [printIfInfoEnabled,60] - [16ab681f-37c5-4161-b2d7-c408ffdd9644_config-0] Register server push request handler:com.alibaba.nacos.common.remote.client.RpcClient$ConnectResetRequestHandler
14:16:14.579 [main] INFO  c.a.n.c.r.client - [printIfInfoEnabled,60] - [16ab681f-37c5-4161-b2d7-c408ffdd9644_config-0] Register server push request handler:com.alibaba.nacos.common.remote.client.RpcClient$$Lambda$344/1590481849
14:16:14.665 [main] INFO  c.x.f.XmapFileApplication - [logStartupProfileInfo,637] - The following 1 profile is active: "dev"
14:16:16.969 [main] INFO  o.a.c.c.AprLifecycleListener - [log,173] - Loaded Apache Tomcat Native library [1.2.32] using APR version [1.7.0].
14:16:16.969 [main] INFO  o.a.c.c.AprLifecycleListener - [log,173] - APR capabilities: IPv6 [true], sendfile [true], accept filters [false], random [true], UDS [true].
14:16:16.970 [main] INFO  o.a.c.c.AprLifecycleListener - [log,173] - APR/OpenSSL configuration: useAprConnector [false], useOpenSSL [true]
14:16:16.974 [main] INFO  o.a.c.c.AprLifecycleListener - [log,173] - OpenSSL successfully initialized [OpenSSL 1.1.1n  15 Mar 2022]
14:16:16.987 [main] INFO  o.a.c.h.Http11NioProtocol - [log,173] - Initializing ProtocolHandler ["http-nio-9300"]
14:16:16.988 [main] INFO  o.a.c.c.StandardService - [log,173] - Starting service [Tomcat]
14:16:16.988 [main] INFO  o.a.c.c.StandardEngine - [log,173] - Starting Servlet engine: [Apache Tomcat/9.0.70]
14:16:17.215 [main] INFO  o.a.c.c.C.[.[.[/] - [log,173] - Initializing Spring embedded WebApplicationContext
14:16:19.692 [main] INFO  c.a.c.s.SentinelWebMvcConfigurer - [addInterceptors,52] - [Sentinel Starter] register SentinelWebInterceptor with urlPatterns: [/**].
14:16:28.950 [main] INFO  c.a.n.c.r.client - [lambda$createClient$0,80] - [RpcClientFactory] create a new rpc client of c42cc3db-8af8-46f8-a290-70eb22eac8b3
14:16:28.950 [main] INFO  c.a.n.c.r.client - [printIfInfoEnabled,60] - [c42cc3db-8af8-46f8-a290-70eb22eac8b3] RpcClient init label, labels = {module=naming, source=sdk}
14:16:28.953 [main] INFO  c.a.n.c.r.client - [printIfInfoEnabled,60] - [c42cc3db-8af8-46f8-a290-70eb22eac8b3] RpcClient init, ServerListFactory = com.alibaba.nacos.client.naming.core.ServerListManager
14:16:28.953 [main] INFO  c.a.n.c.r.client - [printIfInfoEnabled,60] - [c42cc3db-8af8-46f8-a290-70eb22eac8b3] Registry connection listener to current client:com.alibaba.nacos.client.naming.remote.gprc.redo.NamingGrpcRedoService
14:16:28.954 [main] INFO  c.a.n.c.r.client - [printIfInfoEnabled,60] - [c42cc3db-8af8-46f8-a290-70eb22eac8b3] Register server push request handler:com.alibaba.nacos.client.naming.remote.gprc.NamingPushRequestHandler
14:16:28.959 [main] INFO  c.a.n.c.r.client - [printIfInfoEnabled,60] - [c42cc3db-8af8-46f8-a290-70eb22eac8b3] Try to connect to server on start up, server: {serverIp = '127.0.0.1', server main port = 8848}
14:16:29.090 [main] INFO  c.a.n.c.r.client - [printIfInfoEnabled,60] - [c42cc3db-8af8-46f8-a290-70eb22eac8b3] Success to connect to server [127.0.0.1:8848] on start up, connectionId = 1702880188969_127.0.0.1_8228
14:16:29.091 [com.alibaba.nacos.client.remote.worker] INFO  c.a.n.c.r.client - [printIfInfoEnabled,60] - [c42cc3db-8af8-46f8-a290-70eb22eac8b3] Notify connected event to listeners.
14:16:29.091 [main] INFO  c.a.n.c.r.client - [printIfInfoEnabled,60] - [c42cc3db-8af8-46f8-a290-70eb22eac8b3] Register server push request handler:com.alibaba.nacos.common.remote.client.RpcClient$ConnectResetRequestHandler
14:16:29.092 [main] INFO  c.a.n.c.r.client - [printIfInfoEnabled,60] - [c42cc3db-8af8-46f8-a290-70eb22eac8b3] Register server push request handler:com.alibaba.nacos.common.remote.client.RpcClient$$Lambda$344/1590481849
14:16:29.163 [main] INFO  o.a.c.h.Http11NioProtocol - [log,173] - Starting ProtocolHandler ["http-nio-9300"]
14:16:29.219 [main] INFO  c.a.c.n.r.NacosServiceRegistry - [register,75] - nacos registry, DEFAULT_GROUP xmap-file 10.100.60.135:9300 register finished
14:16:29.631 [nacos-grpc-client-executor-5] INFO  c.a.n.c.r.client - [printIfInfoEnabled,60] - [c42cc3db-8af8-46f8-a290-70eb22eac8b3] Receive server push request, request = NotifySubscriberRequest, requestId = 26
14:16:29.637 [nacos-grpc-client-executor-5] INFO  c.a.n.c.r.client - [printIfInfoEnabled,60] - [c42cc3db-8af8-46f8-a290-70eb22eac8b3] Ack server push request, request = NotifySubscriberRequest, requestId = 26
14:16:31.608 [main] INFO  c.x.f.XmapFileApplication - [logStarted,61] - Started XmapFileApplication in 27.768 seconds (JVM running for 29.946)
14:16:31.622 [main] INFO  c.a.c.n.r.NacosContextRefresher - [registerNacosListener,129] - [Nacos Config] Listening config: dataId=xmap-file.yml, group=DEFAULT_GROUP
14:16:31.623 [main] INFO  c.a.c.n.r.NacosContextRefresher - [registerNacosListener,129] - [Nacos Config] Listening config: dataId=xmap-file, group=DEFAULT_GROUP
14:16:31.625 [main] INFO  c.a.c.n.r.NacosContextRefresher - [registerNacosListener,129] - [Nacos Config] Listening config: dataId=xmap-file-dev.yml, group=DEFAULT_GROUP
14:16:35.388 [RMI TCP Connection(4)-192.168.137.1] INFO  o.a.c.c.C.[.[.[/] - [log,173] - Initializing Spring DispatcherServlet 'dispatcherServlet'
16:06:53.040 [SpringApplicationShutdownHook] INFO  c.a.c.n.r.NacosServiceRegistry - [deregister,94] - De-registering from Nacos Server now...
16:06:53.046 [SpringApplicationShutdownHook] INFO  c.a.c.n.r.NacosServiceRegistry - [deregister,114] - De-registration finished.
16:06:53.389 [SpringApplicationShutdownHook] INFO  c.a.n.c.r.client - [shutdown,454] - Shutdown rpc client, set status to shutdown
16:06:53.389 [SpringApplicationShutdownHook] INFO  c.a.n.c.r.client - [shutdown,456] - Shutdown client event executor java.util.concurrent.ScheduledThreadPoolExecutor@2b860cae[Running, pool size = 2, active threads = 2, queued tasks = 0, completed tasks = 0]
16:06:53.389 [SpringApplicationShutdownHook] INFO  c.a.n.c.r.client - [closeConnection,591] - Close current connection 1702880188969_127.0.0.1_8228
16:06:53.391 [nacos-grpc-client-executor-1333] INFO  c.a.n.c.r.c.g.GrpcClient - [printIfInfoEnabled,60] - [1702880188969_127.0.0.1_8228]Ignore complete event,isRunning:false,isAbandon=false
16:06:53.396 [SpringApplicationShutdownHook] INFO  c.a.n.c.r.c.g.GrpcClient - [shutdown,85] - Shutdown grpc executor java.util.concurrent.ThreadPoolExecutor@685163e2[Running, pool size = 4, active threads = 0, queued tasks = 0, completed tasks = 1334]
