11:28:37.174 [background-preinit] INFO  o.h.v.i.util.Version - [<clinit>,21] - HV000001: Hibernate Validator 6.2.5.Final
11:28:38.912 [main] INFO  c.a.n.c.r.client - [lambda$createClient$0,80] - [RpcClientFactory] create a new rpc client of 615f9080-de77-45bd-8a2c-2c48c4bcf710_config-0
11:28:39.101 [main] INFO  o.r.Reflections - [scan,232] - Reflections took 59 ms to scan 1 urls, producing 3 keys and 6 values 
11:28:39.158 [main] INFO  o.r.Reflections - [scan,232] - Reflections took 13 ms to scan 1 urls, producing 4 keys and 9 values 
11:28:39.176 [main] INFO  o.r.Reflections - [scan,232] - Reflections took 15 ms to scan 1 urls, producing 3 keys and 10 values 
11:28:39.426 [main] INFO  o.r.Reflections - [scan,232] - Reflections took 248 ms to scan 202 urls, producing 0 keys and 0 values 
11:28:39.436 [main] INFO  o.r.Reflections - [scan,232] - Reflections took 9 ms to scan 1 urls, producing 1 keys and 5 values 
11:28:39.448 [main] INFO  o.r.Reflections - [scan,232] - Reflections took 10 ms to scan 1 urls, producing 1 keys and 7 values 
11:28:39.460 [main] INFO  o.r.Reflections - [scan,232] - Reflections took 9 ms to scan 1 urls, producing 2 keys and 8 values 
11:28:39.595 [main] INFO  o.r.Reflections - [scan,232] - Reflections took 134 ms to scan 202 urls, producing 0 keys and 0 values 
11:28:39.597 [main] INFO  c.a.n.c.r.client - [printIfInfoEnabled,60] - [615f9080-de77-45bd-8a2c-2c48c4bcf710_config-0] RpcClient init label, labels = {module=config, Vipserver-Tag=null, source=sdk, Amory-Tag=null, Location-Tag=null, taskId=0, AppName=unknown}
11:28:39.598 [main] INFO  c.a.n.c.r.client - [printIfInfoEnabled,60] - [615f9080-de77-45bd-8a2c-2c48c4bcf710_config-0] Register server push request handler:com.alibaba.nacos.client.config.impl.ClientWorker$ConfigRpcTransportClient$$Lambda$335/854653864
11:28:39.598 [main] INFO  c.a.n.c.r.client - [printIfInfoEnabled,60] - [615f9080-de77-45bd-8a2c-2c48c4bcf710_config-0] Register server push request handler:com.alibaba.nacos.client.config.impl.ClientWorker$ConfigRpcTransportClient$$Lambda$336/1415439780
11:28:39.599 [main] INFO  c.a.n.c.r.client - [printIfInfoEnabled,60] - [615f9080-de77-45bd-8a2c-2c48c4bcf710_config-0] Registry connection listener to current client:com.alibaba.nacos.client.config.impl.ClientWorker$ConfigRpcTransportClient$1
11:28:39.599 [main] INFO  c.a.n.c.r.client - [printIfInfoEnabled,60] - [615f9080-de77-45bd-8a2c-2c48c4bcf710_config-0] RpcClient init, ServerListFactory = com.alibaba.nacos.client.config.impl.ClientWorker$ConfigRpcTransportClient$2
11:28:39.624 [main] INFO  c.a.n.c.r.client - [printIfInfoEnabled,60] - [615f9080-de77-45bd-8a2c-2c48c4bcf710_config-0] Try to connect to server on start up, server: {serverIp = '127.0.0.1', server main port = 8848}
11:28:43.031 [main] INFO  c.a.n.c.r.client - [printIfInfoEnabled,60] - [615f9080-de77-45bd-8a2c-2c48c4bcf710_config-0] Success to connect to server [127.0.0.1:8848] on start up, connectionId = 1700537322739_127.0.0.1_5081
11:28:43.031 [com.alibaba.nacos.client.remote.worker] INFO  c.a.n.c.r.client - [printIfInfoEnabled,60] - [615f9080-de77-45bd-8a2c-2c48c4bcf710_config-0] Notify connected event to listeners.
11:28:43.032 [main] INFO  c.a.n.c.r.client - [printIfInfoEnabled,60] - [615f9080-de77-45bd-8a2c-2c48c4bcf710_config-0] Register server push request handler:com.alibaba.nacos.common.remote.client.RpcClient$ConnectResetRequestHandler
11:28:43.032 [main] INFO  c.a.n.c.r.client - [printIfInfoEnabled,60] - [615f9080-de77-45bd-8a2c-2c48c4bcf710_config-0] Register server push request handler:com.alibaba.nacos.common.remote.client.RpcClient$$Lambda$344/1590481849
11:28:43.120 [main] INFO  c.x.f.XmapFileApplication - [logStartupProfileInfo,637] - The following 1 profile is active: "dev"
11:28:44.822 [main] INFO  o.a.c.c.AprLifecycleListener - [log,173] - Loaded Apache Tomcat Native library [1.2.32] using APR version [1.7.0].
11:28:44.822 [main] INFO  o.a.c.c.AprLifecycleListener - [log,173] - APR capabilities: IPv6 [true], sendfile [true], accept filters [false], random [true], UDS [true].
11:28:44.822 [main] INFO  o.a.c.c.AprLifecycleListener - [log,173] - APR/OpenSSL configuration: useAprConnector [false], useOpenSSL [true]
11:28:44.827 [main] INFO  o.a.c.c.AprLifecycleListener - [log,173] - OpenSSL successfully initialized [OpenSSL 1.1.1n  15 Mar 2022]
11:28:44.837 [main] INFO  o.a.c.h.Http11NioProtocol - [log,173] - Initializing ProtocolHandler ["http-nio-9300"]
11:28:44.838 [main] INFO  o.a.c.c.StandardService - [log,173] - Starting service [Tomcat]
11:28:44.838 [main] INFO  o.a.c.c.StandardEngine - [log,173] - Starting Servlet engine: [Apache Tomcat/9.0.70]
11:28:45.188 [main] INFO  o.a.c.c.C.[.[.[/] - [log,173] - Initializing Spring embedded WebApplicationContext
11:28:46.882 [main] INFO  c.a.c.s.SentinelWebMvcConfigurer - [addInterceptors,52] - [Sentinel Starter] register SentinelWebInterceptor with urlPatterns: [/**].
11:28:50.009 [main] INFO  c.a.n.c.r.client - [lambda$createClient$0,80] - [RpcClientFactory] create a new rpc client of 95119cfe-9f1d-4fd0-b36a-be346b742bec
11:28:50.009 [main] INFO  c.a.n.c.r.client - [printIfInfoEnabled,60] - [95119cfe-9f1d-4fd0-b36a-be346b742bec] RpcClient init label, labels = {module=naming, source=sdk}
11:28:50.020 [main] INFO  c.a.n.c.r.client - [printIfInfoEnabled,60] - [95119cfe-9f1d-4fd0-b36a-be346b742bec] RpcClient init, ServerListFactory = com.alibaba.nacos.client.naming.core.ServerListManager
11:28:50.025 [main] INFO  c.a.n.c.r.client - [printIfInfoEnabled,60] - [95119cfe-9f1d-4fd0-b36a-be346b742bec] Registry connection listener to current client:com.alibaba.nacos.client.naming.remote.gprc.redo.NamingGrpcRedoService
11:28:50.027 [main] INFO  c.a.n.c.r.client - [printIfInfoEnabled,60] - [95119cfe-9f1d-4fd0-b36a-be346b742bec] Register server push request handler:com.alibaba.nacos.client.naming.remote.gprc.NamingPushRequestHandler
11:28:50.028 [main] INFO  c.a.n.c.r.client - [printIfInfoEnabled,60] - [95119cfe-9f1d-4fd0-b36a-be346b742bec] Try to connect to server on start up, server: {serverIp = '127.0.0.1', server main port = 8848}
11:28:50.154 [main] INFO  c.a.n.c.r.client - [printIfInfoEnabled,60] - [95119cfe-9f1d-4fd0-b36a-be346b742bec] Success to connect to server [127.0.0.1:8848] on start up, connectionId = 1700537330037_127.0.0.1_5093
11:28:50.154 [main] INFO  c.a.n.c.r.client - [printIfInfoEnabled,60] - [95119cfe-9f1d-4fd0-b36a-be346b742bec] Register server push request handler:com.alibaba.nacos.common.remote.client.RpcClient$ConnectResetRequestHandler
11:28:50.154 [com.alibaba.nacos.client.remote.worker] INFO  c.a.n.c.r.client - [printIfInfoEnabled,60] - [95119cfe-9f1d-4fd0-b36a-be346b742bec] Notify connected event to listeners.
11:28:50.154 [main] INFO  c.a.n.c.r.client - [printIfInfoEnabled,60] - [95119cfe-9f1d-4fd0-b36a-be346b742bec] Register server push request handler:com.alibaba.nacos.common.remote.client.RpcClient$$Lambda$344/1590481849
11:28:50.199 [main] INFO  o.a.c.h.Http11NioProtocol - [log,173] - Starting ProtocolHandler ["http-nio-9300"]
11:28:50.233 [main] INFO  c.a.c.n.r.NacosServiceRegistry - [register,75] - nacos registry, DEFAULT_GROUP xmap-file 10.100.60.135:9300 register finished
11:28:50.683 [nacos-grpc-client-executor-6] INFO  c.a.n.c.r.client - [printIfInfoEnabled,60] - [95119cfe-9f1d-4fd0-b36a-be346b742bec] Receive server push request, request = NotifySubscriberRequest, requestId = 10
11:28:50.687 [nacos-grpc-client-executor-6] INFO  c.a.n.c.r.client - [printIfInfoEnabled,60] - [95119cfe-9f1d-4fd0-b36a-be346b742bec] Ack server push request, request = NotifySubscriberRequest, requestId = 10
11:28:51.341 [main] INFO  c.x.f.XmapFileApplication - [logStarted,61] - Started XmapFileApplication in 15.795 seconds (JVM running for 18.881)
11:28:51.349 [main] INFO  c.a.c.n.r.NacosContextRefresher - [registerNacosListener,129] - [Nacos Config] Listening config: dataId=xmap-file.yml, group=DEFAULT_GROUP
11:28:51.349 [main] INFO  c.a.c.n.r.NacosContextRefresher - [registerNacosListener,129] - [Nacos Config] Listening config: dataId=xmap-file, group=DEFAULT_GROUP
11:28:51.350 [main] INFO  c.a.c.n.r.NacosContextRefresher - [registerNacosListener,129] - [Nacos Config] Listening config: dataId=xmap-file-dev.yml, group=DEFAULT_GROUP
11:28:52.184 [RMI TCP Connection(2)-192.168.137.1] INFO  o.a.c.c.C.[.[.[/] - [log,173] - Initializing Spring DispatcherServlet 'dispatcherServlet'
11:36:54.879 [SpringApplicationShutdownHook] INFO  c.a.c.n.r.NacosServiceRegistry - [deregister,94] - De-registering from Nacos Server now...
11:36:54.885 [SpringApplicationShutdownHook] INFO  c.a.c.n.r.NacosServiceRegistry - [deregister,114] - De-registration finished.
11:36:55.217 [SpringApplicationShutdownHook] INFO  c.a.n.c.r.client - [shutdown,454] - Shutdown rpc client, set status to shutdown
11:36:55.217 [SpringApplicationShutdownHook] INFO  c.a.n.c.r.client - [shutdown,456] - Shutdown client event executor java.util.concurrent.ScheduledThreadPoolExecutor@1e51dc03[Running, pool size = 2, active threads = 2, queued tasks = 0, completed tasks = 0]
11:36:55.217 [SpringApplicationShutdownHook] INFO  c.a.n.c.r.client - [closeConnection,591] - Close current connection 1700537330037_127.0.0.1_5093
11:36:55.219 [nacos-grpc-client-executor-109] INFO  c.a.n.c.r.c.g.GrpcClient - [printIfInfoEnabled,60] - [1700537330037_127.0.0.1_5093]Ignore complete event,isRunning:false,isAbandon=false
11:36:55.236 [SpringApplicationShutdownHook] INFO  c.a.n.c.r.c.g.GrpcClient - [shutdown,85] - Shutdown grpc executor java.util.concurrent.ThreadPoolExecutor@63f0168c[Running, pool size = 6, active threads = 0, queued tasks = 0, completed tasks = 110]
