14:49:06.170 [background-preinit] INFO  o.h.v.i.util.Version - [<clinit>,21] - HV000001: Hibernate Validator 6.2.5.Final
14:49:10.602 [main] INFO  c.a.n.c.r.client - [lambda$createClient$0,80] - [RpcClientFactory] create a new rpc client of 28b940f3-b96a-427c-b3d0-5f404088c4eb_config-0
14:49:10.638 [main] INFO  o.r.Reflections - [scan,232] - Reflections took 22 ms to scan 1 urls, producing 3 keys and 6 values 
14:49:10.659 [main] INFO  o.r.Reflections - [scan,232] - Reflections took 9 ms to scan 1 urls, producing 4 keys and 9 values 
14:49:10.670 [main] INFO  o.r.Reflections - [scan,232] - Reflections took 10 ms to scan 1 urls, producing 3 keys and 10 values 
14:49:10.816 [main] INFO  o.r.Reflections - [scan,232] - Reflections took 145 ms to scan 202 urls, producing 0 keys and 0 values 
14:49:10.837 [main] INFO  o.r.Reflections - [scan,232] - Reflections took 9 ms to scan 1 urls, producing 1 keys and 5 values 
14:49:10.845 [main] INFO  o.r.Reflections - [scan,232] - Reflections took 7 ms to scan 1 urls, producing 1 keys and 7 values 
14:49:10.857 [main] INFO  o.r.Reflections - [scan,232] - Reflections took 10 ms to scan 1 urls, producing 2 keys and 8 values 
14:49:10.961 [main] INFO  o.r.Reflections - [scan,232] - Reflections took 102 ms to scan 202 urls, producing 0 keys and 0 values 
14:49:10.962 [main] INFO  c.a.n.c.r.client - [printIfInfoEnabled,60] - [28b940f3-b96a-427c-b3d0-5f404088c4eb_config-0] RpcClient init label, labels = {module=config, Vipserver-Tag=null, source=sdk, Amory-Tag=null, Location-Tag=null, taskId=0, AppName=unknown}
14:49:10.962 [main] INFO  c.a.n.c.r.client - [printIfInfoEnabled,60] - [28b940f3-b96a-427c-b3d0-5f404088c4eb_config-0] Register server push request handler:com.alibaba.nacos.client.config.impl.ClientWorker$ConfigRpcTransportClient$$Lambda$334/1532554556
14:49:10.963 [main] INFO  c.a.n.c.r.client - [printIfInfoEnabled,60] - [28b940f3-b96a-427c-b3d0-5f404088c4eb_config-0] Register server push request handler:com.alibaba.nacos.client.config.impl.ClientWorker$ConfigRpcTransportClient$$Lambda$335/620423816
14:49:10.963 [main] INFO  c.a.n.c.r.client - [printIfInfoEnabled,60] - [28b940f3-b96a-427c-b3d0-5f404088c4eb_config-0] Registry connection listener to current client:com.alibaba.nacos.client.config.impl.ClientWorker$ConfigRpcTransportClient$1
14:49:10.963 [main] INFO  c.a.n.c.r.client - [printIfInfoEnabled,60] - [28b940f3-b96a-427c-b3d0-5f404088c4eb_config-0] RpcClient init, ServerListFactory = com.alibaba.nacos.client.config.impl.ClientWorker$ConfigRpcTransportClient$2
14:49:10.967 [main] INFO  c.a.n.c.r.client - [printIfInfoEnabled,60] - [28b940f3-b96a-427c-b3d0-5f404088c4eb_config-0] Try to connect to server on start up, server: {serverIp = '127.0.0.1', server main port = 8848}
14:49:16.123 [main] INFO  c.a.n.c.r.client - [printIfInfoEnabled,60] - [28b940f3-b96a-427c-b3d0-5f404088c4eb_config-0] Try to connect to server on start up, server: {serverIp = '127.0.0.1', server main port = 8848}
14:49:18.169 [main] INFO  c.a.n.c.r.client - [printIfInfoEnabled,60] - [28b940f3-b96a-427c-b3d0-5f404088c4eb_config-0] Try to connect to server on start up, server: {serverIp = '127.0.0.1', server main port = 8848}
14:49:20.216 [com.alibaba.nacos.client.remote.worker] INFO  c.a.n.c.r.client - [printIfInfoEnabled,60] - [28b940f3-b96a-427c-b3d0-5f404088c4eb_config-0] Try to reconnect to a new server, server is  not appointed, will choose a random server.
14:49:20.217 [main] INFO  c.a.n.c.r.client - [printIfInfoEnabled,60] - [28b940f3-b96a-427c-b3d0-5f404088c4eb_config-0] Register server push request handler:com.alibaba.nacos.common.remote.client.RpcClient$ConnectResetRequestHandler
14:49:20.218 [main] INFO  c.a.n.c.r.client - [printIfInfoEnabled,60] - [28b940f3-b96a-427c-b3d0-5f404088c4eb_config-0] Register server push request handler:com.alibaba.nacos.common.remote.client.RpcClient$$Lambda$344/645643802
14:49:21.587 [main] INFO  c.x.f.XmapFileApplication - [logStartupProfileInfo,637] - The following 1 profile is active: "dev"
14:49:22.632 [main] INFO  o.a.c.h.Http11NioProtocol - [log,173] - Initializing ProtocolHandler ["http-nio-9300"]
14:49:22.633 [main] INFO  o.a.c.c.StandardService - [log,173] - Starting service [Tomcat]
14:49:22.633 [main] INFO  o.a.c.c.StandardEngine - [log,173] - Starting Servlet engine: [Apache Tomcat/9.0.70]
14:49:22.753 [main] INFO  o.a.c.c.C.[.[.[/] - [log,173] - Initializing Spring embedded WebApplicationContext
14:49:24.206 [main] INFO  c.a.c.s.SentinelWebMvcConfigurer - [addInterceptors,52] - [Sentinel Starter] register SentinelWebInterceptor with urlPatterns: [/**].
14:49:24.431 [com.alibaba.nacos.client.remote.worker] INFO  c.a.n.c.r.client - [printIfInfoEnabled,60] - [28b940f3-b96a-427c-b3d0-5f404088c4eb_config-0] Fail to connect server, after trying 1 times, last try server is {serverIp = '127.0.0.1', server main port = 8848}, error = unknown
14:49:26.670 [com.alibaba.nacos.client.remote.worker] INFO  c.a.n.c.r.client - [printIfInfoEnabled,60] - [28b940f3-b96a-427c-b3d0-5f404088c4eb_config-0] Fail to connect server, after trying 2 times, last try server is {serverIp = '127.0.0.1', server main port = 8848}, error = unknown
14:49:27.039 [main] INFO  c.a.n.c.r.client - [lambda$createClient$0,80] - [RpcClientFactory] create a new rpc client of 4f207339-bd5f-49cd-958e-149fb67c4d91
14:49:27.040 [main] INFO  c.a.n.c.r.client - [printIfInfoEnabled,60] - [4f207339-bd5f-49cd-958e-149fb67c4d91] RpcClient init label, labels = {module=naming, source=sdk}
14:49:27.040 [main] INFO  c.a.n.c.r.client - [printIfInfoEnabled,60] - [4f207339-bd5f-49cd-958e-149fb67c4d91] RpcClient init, ServerListFactory = com.alibaba.nacos.client.naming.core.ServerListManager
14:49:27.041 [main] INFO  c.a.n.c.r.client - [printIfInfoEnabled,60] - [4f207339-bd5f-49cd-958e-149fb67c4d91] Registry connection listener to current client:com.alibaba.nacos.client.naming.remote.gprc.redo.NamingGrpcRedoService
14:49:27.041 [main] INFO  c.a.n.c.r.client - [printIfInfoEnabled,60] - [4f207339-bd5f-49cd-958e-149fb67c4d91] Register server push request handler:com.alibaba.nacos.client.naming.remote.gprc.NamingPushRequestHandler
14:49:27.041 [main] INFO  c.a.n.c.r.client - [printIfInfoEnabled,60] - [4f207339-bd5f-49cd-958e-149fb67c4d91] Try to connect to server on start up, server: {serverIp = '127.0.0.1', server main port = 8848}
14:49:29.042 [com.alibaba.nacos.client.remote.worker] INFO  c.a.n.c.r.client - [printIfInfoEnabled,60] - [28b940f3-b96a-427c-b3d0-5f404088c4eb_config-0] Fail to connect server, after trying 3 times, last try server is {serverIp = '127.0.0.1', server main port = 8848}, error = unknown
14:49:29.089 [main] INFO  c.a.n.c.r.client - [printIfInfoEnabled,60] - [4f207339-bd5f-49cd-958e-149fb67c4d91] Try to connect to server on start up, server: {serverIp = '127.0.0.1', server main port = 8848}
14:49:31.138 [main] INFO  c.a.n.c.r.client - [printIfInfoEnabled,60] - [4f207339-bd5f-49cd-958e-149fb67c4d91] Try to connect to server on start up, server: {serverIp = '127.0.0.1', server main port = 8848}
14:49:31.516 [com.alibaba.nacos.client.remote.worker] INFO  c.a.n.c.r.client - [printIfInfoEnabled,60] - [28b940f3-b96a-427c-b3d0-5f404088c4eb_config-0] Fail to connect server, after trying 4 times, last try server is {serverIp = '127.0.0.1', server main port = 8848}, error = unknown
14:49:33.183 [com.alibaba.nacos.client.remote.worker] INFO  c.a.n.c.r.client - [printIfInfoEnabled,60] - [4f207339-bd5f-49cd-958e-149fb67c4d91] Try to reconnect to a new server, server is  not appointed, will choose a random server.
14:49:33.183 [main] INFO  c.a.n.c.r.client - [printIfInfoEnabled,60] - [4f207339-bd5f-49cd-958e-149fb67c4d91] Register server push request handler:com.alibaba.nacos.common.remote.client.RpcClient$ConnectResetRequestHandler
14:49:33.185 [main] INFO  c.a.n.c.r.client - [printIfInfoEnabled,60] - [4f207339-bd5f-49cd-958e-149fb67c4d91] Register server push request handler:com.alibaba.nacos.common.remote.client.RpcClient$$Lambda$344/645643802
14:49:33.524 [main] INFO  o.a.c.h.Http11NioProtocol - [log,173] - Starting ProtocolHandler ["http-nio-9300"]
14:49:34.069 [com.alibaba.nacos.client.remote.worker] INFO  c.a.n.c.r.client - [printIfInfoEnabled,60] - [28b940f3-b96a-427c-b3d0-5f404088c4eb_config-0] Fail to connect server, after trying 5 times, last try server is {serverIp = '127.0.0.1', server main port = 8848}, error = unknown
14:49:34.521 [main] INFO  c.a.n.c.r.client - [shutdown,454] - Shutdown rpc client, set status to shutdown
14:49:34.522 [main] INFO  c.a.n.c.r.client - [shutdown,456] - Shutdown client event executor java.util.concurrent.ScheduledThreadPoolExecutor@24e2355c[Running, pool size = 2, active threads = 2, queued tasks = 0, completed tasks = 0]
14:49:34.522 [main] INFO  c.a.n.c.r.c.g.GrpcClient - [shutdown,85] - Shutdown grpc executor java.util.concurrent.ThreadPoolExecutor@19739906[Running, pool size = 6, active threads = 0, queued tasks = 0, completed tasks = 6]
14:49:34.626 [com.alibaba.nacos.client.remote.worker] INFO  c.a.n.c.r.client - [printIfInfoEnabled,60] - [4f207339-bd5f-49cd-958e-149fb67c4d91] Client is shutdown, stop reconnect to server
14:49:35.300 [main] INFO  o.a.c.h.Http11NioProtocol - [log,173] - Pausing ProtocolHandler ["http-nio-9300"]
14:49:35.300 [main] INFO  o.a.c.c.StandardService - [log,173] - Stopping service [Tomcat]
14:49:35.304 [main] INFO  o.a.c.h.Http11NioProtocol - [log,173] - Stopping ProtocolHandler ["http-nio-9300"]
14:49:35.306 [main] INFO  o.a.c.h.Http11NioProtocol - [log,173] - Destroying ProtocolHandler ["http-nio-9300"]
14:51:00.143 [background-preinit] INFO  o.h.v.i.util.Version - [<clinit>,21] - HV000001: Hibernate Validator 6.2.5.Final
14:51:04.732 [main] INFO  c.a.n.c.r.client - [lambda$createClient$0,80] - [RpcClientFactory] create a new rpc client of 1cfffe95-7a51-47e5-817c-b7ecdfb4c243_config-0
14:51:04.785 [main] INFO  o.r.Reflections - [scan,232] - Reflections took 35 ms to scan 1 urls, producing 3 keys and 6 values 
14:51:04.819 [main] INFO  o.r.Reflections - [scan,232] - Reflections took 18 ms to scan 1 urls, producing 4 keys and 9 values 
14:51:04.836 [main] INFO  o.r.Reflections - [scan,232] - Reflections took 15 ms to scan 1 urls, producing 3 keys and 10 values 
14:51:05.010 [main] INFO  o.r.Reflections - [scan,232] - Reflections took 171 ms to scan 202 urls, producing 0 keys and 0 values 
14:51:05.020 [main] INFO  o.r.Reflections - [scan,232] - Reflections took 9 ms to scan 1 urls, producing 1 keys and 5 values 
14:51:05.031 [main] INFO  o.r.Reflections - [scan,232] - Reflections took 8 ms to scan 1 urls, producing 1 keys and 7 values 
14:51:05.043 [main] INFO  o.r.Reflections - [scan,232] - Reflections took 11 ms to scan 1 urls, producing 2 keys and 8 values 
14:51:05.186 [main] INFO  o.r.Reflections - [scan,232] - Reflections took 139 ms to scan 202 urls, producing 0 keys and 0 values 
14:51:05.188 [main] INFO  c.a.n.c.r.client - [printIfInfoEnabled,60] - [1cfffe95-7a51-47e5-817c-b7ecdfb4c243_config-0] RpcClient init label, labels = {module=config, Vipserver-Tag=null, source=sdk, Amory-Tag=null, Location-Tag=null, taskId=0, AppName=unknown}
14:51:05.189 [main] INFO  c.a.n.c.r.client - [printIfInfoEnabled,60] - [1cfffe95-7a51-47e5-817c-b7ecdfb4c243_config-0] Register server push request handler:com.alibaba.nacos.client.config.impl.ClientWorker$ConfigRpcTransportClient$$Lambda$334/198098993
14:51:05.190 [main] INFO  c.a.n.c.r.client - [printIfInfoEnabled,60] - [1cfffe95-7a51-47e5-817c-b7ecdfb4c243_config-0] Register server push request handler:com.alibaba.nacos.client.config.impl.ClientWorker$ConfigRpcTransportClient$$Lambda$335/553672556
14:51:05.190 [main] INFO  c.a.n.c.r.client - [printIfInfoEnabled,60] - [1cfffe95-7a51-47e5-817c-b7ecdfb4c243_config-0] Registry connection listener to current client:com.alibaba.nacos.client.config.impl.ClientWorker$ConfigRpcTransportClient$1
14:51:05.191 [main] INFO  c.a.n.c.r.client - [printIfInfoEnabled,60] - [1cfffe95-7a51-47e5-817c-b7ecdfb4c243_config-0] RpcClient init, ServerListFactory = com.alibaba.nacos.client.config.impl.ClientWorker$ConfigRpcTransportClient$2
14:51:05.197 [main] INFO  c.a.n.c.r.client - [printIfInfoEnabled,60] - [1cfffe95-7a51-47e5-817c-b7ecdfb4c243_config-0] Try to connect to server on start up, server: {serverIp = '127.0.0.1', server main port = 8848}
14:51:15.474 [main] INFO  c.a.n.c.r.client - [printIfInfoEnabled,60] - [1cfffe95-7a51-47e5-817c-b7ecdfb4c243_config-0] Try to connect to server on start up, server: {serverIp = '127.0.0.1', server main port = 8848}
14:51:18.480 [main] INFO  c.a.n.c.r.client - [printIfInfoEnabled,60] - [1cfffe95-7a51-47e5-817c-b7ecdfb4c243_config-0] Try to connect to server on start up, server: {serverIp = '127.0.0.1', server main port = 8848}
14:51:21.487 [com.alibaba.nacos.client.remote.worker] INFO  c.a.n.c.r.client - [printIfInfoEnabled,60] - [1cfffe95-7a51-47e5-817c-b7ecdfb4c243_config-0] Try to reconnect to a new server, server is  not appointed, will choose a random server.
14:51:21.487 [main] INFO  c.a.n.c.r.client - [printIfInfoEnabled,60] - [1cfffe95-7a51-47e5-817c-b7ecdfb4c243_config-0] Register server push request handler:com.alibaba.nacos.common.remote.client.RpcClient$ConnectResetRequestHandler
14:51:21.488 [main] INFO  c.a.n.c.r.client - [printIfInfoEnabled,60] - [1cfffe95-7a51-47e5-817c-b7ecdfb4c243_config-0] Register server push request handler:com.alibaba.nacos.common.remote.client.RpcClient$$Lambda$344/2123846943
14:51:22.837 [main] INFO  c.x.f.XmapFileApplication - [logStartupProfileInfo,637] - The following 1 profile is active: "dev"
14:51:23.295 [com.alibaba.nacos.client.remote.worker] INFO  c.a.n.c.r.client - [printIfInfoEnabled,60] - [1cfffe95-7a51-47e5-817c-b7ecdfb4c243_config-0] Success to connect a server [127.0.0.1:8848], connectionId = 1690786283114_127.0.0.1_52907
14:51:23.295 [com.alibaba.nacos.client.remote.worker] INFO  c.a.n.c.r.client - [printIfInfoEnabled,60] - [1cfffe95-7a51-47e5-817c-b7ecdfb4c243_config-0] Notify connected event to listeners.
14:51:24.187 [main] INFO  o.a.c.h.Http11NioProtocol - [log,173] - Initializing ProtocolHandler ["http-nio-9300"]
14:51:24.188 [main] INFO  o.a.c.c.StandardService - [log,173] - Starting service [Tomcat]
14:51:24.188 [main] INFO  o.a.c.c.StandardEngine - [log,173] - Starting Servlet engine: [Apache Tomcat/9.0.70]
14:51:24.323 [main] INFO  o.a.c.c.C.[.[.[/] - [log,173] - Initializing Spring embedded WebApplicationContext
14:51:30.036 [main] INFO  c.a.c.s.SentinelWebMvcConfigurer - [addInterceptors,52] - [Sentinel Starter] register SentinelWebInterceptor with urlPatterns: [/**].
14:51:47.221 [main] INFO  c.a.n.c.r.client - [lambda$createClient$0,80] - [RpcClientFactory] create a new rpc client of f168012d-15f2-4924-a297-8772420239ba
14:51:47.222 [main] INFO  c.a.n.c.r.client - [printIfInfoEnabled,60] - [f168012d-15f2-4924-a297-8772420239ba] RpcClient init label, labels = {module=naming, source=sdk}
14:51:47.223 [main] INFO  c.a.n.c.r.client - [printIfInfoEnabled,60] - [f168012d-15f2-4924-a297-8772420239ba] RpcClient init, ServerListFactory = com.alibaba.nacos.client.naming.core.ServerListManager
14:51:47.225 [main] INFO  c.a.n.c.r.client - [printIfInfoEnabled,60] - [f168012d-15f2-4924-a297-8772420239ba] Registry connection listener to current client:com.alibaba.nacos.client.naming.remote.gprc.redo.NamingGrpcRedoService
14:51:47.225 [main] INFO  c.a.n.c.r.client - [printIfInfoEnabled,60] - [f168012d-15f2-4924-a297-8772420239ba] Register server push request handler:com.alibaba.nacos.client.naming.remote.gprc.NamingPushRequestHandler
14:51:47.226 [main] INFO  c.a.n.c.r.client - [printIfInfoEnabled,60] - [f168012d-15f2-4924-a297-8772420239ba] Try to connect to server on start up, server: {serverIp = '127.0.0.1', server main port = 8848}
14:51:47.358 [main] INFO  c.a.n.c.r.client - [printIfInfoEnabled,60] - [f168012d-15f2-4924-a297-8772420239ba] Success to connect to server [127.0.0.1:8848] on start up, connectionId = 1690786307230_127.0.0.1_53186
14:51:47.358 [main] INFO  c.a.n.c.r.client - [printIfInfoEnabled,60] - [f168012d-15f2-4924-a297-8772420239ba] Register server push request handler:com.alibaba.nacos.common.remote.client.RpcClient$ConnectResetRequestHandler
14:51:47.358 [com.alibaba.nacos.client.remote.worker] INFO  c.a.n.c.r.client - [printIfInfoEnabled,60] - [f168012d-15f2-4924-a297-8772420239ba] Notify connected event to listeners.
14:51:47.358 [main] INFO  c.a.n.c.r.client - [printIfInfoEnabled,60] - [f168012d-15f2-4924-a297-8772420239ba] Register server push request handler:com.alibaba.nacos.common.remote.client.RpcClient$$Lambda$344/2123846943
14:51:47.385 [main] INFO  o.a.c.h.Http11NioProtocol - [log,173] - Starting ProtocolHandler ["http-nio-9300"]
14:51:47.415 [main] INFO  c.a.c.n.r.NacosServiceRegistry - [register,75] - nacos registry, DEFAULT_GROUP xmap-file 192.168.1.56:9300 register finished
14:51:53.285 [main] INFO  c.x.f.XmapFileApplication - [logStarted,61] - Started XmapFileApplication in 56.817 seconds (JVM running for 58.864)
14:51:53.292 [main] INFO  c.a.c.n.r.NacosContextRefresher - [registerNacosListener,129] - [Nacos Config] Listening config: dataId=xmap-file.yml, group=DEFAULT_GROUP
14:51:53.292 [main] INFO  c.a.c.n.r.NacosContextRefresher - [registerNacosListener,129] - [Nacos Config] Listening config: dataId=xmap-file, group=DEFAULT_GROUP
14:51:53.293 [main] INFO  c.a.c.n.r.NacosContextRefresher - [registerNacosListener,129] - [Nacos Config] Listening config: dataId=xmap-file-dev.yml, group=DEFAULT_GROUP
14:51:53.363 [RMI TCP Connection(1)-192.168.1.56] INFO  o.a.c.c.C.[.[.[/] - [log,173] - Initializing Spring DispatcherServlet 'dispatcherServlet'
14:52:14.898 [nacos-grpc-client-executor-18] INFO  c.a.n.c.r.client - [printIfInfoEnabled,60] - [f168012d-15f2-4924-a297-8772420239ba] Receive server push request, request = NotifySubscriberRequest, requestId = 3
14:52:14.900 [nacos-grpc-client-executor-18] INFO  c.a.n.c.r.client - [printIfInfoEnabled,60] - [f168012d-15f2-4924-a297-8772420239ba] Ack server push request, request = NotifySubscriberRequest, requestId = 3
14:52:14.902 [nacos-grpc-client-executor-19] INFO  c.a.n.c.r.client - [printIfInfoEnabled,60] - [f168012d-15f2-4924-a297-8772420239ba] Receive server push request, request = NotifySubscriberRequest, requestId = 12
14:52:14.902 [nacos-grpc-client-executor-19] INFO  c.a.n.c.r.client - [printIfInfoEnabled,60] - [f168012d-15f2-4924-a297-8772420239ba] Ack server push request, request = NotifySubscriberRequest, requestId = 12
15:13:40.903 [SpringApplicationShutdownHook] INFO  c.a.c.n.r.NacosServiceRegistry - [deregister,94] - De-registering from Nacos Server now...
15:13:40.905 [SpringApplicationShutdownHook] INFO  c.a.c.n.r.NacosServiceRegistry - [deregister,114] - De-registration finished.
15:13:41.248 [SpringApplicationShutdownHook] INFO  c.a.n.c.r.client - [shutdown,454] - Shutdown rpc client, set status to shutdown
15:13:41.249 [SpringApplicationShutdownHook] INFO  c.a.n.c.r.client - [shutdown,456] - Shutdown client event executor java.util.concurrent.ScheduledThreadPoolExecutor@528193a9[Running, pool size = 2, active threads = 2, queued tasks = 0, completed tasks = 0]
15:13:41.250 [SpringApplicationShutdownHook] INFO  c.a.n.c.r.client - [closeConnection,591] - Close current connection 1690786307230_127.0.0.1_53186
15:13:41.251 [SpringApplicationShutdownHook] INFO  c.a.n.c.r.c.g.GrpcClient - [shutdown,85] - Shutdown grpc executor java.util.concurrent.ThreadPoolExecutor@22e98b87[Running, pool size = 4, active threads = 0, queued tasks = 0, completed tasks = 308]
15:15:46.254 [background-preinit] INFO  o.h.v.i.util.Version - [<clinit>,21] - HV000001: Hibernate Validator 6.2.5.Final
15:15:51.816 [main] INFO  c.a.n.c.r.client - [lambda$createClient$0,80] - [RpcClientFactory] create a new rpc client of 4775b2dc-f573-45c3-8a6e-627064707145_config-0
15:15:51.860 [main] INFO  o.r.Reflections - [scan,232] - Reflections took 28 ms to scan 1 urls, producing 3 keys and 6 values 
15:15:51.896 [main] INFO  o.r.Reflections - [scan,232] - Reflections took 18 ms to scan 1 urls, producing 4 keys and 9 values 
15:15:51.921 [main] INFO  o.r.Reflections - [scan,232] - Reflections took 22 ms to scan 1 urls, producing 3 keys and 10 values 
15:15:52.122 [main] INFO  o.r.Reflections - [scan,232] - Reflections took 198 ms to scan 202 urls, producing 0 keys and 0 values 
15:15:52.143 [main] INFO  o.r.Reflections - [scan,232] - Reflections took 20 ms to scan 1 urls, producing 1 keys and 5 values 
15:15:52.156 [main] INFO  o.r.Reflections - [scan,232] - Reflections took 10 ms to scan 1 urls, producing 1 keys and 7 values 
15:15:52.171 [main] INFO  o.r.Reflections - [scan,232] - Reflections took 13 ms to scan 1 urls, producing 2 keys and 8 values 
15:15:52.338 [main] INFO  o.r.Reflections - [scan,232] - Reflections took 165 ms to scan 202 urls, producing 0 keys and 0 values 
15:15:52.339 [main] INFO  c.a.n.c.r.client - [printIfInfoEnabled,60] - [4775b2dc-f573-45c3-8a6e-627064707145_config-0] RpcClient init label, labels = {module=config, Vipserver-Tag=null, source=sdk, Amory-Tag=null, Location-Tag=null, taskId=0, AppName=unknown}
15:15:52.340 [main] INFO  c.a.n.c.r.client - [printIfInfoEnabled,60] - [4775b2dc-f573-45c3-8a6e-627064707145_config-0] Register server push request handler:com.alibaba.nacos.client.config.impl.ClientWorker$ConfigRpcTransportClient$$Lambda$334/198098993
15:15:52.340 [main] INFO  c.a.n.c.r.client - [printIfInfoEnabled,60] - [4775b2dc-f573-45c3-8a6e-627064707145_config-0] Register server push request handler:com.alibaba.nacos.client.config.impl.ClientWorker$ConfigRpcTransportClient$$Lambda$335/553672556
15:15:52.341 [main] INFO  c.a.n.c.r.client - [printIfInfoEnabled,60] - [4775b2dc-f573-45c3-8a6e-627064707145_config-0] Registry connection listener to current client:com.alibaba.nacos.client.config.impl.ClientWorker$ConfigRpcTransportClient$1
15:15:52.341 [main] INFO  c.a.n.c.r.client - [printIfInfoEnabled,60] - [4775b2dc-f573-45c3-8a6e-627064707145_config-0] RpcClient init, ServerListFactory = com.alibaba.nacos.client.config.impl.ClientWorker$ConfigRpcTransportClient$2
15:15:52.348 [main] INFO  c.a.n.c.r.client - [printIfInfoEnabled,60] - [4775b2dc-f573-45c3-8a6e-627064707145_config-0] Try to connect to server on start up, server: {serverIp = '127.0.0.1', server main port = 8848}
15:16:05.072 [main] INFO  c.a.n.c.r.client - [printIfInfoEnabled,60] - [4775b2dc-f573-45c3-8a6e-627064707145_config-0] Try to connect to server on start up, server: {serverIp = '127.0.0.1', server main port = 8848}
15:16:08.077 [main] INFO  c.a.n.c.r.client - [printIfInfoEnabled,60] - [4775b2dc-f573-45c3-8a6e-627064707145_config-0] Try to connect to server on start up, server: {serverIp = '127.0.0.1', server main port = 8848}
15:16:11.089 [com.alibaba.nacos.client.remote.worker] INFO  c.a.n.c.r.client - [printIfInfoEnabled,60] - [4775b2dc-f573-45c3-8a6e-627064707145_config-0] Try to reconnect to a new server, server is  not appointed, will choose a random server.
15:16:11.090 [main] INFO  c.a.n.c.r.client - [printIfInfoEnabled,60] - [4775b2dc-f573-45c3-8a6e-627064707145_config-0] Register server push request handler:com.alibaba.nacos.common.remote.client.RpcClient$ConnectResetRequestHandler
15:16:11.090 [main] INFO  c.a.n.c.r.client - [printIfInfoEnabled,60] - [4775b2dc-f573-45c3-8a6e-627064707145_config-0] Register server push request handler:com.alibaba.nacos.common.remote.client.RpcClient$$Lambda$344/2123846943
15:16:12.432 [main] INFO  c.x.f.XmapFileApplication - [logStartupProfileInfo,637] - The following 1 profile is active: "dev"
15:16:14.222 [main] INFO  o.a.c.h.Http11NioProtocol - [log,173] - Initializing ProtocolHandler ["http-nio-9300"]
15:16:14.222 [main] INFO  o.a.c.c.StandardService - [log,173] - Starting service [Tomcat]
15:16:14.223 [main] INFO  o.a.c.c.StandardEngine - [log,173] - Starting Servlet engine: [Apache Tomcat/9.0.70]
15:16:14.430 [main] INFO  o.a.c.c.C.[.[.[/] - [log,173] - Initializing Spring embedded WebApplicationContext
15:16:14.985 [com.alibaba.nacos.client.remote.worker] INFO  c.a.n.c.r.client - [printIfInfoEnabled,60] - [4775b2dc-f573-45c3-8a6e-627064707145_config-0] Success to connect a server [127.0.0.1:8848], connectionId = 1690787774807_127.0.0.1_60797
15:16:14.985 [com.alibaba.nacos.client.remote.worker] INFO  c.a.n.c.r.client - [printIfInfoEnabled,60] - [4775b2dc-f573-45c3-8a6e-627064707145_config-0] Notify connected event to listeners.
15:16:20.001 [main] INFO  c.a.c.s.SentinelWebMvcConfigurer - [addInterceptors,52] - [Sentinel Starter] register SentinelWebInterceptor with urlPatterns: [/**].
15:16:41.790 [main] INFO  c.a.n.c.r.client - [lambda$createClient$0,80] - [RpcClientFactory] create a new rpc client of 0b1d2d1b-cc2d-4039-885c-f23c9d97ed33
15:16:41.790 [main] INFO  c.a.n.c.r.client - [printIfInfoEnabled,60] - [0b1d2d1b-cc2d-4039-885c-f23c9d97ed33] RpcClient init label, labels = {module=naming, source=sdk}
15:16:41.793 [main] INFO  c.a.n.c.r.client - [printIfInfoEnabled,60] - [0b1d2d1b-cc2d-4039-885c-f23c9d97ed33] RpcClient init, ServerListFactory = com.alibaba.nacos.client.naming.core.ServerListManager
15:16:41.793 [main] INFO  c.a.n.c.r.client - [printIfInfoEnabled,60] - [0b1d2d1b-cc2d-4039-885c-f23c9d97ed33] Registry connection listener to current client:com.alibaba.nacos.client.naming.remote.gprc.redo.NamingGrpcRedoService
15:16:41.793 [main] INFO  c.a.n.c.r.client - [printIfInfoEnabled,60] - [0b1d2d1b-cc2d-4039-885c-f23c9d97ed33] Register server push request handler:com.alibaba.nacos.client.naming.remote.gprc.NamingPushRequestHandler
15:16:41.794 [main] INFO  c.a.n.c.r.client - [printIfInfoEnabled,60] - [0b1d2d1b-cc2d-4039-885c-f23c9d97ed33] Try to connect to server on start up, server: {serverIp = '127.0.0.1', server main port = 8848}
15:16:42.046 [main] INFO  c.a.n.c.r.client - [printIfInfoEnabled,60] - [0b1d2d1b-cc2d-4039-885c-f23c9d97ed33] Success to connect to server [127.0.0.1:8848] on start up, connectionId = 1690787801799_127.0.0.1_61086
15:16:42.046 [com.alibaba.nacos.client.remote.worker] INFO  c.a.n.c.r.client - [printIfInfoEnabled,60] - [0b1d2d1b-cc2d-4039-885c-f23c9d97ed33] Notify connected event to listeners.
15:16:42.046 [main] INFO  c.a.n.c.r.client - [printIfInfoEnabled,60] - [0b1d2d1b-cc2d-4039-885c-f23c9d97ed33] Register server push request handler:com.alibaba.nacos.common.remote.client.RpcClient$ConnectResetRequestHandler
15:16:42.047 [main] INFO  c.a.n.c.r.client - [printIfInfoEnabled,60] - [0b1d2d1b-cc2d-4039-885c-f23c9d97ed33] Register server push request handler:com.alibaba.nacos.common.remote.client.RpcClient$$Lambda$344/2123846943
15:16:42.201 [main] INFO  o.a.c.h.Http11NioProtocol - [log,173] - Starting ProtocolHandler ["http-nio-9300"]
15:16:42.283 [main] INFO  c.a.c.n.r.NacosServiceRegistry - [register,75] - nacos registry, DEFAULT_GROUP xmap-file 192.168.198.211:9300 register finished
15:16:48.453 [main] INFO  c.x.f.XmapFileApplication - [logStarted,61] - Started XmapFileApplication in 66.018 seconds (JVM running for 67.602)
15:16:48.462 [main] INFO  c.a.c.n.r.NacosContextRefresher - [registerNacosListener,129] - [Nacos Config] Listening config: dataId=xmap-file.yml, group=DEFAULT_GROUP
15:16:48.463 [main] INFO  c.a.c.n.r.NacosContextRefresher - [registerNacosListener,129] - [Nacos Config] Listening config: dataId=xmap-file, group=DEFAULT_GROUP
15:16:48.464 [main] INFO  c.a.c.n.r.NacosContextRefresher - [registerNacosListener,129] - [Nacos Config] Listening config: dataId=xmap-file-dev.yml, group=DEFAULT_GROUP
15:16:48.882 [RMI TCP Connection(1)-192.168.198.211] INFO  o.a.c.c.C.[.[.[/] - [log,173] - Initializing Spring DispatcherServlet 'dispatcherServlet'
15:17:14.577 [nacos-grpc-client-executor-18] INFO  c.a.n.c.r.client - [printIfInfoEnabled,60] - [0b1d2d1b-cc2d-4039-885c-f23c9d97ed33] Receive server push request, request = NotifySubscriberRequest, requestId = 3
15:17:14.579 [nacos-grpc-client-executor-18] INFO  c.a.n.c.r.client - [printIfInfoEnabled,60] - [0b1d2d1b-cc2d-4039-885c-f23c9d97ed33] Ack server push request, request = NotifySubscriberRequest, requestId = 3
15:17:14.581 [nacos-grpc-client-executor-19] INFO  c.a.n.c.r.client - [printIfInfoEnabled,60] - [0b1d2d1b-cc2d-4039-885c-f23c9d97ed33] Receive server push request, request = NotifySubscriberRequest, requestId = 14
15:17:14.581 [nacos-grpc-client-executor-19] INFO  c.a.n.c.r.client - [printIfInfoEnabled,60] - [0b1d2d1b-cc2d-4039-885c-f23c9d97ed33] Ack server push request, request = NotifySubscriberRequest, requestId = 14
15:40:01.444 [nacos-grpc-client-executor-317] INFO  c.a.n.c.r.client - [printIfInfoEnabled,60] - [0b1d2d1b-cc2d-4039-885c-f23c9d97ed33] Receive server push request, request = ClientDetectionRequest, requestId = 27
15:40:01.444 [nacos-grpc-client-executor-317] INFO  c.a.n.c.r.client - [printIfInfoEnabled,60] - [0b1d2d1b-cc2d-4039-885c-f23c9d97ed33] Ack server push request, request = ClientDetectionRequest, requestId = 27
15:40:01.450 [nacos-grpc-client-executor-317] INFO  c.a.n.c.r.client - [printIfInfoEnabled,60] - [4775b2dc-f573-45c3-8a6e-627064707145_config-0] Receive server push request, request = ClientDetectionRequest, requestId = 39
15:40:01.451 [nacos-grpc-client-executor-317] INFO  c.a.n.c.r.client - [printIfInfoEnabled,60] - [4775b2dc-f573-45c3-8a6e-627064707145_config-0] Ack server push request, request = ClientDetectionRequest, requestId = 39
15:58:02.160 [nacos-grpc-client-executor-532] INFO  c.a.n.c.r.client - [printIfInfoEnabled,60] - [0b1d2d1b-cc2d-4039-885c-f23c9d97ed33] Receive server push request, request = ClientDetectionRequest, requestId = 44
15:58:02.160 [nacos-grpc-client-executor-532] INFO  c.a.n.c.r.client - [printIfInfoEnabled,60] - [0b1d2d1b-cc2d-4039-885c-f23c9d97ed33] Ack server push request, request = ClientDetectionRequest, requestId = 44
15:58:02.168 [nacos-grpc-client-executor-539] INFO  c.a.n.c.r.client - [printIfInfoEnabled,60] - [4775b2dc-f573-45c3-8a6e-627064707145_config-0] Receive server push request, request = ClientDetectionRequest, requestId = 56
15:58:02.168 [nacos-grpc-client-executor-539] INFO  c.a.n.c.r.client - [printIfInfoEnabled,60] - [4775b2dc-f573-45c3-8a6e-627064707145_config-0] Ack server push request, request = ClientDetectionRequest, requestId = 56
16:14:53.602 [nacos-grpc-client-executor-741] INFO  c.a.n.c.r.client - [printIfInfoEnabled,60] - [0b1d2d1b-cc2d-4039-885c-f23c9d97ed33] Receive server push request, request = ClientDetectionRequest, requestId = 64
16:14:53.602 [nacos-grpc-client-executor-741] INFO  c.a.n.c.r.client - [printIfInfoEnabled,60] - [0b1d2d1b-cc2d-4039-885c-f23c9d97ed33] Ack server push request, request = ClientDetectionRequest, requestId = 64
16:14:53.604 [nacos-grpc-client-executor-752] INFO  c.a.n.c.r.client - [printIfInfoEnabled,60] - [4775b2dc-f573-45c3-8a6e-627064707145_config-0] Receive server push request, request = ClientDetectionRequest, requestId = 76
16:14:53.605 [nacos-grpc-client-executor-752] INFO  c.a.n.c.r.client - [printIfInfoEnabled,60] - [4775b2dc-f573-45c3-8a6e-627064707145_config-0] Ack server push request, request = ClientDetectionRequest, requestId = 76
16:23:29.424 [nacos-grpc-client-executor-841] INFO  c.a.n.c.r.client - [printIfInfoEnabled,60] - [0b1d2d1b-cc2d-4039-885c-f23c9d97ed33] Receive server push request, request = ClientDetectionRequest, requestId = 80
16:23:29.427 [nacos-grpc-client-executor-841] INFO  c.a.n.c.r.client - [printIfInfoEnabled,60] - [0b1d2d1b-cc2d-4039-885c-f23c9d97ed33] Ack server push request, request = ClientDetectionRequest, requestId = 80
