10:46:20.189 [background-preinit] INFO  o.h.v.i.util.Version - [<clinit>,21] - HV000001: Hibernate Validator 6.2.5.Final
10:46:22.862 [main] INFO  c.a.n.c.r.client - [lambda$createClient$0,80] - [RpcClientFactory] create a new rpc client of 2b240e13-7ac5-454c-b818-07abbf6466f2_config-0
10:46:23.065 [main] INFO  o.r.Reflections - [scan,232] - Reflections took 86 ms to scan 1 urls, producing 3 keys and 6 values 
10:46:23.124 [main] INFO  o.r.Reflections - [scan,232] - Reflections took 24 ms to scan 1 urls, producing 4 keys and 9 values 
10:46:23.146 [main] INFO  o.r.Reflections - [scan,232] - Reflections took 18 ms to scan 1 urls, producing 3 keys and 10 values 
10:46:23.512 [main] INFO  o.r.Reflections - [scan,232] - Reflections took 358 ms to scan 208 urls, producing 0 keys and 0 values 
10:46:23.534 [main] INFO  o.r.Reflections - [scan,232] - Reflections took 20 ms to scan 1 urls, producing 1 keys and 5 values 
10:46:23.557 [main] INFO  o.r.Reflections - [scan,232] - Reflections took 19 ms to scan 1 urls, producing 1 keys and 7 values 
10:46:23.580 [main] INFO  o.r.Reflections - [scan,232] - Reflections took 20 ms to scan 1 urls, producing 2 keys and 8 values 
10:46:23.809 [main] INFO  o.r.Reflections - [scan,232] - Reflections took 226 ms to scan 208 urls, producing 0 keys and 0 values 
10:46:23.811 [main] INFO  c.a.n.c.r.client - [printIfInfoEnabled,60] - [2b240e13-7ac5-454c-b818-07abbf6466f2_config-0] RpcClient init label, labels = {module=config, Vipserver-Tag=null, source=sdk, Amory-Tag=null, Location-Tag=null, taskId=0, AppName=unknown}
10:46:23.811 [main] INFO  c.a.n.c.r.client - [printIfInfoEnabled,60] - [2b240e13-7ac5-454c-b818-07abbf6466f2_config-0] Register server push request handler:com.alibaba.nacos.client.config.impl.ClientWorker$ConfigRpcTransportClient$$Lambda$336/2064883371
10:46:23.812 [main] INFO  c.a.n.c.r.client - [printIfInfoEnabled,60] - [2b240e13-7ac5-454c-b818-07abbf6466f2_config-0] Register server push request handler:com.alibaba.nacos.client.config.impl.ClientWorker$ConfigRpcTransportClient$$Lambda$337/82275756
10:46:23.813 [main] INFO  c.a.n.c.r.client - [printIfInfoEnabled,60] - [2b240e13-7ac5-454c-b818-07abbf6466f2_config-0] Registry connection listener to current client:com.alibaba.nacos.client.config.impl.ClientWorker$ConfigRpcTransportClient$1
10:46:23.813 [main] INFO  c.a.n.c.r.client - [printIfInfoEnabled,60] - [2b240e13-7ac5-454c-b818-07abbf6466f2_config-0] RpcClient init, ServerListFactory = com.alibaba.nacos.client.config.impl.ClientWorker$ConfigRpcTransportClient$2
10:46:23.823 [main] INFO  c.a.n.c.r.client - [printIfInfoEnabled,60] - [2b240e13-7ac5-454c-b818-07abbf6466f2_config-0] Try to connect to server on start up, server: {serverIp = '127.0.0.1', server main port = 8848}
10:46:28.705 [main] INFO  c.a.n.c.r.client - [printIfInfoEnabled,60] - [2b240e13-7ac5-454c-b818-07abbf6466f2_config-0] Success to connect to server [127.0.0.1:8848] on start up, connectionId = 1700189188279_127.0.0.1_6671
10:46:28.705 [com.alibaba.nacos.client.remote.worker] INFO  c.a.n.c.r.client - [printIfInfoEnabled,60] - [2b240e13-7ac5-454c-b818-07abbf6466f2_config-0] Notify connected event to listeners.
10:46:28.705 [main] INFO  c.a.n.c.r.client - [printIfInfoEnabled,60] - [2b240e13-7ac5-454c-b818-07abbf6466f2_config-0] Register server push request handler:com.alibaba.nacos.common.remote.client.RpcClient$ConnectResetRequestHandler
10:46:28.706 [main] INFO  c.a.n.c.r.client - [printIfInfoEnabled,60] - [2b240e13-7ac5-454c-b818-07abbf6466f2_config-0] Register server push request handler:com.alibaba.nacos.common.remote.client.RpcClient$$Lambda$345/1665308978
10:46:28.903 [main] INFO  c.x.g.XmapGatewayApplication - [logStartupProfileInfo,637] - The following 1 profile is active: "dev"
10:46:40.501 [main] INFO  c.a.c.s.g.s.SentinelSCGAutoConfiguration - [sentinelGatewayFilter,144] - [Sentinel SpringCloudGateway] register SentinelGatewayFilter with order: -2147483648
10:46:41.116 [main] INFO  c.a.c.s.g.s.SentinelSCGAutoConfiguration - [sentinelGatewayBlockExceptionHandler,134] - [Sentinel SpringCloudGateway] register SentinelGatewayBlockExceptionHandler
10:46:41.918 [main] INFO  c.a.n.c.r.client - [lambda$createClient$0,80] - [RpcClientFactory] create a new rpc client of e6e01df9-f920-48c2-b263-31bf2c9fee78_config-0
10:46:41.919 [main] INFO  c.a.n.c.r.client - [printIfInfoEnabled,60] - [e6e01df9-f920-48c2-b263-31bf2c9fee78_config-0] RpcClient init label, labels = {module=config, Vipserver-Tag=null, source=sdk, Amory-Tag=null, Location-Tag=null, taskId=0, AppName=unknown}
10:46:41.919 [main] INFO  c.a.n.c.r.client - [printIfInfoEnabled,60] - [e6e01df9-f920-48c2-b263-31bf2c9fee78_config-0] Register server push request handler:com.alibaba.nacos.client.config.impl.ClientWorker$ConfigRpcTransportClient$$Lambda$336/2064883371
10:46:41.919 [main] INFO  c.a.n.c.r.client - [printIfInfoEnabled,60] - [e6e01df9-f920-48c2-b263-31bf2c9fee78_config-0] Register server push request handler:com.alibaba.nacos.client.config.impl.ClientWorker$ConfigRpcTransportClient$$Lambda$337/82275756
10:46:41.919 [main] INFO  c.a.n.c.r.client - [printIfInfoEnabled,60] - [e6e01df9-f920-48c2-b263-31bf2c9fee78_config-0] Registry connection listener to current client:com.alibaba.nacos.client.config.impl.ClientWorker$ConfigRpcTransportClient$1
10:46:41.919 [main] INFO  c.a.n.c.r.client - [printIfInfoEnabled,60] - [e6e01df9-f920-48c2-b263-31bf2c9fee78_config-0] RpcClient init, ServerListFactory = com.alibaba.nacos.client.config.impl.ClientWorker$ConfigRpcTransportClient$2
10:46:41.920 [main] INFO  c.a.n.c.r.client - [printIfInfoEnabled,60] - [e6e01df9-f920-48c2-b263-31bf2c9fee78_config-0] Try to connect to server on start up, server: {serverIp = '127.0.0.1', server main port = 8848}
10:46:42.056 [main] INFO  c.a.n.c.r.client - [printIfInfoEnabled,60] - [e6e01df9-f920-48c2-b263-31bf2c9fee78_config-0] Success to connect to server [127.0.0.1:8848] on start up, connectionId = 1700189201933_127.0.0.1_6808
10:46:42.056 [main] INFO  c.a.n.c.r.client - [printIfInfoEnabled,60] - [e6e01df9-f920-48c2-b263-31bf2c9fee78_config-0] Register server push request handler:com.alibaba.nacos.common.remote.client.RpcClient$ConnectResetRequestHandler
10:46:42.056 [com.alibaba.nacos.client.remote.worker] INFO  c.a.n.c.r.client - [printIfInfoEnabled,60] - [e6e01df9-f920-48c2-b263-31bf2c9fee78_config-0] Notify connected event to listeners.
10:46:42.056 [main] INFO  c.a.n.c.r.client - [printIfInfoEnabled,60] - [e6e01df9-f920-48c2-b263-31bf2c9fee78_config-0] Register server push request handler:com.alibaba.nacos.common.remote.client.RpcClient$$Lambda$345/1665308978
10:46:42.216 [main] INFO  c.a.n.c.r.client - [lambda$createClient$0,80] - [RpcClientFactory] create a new rpc client of 48b73250-d4df-4146-98c4-a76b9951596b
10:46:42.217 [main] INFO  c.a.n.c.r.client - [printIfInfoEnabled,60] - [48b73250-d4df-4146-98c4-a76b9951596b] RpcClient init label, labels = {module=naming, source=sdk}
10:46:42.219 [main] INFO  c.a.n.c.r.client - [printIfInfoEnabled,60] - [48b73250-d4df-4146-98c4-a76b9951596b] RpcClient init, ServerListFactory = com.alibaba.nacos.client.naming.core.ServerListManager
10:46:42.219 [main] INFO  c.a.n.c.r.client - [printIfInfoEnabled,60] - [48b73250-d4df-4146-98c4-a76b9951596b] Registry connection listener to current client:com.alibaba.nacos.client.naming.remote.gprc.redo.NamingGrpcRedoService
10:46:42.220 [main] INFO  c.a.n.c.r.client - [printIfInfoEnabled,60] - [48b73250-d4df-4146-98c4-a76b9951596b] Register server push request handler:com.alibaba.nacos.client.naming.remote.gprc.NamingPushRequestHandler
10:46:42.221 [main] INFO  c.a.n.c.r.client - [printIfInfoEnabled,60] - [48b73250-d4df-4146-98c4-a76b9951596b] Try to connect to server on start up, server: {serverIp = '127.0.0.1', server main port = 8848}
10:46:42.353 [main] INFO  c.a.n.c.r.client - [printIfInfoEnabled,60] - [48b73250-d4df-4146-98c4-a76b9951596b] Success to connect to server [127.0.0.1:8848] on start up, connectionId = 1700189202229_127.0.0.1_6809
10:46:42.353 [com.alibaba.nacos.client.remote.worker] INFO  c.a.n.c.r.client - [printIfInfoEnabled,60] - [48b73250-d4df-4146-98c4-a76b9951596b] Notify connected event to listeners.
10:46:42.353 [main] INFO  c.a.n.c.r.client - [printIfInfoEnabled,60] - [48b73250-d4df-4146-98c4-a76b9951596b] Register server push request handler:com.alibaba.nacos.common.remote.client.RpcClient$ConnectResetRequestHandler
10:46:42.354 [main] INFO  c.a.n.c.r.client - [printIfInfoEnabled,60] - [48b73250-d4df-4146-98c4-a76b9951596b] Register server push request handler:com.alibaba.nacos.common.remote.client.RpcClient$$Lambda$345/1665308978
10:46:42.917 [nacos-grpc-client-executor-14] INFO  c.a.n.c.r.client - [printIfInfoEnabled,60] - [48b73250-d4df-4146-98c4-a76b9951596b] Receive server push request, request = NotifySubscriberRequest, requestId = 2
10:46:42.922 [nacos-grpc-client-executor-14] INFO  c.a.n.c.r.client - [printIfInfoEnabled,60] - [48b73250-d4df-4146-98c4-a76b9951596b] Ack server push request, request = NotifySubscriberRequest, requestId = 2
10:46:43.330 [nacos-grpc-client-executor-17] INFO  c.a.n.c.r.client - [printIfInfoEnabled,60] - [48b73250-d4df-4146-98c4-a76b9951596b] Receive server push request, request = NotifySubscriberRequest, requestId = 3
10:46:43.331 [nacos-grpc-client-executor-17] INFO  c.a.n.c.r.client - [printIfInfoEnabled,60] - [48b73250-d4df-4146-98c4-a76b9951596b] Ack server push request, request = NotifySubscriberRequest, requestId = 3
10:46:46.427 [main] INFO  c.a.c.n.r.NacosServiceRegistry - [register,75] - nacos registry, DEFAULT_GROUP xmap-gateway 10.100.60.135:8080 register finished
10:46:46.461 [main] INFO  c.x.g.XmapGatewayApplication - [logStarted,61] - Started XmapGatewayApplication in 28.545 seconds (JVM running for 31.149)
10:46:46.468 [main] INFO  c.a.c.n.r.NacosContextRefresher - [registerNacosListener,129] - [Nacos Config] Listening config: dataId=xmap-gateway, group=DEFAULT_GROUP
10:46:46.469 [main] INFO  c.a.c.n.r.NacosContextRefresher - [registerNacosListener,129] - [Nacos Config] Listening config: dataId=xmap-gateway.yml, group=DEFAULT_GROUP
10:46:46.471 [main] INFO  c.a.c.n.r.NacosContextRefresher - [registerNacosListener,129] - [Nacos Config] Listening config: dataId=xmap-gateway-dev.yml, group=DEFAULT_GROUP
10:46:47.030 [nacos-grpc-client-executor-32] INFO  c.a.n.c.r.client - [printIfInfoEnabled,60] - [48b73250-d4df-4146-98c4-a76b9951596b] Receive server push request, request = NotifySubscriberRequest, requestId = 4
10:46:47.036 [nacos-grpc-client-executor-32] INFO  c.a.n.c.r.client - [printIfInfoEnabled,60] - [48b73250-d4df-4146-98c4-a76b9951596b] Ack server push request, request = NotifySubscriberRequest, requestId = 4
10:47:13.470 [nacos-grpc-client-executor-49] INFO  c.a.n.c.r.client - [printIfInfoEnabled,60] - [48b73250-d4df-4146-98c4-a76b9951596b] Receive server push request, request = NotifySubscriberRequest, requestId = 6
10:47:13.470 [nacos-grpc-client-executor-49] INFO  c.a.n.c.r.client - [printIfInfoEnabled,60] - [48b73250-d4df-4146-98c4-a76b9951596b] Ack server push request, request = NotifySubscriberRequest, requestId = 6
10:51:43.580 [nacos-grpc-client-executor-130] INFO  c.a.n.c.r.client - [printIfInfoEnabled,60] - [48b73250-d4df-4146-98c4-a76b9951596b] Receive server push request, request = NotifySubscriberRequest, requestId = 8
10:51:43.581 [nacos-grpc-client-executor-130] INFO  c.a.n.c.r.client - [printIfInfoEnabled,60] - [48b73250-d4df-4146-98c4-a76b9951596b] Ack server push request, request = NotifySubscriberRequest, requestId = 8
11:11:28.585 [nacos-grpc-client-executor-453] INFO  c.a.n.c.r.client - [printIfInfoEnabled,60] - [48b73250-d4df-4146-98c4-a76b9951596b] Receive server push request, request = NotifySubscriberRequest, requestId = 10
11:11:28.591 [nacos-grpc-client-executor-453] INFO  c.a.n.c.r.client - [printIfInfoEnabled,60] - [48b73250-d4df-4146-98c4-a76b9951596b] Ack server push request, request = NotifySubscriberRequest, requestId = 10
11:11:59.997 [nacos-grpc-client-executor-463] INFO  c.a.n.c.r.client - [printIfInfoEnabled,60] - [48b73250-d4df-4146-98c4-a76b9951596b] Receive server push request, request = NotifySubscriberRequest, requestId = 12
11:12:00.002 [nacos-grpc-client-executor-463] INFO  c.a.n.c.r.client - [printIfInfoEnabled,60] - [48b73250-d4df-4146-98c4-a76b9951596b] Ack server push request, request = NotifySubscriberRequest, requestId = 12
14:43:07.764 [nacos-grpc-client-executor-4025] INFO  c.a.n.c.r.client - [printIfInfoEnabled,60] - [48b73250-d4df-4146-98c4-a76b9951596b] Receive server push request, request = NotifySubscriberRequest, requestId = 14
14:43:07.774 [nacos-grpc-client-executor-4025] INFO  c.a.n.c.r.client - [printIfInfoEnabled,60] - [48b73250-d4df-4146-98c4-a76b9951596b] Ack server push request, request = NotifySubscriberRequest, requestId = 14
14:43:33.048 [nacos-grpc-client-executor-4032] INFO  c.a.n.c.r.client - [printIfInfoEnabled,60] - [48b73250-d4df-4146-98c4-a76b9951596b] Receive server push request, request = NotifySubscriberRequest, requestId = 16
14:43:33.054 [nacos-grpc-client-executor-4032] INFO  c.a.n.c.r.client - [printIfInfoEnabled,60] - [48b73250-d4df-4146-98c4-a76b9951596b] Ack server push request, request = NotifySubscriberRequest, requestId = 16
14:54:22.815 [nacos-grpc-client-executor-4208] INFO  c.a.n.c.r.client - [printIfInfoEnabled,60] - [48b73250-d4df-4146-98c4-a76b9951596b] Receive server push request, request = NotifySubscriberRequest, requestId = 17
14:54:22.821 [nacos-grpc-client-executor-4208] INFO  c.a.n.c.r.client - [printIfInfoEnabled,60] - [48b73250-d4df-4146-98c4-a76b9951596b] Ack server push request, request = NotifySubscriberRequest, requestId = 17
14:54:45.921 [nacos-grpc-client-executor-4212] INFO  c.a.n.c.r.client - [printIfInfoEnabled,60] - [48b73250-d4df-4146-98c4-a76b9951596b] Receive server push request, request = NotifySubscriberRequest, requestId = 19
14:54:45.928 [nacos-grpc-client-executor-4212] INFO  c.a.n.c.r.client - [printIfInfoEnabled,60] - [48b73250-d4df-4146-98c4-a76b9951596b] Ack server push request, request = NotifySubscriberRequest, requestId = 19
15:54:53.913 [com.alibaba.nacos.client.remote.worker] INFO  c.a.n.c.r.client - [printIfInfoEnabled,60] - [48b73250-d4df-4146-98c4-a76b9951596b] Try to reconnect to a new server, server is  not appointed, will choose a random server.
15:54:53.913 [com.alibaba.nacos.client.remote.worker] INFO  c.a.n.c.r.client - [printIfInfoEnabled,60] - [2b240e13-7ac5-454c-b818-07abbf6466f2_config-0] Try to reconnect to a new server, server is  not appointed, will choose a random server.
15:54:53.913 [com.alibaba.nacos.client.remote.worker] INFO  c.a.n.c.r.client - [printIfInfoEnabled,60] - [e6e01df9-f920-48c2-b263-31bf2c9fee78_config-0] Try to reconnect to a new server, server is  not appointed, will choose a random server.
15:54:56.855 [SpringApplicationShutdownHook] INFO  c.a.c.n.r.NacosServiceRegistry - [deregister,94] - De-registering from Nacos Server now...
15:54:57.212 [SpringApplicationShutdownHook] INFO  c.a.c.n.r.NacosServiceRegistry - [deregister,114] - De-registration finished.
15:54:57.569 [SpringApplicationShutdownHook] INFO  c.a.n.c.r.client - [shutdown,454] - Shutdown rpc client, set status to shutdown
15:54:57.570 [SpringApplicationShutdownHook] INFO  c.a.n.c.r.client - [shutdown,456] - Shutdown client event executor java.util.concurrent.ScheduledThreadPoolExecutor@5128c194[Running, pool size = 2, active threads = 2, queued tasks = 0, completed tasks = 0]
15:54:57.570 [SpringApplicationShutdownHook] INFO  c.a.n.c.r.client - [closeConnection,591] - Close current connection 1700189202229_127.0.0.1_6809
15:54:57.571 [SpringApplicationShutdownHook] INFO  c.a.n.c.r.c.g.GrpcClient - [shutdown,85] - Shutdown grpc executor java.util.concurrent.ThreadPoolExecutor@2b23b55b[Running, pool size = 6, active threads = 0, queued tasks = 0, completed tasks = 5222]
15:54:57.571 [com.alibaba.nacos.client.remote.worker] INFO  c.a.n.c.r.client - [closeConnection,591] - Close current connection 1700189202229_127.0.0.1_6809
15:54:57.572 [com.alibaba.nacos.client.remote.worker] INFO  c.a.n.c.r.client - [printIfInfoEnabled,60] - [48b73250-d4df-4146-98c4-a76b9951596b] Fail to connect server, after trying 1 times, last try server is {serverIp = '127.0.0.1', server main port = 8848}, error = unknown
15:54:57.773 [com.alibaba.nacos.client.remote.worker] INFO  c.a.n.c.r.client - [printIfInfoEnabled,60] - [48b73250-d4df-4146-98c4-a76b9951596b] Client is shutdown, stop reconnect to server
15:54:58.313 [com.alibaba.nacos.client.remote.worker] INFO  c.a.n.c.r.client - [printIfInfoEnabled,60] - [e6e01df9-f920-48c2-b263-31bf2c9fee78_config-0] Fail to connect server, after trying 1 times, last try server is {serverIp = '127.0.0.1', server main port = 8848}, error = unknown
15:54:58.340 [com.alibaba.nacos.client.remote.worker] INFO  c.a.n.c.r.client - [printIfInfoEnabled,60] - [2b240e13-7ac5-454c-b818-07abbf6466f2_config-0] Fail to connect server, after trying 1 times, last try server is {serverIp = '127.0.0.1', server main port = 8848}, error = unknown
