09:44:54.242 [background-preinit] INFO  o.h.v.i.util.Version - [<clinit>,21] - HV000001: Hibernate Validator 6.2.5.Final
09:44:56.119 [main] INFO  c.a.n.c.r.client - [lambda$createClient$0,80] - [RpcClientFactory] create a new rpc client of 8c1134a0-5dfd-412a-b083-842c553b3d8c_config-0
09:44:56.332 [main] INFO  o.r.Reflections - [scan,232] - Reflections took 83 ms to scan 1 urls, producing 3 keys and 6 values 
09:44:56.381 [main] INFO  o.r.Reflections - [scan,232] - Reflections took 17 ms to scan 1 urls, producing 4 keys and 9 values 
09:44:56.404 [main] INFO  o.r.Reflections - [scan,232] - Reflections took 21 ms to scan 1 urls, producing 3 keys and 10 values 
09:44:56.656 [main] INFO  o.r.Reflections - [scan,232] - Reflections took 248 ms to scan 208 urls, producing 0 keys and 0 values 
09:44:56.669 [main] INFO  o.r.Reflections - [scan,232] - Reflections took 12 ms to scan 1 urls, producing 1 keys and 5 values 
09:44:56.689 [main] INFO  o.r.Reflections - [scan,232] - Reflections took 18 ms to scan 1 urls, producing 1 keys and 7 values 
09:44:56.705 [main] INFO  o.r.Reflections - [scan,232] - Reflections took 14 ms to scan 1 urls, producing 2 keys and 8 values 
09:44:56.884 [main] INFO  o.r.Reflections - [scan,232] - Reflections took 177 ms to scan 208 urls, producing 0 keys and 0 values 
09:44:56.929 [main] INFO  c.a.n.c.r.client - [printIfInfoEnabled,60] - [8c1134a0-5dfd-412a-b083-842c553b3d8c_config-0] RpcClient init label, labels = {module=config, Vipserver-Tag=null, source=sdk, Amory-Tag=null, Location-Tag=null, taskId=0, AppName=unknown}
09:44:56.930 [main] INFO  c.a.n.c.r.client - [printIfInfoEnabled,60] - [8c1134a0-5dfd-412a-b083-842c553b3d8c_config-0] Register server push request handler:com.alibaba.nacos.client.config.impl.ClientWorker$ConfigRpcTransportClient$$Lambda$336/82275756
09:44:56.931 [main] INFO  c.a.n.c.r.client - [printIfInfoEnabled,60] - [8c1134a0-5dfd-412a-b083-842c553b3d8c_config-0] Register server push request handler:com.alibaba.nacos.client.config.impl.ClientWorker$ConfigRpcTransportClient$$Lambda$337/1629353699
09:44:56.932 [main] INFO  c.a.n.c.r.client - [printIfInfoEnabled,60] - [8c1134a0-5dfd-412a-b083-842c553b3d8c_config-0] Registry connection listener to current client:com.alibaba.nacos.client.config.impl.ClientWorker$ConfigRpcTransportClient$1
09:44:56.932 [main] INFO  c.a.n.c.r.client - [printIfInfoEnabled,60] - [8c1134a0-5dfd-412a-b083-842c553b3d8c_config-0] RpcClient init, ServerListFactory = com.alibaba.nacos.client.config.impl.ClientWorker$ConfigRpcTransportClient$2
09:44:56.946 [main] INFO  c.a.n.c.r.client - [printIfInfoEnabled,60] - [8c1134a0-5dfd-412a-b083-842c553b3d8c_config-0] Try to connect to server on start up, server: {serverIp = '127.0.0.1', server main port = 8848}
09:45:01.249 [main] INFO  c.a.n.c.r.client - [printIfInfoEnabled,60] - [8c1134a0-5dfd-412a-b083-842c553b3d8c_config-0] Success to connect to server [127.0.0.1:8848] on start up, connectionId = 1698889500719_127.0.0.1_1868
09:45:01.250 [main] INFO  c.a.n.c.r.client - [printIfInfoEnabled,60] - [8c1134a0-5dfd-412a-b083-842c553b3d8c_config-0] Register server push request handler:com.alibaba.nacos.common.remote.client.RpcClient$ConnectResetRequestHandler
09:45:01.250 [com.alibaba.nacos.client.remote.worker] INFO  c.a.n.c.r.client - [printIfInfoEnabled,60] - [8c1134a0-5dfd-412a-b083-842c553b3d8c_config-0] Notify connected event to listeners.
09:45:01.251 [main] INFO  c.a.n.c.r.client - [printIfInfoEnabled,60] - [8c1134a0-5dfd-412a-b083-842c553b3d8c_config-0] Register server push request handler:com.alibaba.nacos.common.remote.client.RpcClient$$Lambda$345/1775120226
09:45:01.514 [main] INFO  c.x.g.XmapGatewayApplication - [logStartupProfileInfo,637] - The following 1 profile is active: "dev"
09:45:10.488 [main] INFO  c.a.c.s.g.s.SentinelSCGAutoConfiguration - [sentinelGatewayFilter,144] - [Sentinel SpringCloudGateway] register SentinelGatewayFilter with order: -2147483648
09:45:11.238 [main] INFO  c.a.c.s.g.s.SentinelSCGAutoConfiguration - [sentinelGatewayBlockExceptionHandler,134] - [Sentinel SpringCloudGateway] register SentinelGatewayBlockExceptionHandler
09:45:12.040 [main] INFO  c.a.n.c.r.client - [lambda$createClient$0,80] - [RpcClientFactory] create a new rpc client of 690156b0-62ae-47df-b300-e3f95cc94e8a_config-0
09:45:12.041 [main] INFO  c.a.n.c.r.client - [printIfInfoEnabled,60] - [690156b0-62ae-47df-b300-e3f95cc94e8a_config-0] RpcClient init label, labels = {module=config, Vipserver-Tag=null, source=sdk, Amory-Tag=null, Location-Tag=null, taskId=0, AppName=unknown}
09:45:12.041 [main] INFO  c.a.n.c.r.client - [printIfInfoEnabled,60] - [690156b0-62ae-47df-b300-e3f95cc94e8a_config-0] Register server push request handler:com.alibaba.nacos.client.config.impl.ClientWorker$ConfigRpcTransportClient$$Lambda$336/82275756
09:45:12.041 [main] INFO  c.a.n.c.r.client - [printIfInfoEnabled,60] - [690156b0-62ae-47df-b300-e3f95cc94e8a_config-0] Register server push request handler:com.alibaba.nacos.client.config.impl.ClientWorker$ConfigRpcTransportClient$$Lambda$337/1629353699
09:45:12.041 [main] INFO  c.a.n.c.r.client - [printIfInfoEnabled,60] - [690156b0-62ae-47df-b300-e3f95cc94e8a_config-0] Registry connection listener to current client:com.alibaba.nacos.client.config.impl.ClientWorker$ConfigRpcTransportClient$1
09:45:12.041 [main] INFO  c.a.n.c.r.client - [printIfInfoEnabled,60] - [690156b0-62ae-47df-b300-e3f95cc94e8a_config-0] RpcClient init, ServerListFactory = com.alibaba.nacos.client.config.impl.ClientWorker$ConfigRpcTransportClient$2
09:45:12.041 [main] INFO  c.a.n.c.r.client - [printIfInfoEnabled,60] - [690156b0-62ae-47df-b300-e3f95cc94e8a_config-0] Try to connect to server on start up, server: {serverIp = '127.0.0.1', server main port = 8848}
09:45:12.166 [main] INFO  c.a.n.c.r.client - [printIfInfoEnabled,60] - [690156b0-62ae-47df-b300-e3f95cc94e8a_config-0] Success to connect to server [127.0.0.1:8848] on start up, connectionId = 1698889512053_127.0.0.1_1884
09:45:12.167 [main] INFO  c.a.n.c.r.client - [printIfInfoEnabled,60] - [690156b0-62ae-47df-b300-e3f95cc94e8a_config-0] Register server push request handler:com.alibaba.nacos.common.remote.client.RpcClient$ConnectResetRequestHandler
09:45:12.167 [com.alibaba.nacos.client.remote.worker] INFO  c.a.n.c.r.client - [printIfInfoEnabled,60] - [690156b0-62ae-47df-b300-e3f95cc94e8a_config-0] Notify connected event to listeners.
09:45:12.168 [main] INFO  c.a.n.c.r.client - [printIfInfoEnabled,60] - [690156b0-62ae-47df-b300-e3f95cc94e8a_config-0] Register server push request handler:com.alibaba.nacos.common.remote.client.RpcClient$$Lambda$345/1775120226
09:45:12.356 [main] INFO  c.a.n.c.r.client - [lambda$createClient$0,80] - [RpcClientFactory] create a new rpc client of cd7e7718-efec-42ec-90d0-9a02ad8a43aa
09:45:12.356 [main] INFO  c.a.n.c.r.client - [printIfInfoEnabled,60] - [cd7e7718-efec-42ec-90d0-9a02ad8a43aa] RpcClient init label, labels = {module=naming, source=sdk}
09:45:12.359 [main] INFO  c.a.n.c.r.client - [printIfInfoEnabled,60] - [cd7e7718-efec-42ec-90d0-9a02ad8a43aa] RpcClient init, ServerListFactory = com.alibaba.nacos.client.naming.core.ServerListManager
09:45:12.359 [main] INFO  c.a.n.c.r.client - [printIfInfoEnabled,60] - [cd7e7718-efec-42ec-90d0-9a02ad8a43aa] Registry connection listener to current client:com.alibaba.nacos.client.naming.remote.gprc.redo.NamingGrpcRedoService
09:45:12.359 [main] INFO  c.a.n.c.r.client - [printIfInfoEnabled,60] - [cd7e7718-efec-42ec-90d0-9a02ad8a43aa] Register server push request handler:com.alibaba.nacos.client.naming.remote.gprc.NamingPushRequestHandler
09:45:12.360 [main] INFO  c.a.n.c.r.client - [printIfInfoEnabled,60] - [cd7e7718-efec-42ec-90d0-9a02ad8a43aa] Try to connect to server on start up, server: {serverIp = '127.0.0.1', server main port = 8848}
09:45:12.488 [main] INFO  c.a.n.c.r.client - [printIfInfoEnabled,60] - [cd7e7718-efec-42ec-90d0-9a02ad8a43aa] Success to connect to server [127.0.0.1:8848] on start up, connectionId = 1698889512365_127.0.0.1_1885
09:45:12.488 [main] INFO  c.a.n.c.r.client - [printIfInfoEnabled,60] - [cd7e7718-efec-42ec-90d0-9a02ad8a43aa] Register server push request handler:com.alibaba.nacos.common.remote.client.RpcClient$ConnectResetRequestHandler
09:45:12.488 [com.alibaba.nacos.client.remote.worker] INFO  c.a.n.c.r.client - [printIfInfoEnabled,60] - [cd7e7718-efec-42ec-90d0-9a02ad8a43aa] Notify connected event to listeners.
09:45:12.770 [main] INFO  c.a.n.c.r.client - [printIfInfoEnabled,60] - [cd7e7718-efec-42ec-90d0-9a02ad8a43aa] Register server push request handler:com.alibaba.nacos.common.remote.client.RpcClient$$Lambda$345/1775120226
09:45:14.693 [nacos-grpc-client-executor-13] INFO  c.a.n.c.r.client - [printIfInfoEnabled,60] - [cd7e7718-efec-42ec-90d0-9a02ad8a43aa] Receive server push request, request = NotifySubscriberRequest, requestId = 1
09:45:14.697 [nacos-grpc-client-executor-13] INFO  c.a.n.c.r.client - [printIfInfoEnabled,60] - [cd7e7718-efec-42ec-90d0-9a02ad8a43aa] Ack server push request, request = NotifySubscriberRequest, requestId = 1
09:45:16.839 [main] INFO  c.a.c.n.r.NacosServiceRegistry - [register,75] - nacos registry, DEFAULT_GROUP xmap-gateway 10.100.60.135:8080 register finished
09:45:16.872 [main] INFO  c.x.g.XmapGatewayApplication - [logStarted,61] - Started XmapGatewayApplication in 25.368 seconds (JVM running for 31.244)
09:45:16.881 [main] INFO  c.a.c.n.r.NacosContextRefresher - [registerNacosListener,129] - [Nacos Config] Listening config: dataId=xmap-gateway, group=DEFAULT_GROUP
09:45:16.895 [main] INFO  c.a.c.n.r.NacosContextRefresher - [registerNacosListener,129] - [Nacos Config] Listening config: dataId=xmap-gateway.yml, group=DEFAULT_GROUP
09:45:16.897 [main] INFO  c.a.c.n.r.NacosContextRefresher - [registerNacosListener,129] - [Nacos Config] Listening config: dataId=xmap-gateway-dev.yml, group=DEFAULT_GROUP
09:45:17.359 [nacos-grpc-client-executor-25] INFO  c.a.n.c.r.client - [printIfInfoEnabled,60] - [cd7e7718-efec-42ec-90d0-9a02ad8a43aa] Receive server push request, request = NotifySubscriberRequest, requestId = 2
09:45:17.377 [nacos-grpc-client-executor-25] INFO  c.a.n.c.r.client - [printIfInfoEnabled,60] - [cd7e7718-efec-42ec-90d0-9a02ad8a43aa] Ack server push request, request = NotifySubscriberRequest, requestId = 2
09:47:13.552 [nacos-grpc-client-executor-75] INFO  c.a.n.c.r.client - [printIfInfoEnabled,60] - [cd7e7718-efec-42ec-90d0-9a02ad8a43aa] Receive server push request, request = NotifySubscriberRequest, requestId = 4
09:47:13.553 [nacos-grpc-client-executor-75] INFO  c.a.n.c.r.client - [printIfInfoEnabled,60] - [cd7e7718-efec-42ec-90d0-9a02ad8a43aa] Ack server push request, request = NotifySubscriberRequest, requestId = 4
09:48:43.564 [nacos-grpc-client-executor-103] INFO  c.a.n.c.r.client - [printIfInfoEnabled,60] - [cd7e7718-efec-42ec-90d0-9a02ad8a43aa] Receive server push request, request = NotifySubscriberRequest, requestId = 6
09:48:43.566 [nacos-grpc-client-executor-103] INFO  c.a.n.c.r.client - [printIfInfoEnabled,60] - [cd7e7718-efec-42ec-90d0-9a02ad8a43aa] Ack server push request, request = NotifySubscriberRequest, requestId = 6
09:50:13.602 [nacos-grpc-client-executor-130] INFO  c.a.n.c.r.client - [printIfInfoEnabled,60] - [cd7e7718-efec-42ec-90d0-9a02ad8a43aa] Receive server push request, request = NotifySubscriberRequest, requestId = 8
09:50:13.602 [nacos-grpc-client-executor-130] INFO  c.a.n.c.r.client - [printIfInfoEnabled,60] - [cd7e7718-efec-42ec-90d0-9a02ad8a43aa] Ack server push request, request = NotifySubscriberRequest, requestId = 8
09:55:15.414 [nacos-grpc-client-executor-217] INFO  c.a.n.c.r.client - [printIfInfoEnabled,60] - [cd7e7718-efec-42ec-90d0-9a02ad8a43aa] Receive server push request, request = NotifySubscriberRequest, requestId = 11
09:55:15.419 [nacos-grpc-client-executor-217] INFO  c.a.n.c.r.client - [printIfInfoEnabled,60] - [cd7e7718-efec-42ec-90d0-9a02ad8a43aa] Ack server push request, request = NotifySubscriberRequest, requestId = 11
09:55:41.561 [nacos-grpc-client-executor-222] INFO  c.a.n.c.r.client - [printIfInfoEnabled,60] - [cd7e7718-efec-42ec-90d0-9a02ad8a43aa] Receive server push request, request = NotifySubscriberRequest, requestId = 12
09:55:41.570 [nacos-grpc-client-executor-222] INFO  c.a.n.c.r.client - [printIfInfoEnabled,60] - [cd7e7718-efec-42ec-90d0-9a02ad8a43aa] Ack server push request, request = NotifySubscriberRequest, requestId = 12
10:17:03.139 [nacos-grpc-client-executor-574] INFO  c.a.n.c.r.client - [printIfInfoEnabled,60] - [cd7e7718-efec-42ec-90d0-9a02ad8a43aa] Receive server push request, request = NotifySubscriberRequest, requestId = 15
10:17:03.147 [nacos-grpc-client-executor-574] INFO  c.a.n.c.r.client - [printIfInfoEnabled,60] - [cd7e7718-efec-42ec-90d0-9a02ad8a43aa] Ack server push request, request = NotifySubscriberRequest, requestId = 15
10:17:27.883 [nacos-grpc-client-executor-583] INFO  c.a.n.c.r.client - [printIfInfoEnabled,60] - [cd7e7718-efec-42ec-90d0-9a02ad8a43aa] Receive server push request, request = NotifySubscriberRequest, requestId = 16
10:17:27.889 [nacos-grpc-client-executor-583] INFO  c.a.n.c.r.client - [printIfInfoEnabled,60] - [cd7e7718-efec-42ec-90d0-9a02ad8a43aa] Ack server push request, request = NotifySubscriberRequest, requestId = 16
16:16:40.073 [nacos-grpc-client-executor-6236] INFO  c.a.n.c.r.client - [printIfInfoEnabled,60] - [cd7e7718-efec-42ec-90d0-9a02ad8a43aa] Receive server push request, request = NotifySubscriberRequest, requestId = 19
16:16:40.073 [nacos-grpc-client-executor-6236] INFO  c.a.n.c.r.client - [printIfInfoEnabled,60] - [cd7e7718-efec-42ec-90d0-9a02ad8a43aa] Ack server push request, request = NotifySubscriberRequest, requestId = 19
21:00:40.813 [nacos-grpc-client-executor-10570] INFO  c.a.n.c.r.client - [printIfInfoEnabled,60] - [cd7e7718-efec-42ec-90d0-9a02ad8a43aa] Receive server push request, request = NotifySubscriberRequest, requestId = 20
21:00:40.847 [nacos-grpc-client-executor-10570] INFO  c.a.n.c.r.client - [printIfInfoEnabled,60] - [cd7e7718-efec-42ec-90d0-9a02ad8a43aa] Ack server push request, request = NotifySubscriberRequest, requestId = 20
21:00:40.852 [nacos-grpc-client-executor-10571] INFO  c.a.n.c.r.client - [printIfInfoEnabled,60] - [cd7e7718-efec-42ec-90d0-9a02ad8a43aa] Receive server push request, request = NotifySubscriberRequest, requestId = 21
21:00:40.863 [nacos-grpc-client-executor-10571] INFO  c.a.n.c.r.client - [printIfInfoEnabled,60] - [cd7e7718-efec-42ec-90d0-9a02ad8a43aa] Ack server push request, request = NotifySubscriberRequest, requestId = 21
