09:32:42.913 [background-preinit] INFO  o.h.v.i.util.Version - [<clinit>,21] - HV000001: Hibernate Validator 6.2.5.Final
09:32:46.253 [main] INFO  c.a.n.c.r.client - [lambda$createClient$0,80] - [RpcClientFactory] create a new rpc client of 5e1ddf90-4964-4185-95d0-6b899bda72f6_config-0
09:32:46.449 [main] INFO  o.r.Reflections - [scan,232] - Reflections took 107 ms to scan 1 urls, producing 3 keys and 6 values 
09:32:46.525 [main] INFO  o.r.Reflections - [scan,232] - Reflections took 34 ms to scan 1 urls, producing 4 keys and 9 values 
09:32:46.590 [main] INFO  o.r.Reflections - [scan,232] - Reflections took 57 ms to scan 1 urls, producing 3 keys and 10 values 
09:32:47.149 [main] INFO  o.r.Reflections - [scan,232] - Reflections took 552 ms to scan 208 urls, producing 0 keys and 0 values 
09:32:47.177 [main] INFO  o.r.Reflections - [scan,232] - Reflections took 25 ms to scan 1 urls, producing 1 keys and 5 values 
09:32:47.207 [main] INFO  o.r.Reflections - [scan,232] - Reflections took 26 ms to scan 1 urls, producing 1 keys and 7 values 
09:32:47.230 [main] INFO  o.r.Reflections - [scan,232] - Reflections took 20 ms to scan 1 urls, producing 2 keys and 8 values 
09:32:47.579 [main] INFO  o.r.Reflections - [scan,232] - Reflections took 343 ms to scan 208 urls, producing 0 keys and 0 values 
09:32:47.582 [main] INFO  c.a.n.c.r.client - [printIfInfoEnabled,60] - [5e1ddf90-4964-4185-95d0-6b899bda72f6_config-0] RpcClient init label, labels = {module=config, Vipserver-Tag=null, source=sdk, Amory-Tag=null, Location-Tag=null, taskId=0, AppName=unknown}
09:32:47.584 [main] INFO  c.a.n.c.r.client - [printIfInfoEnabled,60] - [5e1ddf90-4964-4185-95d0-6b899bda72f6_config-0] Register server push request handler:com.alibaba.nacos.client.config.impl.ClientWorker$ConfigRpcTransportClient$$Lambda$336/82275756
09:32:47.585 [main] INFO  c.a.n.c.r.client - [printIfInfoEnabled,60] - [5e1ddf90-4964-4185-95d0-6b899bda72f6_config-0] Register server push request handler:com.alibaba.nacos.client.config.impl.ClientWorker$ConfigRpcTransportClient$$Lambda$337/1629353699
09:32:47.586 [main] INFO  c.a.n.c.r.client - [printIfInfoEnabled,60] - [5e1ddf90-4964-4185-95d0-6b899bda72f6_config-0] Registry connection listener to current client:com.alibaba.nacos.client.config.impl.ClientWorker$ConfigRpcTransportClient$1
09:32:47.587 [main] INFO  c.a.n.c.r.client - [printIfInfoEnabled,60] - [5e1ddf90-4964-4185-95d0-6b899bda72f6_config-0] RpcClient init, ServerListFactory = com.alibaba.nacos.client.config.impl.ClientWorker$ConfigRpcTransportClient$2
09:32:47.602 [main] INFO  c.a.n.c.r.client - [printIfInfoEnabled,60] - [5e1ddf90-4964-4185-95d0-6b899bda72f6_config-0] Try to connect to server on start up, server: {serverIp = '127.0.0.1', server main port = 8848}
09:32:54.202 [main] INFO  c.a.n.c.r.client - [printIfInfoEnabled,60] - [5e1ddf90-4964-4185-95d0-6b899bda72f6_config-0] Try to connect to server on start up, server: {serverIp = '127.0.0.1', server main port = 8848}
09:32:54.806 [main] INFO  c.a.n.c.r.client - [printIfInfoEnabled,60] - [5e1ddf90-4964-4185-95d0-6b899bda72f6_config-0] Success to connect to server [127.0.0.1:8848] on start up, connectionId = 1700530374369_127.0.0.1_11296
09:32:54.807 [com.alibaba.nacos.client.remote.worker] INFO  c.a.n.c.r.client - [printIfInfoEnabled,60] - [5e1ddf90-4964-4185-95d0-6b899bda72f6_config-0] Notify connected event to listeners.
09:32:54.808 [main] INFO  c.a.n.c.r.client - [printIfInfoEnabled,60] - [5e1ddf90-4964-4185-95d0-6b899bda72f6_config-0] Register server push request handler:com.alibaba.nacos.common.remote.client.RpcClient$ConnectResetRequestHandler
09:32:54.809 [main] INFO  c.a.n.c.r.client - [printIfInfoEnabled,60] - [5e1ddf90-4964-4185-95d0-6b899bda72f6_config-0] Register server push request handler:com.alibaba.nacos.common.remote.client.RpcClient$$Lambda$345/775574071
09:32:54.985 [main] INFO  c.x.g.XmapGatewayApplication - [logStartupProfileInfo,637] - The following 1 profile is active: "dev"
09:33:07.823 [main] INFO  c.a.c.s.g.s.SentinelSCGAutoConfiguration - [sentinelGatewayFilter,144] - [Sentinel SpringCloudGateway] register SentinelGatewayFilter with order: -2147483648
09:33:10.369 [main] INFO  c.a.c.s.g.s.SentinelSCGAutoConfiguration - [sentinelGatewayBlockExceptionHandler,134] - [Sentinel SpringCloudGateway] register SentinelGatewayBlockExceptionHandler
09:33:11.986 [main] INFO  c.a.n.c.r.client - [lambda$createClient$0,80] - [RpcClientFactory] create a new rpc client of 6a7e0a88-17ef-4ef9-b0b0-28aeca1f4d5e_config-0
09:33:11.987 [main] INFO  c.a.n.c.r.client - [printIfInfoEnabled,60] - [6a7e0a88-17ef-4ef9-b0b0-28aeca1f4d5e_config-0] RpcClient init label, labels = {module=config, Vipserver-Tag=null, source=sdk, Amory-Tag=null, Location-Tag=null, taskId=0, AppName=unknown}
09:33:11.987 [main] INFO  c.a.n.c.r.client - [printIfInfoEnabled,60] - [6a7e0a88-17ef-4ef9-b0b0-28aeca1f4d5e_config-0] Register server push request handler:com.alibaba.nacos.client.config.impl.ClientWorker$ConfigRpcTransportClient$$Lambda$336/82275756
09:33:11.987 [main] INFO  c.a.n.c.r.client - [printIfInfoEnabled,60] - [6a7e0a88-17ef-4ef9-b0b0-28aeca1f4d5e_config-0] Register server push request handler:com.alibaba.nacos.client.config.impl.ClientWorker$ConfigRpcTransportClient$$Lambda$337/1629353699
09:33:11.988 [main] INFO  c.a.n.c.r.client - [printIfInfoEnabled,60] - [6a7e0a88-17ef-4ef9-b0b0-28aeca1f4d5e_config-0] Registry connection listener to current client:com.alibaba.nacos.client.config.impl.ClientWorker$ConfigRpcTransportClient$1
09:33:11.988 [main] INFO  c.a.n.c.r.client - [printIfInfoEnabled,60] - [6a7e0a88-17ef-4ef9-b0b0-28aeca1f4d5e_config-0] RpcClient init, ServerListFactory = com.alibaba.nacos.client.config.impl.ClientWorker$ConfigRpcTransportClient$2
09:33:11.989 [main] INFO  c.a.n.c.r.client - [printIfInfoEnabled,60] - [6a7e0a88-17ef-4ef9-b0b0-28aeca1f4d5e_config-0] Try to connect to server on start up, server: {serverIp = '127.0.0.1', server main port = 8848}
09:33:12.125 [main] INFO  c.a.n.c.r.client - [printIfInfoEnabled,60] - [6a7e0a88-17ef-4ef9-b0b0-28aeca1f4d5e_config-0] Success to connect to server [127.0.0.1:8848] on start up, connectionId = 1700530391999_127.0.0.1_11427
09:33:12.126 [com.alibaba.nacos.client.remote.worker] INFO  c.a.n.c.r.client - [printIfInfoEnabled,60] - [6a7e0a88-17ef-4ef9-b0b0-28aeca1f4d5e_config-0] Notify connected event to listeners.
09:33:12.126 [main] INFO  c.a.n.c.r.client - [printIfInfoEnabled,60] - [6a7e0a88-17ef-4ef9-b0b0-28aeca1f4d5e_config-0] Register server push request handler:com.alibaba.nacos.common.remote.client.RpcClient$ConnectResetRequestHandler
09:33:12.127 [main] INFO  c.a.n.c.r.client - [printIfInfoEnabled,60] - [6a7e0a88-17ef-4ef9-b0b0-28aeca1f4d5e_config-0] Register server push request handler:com.alibaba.nacos.common.remote.client.RpcClient$$Lambda$345/775574071
09:33:12.500 [main] INFO  c.a.n.c.r.client - [lambda$createClient$0,80] - [RpcClientFactory] create a new rpc client of 43d284fa-7597-448c-bd5e-fbba47d87a6c
09:33:12.501 [main] INFO  c.a.n.c.r.client - [printIfInfoEnabled,60] - [43d284fa-7597-448c-bd5e-fbba47d87a6c] RpcClient init label, labels = {module=naming, source=sdk}
09:33:12.506 [main] INFO  c.a.n.c.r.client - [printIfInfoEnabled,60] - [43d284fa-7597-448c-bd5e-fbba47d87a6c] RpcClient init, ServerListFactory = com.alibaba.nacos.client.naming.core.ServerListManager
09:33:12.507 [main] INFO  c.a.n.c.r.client - [printIfInfoEnabled,60] - [43d284fa-7597-448c-bd5e-fbba47d87a6c] Registry connection listener to current client:com.alibaba.nacos.client.naming.remote.gprc.redo.NamingGrpcRedoService
09:33:12.508 [main] INFO  c.a.n.c.r.client - [printIfInfoEnabled,60] - [43d284fa-7597-448c-bd5e-fbba47d87a6c] Register server push request handler:com.alibaba.nacos.client.naming.remote.gprc.NamingPushRequestHandler
09:33:12.510 [main] INFO  c.a.n.c.r.client - [printIfInfoEnabled,60] - [43d284fa-7597-448c-bd5e-fbba47d87a6c] Try to connect to server on start up, server: {serverIp = '127.0.0.1', server main port = 8848}
09:33:12.650 [main] INFO  c.a.n.c.r.client - [printIfInfoEnabled,60] - [43d284fa-7597-448c-bd5e-fbba47d87a6c] Success to connect to server [127.0.0.1:8848] on start up, connectionId = 1700530392521_127.0.0.1_11430
09:33:12.653 [com.alibaba.nacos.client.remote.worker] INFO  c.a.n.c.r.client - [printIfInfoEnabled,60] - [43d284fa-7597-448c-bd5e-fbba47d87a6c] Notify connected event to listeners.
09:33:12.653 [main] INFO  c.a.n.c.r.client - [printIfInfoEnabled,60] - [43d284fa-7597-448c-bd5e-fbba47d87a6c] Register server push request handler:com.alibaba.nacos.common.remote.client.RpcClient$ConnectResetRequestHandler
09:33:12.654 [main] INFO  c.a.n.c.r.client - [printIfInfoEnabled,60] - [43d284fa-7597-448c-bd5e-fbba47d87a6c] Register server push request handler:com.alibaba.nacos.common.remote.client.RpcClient$$Lambda$345/775574071
09:33:13.251 [nacos-grpc-client-executor-11] INFO  c.a.n.c.r.client - [printIfInfoEnabled,60] - [43d284fa-7597-448c-bd5e-fbba47d87a6c] Receive server push request, request = NotifySubscriberRequest, requestId = 2
09:33:13.291 [nacos-grpc-client-executor-11] INFO  c.a.n.c.r.client - [printIfInfoEnabled,60] - [43d284fa-7597-448c-bd5e-fbba47d87a6c] Ack server push request, request = NotifySubscriberRequest, requestId = 2
09:33:13.436 [nacos-grpc-client-executor-12] INFO  c.a.n.c.r.client - [printIfInfoEnabled,60] - [43d284fa-7597-448c-bd5e-fbba47d87a6c] Receive server push request, request = NotifySubscriberRequest, requestId = 3
09:33:13.437 [nacos-grpc-client-executor-12] INFO  c.a.n.c.r.client - [printIfInfoEnabled,60] - [43d284fa-7597-448c-bd5e-fbba47d87a6c] Ack server push request, request = NotifySubscriberRequest, requestId = 3
09:33:19.997 [main] INFO  c.a.c.n.r.NacosServiceRegistry - [register,75] - nacos registry, DEFAULT_GROUP xmap-gateway 10.100.60.135:8080 register finished
09:33:20.070 [main] INFO  c.x.g.XmapGatewayApplication - [logStarted,61] - Started XmapGatewayApplication in 39.735 seconds (JVM running for 46.343)
09:33:20.078 [main] INFO  c.a.c.n.r.NacosContextRefresher - [registerNacosListener,129] - [Nacos Config] Listening config: dataId=xmap-gateway, group=DEFAULT_GROUP
09:33:20.083 [main] INFO  c.a.c.n.r.NacosContextRefresher - [registerNacosListener,129] - [Nacos Config] Listening config: dataId=xmap-gateway.yml, group=DEFAULT_GROUP
09:33:20.085 [main] INFO  c.a.c.n.r.NacosContextRefresher - [registerNacosListener,129] - [Nacos Config] Listening config: dataId=xmap-gateway-dev.yml, group=DEFAULT_GROUP
09:33:20.578 [nacos-grpc-client-executor-26] INFO  c.a.n.c.r.client - [printIfInfoEnabled,60] - [43d284fa-7597-448c-bd5e-fbba47d87a6c] Receive server push request, request = NotifySubscriberRequest, requestId = 4
09:33:20.601 [nacos-grpc-client-executor-26] INFO  c.a.n.c.r.client - [printIfInfoEnabled,60] - [43d284fa-7597-448c-bd5e-fbba47d87a6c] Ack server push request, request = NotifySubscriberRequest, requestId = 4
09:33:43.661 [nacos-grpc-client-executor-43] INFO  c.a.n.c.r.client - [printIfInfoEnabled,60] - [43d284fa-7597-448c-bd5e-fbba47d87a6c] Receive server push request, request = NotifySubscriberRequest, requestId = 8
09:33:43.662 [nacos-grpc-client-executor-43] INFO  c.a.n.c.r.client - [printIfInfoEnabled,60] - [43d284fa-7597-448c-bd5e-fbba47d87a6c] Ack server push request, request = NotifySubscriberRequest, requestId = 8
09:33:43.665 [nacos-grpc-client-executor-44] INFO  c.a.n.c.r.client - [printIfInfoEnabled,60] - [43d284fa-7597-448c-bd5e-fbba47d87a6c] Receive server push request, request = NotifySubscriberRequest, requestId = 7
09:33:43.666 [nacos-grpc-client-executor-44] INFO  c.a.n.c.r.client - [printIfInfoEnabled,60] - [43d284fa-7597-448c-bd5e-fbba47d87a6c] Ack server push request, request = NotifySubscriberRequest, requestId = 7
11:29:16.686 [nacos-grpc-client-executor-2006] INFO  c.a.n.c.r.client - [printIfInfoEnabled,60] - [43d284fa-7597-448c-bd5e-fbba47d87a6c] Receive server push request, request = NotifySubscriberRequest, requestId = 11
11:29:16.687 [nacos-grpc-client-executor-2006] INFO  c.a.n.c.r.client - [printIfInfoEnabled,60] - [43d284fa-7597-448c-bd5e-fbba47d87a6c] Ack server push request, request = NotifySubscriberRequest, requestId = 11
11:36:54.002 [SpringApplicationShutdownHook] INFO  c.a.c.n.r.NacosServiceRegistry - [deregister,94] - De-registering from Nacos Server now...
11:36:54.008 [SpringApplicationShutdownHook] INFO  c.a.c.n.r.NacosServiceRegistry - [deregister,114] - De-registration finished.
11:36:54.345 [SpringApplicationShutdownHook] INFO  c.a.n.c.r.client - [shutdown,454] - Shutdown rpc client, set status to shutdown
11:36:54.345 [SpringApplicationShutdownHook] INFO  c.a.n.c.r.client - [shutdown,456] - Shutdown client event executor java.util.concurrent.ScheduledThreadPoolExecutor@11732230[Running, pool size = 2, active threads = 2, queued tasks = 0, completed tasks = 0]
11:36:54.346 [SpringApplicationShutdownHook] INFO  c.a.n.c.r.client - [closeConnection,591] - Close current connection 1700530392521_127.0.0.1_11430
11:36:54.347 [SpringApplicationShutdownHook] INFO  c.a.n.c.r.c.g.GrpcClient - [shutdown,85] - Shutdown grpc executor java.util.concurrent.ThreadPoolExecutor@4ebf03da[Running, pool size = 6, active threads = 0, queued tasks = 0, completed tasks = 2141]
14:30:42.410 [background-preinit] INFO  o.h.v.i.util.Version - [<clinit>,21] - HV000001: Hibernate Validator 6.2.5.Final
14:30:44.197 [main] INFO  c.a.n.c.r.client - [lambda$createClient$0,80] - [RpcClientFactory] create a new rpc client of 5e6364e7-301a-4d3f-b7d4-dd95152ca801_config-0
14:30:44.270 [main] INFO  o.r.Reflections - [scan,232] - Reflections took 38 ms to scan 1 urls, producing 3 keys and 6 values 
14:30:44.298 [main] INFO  o.r.Reflections - [scan,232] - Reflections took 11 ms to scan 1 urls, producing 4 keys and 9 values 
14:30:44.307 [main] INFO  o.r.Reflections - [scan,232] - Reflections took 7 ms to scan 1 urls, producing 3 keys and 10 values 
14:30:44.400 [main] INFO  o.r.Reflections - [scan,232] - Reflections took 91 ms to scan 208 urls, producing 0 keys and 0 values 
14:30:44.407 [main] INFO  o.r.Reflections - [scan,232] - Reflections took 6 ms to scan 1 urls, producing 1 keys and 5 values 
14:30:44.415 [main] INFO  o.r.Reflections - [scan,232] - Reflections took 7 ms to scan 1 urls, producing 1 keys and 7 values 
14:30:44.423 [main] INFO  o.r.Reflections - [scan,232] - Reflections took 7 ms to scan 1 urls, producing 2 keys and 8 values 
14:30:44.482 [main] INFO  o.r.Reflections - [scan,232] - Reflections took 56 ms to scan 208 urls, producing 0 keys and 0 values 
14:30:44.482 [main] INFO  c.a.n.c.r.client - [printIfInfoEnabled,60] - [5e6364e7-301a-4d3f-b7d4-dd95152ca801_config-0] RpcClient init label, labels = {module=config, Vipserver-Tag=null, source=sdk, Amory-Tag=null, Location-Tag=null, taskId=0, AppName=unknown}
14:30:44.484 [main] INFO  c.a.n.c.r.client - [printIfInfoEnabled,60] - [5e6364e7-301a-4d3f-b7d4-dd95152ca801_config-0] Register server push request handler:com.alibaba.nacos.client.config.impl.ClientWorker$ConfigRpcTransportClient$$Lambda$329/1609086753
14:30:44.484 [main] INFO  c.a.n.c.r.client - [printIfInfoEnabled,60] - [5e6364e7-301a-4d3f-b7d4-dd95152ca801_config-0] Register server push request handler:com.alibaba.nacos.client.config.impl.ClientWorker$ConfigRpcTransportClient$$Lambda$330/1427775702
14:30:44.484 [main] INFO  c.a.n.c.r.client - [printIfInfoEnabled,60] - [5e6364e7-301a-4d3f-b7d4-dd95152ca801_config-0] Registry connection listener to current client:com.alibaba.nacos.client.config.impl.ClientWorker$ConfigRpcTransportClient$1
14:30:44.485 [main] INFO  c.a.n.c.r.client - [printIfInfoEnabled,60] - [5e6364e7-301a-4d3f-b7d4-dd95152ca801_config-0] RpcClient init, ServerListFactory = com.alibaba.nacos.client.config.impl.ClientWorker$ConfigRpcTransportClient$2
14:30:44.490 [main] INFO  c.a.n.c.r.client - [printIfInfoEnabled,60] - [5e6364e7-301a-4d3f-b7d4-dd95152ca801_config-0] Try to connect to server on start up, server: {serverIp = '127.0.0.1', server main port = 8848}
14:30:45.446 [main] INFO  c.a.n.c.r.client - [printIfInfoEnabled,60] - [5e6364e7-301a-4d3f-b7d4-dd95152ca801_config-0] Success to connect to server [127.0.0.1:8848] on start up, connectionId = 1700548245244_127.0.0.1_51667
14:30:45.447 [main] INFO  c.a.n.c.r.client - [printIfInfoEnabled,60] - [5e6364e7-301a-4d3f-b7d4-dd95152ca801_config-0] Register server push request handler:com.alibaba.nacos.common.remote.client.RpcClient$ConnectResetRequestHandler
14:30:45.447 [com.alibaba.nacos.client.remote.worker] INFO  c.a.n.c.r.client - [printIfInfoEnabled,60] - [5e6364e7-301a-4d3f-b7d4-dd95152ca801_config-0] Notify connected event to listeners.
14:30:45.448 [main] INFO  c.a.n.c.r.client - [printIfInfoEnabled,60] - [5e6364e7-301a-4d3f-b7d4-dd95152ca801_config-0] Register server push request handler:com.alibaba.nacos.common.remote.client.RpcClient$$Lambda$339/115939475
14:30:45.569 [main] INFO  c.x.g.XmapGatewayApplication - [logStartupProfileInfo,637] - The following 1 profile is active: "dev"
14:30:52.600 [main] INFO  c.a.c.s.g.s.SentinelSCGAutoConfiguration - [sentinelGatewayFilter,144] - [Sentinel SpringCloudGateway] register SentinelGatewayFilter with order: -2147483648
14:30:53.188 [main] INFO  c.a.c.s.g.s.SentinelSCGAutoConfiguration - [sentinelGatewayBlockExceptionHandler,134] - [Sentinel SpringCloudGateway] register SentinelGatewayBlockExceptionHandler
14:30:53.498 [main] INFO  c.a.n.c.r.client - [lambda$createClient$0,80] - [RpcClientFactory] create a new rpc client of b49e5db8-1e0c-4d73-b415-d94c46cd9315_config-0
14:30:53.498 [main] INFO  c.a.n.c.r.client - [printIfInfoEnabled,60] - [b49e5db8-1e0c-4d73-b415-d94c46cd9315_config-0] RpcClient init label, labels = {module=config, Vipserver-Tag=null, source=sdk, Amory-Tag=null, Location-Tag=null, taskId=0, AppName=unknown}
14:30:53.498 [main] INFO  c.a.n.c.r.client - [printIfInfoEnabled,60] - [b49e5db8-1e0c-4d73-b415-d94c46cd9315_config-0] Register server push request handler:com.alibaba.nacos.client.config.impl.ClientWorker$ConfigRpcTransportClient$$Lambda$329/1609086753
14:30:53.499 [main] INFO  c.a.n.c.r.client - [printIfInfoEnabled,60] - [b49e5db8-1e0c-4d73-b415-d94c46cd9315_config-0] Register server push request handler:com.alibaba.nacos.client.config.impl.ClientWorker$ConfigRpcTransportClient$$Lambda$330/1427775702
14:30:53.499 [main] INFO  c.a.n.c.r.client - [printIfInfoEnabled,60] - [b49e5db8-1e0c-4d73-b415-d94c46cd9315_config-0] Registry connection listener to current client:com.alibaba.nacos.client.config.impl.ClientWorker$ConfigRpcTransportClient$1
14:30:53.499 [main] INFO  c.a.n.c.r.client - [printIfInfoEnabled,60] - [b49e5db8-1e0c-4d73-b415-d94c46cd9315_config-0] RpcClient init, ServerListFactory = com.alibaba.nacos.client.config.impl.ClientWorker$ConfigRpcTransportClient$2
14:30:53.499 [main] INFO  c.a.n.c.r.client - [printIfInfoEnabled,60] - [b49e5db8-1e0c-4d73-b415-d94c46cd9315_config-0] Try to connect to server on start up, server: {serverIp = '127.0.0.1', server main port = 8848}
14:30:53.624 [main] INFO  c.a.n.c.r.client - [printIfInfoEnabled,60] - [b49e5db8-1e0c-4d73-b415-d94c46cd9315_config-0] Success to connect to server [127.0.0.1:8848] on start up, connectionId = 1700548253506_127.0.0.1_51670
14:30:53.624 [com.alibaba.nacos.client.remote.worker] INFO  c.a.n.c.r.client - [printIfInfoEnabled,60] - [b49e5db8-1e0c-4d73-b415-d94c46cd9315_config-0] Notify connected event to listeners.
14:30:53.624 [main] INFO  c.a.n.c.r.client - [printIfInfoEnabled,60] - [b49e5db8-1e0c-4d73-b415-d94c46cd9315_config-0] Register server push request handler:com.alibaba.nacos.common.remote.client.RpcClient$ConnectResetRequestHandler
14:30:53.625 [main] INFO  c.a.n.c.r.client - [printIfInfoEnabled,60] - [b49e5db8-1e0c-4d73-b415-d94c46cd9315_config-0] Register server push request handler:com.alibaba.nacos.common.remote.client.RpcClient$$Lambda$339/115939475
14:30:53.694 [main] INFO  c.a.n.c.r.client - [lambda$createClient$0,80] - [RpcClientFactory] create a new rpc client of f88be34b-162d-4960-ab3c-98d5c35bf34a
14:30:53.694 [main] INFO  c.a.n.c.r.client - [printIfInfoEnabled,60] - [f88be34b-162d-4960-ab3c-98d5c35bf34a] RpcClient init label, labels = {module=naming, source=sdk}
14:30:53.696 [main] INFO  c.a.n.c.r.client - [printIfInfoEnabled,60] - [f88be34b-162d-4960-ab3c-98d5c35bf34a] RpcClient init, ServerListFactory = com.alibaba.nacos.client.naming.core.ServerListManager
14:30:53.697 [main] INFO  c.a.n.c.r.client - [printIfInfoEnabled,60] - [f88be34b-162d-4960-ab3c-98d5c35bf34a] Registry connection listener to current client:com.alibaba.nacos.client.naming.remote.gprc.redo.NamingGrpcRedoService
14:30:53.697 [main] INFO  c.a.n.c.r.client - [printIfInfoEnabled,60] - [f88be34b-162d-4960-ab3c-98d5c35bf34a] Register server push request handler:com.alibaba.nacos.client.naming.remote.gprc.NamingPushRequestHandler
14:30:53.697 [main] INFO  c.a.n.c.r.client - [printIfInfoEnabled,60] - [f88be34b-162d-4960-ab3c-98d5c35bf34a] Try to connect to server on start up, server: {serverIp = '127.0.0.1', server main port = 8848}
14:30:53.813 [main] INFO  c.a.n.c.r.client - [printIfInfoEnabled,60] - [f88be34b-162d-4960-ab3c-98d5c35bf34a] Success to connect to server [127.0.0.1:8848] on start up, connectionId = 1700548253702_127.0.0.1_51671
14:30:53.813 [main] INFO  c.a.n.c.r.client - [printIfInfoEnabled,60] - [f88be34b-162d-4960-ab3c-98d5c35bf34a] Register server push request handler:com.alibaba.nacos.common.remote.client.RpcClient$ConnectResetRequestHandler
14:30:53.813 [main] INFO  c.a.n.c.r.client - [printIfInfoEnabled,60] - [f88be34b-162d-4960-ab3c-98d5c35bf34a] Register server push request handler:com.alibaba.nacos.common.remote.client.RpcClient$$Lambda$339/115939475
14:30:53.813 [com.alibaba.nacos.client.remote.worker] INFO  c.a.n.c.r.client - [printIfInfoEnabled,60] - [f88be34b-162d-4960-ab3c-98d5c35bf34a] Notify connected event to listeners.
14:30:54.579 [nacos-grpc-client-executor-10] INFO  c.a.n.c.r.client - [printIfInfoEnabled,60] - [f88be34b-162d-4960-ab3c-98d5c35bf34a] Receive server push request, request = NotifySubscriberRequest, requestId = 1
14:30:54.587 [nacos-grpc-client-executor-10] INFO  c.a.n.c.r.client - [printIfInfoEnabled,60] - [f88be34b-162d-4960-ab3c-98d5c35bf34a] Ack server push request, request = NotifySubscriberRequest, requestId = 1
14:30:56.371 [main] INFO  c.a.c.n.r.NacosServiceRegistry - [register,75] - nacos registry, DEFAULT_GROUP xmap-gateway 10.100.62.210:8080 register finished
14:30:56.416 [main] INFO  c.x.g.XmapGatewayApplication - [logStarted,61] - Started XmapGatewayApplication in 15.913 seconds (JVM running for 16.728)
14:30:56.421 [main] INFO  c.a.c.n.r.NacosContextRefresher - [registerNacosListener,129] - [Nacos Config] Listening config: dataId=xmap-gateway, group=DEFAULT_GROUP
14:30:56.422 [main] INFO  c.a.c.n.r.NacosContextRefresher - [registerNacosListener,129] - [Nacos Config] Listening config: dataId=xmap-gateway.yml, group=DEFAULT_GROUP
14:30:56.423 [main] INFO  c.a.c.n.r.NacosContextRefresher - [registerNacosListener,129] - [Nacos Config] Listening config: dataId=xmap-gateway-dev.yml, group=DEFAULT_GROUP
14:30:56.903 [nacos-grpc-client-executor-22] INFO  c.a.n.c.r.client - [printIfInfoEnabled,60] - [f88be34b-162d-4960-ab3c-98d5c35bf34a] Receive server push request, request = NotifySubscriberRequest, requestId = 2
14:30:56.911 [nacos-grpc-client-executor-22] INFO  c.a.n.c.r.client - [printIfInfoEnabled,60] - [f88be34b-162d-4960-ab3c-98d5c35bf34a] Ack server push request, request = NotifySubscriberRequest, requestId = 2
14:31:24.560 [nacos-grpc-client-executor-39] INFO  c.a.n.c.r.client - [printIfInfoEnabled,60] - [f88be34b-162d-4960-ab3c-98d5c35bf34a] Receive server push request, request = NotifySubscriberRequest, requestId = 4
14:31:24.560 [nacos-grpc-client-executor-39] INFO  c.a.n.c.r.client - [printIfInfoEnabled,60] - [f88be34b-162d-4960-ab3c-98d5c35bf34a] Ack server push request, request = NotifySubscriberRequest, requestId = 4
14:33:37.130 [nacos-grpc-client-executor-81] INFO  c.a.n.c.r.client - [printIfInfoEnabled,60] - [f88be34b-162d-4960-ab3c-98d5c35bf34a] Receive server push request, request = NotifySubscriberRequest, requestId = 5
14:33:37.136 [nacos-grpc-client-executor-81] INFO  c.a.n.c.r.client - [printIfInfoEnabled,60] - [f88be34b-162d-4960-ab3c-98d5c35bf34a] Ack server push request, request = NotifySubscriberRequest, requestId = 5
14:33:37.548 [SpringApplicationShutdownHook] INFO  c.a.c.n.r.NacosServiceRegistry - [deregister,94] - De-registering from Nacos Server now...
14:33:37.551 [SpringApplicationShutdownHook] INFO  c.a.c.n.r.NacosServiceRegistry - [deregister,114] - De-registration finished.
14:33:37.880 [SpringApplicationShutdownHook] INFO  c.a.n.c.r.client - [shutdown,454] - Shutdown rpc client, set status to shutdown
14:33:37.880 [SpringApplicationShutdownHook] INFO  c.a.n.c.r.client - [shutdown,456] - Shutdown client event executor java.util.concurrent.ScheduledThreadPoolExecutor@a623673[Running, pool size = 2, active threads = 2, queued tasks = 0, completed tasks = 0]
14:33:37.880 [SpringApplicationShutdownHook] INFO  c.a.n.c.r.client - [closeConnection,591] - Close current connection 1700548253702_127.0.0.1_51671
14:33:37.881 [nacos-grpc-client-executor-84] INFO  c.a.n.c.r.c.g.GrpcClient - [printIfInfoEnabled,60] - [1700548253702_127.0.0.1_51671]Ignore complete event,isRunning:false,isAbandon=false
14:33:37.883 [SpringApplicationShutdownHook] INFO  c.a.n.c.r.c.g.GrpcClient - [shutdown,85] - Shutdown grpc executor java.util.concurrent.ThreadPoolExecutor@1d2380cc[Running, pool size = 5, active threads = 0, queued tasks = 0, completed tasks = 85]
14:36:48.276 [background-preinit] INFO  o.h.v.i.util.Version - [<clinit>,21] - HV000001: Hibernate Validator 6.2.5.Final
14:36:49.935 [main] INFO  c.a.n.c.r.client - [lambda$createClient$0,80] - [RpcClientFactory] create a new rpc client of 63173525-68c5-4080-88c6-fda6430e3e66_config-0
14:36:50.011 [main] INFO  o.r.Reflections - [scan,232] - Reflections took 37 ms to scan 1 urls, producing 3 keys and 6 values 
14:36:50.040 [main] INFO  o.r.Reflections - [scan,232] - Reflections took 12 ms to scan 1 urls, producing 4 keys and 9 values 
14:36:50.052 [main] INFO  o.r.Reflections - [scan,232] - Reflections took 10 ms to scan 1 urls, producing 3 keys and 10 values 
14:36:50.135 [main] INFO  o.r.Reflections - [scan,232] - Reflections took 81 ms to scan 208 urls, producing 0 keys and 0 values 
14:36:50.141 [main] INFO  o.r.Reflections - [scan,232] - Reflections took 5 ms to scan 1 urls, producing 1 keys and 5 values 
14:36:50.146 [main] INFO  o.r.Reflections - [scan,232] - Reflections took 4 ms to scan 1 urls, producing 1 keys and 7 values 
14:36:50.155 [main] INFO  o.r.Reflections - [scan,232] - Reflections took 8 ms to scan 1 urls, producing 2 keys and 8 values 
14:36:50.216 [main] INFO  o.r.Reflections - [scan,232] - Reflections took 60 ms to scan 208 urls, producing 0 keys and 0 values 
14:36:50.218 [main] INFO  c.a.n.c.r.client - [printIfInfoEnabled,60] - [63173525-68c5-4080-88c6-fda6430e3e66_config-0] RpcClient init label, labels = {module=config, Vipserver-Tag=null, source=sdk, Amory-Tag=null, Location-Tag=null, taskId=0, AppName=unknown}
14:36:50.218 [main] INFO  c.a.n.c.r.client - [printIfInfoEnabled,60] - [63173525-68c5-4080-88c6-fda6430e3e66_config-0] Register server push request handler:com.alibaba.nacos.client.config.impl.ClientWorker$ConfigRpcTransportClient$$Lambda$329/1609086753
14:36:50.219 [main] INFO  c.a.n.c.r.client - [printIfInfoEnabled,60] - [63173525-68c5-4080-88c6-fda6430e3e66_config-0] Register server push request handler:com.alibaba.nacos.client.config.impl.ClientWorker$ConfigRpcTransportClient$$Lambda$330/1427775702
14:36:50.219 [main] INFO  c.a.n.c.r.client - [printIfInfoEnabled,60] - [63173525-68c5-4080-88c6-fda6430e3e66_config-0] Registry connection listener to current client:com.alibaba.nacos.client.config.impl.ClientWorker$ConfigRpcTransportClient$1
14:36:50.219 [main] INFO  c.a.n.c.r.client - [printIfInfoEnabled,60] - [63173525-68c5-4080-88c6-fda6430e3e66_config-0] RpcClient init, ServerListFactory = com.alibaba.nacos.client.config.impl.ClientWorker$ConfigRpcTransportClient$2
14:36:50.225 [main] INFO  c.a.n.c.r.client - [printIfInfoEnabled,60] - [63173525-68c5-4080-88c6-fda6430e3e66_config-0] Try to connect to server on start up, server: {serverIp = '127.0.0.1', server main port = 8848}
14:36:51.153 [main] INFO  c.a.n.c.r.client - [printIfInfoEnabled,60] - [63173525-68c5-4080-88c6-fda6430e3e66_config-0] Success to connect to server [127.0.0.1:8848] on start up, connectionId = 1700548610981_127.0.0.1_52142
14:36:51.156 [com.alibaba.nacos.client.remote.worker] INFO  c.a.n.c.r.client - [printIfInfoEnabled,60] - [63173525-68c5-4080-88c6-fda6430e3e66_config-0] Notify connected event to listeners.
14:36:51.157 [main] INFO  c.a.n.c.r.client - [printIfInfoEnabled,60] - [63173525-68c5-4080-88c6-fda6430e3e66_config-0] Register server push request handler:com.alibaba.nacos.common.remote.client.RpcClient$ConnectResetRequestHandler
14:36:51.158 [main] INFO  c.a.n.c.r.client - [printIfInfoEnabled,60] - [63173525-68c5-4080-88c6-fda6430e3e66_config-0] Register server push request handler:com.alibaba.nacos.common.remote.client.RpcClient$$Lambda$339/115939475
14:36:51.231 [main] INFO  c.x.g.XmapGatewayApplication - [logStartupProfileInfo,637] - The following 1 profile is active: "dev"
14:36:57.204 [main] INFO  c.a.c.s.g.s.SentinelSCGAutoConfiguration - [sentinelGatewayFilter,144] - [Sentinel SpringCloudGateway] register SentinelGatewayFilter with order: -2147483648
14:36:57.786 [main] INFO  c.a.c.s.g.s.SentinelSCGAutoConfiguration - [sentinelGatewayBlockExceptionHandler,134] - [Sentinel SpringCloudGateway] register SentinelGatewayBlockExceptionHandler
14:36:58.117 [main] INFO  c.a.n.c.r.client - [lambda$createClient$0,80] - [RpcClientFactory] create a new rpc client of 72303bd2-2f9e-47f9-9b5d-30e5a1d97179_config-0
14:36:58.118 [main] INFO  c.a.n.c.r.client - [printIfInfoEnabled,60] - [72303bd2-2f9e-47f9-9b5d-30e5a1d97179_config-0] RpcClient init label, labels = {module=config, Vipserver-Tag=null, source=sdk, Amory-Tag=null, Location-Tag=null, taskId=0, AppName=unknown}
14:36:58.118 [main] INFO  c.a.n.c.r.client - [printIfInfoEnabled,60] - [72303bd2-2f9e-47f9-9b5d-30e5a1d97179_config-0] Register server push request handler:com.alibaba.nacos.client.config.impl.ClientWorker$ConfigRpcTransportClient$$Lambda$329/1609086753
14:36:58.118 [main] INFO  c.a.n.c.r.client - [printIfInfoEnabled,60] - [72303bd2-2f9e-47f9-9b5d-30e5a1d97179_config-0] Register server push request handler:com.alibaba.nacos.client.config.impl.ClientWorker$ConfigRpcTransportClient$$Lambda$330/1427775702
14:36:58.118 [main] INFO  c.a.n.c.r.client - [printIfInfoEnabled,60] - [72303bd2-2f9e-47f9-9b5d-30e5a1d97179_config-0] Registry connection listener to current client:com.alibaba.nacos.client.config.impl.ClientWorker$ConfigRpcTransportClient$1
14:36:58.119 [main] INFO  c.a.n.c.r.client - [printIfInfoEnabled,60] - [72303bd2-2f9e-47f9-9b5d-30e5a1d97179_config-0] RpcClient init, ServerListFactory = com.alibaba.nacos.client.config.impl.ClientWorker$ConfigRpcTransportClient$2
14:36:58.119 [main] INFO  c.a.n.c.r.client - [printIfInfoEnabled,60] - [72303bd2-2f9e-47f9-9b5d-30e5a1d97179_config-0] Try to connect to server on start up, server: {serverIp = '127.0.0.1', server main port = 8848}
14:36:58.231 [main] INFO  c.a.n.c.r.client - [printIfInfoEnabled,60] - [72303bd2-2f9e-47f9-9b5d-30e5a1d97179_config-0] Success to connect to server [127.0.0.1:8848] on start up, connectionId = 1700548618124_127.0.0.1_52146
14:36:58.231 [main] INFO  c.a.n.c.r.client - [printIfInfoEnabled,60] - [72303bd2-2f9e-47f9-9b5d-30e5a1d97179_config-0] Register server push request handler:com.alibaba.nacos.common.remote.client.RpcClient$ConnectResetRequestHandler
14:36:58.231 [com.alibaba.nacos.client.remote.worker] INFO  c.a.n.c.r.client - [printIfInfoEnabled,60] - [72303bd2-2f9e-47f9-9b5d-30e5a1d97179_config-0] Notify connected event to listeners.
14:36:58.231 [main] INFO  c.a.n.c.r.client - [printIfInfoEnabled,60] - [72303bd2-2f9e-47f9-9b5d-30e5a1d97179_config-0] Register server push request handler:com.alibaba.nacos.common.remote.client.RpcClient$$Lambda$339/115939475
14:36:58.282 [main] INFO  c.a.n.c.r.client - [lambda$createClient$0,80] - [RpcClientFactory] create a new rpc client of 472b1995-bb51-4206-b2a7-55264849367e
14:36:58.283 [main] INFO  c.a.n.c.r.client - [printIfInfoEnabled,60] - [472b1995-bb51-4206-b2a7-55264849367e] RpcClient init label, labels = {module=naming, source=sdk}
14:36:58.286 [main] INFO  c.a.n.c.r.client - [printIfInfoEnabled,60] - [472b1995-bb51-4206-b2a7-55264849367e] RpcClient init, ServerListFactory = com.alibaba.nacos.client.naming.core.ServerListManager
14:36:58.286 [main] INFO  c.a.n.c.r.client - [printIfInfoEnabled,60] - [472b1995-bb51-4206-b2a7-55264849367e] Registry connection listener to current client:com.alibaba.nacos.client.naming.remote.gprc.redo.NamingGrpcRedoService
14:36:58.286 [main] INFO  c.a.n.c.r.client - [printIfInfoEnabled,60] - [472b1995-bb51-4206-b2a7-55264849367e] Register server push request handler:com.alibaba.nacos.client.naming.remote.gprc.NamingPushRequestHandler
14:36:58.286 [main] INFO  c.a.n.c.r.client - [printIfInfoEnabled,60] - [472b1995-bb51-4206-b2a7-55264849367e] Try to connect to server on start up, server: {serverIp = '127.0.0.1', server main port = 8848}
14:36:58.404 [main] INFO  c.a.n.c.r.client - [printIfInfoEnabled,60] - [472b1995-bb51-4206-b2a7-55264849367e] Success to connect to server [127.0.0.1:8848] on start up, connectionId = 1700548618292_127.0.0.1_52147
14:36:58.404 [main] INFO  c.a.n.c.r.client - [printIfInfoEnabled,60] - [472b1995-bb51-4206-b2a7-55264849367e] Register server push request handler:com.alibaba.nacos.common.remote.client.RpcClient$ConnectResetRequestHandler
14:36:58.404 [main] INFO  c.a.n.c.r.client - [printIfInfoEnabled,60] - [472b1995-bb51-4206-b2a7-55264849367e] Register server push request handler:com.alibaba.nacos.common.remote.client.RpcClient$$Lambda$339/115939475
14:36:58.404 [com.alibaba.nacos.client.remote.worker] INFO  c.a.n.c.r.client - [printIfInfoEnabled,60] - [472b1995-bb51-4206-b2a7-55264849367e] Notify connected event to listeners.
14:36:58.977 [nacos-grpc-client-executor-11] INFO  c.a.n.c.r.client - [printIfInfoEnabled,60] - [472b1995-bb51-4206-b2a7-55264849367e] Receive server push request, request = NotifySubscriberRequest, requestId = 6
14:36:58.987 [nacos-grpc-client-executor-11] INFO  c.a.n.c.r.client - [printIfInfoEnabled,60] - [472b1995-bb51-4206-b2a7-55264849367e] Ack server push request, request = NotifySubscriberRequest, requestId = 6
14:37:00.877 [main] INFO  c.a.c.n.r.NacosServiceRegistry - [register,75] - nacos registry, DEFAULT_GROUP xmap-gateway 10.100.62.210:8080 register finished
14:37:00.908 [main] INFO  c.x.g.XmapGatewayApplication - [logStarted,61] - Started XmapGatewayApplication in 14.235 seconds (JVM running for 14.722)
14:37:00.916 [main] INFO  c.a.c.n.r.NacosContextRefresher - [registerNacosListener,129] - [Nacos Config] Listening config: dataId=xmap-gateway, group=DEFAULT_GROUP
14:37:00.917 [main] INFO  c.a.c.n.r.NacosContextRefresher - [registerNacosListener,129] - [Nacos Config] Listening config: dataId=xmap-gateway.yml, group=DEFAULT_GROUP
14:37:00.927 [main] INFO  c.a.c.n.r.NacosContextRefresher - [registerNacosListener,129] - [Nacos Config] Listening config: dataId=xmap-gateway-dev.yml, group=DEFAULT_GROUP
14:37:01.449 [nacos-grpc-client-executor-21] INFO  c.a.n.c.r.client - [printIfInfoEnabled,60] - [472b1995-bb51-4206-b2a7-55264849367e] Receive server push request, request = NotifySubscriberRequest, requestId = 7
14:37:01.457 [nacos-grpc-client-executor-21] INFO  c.a.n.c.r.client - [printIfInfoEnabled,60] - [472b1995-bb51-4206-b2a7-55264849367e] Ack server push request, request = NotifySubscriberRequest, requestId = 7
14:37:59.096 [nacos-grpc-client-executor-44] INFO  c.a.n.c.r.client - [printIfInfoEnabled,60] - [472b1995-bb51-4206-b2a7-55264849367e] Receive server push request, request = NotifySubscriberRequest, requestId = 9
14:37:59.096 [nacos-grpc-client-executor-44] INFO  c.a.n.c.r.client - [printIfInfoEnabled,60] - [472b1995-bb51-4206-b2a7-55264849367e] Ack server push request, request = NotifySubscriberRequest, requestId = 9
14:42:55.108 [SpringApplicationShutdownHook] INFO  c.a.c.n.r.NacosServiceRegistry - [deregister,94] - De-registering from Nacos Server now...
14:42:55.113 [SpringApplicationShutdownHook] INFO  c.a.c.n.r.NacosServiceRegistry - [deregister,114] - De-registration finished.
14:42:55.447 [SpringApplicationShutdownHook] INFO  c.a.n.c.r.client - [shutdown,454] - Shutdown rpc client, set status to shutdown
14:42:55.448 [SpringApplicationShutdownHook] INFO  c.a.n.c.r.client - [shutdown,456] - Shutdown client event executor java.util.concurrent.ScheduledThreadPoolExecutor@2100d890[Running, pool size = 2, active threads = 2, queued tasks = 0, completed tasks = 0]
14:42:55.448 [SpringApplicationShutdownHook] INFO  c.a.n.c.r.client - [closeConnection,591] - Close current connection 1700548618292_127.0.0.1_52147
14:42:55.449 [nacos-grpc-client-executor-132] INFO  c.a.n.c.r.c.g.GrpcClient - [printIfInfoEnabled,60] - [1700548618292_127.0.0.1_52147]Ignore complete event,isRunning:false,isAbandon=false
14:42:55.451 [SpringApplicationShutdownHook] INFO  c.a.n.c.r.c.g.GrpcClient - [shutdown,85] - Shutdown grpc executor java.util.concurrent.ThreadPoolExecutor@60a85ecf[Running, pool size = 5, active threads = 0, queued tasks = 0, completed tasks = 133]
14:52:47.457 [background-preinit] INFO  o.h.v.i.util.Version - [<clinit>,21] - HV000001: Hibernate Validator 6.2.5.Final
14:52:49.095 [main] INFO  c.a.n.c.r.client - [lambda$createClient$0,80] - [RpcClientFactory] create a new rpc client of f6e6c235-c61d-4ae4-9237-e084f581322e_config-0
14:52:49.176 [main] INFO  o.r.Reflections - [scan,232] - Reflections took 42 ms to scan 1 urls, producing 3 keys and 6 values 
14:52:49.203 [main] INFO  o.r.Reflections - [scan,232] - Reflections took 13 ms to scan 1 urls, producing 4 keys and 9 values 
14:52:49.213 [main] INFO  o.r.Reflections - [scan,232] - Reflections took 9 ms to scan 1 urls, producing 3 keys and 10 values 
14:52:49.299 [main] INFO  o.r.Reflections - [scan,232] - Reflections took 85 ms to scan 208 urls, producing 0 keys and 0 values 
14:52:49.303 [main] INFO  o.r.Reflections - [scan,232] - Reflections took 4 ms to scan 1 urls, producing 1 keys and 5 values 
14:52:49.309 [main] INFO  o.r.Reflections - [scan,232] - Reflections took 5 ms to scan 1 urls, producing 1 keys and 7 values 
14:52:49.318 [main] INFO  o.r.Reflections - [scan,232] - Reflections took 6 ms to scan 1 urls, producing 2 keys and 8 values 
14:52:49.379 [main] INFO  o.r.Reflections - [scan,232] - Reflections took 60 ms to scan 208 urls, producing 0 keys and 0 values 
14:52:49.380 [main] INFO  c.a.n.c.r.client - [printIfInfoEnabled,60] - [f6e6c235-c61d-4ae4-9237-e084f581322e_config-0] RpcClient init label, labels = {module=config, Vipserver-Tag=null, source=sdk, Amory-Tag=null, Location-Tag=null, taskId=0, AppName=unknown}
14:52:49.381 [main] INFO  c.a.n.c.r.client - [printIfInfoEnabled,60] - [f6e6c235-c61d-4ae4-9237-e084f581322e_config-0] Register server push request handler:com.alibaba.nacos.client.config.impl.ClientWorker$ConfigRpcTransportClient$$Lambda$329/1443675930
14:52:49.381 [main] INFO  c.a.n.c.r.client - [printIfInfoEnabled,60] - [f6e6c235-c61d-4ae4-9237-e084f581322e_config-0] Register server push request handler:com.alibaba.nacos.client.config.impl.ClientWorker$ConfigRpcTransportClient$$Lambda$330/1609086753
14:52:49.381 [main] INFO  c.a.n.c.r.client - [printIfInfoEnabled,60] - [f6e6c235-c61d-4ae4-9237-e084f581322e_config-0] Registry connection listener to current client:com.alibaba.nacos.client.config.impl.ClientWorker$ConfigRpcTransportClient$1
14:52:49.383 [main] INFO  c.a.n.c.r.client - [printIfInfoEnabled,60] - [f6e6c235-c61d-4ae4-9237-e084f581322e_config-0] RpcClient init, ServerListFactory = com.alibaba.nacos.client.config.impl.ClientWorker$ConfigRpcTransportClient$2
14:52:49.388 [main] INFO  c.a.n.c.r.client - [printIfInfoEnabled,60] - [f6e6c235-c61d-4ae4-9237-e084f581322e_config-0] Try to connect to server on start up, server: {serverIp = '127.0.0.1', server main port = 8848}
14:52:50.309 [main] INFO  c.a.n.c.r.client - [printIfInfoEnabled,60] - [f6e6c235-c61d-4ae4-9237-e084f581322e_config-0] Success to connect to server [127.0.0.1:8848] on start up, connectionId = 1700549570143_127.0.0.1_52781
14:52:50.311 [com.alibaba.nacos.client.remote.worker] INFO  c.a.n.c.r.client - [printIfInfoEnabled,60] - [f6e6c235-c61d-4ae4-9237-e084f581322e_config-0] Notify connected event to listeners.
14:52:50.311 [main] INFO  c.a.n.c.r.client - [printIfInfoEnabled,60] - [f6e6c235-c61d-4ae4-9237-e084f581322e_config-0] Register server push request handler:com.alibaba.nacos.common.remote.client.RpcClient$ConnectResetRequestHandler
14:52:50.312 [main] INFO  c.a.n.c.r.client - [printIfInfoEnabled,60] - [f6e6c235-c61d-4ae4-9237-e084f581322e_config-0] Register server push request handler:com.alibaba.nacos.common.remote.client.RpcClient$$Lambda$339/1726780304
14:52:50.392 [main] INFO  c.x.g.XmapGatewayApplication - [logStartupProfileInfo,637] - The following 1 profile is active: "dev"
14:52:56.647 [main] INFO  c.a.c.s.g.s.SentinelSCGAutoConfiguration - [sentinelGatewayFilter,144] - [Sentinel SpringCloudGateway] register SentinelGatewayFilter with order: -2147483648
14:52:57.271 [main] INFO  c.a.c.s.g.s.SentinelSCGAutoConfiguration - [sentinelGatewayBlockExceptionHandler,134] - [Sentinel SpringCloudGateway] register SentinelGatewayBlockExceptionHandler
14:52:57.628 [main] INFO  c.a.n.c.r.client - [lambda$createClient$0,80] - [RpcClientFactory] create a new rpc client of 1967f08b-4b2c-491a-812a-018154221789_config-0
14:52:57.628 [main] INFO  c.a.n.c.r.client - [printIfInfoEnabled,60] - [1967f08b-4b2c-491a-812a-018154221789_config-0] RpcClient init label, labels = {module=config, Vipserver-Tag=null, source=sdk, Amory-Tag=null, Location-Tag=null, taskId=0, AppName=unknown}
14:52:57.628 [main] INFO  c.a.n.c.r.client - [printIfInfoEnabled,60] - [1967f08b-4b2c-491a-812a-018154221789_config-0] Register server push request handler:com.alibaba.nacos.client.config.impl.ClientWorker$ConfigRpcTransportClient$$Lambda$329/1443675930
14:52:57.629 [main] INFO  c.a.n.c.r.client - [printIfInfoEnabled,60] - [1967f08b-4b2c-491a-812a-018154221789_config-0] Register server push request handler:com.alibaba.nacos.client.config.impl.ClientWorker$ConfigRpcTransportClient$$Lambda$330/1609086753
14:52:57.629 [main] INFO  c.a.n.c.r.client - [printIfInfoEnabled,60] - [1967f08b-4b2c-491a-812a-018154221789_config-0] Registry connection listener to current client:com.alibaba.nacos.client.config.impl.ClientWorker$ConfigRpcTransportClient$1
14:52:57.629 [main] INFO  c.a.n.c.r.client - [printIfInfoEnabled,60] - [1967f08b-4b2c-491a-812a-018154221789_config-0] RpcClient init, ServerListFactory = com.alibaba.nacos.client.config.impl.ClientWorker$ConfigRpcTransportClient$2
14:52:57.630 [main] INFO  c.a.n.c.r.client - [printIfInfoEnabled,60] - [1967f08b-4b2c-491a-812a-018154221789_config-0] Try to connect to server on start up, server: {serverIp = '127.0.0.1', server main port = 8848}
14:52:57.749 [main] INFO  c.a.n.c.r.client - [printIfInfoEnabled,60] - [1967f08b-4b2c-491a-812a-018154221789_config-0] Success to connect to server [127.0.0.1:8848] on start up, connectionId = 1700549577634_127.0.0.1_52786
14:52:57.749 [main] INFO  c.a.n.c.r.client - [printIfInfoEnabled,60] - [1967f08b-4b2c-491a-812a-018154221789_config-0] Register server push request handler:com.alibaba.nacos.common.remote.client.RpcClient$ConnectResetRequestHandler
14:52:57.749 [com.alibaba.nacos.client.remote.worker] INFO  c.a.n.c.r.client - [printIfInfoEnabled,60] - [1967f08b-4b2c-491a-812a-018154221789_config-0] Notify connected event to listeners.
14:52:57.749 [main] INFO  c.a.n.c.r.client - [printIfInfoEnabled,60] - [1967f08b-4b2c-491a-812a-018154221789_config-0] Register server push request handler:com.alibaba.nacos.common.remote.client.RpcClient$$Lambda$339/1726780304
14:52:57.812 [main] INFO  c.a.n.c.r.client - [lambda$createClient$0,80] - [RpcClientFactory] create a new rpc client of 8b1e0409-b5a3-42a4-84a8-35afd537252d
14:52:57.812 [main] INFO  c.a.n.c.r.client - [printIfInfoEnabled,60] - [8b1e0409-b5a3-42a4-84a8-35afd537252d] RpcClient init label, labels = {module=naming, source=sdk}
14:52:57.814 [main] INFO  c.a.n.c.r.client - [printIfInfoEnabled,60] - [8b1e0409-b5a3-42a4-84a8-35afd537252d] RpcClient init, ServerListFactory = com.alibaba.nacos.client.naming.core.ServerListManager
14:52:57.815 [main] INFO  c.a.n.c.r.client - [printIfInfoEnabled,60] - [8b1e0409-b5a3-42a4-84a8-35afd537252d] Registry connection listener to current client:com.alibaba.nacos.client.naming.remote.gprc.redo.NamingGrpcRedoService
14:52:57.815 [main] INFO  c.a.n.c.r.client - [printIfInfoEnabled,60] - [8b1e0409-b5a3-42a4-84a8-35afd537252d] Register server push request handler:com.alibaba.nacos.client.naming.remote.gprc.NamingPushRequestHandler
14:52:57.815 [main] INFO  c.a.n.c.r.client - [printIfInfoEnabled,60] - [8b1e0409-b5a3-42a4-84a8-35afd537252d] Try to connect to server on start up, server: {serverIp = '127.0.0.1', server main port = 8848}
14:52:57.936 [main] INFO  c.a.n.c.r.client - [printIfInfoEnabled,60] - [8b1e0409-b5a3-42a4-84a8-35afd537252d] Success to connect to server [127.0.0.1:8848] on start up, connectionId = 1700549577824_127.0.0.1_52787
14:52:57.936 [main] INFO  c.a.n.c.r.client - [printIfInfoEnabled,60] - [8b1e0409-b5a3-42a4-84a8-35afd537252d] Register server push request handler:com.alibaba.nacos.common.remote.client.RpcClient$ConnectResetRequestHandler
14:52:57.936 [main] INFO  c.a.n.c.r.client - [printIfInfoEnabled,60] - [8b1e0409-b5a3-42a4-84a8-35afd537252d] Register server push request handler:com.alibaba.nacos.common.remote.client.RpcClient$$Lambda$339/1726780304
14:52:57.936 [com.alibaba.nacos.client.remote.worker] INFO  c.a.n.c.r.client - [printIfInfoEnabled,60] - [8b1e0409-b5a3-42a4-84a8-35afd537252d] Notify connected event to listeners.
14:52:58.541 [nacos-grpc-client-executor-8] INFO  c.a.n.c.r.client - [printIfInfoEnabled,60] - [8b1e0409-b5a3-42a4-84a8-35afd537252d] Receive server push request, request = NotifySubscriberRequest, requestId = 10
14:52:58.550 [nacos-grpc-client-executor-8] INFO  c.a.n.c.r.client - [printIfInfoEnabled,60] - [8b1e0409-b5a3-42a4-84a8-35afd537252d] Ack server push request, request = NotifySubscriberRequest, requestId = 10
14:53:00.428 [main] INFO  c.a.c.n.r.NacosServiceRegistry - [register,75] - nacos registry, DEFAULT_GROUP xmap-gateway 10.100.62.210:8080 register finished
14:53:00.455 [main] INFO  c.x.g.XmapGatewayApplication - [logStarted,61] - Started XmapGatewayApplication in 14.58 seconds (JVM running for 15.183)
14:53:00.463 [main] INFO  c.a.c.n.r.NacosContextRefresher - [registerNacosListener,129] - [Nacos Config] Listening config: dataId=xmap-gateway, group=DEFAULT_GROUP
14:53:00.463 [main] INFO  c.a.c.n.r.NacosContextRefresher - [registerNacosListener,129] - [Nacos Config] Listening config: dataId=xmap-gateway.yml, group=DEFAULT_GROUP
14:53:00.466 [main] INFO  c.a.c.n.r.NacosContextRefresher - [registerNacosListener,129] - [Nacos Config] Listening config: dataId=xmap-gateway-dev.yml, group=DEFAULT_GROUP
14:53:01.025 [nacos-grpc-client-executor-18] INFO  c.a.n.c.r.client - [printIfInfoEnabled,60] - [8b1e0409-b5a3-42a4-84a8-35afd537252d] Receive server push request, request = NotifySubscriberRequest, requestId = 11
14:53:01.034 [nacos-grpc-client-executor-18] INFO  c.a.n.c.r.client - [printIfInfoEnabled,60] - [8b1e0409-b5a3-42a4-84a8-35afd537252d] Ack server push request, request = NotifySubscriberRequest, requestId = 11
14:54:58.624 [nacos-grpc-client-executor-55] INFO  c.a.n.c.r.client - [printIfInfoEnabled,60] - [8b1e0409-b5a3-42a4-84a8-35afd537252d] Receive server push request, request = NotifySubscriberRequest, requestId = 13
14:54:58.625 [nacos-grpc-client-executor-55] INFO  c.a.n.c.r.client - [printIfInfoEnabled,60] - [8b1e0409-b5a3-42a4-84a8-35afd537252d] Ack server push request, request = NotifySubscriberRequest, requestId = 13
14:55:28.648 [nacos-grpc-client-executor-67] INFO  c.a.n.c.r.client - [printIfInfoEnabled,60] - [8b1e0409-b5a3-42a4-84a8-35afd537252d] Receive server push request, request = NotifySubscriberRequest, requestId = 15
14:55:28.649 [nacos-grpc-client-executor-67] INFO  c.a.n.c.r.client - [printIfInfoEnabled,60] - [8b1e0409-b5a3-42a4-84a8-35afd537252d] Ack server push request, request = NotifySubscriberRequest, requestId = 15
14:55:58.690 [nacos-grpc-client-executor-82] INFO  c.a.n.c.r.client - [printIfInfoEnabled,60] - [8b1e0409-b5a3-42a4-84a8-35afd537252d] Receive server push request, request = NotifySubscriberRequest, requestId = 17
14:55:58.692 [nacos-grpc-client-executor-82] INFO  c.a.n.c.r.client - [printIfInfoEnabled,60] - [8b1e0409-b5a3-42a4-84a8-35afd537252d] Ack server push request, request = NotifySubscriberRequest, requestId = 17
15:26:26.972 [nacos-grpc-client-executor-619] INFO  c.a.n.c.r.client - [printIfInfoEnabled,60] - [8b1e0409-b5a3-42a4-84a8-35afd537252d] Receive server push request, request = NotifySubscriberRequest, requestId = 19
15:26:26.983 [nacos-grpc-client-executor-619] INFO  c.a.n.c.r.client - [printIfInfoEnabled,60] - [8b1e0409-b5a3-42a4-84a8-35afd537252d] Ack server push request, request = NotifySubscriberRequest, requestId = 19
15:56:59.378 [SpringApplicationShutdownHook] INFO  c.a.c.n.r.NacosServiceRegistry - [deregister,94] - De-registering from Nacos Server now...
15:56:59.380 [SpringApplicationShutdownHook] INFO  c.a.c.n.r.NacosServiceRegistry - [deregister,114] - De-registration finished.
15:56:59.716 [SpringApplicationShutdownHook] INFO  c.a.n.c.r.client - [shutdown,454] - Shutdown rpc client, set status to shutdown
15:56:59.717 [SpringApplicationShutdownHook] INFO  c.a.n.c.r.client - [shutdown,456] - Shutdown client event executor java.util.concurrent.ScheduledThreadPoolExecutor@d2ae1c8[Running, pool size = 2, active threads = 2, queued tasks = 0, completed tasks = 0]
15:56:59.717 [SpringApplicationShutdownHook] INFO  c.a.n.c.r.client - [closeConnection,591] - Close current connection 1700549577824_127.0.0.1_52787
15:56:59.718 [nacos-grpc-client-executor-1154] INFO  c.a.n.c.r.c.g.GrpcClient - [printIfInfoEnabled,60] - [1700549577824_127.0.0.1_52787]Ignore complete event,isRunning:false,isAbandon=false
15:56:59.720 [SpringApplicationShutdownHook] INFO  c.a.n.c.r.c.g.GrpcClient - [shutdown,85] - Shutdown grpc executor java.util.concurrent.ThreadPoolExecutor@7fadfce8[Running, pool size = 7, active threads = 0, queued tasks = 0, completed tasks = 1155]
16:12:47.243 [background-preinit] INFO  o.h.v.i.util.Version - [<clinit>,21] - HV000001: Hibernate Validator 6.2.5.Final
16:12:48.836 [main] INFO  c.a.n.c.r.client - [lambda$createClient$0,80] - [RpcClientFactory] create a new rpc client of 89c4559e-d5d3-45c7-a11e-0073b3bbc4f8_config-0
16:12:48.895 [main] INFO  o.r.Reflections - [scan,232] - Reflections took 35 ms to scan 1 urls, producing 3 keys and 6 values 
16:12:48.921 [main] INFO  o.r.Reflections - [scan,232] - Reflections took 11 ms to scan 1 urls, producing 4 keys and 9 values 
16:12:48.934 [main] INFO  o.r.Reflections - [scan,232] - Reflections took 11 ms to scan 1 urls, producing 3 keys and 10 values 
16:12:49.019 [main] INFO  o.r.Reflections - [scan,232] - Reflections took 83 ms to scan 208 urls, producing 0 keys and 0 values 
16:12:49.024 [main] INFO  o.r.Reflections - [scan,232] - Reflections took 5 ms to scan 1 urls, producing 1 keys and 5 values 
16:12:49.030 [main] INFO  o.r.Reflections - [scan,232] - Reflections took 5 ms to scan 1 urls, producing 1 keys and 7 values 
16:12:49.039 [main] INFO  o.r.Reflections - [scan,232] - Reflections took 8 ms to scan 1 urls, producing 2 keys and 8 values 
16:12:49.098 [main] INFO  o.r.Reflections - [scan,232] - Reflections took 58 ms to scan 208 urls, producing 0 keys and 0 values 
16:12:49.100 [main] INFO  c.a.n.c.r.client - [printIfInfoEnabled,60] - [89c4559e-d5d3-45c7-a11e-0073b3bbc4f8_config-0] RpcClient init label, labels = {module=config, Vipserver-Tag=null, source=sdk, Amory-Tag=null, Location-Tag=null, taskId=0, AppName=unknown}
16:12:49.101 [main] INFO  c.a.n.c.r.client - [printIfInfoEnabled,60] - [89c4559e-d5d3-45c7-a11e-0073b3bbc4f8_config-0] Register server push request handler:com.alibaba.nacos.client.config.impl.ClientWorker$ConfigRpcTransportClient$$Lambda$329/1609086753
16:12:49.101 [main] INFO  c.a.n.c.r.client - [printIfInfoEnabled,60] - [89c4559e-d5d3-45c7-a11e-0073b3bbc4f8_config-0] Register server push request handler:com.alibaba.nacos.client.config.impl.ClientWorker$ConfigRpcTransportClient$$Lambda$330/1427775702
16:12:49.102 [main] INFO  c.a.n.c.r.client - [printIfInfoEnabled,60] - [89c4559e-d5d3-45c7-a11e-0073b3bbc4f8_config-0] Registry connection listener to current client:com.alibaba.nacos.client.config.impl.ClientWorker$ConfigRpcTransportClient$1
16:12:49.102 [main] INFO  c.a.n.c.r.client - [printIfInfoEnabled,60] - [89c4559e-d5d3-45c7-a11e-0073b3bbc4f8_config-0] RpcClient init, ServerListFactory = com.alibaba.nacos.client.config.impl.ClientWorker$ConfigRpcTransportClient$2
16:12:49.108 [main] INFO  c.a.n.c.r.client - [printIfInfoEnabled,60] - [89c4559e-d5d3-45c7-a11e-0073b3bbc4f8_config-0] Try to connect to server on start up, server: {serverIp = '127.0.0.1', server main port = 8848}
16:12:49.895 [main] INFO  c.a.n.c.r.client - [printIfInfoEnabled,60] - [89c4559e-d5d3-45c7-a11e-0073b3bbc4f8_config-0] Success to connect to server [127.0.0.1:8848] on start up, connectionId = 1700554369745_127.0.0.1_55541
16:12:49.896 [com.alibaba.nacos.client.remote.worker] INFO  c.a.n.c.r.client - [printIfInfoEnabled,60] - [89c4559e-d5d3-45c7-a11e-0073b3bbc4f8_config-0] Notify connected event to listeners.
16:12:49.896 [main] INFO  c.a.n.c.r.client - [printIfInfoEnabled,60] - [89c4559e-d5d3-45c7-a11e-0073b3bbc4f8_config-0] Register server push request handler:com.alibaba.nacos.common.remote.client.RpcClient$ConnectResetRequestHandler
16:12:49.896 [main] INFO  c.a.n.c.r.client - [printIfInfoEnabled,60] - [89c4559e-d5d3-45c7-a11e-0073b3bbc4f8_config-0] Register server push request handler:com.alibaba.nacos.common.remote.client.RpcClient$$Lambda$339/115939475
16:12:49.965 [main] INFO  c.x.g.XmapGatewayApplication - [logStartupProfileInfo,637] - The following 1 profile is active: "dev"
16:12:55.768 [main] INFO  c.a.c.s.g.s.SentinelSCGAutoConfiguration - [sentinelGatewayFilter,144] - [Sentinel SpringCloudGateway] register SentinelGatewayFilter with order: -2147483648
16:12:56.348 [main] INFO  c.a.c.s.g.s.SentinelSCGAutoConfiguration - [sentinelGatewayBlockExceptionHandler,134] - [Sentinel SpringCloudGateway] register SentinelGatewayBlockExceptionHandler
16:12:56.672 [main] INFO  c.a.n.c.r.client - [lambda$createClient$0,80] - [RpcClientFactory] create a new rpc client of f59406c5-7ae0-4f40-a9a8-c6105281c1d4_config-0
16:12:56.672 [main] INFO  c.a.n.c.r.client - [printIfInfoEnabled,60] - [f59406c5-7ae0-4f40-a9a8-c6105281c1d4_config-0] RpcClient init label, labels = {module=config, Vipserver-Tag=null, source=sdk, Amory-Tag=null, Location-Tag=null, taskId=0, AppName=unknown}
16:12:56.673 [main] INFO  c.a.n.c.r.client - [printIfInfoEnabled,60] - [f59406c5-7ae0-4f40-a9a8-c6105281c1d4_config-0] Register server push request handler:com.alibaba.nacos.client.config.impl.ClientWorker$ConfigRpcTransportClient$$Lambda$329/1609086753
16:12:56.673 [main] INFO  c.a.n.c.r.client - [printIfInfoEnabled,60] - [f59406c5-7ae0-4f40-a9a8-c6105281c1d4_config-0] Register server push request handler:com.alibaba.nacos.client.config.impl.ClientWorker$ConfigRpcTransportClient$$Lambda$330/1427775702
16:12:56.673 [main] INFO  c.a.n.c.r.client - [printIfInfoEnabled,60] - [f59406c5-7ae0-4f40-a9a8-c6105281c1d4_config-0] Registry connection listener to current client:com.alibaba.nacos.client.config.impl.ClientWorker$ConfigRpcTransportClient$1
16:12:56.673 [main] INFO  c.a.n.c.r.client - [printIfInfoEnabled,60] - [f59406c5-7ae0-4f40-a9a8-c6105281c1d4_config-0] RpcClient init, ServerListFactory = com.alibaba.nacos.client.config.impl.ClientWorker$ConfigRpcTransportClient$2
16:12:56.673 [main] INFO  c.a.n.c.r.client - [printIfInfoEnabled,60] - [f59406c5-7ae0-4f40-a9a8-c6105281c1d4_config-0] Try to connect to server on start up, server: {serverIp = '127.0.0.1', server main port = 8848}
16:12:56.787 [main] INFO  c.a.n.c.r.client - [printIfInfoEnabled,60] - [f59406c5-7ae0-4f40-a9a8-c6105281c1d4_config-0] Success to connect to server [127.0.0.1:8848] on start up, connectionId = 1700554376681_127.0.0.1_55544
16:12:56.787 [main] INFO  c.a.n.c.r.client - [printIfInfoEnabled,60] - [f59406c5-7ae0-4f40-a9a8-c6105281c1d4_config-0] Register server push request handler:com.alibaba.nacos.common.remote.client.RpcClient$ConnectResetRequestHandler
16:12:56.787 [com.alibaba.nacos.client.remote.worker] INFO  c.a.n.c.r.client - [printIfInfoEnabled,60] - [f59406c5-7ae0-4f40-a9a8-c6105281c1d4_config-0] Notify connected event to listeners.
16:12:56.788 [main] INFO  c.a.n.c.r.client - [printIfInfoEnabled,60] - [f59406c5-7ae0-4f40-a9a8-c6105281c1d4_config-0] Register server push request handler:com.alibaba.nacos.common.remote.client.RpcClient$$Lambda$339/115939475
16:12:56.839 [main] INFO  c.a.n.c.r.client - [lambda$createClient$0,80] - [RpcClientFactory] create a new rpc client of fc0611fe-3eb6-4aaa-b30a-6e1e1391bc9b
16:12:56.839 [main] INFO  c.a.n.c.r.client - [printIfInfoEnabled,60] - [fc0611fe-3eb6-4aaa-b30a-6e1e1391bc9b] RpcClient init label, labels = {module=naming, source=sdk}
16:12:56.841 [main] INFO  c.a.n.c.r.client - [printIfInfoEnabled,60] - [fc0611fe-3eb6-4aaa-b30a-6e1e1391bc9b] RpcClient init, ServerListFactory = com.alibaba.nacos.client.naming.core.ServerListManager
16:12:56.841 [main] INFO  c.a.n.c.r.client - [printIfInfoEnabled,60] - [fc0611fe-3eb6-4aaa-b30a-6e1e1391bc9b] Registry connection listener to current client:com.alibaba.nacos.client.naming.remote.gprc.redo.NamingGrpcRedoService
16:12:56.842 [main] INFO  c.a.n.c.r.client - [printIfInfoEnabled,60] - [fc0611fe-3eb6-4aaa-b30a-6e1e1391bc9b] Register server push request handler:com.alibaba.nacos.client.naming.remote.gprc.NamingPushRequestHandler
16:12:56.842 [main] INFO  c.a.n.c.r.client - [printIfInfoEnabled,60] - [fc0611fe-3eb6-4aaa-b30a-6e1e1391bc9b] Try to connect to server on start up, server: {serverIp = '127.0.0.1', server main port = 8848}
16:12:56.961 [main] INFO  c.a.n.c.r.client - [printIfInfoEnabled,60] - [fc0611fe-3eb6-4aaa-b30a-6e1e1391bc9b] Success to connect to server [127.0.0.1:8848] on start up, connectionId = 1700554376847_127.0.0.1_55545
16:12:56.961 [com.alibaba.nacos.client.remote.worker] INFO  c.a.n.c.r.client - [printIfInfoEnabled,60] - [fc0611fe-3eb6-4aaa-b30a-6e1e1391bc9b] Notify connected event to listeners.
16:12:56.961 [main] INFO  c.a.n.c.r.client - [printIfInfoEnabled,60] - [fc0611fe-3eb6-4aaa-b30a-6e1e1391bc9b] Register server push request handler:com.alibaba.nacos.common.remote.client.RpcClient$ConnectResetRequestHandler
16:12:56.961 [main] INFO  c.a.n.c.r.client - [printIfInfoEnabled,60] - [fc0611fe-3eb6-4aaa-b30a-6e1e1391bc9b] Register server push request handler:com.alibaba.nacos.common.remote.client.RpcClient$$Lambda$339/115939475
16:12:57.589 [nacos-grpc-client-executor-8] INFO  c.a.n.c.r.client - [printIfInfoEnabled,60] - [fc0611fe-3eb6-4aaa-b30a-6e1e1391bc9b] Receive server push request, request = NotifySubscriberRequest, requestId = 20
16:12:57.594 [nacos-grpc-client-executor-8] INFO  c.a.n.c.r.client - [printIfInfoEnabled,60] - [fc0611fe-3eb6-4aaa-b30a-6e1e1391bc9b] Ack server push request, request = NotifySubscriberRequest, requestId = 20
16:12:59.430 [main] INFO  c.a.c.n.r.NacosServiceRegistry - [register,75] - nacos registry, DEFAULT_GROUP xmap-gateway 10.100.62.210:8080 register finished
16:12:59.459 [main] INFO  c.x.g.XmapGatewayApplication - [logStarted,61] - Started XmapGatewayApplication in 13.75 seconds (JVM running for 14.214)
16:12:59.464 [main] INFO  c.a.c.n.r.NacosContextRefresher - [registerNacosListener,129] - [Nacos Config] Listening config: dataId=xmap-gateway, group=DEFAULT_GROUP
16:12:59.476 [main] INFO  c.a.c.n.r.NacosContextRefresher - [registerNacosListener,129] - [Nacos Config] Listening config: dataId=xmap-gateway.yml, group=DEFAULT_GROUP
16:12:59.478 [main] INFO  c.a.c.n.r.NacosContextRefresher - [registerNacosListener,129] - [Nacos Config] Listening config: dataId=xmap-gateway-dev.yml, group=DEFAULT_GROUP
16:12:59.970 [nacos-grpc-client-executor-17] INFO  c.a.n.c.r.client - [printIfInfoEnabled,60] - [fc0611fe-3eb6-4aaa-b30a-6e1e1391bc9b] Receive server push request, request = NotifySubscriberRequest, requestId = 21
16:12:59.984 [nacos-grpc-client-executor-17] INFO  c.a.n.c.r.client - [printIfInfoEnabled,60] - [fc0611fe-3eb6-4aaa-b30a-6e1e1391bc9b] Ack server push request, request = NotifySubscriberRequest, requestId = 21
16:13:27.673 [nacos-grpc-client-executor-30] INFO  c.a.n.c.r.client - [printIfInfoEnabled,60] - [fc0611fe-3eb6-4aaa-b30a-6e1e1391bc9b] Receive server push request, request = NotifySubscriberRequest, requestId = 23
16:13:27.674 [nacos-grpc-client-executor-30] INFO  c.a.n.c.r.client - [printIfInfoEnabled,60] - [fc0611fe-3eb6-4aaa-b30a-6e1e1391bc9b] Ack server push request, request = NotifySubscriberRequest, requestId = 23
16:14:27.736 [nacos-grpc-client-executor-56] INFO  c.a.n.c.r.client - [printIfInfoEnabled,60] - [fc0611fe-3eb6-4aaa-b30a-6e1e1391bc9b] Receive server push request, request = NotifySubscriberRequest, requestId = 25
16:14:27.736 [nacos-grpc-client-executor-56] INFO  c.a.n.c.r.client - [printIfInfoEnabled,60] - [fc0611fe-3eb6-4aaa-b30a-6e1e1391bc9b] Ack server push request, request = NotifySubscriberRequest, requestId = 25
16:14:57.719 [nacos-grpc-client-executor-73] INFO  c.a.n.c.r.client - [printIfInfoEnabled,60] - [fc0611fe-3eb6-4aaa-b30a-6e1e1391bc9b] Receive server push request, request = NotifySubscriberRequest, requestId = 28
16:14:57.721 [nacos-grpc-client-executor-73] INFO  c.a.n.c.r.client - [printIfInfoEnabled,60] - [fc0611fe-3eb6-4aaa-b30a-6e1e1391bc9b] Ack server push request, request = NotifySubscriberRequest, requestId = 28
16:16:34.006 [nacos-grpc-client-executor-103] INFO  c.a.n.c.r.client - [printIfInfoEnabled,60] - [fc0611fe-3eb6-4aaa-b30a-6e1e1391bc9b] Receive server push request, request = NotifySubscriberRequest, requestId = 29
16:16:34.012 [nacos-grpc-client-executor-103] INFO  c.a.n.c.r.client - [printIfInfoEnabled,60] - [fc0611fe-3eb6-4aaa-b30a-6e1e1391bc9b] Ack server push request, request = NotifySubscriberRequest, requestId = 29
16:16:54.948 [nacos-grpc-client-executor-107] INFO  c.a.n.c.r.client - [printIfInfoEnabled,60] - [fc0611fe-3eb6-4aaa-b30a-6e1e1391bc9b] Receive server push request, request = NotifySubscriberRequest, requestId = 30
16:16:54.960 [nacos-grpc-client-executor-107] INFO  c.a.n.c.r.client - [printIfInfoEnabled,60] - [fc0611fe-3eb6-4aaa-b30a-6e1e1391bc9b] Ack server push request, request = NotifySubscriberRequest, requestId = 30
16:26:19.124 [nacos-grpc-client-executor-276] INFO  c.a.n.c.r.client - [printIfInfoEnabled,60] - [fc0611fe-3eb6-4aaa-b30a-6e1e1391bc9b] Receive server push request, request = NotifySubscriberRequest, requestId = 32
16:26:19.134 [nacos-grpc-client-executor-276] INFO  c.a.n.c.r.client - [printIfInfoEnabled,60] - [fc0611fe-3eb6-4aaa-b30a-6e1e1391bc9b] Ack server push request, request = NotifySubscriberRequest, requestId = 32
16:33:27.476 [nacos-grpc-client-executor-401] INFO  c.a.n.c.r.client - [printIfInfoEnabled,60] - [fc0611fe-3eb6-4aaa-b30a-6e1e1391bc9b] Receive server push request, request = NotifySubscriberRequest, requestId = 33
16:33:27.485 [nacos-grpc-client-executor-401] INFO  c.a.n.c.r.client - [printIfInfoEnabled,60] - [fc0611fe-3eb6-4aaa-b30a-6e1e1391bc9b] Ack server push request, request = NotifySubscriberRequest, requestId = 33
17:07:57.062 [nacos-grpc-client-executor-1020] INFO  c.a.n.c.r.client - [printIfInfoEnabled,60] - [fc0611fe-3eb6-4aaa-b30a-6e1e1391bc9b] Receive server push request, request = NotifySubscriberRequest, requestId = 35
17:07:57.074 [nacos-grpc-client-executor-1020] INFO  c.a.n.c.r.client - [printIfInfoEnabled,60] - [fc0611fe-3eb6-4aaa-b30a-6e1e1391bc9b] Ack server push request, request = NotifySubscriberRequest, requestId = 35
17:08:38.172 [nacos-grpc-client-executor-1034] INFO  c.a.n.c.r.client - [printIfInfoEnabled,60] - [fc0611fe-3eb6-4aaa-b30a-6e1e1391bc9b] Receive server push request, request = NotifySubscriberRequest, requestId = 37
17:08:38.182 [nacos-grpc-client-executor-1034] INFO  c.a.n.c.r.client - [printIfInfoEnabled,60] - [fc0611fe-3eb6-4aaa-b30a-6e1e1391bc9b] Ack server push request, request = NotifySubscriberRequest, requestId = 37
18:20:44.928 [nacos-grpc-client-executor-1481] INFO  c.a.n.c.r.client - [printIfInfoEnabled,60] - [89c4559e-d5d3-45c7-a11e-0073b3bbc4f8_config-0] Receive server push request, request = ClientDetectionRequest, requestId = 40
18:20:44.928 [nacos-grpc-client-executor-1476] INFO  c.a.n.c.r.client - [printIfInfoEnabled,60] - [f59406c5-7ae0-4f40-a9a8-c6105281c1d4_config-0] Receive server push request, request = ClientDetectionRequest, requestId = 42
18:20:44.928 [nacos-grpc-client-executor-2202] INFO  c.a.n.c.r.client - [printIfInfoEnabled,60] - [fc0611fe-3eb6-4aaa-b30a-6e1e1391bc9b] Receive server push request, request = ClientDetectionRequest, requestId = 39
18:20:44.928 [nacos-grpc-client-executor-2202] INFO  c.a.n.c.r.client - [printIfInfoEnabled,60] - [fc0611fe-3eb6-4aaa-b30a-6e1e1391bc9b] Ack server push request, request = ClientDetectionRequest, requestId = 39
18:20:44.928 [nacos-grpc-client-executor-1476] INFO  c.a.n.c.r.client - [printIfInfoEnabled,60] - [f59406c5-7ae0-4f40-a9a8-c6105281c1d4_config-0] Ack server push request, request = ClientDetectionRequest, requestId = 42
18:20:44.928 [nacos-grpc-client-executor-1481] INFO  c.a.n.c.r.client - [printIfInfoEnabled,60] - [89c4559e-d5d3-45c7-a11e-0073b3bbc4f8_config-0] Ack server push request, request = ClientDetectionRequest, requestId = 40
18:21:22.202 [SpringApplicationShutdownHook] INFO  c.a.c.n.r.NacosServiceRegistry - [deregister,94] - De-registering from Nacos Server now...
18:21:22.202 [SpringApplicationShutdownHook] INFO  c.a.c.n.r.NacosServiceRegistry - [deregister,114] - De-registration finished.
18:21:22.534 [SpringApplicationShutdownHook] INFO  c.a.n.c.r.client - [shutdown,454] - Shutdown rpc client, set status to shutdown
18:21:22.534 [SpringApplicationShutdownHook] INFO  c.a.n.c.r.client - [shutdown,456] - Shutdown client event executor java.util.concurrent.ScheduledThreadPoolExecutor@5acc6b0c[Running, pool size = 2, active threads = 2, queued tasks = 0, completed tasks = 0]
18:21:22.534 [SpringApplicationShutdownHook] INFO  c.a.n.c.r.client - [closeConnection,591] - Close current connection 1700554376847_127.0.0.1_55545
18:21:22.534 [nacos-grpc-client-executor-2218] INFO  c.a.n.c.r.c.g.GrpcClient - [printIfInfoEnabled,60] - [1700554376847_127.0.0.1_55545]Ignore complete event,isRunning:false,isAbandon=false
18:21:22.534 [SpringApplicationShutdownHook] INFO  c.a.n.c.r.c.g.GrpcClient - [shutdown,85] - Shutdown grpc executor java.util.concurrent.ThreadPoolExecutor@7c419524[Running, pool size = 5, active threads = 0, queued tasks = 0, completed tasks = 2219]
