09:27:43.587 [background-preinit] INFO  o.h.v.i.util.Version - [<clinit>,21] - HV000001: Hibernate Validator 6.2.5.Final
09:27:46.272 [main] INFO  c.a.n.c.r.client - [lambda$createClient$0,80] - [RpcClientFactory] create a new rpc client of 47d39429-a64d-4768-b530-09e714fcfcc0_config-0
09:27:46.334 [main] INFO  o.r.Reflections - [scan,232] - Reflections took 37 ms to scan 1 urls, producing 3 keys and 6 values 
09:27:46.371 [main] INFO  o.r.Reflections - [scan,232] - Reflections took 17 ms to scan 1 urls, producing 4 keys and 9 values 
09:27:46.401 [main] INFO  o.r.Reflections - [scan,232] - Reflections took 25 ms to scan 1 urls, producing 3 keys and 10 values 
09:27:46.648 [main] INFO  o.r.Reflections - [scan,232] - Reflections took 243 ms to scan 208 urls, producing 0 keys and 0 values 
09:27:46.668 [main] INFO  o.r.Reflections - [scan,232] - Reflections took 17 ms to scan 1 urls, producing 1 keys and 5 values 
09:27:46.690 [main] INFO  o.r.Reflections - [scan,232] - Reflections took 19 ms to scan 1 urls, producing 1 keys and 7 values 
09:27:46.713 [main] INFO  o.r.Reflections - [scan,232] - Reflections took 19 ms to scan 1 urls, producing 2 keys and 8 values 
09:27:46.945 [main] INFO  o.r.Reflections - [scan,232] - Reflections took 228 ms to scan 208 urls, producing 0 keys and 0 values 
09:27:46.946 [main] INFO  c.a.n.c.r.client - [printIfInfoEnabled,60] - [47d39429-a64d-4768-b530-09e714fcfcc0_config-0] RpcClient init label, labels = {module=config, Vipserver-Tag=null, source=sdk, Amory-Tag=null, Location-Tag=null, taskId=0, AppName=unknown}
09:27:46.947 [main] INFO  c.a.n.c.r.client - [printIfInfoEnabled,60] - [47d39429-a64d-4768-b530-09e714fcfcc0_config-0] Register server push request handler:com.alibaba.nacos.client.config.impl.ClientWorker$ConfigRpcTransportClient$$Lambda$336/82275756
09:27:46.948 [main] INFO  c.a.n.c.r.client - [printIfInfoEnabled,60] - [47d39429-a64d-4768-b530-09e714fcfcc0_config-0] Register server push request handler:com.alibaba.nacos.client.config.impl.ClientWorker$ConfigRpcTransportClient$$Lambda$337/1629353699
09:27:46.949 [main] INFO  c.a.n.c.r.client - [printIfInfoEnabled,60] - [47d39429-a64d-4768-b530-09e714fcfcc0_config-0] Registry connection listener to current client:com.alibaba.nacos.client.config.impl.ClientWorker$ConfigRpcTransportClient$1
09:27:46.949 [main] INFO  c.a.n.c.r.client - [printIfInfoEnabled,60] - [47d39429-a64d-4768-b530-09e714fcfcc0_config-0] RpcClient init, ServerListFactory = com.alibaba.nacos.client.config.impl.ClientWorker$ConfigRpcTransportClient$2
09:27:46.959 [main] INFO  c.a.n.c.r.client - [printIfInfoEnabled,60] - [47d39429-a64d-4768-b530-09e714fcfcc0_config-0] Try to connect to server on start up, server: {serverIp = '127.0.0.1', server main port = 8848}
09:27:51.649 [main] INFO  c.a.n.c.r.client - [printIfInfoEnabled,60] - [47d39429-a64d-4768-b530-09e714fcfcc0_config-0] Success to connect to server [127.0.0.1:8848] on start up, connectionId = 1702862871201_127.0.0.1_2071
09:27:51.650 [com.alibaba.nacos.client.remote.worker] INFO  c.a.n.c.r.client - [printIfInfoEnabled,60] - [47d39429-a64d-4768-b530-09e714fcfcc0_config-0] Notify connected event to listeners.
09:27:51.652 [main] INFO  c.a.n.c.r.client - [printIfInfoEnabled,60] - [47d39429-a64d-4768-b530-09e714fcfcc0_config-0] Register server push request handler:com.alibaba.nacos.common.remote.client.RpcClient$ConnectResetRequestHandler
09:27:51.652 [main] INFO  c.a.n.c.r.client - [printIfInfoEnabled,60] - [47d39429-a64d-4768-b530-09e714fcfcc0_config-0] Register server push request handler:com.alibaba.nacos.common.remote.client.RpcClient$$Lambda$345/1775120226
09:27:52.153 [main] INFO  c.x.g.XmapGatewayApplication - [logStartupProfileInfo,637] - The following 1 profile is active: "dev"
09:28:09.289 [main] INFO  c.a.c.s.g.s.SentinelSCGAutoConfiguration - [sentinelGatewayFilter,144] - [Sentinel SpringCloudGateway] register SentinelGatewayFilter with order: -2147483648
09:28:10.832 [main] INFO  c.a.c.s.g.s.SentinelSCGAutoConfiguration - [sentinelGatewayBlockExceptionHandler,134] - [Sentinel SpringCloudGateway] register SentinelGatewayBlockExceptionHandler
09:28:11.873 [main] INFO  c.a.n.c.r.client - [lambda$createClient$0,80] - [RpcClientFactory] create a new rpc client of 3fe864c2-6733-4253-b50d-ac96c4740507_config-0
09:28:11.873 [main] INFO  c.a.n.c.r.client - [printIfInfoEnabled,60] - [3fe864c2-6733-4253-b50d-ac96c4740507_config-0] RpcClient init label, labels = {module=config, Vipserver-Tag=null, source=sdk, Amory-Tag=null, Location-Tag=null, taskId=0, AppName=unknown}
09:28:11.873 [main] INFO  c.a.n.c.r.client - [printIfInfoEnabled,60] - [3fe864c2-6733-4253-b50d-ac96c4740507_config-0] Register server push request handler:com.alibaba.nacos.client.config.impl.ClientWorker$ConfigRpcTransportClient$$Lambda$336/82275756
09:28:11.874 [main] INFO  c.a.n.c.r.client - [printIfInfoEnabled,60] - [3fe864c2-6733-4253-b50d-ac96c4740507_config-0] Register server push request handler:com.alibaba.nacos.client.config.impl.ClientWorker$ConfigRpcTransportClient$$Lambda$337/1629353699
09:28:11.874 [main] INFO  c.a.n.c.r.client - [printIfInfoEnabled,60] - [3fe864c2-6733-4253-b50d-ac96c4740507_config-0] Registry connection listener to current client:com.alibaba.nacos.client.config.impl.ClientWorker$ConfigRpcTransportClient$1
09:28:11.874 [main] INFO  c.a.n.c.r.client - [printIfInfoEnabled,60] - [3fe864c2-6733-4253-b50d-ac96c4740507_config-0] RpcClient init, ServerListFactory = com.alibaba.nacos.client.config.impl.ClientWorker$ConfigRpcTransportClient$2
09:28:11.875 [main] INFO  c.a.n.c.r.client - [printIfInfoEnabled,60] - [3fe864c2-6733-4253-b50d-ac96c4740507_config-0] Try to connect to server on start up, server: {serverIp = '127.0.0.1', server main port = 8848}
09:28:11.996 [main] INFO  c.a.n.c.r.client - [printIfInfoEnabled,60] - [3fe864c2-6733-4253-b50d-ac96c4740507_config-0] Success to connect to server [127.0.0.1:8848] on start up, connectionId = 1702862891883_127.0.0.1_2235
09:28:11.996 [com.alibaba.nacos.client.remote.worker] INFO  c.a.n.c.r.client - [printIfInfoEnabled,60] - [3fe864c2-6733-4253-b50d-ac96c4740507_config-0] Notify connected event to listeners.
09:28:11.996 [main] INFO  c.a.n.c.r.client - [printIfInfoEnabled,60] - [3fe864c2-6733-4253-b50d-ac96c4740507_config-0] Register server push request handler:com.alibaba.nacos.common.remote.client.RpcClient$ConnectResetRequestHandler
09:28:11.997 [main] INFO  c.a.n.c.r.client - [printIfInfoEnabled,60] - [3fe864c2-6733-4253-b50d-ac96c4740507_config-0] Register server push request handler:com.alibaba.nacos.common.remote.client.RpcClient$$Lambda$345/1775120226
09:28:12.256 [main] INFO  c.a.n.c.r.client - [lambda$createClient$0,80] - [RpcClientFactory] create a new rpc client of f7d2ca4a-b6f2-4447-8daf-2f4b759d35f7
09:28:12.256 [main] INFO  c.a.n.c.r.client - [printIfInfoEnabled,60] - [f7d2ca4a-b6f2-4447-8daf-2f4b759d35f7] RpcClient init label, labels = {module=naming, source=sdk}
09:28:12.259 [main] INFO  c.a.n.c.r.client - [printIfInfoEnabled,60] - [f7d2ca4a-b6f2-4447-8daf-2f4b759d35f7] RpcClient init, ServerListFactory = com.alibaba.nacos.client.naming.core.ServerListManager
09:28:12.259 [main] INFO  c.a.n.c.r.client - [printIfInfoEnabled,60] - [f7d2ca4a-b6f2-4447-8daf-2f4b759d35f7] Registry connection listener to current client:com.alibaba.nacos.client.naming.remote.gprc.redo.NamingGrpcRedoService
09:28:12.260 [main] INFO  c.a.n.c.r.client - [printIfInfoEnabled,60] - [f7d2ca4a-b6f2-4447-8daf-2f4b759d35f7] Register server push request handler:com.alibaba.nacos.client.naming.remote.gprc.NamingPushRequestHandler
09:28:12.261 [main] INFO  c.a.n.c.r.client - [printIfInfoEnabled,60] - [f7d2ca4a-b6f2-4447-8daf-2f4b759d35f7] Try to connect to server on start up, server: {serverIp = '127.0.0.1', server main port = 8848}
09:28:12.382 [main] INFO  c.a.n.c.r.client - [printIfInfoEnabled,60] - [f7d2ca4a-b6f2-4447-8daf-2f4b759d35f7] Success to connect to server [127.0.0.1:8848] on start up, connectionId = 1702862892270_127.0.0.1_2236
09:28:12.382 [com.alibaba.nacos.client.remote.worker] INFO  c.a.n.c.r.client - [printIfInfoEnabled,60] - [f7d2ca4a-b6f2-4447-8daf-2f4b759d35f7] Notify connected event to listeners.
09:28:12.382 [main] INFO  c.a.n.c.r.client - [printIfInfoEnabled,60] - [f7d2ca4a-b6f2-4447-8daf-2f4b759d35f7] Register server push request handler:com.alibaba.nacos.common.remote.client.RpcClient$ConnectResetRequestHandler
09:28:12.383 [main] INFO  c.a.n.c.r.client - [printIfInfoEnabled,60] - [f7d2ca4a-b6f2-4447-8daf-2f4b759d35f7] Register server push request handler:com.alibaba.nacos.common.remote.client.RpcClient$$Lambda$345/1775120226
09:28:15.632 [nacos-grpc-client-executor-17] INFO  c.a.n.c.r.client - [printIfInfoEnabled,60] - [f7d2ca4a-b6f2-4447-8daf-2f4b759d35f7] Receive server push request, request = NotifySubscriberRequest, requestId = 2
09:28:15.649 [nacos-grpc-client-executor-17] INFO  c.a.n.c.r.client - [printIfInfoEnabled,60] - [f7d2ca4a-b6f2-4447-8daf-2f4b759d35f7] Ack server push request, request = NotifySubscriberRequest, requestId = 2
09:28:15.657 [nacos-grpc-client-executor-18] INFO  c.a.n.c.r.client - [printIfInfoEnabled,60] - [f7d2ca4a-b6f2-4447-8daf-2f4b759d35f7] Receive server push request, request = NotifySubscriberRequest, requestId = 3
09:28:15.658 [nacos-grpc-client-executor-18] INFO  c.a.n.c.r.client - [printIfInfoEnabled,60] - [f7d2ca4a-b6f2-4447-8daf-2f4b759d35f7] Ack server push request, request = NotifySubscriberRequest, requestId = 3
09:28:19.588 [main] INFO  c.a.c.n.r.NacosServiceRegistry - [register,75] - nacos registry, DEFAULT_GROUP xmap-gateway 10.100.60.135:8080 register finished
09:28:19.649 [main] INFO  c.x.g.XmapGatewayApplication - [logStarted,61] - Started XmapGatewayApplication in 38.742 seconds (JVM running for 46.046)
09:28:19.660 [main] INFO  c.a.c.n.r.NacosContextRefresher - [registerNacosListener,129] - [Nacos Config] Listening config: dataId=xmap-gateway, group=DEFAULT_GROUP
09:28:19.662 [main] INFO  c.a.c.n.r.NacosContextRefresher - [registerNacosListener,129] - [Nacos Config] Listening config: dataId=xmap-gateway.yml, group=DEFAULT_GROUP
09:28:19.664 [main] INFO  c.a.c.n.r.NacosContextRefresher - [registerNacosListener,129] - [Nacos Config] Listening config: dataId=xmap-gateway-dev.yml, group=DEFAULT_GROUP
09:28:20.166 [nacos-grpc-client-executor-26] INFO  c.a.n.c.r.client - [printIfInfoEnabled,60] - [f7d2ca4a-b6f2-4447-8daf-2f4b759d35f7] Receive server push request, request = NotifySubscriberRequest, requestId = 4
09:28:20.188 [nacos-grpc-client-executor-26] INFO  c.a.n.c.r.client - [printIfInfoEnabled,60] - [f7d2ca4a-b6f2-4447-8daf-2f4b759d35f7] Ack server push request, request = NotifySubscriberRequest, requestId = 4
09:28:43.374 [nacos-grpc-client-executor-43] INFO  c.a.n.c.r.client - [printIfInfoEnabled,60] - [f7d2ca4a-b6f2-4447-8daf-2f4b759d35f7] Receive server push request, request = NotifySubscriberRequest, requestId = 7
09:28:43.375 [nacos-grpc-client-executor-43] INFO  c.a.n.c.r.client - [printIfInfoEnabled,60] - [f7d2ca4a-b6f2-4447-8daf-2f4b759d35f7] Ack server push request, request = NotifySubscriberRequest, requestId = 7
09:28:43.377 [nacos-grpc-client-executor-44] INFO  c.a.n.c.r.client - [printIfInfoEnabled,60] - [f7d2ca4a-b6f2-4447-8daf-2f4b759d35f7] Receive server push request, request = NotifySubscriberRequest, requestId = 8
09:28:43.377 [nacos-grpc-client-executor-44] INFO  c.a.n.c.r.client - [printIfInfoEnabled,60] - [f7d2ca4a-b6f2-4447-8daf-2f4b759d35f7] Ack server push request, request = NotifySubscriberRequest, requestId = 8
09:30:43.377 [nacos-grpc-client-executor-98] INFO  c.a.n.c.r.client - [printIfInfoEnabled,60] - [f7d2ca4a-b6f2-4447-8daf-2f4b759d35f7] Receive server push request, request = NotifySubscriberRequest, requestId = 11
09:30:43.378 [nacos-grpc-client-executor-98] INFO  c.a.n.c.r.client - [printIfInfoEnabled,60] - [f7d2ca4a-b6f2-4447-8daf-2f4b759d35f7] Ack server push request, request = NotifySubscriberRequest, requestId = 11
10:47:49.809 [nacos-grpc-client-executor-1505] INFO  c.a.n.c.r.client - [printIfInfoEnabled,60] - [f7d2ca4a-b6f2-4447-8daf-2f4b759d35f7] Receive server push request, request = NotifySubscriberRequest, requestId = 13
10:47:49.810 [nacos-grpc-client-executor-1505] INFO  c.a.n.c.r.client - [printIfInfoEnabled,60] - [f7d2ca4a-b6f2-4447-8daf-2f4b759d35f7] Ack server push request, request = NotifySubscriberRequest, requestId = 13
10:48:20.977 [nacos-grpc-client-executor-1516] INFO  c.a.n.c.r.client - [printIfInfoEnabled,60] - [f7d2ca4a-b6f2-4447-8daf-2f4b759d35f7] Receive server push request, request = NotifySubscriberRequest, requestId = 15
10:48:20.984 [nacos-grpc-client-executor-1516] INFO  c.a.n.c.r.client - [printIfInfoEnabled,60] - [f7d2ca4a-b6f2-4447-8daf-2f4b759d35f7] Ack server push request, request = NotifySubscriberRequest, requestId = 15
14:15:32.738 [SpringApplicationShutdownHook] INFO  c.a.c.n.r.NacosServiceRegistry - [deregister,94] - De-registering from Nacos Server now...
14:15:32.748 [SpringApplicationShutdownHook] INFO  c.a.c.n.r.NacosServiceRegistry - [deregister,114] - De-registration finished.
14:15:33.099 [SpringApplicationShutdownHook] INFO  c.a.n.c.r.client - [shutdown,454] - Shutdown rpc client, set status to shutdown
14:15:33.100 [SpringApplicationShutdownHook] INFO  c.a.n.c.r.client - [shutdown,456] - Shutdown client event executor java.util.concurrent.ScheduledThreadPoolExecutor@3418c83d[Running, pool size = 2, active threads = 2, queued tasks = 0, completed tasks = 0]
14:15:33.100 [SpringApplicationShutdownHook] INFO  c.a.n.c.r.client - [closeConnection,591] - Close current connection 1702862892270_127.0.0.1_2236
14:15:33.104 [nacos-grpc-client-executor-5211] INFO  c.a.n.c.r.c.g.GrpcClient - [printIfInfoEnabled,60] - [1702862892270_127.0.0.1_2236]Ignore complete event,isRunning:false,isAbandon=false
14:15:33.296 [SpringApplicationShutdownHook] INFO  c.a.n.c.r.c.g.GrpcClient - [shutdown,85] - Shutdown grpc executor java.util.concurrent.ThreadPoolExecutor@3287c197[Running, pool size = 5, active threads = 0, queued tasks = 0, completed tasks = 5212]
14:16:00.143 [background-preinit] INFO  o.h.v.i.util.Version - [<clinit>,21] - HV000001: Hibernate Validator 6.2.5.Final
14:16:02.203 [main] INFO  c.a.n.c.r.client - [lambda$createClient$0,80] - [RpcClientFactory] create a new rpc client of ae77e3b5-7b74-4321-80f2-213c23fa57c9_config-0
14:16:02.339 [main] INFO  o.r.Reflections - [scan,232] - Reflections took 92 ms to scan 1 urls, producing 3 keys and 6 values 
14:16:02.399 [main] INFO  o.r.Reflections - [scan,232] - Reflections took 25 ms to scan 1 urls, producing 4 keys and 9 values 
14:16:02.419 [main] INFO  o.r.Reflections - [scan,232] - Reflections took 16 ms to scan 1 urls, producing 3 keys and 10 values 
14:16:02.869 [main] INFO  o.r.Reflections - [scan,232] - Reflections took 445 ms to scan 208 urls, producing 0 keys and 0 values 
14:16:02.891 [main] INFO  o.r.Reflections - [scan,232] - Reflections took 21 ms to scan 1 urls, producing 1 keys and 5 values 
14:16:02.913 [main] INFO  o.r.Reflections - [scan,232] - Reflections took 18 ms to scan 1 urls, producing 1 keys and 7 values 
14:16:02.929 [main] INFO  o.r.Reflections - [scan,232] - Reflections took 13 ms to scan 1 urls, producing 2 keys and 8 values 
14:16:03.147 [main] INFO  o.r.Reflections - [scan,232] - Reflections took 215 ms to scan 208 urls, producing 0 keys and 0 values 
14:16:03.150 [main] INFO  c.a.n.c.r.client - [printIfInfoEnabled,60] - [ae77e3b5-7b74-4321-80f2-213c23fa57c9_config-0] RpcClient init label, labels = {module=config, Vipserver-Tag=null, source=sdk, Amory-Tag=null, Location-Tag=null, taskId=0, AppName=unknown}
14:16:03.152 [main] INFO  c.a.n.c.r.client - [printIfInfoEnabled,60] - [ae77e3b5-7b74-4321-80f2-213c23fa57c9_config-0] Register server push request handler:com.alibaba.nacos.client.config.impl.ClientWorker$ConfigRpcTransportClient$$Lambda$336/82275756
14:16:03.152 [main] INFO  c.a.n.c.r.client - [printIfInfoEnabled,60] - [ae77e3b5-7b74-4321-80f2-213c23fa57c9_config-0] Register server push request handler:com.alibaba.nacos.client.config.impl.ClientWorker$ConfigRpcTransportClient$$Lambda$337/1629353699
14:16:03.154 [main] INFO  c.a.n.c.r.client - [printIfInfoEnabled,60] - [ae77e3b5-7b74-4321-80f2-213c23fa57c9_config-0] Registry connection listener to current client:com.alibaba.nacos.client.config.impl.ClientWorker$ConfigRpcTransportClient$1
14:16:03.155 [main] INFO  c.a.n.c.r.client - [printIfInfoEnabled,60] - [ae77e3b5-7b74-4321-80f2-213c23fa57c9_config-0] RpcClient init, ServerListFactory = com.alibaba.nacos.client.config.impl.ClientWorker$ConfigRpcTransportClient$2
14:16:03.172 [main] INFO  c.a.n.c.r.client - [printIfInfoEnabled,60] - [ae77e3b5-7b74-4321-80f2-213c23fa57c9_config-0] Try to connect to server on start up, server: {serverIp = '127.0.0.1', server main port = 8848}
14:16:09.135 [main] INFO  c.a.n.c.r.client - [printIfInfoEnabled,60] - [ae77e3b5-7b74-4321-80f2-213c23fa57c9_config-0] Success to connect to server [127.0.0.1:8848] on start up, connectionId = 1702880168712_127.0.0.1_7949
14:16:09.136 [com.alibaba.nacos.client.remote.worker] INFO  c.a.n.c.r.client - [printIfInfoEnabled,60] - [ae77e3b5-7b74-4321-80f2-213c23fa57c9_config-0] Notify connected event to listeners.
14:16:09.137 [main] INFO  c.a.n.c.r.client - [printIfInfoEnabled,60] - [ae77e3b5-7b74-4321-80f2-213c23fa57c9_config-0] Register server push request handler:com.alibaba.nacos.common.remote.client.RpcClient$ConnectResetRequestHandler
14:16:09.138 [main] INFO  c.a.n.c.r.client - [printIfInfoEnabled,60] - [ae77e3b5-7b74-4321-80f2-213c23fa57c9_config-0] Register server push request handler:com.alibaba.nacos.common.remote.client.RpcClient$$Lambda$345/1402333753
14:16:09.382 [main] INFO  c.x.g.XmapGatewayApplication - [logStartupProfileInfo,637] - The following 1 profile is active: "dev"
14:16:23.049 [main] INFO  c.a.c.s.g.s.SentinelSCGAutoConfiguration - [sentinelGatewayFilter,144] - [Sentinel SpringCloudGateway] register SentinelGatewayFilter with order: -2147483648
14:16:25.294 [main] INFO  c.a.c.s.g.s.SentinelSCGAutoConfiguration - [sentinelGatewayBlockExceptionHandler,134] - [Sentinel SpringCloudGateway] register SentinelGatewayBlockExceptionHandler
14:16:26.698 [main] INFO  c.a.n.c.r.client - [lambda$createClient$0,80] - [RpcClientFactory] create a new rpc client of ae3c9096-7596-4e0b-900c-b448e931385a_config-0
14:16:26.699 [main] INFO  c.a.n.c.r.client - [printIfInfoEnabled,60] - [ae3c9096-7596-4e0b-900c-b448e931385a_config-0] RpcClient init label, labels = {module=config, Vipserver-Tag=null, source=sdk, Amory-Tag=null, Location-Tag=null, taskId=0, AppName=unknown}
14:16:26.699 [main] INFO  c.a.n.c.r.client - [printIfInfoEnabled,60] - [ae3c9096-7596-4e0b-900c-b448e931385a_config-0] Register server push request handler:com.alibaba.nacos.client.config.impl.ClientWorker$ConfigRpcTransportClient$$Lambda$336/82275756
14:16:26.700 [main] INFO  c.a.n.c.r.client - [printIfInfoEnabled,60] - [ae3c9096-7596-4e0b-900c-b448e931385a_config-0] Register server push request handler:com.alibaba.nacos.client.config.impl.ClientWorker$ConfigRpcTransportClient$$Lambda$337/1629353699
14:16:26.700 [main] INFO  c.a.n.c.r.client - [printIfInfoEnabled,60] - [ae3c9096-7596-4e0b-900c-b448e931385a_config-0] Registry connection listener to current client:com.alibaba.nacos.client.config.impl.ClientWorker$ConfigRpcTransportClient$1
14:16:26.701 [main] INFO  c.a.n.c.r.client - [printIfInfoEnabled,60] - [ae3c9096-7596-4e0b-900c-b448e931385a_config-0] RpcClient init, ServerListFactory = com.alibaba.nacos.client.config.impl.ClientWorker$ConfigRpcTransportClient$2
14:16:26.701 [main] INFO  c.a.n.c.r.client - [printIfInfoEnabled,60] - [ae3c9096-7596-4e0b-900c-b448e931385a_config-0] Try to connect to server on start up, server: {serverIp = '127.0.0.1', server main port = 8848}
14:16:26.844 [main] INFO  c.a.n.c.r.client - [printIfInfoEnabled,60] - [ae3c9096-7596-4e0b-900c-b448e931385a_config-0] Success to connect to server [127.0.0.1:8848] on start up, connectionId = 1702880186718_127.0.0.1_8189
14:16:26.845 [main] INFO  c.a.n.c.r.client - [printIfInfoEnabled,60] - [ae3c9096-7596-4e0b-900c-b448e931385a_config-0] Register server push request handler:com.alibaba.nacos.common.remote.client.RpcClient$ConnectResetRequestHandler
14:16:26.845 [com.alibaba.nacos.client.remote.worker] INFO  c.a.n.c.r.client - [printIfInfoEnabled,60] - [ae3c9096-7596-4e0b-900c-b448e931385a_config-0] Notify connected event to listeners.
14:16:26.845 [main] INFO  c.a.n.c.r.client - [printIfInfoEnabled,60] - [ae3c9096-7596-4e0b-900c-b448e931385a_config-0] Register server push request handler:com.alibaba.nacos.common.remote.client.RpcClient$$Lambda$345/1402333753
14:16:27.129 [main] INFO  c.a.n.c.r.client - [lambda$createClient$0,80] - [RpcClientFactory] create a new rpc client of 25766afc-07a2-499a-98fe-97cc386ce1ca
14:16:27.130 [main] INFO  c.a.n.c.r.client - [printIfInfoEnabled,60] - [25766afc-07a2-499a-98fe-97cc386ce1ca] RpcClient init label, labels = {module=naming, source=sdk}
14:16:27.134 [main] INFO  c.a.n.c.r.client - [printIfInfoEnabled,60] - [25766afc-07a2-499a-98fe-97cc386ce1ca] RpcClient init, ServerListFactory = com.alibaba.nacos.client.naming.core.ServerListManager
14:16:27.134 [main] INFO  c.a.n.c.r.client - [printIfInfoEnabled,60] - [25766afc-07a2-499a-98fe-97cc386ce1ca] Registry connection listener to current client:com.alibaba.nacos.client.naming.remote.gprc.redo.NamingGrpcRedoService
14:16:27.135 [main] INFO  c.a.n.c.r.client - [printIfInfoEnabled,60] - [25766afc-07a2-499a-98fe-97cc386ce1ca] Register server push request handler:com.alibaba.nacos.client.naming.remote.gprc.NamingPushRequestHandler
14:16:27.136 [main] INFO  c.a.n.c.r.client - [printIfInfoEnabled,60] - [25766afc-07a2-499a-98fe-97cc386ce1ca] Try to connect to server on start up, server: {serverIp = '127.0.0.1', server main port = 8848}
14:16:27.259 [main] INFO  c.a.n.c.r.client - [printIfInfoEnabled,60] - [25766afc-07a2-499a-98fe-97cc386ce1ca] Success to connect to server [127.0.0.1:8848] on start up, connectionId = 1702880187145_127.0.0.1_8190
14:16:27.259 [com.alibaba.nacos.client.remote.worker] INFO  c.a.n.c.r.client - [printIfInfoEnabled,60] - [25766afc-07a2-499a-98fe-97cc386ce1ca] Notify connected event to listeners.
14:16:27.259 [main] INFO  c.a.n.c.r.client - [printIfInfoEnabled,60] - [25766afc-07a2-499a-98fe-97cc386ce1ca] Register server push request handler:com.alibaba.nacos.common.remote.client.RpcClient$ConnectResetRequestHandler
14:16:27.260 [main] INFO  c.a.n.c.r.client - [printIfInfoEnabled,60] - [25766afc-07a2-499a-98fe-97cc386ce1ca] Register server push request handler:com.alibaba.nacos.common.remote.client.RpcClient$$Lambda$345/1402333753
14:16:28.127 [nacos-grpc-client-executor-14] INFO  c.a.n.c.r.client - [printIfInfoEnabled,60] - [25766afc-07a2-499a-98fe-97cc386ce1ca] Receive server push request, request = NotifySubscriberRequest, requestId = 19
14:16:28.128 [nacos-grpc-client-executor-14] INFO  c.a.n.c.r.client - [printIfInfoEnabled,60] - [25766afc-07a2-499a-98fe-97cc386ce1ca] Ack server push request, request = NotifySubscriberRequest, requestId = 19
14:16:28.254 [nacos-grpc-client-executor-16] INFO  c.a.n.c.r.client - [printIfInfoEnabled,60] - [25766afc-07a2-499a-98fe-97cc386ce1ca] Receive server push request, request = NotifySubscriberRequest, requestId = 20
14:16:28.255 [nacos-grpc-client-executor-16] INFO  c.a.n.c.r.client - [printIfInfoEnabled,60] - [25766afc-07a2-499a-98fe-97cc386ce1ca] Ack server push request, request = NotifySubscriberRequest, requestId = 20
14:16:28.259 [nacos-grpc-client-executor-17] INFO  c.a.n.c.r.client - [printIfInfoEnabled,60] - [25766afc-07a2-499a-98fe-97cc386ce1ca] Receive server push request, request = NotifySubscriberRequest, requestId = 24
14:16:28.260 [nacos-grpc-client-executor-17] INFO  c.a.n.c.r.client - [printIfInfoEnabled,60] - [25766afc-07a2-499a-98fe-97cc386ce1ca] Ack server push request, request = NotifySubscriberRequest, requestId = 24
14:16:28.262 [nacos-grpc-client-executor-18] INFO  c.a.n.c.r.client - [printIfInfoEnabled,60] - [25766afc-07a2-499a-98fe-97cc386ce1ca] Receive server push request, request = NotifySubscriberRequest, requestId = 22
14:16:28.263 [nacos-grpc-client-executor-18] INFO  c.a.n.c.r.client - [printIfInfoEnabled,60] - [25766afc-07a2-499a-98fe-97cc386ce1ca] Ack server push request, request = NotifySubscriberRequest, requestId = 22
14:16:28.383 [nacos-grpc-client-executor-19] INFO  c.a.n.c.r.client - [printIfInfoEnabled,60] - [25766afc-07a2-499a-98fe-97cc386ce1ca] Receive server push request, request = NotifySubscriberRequest, requestId = 23
14:16:28.386 [nacos-grpc-client-executor-19] INFO  c.a.n.c.r.client - [printIfInfoEnabled,60] - [25766afc-07a2-499a-98fe-97cc386ce1ca] Ack server push request, request = NotifySubscriberRequest, requestId = 23
14:16:28.399 [nacos-grpc-client-executor-19] INFO  c.a.n.c.r.client - [printIfInfoEnabled,60] - [25766afc-07a2-499a-98fe-97cc386ce1ca] Receive server push request, request = NotifySubscriberRequest, requestId = 21
14:16:28.404 [nacos-grpc-client-executor-19] INFO  c.a.n.c.r.client - [printIfInfoEnabled,60] - [25766afc-07a2-499a-98fe-97cc386ce1ca] Ack server push request, request = NotifySubscriberRequest, requestId = 21
14:16:29.612 [nacos-grpc-client-executor-27] INFO  c.a.n.c.r.client - [printIfInfoEnabled,60] - [25766afc-07a2-499a-98fe-97cc386ce1ca] Receive server push request, request = NotifySubscriberRequest, requestId = 25
14:16:29.620 [nacos-grpc-client-executor-27] INFO  c.a.n.c.r.client - [printIfInfoEnabled,60] - [25766afc-07a2-499a-98fe-97cc386ce1ca] Ack server push request, request = NotifySubscriberRequest, requestId = 25
14:16:35.854 [main] INFO  c.a.c.n.r.NacosServiceRegistry - [register,75] - nacos registry, DEFAULT_GROUP xmap-gateway 10.100.60.135:8080 register finished
14:16:36.021 [main] INFO  c.x.g.XmapGatewayApplication - [logStarted,61] - Started XmapGatewayApplication in 37.772 seconds (JVM running for 42.651)
14:16:36.038 [main] INFO  c.a.c.n.r.NacosContextRefresher - [registerNacosListener,129] - [Nacos Config] Listening config: dataId=xmap-gateway, group=DEFAULT_GROUP
14:16:36.041 [main] INFO  c.a.c.n.r.NacosContextRefresher - [registerNacosListener,129] - [Nacos Config] Listening config: dataId=xmap-gateway.yml, group=DEFAULT_GROUP
14:16:36.043 [main] INFO  c.a.c.n.r.NacosContextRefresher - [registerNacosListener,129] - [Nacos Config] Listening config: dataId=xmap-gateway-dev.yml, group=DEFAULT_GROUP
14:16:36.393 [nacos-grpc-client-executor-43] INFO  c.a.n.c.r.client - [printIfInfoEnabled,60] - [25766afc-07a2-499a-98fe-97cc386ce1ca] Receive server push request, request = NotifySubscriberRequest, requestId = 27
14:16:36.405 [nacos-grpc-client-executor-43] INFO  c.a.n.c.r.client - [printIfInfoEnabled,60] - [25766afc-07a2-499a-98fe-97cc386ce1ca] Ack server push request, request = NotifySubscriberRequest, requestId = 27
14:16:36.993 [nacos-grpc-client-executor-44] INFO  c.a.n.c.r.client - [printIfInfoEnabled,60] - [25766afc-07a2-499a-98fe-97cc386ce1ca] Receive server push request, request = NotifySubscriberRequest, requestId = 29
14:16:37.005 [nacos-grpc-client-executor-44] INFO  c.a.n.c.r.client - [printIfInfoEnabled,60] - [25766afc-07a2-499a-98fe-97cc386ce1ca] Ack server push request, request = NotifySubscriberRequest, requestId = 29
14:16:47.392 [nacos-grpc-client-executor-52] INFO  c.a.n.c.r.client - [printIfInfoEnabled,60] - [25766afc-07a2-499a-98fe-97cc386ce1ca] Receive server push request, request = NotifySubscriberRequest, requestId = 31
14:16:47.405 [nacos-grpc-client-executor-52] INFO  c.a.n.c.r.client - [printIfInfoEnabled,60] - [25766afc-07a2-499a-98fe-97cc386ce1ca] Ack server push request, request = NotifySubscriberRequest, requestId = 31
14:16:50.787 [nacos-grpc-client-executor-53] INFO  c.a.n.c.r.client - [printIfInfoEnabled,60] - [25766afc-07a2-499a-98fe-97cc386ce1ca] Receive server push request, request = NotifySubscriberRequest, requestId = 33
14:16:50.804 [nacos-grpc-client-executor-53] INFO  c.a.n.c.r.client - [printIfInfoEnabled,60] - [25766afc-07a2-499a-98fe-97cc386ce1ca] Ack server push request, request = NotifySubscriberRequest, requestId = 33
16:06:52.130 [SpringApplicationShutdownHook] INFO  c.a.c.n.r.NacosServiceRegistry - [deregister,94] - De-registering from Nacos Server now...
16:06:52.138 [SpringApplicationShutdownHook] INFO  c.a.c.n.r.NacosServiceRegistry - [deregister,114] - De-registration finished.
16:06:52.484 [SpringApplicationShutdownHook] INFO  c.a.n.c.r.client - [shutdown,454] - Shutdown rpc client, set status to shutdown
16:06:52.485 [SpringApplicationShutdownHook] INFO  c.a.n.c.r.client - [shutdown,456] - Shutdown client event executor java.util.concurrent.ScheduledThreadPoolExecutor@5e0101ed[Running, pool size = 2, active threads = 2, queued tasks = 0, completed tasks = 0]
16:06:52.485 [SpringApplicationShutdownHook] INFO  c.a.n.c.r.client - [closeConnection,591] - Close current connection 1702880187145_127.0.0.1_8190
16:06:52.487 [nacos-grpc-client-executor-2183] INFO  c.a.n.c.r.c.g.GrpcClient - [printIfInfoEnabled,60] - [1702880187145_127.0.0.1_8190]Ignore complete event,isRunning:false,isAbandon=false
16:06:52.529 [SpringApplicationShutdownHook] INFO  c.a.n.c.r.c.g.GrpcClient - [shutdown,85] - Shutdown grpc executor java.util.concurrent.ThreadPoolExecutor@39c1d692[Running, pool size = 7, active threads = 0, queued tasks = 0, completed tasks = 2184]
17:41:14.410 [background-preinit] INFO  o.h.v.i.util.Version - [<clinit>,21] - HV000001: Hibernate Validator 6.2.5.Final
17:41:16.024 [main] INFO  c.a.n.c.r.client - [lambda$createClient$0,80] - [RpcClientFactory] create a new rpc client of 85304542-3e60-4201-af04-c7166a7a177c_config-0
17:41:16.113 [main] INFO  o.r.Reflections - [scan,232] - Reflections took 42 ms to scan 1 urls, producing 3 keys and 6 values 
17:41:16.149 [main] INFO  o.r.Reflections - [scan,232] - Reflections took 12 ms to scan 1 urls, producing 4 keys and 9 values 
17:41:16.162 [main] INFO  o.r.Reflections - [scan,232] - Reflections took 10 ms to scan 1 urls, producing 3 keys and 10 values 
17:41:16.362 [main] INFO  o.r.Reflections - [scan,232] - Reflections took 197 ms to scan 208 urls, producing 0 keys and 0 values 
17:41:16.372 [main] INFO  o.r.Reflections - [scan,232] - Reflections took 9 ms to scan 1 urls, producing 1 keys and 5 values 
17:41:16.383 [main] INFO  o.r.Reflections - [scan,232] - Reflections took 9 ms to scan 1 urls, producing 1 keys and 7 values 
17:41:16.395 [main] INFO  o.r.Reflections - [scan,232] - Reflections took 10 ms to scan 1 urls, producing 2 keys and 8 values 
17:41:16.535 [main] INFO  o.r.Reflections - [scan,232] - Reflections took 138 ms to scan 208 urls, producing 0 keys and 0 values 
17:41:16.537 [main] INFO  c.a.n.c.r.client - [printIfInfoEnabled,60] - [85304542-3e60-4201-af04-c7166a7a177c_config-0] RpcClient init label, labels = {module=config, Vipserver-Tag=null, source=sdk, Amory-Tag=null, Location-Tag=null, taskId=0, AppName=unknown}
17:41:16.538 [main] INFO  c.a.n.c.r.client - [printIfInfoEnabled,60] - [85304542-3e60-4201-af04-c7166a7a177c_config-0] Register server push request handler:com.alibaba.nacos.client.config.impl.ClientWorker$ConfigRpcTransportClient$$Lambda$336/82275756
17:41:16.538 [main] INFO  c.a.n.c.r.client - [printIfInfoEnabled,60] - [85304542-3e60-4201-af04-c7166a7a177c_config-0] Register server push request handler:com.alibaba.nacos.client.config.impl.ClientWorker$ConfigRpcTransportClient$$Lambda$337/1629353699
17:41:16.539 [main] INFO  c.a.n.c.r.client - [printIfInfoEnabled,60] - [85304542-3e60-4201-af04-c7166a7a177c_config-0] Registry connection listener to current client:com.alibaba.nacos.client.config.impl.ClientWorker$ConfigRpcTransportClient$1
17:41:16.539 [main] INFO  c.a.n.c.r.client - [printIfInfoEnabled,60] - [85304542-3e60-4201-af04-c7166a7a177c_config-0] RpcClient init, ServerListFactory = com.alibaba.nacos.client.config.impl.ClientWorker$ConfigRpcTransportClient$2
17:41:16.562 [main] INFO  c.a.n.c.r.client - [printIfInfoEnabled,60] - [85304542-3e60-4201-af04-c7166a7a177c_config-0] Try to connect to server on start up, server: {serverIp = '127.0.0.1', server main port = 8848}
17:41:20.053 [main] INFO  c.a.n.c.r.client - [printIfInfoEnabled,60] - [85304542-3e60-4201-af04-c7166a7a177c_config-0] Success to connect to server [127.0.0.1:8848] on start up, connectionId = 1702892479691_127.0.0.1_4526
17:41:20.054 [com.alibaba.nacos.client.remote.worker] INFO  c.a.n.c.r.client - [printIfInfoEnabled,60] - [85304542-3e60-4201-af04-c7166a7a177c_config-0] Notify connected event to listeners.
17:41:20.054 [main] INFO  c.a.n.c.r.client - [printIfInfoEnabled,60] - [85304542-3e60-4201-af04-c7166a7a177c_config-0] Register server push request handler:com.alibaba.nacos.common.remote.client.RpcClient$ConnectResetRequestHandler
17:41:20.054 [main] INFO  c.a.n.c.r.client - [printIfInfoEnabled,60] - [85304542-3e60-4201-af04-c7166a7a177c_config-0] Register server push request handler:com.alibaba.nacos.common.remote.client.RpcClient$$Lambda$345/1775120226
17:41:20.173 [main] INFO  c.x.g.XmapGatewayApplication - [logStartupProfileInfo,637] - The following 1 profile is active: "dev"
17:41:27.282 [main] INFO  c.a.c.s.g.s.SentinelSCGAutoConfiguration - [sentinelGatewayFilter,144] - [Sentinel SpringCloudGateway] register SentinelGatewayFilter with order: -2147483648
17:41:27.871 [main] INFO  c.a.c.s.g.s.SentinelSCGAutoConfiguration - [sentinelGatewayBlockExceptionHandler,134] - [Sentinel SpringCloudGateway] register SentinelGatewayBlockExceptionHandler
17:41:28.208 [main] INFO  c.a.n.c.r.client - [lambda$createClient$0,80] - [RpcClientFactory] create a new rpc client of 4f6b336f-1603-423f-9776-acd610a80fa2_config-0
17:41:28.208 [main] INFO  c.a.n.c.r.client - [printIfInfoEnabled,60] - [4f6b336f-1603-423f-9776-acd610a80fa2_config-0] RpcClient init label, labels = {module=config, Vipserver-Tag=null, source=sdk, Amory-Tag=null, Location-Tag=null, taskId=0, AppName=unknown}
17:41:28.208 [main] INFO  c.a.n.c.r.client - [printIfInfoEnabled,60] - [4f6b336f-1603-423f-9776-acd610a80fa2_config-0] Register server push request handler:com.alibaba.nacos.client.config.impl.ClientWorker$ConfigRpcTransportClient$$Lambda$336/82275756
17:41:28.209 [main] INFO  c.a.n.c.r.client - [printIfInfoEnabled,60] - [4f6b336f-1603-423f-9776-acd610a80fa2_config-0] Register server push request handler:com.alibaba.nacos.client.config.impl.ClientWorker$ConfigRpcTransportClient$$Lambda$337/1629353699
17:41:28.209 [main] INFO  c.a.n.c.r.client - [printIfInfoEnabled,60] - [4f6b336f-1603-423f-9776-acd610a80fa2_config-0] Registry connection listener to current client:com.alibaba.nacos.client.config.impl.ClientWorker$ConfigRpcTransportClient$1
17:41:28.209 [main] INFO  c.a.n.c.r.client - [printIfInfoEnabled,60] - [4f6b336f-1603-423f-9776-acd610a80fa2_config-0] RpcClient init, ServerListFactory = com.alibaba.nacos.client.config.impl.ClientWorker$ConfigRpcTransportClient$2
17:41:28.209 [main] INFO  c.a.n.c.r.client - [printIfInfoEnabled,60] - [4f6b336f-1603-423f-9776-acd610a80fa2_config-0] Try to connect to server on start up, server: {serverIp = '127.0.0.1', server main port = 8848}
17:41:28.331 [main] INFO  c.a.n.c.r.client - [printIfInfoEnabled,60] - [4f6b336f-1603-423f-9776-acd610a80fa2_config-0] Success to connect to server [127.0.0.1:8848] on start up, connectionId = 1702892488214_127.0.0.1_4535
17:41:28.331 [main] INFO  c.a.n.c.r.client - [printIfInfoEnabled,60] - [4f6b336f-1603-423f-9776-acd610a80fa2_config-0] Register server push request handler:com.alibaba.nacos.common.remote.client.RpcClient$ConnectResetRequestHandler
17:41:28.331 [com.alibaba.nacos.client.remote.worker] INFO  c.a.n.c.r.client - [printIfInfoEnabled,60] - [4f6b336f-1603-423f-9776-acd610a80fa2_config-0] Notify connected event to listeners.
17:41:28.331 [main] INFO  c.a.n.c.r.client - [printIfInfoEnabled,60] - [4f6b336f-1603-423f-9776-acd610a80fa2_config-0] Register server push request handler:com.alibaba.nacos.common.remote.client.RpcClient$$Lambda$345/1775120226
17:41:28.465 [main] INFO  c.a.n.c.r.client - [lambda$createClient$0,80] - [RpcClientFactory] create a new rpc client of 5a41636e-dde7-4b0c-9d2f-583f9c231d7e
17:41:28.465 [main] INFO  c.a.n.c.r.client - [printIfInfoEnabled,60] - [5a41636e-dde7-4b0c-9d2f-583f9c231d7e] RpcClient init label, labels = {module=naming, source=sdk}
17:41:28.467 [main] INFO  c.a.n.c.r.client - [printIfInfoEnabled,60] - [5a41636e-dde7-4b0c-9d2f-583f9c231d7e] RpcClient init, ServerListFactory = com.alibaba.nacos.client.naming.core.ServerListManager
17:41:28.468 [main] INFO  c.a.n.c.r.client - [printIfInfoEnabled,60] - [5a41636e-dde7-4b0c-9d2f-583f9c231d7e] Registry connection listener to current client:com.alibaba.nacos.client.naming.remote.gprc.redo.NamingGrpcRedoService
17:41:28.468 [main] INFO  c.a.n.c.r.client - [printIfInfoEnabled,60] - [5a41636e-dde7-4b0c-9d2f-583f9c231d7e] Register server push request handler:com.alibaba.nacos.client.naming.remote.gprc.NamingPushRequestHandler
17:41:28.468 [main] INFO  c.a.n.c.r.client - [printIfInfoEnabled,60] - [5a41636e-dde7-4b0c-9d2f-583f9c231d7e] Try to connect to server on start up, server: {serverIp = '127.0.0.1', server main port = 8848}
17:41:28.595 [main] INFO  c.a.n.c.r.client - [printIfInfoEnabled,60] - [5a41636e-dde7-4b0c-9d2f-583f9c231d7e] Success to connect to server [127.0.0.1:8848] on start up, connectionId = 1702892488475_127.0.0.1_4536
17:41:28.595 [main] INFO  c.a.n.c.r.client - [printIfInfoEnabled,60] - [5a41636e-dde7-4b0c-9d2f-583f9c231d7e] Register server push request handler:com.alibaba.nacos.common.remote.client.RpcClient$ConnectResetRequestHandler
17:41:28.595 [com.alibaba.nacos.client.remote.worker] INFO  c.a.n.c.r.client - [printIfInfoEnabled,60] - [5a41636e-dde7-4b0c-9d2f-583f9c231d7e] Notify connected event to listeners.
17:41:28.595 [main] INFO  c.a.n.c.r.client - [printIfInfoEnabled,60] - [5a41636e-dde7-4b0c-9d2f-583f9c231d7e] Register server push request handler:com.alibaba.nacos.common.remote.client.RpcClient$$Lambda$345/1775120226
