14:06:05.619 [background-preinit] INFO  o.h.v.i.util.Version - [<clinit>,21] - HV000001: Hibernate Validator 6.2.5.Final
14:06:07.129 [main] INFO  c.a.n.c.r.client - [lambda$createClient$0,80] - [RpcClientFactory] create a new rpc client of f031d0bb-70ba-45f3-ac90-02ec5b397b69_config-0
14:06:07.255 [main] INFO  o.r.Reflections - [scan,232] - Reflections took 90 ms to scan 1 urls, producing 3 keys and 6 values 
14:06:07.288 [main] INFO  o.r.Reflections - [scan,232] - Reflections took 12 ms to scan 1 urls, producing 4 keys and 9 values 
14:06:07.300 [main] INFO  o.r.Reflections - [scan,232] - Reflections took 10 ms to scan 1 urls, producing 3 keys and 10 values 
14:06:07.503 [main] INFO  o.r.Reflections - [scan,232] - Reflections took 201 ms to scan 208 urls, producing 0 keys and 0 values 
14:06:07.512 [main] INFO  o.r.Reflections - [scan,232] - Reflections took 8 ms to scan 1 urls, producing 1 keys and 5 values 
14:06:07.524 [main] INFO  o.r.Reflections - [scan,232] - Reflections took 10 ms to scan 1 urls, producing 1 keys and 7 values 
14:06:07.535 [main] INFO  o.r.Reflections - [scan,232] - Reflections took 9 ms to scan 1 urls, producing 2 keys and 8 values 
14:06:07.665 [main] INFO  o.r.Reflections - [scan,232] - Reflections took 128 ms to scan 208 urls, producing 0 keys and 0 values 
14:06:07.667 [main] INFO  c.a.n.c.r.client - [printIfInfoEnabled,60] - [f031d0bb-70ba-45f3-ac90-02ec5b397b69_config-0] RpcClient init label, labels = {module=config, Vipserver-Tag=null, source=sdk, Amory-Tag=null, Location-Tag=null, taskId=0, AppName=unknown}
14:06:07.667 [main] INFO  c.a.n.c.r.client - [printIfInfoEnabled,60] - [f031d0bb-70ba-45f3-ac90-02ec5b397b69_config-0] Register server push request handler:com.alibaba.nacos.client.config.impl.ClientWorker$ConfigRpcTransportClient$$Lambda$336/82275756
14:06:07.668 [main] INFO  c.a.n.c.r.client - [printIfInfoEnabled,60] - [f031d0bb-70ba-45f3-ac90-02ec5b397b69_config-0] Register server push request handler:com.alibaba.nacos.client.config.impl.ClientWorker$ConfigRpcTransportClient$$Lambda$337/1629353699
14:06:07.668 [main] INFO  c.a.n.c.r.client - [printIfInfoEnabled,60] - [f031d0bb-70ba-45f3-ac90-02ec5b397b69_config-0] Registry connection listener to current client:com.alibaba.nacos.client.config.impl.ClientWorker$ConfigRpcTransportClient$1
14:06:07.669 [main] INFO  c.a.n.c.r.client - [printIfInfoEnabled,60] - [f031d0bb-70ba-45f3-ac90-02ec5b397b69_config-0] RpcClient init, ServerListFactory = com.alibaba.nacos.client.config.impl.ClientWorker$ConfigRpcTransportClient$2
14:06:07.677 [main] INFO  c.a.n.c.r.client - [printIfInfoEnabled,60] - [f031d0bb-70ba-45f3-ac90-02ec5b397b69_config-0] Try to connect to server on start up, server: {serverIp = '127.0.0.1', server main port = 8848}
14:06:11.190 [main] INFO  c.a.n.c.r.client - [printIfInfoEnabled,60] - [f031d0bb-70ba-45f3-ac90-02ec5b397b69_config-0] Success to connect to server [127.0.0.1:8848] on start up, connectionId = 1699855570890_127.0.0.1_14584
14:06:11.191 [com.alibaba.nacos.client.remote.worker] INFO  c.a.n.c.r.client - [printIfInfoEnabled,60] - [f031d0bb-70ba-45f3-ac90-02ec5b397b69_config-0] Notify connected event to listeners.
14:06:11.191 [main] INFO  c.a.n.c.r.client - [printIfInfoEnabled,60] - [f031d0bb-70ba-45f3-ac90-02ec5b397b69_config-0] Register server push request handler:com.alibaba.nacos.common.remote.client.RpcClient$ConnectResetRequestHandler
14:06:11.192 [main] INFO  c.a.n.c.r.client - [printIfInfoEnabled,60] - [f031d0bb-70ba-45f3-ac90-02ec5b397b69_config-0] Register server push request handler:com.alibaba.nacos.common.remote.client.RpcClient$$Lambda$345/1775120226
14:06:11.370 [main] INFO  c.x.g.XmapGatewayApplication - [logStartupProfileInfo,637] - The following 1 profile is active: "dev"
14:06:20.985 [main] INFO  c.a.c.s.g.s.SentinelSCGAutoConfiguration - [sentinelGatewayFilter,144] - [Sentinel SpringCloudGateway] register SentinelGatewayFilter with order: -2147483648
14:06:22.175 [main] INFO  c.a.c.s.g.s.SentinelSCGAutoConfiguration - [sentinelGatewayBlockExceptionHandler,134] - [Sentinel SpringCloudGateway] register SentinelGatewayBlockExceptionHandler
14:06:23.010 [main] INFO  c.a.n.c.r.client - [lambda$createClient$0,80] - [RpcClientFactory] create a new rpc client of 43fb8c1f-df6e-4a17-bf1e-7d46e3eba321_config-0
14:06:23.011 [main] INFO  c.a.n.c.r.client - [printIfInfoEnabled,60] - [43fb8c1f-df6e-4a17-bf1e-7d46e3eba321_config-0] RpcClient init label, labels = {module=config, Vipserver-Tag=null, source=sdk, Amory-Tag=null, Location-Tag=null, taskId=0, AppName=unknown}
14:06:23.011 [main] INFO  c.a.n.c.r.client - [printIfInfoEnabled,60] - [43fb8c1f-df6e-4a17-bf1e-7d46e3eba321_config-0] Register server push request handler:com.alibaba.nacos.client.config.impl.ClientWorker$ConfigRpcTransportClient$$Lambda$336/82275756
14:06:23.011 [main] INFO  c.a.n.c.r.client - [printIfInfoEnabled,60] - [43fb8c1f-df6e-4a17-bf1e-7d46e3eba321_config-0] Register server push request handler:com.alibaba.nacos.client.config.impl.ClientWorker$ConfigRpcTransportClient$$Lambda$337/1629353699
14:06:23.012 [main] INFO  c.a.n.c.r.client - [printIfInfoEnabled,60] - [43fb8c1f-df6e-4a17-bf1e-7d46e3eba321_config-0] Registry connection listener to current client:com.alibaba.nacos.client.config.impl.ClientWorker$ConfigRpcTransportClient$1
14:06:23.012 [main] INFO  c.a.n.c.r.client - [printIfInfoEnabled,60] - [43fb8c1f-df6e-4a17-bf1e-7d46e3eba321_config-0] RpcClient init, ServerListFactory = com.alibaba.nacos.client.config.impl.ClientWorker$ConfigRpcTransportClient$2
14:06:23.013 [main] INFO  c.a.n.c.r.client - [printIfInfoEnabled,60] - [43fb8c1f-df6e-4a17-bf1e-7d46e3eba321_config-0] Try to connect to server on start up, server: {serverIp = '127.0.0.1', server main port = 8848}
14:06:23.141 [main] INFO  c.a.n.c.r.client - [printIfInfoEnabled,60] - [43fb8c1f-df6e-4a17-bf1e-7d46e3eba321_config-0] Success to connect to server [127.0.0.1:8848] on start up, connectionId = 1699855583029_127.0.0.1_14711
14:06:23.141 [main] INFO  c.a.n.c.r.client - [printIfInfoEnabled,60] - [43fb8c1f-df6e-4a17-bf1e-7d46e3eba321_config-0] Register server push request handler:com.alibaba.nacos.common.remote.client.RpcClient$ConnectResetRequestHandler
14:06:23.141 [com.alibaba.nacos.client.remote.worker] INFO  c.a.n.c.r.client - [printIfInfoEnabled,60] - [43fb8c1f-df6e-4a17-bf1e-7d46e3eba321_config-0] Notify connected event to listeners.
14:06:23.141 [main] INFO  c.a.n.c.r.client - [printIfInfoEnabled,60] - [43fb8c1f-df6e-4a17-bf1e-7d46e3eba321_config-0] Register server push request handler:com.alibaba.nacos.common.remote.client.RpcClient$$Lambda$345/1775120226
14:06:23.419 [main] INFO  c.a.n.c.r.client - [lambda$createClient$0,80] - [RpcClientFactory] create a new rpc client of acefb753-0198-4a4f-b2d7-63aa7d903121
14:06:23.419 [main] INFO  c.a.n.c.r.client - [printIfInfoEnabled,60] - [acefb753-0198-4a4f-b2d7-63aa7d903121] RpcClient init label, labels = {module=naming, source=sdk}
14:06:23.427 [main] INFO  c.a.n.c.r.client - [printIfInfoEnabled,60] - [acefb753-0198-4a4f-b2d7-63aa7d903121] RpcClient init, ServerListFactory = com.alibaba.nacos.client.naming.core.ServerListManager
14:06:23.428 [main] INFO  c.a.n.c.r.client - [printIfInfoEnabled,60] - [acefb753-0198-4a4f-b2d7-63aa7d903121] Registry connection listener to current client:com.alibaba.nacos.client.naming.remote.gprc.redo.NamingGrpcRedoService
14:06:23.429 [main] INFO  c.a.n.c.r.client - [printIfInfoEnabled,60] - [acefb753-0198-4a4f-b2d7-63aa7d903121] Register server push request handler:com.alibaba.nacos.client.naming.remote.gprc.NamingPushRequestHandler
14:06:23.430 [main] INFO  c.a.n.c.r.client - [printIfInfoEnabled,60] - [acefb753-0198-4a4f-b2d7-63aa7d903121] Try to connect to server on start up, server: {serverIp = '127.0.0.1', server main port = 8848}
14:06:23.562 [main] INFO  c.a.n.c.r.client - [printIfInfoEnabled,60] - [acefb753-0198-4a4f-b2d7-63aa7d903121] Success to connect to server [127.0.0.1:8848] on start up, connectionId = 1699855583439_127.0.0.1_14714
14:06:23.562 [com.alibaba.nacos.client.remote.worker] INFO  c.a.n.c.r.client - [printIfInfoEnabled,60] - [acefb753-0198-4a4f-b2d7-63aa7d903121] Notify connected event to listeners.
14:06:23.562 [main] INFO  c.a.n.c.r.client - [printIfInfoEnabled,60] - [acefb753-0198-4a4f-b2d7-63aa7d903121] Register server push request handler:com.alibaba.nacos.common.remote.client.RpcClient$ConnectResetRequestHandler
14:06:23.563 [main] INFO  c.a.n.c.r.client - [printIfInfoEnabled,60] - [acefb753-0198-4a4f-b2d7-63aa7d903121] Register server push request handler:com.alibaba.nacos.common.remote.client.RpcClient$$Lambda$345/1775120226
14:06:25.664 [nacos-grpc-client-executor-12] INFO  c.a.n.c.r.client - [printIfInfoEnabled,60] - [acefb753-0198-4a4f-b2d7-63aa7d903121] Receive server push request, request = NotifySubscriberRequest, requestId = 1
14:06:25.671 [nacos-grpc-client-executor-12] INFO  c.a.n.c.r.client - [printIfInfoEnabled,60] - [acefb753-0198-4a4f-b2d7-63aa7d903121] Ack server push request, request = NotifySubscriberRequest, requestId = 1
14:06:28.096 [main] INFO  c.a.c.n.r.NacosServiceRegistry - [register,75] - nacos registry, DEFAULT_GROUP xmap-gateway 10.100.60.135:8080 register finished
14:06:28.128 [main] INFO  c.x.g.XmapGatewayApplication - [logStarted,61] - Started XmapGatewayApplication in 24.068 seconds (JVM running for 28.812)
14:06:28.132 [main] INFO  c.a.c.n.r.NacosContextRefresher - [registerNacosListener,129] - [Nacos Config] Listening config: dataId=xmap-gateway, group=DEFAULT_GROUP
14:06:28.134 [main] INFO  c.a.c.n.r.NacosContextRefresher - [registerNacosListener,129] - [Nacos Config] Listening config: dataId=xmap-gateway.yml, group=DEFAULT_GROUP
14:06:28.136 [main] INFO  c.a.c.n.r.NacosContextRefresher - [registerNacosListener,129] - [Nacos Config] Listening config: dataId=xmap-gateway-dev.yml, group=DEFAULT_GROUP
14:06:28.626 [nacos-grpc-client-executor-23] INFO  c.a.n.c.r.client - [printIfInfoEnabled,60] - [acefb753-0198-4a4f-b2d7-63aa7d903121] Receive server push request, request = NotifySubscriberRequest, requestId = 2
14:06:28.641 [nacos-grpc-client-executor-23] INFO  c.a.n.c.r.client - [printIfInfoEnabled,60] - [acefb753-0198-4a4f-b2d7-63aa7d903121] Ack server push request, request = NotifySubscriberRequest, requestId = 2
14:06:54.489 [nacos-grpc-client-executor-47] INFO  c.a.n.c.r.client - [printIfInfoEnabled,60] - [acefb753-0198-4a4f-b2d7-63aa7d903121] Receive server push request, request = NotifySubscriberRequest, requestId = 8
14:06:54.490 [nacos-grpc-client-executor-47] INFO  c.a.n.c.r.client - [printIfInfoEnabled,60] - [acefb753-0198-4a4f-b2d7-63aa7d903121] Ack server push request, request = NotifySubscriberRequest, requestId = 8
14:06:54.492 [nacos-grpc-client-executor-48] INFO  c.a.n.c.r.client - [printIfInfoEnabled,60] - [acefb753-0198-4a4f-b2d7-63aa7d903121] Receive server push request, request = NotifySubscriberRequest, requestId = 6
14:06:54.493 [nacos-grpc-client-executor-48] INFO  c.a.n.c.r.client - [printIfInfoEnabled,60] - [acefb753-0198-4a4f-b2d7-63aa7d903121] Ack server push request, request = NotifySubscriberRequest, requestId = 6
14:06:54.495 [nacos-grpc-client-executor-49] INFO  c.a.n.c.r.client - [printIfInfoEnabled,60] - [acefb753-0198-4a4f-b2d7-63aa7d903121] Receive server push request, request = NotifySubscriberRequest, requestId = 7
14:06:54.495 [nacos-grpc-client-executor-49] INFO  c.a.n.c.r.client - [printIfInfoEnabled,60] - [acefb753-0198-4a4f-b2d7-63aa7d903121] Ack server push request, request = NotifySubscriberRequest, requestId = 7
