14:07:37.786 [background-preinit] INFO  o.h.v.i.util.Version - [<clinit>,21] - HV000001: Hibernate Validator 6.2.5.Final
14:07:39.832 [main] INFO  c.a.n.c.r.client - [lambda$createClient$0,80] - [RpcClientFactory] create a new rpc client of d5ac9e61-f62a-4280-8729-69d46e720afe_config-0
14:07:39.943 [main] INFO  o.r.Reflections - [scan,232] - Reflections took 65 ms to scan 1 urls, producing 3 keys and 6 values 
14:07:39.988 [main] INFO  o.r.Reflections - [scan,232] - Reflections took 22 ms to scan 1 urls, producing 4 keys and 9 values 
14:07:40.004 [main] INFO  o.r.Reflections - [scan,232] - Reflections took 13 ms to scan 1 urls, producing 3 keys and 10 values 
14:07:40.226 [main] INFO  o.r.Reflections - [scan,232] - Reflections took 219 ms to scan 208 urls, producing 0 keys and 0 values 
14:07:40.240 [main] INFO  o.r.Reflections - [scan,232] - Reflections took 13 ms to scan 1 urls, producing 1 keys and 5 values 
14:07:40.257 [main] INFO  o.r.Reflections - [scan,232] - Reflections took 13 ms to scan 1 urls, producing 1 keys and 7 values 
14:07:40.270 [main] INFO  o.r.Reflections - [scan,232] - Reflections took 11 ms to scan 1 urls, producing 2 keys and 8 values 
14:07:40.428 [main] INFO  o.r.Reflections - [scan,232] - Reflections took 156 ms to scan 208 urls, producing 0 keys and 0 values 
14:07:40.450 [main] INFO  c.a.n.c.r.client - [printIfInfoEnabled,60] - [d5ac9e61-f62a-4280-8729-69d46e720afe_config-0] RpcClient init label, labels = {module=config, Vipserver-Tag=null, source=sdk, Amory-Tag=null, Location-Tag=null, taskId=0, AppName=unknown}
14:07:40.451 [main] INFO  c.a.n.c.r.client - [printIfInfoEnabled,60] - [d5ac9e61-f62a-4280-8729-69d46e720afe_config-0] Register server push request handler:com.alibaba.nacos.client.config.impl.ClientWorker$ConfigRpcTransportClient$$Lambda$336/82275756
14:07:40.451 [main] INFO  c.a.n.c.r.client - [printIfInfoEnabled,60] - [d5ac9e61-f62a-4280-8729-69d46e720afe_config-0] Register server push request handler:com.alibaba.nacos.client.config.impl.ClientWorker$ConfigRpcTransportClient$$Lambda$337/1629353699
14:07:40.451 [main] INFO  c.a.n.c.r.client - [printIfInfoEnabled,60] - [d5ac9e61-f62a-4280-8729-69d46e720afe_config-0] Registry connection listener to current client:com.alibaba.nacos.client.config.impl.ClientWorker$ConfigRpcTransportClient$1
14:07:40.452 [main] INFO  c.a.n.c.r.client - [printIfInfoEnabled,60] - [d5ac9e61-f62a-4280-8729-69d46e720afe_config-0] RpcClient init, ServerListFactory = com.alibaba.nacos.client.config.impl.ClientWorker$ConfigRpcTransportClient$2
14:07:40.460 [main] INFO  c.a.n.c.r.client - [printIfInfoEnabled,60] - [d5ac9e61-f62a-4280-8729-69d46e720afe_config-0] Try to connect to server on start up, server: {serverIp = '127.0.0.1', server main port = 8848}
14:07:44.409 [main] INFO  c.a.n.c.r.client - [printIfInfoEnabled,60] - [d5ac9e61-f62a-4280-8729-69d46e720afe_config-0] Success to connect to server [127.0.0.1:8848] on start up, connectionId = 1697609264142_127.0.0.1_1094
14:07:44.409 [com.alibaba.nacos.client.remote.worker] INFO  c.a.n.c.r.client - [printIfInfoEnabled,60] - [d5ac9e61-f62a-4280-8729-69d46e720afe_config-0] Notify connected event to listeners.
14:07:44.410 [main] INFO  c.a.n.c.r.client - [printIfInfoEnabled,60] - [d5ac9e61-f62a-4280-8729-69d46e720afe_config-0] Register server push request handler:com.alibaba.nacos.common.remote.client.RpcClient$ConnectResetRequestHandler
14:07:44.410 [main] INFO  c.a.n.c.r.client - [printIfInfoEnabled,60] - [d5ac9e61-f62a-4280-8729-69d46e720afe_config-0] Register server push request handler:com.alibaba.nacos.common.remote.client.RpcClient$$Lambda$345/1775120226
14:07:44.541 [main] INFO  c.x.g.XmapGatewayApplication - [logStartupProfileInfo,637] - The following 1 profile is active: "dev"
14:07:56.830 [main] INFO  c.a.c.s.g.s.SentinelSCGAutoConfiguration - [sentinelGatewayFilter,144] - [Sentinel SpringCloudGateway] register SentinelGatewayFilter with order: -2147483648
14:07:58.946 [main] INFO  c.a.c.s.g.s.SentinelSCGAutoConfiguration - [sentinelGatewayBlockExceptionHandler,134] - [Sentinel SpringCloudGateway] register SentinelGatewayBlockExceptionHandler
14:08:00.733 [main] INFO  c.a.n.c.r.client - [lambda$createClient$0,80] - [RpcClientFactory] create a new rpc client of ecf82699-5626-470e-937c-3db9b13d7fe9_config-0
14:08:00.733 [main] INFO  c.a.n.c.r.client - [printIfInfoEnabled,60] - [ecf82699-5626-470e-937c-3db9b13d7fe9_config-0] RpcClient init label, labels = {module=config, Vipserver-Tag=null, source=sdk, Amory-Tag=null, Location-Tag=null, taskId=0, AppName=unknown}
14:08:00.733 [main] INFO  c.a.n.c.r.client - [printIfInfoEnabled,60] - [ecf82699-5626-470e-937c-3db9b13d7fe9_config-0] Register server push request handler:com.alibaba.nacos.client.config.impl.ClientWorker$ConfigRpcTransportClient$$Lambda$336/82275756
14:08:00.733 [main] INFO  c.a.n.c.r.client - [printIfInfoEnabled,60] - [ecf82699-5626-470e-937c-3db9b13d7fe9_config-0] Register server push request handler:com.alibaba.nacos.client.config.impl.ClientWorker$ConfigRpcTransportClient$$Lambda$337/1629353699
14:08:00.733 [main] INFO  c.a.n.c.r.client - [printIfInfoEnabled,60] - [ecf82699-5626-470e-937c-3db9b13d7fe9_config-0] Registry connection listener to current client:com.alibaba.nacos.client.config.impl.ClientWorker$ConfigRpcTransportClient$1
14:08:00.733 [main] INFO  c.a.n.c.r.client - [printIfInfoEnabled,60] - [ecf82699-5626-470e-937c-3db9b13d7fe9_config-0] RpcClient init, ServerListFactory = com.alibaba.nacos.client.config.impl.ClientWorker$ConfigRpcTransportClient$2
14:08:00.734 [main] INFO  c.a.n.c.r.client - [printIfInfoEnabled,60] - [ecf82699-5626-470e-937c-3db9b13d7fe9_config-0] Try to connect to server on start up, server: {serverIp = '127.0.0.1', server main port = 8848}
14:08:00.865 [main] INFO  c.a.n.c.r.client - [printIfInfoEnabled,60] - [ecf82699-5626-470e-937c-3db9b13d7fe9_config-0] Success to connect to server [127.0.0.1:8848] on start up, connectionId = 1697609280761_127.0.0.1_1100
14:08:00.865 [main] INFO  c.a.n.c.r.client - [printIfInfoEnabled,60] - [ecf82699-5626-470e-937c-3db9b13d7fe9_config-0] Register server push request handler:com.alibaba.nacos.common.remote.client.RpcClient$ConnectResetRequestHandler
14:08:00.865 [com.alibaba.nacos.client.remote.worker] INFO  c.a.n.c.r.client - [printIfInfoEnabled,60] - [ecf82699-5626-470e-937c-3db9b13d7fe9_config-0] Notify connected event to listeners.
14:08:00.865 [main] INFO  c.a.n.c.r.client - [printIfInfoEnabled,60] - [ecf82699-5626-470e-937c-3db9b13d7fe9_config-0] Register server push request handler:com.alibaba.nacos.common.remote.client.RpcClient$$Lambda$345/1775120226
14:08:01.362 [main] INFO  c.a.n.c.r.client - [lambda$createClient$0,80] - [RpcClientFactory] create a new rpc client of 2f29c8cf-929c-4dd7-bb65-0a96185257a1
14:08:01.362 [main] INFO  c.a.n.c.r.client - [printIfInfoEnabled,60] - [2f29c8cf-929c-4dd7-bb65-0a96185257a1] RpcClient init label, labels = {module=naming, source=sdk}
14:08:01.391 [main] INFO  c.a.n.c.r.client - [printIfInfoEnabled,60] - [2f29c8cf-929c-4dd7-bb65-0a96185257a1] RpcClient init, ServerListFactory = com.alibaba.nacos.client.naming.core.ServerListManager
14:08:01.391 [main] INFO  c.a.n.c.r.client - [printIfInfoEnabled,60] - [2f29c8cf-929c-4dd7-bb65-0a96185257a1] Registry connection listener to current client:com.alibaba.nacos.client.naming.remote.gprc.redo.NamingGrpcRedoService
14:08:01.392 [main] INFO  c.a.n.c.r.client - [printIfInfoEnabled,60] - [2f29c8cf-929c-4dd7-bb65-0a96185257a1] Register server push request handler:com.alibaba.nacos.client.naming.remote.gprc.NamingPushRequestHandler
14:08:01.393 [main] INFO  c.a.n.c.r.client - [printIfInfoEnabled,60] - [2f29c8cf-929c-4dd7-bb65-0a96185257a1] Try to connect to server on start up, server: {serverIp = '127.0.0.1', server main port = 8848}
14:08:01.511 [main] INFO  c.a.n.c.r.client - [printIfInfoEnabled,60] - [2f29c8cf-929c-4dd7-bb65-0a96185257a1] Success to connect to server [127.0.0.1:8848] on start up, connectionId = 1697609281396_127.0.0.1_1101
14:08:01.511 [main] INFO  c.a.n.c.r.client - [printIfInfoEnabled,60] - [2f29c8cf-929c-4dd7-bb65-0a96185257a1] Register server push request handler:com.alibaba.nacos.common.remote.client.RpcClient$ConnectResetRequestHandler
14:08:01.511 [com.alibaba.nacos.client.remote.worker] INFO  c.a.n.c.r.client - [printIfInfoEnabled,60] - [2f29c8cf-929c-4dd7-bb65-0a96185257a1] Notify connected event to listeners.
14:08:01.512 [main] INFO  c.a.n.c.r.client - [printIfInfoEnabled,60] - [2f29c8cf-929c-4dd7-bb65-0a96185257a1] Register server push request handler:com.alibaba.nacos.common.remote.client.RpcClient$$Lambda$345/1775120226
14:08:02.308 [nacos-grpc-client-executor-4] INFO  c.a.n.c.r.client - [printIfInfoEnabled,60] - [2f29c8cf-929c-4dd7-bb65-0a96185257a1] Receive server push request, request = NotifySubscriberRequest, requestId = 42
14:08:02.314 [nacos-grpc-client-executor-4] INFO  c.a.n.c.r.client - [printIfInfoEnabled,60] - [2f29c8cf-929c-4dd7-bb65-0a96185257a1] Ack server push request, request = NotifySubscriberRequest, requestId = 42
14:08:02.942 [nacos-grpc-client-executor-20] INFO  c.a.n.c.r.client - [printIfInfoEnabled,60] - [2f29c8cf-929c-4dd7-bb65-0a96185257a1] Receive server push request, request = NotifySubscriberRequest, requestId = 44
14:08:02.942 [nacos-grpc-client-executor-20] INFO  c.a.n.c.r.client - [printIfInfoEnabled,60] - [2f29c8cf-929c-4dd7-bb65-0a96185257a1] Ack server push request, request = NotifySubscriberRequest, requestId = 44
14:08:03.151 [nacos-grpc-client-executor-21] INFO  c.a.n.c.r.client - [printIfInfoEnabled,60] - [2f29c8cf-929c-4dd7-bb65-0a96185257a1] Receive server push request, request = NotifySubscriberRequest, requestId = 43
14:08:03.151 [nacos-grpc-client-executor-21] INFO  c.a.n.c.r.client - [printIfInfoEnabled,60] - [2f29c8cf-929c-4dd7-bb65-0a96185257a1] Ack server push request, request = NotifySubscriberRequest, requestId = 43
14:08:03.153 [nacos-grpc-client-executor-22] INFO  c.a.n.c.r.client - [printIfInfoEnabled,60] - [2f29c8cf-929c-4dd7-bb65-0a96185257a1] Receive server push request, request = NotifySubscriberRequest, requestId = 46
14:08:03.153 [nacos-grpc-client-executor-22] INFO  c.a.n.c.r.client - [printIfInfoEnabled,60] - [2f29c8cf-929c-4dd7-bb65-0a96185257a1] Ack server push request, request = NotifySubscriberRequest, requestId = 46
14:08:03.154 [nacos-grpc-client-executor-23] INFO  c.a.n.c.r.client - [printIfInfoEnabled,60] - [2f29c8cf-929c-4dd7-bb65-0a96185257a1] Receive server push request, request = NotifySubscriberRequest, requestId = 45
14:08:03.155 [nacos-grpc-client-executor-23] INFO  c.a.n.c.r.client - [printIfInfoEnabled,60] - [2f29c8cf-929c-4dd7-bb65-0a96185257a1] Ack server push request, request = NotifySubscriberRequest, requestId = 45
14:08:05.340 [main] INFO  c.a.c.n.r.NacosServiceRegistry - [register,75] - nacos registry, DEFAULT_GROUP xmap-gateway 10.100.209.31:8080 register finished
14:08:05.381 [main] INFO  c.x.g.XmapGatewayApplication - [logStarted,61] - Started XmapGatewayApplication in 29.628 seconds (JVM running for 35.406)
14:08:05.391 [main] INFO  c.a.c.n.r.NacosContextRefresher - [registerNacosListener,129] - [Nacos Config] Listening config: dataId=xmap-gateway, group=DEFAULT_GROUP
14:08:05.391 [main] INFO  c.a.c.n.r.NacosContextRefresher - [registerNacosListener,129] - [Nacos Config] Listening config: dataId=xmap-gateway.yml, group=DEFAULT_GROUP
14:08:05.392 [main] INFO  c.a.c.n.r.NacosContextRefresher - [registerNacosListener,129] - [Nacos Config] Listening config: dataId=xmap-gateway-dev.yml, group=DEFAULT_GROUP
14:08:05.940 [nacos-grpc-client-executor-47] INFO  c.a.n.c.r.client - [printIfInfoEnabled,60] - [2f29c8cf-929c-4dd7-bb65-0a96185257a1] Receive server push request, request = NotifySubscriberRequest, requestId = 47
14:08:05.949 [nacos-grpc-client-executor-47] INFO  c.a.n.c.r.client - [printIfInfoEnabled,60] - [2f29c8cf-929c-4dd7-bb65-0a96185257a1] Ack server push request, request = NotifySubscriberRequest, requestId = 47
14:09:25.529 [nacos-grpc-client-executor-90] INFO  c.a.n.c.r.client - [printIfInfoEnabled,60] - [2f29c8cf-929c-4dd7-bb65-0a96185257a1] Receive server push request, request = NotifySubscriberRequest, requestId = 48
14:09:25.531 [nacos-grpc-client-executor-90] INFO  c.a.n.c.r.client - [printIfInfoEnabled,60] - [2f29c8cf-929c-4dd7-bb65-0a96185257a1] Ack server push request, request = NotifySubscriberRequest, requestId = 48
14:09:41.231 [nacos-grpc-client-executor-95] INFO  c.a.n.c.r.client - [printIfInfoEnabled,60] - [2f29c8cf-929c-4dd7-bb65-0a96185257a1] Receive server push request, request = NotifySubscriberRequest, requestId = 50
14:09:41.232 [nacos-grpc-client-executor-95] INFO  c.a.n.c.r.client - [printIfInfoEnabled,60] - [2f29c8cf-929c-4dd7-bb65-0a96185257a1] Ack server push request, request = NotifySubscriberRequest, requestId = 50
14:09:43.703 [nacos-grpc-client-executor-96] INFO  c.a.n.c.r.client - [printIfInfoEnabled,60] - [2f29c8cf-929c-4dd7-bb65-0a96185257a1] Receive server push request, request = NotifySubscriberRequest, requestId = 52
14:09:43.708 [nacos-grpc-client-executor-96] INFO  c.a.n.c.r.client - [printIfInfoEnabled,60] - [2f29c8cf-929c-4dd7-bb65-0a96185257a1] Ack server push request, request = NotifySubscriberRequest, requestId = 52
14:32:52.302 [SpringApplicationShutdownHook] INFO  c.a.c.n.r.NacosServiceRegistry - [deregister,94] - De-registering from Nacos Server now...
14:32:52.305 [SpringApplicationShutdownHook] INFO  c.a.c.n.r.NacosServiceRegistry - [deregister,114] - De-registration finished.
14:32:52.655 [SpringApplicationShutdownHook] INFO  c.a.n.c.r.client - [shutdown,454] - Shutdown rpc client, set status to shutdown
14:32:52.655 [SpringApplicationShutdownHook] INFO  c.a.n.c.r.client - [shutdown,456] - Shutdown client event executor java.util.concurrent.ScheduledThreadPoolExecutor@390d9e89[Running, pool size = 2, active threads = 2, queued tasks = 0, completed tasks = 0]
14:32:52.656 [SpringApplicationShutdownHook] INFO  c.a.n.c.r.client - [closeConnection,591] - Close current connection 1697609281396_127.0.0.1_1101
14:32:52.659 [nacos-grpc-client-executor-581] INFO  c.a.n.c.r.c.g.GrpcClient - [printIfInfoEnabled,60] - [1697609281396_127.0.0.1_1101]Ignore complete event,isRunning:false,isAbandon=false
14:32:52.722 [SpringApplicationShutdownHook] INFO  c.a.n.c.r.c.g.GrpcClient - [shutdown,85] - Shutdown grpc executor java.util.concurrent.ThreadPoolExecutor@62127d70[Running, pool size = 5, active threads = 0, queued tasks = 0, completed tasks = 582]
14:32:19.112 [background-preinit] INFO  o.h.v.i.util.Version - [<clinit>,21] - HV000001: Hibernate Validator 6.2.5.Final
14:32:19.924 [background-preinit] INFO  o.h.v.i.util.Version - [<clinit>,21] - HV000001: Hibernate Validator 6.2.5.Final
14:32:21.407 [main] INFO  c.a.n.c.r.client - [lambda$createClient$0,80] - [RpcClientFactory] create a new rpc client of f476185f-e007-48c1-b9c4-8fb5b1bc901f_config-0
14:32:21.625 [main] INFO  o.r.Reflections - [scan,232] - Reflections took 58 ms to scan 1 urls, producing 3 keys and 6 values 
14:32:21.708 [main] INFO  o.r.Reflections - [scan,232] - Reflections took 22 ms to scan 1 urls, producing 4 keys and 9 values 
14:32:21.734 [main] INFO  o.r.Reflections - [scan,232] - Reflections took 21 ms to scan 1 urls, producing 3 keys and 10 values 
14:32:22.144 [main] INFO  o.r.Reflections - [scan,232] - Reflections took 404 ms to scan 209 urls, producing 0 keys and 0 values 
14:32:22.165 [main] INFO  o.r.Reflections - [scan,232] - Reflections took 19 ms to scan 1 urls, producing 1 keys and 5 values 
14:32:22.190 [main] INFO  o.r.Reflections - [scan,232] - Reflections took 18 ms to scan 1 urls, producing 1 keys and 7 values 
14:32:22.213 [main] INFO  c.a.n.c.r.client - [lambda$createClient$0,80] - [RpcClientFactory] create a new rpc client of d11a2b6b-e6b6-40c7-8099-d9153bd2b5ad_config-0
14:32:22.218 [main] INFO  o.r.Reflections - [scan,232] - Reflections took 22 ms to scan 1 urls, producing 2 keys and 8 values 
14:32:22.317 [main] INFO  o.r.Reflections - [scan,232] - Reflections took 66 ms to scan 1 urls, producing 3 keys and 6 values 
14:32:22.375 [main] INFO  o.r.Reflections - [scan,232] - Reflections took 29 ms to scan 1 urls, producing 4 keys and 9 values 
14:32:22.413 [main] INFO  o.r.Reflections - [scan,232] - Reflections took 34 ms to scan 1 urls, producing 3 keys and 10 values 
14:32:22.506 [main] INFO  o.r.Reflections - [scan,232] - Reflections took 283 ms to scan 209 urls, producing 0 keys and 0 values 
14:32:22.514 [main] INFO  c.a.n.c.r.client - [printIfInfoEnabled,60] - [f476185f-e007-48c1-b9c4-8fb5b1bc901f_config-0] RpcClient init label, labels = {module=config, Vipserver-Tag=null, source=sdk, Amory-Tag=null, Location-Tag=null, taskId=0, AppName=unknown}
14:32:22.516 [main] INFO  c.a.n.c.r.client - [printIfInfoEnabled,60] - [f476185f-e007-48c1-b9c4-8fb5b1bc901f_config-0] Register server push request handler:com.alibaba.nacos.client.config.impl.ClientWorker$ConfigRpcTransportClient$$Lambda$336/1898996968
14:32:22.517 [main] INFO  c.a.n.c.r.client - [printIfInfoEnabled,60] - [f476185f-e007-48c1-b9c4-8fb5b1bc901f_config-0] Register server push request handler:com.alibaba.nacos.client.config.impl.ClientWorker$ConfigRpcTransportClient$$Lambda$337/1336762904
14:32:22.519 [main] INFO  c.a.n.c.r.client - [printIfInfoEnabled,60] - [f476185f-e007-48c1-b9c4-8fb5b1bc901f_config-0] Registry connection listener to current client:com.alibaba.nacos.client.config.impl.ClientWorker$ConfigRpcTransportClient$1
14:32:22.520 [main] INFO  c.a.n.c.r.client - [printIfInfoEnabled,60] - [f476185f-e007-48c1-b9c4-8fb5b1bc901f_config-0] RpcClient init, ServerListFactory = com.alibaba.nacos.client.config.impl.ClientWorker$ConfigRpcTransportClient$2
14:32:22.544 [main] INFO  c.a.n.c.r.client - [printIfInfoEnabled,60] - [f476185f-e007-48c1-b9c4-8fb5b1bc901f_config-0] Try to connect to server on start up, server: {serverIp = '127.0.0.1', server main port = 8848}
14:32:22.754 [main] INFO  o.r.Reflections - [scan,232] - Reflections took 335 ms to scan 208 urls, producing 0 keys and 0 values 
14:32:22.770 [main] INFO  o.r.Reflections - [scan,232] - Reflections took 15 ms to scan 1 urls, producing 1 keys and 5 values 
14:32:22.790 [main] INFO  o.r.Reflections - [scan,232] - Reflections took 16 ms to scan 1 urls, producing 1 keys and 7 values 
14:32:22.818 [main] INFO  o.r.Reflections - [scan,232] - Reflections took 24 ms to scan 1 urls, producing 2 keys and 8 values 
14:32:23.096 [main] INFO  o.r.Reflections - [scan,232] - Reflections took 274 ms to scan 208 urls, producing 0 keys and 0 values 
14:32:23.098 [main] INFO  c.a.n.c.r.client - [printIfInfoEnabled,60] - [d11a2b6b-e6b6-40c7-8099-d9153bd2b5ad_config-0] RpcClient init label, labels = {module=config, Vipserver-Tag=null, source=sdk, Amory-Tag=null, Location-Tag=null, taskId=0, AppName=unknown}
14:32:23.099 [main] INFO  c.a.n.c.r.client - [printIfInfoEnabled,60] - [d11a2b6b-e6b6-40c7-8099-d9153bd2b5ad_config-0] Register server push request handler:com.alibaba.nacos.client.config.impl.ClientWorker$ConfigRpcTransportClient$$Lambda$336/82275756
14:32:23.099 [main] INFO  c.a.n.c.r.client - [printIfInfoEnabled,60] - [d11a2b6b-e6b6-40c7-8099-d9153bd2b5ad_config-0] Register server push request handler:com.alibaba.nacos.client.config.impl.ClientWorker$ConfigRpcTransportClient$$Lambda$337/1629353699
14:32:23.101 [main] INFO  c.a.n.c.r.client - [printIfInfoEnabled,60] - [d11a2b6b-e6b6-40c7-8099-d9153bd2b5ad_config-0] Registry connection listener to current client:com.alibaba.nacos.client.config.impl.ClientWorker$ConfigRpcTransportClient$1
14:32:23.103 [main] INFO  c.a.n.c.r.client - [printIfInfoEnabled,60] - [d11a2b6b-e6b6-40c7-8099-d9153bd2b5ad_config-0] RpcClient init, ServerListFactory = com.alibaba.nacos.client.config.impl.ClientWorker$ConfigRpcTransportClient$2
14:32:23.120 [main] INFO  c.a.n.c.r.client - [printIfInfoEnabled,60] - [d11a2b6b-e6b6-40c7-8099-d9153bd2b5ad_config-0] Try to connect to server on start up, server: {serverIp = '127.0.0.1', server main port = 8848}
14:32:28.495 [main] INFO  c.a.n.c.r.client - [printIfInfoEnabled,60] - [d11a2b6b-e6b6-40c7-8099-d9153bd2b5ad_config-0] Success to connect to server [127.0.0.1:8848] on start up, connectionId = 1698820348183_127.0.0.1_9559
14:32:28.498 [com.alibaba.nacos.client.remote.worker] INFO  c.a.n.c.r.client - [printIfInfoEnabled,60] - [d11a2b6b-e6b6-40c7-8099-d9153bd2b5ad_config-0] Notify connected event to listeners.
14:32:28.500 [main] INFO  c.a.n.c.r.client - [printIfInfoEnabled,60] - [d11a2b6b-e6b6-40c7-8099-d9153bd2b5ad_config-0] Register server push request handler:com.alibaba.nacos.common.remote.client.RpcClient$ConnectResetRequestHandler
14:32:28.501 [main] INFO  c.a.n.c.r.client - [printIfInfoEnabled,60] - [d11a2b6b-e6b6-40c7-8099-d9153bd2b5ad_config-0] Register server push request handler:com.alibaba.nacos.common.remote.client.RpcClient$$Lambda$345/1775120226
14:32:28.652 [main] INFO  c.a.n.c.r.client - [printIfInfoEnabled,60] - [f476185f-e007-48c1-b9c4-8fb5b1bc901f_config-0] Success to connect to server [127.0.0.1:8848] on start up, connectionId = 1698820348357_127.0.0.1_9560
14:32:28.653 [com.alibaba.nacos.client.remote.worker] INFO  c.a.n.c.r.client - [printIfInfoEnabled,60] - [f476185f-e007-48c1-b9c4-8fb5b1bc901f_config-0] Notify connected event to listeners.
14:32:28.655 [main] INFO  c.a.n.c.r.client - [printIfInfoEnabled,60] - [f476185f-e007-48c1-b9c4-8fb5b1bc901f_config-0] Register server push request handler:com.alibaba.nacos.common.remote.client.RpcClient$ConnectResetRequestHandler
14:32:28.656 [main] INFO  c.a.n.c.r.client - [printIfInfoEnabled,60] - [f476185f-e007-48c1-b9c4-8fb5b1bc901f_config-0] Register server push request handler:com.alibaba.nacos.common.remote.client.RpcClient$$Lambda$345/1713596938
14:32:28.702 [main] INFO  c.x.g.XmapGatewayApplication - [logStartupProfileInfo,637] - The following 1 profile is active: "dev"
14:32:28.862 [main] INFO  c.x.g.XmapGatewayApplication - [logStartupProfileInfo,637] - The following 1 profile is active: "dev"
14:32:43.962 [main] INFO  c.a.c.s.g.s.SentinelSCGAutoConfiguration - [sentinelGatewayFilter,144] - [Sentinel SpringCloudGateway] register SentinelGatewayFilter with order: -2147483648
14:32:44.560 [main] INFO  c.a.c.s.g.s.SentinelSCGAutoConfiguration - [sentinelGatewayFilter,144] - [Sentinel SpringCloudGateway] register SentinelGatewayFilter with order: -2147483648
14:32:44.914 [main] INFO  c.a.c.s.g.s.SentinelSCGAutoConfiguration - [sentinelGatewayBlockExceptionHandler,134] - [Sentinel SpringCloudGateway] register SentinelGatewayBlockExceptionHandler
14:32:45.699 [main] INFO  c.a.n.c.r.client - [lambda$createClient$0,80] - [RpcClientFactory] create a new rpc client of 1ad64343-9e19-48b7-ac11-34287f70fc00_config-0
14:32:45.700 [main] INFO  c.a.n.c.r.client - [printIfInfoEnabled,60] - [1ad64343-9e19-48b7-ac11-34287f70fc00_config-0] RpcClient init label, labels = {module=config, Vipserver-Tag=null, source=sdk, Amory-Tag=null, Location-Tag=null, taskId=0, AppName=unknown}
14:32:45.700 [main] INFO  c.a.n.c.r.client - [printIfInfoEnabled,60] - [1ad64343-9e19-48b7-ac11-34287f70fc00_config-0] Register server push request handler:com.alibaba.nacos.client.config.impl.ClientWorker$ConfigRpcTransportClient$$Lambda$336/82275756
14:32:45.701 [main] INFO  c.a.n.c.r.client - [printIfInfoEnabled,60] - [1ad64343-9e19-48b7-ac11-34287f70fc00_config-0] Register server push request handler:com.alibaba.nacos.client.config.impl.ClientWorker$ConfigRpcTransportClient$$Lambda$337/1629353699
14:32:45.701 [main] INFO  c.a.n.c.r.client - [printIfInfoEnabled,60] - [1ad64343-9e19-48b7-ac11-34287f70fc00_config-0] Registry connection listener to current client:com.alibaba.nacos.client.config.impl.ClientWorker$ConfigRpcTransportClient$1
14:32:45.701 [main] INFO  c.a.n.c.r.client - [printIfInfoEnabled,60] - [1ad64343-9e19-48b7-ac11-34287f70fc00_config-0] RpcClient init, ServerListFactory = com.alibaba.nacos.client.config.impl.ClientWorker$ConfigRpcTransportClient$2
14:32:45.702 [main] INFO  c.a.n.c.r.client - [printIfInfoEnabled,60] - [1ad64343-9e19-48b7-ac11-34287f70fc00_config-0] Try to connect to server on start up, server: {serverIp = '127.0.0.1', server main port = 8848}
14:32:45.873 [main] INFO  c.a.n.c.r.client - [printIfInfoEnabled,60] - [1ad64343-9e19-48b7-ac11-34287f70fc00_config-0] Success to connect to server [127.0.0.1:8848] on start up, connectionId = 1698820365736_127.0.0.1_9692
14:32:45.873 [com.alibaba.nacos.client.remote.worker] INFO  c.a.n.c.r.client - [printIfInfoEnabled,60] - [1ad64343-9e19-48b7-ac11-34287f70fc00_config-0] Notify connected event to listeners.
14:32:45.873 [main] INFO  c.a.n.c.r.client - [printIfInfoEnabled,60] - [1ad64343-9e19-48b7-ac11-34287f70fc00_config-0] Register server push request handler:com.alibaba.nacos.common.remote.client.RpcClient$ConnectResetRequestHandler
14:32:45.874 [main] INFO  c.a.n.c.r.client - [printIfInfoEnabled,60] - [1ad64343-9e19-48b7-ac11-34287f70fc00_config-0] Register server push request handler:com.alibaba.nacos.common.remote.client.RpcClient$$Lambda$345/1775120226
14:32:45.994 [main] INFO  c.a.c.s.g.s.SentinelSCGAutoConfiguration - [sentinelGatewayBlockExceptionHandler,134] - [Sentinel SpringCloudGateway] register SentinelGatewayBlockExceptionHandler
14:32:46.074 [main] INFO  c.a.n.c.r.client - [lambda$createClient$0,80] - [RpcClientFactory] create a new rpc client of fa2205be-65d8-4447-bab8-a0fda3a56625
14:32:46.075 [main] INFO  c.a.n.c.r.client - [printIfInfoEnabled,60] - [fa2205be-65d8-4447-bab8-a0fda3a56625] RpcClient init label, labels = {module=naming, source=sdk}
14:32:46.079 [main] INFO  c.a.n.c.r.client - [printIfInfoEnabled,60] - [fa2205be-65d8-4447-bab8-a0fda3a56625] RpcClient init, ServerListFactory = com.alibaba.nacos.client.naming.core.ServerListManager
14:32:46.079 [main] INFO  c.a.n.c.r.client - [printIfInfoEnabled,60] - [fa2205be-65d8-4447-bab8-a0fda3a56625] Registry connection listener to current client:com.alibaba.nacos.client.naming.remote.gprc.redo.NamingGrpcRedoService
14:32:46.080 [main] INFO  c.a.n.c.r.client - [printIfInfoEnabled,60] - [fa2205be-65d8-4447-bab8-a0fda3a56625] Register server push request handler:com.alibaba.nacos.client.naming.remote.gprc.NamingPushRequestHandler
14:32:46.080 [main] INFO  c.a.n.c.r.client - [printIfInfoEnabled,60] - [fa2205be-65d8-4447-bab8-a0fda3a56625] Try to connect to server on start up, server: {serverIp = '127.0.0.1', server main port = 8848}
14:32:46.196 [main] INFO  c.a.n.c.r.client - [printIfInfoEnabled,60] - [fa2205be-65d8-4447-bab8-a0fda3a56625] Success to connect to server [127.0.0.1:8848] on start up, connectionId = 1698820366088_127.0.0.1_9693
14:32:46.196 [main] INFO  c.a.n.c.r.client - [printIfInfoEnabled,60] - [fa2205be-65d8-4447-bab8-a0fda3a56625] Register server push request handler:com.alibaba.nacos.common.remote.client.RpcClient$ConnectResetRequestHandler
14:32:46.196 [com.alibaba.nacos.client.remote.worker] INFO  c.a.n.c.r.client - [printIfInfoEnabled,60] - [fa2205be-65d8-4447-bab8-a0fda3a56625] Notify connected event to listeners.
14:32:46.196 [main] INFO  c.a.n.c.r.client - [printIfInfoEnabled,60] - [fa2205be-65d8-4447-bab8-a0fda3a56625] Register server push request handler:com.alibaba.nacos.common.remote.client.RpcClient$$Lambda$345/1775120226
14:32:46.797 [nacos-grpc-client-executor-8] INFO  c.a.n.c.r.client - [printIfInfoEnabled,60] - [fa2205be-65d8-4447-bab8-a0fda3a56625] Receive server push request, request = NotifySubscriberRequest, requestId = 10
14:32:46.804 [nacos-grpc-client-executor-8] INFO  c.a.n.c.r.client - [printIfInfoEnabled,60] - [fa2205be-65d8-4447-bab8-a0fda3a56625] Ack server push request, request = NotifySubscriberRequest, requestId = 10
14:32:46.910 [main] INFO  c.a.n.c.r.client - [lambda$createClient$0,80] - [RpcClientFactory] create a new rpc client of 6a334bce-2c9e-4a0d-90b3-c4f2f16802c0_config-0
14:32:46.910 [main] INFO  c.a.n.c.r.client - [printIfInfoEnabled,60] - [6a334bce-2c9e-4a0d-90b3-c4f2f16802c0_config-0] RpcClient init label, labels = {module=config, Vipserver-Tag=null, source=sdk, Amory-Tag=null, Location-Tag=null, taskId=0, AppName=unknown}
14:32:46.911 [main] INFO  c.a.n.c.r.client - [printIfInfoEnabled,60] - [6a334bce-2c9e-4a0d-90b3-c4f2f16802c0_config-0] Register server push request handler:com.alibaba.nacos.client.config.impl.ClientWorker$ConfigRpcTransportClient$$Lambda$336/1898996968
14:32:46.911 [main] INFO  c.a.n.c.r.client - [printIfInfoEnabled,60] - [6a334bce-2c9e-4a0d-90b3-c4f2f16802c0_config-0] Register server push request handler:com.alibaba.nacos.client.config.impl.ClientWorker$ConfigRpcTransportClient$$Lambda$337/1336762904
14:32:46.912 [main] INFO  c.a.n.c.r.client - [printIfInfoEnabled,60] - [6a334bce-2c9e-4a0d-90b3-c4f2f16802c0_config-0] Registry connection listener to current client:com.alibaba.nacos.client.config.impl.ClientWorker$ConfigRpcTransportClient$1
14:32:46.912 [main] INFO  c.a.n.c.r.client - [printIfInfoEnabled,60] - [6a334bce-2c9e-4a0d-90b3-c4f2f16802c0_config-0] RpcClient init, ServerListFactory = com.alibaba.nacos.client.config.impl.ClientWorker$ConfigRpcTransportClient$2
14:32:46.913 [main] INFO  c.a.n.c.r.client - [printIfInfoEnabled,60] - [6a334bce-2c9e-4a0d-90b3-c4f2f16802c0_config-0] Try to connect to server on start up, server: {serverIp = '127.0.0.1', server main port = 8848}
14:32:47.034 [main] INFO  c.a.n.c.r.client - [printIfInfoEnabled,60] - [6a334bce-2c9e-4a0d-90b3-c4f2f16802c0_config-0] Success to connect to server [127.0.0.1:8848] on start up, connectionId = 1698820366922_127.0.0.1_9720
14:32:47.034 [com.alibaba.nacos.client.remote.worker] INFO  c.a.n.c.r.client - [printIfInfoEnabled,60] - [6a334bce-2c9e-4a0d-90b3-c4f2f16802c0_config-0] Notify connected event to listeners.
14:32:47.034 [main] INFO  c.a.n.c.r.client - [printIfInfoEnabled,60] - [6a334bce-2c9e-4a0d-90b3-c4f2f16802c0_config-0] Register server push request handler:com.alibaba.nacos.common.remote.client.RpcClient$ConnectResetRequestHandler
14:32:47.035 [main] INFO  c.a.n.c.r.client - [printIfInfoEnabled,60] - [6a334bce-2c9e-4a0d-90b3-c4f2f16802c0_config-0] Register server push request handler:com.alibaba.nacos.common.remote.client.RpcClient$$Lambda$345/1713596938
14:32:47.292 [main] INFO  c.a.n.c.r.client - [lambda$createClient$0,80] - [RpcClientFactory] create a new rpc client of c03915f0-c36d-49b6-914d-6840357a1df8
14:32:47.292 [main] INFO  c.a.n.c.r.client - [printIfInfoEnabled,60] - [c03915f0-c36d-49b6-914d-6840357a1df8] RpcClient init label, labels = {module=naming, source=sdk}
14:32:47.296 [main] INFO  c.a.n.c.r.client - [printIfInfoEnabled,60] - [c03915f0-c36d-49b6-914d-6840357a1df8] RpcClient init, ServerListFactory = com.alibaba.nacos.client.naming.core.ServerListManager
14:32:47.296 [main] INFO  c.a.n.c.r.client - [printIfInfoEnabled,60] - [c03915f0-c36d-49b6-914d-6840357a1df8] Registry connection listener to current client:com.alibaba.nacos.client.naming.remote.gprc.redo.NamingGrpcRedoService
14:32:47.297 [main] INFO  c.a.n.c.r.client - [printIfInfoEnabled,60] - [c03915f0-c36d-49b6-914d-6840357a1df8] Register server push request handler:com.alibaba.nacos.client.naming.remote.gprc.NamingPushRequestHandler
14:32:47.297 [main] INFO  c.a.n.c.r.client - [printIfInfoEnabled,60] - [c03915f0-c36d-49b6-914d-6840357a1df8] Try to connect to server on start up, server: {serverIp = '127.0.0.1', server main port = 8848}
14:32:47.420 [main] INFO  c.a.n.c.r.client - [printIfInfoEnabled,60] - [c03915f0-c36d-49b6-914d-6840357a1df8] Success to connect to server [127.0.0.1:8848] on start up, connectionId = 1698820367306_127.0.0.1_9722
14:32:47.420 [main] INFO  c.a.n.c.r.client - [printIfInfoEnabled,60] - [c03915f0-c36d-49b6-914d-6840357a1df8] Register server push request handler:com.alibaba.nacos.common.remote.client.RpcClient$ConnectResetRequestHandler
14:32:47.420 [com.alibaba.nacos.client.remote.worker] INFO  c.a.n.c.r.client - [printIfInfoEnabled,60] - [c03915f0-c36d-49b6-914d-6840357a1df8] Notify connected event to listeners.
14:32:47.420 [main] INFO  c.a.n.c.r.client - [printIfInfoEnabled,60] - [c03915f0-c36d-49b6-914d-6840357a1df8] Register server push request handler:com.alibaba.nacos.common.remote.client.RpcClient$$Lambda$345/1713596938
14:32:47.990 [nacos-grpc-client-executor-13] INFO  c.a.n.c.r.client - [printIfInfoEnabled,60] - [c03915f0-c36d-49b6-914d-6840357a1df8] Receive server push request, request = NotifySubscriberRequest, requestId = 11
14:32:47.998 [nacos-grpc-client-executor-13] INFO  c.a.n.c.r.client - [printIfInfoEnabled,60] - [c03915f0-c36d-49b6-914d-6840357a1df8] Ack server push request, request = NotifySubscriberRequest, requestId = 11
14:32:48.003 [nacos-grpc-client-executor-14] INFO  c.a.n.c.r.client - [printIfInfoEnabled,60] - [c03915f0-c36d-49b6-914d-6840357a1df8] Receive server push request, request = NotifySubscriberRequest, requestId = 13
14:32:48.003 [nacos-grpc-client-executor-14] INFO  c.a.n.c.r.client - [printIfInfoEnabled,60] - [c03915f0-c36d-49b6-914d-6840357a1df8] Ack server push request, request = NotifySubscriberRequest, requestId = 13
14:32:49.363 [main] INFO  c.a.n.c.r.client - [shutdown,454] - Shutdown rpc client, set status to shutdown
14:32:49.363 [main] INFO  c.a.n.c.r.client - [shutdown,456] - Shutdown client event executor java.util.concurrent.ScheduledThreadPoolExecutor@5d8112e6[Running, pool size = 2, active threads = 2, queued tasks = 0, completed tasks = 0]
14:32:49.363 [main] INFO  c.a.n.c.r.client - [closeConnection,591] - Close current connection 1698820367306_127.0.0.1_9722
14:32:49.365 [nacos-grpc-client-executor-18] INFO  c.a.n.c.r.c.g.GrpcClient - [printIfInfoEnabled,60] - [1698820367306_127.0.0.1_9722]Ignore complete event,isRunning:false,isAbandon=false
14:32:49.369 [main] INFO  c.a.n.c.r.c.g.GrpcClient - [shutdown,85] - Shutdown grpc executor java.util.concurrent.ThreadPoolExecutor@4629dde5[Running, pool size = 19, active threads = 0, queued tasks = 0, completed tasks = 19]
14:32:50.739 [main] INFO  c.a.c.n.r.NacosServiceRegistry - [register,75] - nacos registry, DEFAULT_GROUP xmap-gateway 10.100.60.135:8080 register finished
14:32:50.801 [main] INFO  c.x.g.XmapGatewayApplication - [logStarted,61] - Started XmapGatewayApplication in 32.61 seconds (JVM running for 34.693)
14:32:50.814 [main] INFO  c.a.c.n.r.NacosContextRefresher - [registerNacosListener,129] - [Nacos Config] Listening config: dataId=xmap-gateway, group=DEFAULT_GROUP
14:32:50.816 [main] INFO  c.a.c.n.r.NacosContextRefresher - [registerNacosListener,129] - [Nacos Config] Listening config: dataId=xmap-gateway.yml, group=DEFAULT_GROUP
14:32:50.820 [main] INFO  c.a.c.n.r.NacosContextRefresher - [registerNacosListener,129] - [Nacos Config] Listening config: dataId=xmap-gateway-dev.yml, group=DEFAULT_GROUP
14:32:50.832 [SpringApplicationShutdownHook] INFO  c.a.c.n.r.NacosServiceRegistry - [deregister,94] - De-registering from Nacos Server now...
14:32:50.836 [SpringApplicationShutdownHook] INFO  c.a.c.n.r.NacosServiceRegistry - [deregister,114] - De-registration finished.
14:32:51.248 [nacos-grpc-client-executor-21] INFO  c.a.n.c.r.client - [printIfInfoEnabled,60] - [fa2205be-65d8-4447-bab8-a0fda3a56625] Receive server push request, request = NotifySubscriberRequest, requestId = 14
14:32:51.249 [nacos-grpc-client-executor-21] INFO  c.a.n.c.r.client - [printIfInfoEnabled,60] - [fa2205be-65d8-4447-bab8-a0fda3a56625] Ack server push request, request = NotifySubscriberRequest, requestId = 14
14:32:51.359 [nacos-grpc-client-executor-22] INFO  c.a.n.c.r.client - [printIfInfoEnabled,60] - [fa2205be-65d8-4447-bab8-a0fda3a56625] Receive server push request, request = NotifySubscriberRequest, requestId = 15
14:32:51.359 [nacos-grpc-client-executor-22] INFO  c.a.n.c.r.client - [printIfInfoEnabled,60] - [fa2205be-65d8-4447-bab8-a0fda3a56625] Ack server push request, request = NotifySubscriberRequest, requestId = 15
14:32:51.506 [SpringApplicationShutdownHook] INFO  c.a.n.c.r.client - [shutdown,454] - Shutdown rpc client, set status to shutdown
14:32:51.507 [SpringApplicationShutdownHook] INFO  c.a.n.c.r.client - [shutdown,456] - Shutdown client event executor java.util.concurrent.ScheduledThreadPoolExecutor@6d2ac5ea[Running, pool size = 2, active threads = 2, queued tasks = 0, completed tasks = 0]
14:32:51.507 [SpringApplicationShutdownHook] INFO  c.a.n.c.r.client - [closeConnection,591] - Close current connection 1698820366088_127.0.0.1_9693
14:32:51.509 [nacos-grpc-client-executor-23] INFO  c.a.n.c.r.c.g.GrpcClient - [printIfInfoEnabled,60] - [1698820366088_127.0.0.1_9693]Ignore complete event,isRunning:false,isAbandon=false
14:32:51.513 [SpringApplicationShutdownHook] INFO  c.a.n.c.r.c.g.GrpcClient - [shutdown,85] - Shutdown grpc executor java.util.concurrent.ThreadPoolExecutor@4f61dea9[Running, pool size = 24, active threads = 0, queued tasks = 0, completed tasks = 24]
14:33:04.266 [background-preinit] INFO  o.h.v.i.util.Version - [<clinit>,21] - HV000001: Hibernate Validator 6.2.5.Final
14:33:06.994 [main] INFO  c.a.n.c.r.client - [lambda$createClient$0,80] - [RpcClientFactory] create a new rpc client of 1a16e3f2-31f2-4dc3-8608-d9b646190989_config-0
14:33:07.064 [main] INFO  o.r.Reflections - [scan,232] - Reflections took 46 ms to scan 1 urls, producing 3 keys and 6 values 
14:33:07.104 [main] INFO  o.r.Reflections - [scan,232] - Reflections took 18 ms to scan 1 urls, producing 4 keys and 9 values 
14:33:07.125 [main] INFO  o.r.Reflections - [scan,232] - Reflections took 17 ms to scan 1 urls, producing 3 keys and 10 values 
14:33:07.396 [main] INFO  o.r.Reflections - [scan,232] - Reflections took 267 ms to scan 208 urls, producing 0 keys and 0 values 
14:33:07.411 [main] INFO  o.r.Reflections - [scan,232] - Reflections took 14 ms to scan 1 urls, producing 1 keys and 5 values 
14:33:07.435 [main] INFO  o.r.Reflections - [scan,232] - Reflections took 21 ms to scan 1 urls, producing 1 keys and 7 values 
14:33:07.458 [main] INFO  o.r.Reflections - [scan,232] - Reflections took 20 ms to scan 1 urls, producing 2 keys and 8 values 
14:33:07.720 [main] INFO  o.r.Reflections - [scan,232] - Reflections took 256 ms to scan 208 urls, producing 0 keys and 0 values 
14:33:07.722 [main] INFO  c.a.n.c.r.client - [printIfInfoEnabled,60] - [1a16e3f2-31f2-4dc3-8608-d9b646190989_config-0] RpcClient init label, labels = {module=config, Vipserver-Tag=null, source=sdk, Amory-Tag=null, Location-Tag=null, taskId=0, AppName=unknown}
14:33:07.723 [main] INFO  c.a.n.c.r.client - [printIfInfoEnabled,60] - [1a16e3f2-31f2-4dc3-8608-d9b646190989_config-0] Register server push request handler:com.alibaba.nacos.client.config.impl.ClientWorker$ConfigRpcTransportClient$$Lambda$336/82275756
14:33:07.723 [main] INFO  c.a.n.c.r.client - [printIfInfoEnabled,60] - [1a16e3f2-31f2-4dc3-8608-d9b646190989_config-0] Register server push request handler:com.alibaba.nacos.client.config.impl.ClientWorker$ConfigRpcTransportClient$$Lambda$337/1629353699
14:33:07.724 [main] INFO  c.a.n.c.r.client - [printIfInfoEnabled,60] - [1a16e3f2-31f2-4dc3-8608-d9b646190989_config-0] Registry connection listener to current client:com.alibaba.nacos.client.config.impl.ClientWorker$ConfigRpcTransportClient$1
14:33:07.725 [main] INFO  c.a.n.c.r.client - [printIfInfoEnabled,60] - [1a16e3f2-31f2-4dc3-8608-d9b646190989_config-0] RpcClient init, ServerListFactory = com.alibaba.nacos.client.config.impl.ClientWorker$ConfigRpcTransportClient$2
14:33:07.738 [main] INFO  c.a.n.c.r.client - [printIfInfoEnabled,60] - [1a16e3f2-31f2-4dc3-8608-d9b646190989_config-0] Try to connect to server on start up, server: {serverIp = '127.0.0.1', server main port = 8848}
14:33:12.410 [main] INFO  c.a.n.c.r.client - [printIfInfoEnabled,60] - [1a16e3f2-31f2-4dc3-8608-d9b646190989_config-0] Success to connect to server [127.0.0.1:8848] on start up, connectionId = 1698820392169_127.0.0.1_9971
14:33:12.410 [com.alibaba.nacos.client.remote.worker] INFO  c.a.n.c.r.client - [printIfInfoEnabled,60] - [1a16e3f2-31f2-4dc3-8608-d9b646190989_config-0] Notify connected event to listeners.
14:33:12.411 [main] INFO  c.a.n.c.r.client - [printIfInfoEnabled,60] - [1a16e3f2-31f2-4dc3-8608-d9b646190989_config-0] Register server push request handler:com.alibaba.nacos.common.remote.client.RpcClient$ConnectResetRequestHandler
14:33:12.411 [main] INFO  c.a.n.c.r.client - [printIfInfoEnabled,60] - [1a16e3f2-31f2-4dc3-8608-d9b646190989_config-0] Register server push request handler:com.alibaba.nacos.common.remote.client.RpcClient$$Lambda$345/1775120226
14:33:12.508 [main] INFO  c.x.g.XmapGatewayApplication - [logStartupProfileInfo,637] - The following 1 profile is active: "dev"
14:33:20.135 [main] INFO  c.a.c.s.g.s.SentinelSCGAutoConfiguration - [sentinelGatewayFilter,144] - [Sentinel SpringCloudGateway] register SentinelGatewayFilter with order: -2147483648
14:33:21.244 [main] INFO  c.a.c.s.g.s.SentinelSCGAutoConfiguration - [sentinelGatewayBlockExceptionHandler,134] - [Sentinel SpringCloudGateway] register SentinelGatewayBlockExceptionHandler
14:33:21.609 [main] INFO  c.a.n.c.r.client - [lambda$createClient$0,80] - [RpcClientFactory] create a new rpc client of aeb59273-e8c5-48be-b3b8-8cd1e6a26d2c_config-0
14:33:21.609 [main] INFO  c.a.n.c.r.client - [printIfInfoEnabled,60] - [aeb59273-e8c5-48be-b3b8-8cd1e6a26d2c_config-0] RpcClient init label, labels = {module=config, Vipserver-Tag=null, source=sdk, Amory-Tag=null, Location-Tag=null, taskId=0, AppName=unknown}
14:33:21.609 [main] INFO  c.a.n.c.r.client - [printIfInfoEnabled,60] - [aeb59273-e8c5-48be-b3b8-8cd1e6a26d2c_config-0] Register server push request handler:com.alibaba.nacos.client.config.impl.ClientWorker$ConfigRpcTransportClient$$Lambda$336/82275756
14:33:21.610 [main] INFO  c.a.n.c.r.client - [printIfInfoEnabled,60] - [aeb59273-e8c5-48be-b3b8-8cd1e6a26d2c_config-0] Register server push request handler:com.alibaba.nacos.client.config.impl.ClientWorker$ConfigRpcTransportClient$$Lambda$337/1629353699
14:33:21.610 [main] INFO  c.a.n.c.r.client - [printIfInfoEnabled,60] - [aeb59273-e8c5-48be-b3b8-8cd1e6a26d2c_config-0] Registry connection listener to current client:com.alibaba.nacos.client.config.impl.ClientWorker$ConfigRpcTransportClient$1
14:33:21.610 [main] INFO  c.a.n.c.r.client - [printIfInfoEnabled,60] - [aeb59273-e8c5-48be-b3b8-8cd1e6a26d2c_config-0] RpcClient init, ServerListFactory = com.alibaba.nacos.client.config.impl.ClientWorker$ConfigRpcTransportClient$2
14:33:21.610 [main] INFO  c.a.n.c.r.client - [printIfInfoEnabled,60] - [aeb59273-e8c5-48be-b3b8-8cd1e6a26d2c_config-0] Try to connect to server on start up, server: {serverIp = '127.0.0.1', server main port = 8848}
14:33:21.724 [main] INFO  c.a.n.c.r.client - [printIfInfoEnabled,60] - [aeb59273-e8c5-48be-b3b8-8cd1e6a26d2c_config-0] Success to connect to server [127.0.0.1:8848] on start up, connectionId = 1698820401616_127.0.0.1_9987
14:33:21.724 [main] INFO  c.a.n.c.r.client - [printIfInfoEnabled,60] - [aeb59273-e8c5-48be-b3b8-8cd1e6a26d2c_config-0] Register server push request handler:com.alibaba.nacos.common.remote.client.RpcClient$ConnectResetRequestHandler
14:33:21.724 [com.alibaba.nacos.client.remote.worker] INFO  c.a.n.c.r.client - [printIfInfoEnabled,60] - [aeb59273-e8c5-48be-b3b8-8cd1e6a26d2c_config-0] Notify connected event to listeners.
14:33:21.724 [main] INFO  c.a.n.c.r.client - [printIfInfoEnabled,60] - [aeb59273-e8c5-48be-b3b8-8cd1e6a26d2c_config-0] Register server push request handler:com.alibaba.nacos.common.remote.client.RpcClient$$Lambda$345/1775120226
14:33:21.831 [main] INFO  c.a.n.c.r.client - [lambda$createClient$0,80] - [RpcClientFactory] create a new rpc client of fede3409-abfe-4d6f-9b71-bf9a2e650feb
14:33:21.831 [main] INFO  c.a.n.c.r.client - [printIfInfoEnabled,60] - [fede3409-abfe-4d6f-9b71-bf9a2e650feb] RpcClient init label, labels = {module=naming, source=sdk}
14:33:21.833 [main] INFO  c.a.n.c.r.client - [printIfInfoEnabled,60] - [fede3409-abfe-4d6f-9b71-bf9a2e650feb] RpcClient init, ServerListFactory = com.alibaba.nacos.client.naming.core.ServerListManager
14:33:21.833 [main] INFO  c.a.n.c.r.client - [printIfInfoEnabled,60] - [fede3409-abfe-4d6f-9b71-bf9a2e650feb] Registry connection listener to current client:com.alibaba.nacos.client.naming.remote.gprc.redo.NamingGrpcRedoService
14:33:21.833 [main] INFO  c.a.n.c.r.client - [printIfInfoEnabled,60] - [fede3409-abfe-4d6f-9b71-bf9a2e650feb] Register server push request handler:com.alibaba.nacos.client.naming.remote.gprc.NamingPushRequestHandler
14:33:21.834 [main] INFO  c.a.n.c.r.client - [printIfInfoEnabled,60] - [fede3409-abfe-4d6f-9b71-bf9a2e650feb] Try to connect to server on start up, server: {serverIp = '127.0.0.1', server main port = 8848}
14:33:21.959 [main] INFO  c.a.n.c.r.client - [printIfInfoEnabled,60] - [fede3409-abfe-4d6f-9b71-bf9a2e650feb] Success to connect to server [127.0.0.1:8848] on start up, connectionId = 1698820401839_127.0.0.1_9988
14:33:21.959 [main] INFO  c.a.n.c.r.client - [printIfInfoEnabled,60] - [fede3409-abfe-4d6f-9b71-bf9a2e650feb] Register server push request handler:com.alibaba.nacos.common.remote.client.RpcClient$ConnectResetRequestHandler
14:33:21.959 [com.alibaba.nacos.client.remote.worker] INFO  c.a.n.c.r.client - [printIfInfoEnabled,60] - [fede3409-abfe-4d6f-9b71-bf9a2e650feb] Notify connected event to listeners.
14:33:21.959 [main] INFO  c.a.n.c.r.client - [printIfInfoEnabled,60] - [fede3409-abfe-4d6f-9b71-bf9a2e650feb] Register server push request handler:com.alibaba.nacos.common.remote.client.RpcClient$$Lambda$345/1775120226
14:33:22.526 [nacos-grpc-client-executor-21] INFO  c.a.n.c.r.client - [printIfInfoEnabled,60] - [fede3409-abfe-4d6f-9b71-bf9a2e650feb] Receive server push request, request = NotifySubscriberRequest, requestId = 17
14:33:22.527 [nacos-grpc-client-executor-21] INFO  c.a.n.c.r.client - [printIfInfoEnabled,60] - [fede3409-abfe-4d6f-9b71-bf9a2e650feb] Ack server push request, request = NotifySubscriberRequest, requestId = 17
14:33:22.622 [nacos-grpc-client-executor-22] INFO  c.a.n.c.r.client - [printIfInfoEnabled,60] - [fede3409-abfe-4d6f-9b71-bf9a2e650feb] Receive server push request, request = NotifySubscriberRequest, requestId = 18
14:33:22.622 [nacos-grpc-client-executor-22] INFO  c.a.n.c.r.client - [printIfInfoEnabled,60] - [fede3409-abfe-4d6f-9b71-bf9a2e650feb] Ack server push request, request = NotifySubscriberRequest, requestId = 18
14:33:22.624 [nacos-grpc-client-executor-23] INFO  c.a.n.c.r.client - [printIfInfoEnabled,60] - [fede3409-abfe-4d6f-9b71-bf9a2e650feb] Receive server push request, request = NotifySubscriberRequest, requestId = 19
14:33:22.625 [nacos-grpc-client-executor-23] INFO  c.a.n.c.r.client - [printIfInfoEnabled,60] - [fede3409-abfe-4d6f-9b71-bf9a2e650feb] Ack server push request, request = NotifySubscriberRequest, requestId = 19
14:33:25.378 [main] INFO  c.a.c.n.r.NacosServiceRegistry - [register,75] - nacos registry, DEFAULT_GROUP xmap-gateway 10.100.60.135:8080 register finished
14:33:25.413 [main] INFO  c.x.g.XmapGatewayApplication - [logStarted,61] - Started XmapGatewayApplication in 23.312 seconds (JVM running for 25.629)
14:33:25.421 [main] INFO  c.a.c.n.r.NacosContextRefresher - [registerNacosListener,129] - [Nacos Config] Listening config: dataId=xmap-gateway, group=DEFAULT_GROUP
14:33:25.421 [main] INFO  c.a.c.n.r.NacosContextRefresher - [registerNacosListener,129] - [Nacos Config] Listening config: dataId=xmap-gateway.yml, group=DEFAULT_GROUP
14:33:25.423 [main] INFO  c.a.c.n.r.NacosContextRefresher - [registerNacosListener,129] - [Nacos Config] Listening config: dataId=xmap-gateway-dev.yml, group=DEFAULT_GROUP
14:33:25.920 [nacos-grpc-client-executor-39] INFO  c.a.n.c.r.client - [printIfInfoEnabled,60] - [fede3409-abfe-4d6f-9b71-bf9a2e650feb] Receive server push request, request = NotifySubscriberRequest, requestId = 20
14:33:25.927 [nacos-grpc-client-executor-39] INFO  c.a.n.c.r.client - [printIfInfoEnabled,60] - [fede3409-abfe-4d6f-9b71-bf9a2e650feb] Ack server push request, request = NotifySubscriberRequest, requestId = 20
14:33:52.648 [nacos-grpc-client-executor-52] INFO  c.a.n.c.r.client - [printIfInfoEnabled,60] - [fede3409-abfe-4d6f-9b71-bf9a2e650feb] Receive server push request, request = NotifySubscriberRequest, requestId = 22
14:33:52.649 [nacos-grpc-client-executor-52] INFO  c.a.n.c.r.client - [printIfInfoEnabled,60] - [fede3409-abfe-4d6f-9b71-bf9a2e650feb] Ack server push request, request = NotifySubscriberRequest, requestId = 22
14:52:53.054 [nacos-grpc-client-executor-385] INFO  c.a.n.c.r.client - [printIfInfoEnabled,60] - [fede3409-abfe-4d6f-9b71-bf9a2e650feb] Receive server push request, request = NotifySubscriberRequest, requestId = 25
14:52:53.055 [nacos-grpc-client-executor-385] INFO  c.a.n.c.r.client - [printIfInfoEnabled,60] - [fede3409-abfe-4d6f-9b71-bf9a2e650feb] Ack server push request, request = NotifySubscriberRequest, requestId = 25
16:54:57.277 [nacos-grpc-client-executor-2693] INFO  c.a.n.c.r.client - [printIfInfoEnabled,60] - [fede3409-abfe-4d6f-9b71-bf9a2e650feb] Receive server push request, request = NotifySubscriberRequest, requestId = 26
16:54:57.287 [nacos-grpc-client-executor-2693] INFO  c.a.n.c.r.client - [printIfInfoEnabled,60] - [fede3409-abfe-4d6f-9b71-bf9a2e650feb] Ack server push request, request = NotifySubscriberRequest, requestId = 26
16:55:27.566 [nacos-grpc-client-executor-2702] INFO  c.a.n.c.r.client - [printIfInfoEnabled,60] - [fede3409-abfe-4d6f-9b71-bf9a2e650feb] Receive server push request, request = NotifySubscriberRequest, requestId = 27
16:55:27.572 [nacos-grpc-client-executor-2702] INFO  c.a.n.c.r.client - [printIfInfoEnabled,60] - [fede3409-abfe-4d6f-9b71-bf9a2e650feb] Ack server push request, request = NotifySubscriberRequest, requestId = 27
17:04:12.436 [nacos-grpc-client-executor-2873] INFO  c.a.n.c.r.client - [printIfInfoEnabled,60] - [fede3409-abfe-4d6f-9b71-bf9a2e650feb] Receive server push request, request = NotifySubscriberRequest, requestId = 30
17:04:12.437 [nacos-grpc-client-executor-2873] INFO  c.a.n.c.r.client - [printIfInfoEnabled,60] - [fede3409-abfe-4d6f-9b71-bf9a2e650feb] Ack server push request, request = NotifySubscriberRequest, requestId = 30
17:10:51.500 [nacos-grpc-client-executor-3000] INFO  c.a.n.c.r.client - [printIfInfoEnabled,60] - [fede3409-abfe-4d6f-9b71-bf9a2e650feb] Receive server push request, request = NotifySubscriberRequest, requestId = 32
17:10:51.513 [nacos-grpc-client-executor-3000] INFO  c.a.n.c.r.client - [printIfInfoEnabled,60] - [fede3409-abfe-4d6f-9b71-bf9a2e650feb] Ack server push request, request = NotifySubscriberRequest, requestId = 32
17:11:23.808 [nacos-grpc-client-executor-3010] INFO  c.a.n.c.r.client - [printIfInfoEnabled,60] - [fede3409-abfe-4d6f-9b71-bf9a2e650feb] Receive server push request, request = NotifySubscriberRequest, requestId = 34
17:11:23.814 [nacos-grpc-client-executor-3010] INFO  c.a.n.c.r.client - [printIfInfoEnabled,60] - [fede3409-abfe-4d6f-9b71-bf9a2e650feb] Ack server push request, request = NotifySubscriberRequest, requestId = 34
18:59:15.677 [SpringApplicationShutdownHook] INFO  c.a.c.n.r.NacosServiceRegistry - [deregister,94] - De-registering from Nacos Server now...
18:59:15.690 [SpringApplicationShutdownHook] INFO  c.a.c.n.r.NacosServiceRegistry - [deregister,114] - De-registration finished.
18:59:16.053 [SpringApplicationShutdownHook] INFO  c.a.n.c.r.client - [shutdown,454] - Shutdown rpc client, set status to shutdown
18:59:16.053 [SpringApplicationShutdownHook] INFO  c.a.n.c.r.client - [shutdown,456] - Shutdown client event executor java.util.concurrent.ScheduledThreadPoolExecutor@605acf58[Running, pool size = 2, active threads = 2, queued tasks = 0, completed tasks = 0]
18:59:16.054 [SpringApplicationShutdownHook] INFO  c.a.n.c.r.client - [closeConnection,591] - Close current connection 1698820401839_127.0.0.1_9988
18:59:16.057 [nacos-grpc-client-executor-5048] INFO  c.a.n.c.r.c.g.GrpcClient - [printIfInfoEnabled,60] - [1698820401839_127.0.0.1_9988]Ignore complete event,isRunning:false,isAbandon=false
18:59:16.654 [SpringApplicationShutdownHook] INFO  c.a.n.c.r.c.g.GrpcClient - [shutdown,85] - Shutdown grpc executor java.util.concurrent.ThreadPoolExecutor@255b76ad[Running, pool size = 5, active threads = 0, queued tasks = 0, completed tasks = 5049]
19:12:42.213 [background-preinit] INFO  o.h.v.i.util.Version - [<clinit>,21] - HV000001: Hibernate Validator 6.2.5.Final
19:12:43.798 [main] INFO  c.a.n.c.r.client - [lambda$createClient$0,80] - [RpcClientFactory] create a new rpc client of 5c662485-2794-4ce4-b30e-221acc3a71bf_config-0
19:12:43.895 [main] INFO  o.r.Reflections - [scan,232] - Reflections took 45 ms to scan 1 urls, producing 3 keys and 6 values 
19:12:43.965 [main] INFO  o.r.Reflections - [scan,232] - Reflections took 19 ms to scan 1 urls, producing 4 keys and 9 values 
19:12:43.978 [main] INFO  o.r.Reflections - [scan,232] - Reflections took 11 ms to scan 1 urls, producing 3 keys and 10 values 
19:12:44.199 [main] INFO  o.r.Reflections - [scan,232] - Reflections took 218 ms to scan 208 urls, producing 0 keys and 0 values 
19:12:44.210 [main] INFO  o.r.Reflections - [scan,232] - Reflections took 11 ms to scan 1 urls, producing 1 keys and 5 values 
19:12:44.221 [main] INFO  o.r.Reflections - [scan,232] - Reflections took 9 ms to scan 1 urls, producing 1 keys and 7 values 
19:12:44.248 [main] INFO  o.r.Reflections - [scan,232] - Reflections took 24 ms to scan 1 urls, producing 2 keys and 8 values 
19:12:44.408 [main] INFO  o.r.Reflections - [scan,232] - Reflections took 155 ms to scan 208 urls, producing 0 keys and 0 values 
19:12:44.419 [main] INFO  c.a.n.c.r.client - [printIfInfoEnabled,60] - [5c662485-2794-4ce4-b30e-221acc3a71bf_config-0] RpcClient init label, labels = {module=config, Vipserver-Tag=null, source=sdk, Amory-Tag=null, Location-Tag=null, taskId=0, AppName=unknown}
19:12:44.420 [main] INFO  c.a.n.c.r.client - [printIfInfoEnabled,60] - [5c662485-2794-4ce4-b30e-221acc3a71bf_config-0] Register server push request handler:com.alibaba.nacos.client.config.impl.ClientWorker$ConfigRpcTransportClient$$Lambda$336/99808631
19:12:44.420 [main] INFO  c.a.n.c.r.client - [printIfInfoEnabled,60] - [5c662485-2794-4ce4-b30e-221acc3a71bf_config-0] Register server push request handler:com.alibaba.nacos.client.config.impl.ClientWorker$ConfigRpcTransportClient$$Lambda$337/1651754404
19:12:44.420 [main] INFO  c.a.n.c.r.client - [printIfInfoEnabled,60] - [5c662485-2794-4ce4-b30e-221acc3a71bf_config-0] Registry connection listener to current client:com.alibaba.nacos.client.config.impl.ClientWorker$ConfigRpcTransportClient$1
19:12:44.421 [main] INFO  c.a.n.c.r.client - [printIfInfoEnabled,60] - [5c662485-2794-4ce4-b30e-221acc3a71bf_config-0] RpcClient init, ServerListFactory = com.alibaba.nacos.client.config.impl.ClientWorker$ConfigRpcTransportClient$2
19:12:44.437 [main] INFO  c.a.n.c.r.client - [printIfInfoEnabled,60] - [5c662485-2794-4ce4-b30e-221acc3a71bf_config-0] Try to connect to server on start up, server: {serverIp = '127.0.0.1', server main port = 8848}
19:12:48.070 [main] INFO  c.a.n.c.r.client - [printIfInfoEnabled,60] - [5c662485-2794-4ce4-b30e-221acc3a71bf_config-0] Success to connect to server [127.0.0.1:8848] on start up, connectionId = 1698837167708_127.0.0.1_3233
19:12:48.071 [com.alibaba.nacos.client.remote.worker] INFO  c.a.n.c.r.client - [printIfInfoEnabled,60] - [5c662485-2794-4ce4-b30e-221acc3a71bf_config-0] Notify connected event to listeners.
19:12:48.071 [main] INFO  c.a.n.c.r.client - [printIfInfoEnabled,60] - [5c662485-2794-4ce4-b30e-221acc3a71bf_config-0] Register server push request handler:com.alibaba.nacos.common.remote.client.RpcClient$ConnectResetRequestHandler
19:12:48.072 [main] INFO  c.a.n.c.r.client - [printIfInfoEnabled,60] - [5c662485-2794-4ce4-b30e-221acc3a71bf_config-0] Register server push request handler:com.alibaba.nacos.common.remote.client.RpcClient$$Lambda$345/1862347028
19:12:48.162 [main] INFO  c.x.g.XmapGatewayApplication - [logStartupProfileInfo,637] - The following 1 profile is active: "dev"
19:12:56.341 [main] INFO  c.a.c.s.g.s.SentinelSCGAutoConfiguration - [sentinelGatewayFilter,144] - [Sentinel SpringCloudGateway] register SentinelGatewayFilter with order: -2147483648
19:12:56.930 [main] INFO  c.a.c.s.g.s.SentinelSCGAutoConfiguration - [sentinelGatewayBlockExceptionHandler,134] - [Sentinel SpringCloudGateway] register SentinelGatewayBlockExceptionHandler
19:12:57.533 [main] INFO  c.a.n.c.r.client - [lambda$createClient$0,80] - [RpcClientFactory] create a new rpc client of 4ec52425-28eb-44b1-80de-16c0eff2d841_config-0
19:12:57.534 [main] INFO  c.a.n.c.r.client - [printIfInfoEnabled,60] - [4ec52425-28eb-44b1-80de-16c0eff2d841_config-0] RpcClient init label, labels = {module=config, Vipserver-Tag=null, source=sdk, Amory-Tag=null, Location-Tag=null, taskId=0, AppName=unknown}
19:12:57.534 [main] INFO  c.a.n.c.r.client - [printIfInfoEnabled,60] - [4ec52425-28eb-44b1-80de-16c0eff2d841_config-0] Register server push request handler:com.alibaba.nacos.client.config.impl.ClientWorker$ConfigRpcTransportClient$$Lambda$336/99808631
19:12:57.535 [main] INFO  c.a.n.c.r.client - [printIfInfoEnabled,60] - [4ec52425-28eb-44b1-80de-16c0eff2d841_config-0] Register server push request handler:com.alibaba.nacos.client.config.impl.ClientWorker$ConfigRpcTransportClient$$Lambda$337/1651754404
19:12:57.535 [main] INFO  c.a.n.c.r.client - [printIfInfoEnabled,60] - [4ec52425-28eb-44b1-80de-16c0eff2d841_config-0] Registry connection listener to current client:com.alibaba.nacos.client.config.impl.ClientWorker$ConfigRpcTransportClient$1
19:12:57.535 [main] INFO  c.a.n.c.r.client - [printIfInfoEnabled,60] - [4ec52425-28eb-44b1-80de-16c0eff2d841_config-0] RpcClient init, ServerListFactory = com.alibaba.nacos.client.config.impl.ClientWorker$ConfigRpcTransportClient$2
19:12:57.535 [main] INFO  c.a.n.c.r.client - [printIfInfoEnabled,60] - [4ec52425-28eb-44b1-80de-16c0eff2d841_config-0] Try to connect to server on start up, server: {serverIp = '127.0.0.1', server main port = 8848}
19:12:57.649 [main] INFO  c.a.n.c.r.client - [printIfInfoEnabled,60] - [4ec52425-28eb-44b1-80de-16c0eff2d841_config-0] Success to connect to server [127.0.0.1:8848] on start up, connectionId = 1698837177540_127.0.0.1_3260
19:12:57.650 [main] INFO  c.a.n.c.r.client - [printIfInfoEnabled,60] - [4ec52425-28eb-44b1-80de-16c0eff2d841_config-0] Register server push request handler:com.alibaba.nacos.common.remote.client.RpcClient$ConnectResetRequestHandler
19:12:57.650 [com.alibaba.nacos.client.remote.worker] INFO  c.a.n.c.r.client - [printIfInfoEnabled,60] - [4ec52425-28eb-44b1-80de-16c0eff2d841_config-0] Notify connected event to listeners.
19:12:57.650 [main] INFO  c.a.n.c.r.client - [printIfInfoEnabled,60] - [4ec52425-28eb-44b1-80de-16c0eff2d841_config-0] Register server push request handler:com.alibaba.nacos.common.remote.client.RpcClient$$Lambda$345/1862347028
19:12:57.787 [main] INFO  c.a.n.c.r.client - [lambda$createClient$0,80] - [RpcClientFactory] create a new rpc client of 0b4af06d-368f-4995-b33c-cf4c27980623
19:12:57.787 [main] INFO  c.a.n.c.r.client - [printIfInfoEnabled,60] - [0b4af06d-368f-4995-b33c-cf4c27980623] RpcClient init label, labels = {module=naming, source=sdk}
19:12:57.790 [main] INFO  c.a.n.c.r.client - [printIfInfoEnabled,60] - [0b4af06d-368f-4995-b33c-cf4c27980623] RpcClient init, ServerListFactory = com.alibaba.nacos.client.naming.core.ServerListManager
19:12:57.790 [main] INFO  c.a.n.c.r.client - [printIfInfoEnabled,60] - [0b4af06d-368f-4995-b33c-cf4c27980623] Registry connection listener to current client:com.alibaba.nacos.client.naming.remote.gprc.redo.NamingGrpcRedoService
19:12:57.791 [main] INFO  c.a.n.c.r.client - [printIfInfoEnabled,60] - [0b4af06d-368f-4995-b33c-cf4c27980623] Register server push request handler:com.alibaba.nacos.client.naming.remote.gprc.NamingPushRequestHandler
19:12:57.791 [main] INFO  c.a.n.c.r.client - [printIfInfoEnabled,60] - [0b4af06d-368f-4995-b33c-cf4c27980623] Try to connect to server on start up, server: {serverIp = '127.0.0.1', server main port = 8848}
19:12:57.910 [main] INFO  c.a.n.c.r.client - [printIfInfoEnabled,60] - [0b4af06d-368f-4995-b33c-cf4c27980623] Success to connect to server [127.0.0.1:8848] on start up, connectionId = 1698837177796_127.0.0.1_3264
19:12:57.910 [main] INFO  c.a.n.c.r.client - [printIfInfoEnabled,60] - [0b4af06d-368f-4995-b33c-cf4c27980623] Register server push request handler:com.alibaba.nacos.common.remote.client.RpcClient$ConnectResetRequestHandler
19:12:57.910 [com.alibaba.nacos.client.remote.worker] INFO  c.a.n.c.r.client - [printIfInfoEnabled,60] - [0b4af06d-368f-4995-b33c-cf4c27980623] Notify connected event to listeners.
19:12:57.910 [main] INFO  c.a.n.c.r.client - [printIfInfoEnabled,60] - [0b4af06d-368f-4995-b33c-cf4c27980623] Register server push request handler:com.alibaba.nacos.common.remote.client.RpcClient$$Lambda$345/1862347028
19:12:58.487 [nacos-grpc-client-executor-13] INFO  c.a.n.c.r.client - [printIfInfoEnabled,60] - [0b4af06d-368f-4995-b33c-cf4c27980623] Receive server push request, request = NotifySubscriberRequest, requestId = 37
19:12:58.488 [nacos-grpc-client-executor-13] INFO  c.a.n.c.r.client - [printIfInfoEnabled,60] - [0b4af06d-368f-4995-b33c-cf4c27980623] Ack server push request, request = NotifySubscriberRequest, requestId = 37
19:12:58.587 [nacos-grpc-client-executor-14] INFO  c.a.n.c.r.client - [printIfInfoEnabled,60] - [0b4af06d-368f-4995-b33c-cf4c27980623] Receive server push request, request = NotifySubscriberRequest, requestId = 38
19:12:58.588 [nacos-grpc-client-executor-14] INFO  c.a.n.c.r.client - [printIfInfoEnabled,60] - [0b4af06d-368f-4995-b33c-cf4c27980623] Ack server push request, request = NotifySubscriberRequest, requestId = 38
19:13:02.964 [main] INFO  c.a.c.n.r.NacosServiceRegistry - [register,75] - nacos registry, DEFAULT_GROUP xmap-gateway 10.100.60.135:8080 register finished
19:13:03.007 [main] INFO  c.x.g.XmapGatewayApplication - [logStarted,61] - Started XmapGatewayApplication in 22.895 seconds (JVM running for 25.07)
19:13:03.015 [main] INFO  c.a.c.n.r.NacosContextRefresher - [registerNacosListener,129] - [Nacos Config] Listening config: dataId=xmap-gateway, group=DEFAULT_GROUP
19:13:03.016 [main] INFO  c.a.c.n.r.NacosContextRefresher - [registerNacosListener,129] - [Nacos Config] Listening config: dataId=xmap-gateway.yml, group=DEFAULT_GROUP
19:13:03.018 [main] INFO  c.a.c.n.r.NacosContextRefresher - [registerNacosListener,129] - [Nacos Config] Listening config: dataId=xmap-gateway-dev.yml, group=DEFAULT_GROUP
19:13:03.530 [nacos-grpc-client-executor-28] INFO  c.a.n.c.r.client - [printIfInfoEnabled,60] - [0b4af06d-368f-4995-b33c-cf4c27980623] Receive server push request, request = NotifySubscriberRequest, requestId = 39
19:13:03.535 [nacos-grpc-client-executor-28] INFO  c.a.n.c.r.client - [printIfInfoEnabled,60] - [0b4af06d-368f-4995-b33c-cf4c27980623] Ack server push request, request = NotifySubscriberRequest, requestId = 39
19:13:28.603 [nacos-grpc-client-executor-40] INFO  c.a.n.c.r.client - [printIfInfoEnabled,60] - [0b4af06d-368f-4995-b33c-cf4c27980623] Receive server push request, request = NotifySubscriberRequest, requestId = 41
19:13:28.604 [nacos-grpc-client-executor-40] INFO  c.a.n.c.r.client - [printIfInfoEnabled,60] - [0b4af06d-368f-4995-b33c-cf4c27980623] Ack server push request, request = NotifySubscriberRequest, requestId = 41
19:13:58.673 [nacos-grpc-client-executor-54] INFO  c.a.n.c.r.client - [printIfInfoEnabled,60] - [0b4af06d-368f-4995-b33c-cf4c27980623] Receive server push request, request = NotifySubscriberRequest, requestId = 45
19:13:58.674 [nacos-grpc-client-executor-54] INFO  c.a.n.c.r.client - [printIfInfoEnabled,60] - [0b4af06d-368f-4995-b33c-cf4c27980623] Ack server push request, request = NotifySubscriberRequest, requestId = 45
19:13:58.675 [nacos-grpc-client-executor-55] INFO  c.a.n.c.r.client - [printIfInfoEnabled,60] - [0b4af06d-368f-4995-b33c-cf4c27980623] Receive server push request, request = NotifySubscriberRequest, requestId = 46
19:13:58.675 [nacos-grpc-client-executor-55] INFO  c.a.n.c.r.client - [printIfInfoEnabled,60] - [0b4af06d-368f-4995-b33c-cf4c27980623] Ack server push request, request = NotifySubscriberRequest, requestId = 46
19:13:58.678 [nacos-grpc-client-executor-56] INFO  c.a.n.c.r.client - [printIfInfoEnabled,60] - [0b4af06d-368f-4995-b33c-cf4c27980623] Receive server push request, request = NotifySubscriberRequest, requestId = 47
19:13:58.679 [nacos-grpc-client-executor-56] INFO  c.a.n.c.r.client - [printIfInfoEnabled,60] - [0b4af06d-368f-4995-b33c-cf4c27980623] Ack server push request, request = NotifySubscriberRequest, requestId = 47
19:32:53.214 [nacos-grpc-client-executor-427] INFO  c.a.n.c.r.client - [printIfInfoEnabled,60] - [0b4af06d-368f-4995-b33c-cf4c27980623] Receive server push request, request = NotifySubscriberRequest, requestId = 50
19:32:53.220 [nacos-grpc-client-executor-427] INFO  c.a.n.c.r.client - [printIfInfoEnabled,60] - [0b4af06d-368f-4995-b33c-cf4c27980623] Ack server push request, request = NotifySubscriberRequest, requestId = 50
19:33:24.474 [nacos-grpc-client-executor-439] INFO  c.a.n.c.r.client - [printIfInfoEnabled,60] - [0b4af06d-368f-4995-b33c-cf4c27980623] Receive server push request, request = NotifySubscriberRequest, requestId = 52
19:33:24.480 [nacos-grpc-client-executor-439] INFO  c.a.n.c.r.client - [printIfInfoEnabled,60] - [0b4af06d-368f-4995-b33c-cf4c27980623] Ack server push request, request = NotifySubscriberRequest, requestId = 52
21:03:46.881 [com.alibaba.nacos.client.remote.worker] INFO  c.a.n.c.r.client - [printIfInfoEnabled,60] - [4ec52425-28eb-44b1-80de-16c0eff2d841_config-0] Try to reconnect to a new server, server is  not appointed, will choose a random server.
21:03:46.881 [com.alibaba.nacos.client.remote.worker] INFO  c.a.n.c.r.client - [printIfInfoEnabled,60] - [0b4af06d-368f-4995-b33c-cf4c27980623] Try to reconnect to a new server, server is  not appointed, will choose a random server.
21:03:46.881 [com.alibaba.nacos.client.remote.worker] INFO  c.a.n.c.r.client - [printIfInfoEnabled,60] - [5c662485-2794-4ce4-b30e-221acc3a71bf_config-0] Try to reconnect to a new server, server is  not appointed, will choose a random server.
21:03:51.166 [com.alibaba.nacos.client.remote.worker] INFO  c.a.n.c.r.client - [printIfInfoEnabled,60] - [5c662485-2794-4ce4-b30e-221acc3a71bf_config-0] Fail to connect server, after trying 1 times, last try server is {serverIp = '127.0.0.1', server main port = 8848}, error = unknown
21:03:51.281 [com.alibaba.nacos.client.remote.worker] INFO  c.a.n.c.r.client - [printIfInfoEnabled,60] - [0b4af06d-368f-4995-b33c-cf4c27980623] Fail to connect server, after trying 1 times, last try server is {serverIp = '127.0.0.1', server main port = 8848}, error = unknown
21:03:51.284 [com.alibaba.nacos.client.remote.worker] INFO  c.a.n.c.r.client - [printIfInfoEnabled,60] - [4ec52425-28eb-44b1-80de-16c0eff2d841_config-0] Fail to connect server, after trying 1 times, last try server is {serverIp = '127.0.0.1', server main port = 8848}, error = unknown
21:03:53.352 [SpringApplicationShutdownHook] INFO  c.a.c.n.r.NacosServiceRegistry - [deregister,94] - De-registering from Nacos Server now...
21:03:53.410 [com.alibaba.nacos.client.remote.worker] INFO  c.a.n.c.r.client - [printIfInfoEnabled,60] - [5c662485-2794-4ce4-b30e-221acc3a71bf_config-0] Fail to connect server, after trying 2 times, last try server is {serverIp = '127.0.0.1', server main port = 8848}, error = unknown
21:03:53.564 [com.alibaba.nacos.client.remote.worker] INFO  c.a.n.c.r.client - [printIfInfoEnabled,60] - [0b4af06d-368f-4995-b33c-cf4c27980623] Fail to connect server, after trying 2 times, last try server is {serverIp = '127.0.0.1', server main port = 8848}, error = unknown
21:03:53.565 [com.alibaba.nacos.client.remote.worker] INFO  c.a.n.c.r.client - [printIfInfoEnabled,60] - [4ec52425-28eb-44b1-80de-16c0eff2d841_config-0] Fail to connect server, after trying 2 times, last try server is {serverIp = '127.0.0.1', server main port = 8848}, error = unknown
21:03:53.689 [SpringApplicationShutdownHook] INFO  c.a.c.n.r.NacosServiceRegistry - [deregister,114] - De-registration finished.
21:03:54.052 [SpringApplicationShutdownHook] INFO  c.a.n.c.r.client - [shutdown,454] - Shutdown rpc client, set status to shutdown
21:03:54.052 [SpringApplicationShutdownHook] INFO  c.a.n.c.r.client - [shutdown,456] - Shutdown client event executor java.util.concurrent.ScheduledThreadPoolExecutor@6f08171f[Running, pool size = 2, active threads = 2, queued tasks = 0, completed tasks = 0]
21:03:54.053 [SpringApplicationShutdownHook] INFO  c.a.n.c.r.client - [closeConnection,591] - Close current connection 1698837177796_127.0.0.1_3264
21:03:54.053 [SpringApplicationShutdownHook] INFO  c.a.n.c.r.c.g.GrpcClient - [shutdown,85] - Shutdown grpc executor java.util.concurrent.ThreadPoolExecutor@6dbb4fb6[Running, pool size = 8, active threads = 0, queued tasks = 0, completed tasks = 2165]
21:03:54.054 [com.alibaba.nacos.client.remote.worker] INFO  c.a.n.c.r.client - [closeConnection,591] - Close current connection 1698837177796_127.0.0.1_3264
21:03:54.055 [com.alibaba.nacos.client.remote.worker] INFO  c.a.n.c.r.client - [printIfInfoEnabled,60] - [0b4af06d-368f-4995-b33c-cf4c27980623] Fail to connect server, after trying 3 times, last try server is {serverIp = '127.0.0.1', server main port = 8848}, error = unknown
21:03:54.470 [com.alibaba.nacos.client.remote.worker] INFO  c.a.n.c.r.client - [printIfInfoEnabled,60] - [0b4af06d-368f-4995-b33c-cf4c27980623] Client is shutdown, stop reconnect to server
21:03:55.765 [com.alibaba.nacos.client.remote.worker] INFO  c.a.n.c.r.client - [printIfInfoEnabled,60] - [5c662485-2794-4ce4-b30e-221acc3a71bf_config-0] Fail to connect server, after trying 3 times, last try server is {serverIp = '127.0.0.1', server main port = 8848}, error = unknown
21:03:55.939 [com.alibaba.nacos.client.remote.worker] INFO  c.a.n.c.r.client - [printIfInfoEnabled,60] - [4ec52425-28eb-44b1-80de-16c0eff2d841_config-0] Fail to connect server, after trying 3 times, last try server is {serverIp = '127.0.0.1', server main port = 8848}, error = unknown
21:04:00.428 [background-preinit] INFO  o.h.v.i.util.Version - [<clinit>,21] - HV000001: Hibernate Validator 6.2.5.Final
21:04:02.597 [main] INFO  c.a.n.c.r.client - [lambda$createClient$0,80] - [RpcClientFactory] create a new rpc client of 8b2565ef-51b5-475b-9d2a-b518caed9006_config-0
21:04:02.924 [main] INFO  o.r.Reflections - [scan,232] - Reflections took 112 ms to scan 1 urls, producing 3 keys and 6 values 
21:04:03.001 [main] INFO  o.r.Reflections - [scan,232] - Reflections took 19 ms to scan 1 urls, producing 4 keys and 9 values 
21:04:03.016 [main] INFO  o.r.Reflections - [scan,232] - Reflections took 11 ms to scan 1 urls, producing 3 keys and 10 values 
21:04:03.189 [main] INFO  o.r.Reflections - [scan,232] - Reflections took 170 ms to scan 208 urls, producing 0 keys and 0 values 
21:04:03.202 [main] INFO  o.r.Reflections - [scan,232] - Reflections took 12 ms to scan 1 urls, producing 1 keys and 5 values 
21:04:03.216 [main] INFO  o.r.Reflections - [scan,232] - Reflections took 12 ms to scan 1 urls, producing 1 keys and 7 values 
21:04:03.227 [main] INFO  o.r.Reflections - [scan,232] - Reflections took 8 ms to scan 1 urls, producing 2 keys and 8 values 
21:04:03.363 [main] INFO  o.r.Reflections - [scan,232] - Reflections took 134 ms to scan 208 urls, producing 0 keys and 0 values 
21:04:03.376 [main] INFO  c.a.n.c.r.client - [printIfInfoEnabled,60] - [8b2565ef-51b5-475b-9d2a-b518caed9006_config-0] RpcClient init label, labels = {module=config, Vipserver-Tag=null, source=sdk, Amory-Tag=null, Location-Tag=null, taskId=0, AppName=unknown}
21:04:03.377 [main] INFO  c.a.n.c.r.client - [printIfInfoEnabled,60] - [8b2565ef-51b5-475b-9d2a-b518caed9006_config-0] Register server push request handler:com.alibaba.nacos.client.config.impl.ClientWorker$ConfigRpcTransportClient$$Lambda$336/895366343
21:04:03.377 [main] INFO  c.a.n.c.r.client - [printIfInfoEnabled,60] - [8b2565ef-51b5-475b-9d2a-b518caed9006_config-0] Register server push request handler:com.alibaba.nacos.client.config.impl.ClientWorker$ConfigRpcTransportClient$$Lambda$337/1416665097
21:04:03.378 [main] INFO  c.a.n.c.r.client - [printIfInfoEnabled,60] - [8b2565ef-51b5-475b-9d2a-b518caed9006_config-0] Registry connection listener to current client:com.alibaba.nacos.client.config.impl.ClientWorker$ConfigRpcTransportClient$1
21:04:03.378 [main] INFO  c.a.n.c.r.client - [printIfInfoEnabled,60] - [8b2565ef-51b5-475b-9d2a-b518caed9006_config-0] RpcClient init, ServerListFactory = com.alibaba.nacos.client.config.impl.ClientWorker$ConfigRpcTransportClient$2
21:04:03.391 [main] INFO  c.a.n.c.r.client - [printIfInfoEnabled,60] - [8b2565ef-51b5-475b-9d2a-b518caed9006_config-0] Try to connect to server on start up, server: {serverIp = '127.0.0.1', server main port = 8848}
