01:00:01.391 [background-preinit] INFO  o.h.v.i.util.Version - [<clinit>,21] - HV000001: Hibernate Validator 6.2.5.Final
01:00:02.276 [main] INFO  c.a.n.c.r.client - [lambda$createClient$0,80] - [RpcClientFactory] create a new rpc client of f6c96a6c-36ee-4110-ad94-4a474fc0f21a_config-0
01:00:02.303 [main] INFO  o.r.Reflections - [scan,232] - Reflections took 17 ms to scan 1 urls, producing 3 keys and 6 values 
01:00:02.318 [main] INFO  o.r.Reflections - [scan,232] - Reflections took 8 ms to scan 1 urls, producing 4 keys and 9 values 
01:00:02.326 [main] INFO  o.r.Reflections - [scan,232] - Reflections took 7 ms to scan 1 urls, producing 3 keys and 10 values 
01:00:02.505 [main] INFO  o.r.Reflections - [scan,232] - Reflections took 176 ms to scan 199 urls, producing 0 keys and 0 values 
01:00:02.513 [main] INFO  o.r.Reflections - [scan,232] - Reflections took 7 ms to scan 1 urls, producing 1 keys and 5 values 
01:00:02.521 [main] INFO  o.r.Reflections - [scan,232] - Reflections took 7 ms to scan 1 urls, producing 1 keys and 7 values 
01:00:02.529 [main] INFO  o.r.Reflections - [scan,232] - Reflections took 7 ms to scan 1 urls, producing 2 keys and 8 values 
01:00:02.711 [main] INFO  o.r.Reflections - [scan,232] - Reflections took 180 ms to scan 199 urls, producing 0 keys and 0 values 
01:00:02.713 [main] INFO  c.a.n.c.r.client - [printIfInfoEnabled,60] - [f6c96a6c-36ee-4110-ad94-4a474fc0f21a_config-0] RpcClient init label, labels = {module=config, Vipserver-Tag=null, source=sdk, Amory-Tag=null, Location-Tag=null, taskId=0, AppName=unknown}
01:00:02.714 [main] INFO  c.a.n.c.r.client - [printIfInfoEnabled,60] - [f6c96a6c-36ee-4110-ad94-4a474fc0f21a_config-0] Register server push request handler:com.alibaba.nacos.client.config.impl.ClientWorker$ConfigRpcTransportClient$$Lambda$334/832145584
01:00:02.714 [main] INFO  c.a.n.c.r.client - [printIfInfoEnabled,60] - [f6c96a6c-36ee-4110-ad94-4a474fc0f21a_config-0] Register server push request handler:com.alibaba.nacos.client.config.impl.ClientWorker$ConfigRpcTransportClient$$Lambda$335/224060798
01:00:02.715 [main] INFO  c.a.n.c.r.client - [printIfInfoEnabled,60] - [f6c96a6c-36ee-4110-ad94-4a474fc0f21a_config-0] Registry connection listener to current client:com.alibaba.nacos.client.config.impl.ClientWorker$ConfigRpcTransportClient$1
01:00:02.717 [main] INFO  c.a.n.c.r.client - [printIfInfoEnabled,60] - [f6c96a6c-36ee-4110-ad94-4a474fc0f21a_config-0] RpcClient init, ServerListFactory = com.alibaba.nacos.client.config.impl.ClientWorker$ConfigRpcTransportClient$2
01:00:02.724 [main] INFO  c.a.n.c.r.client - [printIfInfoEnabled,60] - [f6c96a6c-36ee-4110-ad94-4a474fc0f21a_config-0] Try to connect to server on start up, server: {serverIp = '127.0.0.1', server main port = 8848}
01:00:04.530 [main] INFO  c.a.n.c.r.client - [printIfInfoEnabled,60] - [f6c96a6c-36ee-4110-ad94-4a474fc0f21a_config-0] Success to connect to server [127.0.0.1:8848] on start up, connectionId = 1693414804361_127.0.0.1_60487
01:00:04.530 [com.alibaba.nacos.client.remote.worker] INFO  c.a.n.c.r.client - [printIfInfoEnabled,60] - [f6c96a6c-36ee-4110-ad94-4a474fc0f21a_config-0] Notify connected event to listeners.
01:00:04.530 [main] INFO  c.a.n.c.r.client - [printIfInfoEnabled,60] - [f6c96a6c-36ee-4110-ad94-4a474fc0f21a_config-0] Register server push request handler:com.alibaba.nacos.common.remote.client.RpcClient$ConnectResetRequestHandler
01:00:04.531 [main] INFO  c.a.n.c.r.client - [printIfInfoEnabled,60] - [f6c96a6c-36ee-4110-ad94-4a474fc0f21a_config-0] Register server push request handler:com.alibaba.nacos.common.remote.client.RpcClient$$Lambda$344/1788034018
01:00:04.664 [main] INFO  c.x.r.XmapReservationApplication - [logStartupProfileInfo,637] - The following 1 profile is active: "dev"
01:00:06.334 [main] INFO  o.a.c.h.Http11NioProtocol - [log,173] - Initializing ProtocolHandler ["http-nio-9233"]
01:00:06.335 [main] INFO  o.a.c.c.StandardService - [log,173] - Starting service [Tomcat]
01:00:06.335 [main] INFO  o.a.c.c.StandardEngine - [log,173] - Starting Servlet engine: [Apache Tomcat/9.0.70]
01:00:06.485 [main] INFO  o.a.c.c.C.[.[.[/] - [log,173] - Initializing Spring embedded WebApplicationContext
01:00:07.286 [main] INFO  c.a.d.p.DruidDataSource - [init,996] - {dataSource-1,master} inited
01:00:07.287 [main] INFO  c.b.d.d.DynamicRoutingDataSource - [addDataSource,154] - dynamic-datasource - add a datasource named [master] success
01:00:07.287 [main] INFO  c.b.d.d.DynamicRoutingDataSource - [afterPropertiesSet,234] - dynamic-datasource initial loaded [1] datasource,primary datasource named [master]
01:00:08.295 [main] INFO  c.a.c.s.SentinelWebMvcConfigurer - [addInterceptors,52] - [Sentinel Starter] register SentinelWebInterceptor with urlPatterns: [/**].
01:00:10.843 [main] INFO  c.a.n.c.r.client - [lambda$createClient$0,80] - [RpcClientFactory] create a new rpc client of 3d489b5a-16fc-44fd-bb46-212f91dc945a
01:00:10.844 [main] INFO  c.a.n.c.r.client - [printIfInfoEnabled,60] - [3d489b5a-16fc-44fd-bb46-212f91dc945a] RpcClient init label, labels = {module=naming, source=sdk}
01:00:10.845 [main] INFO  c.a.n.c.r.client - [printIfInfoEnabled,60] - [3d489b5a-16fc-44fd-bb46-212f91dc945a] RpcClient init, ServerListFactory = com.alibaba.nacos.client.naming.core.ServerListManager
01:00:10.845 [main] INFO  c.a.n.c.r.client - [printIfInfoEnabled,60] - [3d489b5a-16fc-44fd-bb46-212f91dc945a] Registry connection listener to current client:com.alibaba.nacos.client.naming.remote.gprc.redo.NamingGrpcRedoService
01:00:10.845 [main] INFO  c.a.n.c.r.client - [printIfInfoEnabled,60] - [3d489b5a-16fc-44fd-bb46-212f91dc945a] Register server push request handler:com.alibaba.nacos.client.naming.remote.gprc.NamingPushRequestHandler
01:00:10.845 [main] INFO  c.a.n.c.r.client - [printIfInfoEnabled,60] - [3d489b5a-16fc-44fd-bb46-212f91dc945a] Try to connect to server on start up, server: {serverIp = '127.0.0.1', server main port = 8848}
01:00:10.963 [main] INFO  c.a.n.c.r.client - [printIfInfoEnabled,60] - [3d489b5a-16fc-44fd-bb46-212f91dc945a] Success to connect to server [127.0.0.1:8848] on start up, connectionId = 1693414810849_127.0.0.1_60499
01:00:10.964 [com.alibaba.nacos.client.remote.worker] INFO  c.a.n.c.r.client - [printIfInfoEnabled,60] - [3d489b5a-16fc-44fd-bb46-212f91dc945a] Notify connected event to listeners.
01:00:10.966 [main] INFO  c.a.n.c.r.client - [printIfInfoEnabled,60] - [3d489b5a-16fc-44fd-bb46-212f91dc945a] Register server push request handler:com.alibaba.nacos.common.remote.client.RpcClient$ConnectResetRequestHandler
01:00:10.967 [main] INFO  c.a.n.c.r.client - [printIfInfoEnabled,60] - [3d489b5a-16fc-44fd-bb46-212f91dc945a] Register server push request handler:com.alibaba.nacos.common.remote.client.RpcClient$$Lambda$344/1788034018
01:00:10.998 [main] INFO  o.a.c.h.Http11NioProtocol - [log,173] - Starting ProtocolHandler ["http-nio-9233"]
01:00:11.016 [main] INFO  c.a.c.n.r.NacosServiceRegistry - [register,75] - nacos registry, DEFAULT_GROUP xmap-reservation 192.168.121.211:9233 register finished
01:00:11.582 [nacos-grpc-client-executor-8] INFO  c.a.n.c.r.client - [printIfInfoEnabled,60] - [3d489b5a-16fc-44fd-bb46-212f91dc945a] Receive server push request, request = NotifySubscriberRequest, requestId = 7
01:00:11.596 [nacos-grpc-client-executor-8] INFO  c.a.n.c.r.client - [printIfInfoEnabled,60] - [3d489b5a-16fc-44fd-bb46-212f91dc945a] Ack server push request, request = NotifySubscriberRequest, requestId = 7
01:00:11.861 [main] INFO  c.x.r.XmapReservationApplication - [logStarted,61] - Started XmapReservationApplication in 11.507 seconds (JVM running for 12.771)
01:00:11.867 [main] INFO  c.a.c.n.r.NacosContextRefresher - [registerNacosListener,129] - [Nacos Config] Listening config: dataId=xmap-reservation-dev.yml, group=DEFAULT_GROUP
01:00:11.868 [main] INFO  c.a.c.n.r.NacosContextRefresher - [registerNacosListener,129] - [Nacos Config] Listening config: dataId=xmap-reservation.yml, group=DEFAULT_GROUP
01:00:11.868 [main] INFO  c.a.c.n.r.NacosContextRefresher - [registerNacosListener,129] - [Nacos Config] Listening config: dataId=xmap-reservation, group=DEFAULT_GROUP
01:00:12.894 [RMI TCP Connection(2)-192.168.121.211] INFO  o.a.c.c.C.[.[.[/] - [log,173] - Initializing Spring DispatcherServlet 'dispatcherServlet'
03:28:22.673 [nacos-grpc-client-executor-938] INFO  c.a.n.c.r.client - [printIfInfoEnabled,60] - [f6c96a6c-36ee-4110-ad94-4a474fc0f21a_config-0] Receive server push request, request = ClientDetectionRequest, requestId = 26
03:28:22.674 [nacos-grpc-client-executor-940] INFO  c.a.n.c.r.client - [printIfInfoEnabled,60] - [3d489b5a-16fc-44fd-bb46-212f91dc945a] Receive server push request, request = ClientDetectionRequest, requestId = 29
03:28:22.675 [nacos-grpc-client-executor-940] INFO  c.a.n.c.r.client - [printIfInfoEnabled,60] - [3d489b5a-16fc-44fd-bb46-212f91dc945a] Ack server push request, request = ClientDetectionRequest, requestId = 29
03:28:22.675 [nacos-grpc-client-executor-938] INFO  c.a.n.c.r.client - [printIfInfoEnabled,60] - [f6c96a6c-36ee-4110-ad94-4a474fc0f21a_config-0] Ack server push request, request = ClientDetectionRequest, requestId = 26
08:26:16.769 [nacos-grpc-client-executor-1663] INFO  c.a.n.c.r.client - [printIfInfoEnabled,60] - [f6c96a6c-36ee-4110-ad94-4a474fc0f21a_config-0] Receive server push request, request = ClientDetectionRequest, requestId = 32
08:26:16.769 [nacos-grpc-client-executor-1663] INFO  c.a.n.c.r.client - [printIfInfoEnabled,60] - [f6c96a6c-36ee-4110-ad94-4a474fc0f21a_config-0] Ack server push request, request = ClientDetectionRequest, requestId = 32
08:52:22.376 [nacos-grpc-client-executor-1825] INFO  c.a.n.c.r.client - [printIfInfoEnabled,60] - [f6c96a6c-36ee-4110-ad94-4a474fc0f21a_config-0] Receive server push request, request = ClientDetectionRequest, requestId = 42
08:52:22.376 [nacos-grpc-client-executor-1825] INFO  c.a.n.c.r.client - [printIfInfoEnabled,60] - [f6c96a6c-36ee-4110-ad94-4a474fc0f21a_config-0] Ack server push request, request = ClientDetectionRequest, requestId = 42
08:58:08.438 [SpringApplicationShutdownHook] INFO  c.a.c.n.r.NacosServiceRegistry - [deregister,94] - De-registering from Nacos Server now...
08:58:08.441 [SpringApplicationShutdownHook] INFO  c.a.c.n.r.NacosServiceRegistry - [deregister,114] - De-registration finished.
08:58:08.771 [SpringApplicationShutdownHook] INFO  c.a.n.c.r.client - [shutdown,454] - Shutdown rpc client, set status to shutdown
08:58:08.772 [SpringApplicationShutdownHook] INFO  c.a.n.c.r.client - [shutdown,456] - Shutdown client event executor java.util.concurrent.ScheduledThreadPoolExecutor@d1ce11[Running, pool size = 2, active threads = 2, queued tasks = 0, completed tasks = 0]
08:58:08.772 [SpringApplicationShutdownHook] INFO  c.a.n.c.r.client - [closeConnection,591] - Close current connection 1693414810849_127.0.0.1_60499
08:58:08.774 [nacos-grpc-client-executor-1913] INFO  c.a.n.c.r.c.g.GrpcClient - [printIfInfoEnabled,60] - [1693414810849_127.0.0.1_60499]Ignore complete event,isRunning:false,isAbandon=false
08:58:08.776 [SpringApplicationShutdownHook] INFO  c.a.n.c.r.c.g.GrpcClient - [shutdown,85] - Shutdown grpc executor java.util.concurrent.ThreadPoolExecutor@3da8729d[Running, pool size = 5, active threads = 0, queued tasks = 0, completed tasks = 1914]
08:58:08.921 [SpringApplicationShutdownHook] INFO  c.b.d.d.DynamicRoutingDataSource - [destroy,211] - dynamic-datasource start closing ....
08:58:08.923 [SpringApplicationShutdownHook] INFO  c.a.d.p.DruidDataSource - [close,2138] - {dataSource-1} closing ...
08:58:08.923 [SpringApplicationShutdownHook] INFO  c.a.d.p.DruidDataSource - [close,2211] - {dataSource-1} closed
08:58:08.923 [SpringApplicationShutdownHook] INFO  c.b.d.d.DynamicRoutingDataSource - [destroy,215] - dynamic-datasource all closed success,bye
08:58:41.270 [background-preinit] INFO  o.h.v.i.util.Version - [<clinit>,21] - HV000001: Hibernate Validator 6.2.5.Final
08:58:46.484 [main] INFO  c.a.n.c.r.client - [lambda$createClient$0,80] - [RpcClientFactory] create a new rpc client of aa52f253-1184-469c-b8ad-84f8cd4464c2_config-0
08:58:46.576 [main] INFO  o.r.Reflections - [scan,232] - Reflections took 67 ms to scan 1 urls, producing 3 keys and 6 values 
08:58:46.631 [main] INFO  o.r.Reflections - [scan,232] - Reflections took 37 ms to scan 1 urls, producing 4 keys and 9 values 
08:58:46.647 [main] INFO  o.r.Reflections - [scan,232] - Reflections took 14 ms to scan 1 urls, producing 3 keys and 10 values 
08:58:46.918 [main] INFO  o.r.Reflections - [scan,232] - Reflections took 268 ms to scan 199 urls, producing 0 keys and 0 values 
08:58:46.932 [main] INFO  o.r.Reflections - [scan,232] - Reflections took 13 ms to scan 1 urls, producing 1 keys and 5 values 
08:58:46.957 [main] INFO  o.r.Reflections - [scan,232] - Reflections took 22 ms to scan 1 urls, producing 1 keys and 7 values 
08:58:46.969 [main] INFO  o.r.Reflections - [scan,232] - Reflections took 10 ms to scan 1 urls, producing 2 keys and 8 values 
08:58:47.138 [main] INFO  o.r.Reflections - [scan,232] - Reflections took 168 ms to scan 199 urls, producing 0 keys and 0 values 
08:58:47.139 [main] INFO  c.a.n.c.r.client - [printIfInfoEnabled,60] - [aa52f253-1184-469c-b8ad-84f8cd4464c2_config-0] RpcClient init label, labels = {module=config, Vipserver-Tag=null, source=sdk, Amory-Tag=null, Location-Tag=null, taskId=0, AppName=unknown}
08:58:47.139 [main] INFO  c.a.n.c.r.client - [printIfInfoEnabled,60] - [aa52f253-1184-469c-b8ad-84f8cd4464c2_config-0] Register server push request handler:com.alibaba.nacos.client.config.impl.ClientWorker$ConfigRpcTransportClient$$Lambda$334/832145584
08:58:47.140 [main] INFO  c.a.n.c.r.client - [printIfInfoEnabled,60] - [aa52f253-1184-469c-b8ad-84f8cd4464c2_config-0] Register server push request handler:com.alibaba.nacos.client.config.impl.ClientWorker$ConfigRpcTransportClient$$Lambda$335/224060798
08:58:47.140 [main] INFO  c.a.n.c.r.client - [printIfInfoEnabled,60] - [aa52f253-1184-469c-b8ad-84f8cd4464c2_config-0] Registry connection listener to current client:com.alibaba.nacos.client.config.impl.ClientWorker$ConfigRpcTransportClient$1
08:58:47.140 [main] INFO  c.a.n.c.r.client - [printIfInfoEnabled,60] - [aa52f253-1184-469c-b8ad-84f8cd4464c2_config-0] RpcClient init, ServerListFactory = com.alibaba.nacos.client.config.impl.ClientWorker$ConfigRpcTransportClient$2
08:58:47.145 [main] INFO  c.a.n.c.r.client - [printIfInfoEnabled,60] - [aa52f253-1184-469c-b8ad-84f8cd4464c2_config-0] Try to connect to server on start up, server: {serverIp = '127.0.0.1', server main port = 8848}
08:58:53.512 [main] INFO  c.a.n.c.r.client - [printIfInfoEnabled,60] - [aa52f253-1184-469c-b8ad-84f8cd4464c2_config-0] Try to connect to server on start up, server: {serverIp = '127.0.0.1', server main port = 8848}
08:58:56.516 [main] INFO  c.a.n.c.r.client - [printIfInfoEnabled,60] - [aa52f253-1184-469c-b8ad-84f8cd4464c2_config-0] Try to connect to server on start up, server: {serverIp = '127.0.0.1', server main port = 8848}
08:58:59.526 [com.alibaba.nacos.client.remote.worker] INFO  c.a.n.c.r.client - [printIfInfoEnabled,60] - [aa52f253-1184-469c-b8ad-84f8cd4464c2_config-0] Try to reconnect to a new server, server is  not appointed, will choose a random server.
08:58:59.540 [main] INFO  c.a.n.c.r.client - [printIfInfoEnabled,60] - [aa52f253-1184-469c-b8ad-84f8cd4464c2_config-0] Register server push request handler:com.alibaba.nacos.common.remote.client.RpcClient$ConnectResetRequestHandler
08:58:59.541 [main] INFO  c.a.n.c.r.client - [printIfInfoEnabled,60] - [aa52f253-1184-469c-b8ad-84f8cd4464c2_config-0] Register server push request handler:com.alibaba.nacos.common.remote.client.RpcClient$$Lambda$344/1511004956
08:59:00.915 [main] INFO  c.x.r.XmapReservationApplication - [logStartupProfileInfo,637] - The following 1 profile is active: "dev"
08:59:02.575 [com.alibaba.nacos.client.remote.worker] INFO  c.a.n.c.r.client - [printIfInfoEnabled,60] - [aa52f253-1184-469c-b8ad-84f8cd4464c2_config-0] Success to connect a server [127.0.0.1:8848], connectionId = 1693443542413_127.0.0.1_49211
08:59:02.575 [com.alibaba.nacos.client.remote.worker] INFO  c.a.n.c.r.client - [printIfInfoEnabled,60] - [aa52f253-1184-469c-b8ad-84f8cd4464c2_config-0] Notify connected event to listeners.
08:59:02.974 [main] INFO  o.a.c.h.Http11NioProtocol - [log,173] - Initializing ProtocolHandler ["http-nio-9233"]
08:59:02.974 [main] INFO  o.a.c.c.StandardService - [log,173] - Starting service [Tomcat]
08:59:02.975 [main] INFO  o.a.c.c.StandardEngine - [log,173] - Starting Servlet engine: [Apache Tomcat/9.0.70]
08:59:03.147 [main] INFO  o.a.c.c.C.[.[.[/] - [log,173] - Initializing Spring embedded WebApplicationContext
08:59:10.581 [main] INFO  c.a.d.p.DruidDataSource - [init,996] - {dataSource-1,master} inited
08:59:10.582 [main] INFO  c.b.d.d.DynamicRoutingDataSource - [addDataSource,154] - dynamic-datasource - add a datasource named [master] success
08:59:10.582 [main] INFO  c.b.d.d.DynamicRoutingDataSource - [afterPropertiesSet,234] - dynamic-datasource initial loaded [1] datasource,primary datasource named [master]
08:59:12.088 [main] INFO  c.a.c.s.SentinelWebMvcConfigurer - [addInterceptors,52] - [Sentinel Starter] register SentinelWebInterceptor with urlPatterns: [/**].
08:59:22.759 [main] INFO  c.a.n.c.r.client - [lambda$createClient$0,80] - [RpcClientFactory] create a new rpc client of c0fc1fae-f01c-4c02-9bea-cf4ba35ea723
08:59:22.759 [main] INFO  c.a.n.c.r.client - [printIfInfoEnabled,60] - [c0fc1fae-f01c-4c02-9bea-cf4ba35ea723] RpcClient init label, labels = {module=naming, source=sdk}
08:59:22.761 [main] INFO  c.a.n.c.r.client - [printIfInfoEnabled,60] - [c0fc1fae-f01c-4c02-9bea-cf4ba35ea723] RpcClient init, ServerListFactory = com.alibaba.nacos.client.naming.core.ServerListManager
08:59:22.761 [main] INFO  c.a.n.c.r.client - [printIfInfoEnabled,60] - [c0fc1fae-f01c-4c02-9bea-cf4ba35ea723] Registry connection listener to current client:com.alibaba.nacos.client.naming.remote.gprc.redo.NamingGrpcRedoService
08:59:22.762 [main] INFO  c.a.n.c.r.client - [printIfInfoEnabled,60] - [c0fc1fae-f01c-4c02-9bea-cf4ba35ea723] Register server push request handler:com.alibaba.nacos.client.naming.remote.gprc.NamingPushRequestHandler
08:59:22.762 [main] INFO  c.a.n.c.r.client - [printIfInfoEnabled,60] - [c0fc1fae-f01c-4c02-9bea-cf4ba35ea723] Try to connect to server on start up, server: {serverIp = '127.0.0.1', server main port = 8848}
08:59:22.886 [main] INFO  c.a.n.c.r.client - [printIfInfoEnabled,60] - [c0fc1fae-f01c-4c02-9bea-cf4ba35ea723] Success to connect to server [127.0.0.1:8848] on start up, connectionId = 1693443562768_127.0.0.1_49691
08:59:22.886 [main] INFO  c.a.n.c.r.client - [printIfInfoEnabled,60] - [c0fc1fae-f01c-4c02-9bea-cf4ba35ea723] Register server push request handler:com.alibaba.nacos.common.remote.client.RpcClient$ConnectResetRequestHandler
08:59:22.886 [com.alibaba.nacos.client.remote.worker] INFO  c.a.n.c.r.client - [printIfInfoEnabled,60] - [c0fc1fae-f01c-4c02-9bea-cf4ba35ea723] Notify connected event to listeners.
08:59:22.886 [main] INFO  c.a.n.c.r.client - [printIfInfoEnabled,60] - [c0fc1fae-f01c-4c02-9bea-cf4ba35ea723] Register server push request handler:com.alibaba.nacos.common.remote.client.RpcClient$$Lambda$344/1511004956
08:59:22.907 [main] INFO  o.a.c.h.Http11NioProtocol - [log,173] - Starting ProtocolHandler ["http-nio-9233"]
08:59:22.922 [main] INFO  c.a.c.n.r.NacosServiceRegistry - [register,75] - nacos registry, DEFAULT_GROUP xmap-reservation 192.168.33.106:9233 register finished
08:59:23.425 [nacos-grpc-client-executor-6] INFO  c.a.n.c.r.client - [printIfInfoEnabled,60] - [c0fc1fae-f01c-4c02-9bea-cf4ba35ea723] Receive server push request, request = NotifySubscriberRequest, requestId = 54
08:59:23.428 [nacos-grpc-client-executor-6] INFO  c.a.n.c.r.client - [printIfInfoEnabled,60] - [c0fc1fae-f01c-4c02-9bea-cf4ba35ea723] Ack server push request, request = NotifySubscriberRequest, requestId = 54
08:59:25.508 [main] INFO  c.x.r.XmapReservationApplication - [logStarted,61] - Started XmapReservationApplication in 50.374 seconds (JVM running for 54.971)
08:59:25.515 [main] INFO  c.a.c.n.r.NacosContextRefresher - [registerNacosListener,129] - [Nacos Config] Listening config: dataId=xmap-reservation-dev.yml, group=DEFAULT_GROUP
08:59:25.516 [main] INFO  c.a.c.n.r.NacosContextRefresher - [registerNacosListener,129] - [Nacos Config] Listening config: dataId=xmap-reservation.yml, group=DEFAULT_GROUP
08:59:25.516 [main] INFO  c.a.c.n.r.NacosContextRefresher - [registerNacosListener,129] - [Nacos Config] Listening config: dataId=xmap-reservation, group=DEFAULT_GROUP
08:59:26.375 [RMI TCP Connection(5)-192.168.33.106] INFO  o.a.c.c.C.[.[.[/] - [log,173] - Initializing Spring DispatcherServlet 'dispatcherServlet'
