19:43:07.663 [background-preinit] INFO  o.h.v.i.util.Version - [<clinit>,21] - HV000001: Hibernate Validator 6.2.5.Final
19:43:09.019 [main] INFO  c.a.n.c.r.client - [lambda$createClient$0,80] - [RpcClientFactory] create a new rpc client of b34ca38e-964a-42e6-a045-32f2d17500a0_config-0
19:43:09.051 [main] INFO  o.r.Reflections - [scan,232] - Reflections took 20 ms to scan 1 urls, producing 3 keys and 6 values 
19:43:09.070 [main] INFO  o.r.Reflections - [scan,232] - Reflections took 7 ms to scan 1 urls, producing 4 keys and 9 values 
19:43:09.080 [main] INFO  o.r.Reflections - [scan,232] - Reflections took 8 ms to scan 1 urls, producing 3 keys and 10 values 
19:43:09.199 [main] INFO  o.r.Reflections - [scan,232] - Reflections took 117 ms to scan 199 urls, producing 0 keys and 0 values 
19:43:09.206 [main] INFO  o.r.Reflections - [scan,232] - Reflections took 6 ms to scan 1 urls, producing 1 keys and 5 values 
19:43:09.214 [main] INFO  o.r.Reflections - [scan,232] - Reflections took 7 ms to scan 1 urls, producing 1 keys and 7 values 
19:43:09.223 [main] INFO  o.r.Reflections - [scan,232] - Reflections took 8 ms to scan 1 urls, producing 2 keys and 8 values 
19:43:09.315 [main] INFO  o.r.Reflections - [scan,232] - Reflections took 90 ms to scan 199 urls, producing 0 keys and 0 values 
19:43:09.316 [main] INFO  c.a.n.c.r.client - [printIfInfoEnabled,60] - [b34ca38e-964a-42e6-a045-32f2d17500a0_config-0] RpcClient init label, labels = {module=config, Vipserver-Tag=null, source=sdk, Amory-Tag=null, Location-Tag=null, taskId=0, AppName=unknown}
19:43:09.316 [main] INFO  c.a.n.c.r.client - [printIfInfoEnabled,60] - [b34ca38e-964a-42e6-a045-32f2d17500a0_config-0] Register server push request handler:com.alibaba.nacos.client.config.impl.ClientWorker$ConfigRpcTransportClient$$Lambda$334/832145584
19:43:09.316 [main] INFO  c.a.n.c.r.client - [printIfInfoEnabled,60] - [b34ca38e-964a-42e6-a045-32f2d17500a0_config-0] Register server push request handler:com.alibaba.nacos.client.config.impl.ClientWorker$ConfigRpcTransportClient$$Lambda$335/224060798
19:43:09.317 [main] INFO  c.a.n.c.r.client - [printIfInfoEnabled,60] - [b34ca38e-964a-42e6-a045-32f2d17500a0_config-0] Registry connection listener to current client:com.alibaba.nacos.client.config.impl.ClientWorker$ConfigRpcTransportClient$1
19:43:09.317 [main] INFO  c.a.n.c.r.client - [printIfInfoEnabled,60] - [b34ca38e-964a-42e6-a045-32f2d17500a0_config-0] RpcClient init, ServerListFactory = com.alibaba.nacos.client.config.impl.ClientWorker$ConfigRpcTransportClient$2
19:43:09.322 [main] INFO  c.a.n.c.r.client - [printIfInfoEnabled,60] - [b34ca38e-964a-42e6-a045-32f2d17500a0_config-0] Try to connect to server on start up, server: {serverIp = '127.0.0.1', server main port = 8848}
19:43:11.978 [main] INFO  c.a.n.c.r.client - [printIfInfoEnabled,60] - [b34ca38e-964a-42e6-a045-32f2d17500a0_config-0] Success to connect to server [127.0.0.1:8848] on start up, connectionId = 1689766991755_127.0.0.1_55512
19:43:11.979 [com.alibaba.nacos.client.remote.worker] INFO  c.a.n.c.r.client - [printIfInfoEnabled,60] - [b34ca38e-964a-42e6-a045-32f2d17500a0_config-0] Notify connected event to listeners.
19:43:11.980 [main] INFO  c.a.n.c.r.client - [printIfInfoEnabled,60] - [b34ca38e-964a-42e6-a045-32f2d17500a0_config-0] Register server push request handler:com.alibaba.nacos.common.remote.client.RpcClient$ConnectResetRequestHandler
19:43:11.982 [main] INFO  c.a.n.c.r.client - [printIfInfoEnabled,60] - [b34ca38e-964a-42e6-a045-32f2d17500a0_config-0] Register server push request handler:com.alibaba.nacos.common.remote.client.RpcClient$$Lambda$344/1788034018
19:43:12.072 [main] INFO  c.x.r.XmapReservationApplication - [logStartupProfileInfo,637] - The following 1 profile is active: "dev"
19:43:13.744 [main] INFO  o.a.c.h.Http11NioProtocol - [log,173] - Initializing ProtocolHandler ["http-nio-9213"]
19:43:13.745 [main] INFO  o.a.c.c.StandardService - [log,173] - Starting service [Tomcat]
19:43:13.745 [main] INFO  o.a.c.c.StandardEngine - [log,173] - Starting Servlet engine: [Apache Tomcat/9.0.70]
19:43:13.890 [main] INFO  o.a.c.c.C.[.[.[/] - [log,173] - Initializing Spring embedded WebApplicationContext
19:43:14.922 [main] INFO  c.a.d.p.DruidDataSource - [init,996] - {dataSource-1,master} inited
19:43:14.923 [main] INFO  c.b.d.d.DynamicRoutingDataSource - [addDataSource,154] - dynamic-datasource - add a datasource named [master] success
19:43:14.923 [main] INFO  c.b.d.d.DynamicRoutingDataSource - [afterPropertiesSet,234] - dynamic-datasource initial loaded [1] datasource,primary datasource named [master]
19:43:15.697 [main] INFO  c.a.c.s.SentinelWebMvcConfigurer - [addInterceptors,52] - [Sentinel Starter] register SentinelWebInterceptor with urlPatterns: [/**].
19:43:18.658 [main] INFO  c.a.n.c.r.client - [lambda$createClient$0,80] - [RpcClientFactory] create a new rpc client of 029b8651-97da-4112-941f-95415ef63d5d
19:43:18.658 [main] INFO  c.a.n.c.r.client - [printIfInfoEnabled,60] - [029b8651-97da-4112-941f-95415ef63d5d] RpcClient init label, labels = {module=naming, source=sdk}
19:43:18.660 [main] INFO  c.a.n.c.r.client - [printIfInfoEnabled,60] - [029b8651-97da-4112-941f-95415ef63d5d] RpcClient init, ServerListFactory = com.alibaba.nacos.client.naming.core.ServerListManager
19:43:18.660 [main] INFO  c.a.n.c.r.client - [printIfInfoEnabled,60] - [029b8651-97da-4112-941f-95415ef63d5d] Registry connection listener to current client:com.alibaba.nacos.client.naming.remote.gprc.redo.NamingGrpcRedoService
19:43:18.660 [main] INFO  c.a.n.c.r.client - [printIfInfoEnabled,60] - [029b8651-97da-4112-941f-95415ef63d5d] Register server push request handler:com.alibaba.nacos.client.naming.remote.gprc.NamingPushRequestHandler
19:43:18.660 [main] INFO  c.a.n.c.r.client - [printIfInfoEnabled,60] - [029b8651-97da-4112-941f-95415ef63d5d] Try to connect to server on start up, server: {serverIp = '127.0.0.1', server main port = 8848}
19:43:18.787 [main] INFO  c.a.n.c.r.client - [printIfInfoEnabled,60] - [029b8651-97da-4112-941f-95415ef63d5d] Success to connect to server [127.0.0.1:8848] on start up, connectionId = 1689766998671_127.0.0.1_55528
19:43:18.787 [main] INFO  c.a.n.c.r.client - [printIfInfoEnabled,60] - [029b8651-97da-4112-941f-95415ef63d5d] Register server push request handler:com.alibaba.nacos.common.remote.client.RpcClient$ConnectResetRequestHandler
19:43:18.787 [com.alibaba.nacos.client.remote.worker] INFO  c.a.n.c.r.client - [printIfInfoEnabled,60] - [029b8651-97da-4112-941f-95415ef63d5d] Notify connected event to listeners.
19:43:18.787 [main] INFO  c.a.n.c.r.client - [printIfInfoEnabled,60] - [029b8651-97da-4112-941f-95415ef63d5d] Register server push request handler:com.alibaba.nacos.common.remote.client.RpcClient$$Lambda$344/1788034018
19:43:18.814 [main] INFO  o.a.c.h.Http11NioProtocol - [log,173] - Starting ProtocolHandler ["http-nio-9213"]
19:43:18.835 [main] INFO  c.a.c.n.r.NacosServiceRegistry - [register,75] - nacos registry, DEFAULT_GROUP xmap-reservation 10.100.4.8:9213 register finished
19:43:19.384 [nacos-grpc-client-executor-9] INFO  c.a.n.c.r.client - [printIfInfoEnabled,60] - [029b8651-97da-4112-941f-95415ef63d5d] Receive server push request, request = NotifySubscriberRequest, requestId = 19
19:43:19.389 [nacos-grpc-client-executor-9] INFO  c.a.n.c.r.client - [printIfInfoEnabled,60] - [029b8651-97da-4112-941f-95415ef63d5d] Ack server push request, request = NotifySubscriberRequest, requestId = 19
19:43:19.910 [main] INFO  c.x.r.XmapReservationApplication - [logStarted,61] - Started XmapReservationApplication in 13.475 seconds (JVM running for 14.811)
19:43:19.918 [main] INFO  c.a.c.n.r.NacosContextRefresher - [registerNacosListener,129] - [Nacos Config] Listening config: dataId=xmap-reservation-dev.yml, group=DEFAULT_GROUP
19:43:19.918 [main] INFO  c.a.c.n.r.NacosContextRefresher - [registerNacosListener,129] - [Nacos Config] Listening config: dataId=xmap-reservation.yml, group=DEFAULT_GROUP
19:43:19.918 [main] INFO  c.a.c.n.r.NacosContextRefresher - [registerNacosListener,129] - [Nacos Config] Listening config: dataId=xmap-reservation, group=DEFAULT_GROUP
19:43:21.615 [RMI TCP Connection(5)-10.100.4.8] INFO  o.a.c.c.C.[.[.[/] - [log,173] - Initializing Spring DispatcherServlet 'dispatcherServlet'
19:43:37.050 [SpringApplicationShutdownHook] INFO  c.a.c.n.r.NacosServiceRegistry - [deregister,94] - De-registering from Nacos Server now...
19:43:37.055 [SpringApplicationShutdownHook] INFO  c.a.c.n.r.NacosServiceRegistry - [deregister,114] - De-registration finished.
19:43:37.388 [SpringApplicationShutdownHook] INFO  c.a.n.c.r.client - [shutdown,454] - Shutdown rpc client, set status to shutdown
19:43:37.388 [SpringApplicationShutdownHook] INFO  c.a.n.c.r.client - [shutdown,456] - Shutdown client event executor java.util.concurrent.ScheduledThreadPoolExecutor@1e11f78a[Running, pool size = 2, active threads = 2, queued tasks = 0, completed tasks = 0]
19:43:37.388 [SpringApplicationShutdownHook] INFO  c.a.n.c.r.client - [closeConnection,591] - Close current connection 1689766998671_127.0.0.1_55528
19:43:37.391 [SpringApplicationShutdownHook] INFO  c.a.n.c.r.c.g.GrpcClient - [shutdown,85] - Shutdown grpc executor java.util.concurrent.ThreadPoolExecutor@2a99c873[Running, pool size = 4, active threads = 0, queued tasks = 0, completed tasks = 16]
19:43:37.540 [SpringApplicationShutdownHook] INFO  c.b.d.d.DynamicRoutingDataSource - [destroy,211] - dynamic-datasource start closing ....
19:43:37.542 [SpringApplicationShutdownHook] INFO  c.a.d.p.DruidDataSource - [close,2138] - {dataSource-1} closing ...
19:43:37.547 [SpringApplicationShutdownHook] INFO  c.a.d.p.DruidDataSource - [close,2211] - {dataSource-1} closed
19:43:37.547 [SpringApplicationShutdownHook] INFO  c.b.d.d.DynamicRoutingDataSource - [destroy,215] - dynamic-datasource all closed success,bye
19:43:41.844 [background-preinit] INFO  o.h.v.i.util.Version - [<clinit>,21] - HV000001: Hibernate Validator 6.2.5.Final
19:43:43.133 [main] INFO  c.a.n.c.r.client - [lambda$createClient$0,80] - [RpcClientFactory] create a new rpc client of 6249fd2c-a153-4e54-8dd0-e6477cf68ab6_config-0
19:43:43.159 [main] INFO  o.r.Reflections - [scan,232] - Reflections took 16 ms to scan 1 urls, producing 3 keys and 6 values 
19:43:43.174 [main] INFO  o.r.Reflections - [scan,232] - Reflections took 8 ms to scan 1 urls, producing 4 keys and 9 values 
19:43:43.182 [main] INFO  o.r.Reflections - [scan,232] - Reflections took 6 ms to scan 1 urls, producing 3 keys and 10 values 
19:43:43.305 [main] INFO  o.r.Reflections - [scan,232] - Reflections took 121 ms to scan 199 urls, producing 0 keys and 0 values 
19:43:43.312 [main] INFO  o.r.Reflections - [scan,232] - Reflections took 5 ms to scan 1 urls, producing 1 keys and 5 values 
19:43:43.319 [main] INFO  o.r.Reflections - [scan,232] - Reflections took 6 ms to scan 1 urls, producing 1 keys and 7 values 
19:43:43.328 [main] INFO  o.r.Reflections - [scan,232] - Reflections took 7 ms to scan 1 urls, producing 2 keys and 8 values 
19:43:43.432 [main] INFO  o.r.Reflections - [scan,232] - Reflections took 103 ms to scan 199 urls, producing 0 keys and 0 values 
19:43:43.433 [main] INFO  c.a.n.c.r.client - [printIfInfoEnabled,60] - [6249fd2c-a153-4e54-8dd0-e6477cf68ab6_config-0] RpcClient init label, labels = {module=config, Vipserver-Tag=null, source=sdk, Amory-Tag=null, Location-Tag=null, taskId=0, AppName=unknown}
19:43:43.434 [main] INFO  c.a.n.c.r.client - [printIfInfoEnabled,60] - [6249fd2c-a153-4e54-8dd0-e6477cf68ab6_config-0] Register server push request handler:com.alibaba.nacos.client.config.impl.ClientWorker$ConfigRpcTransportClient$$Lambda$334/832145584
19:43:43.434 [main] INFO  c.a.n.c.r.client - [printIfInfoEnabled,60] - [6249fd2c-a153-4e54-8dd0-e6477cf68ab6_config-0] Register server push request handler:com.alibaba.nacos.client.config.impl.ClientWorker$ConfigRpcTransportClient$$Lambda$335/224060798
19:43:43.435 [main] INFO  c.a.n.c.r.client - [printIfInfoEnabled,60] - [6249fd2c-a153-4e54-8dd0-e6477cf68ab6_config-0] Registry connection listener to current client:com.alibaba.nacos.client.config.impl.ClientWorker$ConfigRpcTransportClient$1
19:43:43.435 [main] INFO  c.a.n.c.r.client - [printIfInfoEnabled,60] - [6249fd2c-a153-4e54-8dd0-e6477cf68ab6_config-0] RpcClient init, ServerListFactory = com.alibaba.nacos.client.config.impl.ClientWorker$ConfigRpcTransportClient$2
19:43:43.440 [main] INFO  c.a.n.c.r.client - [printIfInfoEnabled,60] - [6249fd2c-a153-4e54-8dd0-e6477cf68ab6_config-0] Try to connect to server on start up, server: {serverIp = '127.0.0.1', server main port = 8848}
19:43:45.855 [main] INFO  c.a.n.c.r.client - [printIfInfoEnabled,60] - [6249fd2c-a153-4e54-8dd0-e6477cf68ab6_config-0] Success to connect to server [127.0.0.1:8848] on start up, connectionId = 1689767025624_127.0.0.1_55689
19:43:45.856 [com.alibaba.nacos.client.remote.worker] INFO  c.a.n.c.r.client - [printIfInfoEnabled,60] - [6249fd2c-a153-4e54-8dd0-e6477cf68ab6_config-0] Notify connected event to listeners.
19:43:45.856 [main] INFO  c.a.n.c.r.client - [printIfInfoEnabled,60] - [6249fd2c-a153-4e54-8dd0-e6477cf68ab6_config-0] Register server push request handler:com.alibaba.nacos.common.remote.client.RpcClient$ConnectResetRequestHandler
19:43:45.857 [main] INFO  c.a.n.c.r.client - [printIfInfoEnabled,60] - [6249fd2c-a153-4e54-8dd0-e6477cf68ab6_config-0] Register server push request handler:com.alibaba.nacos.common.remote.client.RpcClient$$Lambda$344/1788034018
19:43:45.958 [main] INFO  c.x.r.XmapReservationApplication - [logStartupProfileInfo,637] - The following 1 profile is active: "dev"
19:43:47.487 [main] INFO  o.a.c.h.Http11NioProtocol - [log,173] - Initializing ProtocolHandler ["http-nio-9233"]
19:43:47.487 [main] INFO  o.a.c.c.StandardService - [log,173] - Starting service [Tomcat]
19:43:47.488 [main] INFO  o.a.c.c.StandardEngine - [log,173] - Starting Servlet engine: [Apache Tomcat/9.0.70]
19:43:47.618 [main] INFO  o.a.c.c.C.[.[.[/] - [log,173] - Initializing Spring embedded WebApplicationContext
19:43:48.569 [main] INFO  c.a.d.p.DruidDataSource - [init,996] - {dataSource-1,master} inited
19:43:48.570 [main] INFO  c.b.d.d.DynamicRoutingDataSource - [addDataSource,154] - dynamic-datasource - add a datasource named [master] success
19:43:48.571 [main] INFO  c.b.d.d.DynamicRoutingDataSource - [afterPropertiesSet,234] - dynamic-datasource initial loaded [1] datasource,primary datasource named [master]
19:43:49.421 [main] INFO  c.a.c.s.SentinelWebMvcConfigurer - [addInterceptors,52] - [Sentinel Starter] register SentinelWebInterceptor with urlPatterns: [/**].
19:43:52.337 [main] INFO  c.a.n.c.r.client - [lambda$createClient$0,80] - [RpcClientFactory] create a new rpc client of 9b4cd5df-b48d-4574-8c83-4058bad2c5c7
19:43:52.337 [main] INFO  c.a.n.c.r.client - [printIfInfoEnabled,60] - [9b4cd5df-b48d-4574-8c83-4058bad2c5c7] RpcClient init label, labels = {module=naming, source=sdk}
19:43:52.340 [main] INFO  c.a.n.c.r.client - [printIfInfoEnabled,60] - [9b4cd5df-b48d-4574-8c83-4058bad2c5c7] RpcClient init, ServerListFactory = com.alibaba.nacos.client.naming.core.ServerListManager
19:43:52.340 [main] INFO  c.a.n.c.r.client - [printIfInfoEnabled,60] - [9b4cd5df-b48d-4574-8c83-4058bad2c5c7] Registry connection listener to current client:com.alibaba.nacos.client.naming.remote.gprc.redo.NamingGrpcRedoService
19:43:52.340 [main] INFO  c.a.n.c.r.client - [printIfInfoEnabled,60] - [9b4cd5df-b48d-4574-8c83-4058bad2c5c7] Register server push request handler:com.alibaba.nacos.client.naming.remote.gprc.NamingPushRequestHandler
19:43:52.340 [main] INFO  c.a.n.c.r.client - [printIfInfoEnabled,60] - [9b4cd5df-b48d-4574-8c83-4058bad2c5c7] Try to connect to server on start up, server: {serverIp = '127.0.0.1', server main port = 8848}
19:43:52.455 [main] INFO  c.a.n.c.r.client - [printIfInfoEnabled,60] - [9b4cd5df-b48d-4574-8c83-4058bad2c5c7] Success to connect to server [127.0.0.1:8848] on start up, connectionId = 1689767032349_127.0.0.1_62865
19:43:52.456 [com.alibaba.nacos.client.remote.worker] INFO  c.a.n.c.r.client - [printIfInfoEnabled,60] - [9b4cd5df-b48d-4574-8c83-4058bad2c5c7] Notify connected event to listeners.
19:43:52.456 [main] INFO  c.a.n.c.r.client - [printIfInfoEnabled,60] - [9b4cd5df-b48d-4574-8c83-4058bad2c5c7] Register server push request handler:com.alibaba.nacos.common.remote.client.RpcClient$ConnectResetRequestHandler
19:43:52.457 [main] INFO  c.a.n.c.r.client - [printIfInfoEnabled,60] - [9b4cd5df-b48d-4574-8c83-4058bad2c5c7] Register server push request handler:com.alibaba.nacos.common.remote.client.RpcClient$$Lambda$344/1788034018
19:43:52.517 [main] INFO  o.a.c.h.Http11NioProtocol - [log,173] - Starting ProtocolHandler ["http-nio-9233"]
19:43:52.537 [main] INFO  c.a.c.n.r.NacosServiceRegistry - [register,75] - nacos registry, DEFAULT_GROUP xmap-reservation 10.100.4.8:9233 register finished
19:43:53.062 [nacos-grpc-client-executor-7] INFO  c.a.n.c.r.client - [printIfInfoEnabled,60] - [9b4cd5df-b48d-4574-8c83-4058bad2c5c7] Receive server push request, request = NotifySubscriberRequest, requestId = 22
19:43:53.065 [nacos-grpc-client-executor-7] INFO  c.a.n.c.r.client - [printIfInfoEnabled,60] - [9b4cd5df-b48d-4574-8c83-4058bad2c5c7] Ack server push request, request = NotifySubscriberRequest, requestId = 22
19:43:53.488 [main] INFO  c.x.r.XmapReservationApplication - [logStarted,61] - Started XmapReservationApplication in 13.03 seconds (JVM running for 14.178)
19:43:53.496 [main] INFO  c.a.c.n.r.NacosContextRefresher - [registerNacosListener,129] - [Nacos Config] Listening config: dataId=xmap-reservation-dev.yml, group=DEFAULT_GROUP
19:43:53.497 [main] INFO  c.a.c.n.r.NacosContextRefresher - [registerNacosListener,129] - [Nacos Config] Listening config: dataId=xmap-reservation.yml, group=DEFAULT_GROUP
19:43:53.497 [main] INFO  c.a.c.n.r.NacosContextRefresher - [registerNacosListener,129] - [Nacos Config] Listening config: dataId=xmap-reservation, group=DEFAULT_GROUP
19:43:54.784 [RMI TCP Connection(7)-10.100.4.8] INFO  o.a.c.c.C.[.[.[/] - [log,173] - Initializing Spring DispatcherServlet 'dispatcherServlet'
19:45:04.230 [nacos-grpc-client-executor-30] INFO  c.a.n.c.r.client - [printIfInfoEnabled,60] - [9b4cd5df-b48d-4574-8c83-4058bad2c5c7] Receive server push request, request = NotifySubscriberRequest, requestId = 24
19:45:04.231 [nacos-grpc-client-executor-30] INFO  c.a.n.c.r.client - [printIfInfoEnabled,60] - [9b4cd5df-b48d-4574-8c83-4058bad2c5c7] Ack server push request, request = NotifySubscriberRequest, requestId = 24
20:08:42.610 [SpringApplicationShutdownHook] INFO  c.a.c.n.r.NacosServiceRegistry - [deregister,94] - De-registering from Nacos Server now...
20:08:42.611 [SpringApplicationShutdownHook] INFO  c.a.c.n.r.NacosServiceRegistry - [deregister,114] - De-registration finished.
20:08:42.932 [SpringApplicationShutdownHook] INFO  c.a.n.c.r.client - [shutdown,454] - Shutdown rpc client, set status to shutdown
20:08:42.932 [SpringApplicationShutdownHook] INFO  c.a.n.c.r.client - [shutdown,456] - Shutdown client event executor java.util.concurrent.ScheduledThreadPoolExecutor@326a14af[Running, pool size = 2, active threads = 2, queued tasks = 0, completed tasks = 0]
20:08:42.932 [SpringApplicationShutdownHook] INFO  c.a.n.c.r.client - [closeConnection,591] - Close current connection 1689767032349_127.0.0.1_62865
20:08:42.935 [SpringApplicationShutdownHook] INFO  c.a.n.c.r.c.g.GrpcClient - [shutdown,85] - Shutdown grpc executor java.util.concurrent.ThreadPoolExecutor@2ea87334[Running, pool size = 4, active threads = 0, queued tasks = 0, completed tasks = 330]
20:08:43.079 [SpringApplicationShutdownHook] INFO  c.b.d.d.DynamicRoutingDataSource - [destroy,211] - dynamic-datasource start closing ....
20:08:43.083 [SpringApplicationShutdownHook] INFO  c.a.d.p.DruidDataSource - [close,2138] - {dataSource-1} closing ...
20:08:43.095 [SpringApplicationShutdownHook] INFO  c.a.d.p.DruidDataSource - [close,2211] - {dataSource-1} closed
20:08:43.095 [SpringApplicationShutdownHook] INFO  c.b.d.d.DynamicRoutingDataSource - [destroy,215] - dynamic-datasource all closed success,bye
20:08:52.621 [background-preinit] INFO  o.h.v.i.util.Version - [<clinit>,21] - HV000001: Hibernate Validator 6.2.5.Final
20:08:53.974 [main] INFO  c.a.n.c.r.client - [lambda$createClient$0,80] - [RpcClientFactory] create a new rpc client of ccfaab3e-4188-4611-bfe4-0d4f2c975d38_config-0
20:08:54.017 [main] INFO  o.r.Reflections - [scan,232] - Reflections took 29 ms to scan 1 urls, producing 3 keys and 6 values 
20:08:54.045 [main] INFO  o.r.Reflections - [scan,232] - Reflections took 13 ms to scan 1 urls, producing 4 keys and 9 values 
20:08:54.055 [main] INFO  o.r.Reflections - [scan,232] - Reflections took 8 ms to scan 1 urls, producing 3 keys and 10 values 
20:08:54.213 [main] INFO  o.r.Reflections - [scan,232] - Reflections took 153 ms to scan 199 urls, producing 0 keys and 0 values 
20:08:54.219 [main] INFO  o.r.Reflections - [scan,232] - Reflections took 6 ms to scan 1 urls, producing 1 keys and 5 values 
20:08:54.228 [main] INFO  o.r.Reflections - [scan,232] - Reflections took 6 ms to scan 1 urls, producing 1 keys and 7 values 
20:08:54.235 [main] INFO  o.r.Reflections - [scan,232] - Reflections took 6 ms to scan 1 urls, producing 2 keys and 8 values 
20:08:54.329 [main] INFO  o.r.Reflections - [scan,232] - Reflections took 93 ms to scan 199 urls, producing 0 keys and 0 values 
20:08:54.330 [main] INFO  c.a.n.c.r.client - [printIfInfoEnabled,60] - [ccfaab3e-4188-4611-bfe4-0d4f2c975d38_config-0] RpcClient init label, labels = {module=config, Vipserver-Tag=null, source=sdk, Amory-Tag=null, Location-Tag=null, taskId=0, AppName=unknown}
20:08:54.331 [main] INFO  c.a.n.c.r.client - [printIfInfoEnabled,60] - [ccfaab3e-4188-4611-bfe4-0d4f2c975d38_config-0] Register server push request handler:com.alibaba.nacos.client.config.impl.ClientWorker$ConfigRpcTransportClient$$Lambda$334/2116299597
20:08:54.331 [main] INFO  c.a.n.c.r.client - [printIfInfoEnabled,60] - [ccfaab3e-4188-4611-bfe4-0d4f2c975d38_config-0] Register server push request handler:com.alibaba.nacos.client.config.impl.ClientWorker$ConfigRpcTransportClient$$Lambda$335/50720817
20:08:54.331 [main] INFO  c.a.n.c.r.client - [printIfInfoEnabled,60] - [ccfaab3e-4188-4611-bfe4-0d4f2c975d38_config-0] Registry connection listener to current client:com.alibaba.nacos.client.config.impl.ClientWorker$ConfigRpcTransportClient$1
20:08:54.332 [main] INFO  c.a.n.c.r.client - [printIfInfoEnabled,60] - [ccfaab3e-4188-4611-bfe4-0d4f2c975d38_config-0] RpcClient init, ServerListFactory = com.alibaba.nacos.client.config.impl.ClientWorker$ConfigRpcTransportClient$2
20:08:54.336 [main] INFO  c.a.n.c.r.client - [printIfInfoEnabled,60] - [ccfaab3e-4188-4611-bfe4-0d4f2c975d38_config-0] Try to connect to server on start up, server: {serverIp = '127.0.0.1', server main port = 8848}
20:08:56.831 [main] INFO  c.a.n.c.r.client - [printIfInfoEnabled,60] - [ccfaab3e-4188-4611-bfe4-0d4f2c975d38_config-0] Success to connect to server [127.0.0.1:8848] on start up, connectionId = 1689768536597_127.0.0.1_57358
20:08:56.832 [com.alibaba.nacos.client.remote.worker] INFO  c.a.n.c.r.client - [printIfInfoEnabled,60] - [ccfaab3e-4188-4611-bfe4-0d4f2c975d38_config-0] Notify connected event to listeners.
20:08:56.833 [main] INFO  c.a.n.c.r.client - [printIfInfoEnabled,60] - [ccfaab3e-4188-4611-bfe4-0d4f2c975d38_config-0] Register server push request handler:com.alibaba.nacos.common.remote.client.RpcClient$ConnectResetRequestHandler
20:08:56.833 [main] INFO  c.a.n.c.r.client - [printIfInfoEnabled,60] - [ccfaab3e-4188-4611-bfe4-0d4f2c975d38_config-0] Register server push request handler:com.alibaba.nacos.common.remote.client.RpcClient$$Lambda$344/1300576734
20:08:56.911 [main] INFO  c.x.r.XmapReservationApplication - [logStartupProfileInfo,637] - The following 1 profile is active: "dev"
20:08:58.692 [main] INFO  o.a.c.h.Http11NioProtocol - [log,173] - Initializing ProtocolHandler ["http-nio-9233"]
20:08:58.692 [main] INFO  o.a.c.c.StandardService - [log,173] - Starting service [Tomcat]
20:08:58.693 [main] INFO  o.a.c.c.StandardEngine - [log,173] - Starting Servlet engine: [Apache Tomcat/9.0.70]
20:08:58.864 [main] INFO  o.a.c.c.C.[.[.[/] - [log,173] - Initializing Spring embedded WebApplicationContext
20:08:59.806 [main] INFO  c.a.d.p.DruidDataSource - [init,996] - {dataSource-1,master} inited
20:08:59.807 [main] INFO  c.b.d.d.DynamicRoutingDataSource - [addDataSource,154] - dynamic-datasource - add a datasource named [master] success
20:08:59.807 [main] INFO  c.b.d.d.DynamicRoutingDataSource - [afterPropertiesSet,234] - dynamic-datasource initial loaded [1] datasource,primary datasource named [master]
20:09:00.819 [main] INFO  c.a.c.s.SentinelWebMvcConfigurer - [addInterceptors,52] - [Sentinel Starter] register SentinelWebInterceptor with urlPatterns: [/**].
20:09:04.633 [main] INFO  c.a.n.c.r.client - [lambda$createClient$0,80] - [RpcClientFactory] create a new rpc client of 767f5fed-cf2f-4ead-8018-d9b761dd9a7a
20:09:04.633 [main] INFO  c.a.n.c.r.client - [printIfInfoEnabled,60] - [767f5fed-cf2f-4ead-8018-d9b761dd9a7a] RpcClient init label, labels = {module=naming, source=sdk}
20:09:04.633 [main] INFO  c.a.n.c.r.client - [printIfInfoEnabled,60] - [767f5fed-cf2f-4ead-8018-d9b761dd9a7a] RpcClient init, ServerListFactory = com.alibaba.nacos.client.naming.core.ServerListManager
20:09:04.633 [main] INFO  c.a.n.c.r.client - [printIfInfoEnabled,60] - [767f5fed-cf2f-4ead-8018-d9b761dd9a7a] Registry connection listener to current client:com.alibaba.nacos.client.naming.remote.gprc.redo.NamingGrpcRedoService
20:09:04.633 [main] INFO  c.a.n.c.r.client - [printIfInfoEnabled,60] - [767f5fed-cf2f-4ead-8018-d9b761dd9a7a] Register server push request handler:com.alibaba.nacos.client.naming.remote.gprc.NamingPushRequestHandler
20:09:04.635 [main] INFO  c.a.n.c.r.client - [printIfInfoEnabled,60] - [767f5fed-cf2f-4ead-8018-d9b761dd9a7a] Try to connect to server on start up, server: {serverIp = '127.0.0.1', server main port = 8848}
20:09:04.751 [main] INFO  c.a.n.c.r.client - [printIfInfoEnabled,60] - [767f5fed-cf2f-4ead-8018-d9b761dd9a7a] Success to connect to server [127.0.0.1:8848] on start up, connectionId = 1689768544640_127.0.0.1_56299
20:09:04.752 [com.alibaba.nacos.client.remote.worker] INFO  c.a.n.c.r.client - [printIfInfoEnabled,60] - [767f5fed-cf2f-4ead-8018-d9b761dd9a7a] Notify connected event to listeners.
20:09:04.752 [main] INFO  c.a.n.c.r.client - [printIfInfoEnabled,60] - [767f5fed-cf2f-4ead-8018-d9b761dd9a7a] Register server push request handler:com.alibaba.nacos.common.remote.client.RpcClient$ConnectResetRequestHandler
20:09:04.753 [main] INFO  c.a.n.c.r.client - [printIfInfoEnabled,60] - [767f5fed-cf2f-4ead-8018-d9b761dd9a7a] Register server push request handler:com.alibaba.nacos.common.remote.client.RpcClient$$Lambda$344/1300576734
20:09:04.788 [main] INFO  o.a.c.h.Http11NioProtocol - [log,173] - Starting ProtocolHandler ["http-nio-9233"]
20:09:04.805 [main] INFO  c.a.c.n.r.NacosServiceRegistry - [register,75] - nacos registry, DEFAULT_GROUP xmap-reservation 10.100.4.8:9233 register finished
20:09:05.306 [nacos-grpc-client-executor-8] INFO  c.a.n.c.r.client - [printIfInfoEnabled,60] - [767f5fed-cf2f-4ead-8018-d9b761dd9a7a] Receive server push request, request = NotifySubscriberRequest, requestId = 26
20:09:05.311 [nacos-grpc-client-executor-8] INFO  c.a.n.c.r.client - [printIfInfoEnabled,60] - [767f5fed-cf2f-4ead-8018-d9b761dd9a7a] Ack server push request, request = NotifySubscriberRequest, requestId = 26
20:09:05.833 [main] INFO  c.x.r.XmapReservationApplication - [logStarted,61] - Started XmapReservationApplication in 14.645 seconds (JVM running for 15.777)
20:09:05.839 [main] INFO  c.a.c.n.r.NacosContextRefresher - [registerNacosListener,129] - [Nacos Config] Listening config: dataId=xmap-reservation-dev.yml, group=DEFAULT_GROUP
20:09:05.839 [main] INFO  c.a.c.n.r.NacosContextRefresher - [registerNacosListener,129] - [Nacos Config] Listening config: dataId=xmap-reservation.yml, group=DEFAULT_GROUP
20:09:05.840 [main] INFO  c.a.c.n.r.NacosContextRefresher - [registerNacosListener,129] - [Nacos Config] Listening config: dataId=xmap-reservation, group=DEFAULT_GROUP
20:09:07.509 [RMI TCP Connection(3)-10.100.4.8] INFO  o.a.c.c.C.[.[.[/] - [log,173] - Initializing Spring DispatcherServlet 'dispatcherServlet'
20:12:15.407 [nacos-grpc-client-executor-63] INFO  c.a.n.c.r.client - [printIfInfoEnabled,60] - [767f5fed-cf2f-4ead-8018-d9b761dd9a7a] Receive server push request, request = NotifySubscriberRequest, requestId = 31
20:12:15.408 [nacos-grpc-client-executor-63] INFO  c.a.n.c.r.client - [printIfInfoEnabled,60] - [767f5fed-cf2f-4ead-8018-d9b761dd9a7a] Ack server push request, request = NotifySubscriberRequest, requestId = 31
20:55:16.570 [SpringApplicationShutdownHook] INFO  c.a.c.n.r.NacosServiceRegistry - [deregister,94] - De-registering from Nacos Server now...
20:55:16.604 [SpringApplicationShutdownHook] INFO  c.a.c.n.r.NacosServiceRegistry - [deregister,114] - De-registration finished.
20:55:16.934 [SpringApplicationShutdownHook] INFO  c.a.n.c.r.client - [shutdown,454] - Shutdown rpc client, set status to shutdown
20:55:16.934 [SpringApplicationShutdownHook] INFO  c.a.n.c.r.client - [shutdown,456] - Shutdown client event executor java.util.concurrent.ScheduledThreadPoolExecutor@391858d9[Running, pool size = 2, active threads = 2, queued tasks = 0, completed tasks = 0]
20:55:16.934 [SpringApplicationShutdownHook] INFO  c.a.n.c.r.client - [closeConnection,591] - Close current connection 1689768544640_127.0.0.1_56299
20:55:16.936 [nacos-grpc-client-executor-601] INFO  c.a.n.c.r.c.g.GrpcClient - [printIfInfoEnabled,60] - [1689768544640_127.0.0.1_56299]Ignore complete event,isRunning:false,isAbandon=false
20:55:16.938 [SpringApplicationShutdownHook] INFO  c.a.n.c.r.c.g.GrpcClient - [shutdown,85] - Shutdown grpc executor java.util.concurrent.ThreadPoolExecutor@4dabe856[Running, pool size = 4, active threads = 0, queued tasks = 0, completed tasks = 602]
20:55:17.082 [SpringApplicationShutdownHook] INFO  c.b.d.d.DynamicRoutingDataSource - [destroy,211] - dynamic-datasource start closing ....
20:55:17.087 [SpringApplicationShutdownHook] INFO  c.a.d.p.DruidDataSource - [close,2138] - {dataSource-1} closing ...
20:55:17.098 [SpringApplicationShutdownHook] INFO  c.a.d.p.DruidDataSource - [close,2211] - {dataSource-1} closed
20:55:17.098 [SpringApplicationShutdownHook] INFO  c.b.d.d.DynamicRoutingDataSource - [destroy,215] - dynamic-datasource all closed success,bye
