10:13:43.884 [background-preinit] INFO  o.h.v.i.util.Version - [<clinit>,21] - HV000001: Hibernate Validator 6.2.5.Final
10:13:46.104 [main] INFO  c.a.n.c.r.client - [lambda$createClient$0,80] - [RpcClientFactory] create a new rpc client of 94d45af1-347c-4930-938c-bf483c5f61fc_config-0
10:13:46.140 [main] INFO  o.r.Reflections - [scan,232] - Reflections took 23 ms to scan 1 urls, producing 3 keys and 6 values 
10:13:46.160 [main] INFO  o.r.Reflections - [scan,232] - Reflections took 9 ms to scan 1 urls, producing 4 keys and 9 values 
10:13:46.169 [main] INFO  o.r.Reflections - [scan,232] - Reflections took 7 ms to scan 1 urls, producing 3 keys and 10 values 
10:13:46.343 [main] INFO  o.r.Reflections - [scan,232] - Reflections took 170 ms to scan 199 urls, producing 0 keys and 0 values 
10:13:46.354 [main] INFO  o.r.Reflections - [scan,232] - Reflections took 10 ms to scan 1 urls, producing 1 keys and 5 values 
10:13:46.365 [main] INFO  o.r.Reflections - [scan,232] - Reflections took 9 ms to scan 1 urls, producing 1 keys and 7 values 
10:13:46.374 [main] INFO  o.r.Reflections - [scan,232] - Reflections took 7 ms to scan 1 urls, producing 2 keys and 8 values 
10:13:46.492 [main] INFO  o.r.Reflections - [scan,232] - Reflections took 116 ms to scan 199 urls, producing 0 keys and 0 values 
10:13:46.493 [main] INFO  c.a.n.c.r.client - [printIfInfoEnabled,60] - [94d45af1-347c-4930-938c-bf483c5f61fc_config-0] RpcClient init label, labels = {module=config, Vipserver-Tag=null, source=sdk, Amory-Tag=null, Location-Tag=null, taskId=0, AppName=unknown}
10:13:46.493 [main] INFO  c.a.n.c.r.client - [printIfInfoEnabled,60] - [94d45af1-347c-4930-938c-bf483c5f61fc_config-0] Register server push request handler:com.alibaba.nacos.client.config.impl.ClientWorker$ConfigRpcTransportClient$$Lambda$334/832145584
10:13:46.493 [main] INFO  c.a.n.c.r.client - [printIfInfoEnabled,60] - [94d45af1-347c-4930-938c-bf483c5f61fc_config-0] Register server push request handler:com.alibaba.nacos.client.config.impl.ClientWorker$ConfigRpcTransportClient$$Lambda$335/224060798
10:13:46.494 [main] INFO  c.a.n.c.r.client - [printIfInfoEnabled,60] - [94d45af1-347c-4930-938c-bf483c5f61fc_config-0] Registry connection listener to current client:com.alibaba.nacos.client.config.impl.ClientWorker$ConfigRpcTransportClient$1
10:13:46.494 [main] INFO  c.a.n.c.r.client - [printIfInfoEnabled,60] - [94d45af1-347c-4930-938c-bf483c5f61fc_config-0] RpcClient init, ServerListFactory = com.alibaba.nacos.client.config.impl.ClientWorker$ConfigRpcTransportClient$2
10:13:46.499 [main] INFO  c.a.n.c.r.client - [printIfInfoEnabled,60] - [94d45af1-347c-4930-938c-bf483c5f61fc_config-0] Try to connect to server on start up, server: {serverIp = '127.0.0.1', server main port = 8848}
10:13:54.970 [main] INFO  c.a.n.c.r.client - [printIfInfoEnabled,60] - [94d45af1-347c-4930-938c-bf483c5f61fc_config-0] Try to connect to server on start up, server: {serverIp = '127.0.0.1', server main port = 8848}
10:13:57.978 [main] INFO  c.a.n.c.r.client - [printIfInfoEnabled,60] - [94d45af1-347c-4930-938c-bf483c5f61fc_config-0] Try to connect to server on start up, server: {serverIp = '127.0.0.1', server main port = 8848}
10:13:59.974 [main] INFO  c.a.n.c.r.client - [printIfInfoEnabled,60] - [94d45af1-347c-4930-938c-bf483c5f61fc_config-0] Success to connect to server [127.0.0.1:8848] on start up, connectionId = 1691460839778_127.0.0.1_54328
10:13:59.974 [com.alibaba.nacos.client.remote.worker] INFO  c.a.n.c.r.client - [printIfInfoEnabled,60] - [94d45af1-347c-4930-938c-bf483c5f61fc_config-0] Notify connected event to listeners.
10:13:59.975 [main] INFO  c.a.n.c.r.client - [printIfInfoEnabled,60] - [94d45af1-347c-4930-938c-bf483c5f61fc_config-0] Register server push request handler:com.alibaba.nacos.common.remote.client.RpcClient$ConnectResetRequestHandler
10:13:59.975 [main] INFO  c.a.n.c.r.client - [printIfInfoEnabled,60] - [94d45af1-347c-4930-938c-bf483c5f61fc_config-0] Register server push request handler:com.alibaba.nacos.common.remote.client.RpcClient$$Lambda$344/102052782
10:14:00.080 [main] INFO  c.x.r.XmapReservationApplication - [logStartupProfileInfo,637] - The following 1 profile is active: "dev"
10:14:01.685 [main] INFO  o.a.c.h.Http11NioProtocol - [log,173] - Initializing ProtocolHandler ["http-nio-9233"]
10:14:01.686 [main] INFO  o.a.c.c.StandardService - [log,173] - Starting service [Tomcat]
10:14:01.686 [main] INFO  o.a.c.c.StandardEngine - [log,173] - Starting Servlet engine: [Apache Tomcat/9.0.70]
10:14:01.830 [main] INFO  o.a.c.c.C.[.[.[/] - [log,173] - Initializing Spring embedded WebApplicationContext
10:14:04.389 [main] INFO  c.a.d.p.DruidDataSource - [init,996] - {dataSource-1,master} inited
10:14:04.390 [main] INFO  c.b.d.d.DynamicRoutingDataSource - [addDataSource,154] - dynamic-datasource - add a datasource named [master] success
10:14:04.390 [main] INFO  c.b.d.d.DynamicRoutingDataSource - [afterPropertiesSet,234] - dynamic-datasource initial loaded [1] datasource,primary datasource named [master]
10:14:05.276 [main] INFO  c.a.c.s.SentinelWebMvcConfigurer - [addInterceptors,52] - [Sentinel Starter] register SentinelWebInterceptor with urlPatterns: [/**].
10:14:15.729 [main] INFO  c.a.n.c.r.client - [lambda$createClient$0,80] - [RpcClientFactory] create a new rpc client of a04c12c4-4d53-4cb1-af87-3d5f3bdfec00
10:14:15.730 [main] INFO  c.a.n.c.r.client - [printIfInfoEnabled,60] - [a04c12c4-4d53-4cb1-af87-3d5f3bdfec00] RpcClient init label, labels = {module=naming, source=sdk}
10:14:15.731 [main] INFO  c.a.n.c.r.client - [printIfInfoEnabled,60] - [a04c12c4-4d53-4cb1-af87-3d5f3bdfec00] RpcClient init, ServerListFactory = com.alibaba.nacos.client.naming.core.ServerListManager
10:14:15.731 [main] INFO  c.a.n.c.r.client - [printIfInfoEnabled,60] - [a04c12c4-4d53-4cb1-af87-3d5f3bdfec00] Registry connection listener to current client:com.alibaba.nacos.client.naming.remote.gprc.redo.NamingGrpcRedoService
10:14:15.732 [main] INFO  c.a.n.c.r.client - [printIfInfoEnabled,60] - [a04c12c4-4d53-4cb1-af87-3d5f3bdfec00] Register server push request handler:com.alibaba.nacos.client.naming.remote.gprc.NamingPushRequestHandler
10:14:15.732 [main] INFO  c.a.n.c.r.client - [printIfInfoEnabled,60] - [a04c12c4-4d53-4cb1-af87-3d5f3bdfec00] Try to connect to server on start up, server: {serverIp = '127.0.0.1', server main port = 8848}
10:14:15.852 [main] INFO  c.a.n.c.r.client - [printIfInfoEnabled,60] - [a04c12c4-4d53-4cb1-af87-3d5f3bdfec00] Success to connect to server [127.0.0.1:8848] on start up, connectionId = 1691460855738_127.0.0.1_54511
10:14:15.852 [main] INFO  c.a.n.c.r.client - [printIfInfoEnabled,60] - [a04c12c4-4d53-4cb1-af87-3d5f3bdfec00] Register server push request handler:com.alibaba.nacos.common.remote.client.RpcClient$ConnectResetRequestHandler
10:14:15.852 [com.alibaba.nacos.client.remote.worker] INFO  c.a.n.c.r.client - [printIfInfoEnabled,60] - [a04c12c4-4d53-4cb1-af87-3d5f3bdfec00] Notify connected event to listeners.
10:14:15.852 [main] INFO  c.a.n.c.r.client - [printIfInfoEnabled,60] - [a04c12c4-4d53-4cb1-af87-3d5f3bdfec00] Register server push request handler:com.alibaba.nacos.common.remote.client.RpcClient$$Lambda$344/102052782
10:14:15.876 [main] INFO  o.a.c.h.Http11NioProtocol - [log,173] - Starting ProtocolHandler ["http-nio-9233"]
10:14:15.893 [main] INFO  c.a.c.n.r.NacosServiceRegistry - [register,75] - nacos registry, DEFAULT_GROUP xmap-reservation 10.100.4.8:9233 register finished
10:14:16.435 [nacos-grpc-client-executor-6] INFO  c.a.n.c.r.client - [printIfInfoEnabled,60] - [a04c12c4-4d53-4cb1-af87-3d5f3bdfec00] Receive server push request, request = NotifySubscriberRequest, requestId = 7
10:14:16.449 [nacos-grpc-client-executor-6] INFO  c.a.n.c.r.client - [printIfInfoEnabled,60] - [a04c12c4-4d53-4cb1-af87-3d5f3bdfec00] Ack server push request, request = NotifySubscriberRequest, requestId = 7
10:14:20.530 [main] INFO  c.x.r.XmapReservationApplication - [logStarted,61] - Started XmapReservationApplication in 39.014 seconds (JVM running for 40.462)
10:14:20.539 [main] INFO  c.a.c.n.r.NacosContextRefresher - [registerNacosListener,129] - [Nacos Config] Listening config: dataId=xmap-reservation-dev.yml, group=DEFAULT_GROUP
10:14:20.539 [main] INFO  c.a.c.n.r.NacosContextRefresher - [registerNacosListener,129] - [Nacos Config] Listening config: dataId=xmap-reservation.yml, group=DEFAULT_GROUP
10:14:20.540 [main] INFO  c.a.c.n.r.NacosContextRefresher - [registerNacosListener,129] - [Nacos Config] Listening config: dataId=xmap-reservation, group=DEFAULT_GROUP
10:14:23.956 [RMI TCP Connection(7)-10.100.4.8] INFO  o.a.c.c.C.[.[.[/] - [log,173] - Initializing Spring DispatcherServlet 'dispatcherServlet'
14:23:39.878 [lettuce-nioEventLoop-4-1] INFO  i.l.c.p.CommandHandler - [log,217] - null Unexpected exception during request: java.io.IOException: 远程主机强迫关闭了一个现有的连接。
java.io.IOException: 远程主机强迫关闭了一个现有的连接。
	at sun.nio.ch.SocketDispatcher.read0(Native Method)
	at sun.nio.ch.SocketDispatcher.read(SocketDispatcher.java:43)
	at sun.nio.ch.IOUtil.readIntoNativeBuffer(IOUtil.java:223)
	at sun.nio.ch.IOUtil.read(IOUtil.java:192)
	at sun.nio.ch.SocketChannelImpl.read(SocketChannelImpl.java:380)
	at io.netty.buffer.PooledByteBuf.setBytes(PooledByteBuf.java:259)
	at io.netty.buffer.AbstractByteBuf.writeBytes(AbstractByteBuf.java:1132)
	at io.netty.channel.socket.nio.NioSocketChannel.doReadBytes(NioSocketChannel.java:357)
	at io.netty.channel.nio.AbstractNioByteChannel$NioByteUnsafe.read(AbstractNioByteChannel.java:151)
	at io.netty.channel.nio.NioEventLoop.processSelectedKey(NioEventLoop.java:788)
	at io.netty.channel.nio.NioEventLoop.processSelectedKeysOptimized(NioEventLoop.java:724)
	at io.netty.channel.nio.NioEventLoop.processSelectedKeys(NioEventLoop.java:650)
	at io.netty.channel.nio.NioEventLoop.run(NioEventLoop.java:562)
	at io.netty.util.concurrent.SingleThreadEventExecutor$4.run(SingleThreadEventExecutor.java:997)
	at io.netty.util.internal.ThreadExecutorMap$2.run(ThreadExecutorMap.java:74)
	at io.netty.util.concurrent.FastThreadLocalRunnable.run(FastThreadLocalRunnable.java:30)
	at java.lang.Thread.run(Thread.java:748)
14:23:39.878 [lettuce-nioEventLoop-4-2] INFO  i.l.c.p.CommandHandler - [log,217] - null Unexpected exception during request: java.io.IOException: 远程主机强迫关闭了一个现有的连接。
java.io.IOException: 远程主机强迫关闭了一个现有的连接。
	at sun.nio.ch.SocketDispatcher.read0(Native Method)
	at sun.nio.ch.SocketDispatcher.read(SocketDispatcher.java:43)
	at sun.nio.ch.IOUtil.readIntoNativeBuffer(IOUtil.java:223)
	at sun.nio.ch.IOUtil.read(IOUtil.java:192)
	at sun.nio.ch.SocketChannelImpl.read(SocketChannelImpl.java:380)
	at io.netty.buffer.PooledByteBuf.setBytes(PooledByteBuf.java:259)
	at io.netty.buffer.AbstractByteBuf.writeBytes(AbstractByteBuf.java:1132)
	at io.netty.channel.socket.nio.NioSocketChannel.doReadBytes(NioSocketChannel.java:357)
	at io.netty.channel.nio.AbstractNioByteChannel$NioByteUnsafe.read(AbstractNioByteChannel.java:151)
	at io.netty.channel.nio.NioEventLoop.processSelectedKey(NioEventLoop.java:788)
	at io.netty.channel.nio.NioEventLoop.processSelectedKeysOptimized(NioEventLoop.java:724)
	at io.netty.channel.nio.NioEventLoop.processSelectedKeys(NioEventLoop.java:650)
	at io.netty.channel.nio.NioEventLoop.run(NioEventLoop.java:562)
	at io.netty.util.concurrent.SingleThreadEventExecutor$4.run(SingleThreadEventExecutor.java:997)
	at io.netty.util.internal.ThreadExecutorMap$2.run(ThreadExecutorMap.java:74)
	at io.netty.util.concurrent.FastThreadLocalRunnable.run(FastThreadLocalRunnable.java:30)
	at java.lang.Thread.run(Thread.java:748)
14:23:39.975 [lettuce-eventExecutorLoop-1-15] INFO  i.l.c.p.ConnectionWatchdog - [log,171] - Reconnecting, last destination was localhost/127.0.0.1:6379
14:23:39.975 [lettuce-eventExecutorLoop-1-14] INFO  i.l.c.p.ConnectionWatchdog - [log,171] - Reconnecting, last destination was localhost/127.0.0.1:6379
14:23:40.021 [com.alibaba.nacos.client.remote.worker] INFO  c.a.n.c.r.client - [printIfInfoEnabled,60] - [94d45af1-347c-4930-938c-bf483c5f61fc_config-0] Try to reconnect to a new server, server is  not appointed, will choose a random server.
14:23:40.046 [com.alibaba.nacos.client.remote.worker] INFO  c.a.n.c.r.client - [printIfInfoEnabled,60] - [a04c12c4-4d53-4cb1-af87-3d5f3bdfec00] Try to reconnect to a new server, server is  not appointed, will choose a random server.
14:28:29.391 [background-preinit] INFO  o.h.v.i.util.Version - [<clinit>,21] - HV000001: Hibernate Validator 6.2.5.Final
14:28:37.739 [main] INFO  c.a.n.c.r.client - [lambda$createClient$0,80] - [RpcClientFactory] create a new rpc client of 4ae4858f-5e83-449b-a7a2-aa4f48bc09e6_config-0
14:28:37.793 [main] INFO  o.r.Reflections - [scan,232] - Reflections took 33 ms to scan 1 urls, producing 3 keys and 6 values 
14:28:37.820 [main] INFO  o.r.Reflections - [scan,232] - Reflections took 16 ms to scan 1 urls, producing 4 keys and 9 values 
14:28:37.840 [main] INFO  o.r.Reflections - [scan,232] - Reflections took 18 ms to scan 1 urls, producing 3 keys and 10 values 
14:28:38.062 [main] INFO  o.r.Reflections - [scan,232] - Reflections took 219 ms to scan 199 urls, producing 0 keys and 0 values 
14:28:38.075 [main] INFO  o.r.Reflections - [scan,232] - Reflections took 12 ms to scan 1 urls, producing 1 keys and 5 values 
14:28:38.091 [main] INFO  o.r.Reflections - [scan,232] - Reflections took 14 ms to scan 1 urls, producing 1 keys and 7 values 
14:28:38.106 [main] INFO  o.r.Reflections - [scan,232] - Reflections took 13 ms to scan 1 urls, producing 2 keys and 8 values 
14:28:38.275 [main] INFO  o.r.Reflections - [scan,232] - Reflections took 167 ms to scan 199 urls, producing 0 keys and 0 values 
14:28:38.276 [main] INFO  c.a.n.c.r.client - [printIfInfoEnabled,60] - [4ae4858f-5e83-449b-a7a2-aa4f48bc09e6_config-0] RpcClient init label, labels = {module=config, Vipserver-Tag=null, source=sdk, Amory-Tag=null, Location-Tag=null, taskId=0, AppName=unknown}
14:28:38.277 [main] INFO  c.a.n.c.r.client - [printIfInfoEnabled,60] - [4ae4858f-5e83-449b-a7a2-aa4f48bc09e6_config-0] Register server push request handler:com.alibaba.nacos.client.config.impl.ClientWorker$ConfigRpcTransportClient$$Lambda$334/832145584
14:28:38.277 [main] INFO  c.a.n.c.r.client - [printIfInfoEnabled,60] - [4ae4858f-5e83-449b-a7a2-aa4f48bc09e6_config-0] Register server push request handler:com.alibaba.nacos.client.config.impl.ClientWorker$ConfigRpcTransportClient$$Lambda$335/224060798
14:28:38.278 [main] INFO  c.a.n.c.r.client - [printIfInfoEnabled,60] - [4ae4858f-5e83-449b-a7a2-aa4f48bc09e6_config-0] Registry connection listener to current client:com.alibaba.nacos.client.config.impl.ClientWorker$ConfigRpcTransportClient$1
14:28:38.279 [main] INFO  c.a.n.c.r.client - [printIfInfoEnabled,60] - [4ae4858f-5e83-449b-a7a2-aa4f48bc09e6_config-0] RpcClient init, ServerListFactory = com.alibaba.nacos.client.config.impl.ClientWorker$ConfigRpcTransportClient$2
14:28:38.284 [main] INFO  c.a.n.c.r.client - [printIfInfoEnabled,60] - [4ae4858f-5e83-449b-a7a2-aa4f48bc09e6_config-0] Try to connect to server on start up, server: {serverIp = '127.0.0.1', server main port = 8848}
14:28:51.006 [main] INFO  c.a.n.c.r.client - [printIfInfoEnabled,60] - [4ae4858f-5e83-449b-a7a2-aa4f48bc09e6_config-0] Try to connect to server on start up, server: {serverIp = '127.0.0.1', server main port = 8848}
14:28:54.022 [main] INFO  c.a.n.c.r.client - [printIfInfoEnabled,60] - [4ae4858f-5e83-449b-a7a2-aa4f48bc09e6_config-0] Try to connect to server on start up, server: {serverIp = '127.0.0.1', server main port = 8848}
14:28:55.466 [main] INFO  c.a.n.c.r.client - [printIfInfoEnabled,60] - [4ae4858f-5e83-449b-a7a2-aa4f48bc09e6_config-0] Success to connect to server [127.0.0.1:8848] on start up, connectionId = 1691476135296_127.0.0.1_58890
14:28:55.466 [com.alibaba.nacos.client.remote.worker] INFO  c.a.n.c.r.client - [printIfInfoEnabled,60] - [4ae4858f-5e83-449b-a7a2-aa4f48bc09e6_config-0] Notify connected event to listeners.
14:28:55.466 [main] INFO  c.a.n.c.r.client - [printIfInfoEnabled,60] - [4ae4858f-5e83-449b-a7a2-aa4f48bc09e6_config-0] Register server push request handler:com.alibaba.nacos.common.remote.client.RpcClient$ConnectResetRequestHandler
14:28:55.467 [main] INFO  c.a.n.c.r.client - [printIfInfoEnabled,60] - [4ae4858f-5e83-449b-a7a2-aa4f48bc09e6_config-0] Register server push request handler:com.alibaba.nacos.common.remote.client.RpcClient$$Lambda$344/1622863652
14:28:55.523 [main] INFO  c.x.r.XmapReservationApplication - [logStartupProfileInfo,637] - The following 1 profile is active: "dev"
14:28:57.305 [main] INFO  o.a.c.h.Http11NioProtocol - [log,173] - Initializing ProtocolHandler ["http-nio-9233"]
14:28:57.305 [main] INFO  o.a.c.c.StandardService - [log,173] - Starting service [Tomcat]
14:28:57.305 [main] INFO  o.a.c.c.StandardEngine - [log,173] - Starting Servlet engine: [Apache Tomcat/9.0.70]
14:28:57.517 [main] INFO  o.a.c.c.C.[.[.[/] - [log,173] - Initializing Spring embedded WebApplicationContext
14:29:05.244 [main] INFO  c.a.d.p.DruidDataSource - [init,996] - {dataSource-1,master} inited
14:29:05.245 [main] INFO  c.b.d.d.DynamicRoutingDataSource - [addDataSource,154] - dynamic-datasource - add a datasource named [master] success
14:29:05.245 [main] INFO  c.b.d.d.DynamicRoutingDataSource - [afterPropertiesSet,234] - dynamic-datasource initial loaded [1] datasource,primary datasource named [master]
14:29:06.491 [main] INFO  c.a.c.s.SentinelWebMvcConfigurer - [addInterceptors,52] - [Sentinel Starter] register SentinelWebInterceptor with urlPatterns: [/**].
14:29:23.906 [main] INFO  c.a.n.c.r.client - [lambda$createClient$0,80] - [RpcClientFactory] create a new rpc client of ced33592-17f9-4370-a187-1bd23b58884e
14:29:23.906 [main] INFO  c.a.n.c.r.client - [printIfInfoEnabled,60] - [ced33592-17f9-4370-a187-1bd23b58884e] RpcClient init label, labels = {module=naming, source=sdk}
14:29:23.908 [main] INFO  c.a.n.c.r.client - [printIfInfoEnabled,60] - [ced33592-17f9-4370-a187-1bd23b58884e] RpcClient init, ServerListFactory = com.alibaba.nacos.client.naming.core.ServerListManager
14:29:23.908 [main] INFO  c.a.n.c.r.client - [printIfInfoEnabled,60] - [ced33592-17f9-4370-a187-1bd23b58884e] Registry connection listener to current client:com.alibaba.nacos.client.naming.remote.gprc.redo.NamingGrpcRedoService
14:29:23.908 [main] INFO  c.a.n.c.r.client - [printIfInfoEnabled,60] - [ced33592-17f9-4370-a187-1bd23b58884e] Register server push request handler:com.alibaba.nacos.client.naming.remote.gprc.NamingPushRequestHandler
14:29:23.908 [main] INFO  c.a.n.c.r.client - [printIfInfoEnabled,60] - [ced33592-17f9-4370-a187-1bd23b58884e] Try to connect to server on start up, server: {serverIp = '127.0.0.1', server main port = 8848}
14:29:24.024 [main] INFO  c.a.n.c.r.client - [printIfInfoEnabled,60] - [ced33592-17f9-4370-a187-1bd23b58884e] Success to connect to server [127.0.0.1:8848] on start up, connectionId = 1691476163913_127.0.0.1_59037
14:29:24.024 [main] INFO  c.a.n.c.r.client - [printIfInfoEnabled,60] - [ced33592-17f9-4370-a187-1bd23b58884e] Register server push request handler:com.alibaba.nacos.common.remote.client.RpcClient$ConnectResetRequestHandler
14:29:24.024 [com.alibaba.nacos.client.remote.worker] INFO  c.a.n.c.r.client - [printIfInfoEnabled,60] - [ced33592-17f9-4370-a187-1bd23b58884e] Notify connected event to listeners.
14:29:24.024 [main] INFO  c.a.n.c.r.client - [printIfInfoEnabled,60] - [ced33592-17f9-4370-a187-1bd23b58884e] Register server push request handler:com.alibaba.nacos.common.remote.client.RpcClient$$Lambda$344/1622863652
14:29:24.061 [main] INFO  o.a.c.h.Http11NioProtocol - [log,173] - Starting ProtocolHandler ["http-nio-9233"]
14:29:24.083 [main] INFO  c.a.c.n.r.NacosServiceRegistry - [register,75] - nacos registry, DEFAULT_GROUP xmap-reservation 10.100.4.8:9233 register finished
14:29:24.627 [nacos-grpc-client-executor-6] INFO  c.a.n.c.r.client - [printIfInfoEnabled,60] - [ced33592-17f9-4370-a187-1bd23b58884e] Receive server push request, request = NotifySubscriberRequest, requestId = 9
14:29:24.641 [nacos-grpc-client-executor-6] INFO  c.a.n.c.r.client - [printIfInfoEnabled,60] - [ced33592-17f9-4370-a187-1bd23b58884e] Ack server push request, request = NotifySubscriberRequest, requestId = 9
14:29:32.649 [main] INFO  c.x.r.XmapReservationApplication - [logStarted,61] - Started XmapReservationApplication in 71.699 seconds (JVM running for 75.72)
14:29:32.661 [main] INFO  c.a.c.n.r.NacosContextRefresher - [registerNacosListener,129] - [Nacos Config] Listening config: dataId=xmap-reservation-dev.yml, group=DEFAULT_GROUP
14:29:32.662 [main] INFO  c.a.c.n.r.NacosContextRefresher - [registerNacosListener,129] - [Nacos Config] Listening config: dataId=xmap-reservation.yml, group=DEFAULT_GROUP
14:29:32.662 [main] INFO  c.a.c.n.r.NacosContextRefresher - [registerNacosListener,129] - [Nacos Config] Listening config: dataId=xmap-reservation, group=DEFAULT_GROUP
14:29:38.087 [RMI TCP Connection(9)-10.100.4.8] INFO  o.a.c.c.C.[.[.[/] - [log,173] - Initializing Spring DispatcherServlet 'dispatcherServlet'
18:09:44.182 [lettuce-nioEventLoop-4-2] INFO  i.l.c.p.CommandHandler - [log,217] - null Unexpected exception during request: java.io.IOException: 远程主机强迫关闭了一个现有的连接。
java.io.IOException: 远程主机强迫关闭了一个现有的连接。
	at sun.nio.ch.SocketDispatcher.read0(Native Method)
	at sun.nio.ch.SocketDispatcher.read(SocketDispatcher.java:43)
	at sun.nio.ch.IOUtil.readIntoNativeBuffer(IOUtil.java:223)
	at sun.nio.ch.IOUtil.read(IOUtil.java:192)
	at sun.nio.ch.SocketChannelImpl.read(SocketChannelImpl.java:380)
	at io.netty.buffer.PooledByteBuf.setBytes(PooledByteBuf.java:259)
	at io.netty.buffer.AbstractByteBuf.writeBytes(AbstractByteBuf.java:1132)
	at io.netty.channel.socket.nio.NioSocketChannel.doReadBytes(NioSocketChannel.java:357)
	at io.netty.channel.nio.AbstractNioByteChannel$NioByteUnsafe.read(AbstractNioByteChannel.java:151)
	at io.netty.channel.nio.NioEventLoop.processSelectedKey(NioEventLoop.java:788)
	at io.netty.channel.nio.NioEventLoop.processSelectedKeysOptimized(NioEventLoop.java:724)
	at io.netty.channel.nio.NioEventLoop.processSelectedKeys(NioEventLoop.java:650)
	at io.netty.channel.nio.NioEventLoop.run(NioEventLoop.java:562)
	at io.netty.util.concurrent.SingleThreadEventExecutor$4.run(SingleThreadEventExecutor.java:997)
	at io.netty.util.internal.ThreadExecutorMap$2.run(ThreadExecutorMap.java:74)
	at io.netty.util.concurrent.FastThreadLocalRunnable.run(FastThreadLocalRunnable.java:30)
	at java.lang.Thread.run(Thread.java:748)
18:09:44.188 [lettuce-nioEventLoop-4-1] INFO  i.l.c.p.CommandHandler - [log,217] - null Unexpected exception during request: java.io.IOException: 远程主机强迫关闭了一个现有的连接。
java.io.IOException: 远程主机强迫关闭了一个现有的连接。
	at sun.nio.ch.SocketDispatcher.read0(Native Method)
	at sun.nio.ch.SocketDispatcher.read(SocketDispatcher.java:43)
	at sun.nio.ch.IOUtil.readIntoNativeBuffer(IOUtil.java:223)
	at sun.nio.ch.IOUtil.read(IOUtil.java:192)
	at sun.nio.ch.SocketChannelImpl.read(SocketChannelImpl.java:380)
	at io.netty.buffer.PooledByteBuf.setBytes(PooledByteBuf.java:259)
	at io.netty.buffer.AbstractByteBuf.writeBytes(AbstractByteBuf.java:1132)
	at io.netty.channel.socket.nio.NioSocketChannel.doReadBytes(NioSocketChannel.java:357)
	at io.netty.channel.nio.AbstractNioByteChannel$NioByteUnsafe.read(AbstractNioByteChannel.java:151)
	at io.netty.channel.nio.NioEventLoop.processSelectedKey(NioEventLoop.java:788)
	at io.netty.channel.nio.NioEventLoop.processSelectedKeysOptimized(NioEventLoop.java:724)
	at io.netty.channel.nio.NioEventLoop.processSelectedKeys(NioEventLoop.java:650)
	at io.netty.channel.nio.NioEventLoop.run(NioEventLoop.java:562)
	at io.netty.util.concurrent.SingleThreadEventExecutor$4.run(SingleThreadEventExecutor.java:997)
	at io.netty.util.internal.ThreadExecutorMap$2.run(ThreadExecutorMap.java:74)
	at io.netty.util.concurrent.FastThreadLocalRunnable.run(FastThreadLocalRunnable.java:30)
	at java.lang.Thread.run(Thread.java:748)
18:09:44.300 [lettuce-eventExecutorLoop-1-1] INFO  i.l.c.p.ConnectionWatchdog - [log,171] - Reconnecting, last destination was localhost/127.0.0.1:6379
18:09:44.301 [lettuce-eventExecutorLoop-1-2] INFO  i.l.c.p.ConnectionWatchdog - [log,171] - Reconnecting, last destination was localhost/127.0.0.1:6379
18:09:45.180 [com.alibaba.nacos.client.remote.worker] INFO  c.a.n.c.r.client - [printIfInfoEnabled,60] - [4ae4858f-5e83-449b-a7a2-aa4f48bc09e6_config-0] Try to reconnect to a new server, server is  not appointed, will choose a random server.
18:09:45.185 [com.alibaba.nacos.client.remote.worker] INFO  c.a.n.c.r.client - [printIfInfoEnabled,60] - [ced33592-17f9-4370-a187-1bd23b58884e] Try to reconnect to a new server, server is  not appointed, will choose a random server.
