14:17:02.351 [background-preinit] INFO  o.h.v.i.util.Version - [<clinit>,21] - HV000001: Hibernate Validator 6.2.5.Final
14:17:03.636 [main] INFO  c.a.n.c.r.client - [lambda$createClient$0,80] - [RpcClientFactory] create a new rpc client of 01e38336-17ea-480e-bf36-4e55dc03c2e6_config-0
14:17:03.663 [main] INFO  o.r.Reflections - [scan,232] - Reflections took 18 ms to scan 1 urls, producing 3 keys and 6 values 
14:17:03.678 [main] INFO  o.r.Reflections - [scan,232] - Reflections took 8 ms to scan 1 urls, producing 4 keys and 9 values 
14:17:03.688 [main] INFO  o.r.Reflections - [scan,232] - Reflections took 9 ms to scan 1 urls, producing 3 keys and 10 values 
14:17:03.856 [main] INFO  o.r.Reflections - [scan,232] - Reflections took 163 ms to scan 199 urls, producing 0 keys and 0 values 
14:17:03.869 [main] INFO  o.r.Reflections - [scan,232] - Reflections took 12 ms to scan 1 urls, producing 1 keys and 5 values 
14:17:03.885 [main] INFO  o.r.Reflections - [scan,232] - Reflections took 14 ms to scan 1 urls, producing 1 keys and 7 values 
14:17:03.901 [main] INFO  o.r.Reflections - [scan,232] - Reflections took 13 ms to scan 1 urls, producing 2 keys and 8 values 
14:17:04.022 [main] INFO  o.r.Reflections - [scan,232] - Reflections took 119 ms to scan 199 urls, producing 0 keys and 0 values 
14:17:04.023 [main] INFO  c.a.n.c.r.client - [printIfInfoEnabled,60] - [01e38336-17ea-480e-bf36-4e55dc03c2e6_config-0] RpcClient init label, labels = {module=config, Vipserver-Tag=null, source=sdk, Amory-Tag=null, Location-Tag=null, taskId=0, AppName=unknown}
14:17:04.023 [main] INFO  c.a.n.c.r.client - [printIfInfoEnabled,60] - [01e38336-17ea-480e-bf36-4e55dc03c2e6_config-0] Register server push request handler:com.alibaba.nacos.client.config.impl.ClientWorker$ConfigRpcTransportClient$$Lambda$334/50720817
14:17:04.024 [main] INFO  c.a.n.c.r.client - [printIfInfoEnabled,60] - [01e38336-17ea-480e-bf36-4e55dc03c2e6_config-0] Register server push request handler:com.alibaba.nacos.client.config.impl.ClientWorker$ConfigRpcTransportClient$$Lambda$335/1496220730
14:17:04.024 [main] INFO  c.a.n.c.r.client - [printIfInfoEnabled,60] - [01e38336-17ea-480e-bf36-4e55dc03c2e6_config-0] Registry connection listener to current client:com.alibaba.nacos.client.config.impl.ClientWorker$ConfigRpcTransportClient$1
14:17:04.024 [main] INFO  c.a.n.c.r.client - [printIfInfoEnabled,60] - [01e38336-17ea-480e-bf36-4e55dc03c2e6_config-0] RpcClient init, ServerListFactory = com.alibaba.nacos.client.config.impl.ClientWorker$ConfigRpcTransportClient$2
14:17:04.028 [main] INFO  c.a.n.c.r.client - [printIfInfoEnabled,60] - [01e38336-17ea-480e-bf36-4e55dc03c2e6_config-0] Try to connect to server on start up, server: {serverIp = '127.0.0.1', server main port = 8848}
14:17:06.155 [main] INFO  c.a.n.c.r.client - [printIfInfoEnabled,60] - [01e38336-17ea-480e-bf36-4e55dc03c2e6_config-0] Success to connect to server [127.0.0.1:8848] on start up, connectionId = 1690265825952_127.0.0.1_62667
14:17:06.156 [com.alibaba.nacos.client.remote.worker] INFO  c.a.n.c.r.client - [printIfInfoEnabled,60] - [01e38336-17ea-480e-bf36-4e55dc03c2e6_config-0] Notify connected event to listeners.
14:17:06.157 [main] INFO  c.a.n.c.r.client - [printIfInfoEnabled,60] - [01e38336-17ea-480e-bf36-4e55dc03c2e6_config-0] Register server push request handler:com.alibaba.nacos.common.remote.client.RpcClient$ConnectResetRequestHandler
14:17:06.158 [main] INFO  c.a.n.c.r.client - [printIfInfoEnabled,60] - [01e38336-17ea-480e-bf36-4e55dc03c2e6_config-0] Register server push request handler:com.alibaba.nacos.common.remote.client.RpcClient$$Lambda$344/1052399527
14:17:06.277 [main] INFO  c.x.r.XmapReservationApplication - [logStartupProfileInfo,637] - The following 1 profile is active: "dev"
14:17:07.823 [main] INFO  o.a.c.h.Http11NioProtocol - [log,173] - Initializing ProtocolHandler ["http-nio-9233"]
14:17:07.823 [main] INFO  o.a.c.c.StandardService - [log,173] - Starting service [Tomcat]
14:17:07.824 [main] INFO  o.a.c.c.StandardEngine - [log,173] - Starting Servlet engine: [Apache Tomcat/9.0.70]
14:17:07.942 [main] INFO  o.a.c.c.C.[.[.[/] - [log,173] - Initializing Spring embedded WebApplicationContext
14:17:09.109 [main] INFO  c.a.d.p.DruidDataSource - [init,996] - {dataSource-1,master} inited
14:17:09.110 [main] INFO  c.b.d.d.DynamicRoutingDataSource - [addDataSource,154] - dynamic-datasource - add a datasource named [master] success
14:17:09.110 [main] INFO  c.b.d.d.DynamicRoutingDataSource - [afterPropertiesSet,234] - dynamic-datasource initial loaded [1] datasource,primary datasource named [master]
14:17:09.989 [main] INFO  c.a.c.s.SentinelWebMvcConfigurer - [addInterceptors,52] - [Sentinel Starter] register SentinelWebInterceptor with urlPatterns: [/**].
14:17:12.705 [main] INFO  c.a.n.c.r.client - [lambda$createClient$0,80] - [RpcClientFactory] create a new rpc client of b288aa40-8921-40af-9b74-d5877c70007d
14:17:12.705 [main] INFO  c.a.n.c.r.client - [printIfInfoEnabled,60] - [b288aa40-8921-40af-9b74-d5877c70007d] RpcClient init label, labels = {module=naming, source=sdk}
14:17:12.706 [main] INFO  c.a.n.c.r.client - [printIfInfoEnabled,60] - [b288aa40-8921-40af-9b74-d5877c70007d] RpcClient init, ServerListFactory = com.alibaba.nacos.client.naming.core.ServerListManager
14:17:12.706 [main] INFO  c.a.n.c.r.client - [printIfInfoEnabled,60] - [b288aa40-8921-40af-9b74-d5877c70007d] Registry connection listener to current client:com.alibaba.nacos.client.naming.remote.gprc.redo.NamingGrpcRedoService
14:17:12.706 [main] INFO  c.a.n.c.r.client - [printIfInfoEnabled,60] - [b288aa40-8921-40af-9b74-d5877c70007d] Register server push request handler:com.alibaba.nacos.client.naming.remote.gprc.NamingPushRequestHandler
14:17:12.706 [main] INFO  c.a.n.c.r.client - [printIfInfoEnabled,60] - [b288aa40-8921-40af-9b74-d5877c70007d] Try to connect to server on start up, server: {serverIp = '127.0.0.1', server main port = 8848}
14:17:12.821 [main] INFO  c.a.n.c.r.client - [printIfInfoEnabled,60] - [b288aa40-8921-40af-9b74-d5877c70007d] Success to connect to server [127.0.0.1:8848] on start up, connectionId = 1690265832710_127.0.0.1_62683
14:17:12.822 [main] INFO  c.a.n.c.r.client - [printIfInfoEnabled,60] - [b288aa40-8921-40af-9b74-d5877c70007d] Register server push request handler:com.alibaba.nacos.common.remote.client.RpcClient$ConnectResetRequestHandler
14:17:12.822 [com.alibaba.nacos.client.remote.worker] INFO  c.a.n.c.r.client - [printIfInfoEnabled,60] - [b288aa40-8921-40af-9b74-d5877c70007d] Notify connected event to listeners.
14:17:12.822 [main] INFO  c.a.n.c.r.client - [printIfInfoEnabled,60] - [b288aa40-8921-40af-9b74-d5877c70007d] Register server push request handler:com.alibaba.nacos.common.remote.client.RpcClient$$Lambda$344/1052399527
14:17:12.864 [main] INFO  o.a.c.h.Http11NioProtocol - [log,173] - Starting ProtocolHandler ["http-nio-9233"]
14:17:12.882 [main] INFO  c.a.c.n.r.NacosServiceRegistry - [register,75] - nacos registry, DEFAULT_GROUP xmap-reservation 10.100.4.8:9233 register finished
14:17:13.363 [nacos-grpc-client-executor-7] INFO  c.a.n.c.r.client - [printIfInfoEnabled,60] - [b288aa40-8921-40af-9b74-d5877c70007d] Receive server push request, request = NotifySubscriberRequest, requestId = 15
14:17:13.365 [nacos-grpc-client-executor-7] INFO  c.a.n.c.r.client - [printIfInfoEnabled,60] - [b288aa40-8921-40af-9b74-d5877c70007d] Ack server push request, request = NotifySubscriberRequest, requestId = 15
14:17:14.014 [main] INFO  c.x.r.XmapReservationApplication - [logStarted,61] - Started XmapReservationApplication in 12.933 seconds (JVM running for 14.009)
14:17:14.022 [main] INFO  c.a.c.n.r.NacosContextRefresher - [registerNacosListener,129] - [Nacos Config] Listening config: dataId=xmap-reservation-dev.yml, group=DEFAULT_GROUP
14:17:14.022 [main] INFO  c.a.c.n.r.NacosContextRefresher - [registerNacosListener,129] - [Nacos Config] Listening config: dataId=xmap-reservation.yml, group=DEFAULT_GROUP
14:17:14.022 [main] INFO  c.a.c.n.r.NacosContextRefresher - [registerNacosListener,129] - [Nacos Config] Listening config: dataId=xmap-reservation, group=DEFAULT_GROUP
14:17:15.123 [RMI TCP Connection(5)-10.100.4.8] INFO  o.a.c.c.C.[.[.[/] - [log,173] - Initializing Spring DispatcherServlet 'dispatcherServlet'
14:18:45.555 [SpringApplicationShutdownHook] INFO  c.a.c.n.r.NacosServiceRegistry - [deregister,94] - De-registering from Nacos Server now...
14:18:45.560 [SpringApplicationShutdownHook] INFO  c.a.c.n.r.NacosServiceRegistry - [deregister,114] - De-registration finished.
14:18:45.890 [SpringApplicationShutdownHook] INFO  c.a.n.c.r.client - [shutdown,454] - Shutdown rpc client, set status to shutdown
14:18:45.890 [SpringApplicationShutdownHook] INFO  c.a.n.c.r.client - [shutdown,456] - Shutdown client event executor java.util.concurrent.ScheduledThreadPoolExecutor@2b156d1d[Running, pool size = 2, active threads = 2, queued tasks = 0, completed tasks = 0]
14:18:45.891 [SpringApplicationShutdownHook] INFO  c.a.n.c.r.client - [closeConnection,591] - Close current connection 1690265832710_127.0.0.1_62683
14:18:45.894 [nacos-grpc-client-executor-38] INFO  c.a.n.c.r.c.g.GrpcClient - [printIfInfoEnabled,60] - [1690265832710_127.0.0.1_62683]Ignore complete event,isRunning:false,isAbandon=false
14:18:45.898 [SpringApplicationShutdownHook] INFO  c.a.n.c.r.c.g.GrpcClient - [shutdown,85] - Shutdown grpc executor java.util.concurrent.ThreadPoolExecutor@7a7d919a[Running, pool size = 5, active threads = 0, queued tasks = 0, completed tasks = 39]
14:18:46.045 [SpringApplicationShutdownHook] INFO  c.b.d.d.DynamicRoutingDataSource - [destroy,211] - dynamic-datasource start closing ....
14:18:46.048 [SpringApplicationShutdownHook] INFO  c.a.d.p.DruidDataSource - [close,2138] - {dataSource-1} closing ...
14:18:46.059 [SpringApplicationShutdownHook] INFO  c.a.d.p.DruidDataSource - [close,2211] - {dataSource-1} closed
14:18:46.059 [SpringApplicationShutdownHook] INFO  c.b.d.d.DynamicRoutingDataSource - [destroy,215] - dynamic-datasource all closed success,bye
14:18:54.732 [background-preinit] INFO  o.h.v.i.util.Version - [<clinit>,21] - HV000001: Hibernate Validator 6.2.5.Final
14:18:55.788 [main] INFO  c.a.n.c.r.client - [lambda$createClient$0,80] - [RpcClientFactory] create a new rpc client of d01a9992-7e0f-4c72-8988-8b491bb589cf_config-0
14:18:55.811 [main] INFO  o.r.Reflections - [scan,232] - Reflections took 14 ms to scan 1 urls, producing 3 keys and 6 values 
14:18:55.826 [main] INFO  o.r.Reflections - [scan,232] - Reflections took 8 ms to scan 1 urls, producing 4 keys and 9 values 
14:18:55.834 [main] INFO  o.r.Reflections - [scan,232] - Reflections took 7 ms to scan 1 urls, producing 3 keys and 10 values 
14:18:55.946 [main] INFO  o.r.Reflections - [scan,232] - Reflections took 111 ms to scan 199 urls, producing 0 keys and 0 values 
14:18:55.953 [main] INFO  o.r.Reflections - [scan,232] - Reflections took 6 ms to scan 1 urls, producing 1 keys and 5 values 
14:18:55.960 [main] INFO  o.r.Reflections - [scan,232] - Reflections took 6 ms to scan 1 urls, producing 1 keys and 7 values 
14:18:55.969 [main] INFO  o.r.Reflections - [scan,232] - Reflections took 8 ms to scan 1 urls, producing 2 keys and 8 values 
14:18:56.052 [main] INFO  o.r.Reflections - [scan,232] - Reflections took 81 ms to scan 199 urls, producing 0 keys and 0 values 
14:18:56.053 [main] INFO  c.a.n.c.r.client - [printIfInfoEnabled,60] - [d01a9992-7e0f-4c72-8988-8b491bb589cf_config-0] RpcClient init label, labels = {module=config, Vipserver-Tag=null, source=sdk, Amory-Tag=null, Location-Tag=null, taskId=0, AppName=unknown}
14:18:56.053 [main] INFO  c.a.n.c.r.client - [printIfInfoEnabled,60] - [d01a9992-7e0f-4c72-8988-8b491bb589cf_config-0] Register server push request handler:com.alibaba.nacos.client.config.impl.ClientWorker$ConfigRpcTransportClient$$Lambda$334/50720817
14:18:56.054 [main] INFO  c.a.n.c.r.client - [printIfInfoEnabled,60] - [d01a9992-7e0f-4c72-8988-8b491bb589cf_config-0] Register server push request handler:com.alibaba.nacos.client.config.impl.ClientWorker$ConfigRpcTransportClient$$Lambda$335/1496220730
14:18:56.054 [main] INFO  c.a.n.c.r.client - [printIfInfoEnabled,60] - [d01a9992-7e0f-4c72-8988-8b491bb589cf_config-0] Registry connection listener to current client:com.alibaba.nacos.client.config.impl.ClientWorker$ConfigRpcTransportClient$1
14:18:56.055 [main] INFO  c.a.n.c.r.client - [printIfInfoEnabled,60] - [d01a9992-7e0f-4c72-8988-8b491bb589cf_config-0] RpcClient init, ServerListFactory = com.alibaba.nacos.client.config.impl.ClientWorker$ConfigRpcTransportClient$2
14:18:56.059 [main] INFO  c.a.n.c.r.client - [printIfInfoEnabled,60] - [d01a9992-7e0f-4c72-8988-8b491bb589cf_config-0] Try to connect to server on start up, server: {serverIp = '127.0.0.1', server main port = 8848}
14:18:58.133 [main] INFO  c.a.n.c.r.client - [printIfInfoEnabled,60] - [d01a9992-7e0f-4c72-8988-8b491bb589cf_config-0] Success to connect to server [127.0.0.1:8848] on start up, connectionId = 1690265937940_127.0.0.1_63463
14:18:58.134 [com.alibaba.nacos.client.remote.worker] INFO  c.a.n.c.r.client - [printIfInfoEnabled,60] - [d01a9992-7e0f-4c72-8988-8b491bb589cf_config-0] Notify connected event to listeners.
14:18:58.134 [main] INFO  c.a.n.c.r.client - [printIfInfoEnabled,60] - [d01a9992-7e0f-4c72-8988-8b491bb589cf_config-0] Register server push request handler:com.alibaba.nacos.common.remote.client.RpcClient$ConnectResetRequestHandler
14:18:58.136 [main] INFO  c.a.n.c.r.client - [printIfInfoEnabled,60] - [d01a9992-7e0f-4c72-8988-8b491bb589cf_config-0] Register server push request handler:com.alibaba.nacos.common.remote.client.RpcClient$$Lambda$344/1052399527
14:18:58.207 [main] INFO  c.x.r.XmapReservationApplication - [logStartupProfileInfo,637] - The following 1 profile is active: "dev"
14:18:59.814 [main] INFO  o.a.c.h.Http11NioProtocol - [log,173] - Initializing ProtocolHandler ["http-nio-9233"]
14:18:59.814 [main] INFO  o.a.c.c.StandardService - [log,173] - Starting service [Tomcat]
14:18:59.815 [main] INFO  o.a.c.c.StandardEngine - [log,173] - Starting Servlet engine: [Apache Tomcat/9.0.70]
14:18:59.937 [main] INFO  o.a.c.c.C.[.[.[/] - [log,173] - Initializing Spring embedded WebApplicationContext
14:19:00.832 [main] INFO  c.a.d.p.DruidDataSource - [init,996] - {dataSource-1,master} inited
14:19:00.833 [main] INFO  c.b.d.d.DynamicRoutingDataSource - [addDataSource,154] - dynamic-datasource - add a datasource named [master] success
14:19:00.834 [main] INFO  c.b.d.d.DynamicRoutingDataSource - [afterPropertiesSet,234] - dynamic-datasource initial loaded [1] datasource,primary datasource named [master]
14:19:01.776 [main] INFO  c.a.c.s.SentinelWebMvcConfigurer - [addInterceptors,52] - [Sentinel Starter] register SentinelWebInterceptor with urlPatterns: [/**].
14:19:04.648 [main] INFO  c.a.n.c.r.client - [lambda$createClient$0,80] - [RpcClientFactory] create a new rpc client of d7170f4e-c332-457a-9ce5-184e115558db
14:19:04.649 [main] INFO  c.a.n.c.r.client - [printIfInfoEnabled,60] - [d7170f4e-c332-457a-9ce5-184e115558db] RpcClient init label, labels = {module=naming, source=sdk}
14:19:04.650 [main] INFO  c.a.n.c.r.client - [printIfInfoEnabled,60] - [d7170f4e-c332-457a-9ce5-184e115558db] RpcClient init, ServerListFactory = com.alibaba.nacos.client.naming.core.ServerListManager
14:19:04.650 [main] INFO  c.a.n.c.r.client - [printIfInfoEnabled,60] - [d7170f4e-c332-457a-9ce5-184e115558db] Registry connection listener to current client:com.alibaba.nacos.client.naming.remote.gprc.redo.NamingGrpcRedoService
14:19:04.650 [main] INFO  c.a.n.c.r.client - [printIfInfoEnabled,60] - [d7170f4e-c332-457a-9ce5-184e115558db] Register server push request handler:com.alibaba.nacos.client.naming.remote.gprc.NamingPushRequestHandler
14:19:04.650 [main] INFO  c.a.n.c.r.client - [printIfInfoEnabled,60] - [d7170f4e-c332-457a-9ce5-184e115558db] Try to connect to server on start up, server: {serverIp = '127.0.0.1', server main port = 8848}
14:19:04.766 [main] INFO  c.a.n.c.r.client - [printIfInfoEnabled,60] - [d7170f4e-c332-457a-9ce5-184e115558db] Success to connect to server [127.0.0.1:8848] on start up, connectionId = 1690265944654_127.0.0.1_63680
14:19:04.767 [com.alibaba.nacos.client.remote.worker] INFO  c.a.n.c.r.client - [printIfInfoEnabled,60] - [d7170f4e-c332-457a-9ce5-184e115558db] Notify connected event to listeners.
14:19:04.767 [main] INFO  c.a.n.c.r.client - [printIfInfoEnabled,60] - [d7170f4e-c332-457a-9ce5-184e115558db] Register server push request handler:com.alibaba.nacos.common.remote.client.RpcClient$ConnectResetRequestHandler
14:19:04.767 [main] INFO  c.a.n.c.r.client - [printIfInfoEnabled,60] - [d7170f4e-c332-457a-9ce5-184e115558db] Register server push request handler:com.alibaba.nacos.common.remote.client.RpcClient$$Lambda$344/1052399527
14:19:04.799 [main] INFO  o.a.c.h.Http11NioProtocol - [log,173] - Starting ProtocolHandler ["http-nio-9233"]
14:19:04.815 [main] INFO  c.a.c.n.r.NacosServiceRegistry - [register,75] - nacos registry, DEFAULT_GROUP xmap-reservation 10.100.4.8:9233 register finished
14:19:05.350 [nacos-grpc-client-executor-8] INFO  c.a.n.c.r.client - [printIfInfoEnabled,60] - [d7170f4e-c332-457a-9ce5-184e115558db] Receive server push request, request = NotifySubscriberRequest, requestId = 21
14:19:05.353 [nacos-grpc-client-executor-8] INFO  c.a.n.c.r.client - [printIfInfoEnabled,60] - [d7170f4e-c332-457a-9ce5-184e115558db] Ack server push request, request = NotifySubscriberRequest, requestId = 21
14:19:05.820 [main] INFO  c.x.r.XmapReservationApplication - [logStarted,61] - Started XmapReservationApplication in 12.283 seconds (JVM running for 13.386)
14:19:05.827 [main] INFO  c.a.c.n.r.NacosContextRefresher - [registerNacosListener,129] - [Nacos Config] Listening config: dataId=xmap-reservation-dev.yml, group=DEFAULT_GROUP
14:19:05.828 [main] INFO  c.a.c.n.r.NacosContextRefresher - [registerNacosListener,129] - [Nacos Config] Listening config: dataId=xmap-reservation.yml, group=DEFAULT_GROUP
14:19:05.828 [main] INFO  c.a.c.n.r.NacosContextRefresher - [registerNacosListener,129] - [Nacos Config] Listening config: dataId=xmap-reservation, group=DEFAULT_GROUP
14:19:06.412 [RMI TCP Connection(1)-10.100.4.8] INFO  o.a.c.c.C.[.[.[/] - [log,173] - Initializing Spring DispatcherServlet 'dispatcherServlet'
14:29:51.487 [nacos-grpc-client-executor-159] INFO  c.a.n.c.r.client - [printIfInfoEnabled,60] - [d7170f4e-c332-457a-9ce5-184e115558db] Receive server push request, request = NotifySubscriberRequest, requestId = 23
14:29:51.488 [nacos-grpc-client-executor-159] INFO  c.a.n.c.r.client - [printIfInfoEnabled,60] - [d7170f4e-c332-457a-9ce5-184e115558db] Ack server push request, request = NotifySubscriberRequest, requestId = 23
14:59:17.698 [SpringApplicationShutdownHook] INFO  c.a.c.n.r.NacosServiceRegistry - [deregister,94] - De-registering from Nacos Server now...
14:59:17.701 [SpringApplicationShutdownHook] INFO  c.a.c.n.r.NacosServiceRegistry - [deregister,114] - De-registration finished.
14:59:18.035 [SpringApplicationShutdownHook] INFO  c.a.n.c.r.client - [shutdown,454] - Shutdown rpc client, set status to shutdown
14:59:18.035 [SpringApplicationShutdownHook] INFO  c.a.n.c.r.client - [shutdown,456] - Shutdown client event executor java.util.concurrent.ScheduledThreadPoolExecutor@23209ded[Running, pool size = 2, active threads = 2, queued tasks = 0, completed tasks = 0]
14:59:18.035 [SpringApplicationShutdownHook] INFO  c.a.n.c.r.client - [closeConnection,591] - Close current connection 1690265944654_127.0.0.1_63680
14:59:18.037 [nacos-grpc-client-executor-545] INFO  c.a.n.c.r.c.g.GrpcClient - [printIfInfoEnabled,60] - [1690265944654_127.0.0.1_63680]Ignore complete event,isRunning:false,isAbandon=false
14:59:18.039 [SpringApplicationShutdownHook] INFO  c.a.n.c.r.c.g.GrpcClient - [shutdown,85] - Shutdown grpc executor java.util.concurrent.ThreadPoolExecutor@2d641dbb[Running, pool size = 6, active threads = 0, queued tasks = 0, completed tasks = 546]
14:59:18.185 [SpringApplicationShutdownHook] INFO  c.b.d.d.DynamicRoutingDataSource - [destroy,211] - dynamic-datasource start closing ....
14:59:18.189 [SpringApplicationShutdownHook] INFO  c.a.d.p.DruidDataSource - [close,2138] - {dataSource-1} closing ...
14:59:18.205 [SpringApplicationShutdownHook] INFO  c.a.d.p.DruidDataSource - [close,2211] - {dataSource-1} closed
14:59:18.206 [SpringApplicationShutdownHook] INFO  c.b.d.d.DynamicRoutingDataSource - [destroy,215] - dynamic-datasource all closed success,bye
15:37:12.986 [background-preinit] INFO  o.h.v.i.util.Version - [<clinit>,21] - HV000001: Hibernate Validator 6.2.5.Final
15:37:15.104 [main] INFO  c.a.n.c.r.client - [lambda$createClient$0,80] - [RpcClientFactory] create a new rpc client of b748a68b-5563-4e05-aad0-2a3689c4d842_config-0
15:37:15.229 [main] INFO  o.r.Reflections - [scan,232] - Reflections took 35 ms to scan 1 urls, producing 3 keys and 6 values 
15:37:15.252 [main] INFO  o.r.Reflections - [scan,232] - Reflections took 8 ms to scan 1 urls, producing 4 keys and 9 values 
15:37:15.262 [main] INFO  o.r.Reflections - [scan,232] - Reflections took 8 ms to scan 1 urls, producing 3 keys and 10 values 
15:37:15.403 [main] INFO  o.r.Reflections - [scan,232] - Reflections took 139 ms to scan 199 urls, producing 0 keys and 0 values 
15:37:15.412 [main] INFO  o.r.Reflections - [scan,232] - Reflections took 7 ms to scan 1 urls, producing 1 keys and 5 values 
15:37:15.425 [main] INFO  o.r.Reflections - [scan,232] - Reflections took 10 ms to scan 1 urls, producing 1 keys and 7 values 
15:37:15.437 [main] INFO  o.r.Reflections - [scan,232] - Reflections took 11 ms to scan 1 urls, producing 2 keys and 8 values 
15:37:15.552 [main] INFO  o.r.Reflections - [scan,232] - Reflections took 112 ms to scan 199 urls, producing 0 keys and 0 values 
15:37:15.554 [main] INFO  c.a.n.c.r.client - [printIfInfoEnabled,60] - [b748a68b-5563-4e05-aad0-2a3689c4d842_config-0] RpcClient init label, labels = {module=config, Vipserver-Tag=null, source=sdk, Amory-Tag=null, Location-Tag=null, taskId=0, AppName=unknown}
15:37:15.554 [main] INFO  c.a.n.c.r.client - [printIfInfoEnabled,60] - [b748a68b-5563-4e05-aad0-2a3689c4d842_config-0] Register server push request handler:com.alibaba.nacos.client.config.impl.ClientWorker$ConfigRpcTransportClient$$Lambda$334/832145584
15:37:15.554 [main] INFO  c.a.n.c.r.client - [printIfInfoEnabled,60] - [b748a68b-5563-4e05-aad0-2a3689c4d842_config-0] Register server push request handler:com.alibaba.nacos.client.config.impl.ClientWorker$ConfigRpcTransportClient$$Lambda$335/224060798
15:37:15.555 [main] INFO  c.a.n.c.r.client - [printIfInfoEnabled,60] - [b748a68b-5563-4e05-aad0-2a3689c4d842_config-0] Registry connection listener to current client:com.alibaba.nacos.client.config.impl.ClientWorker$ConfigRpcTransportClient$1
15:37:15.555 [main] INFO  c.a.n.c.r.client - [printIfInfoEnabled,60] - [b748a68b-5563-4e05-aad0-2a3689c4d842_config-0] RpcClient init, ServerListFactory = com.alibaba.nacos.client.config.impl.ClientWorker$ConfigRpcTransportClient$2
15:37:15.561 [main] INFO  c.a.n.c.r.client - [printIfInfoEnabled,60] - [b748a68b-5563-4e05-aad0-2a3689c4d842_config-0] Try to connect to server on start up, server: {serverIp = '127.0.0.1', server main port = 8848}
15:37:21.197 [main] INFO  c.a.n.c.r.client - [printIfInfoEnabled,60] - [b748a68b-5563-4e05-aad0-2a3689c4d842_config-0] Try to connect to server on start up, server: {serverIp = '127.0.0.1', server main port = 8848}
15:37:24.628 [main] INFO  c.a.n.c.r.client - [printIfInfoEnabled,60] - [b748a68b-5563-4e05-aad0-2a3689c4d842_config-0] Try to connect to server on start up, server: {serverIp = '127.0.0.1', server main port = 8848}
15:37:28.319 [main] INFO  c.a.n.c.r.client - [printIfInfoEnabled,60] - [b748a68b-5563-4e05-aad0-2a3689c4d842_config-0] Register server push request handler:com.alibaba.nacos.common.remote.client.RpcClient$ConnectResetRequestHandler
15:37:28.319 [com.alibaba.nacos.client.remote.worker] INFO  c.a.n.c.r.client - [printIfInfoEnabled,60] - [b748a68b-5563-4e05-aad0-2a3689c4d842_config-0] Try to reconnect to a new server, server is  not appointed, will choose a random server.
15:37:28.323 [main] INFO  c.a.n.c.r.client - [printIfInfoEnabled,60] - [b748a68b-5563-4e05-aad0-2a3689c4d842_config-0] Register server push request handler:com.alibaba.nacos.common.remote.client.RpcClient$$Lambda$344/979420182
15:37:28.609 [com.alibaba.nacos.client.remote.worker] INFO  c.a.n.c.r.client - [printIfInfoEnabled,60] - [b748a68b-5563-4e05-aad0-2a3689c4d842_config-0] Success to connect a server [127.0.0.1:8848], connectionId = 1690270648332_127.0.0.1_63040
15:37:28.609 [com.alibaba.nacos.client.remote.worker] INFO  c.a.n.c.r.client - [printIfInfoEnabled,60] - [b748a68b-5563-4e05-aad0-2a3689c4d842_config-0] Notify connected event to listeners.
15:37:28.761 [main] INFO  c.x.r.XmapReservationApplication - [logStartupProfileInfo,637] - The following 1 profile is active: "dev"
15:37:40.228 [main] INFO  o.a.c.h.Http11NioProtocol - [log,173] - Initializing ProtocolHandler ["http-nio-9233"]
15:37:40.229 [main] INFO  o.a.c.c.StandardService - [log,173] - Starting service [Tomcat]
15:37:40.229 [main] INFO  o.a.c.c.StandardEngine - [log,173] - Starting Servlet engine: [Apache Tomcat/9.0.70]
15:37:40.446 [main] INFO  o.a.c.c.C.[.[.[/] - [log,173] - Initializing Spring embedded WebApplicationContext
15:37:56.619 [main] INFO  c.a.d.p.DruidDataSource - [init,996] - {dataSource-1,master} inited
15:37:56.621 [main] INFO  c.b.d.d.DynamicRoutingDataSource - [addDataSource,154] - dynamic-datasource - add a datasource named [master] success
15:37:56.621 [main] INFO  c.b.d.d.DynamicRoutingDataSource - [afterPropertiesSet,234] - dynamic-datasource initial loaded [1] datasource,primary datasource named [master]
15:37:58.276 [main] INFO  c.a.c.s.SentinelWebMvcConfigurer - [addInterceptors,52] - [Sentinel Starter] register SentinelWebInterceptor with urlPatterns: [/**].
15:38:05.751 [main] INFO  c.a.n.c.r.client - [lambda$createClient$0,80] - [RpcClientFactory] create a new rpc client of f469e0a2-f55a-422f-b6ad-49ae388b534b
15:38:05.751 [main] INFO  c.a.n.c.r.client - [printIfInfoEnabled,60] - [f469e0a2-f55a-422f-b6ad-49ae388b534b] RpcClient init label, labels = {module=naming, source=sdk}
15:38:05.753 [main] INFO  c.a.n.c.r.client - [printIfInfoEnabled,60] - [f469e0a2-f55a-422f-b6ad-49ae388b534b] RpcClient init, ServerListFactory = com.alibaba.nacos.client.naming.core.ServerListManager
15:38:05.753 [main] INFO  c.a.n.c.r.client - [printIfInfoEnabled,60] - [f469e0a2-f55a-422f-b6ad-49ae388b534b] Registry connection listener to current client:com.alibaba.nacos.client.naming.remote.gprc.redo.NamingGrpcRedoService
15:38:05.753 [main] INFO  c.a.n.c.r.client - [printIfInfoEnabled,60] - [f469e0a2-f55a-422f-b6ad-49ae388b534b] Register server push request handler:com.alibaba.nacos.client.naming.remote.gprc.NamingPushRequestHandler
15:38:05.754 [main] INFO  c.a.n.c.r.client - [printIfInfoEnabled,60] - [f469e0a2-f55a-422f-b6ad-49ae388b534b] Try to connect to server on start up, server: {serverIp = '127.0.0.1', server main port = 8848}
15:38:05.869 [main] INFO  c.a.n.c.r.client - [printIfInfoEnabled,60] - [f469e0a2-f55a-422f-b6ad-49ae388b534b] Success to connect to server [127.0.0.1:8848] on start up, connectionId = 1690270685757_127.0.0.1_63711
15:38:05.869 [main] INFO  c.a.n.c.r.client - [printIfInfoEnabled,60] - [f469e0a2-f55a-422f-b6ad-49ae388b534b] Register server push request handler:com.alibaba.nacos.common.remote.client.RpcClient$ConnectResetRequestHandler
15:38:05.869 [com.alibaba.nacos.client.remote.worker] INFO  c.a.n.c.r.client - [printIfInfoEnabled,60] - [f469e0a2-f55a-422f-b6ad-49ae388b534b] Notify connected event to listeners.
15:38:05.869 [main] INFO  c.a.n.c.r.client - [printIfInfoEnabled,60] - [f469e0a2-f55a-422f-b6ad-49ae388b534b] Register server push request handler:com.alibaba.nacos.common.remote.client.RpcClient$$Lambda$344/979420182
15:38:05.894 [main] INFO  o.a.c.h.Http11NioProtocol - [log,173] - Starting ProtocolHandler ["http-nio-9233"]
15:38:05.916 [main] INFO  c.a.c.n.r.NacosServiceRegistry - [register,75] - nacos registry, DEFAULT_GROUP xmap-reservation 192.168.33.106:9233 register finished
15:38:06.410 [nacos-grpc-client-executor-5] INFO  c.a.n.c.r.client - [printIfInfoEnabled,60] - [f469e0a2-f55a-422f-b6ad-49ae388b534b] Receive server push request, request = NotifySubscriberRequest, requestId = 30
15:38:06.414 [nacos-grpc-client-executor-5] INFO  c.a.n.c.r.client - [printIfInfoEnabled,60] - [f469e0a2-f55a-422f-b6ad-49ae388b534b] Ack server push request, request = NotifySubscriberRequest, requestId = 30
15:38:08.903 [main] INFO  c.x.r.XmapReservationApplication - [logStarted,61] - Started XmapReservationApplication in 58.542 seconds (JVM running for 59.952)
15:38:08.913 [main] INFO  c.a.c.n.r.NacosContextRefresher - [registerNacosListener,129] - [Nacos Config] Listening config: dataId=xmap-reservation-dev.yml, group=DEFAULT_GROUP
15:38:08.914 [main] INFO  c.a.c.n.r.NacosContextRefresher - [registerNacosListener,129] - [Nacos Config] Listening config: dataId=xmap-reservation.yml, group=DEFAULT_GROUP
15:38:08.914 [main] INFO  c.a.c.n.r.NacosContextRefresher - [registerNacosListener,129] - [Nacos Config] Listening config: dataId=xmap-reservation, group=DEFAULT_GROUP
15:38:12.014 [RMI TCP Connection(11)-192.168.33.106] INFO  o.a.c.c.C.[.[.[/] - [log,173] - Initializing Spring DispatcherServlet 'dispatcherServlet'
18:34:11.122 [SpringApplicationShutdownHook] INFO  c.a.c.n.r.NacosServiceRegistry - [deregister,94] - De-registering from Nacos Server now...
18:34:11.129 [SpringApplicationShutdownHook] INFO  c.a.c.n.r.NacosServiceRegistry - [deregister,114] - De-registration finished.
18:34:11.465 [SpringApplicationShutdownHook] INFO  c.a.n.c.r.client - [shutdown,454] - Shutdown rpc client, set status to shutdown
18:34:11.467 [SpringApplicationShutdownHook] INFO  c.a.n.c.r.client - [shutdown,456] - Shutdown client event executor java.util.concurrent.ScheduledThreadPoolExecutor@6a24fc88[Running, pool size = 2, active threads = 2, queued tasks = 0, completed tasks = 0]
18:34:11.468 [SpringApplicationShutdownHook] INFO  c.a.n.c.r.client - [closeConnection,591] - Close current connection 1690270685757_127.0.0.1_63711
18:34:11.472 [nacos-grpc-client-executor-2364] INFO  c.a.n.c.r.c.g.GrpcClient - [printIfInfoEnabled,60] - [1690270685757_127.0.0.1_63711]Ignore complete event,isRunning:false,isAbandon=false
18:34:11.481 [SpringApplicationShutdownHook] INFO  c.a.n.c.r.c.g.GrpcClient - [shutdown,85] - Shutdown grpc executor java.util.concurrent.ThreadPoolExecutor@5a61c719[Running, pool size = 6, active threads = 0, queued tasks = 0, completed tasks = 2365]
18:34:11.703 [SpringApplicationShutdownHook] INFO  c.b.d.d.DynamicRoutingDataSource - [destroy,211] - dynamic-datasource start closing ....
18:34:11.719 [SpringApplicationShutdownHook] INFO  c.a.d.p.DruidDataSource - [close,2138] - {dataSource-1} closing ...
18:34:11.745 [SpringApplicationShutdownHook] INFO  c.a.d.p.DruidDataSource - [close,2211] - {dataSource-1} closed
18:34:11.745 [SpringApplicationShutdownHook] INFO  c.b.d.d.DynamicRoutingDataSource - [destroy,215] - dynamic-datasource all closed success,bye
19:56:20.176 [background-preinit] INFO  o.h.v.i.util.Version - [<clinit>,21] - HV000001: Hibernate Validator 6.2.5.Final
19:56:32.845 [main] INFO  c.a.n.c.r.client - [lambda$createClient$0,80] - [RpcClientFactory] create a new rpc client of fa0dc693-dff5-429e-af51-ddb1a2d58ab7_config-0
19:56:32.880 [main] INFO  o.r.Reflections - [scan,232] - Reflections took 20 ms to scan 1 urls, producing 3 keys and 6 values 
19:56:32.909 [main] INFO  o.r.Reflections - [scan,232] - Reflections took 17 ms to scan 1 urls, producing 4 keys and 9 values 
19:56:32.927 [main] INFO  o.r.Reflections - [scan,232] - Reflections took 16 ms to scan 1 urls, producing 3 keys and 10 values 
19:56:33.171 [main] INFO  o.r.Reflections - [scan,232] - Reflections took 241 ms to scan 199 urls, producing 0 keys and 0 values 
19:56:33.183 [main] INFO  o.r.Reflections - [scan,232] - Reflections took 11 ms to scan 1 urls, producing 1 keys and 5 values 
19:56:33.196 [main] INFO  o.r.Reflections - [scan,232] - Reflections took 11 ms to scan 1 urls, producing 1 keys and 7 values 
19:56:33.207 [main] INFO  o.r.Reflections - [scan,232] - Reflections took 9 ms to scan 1 urls, producing 2 keys and 8 values 
19:56:33.395 [main] INFO  o.r.Reflections - [scan,232] - Reflections took 186 ms to scan 199 urls, producing 0 keys and 0 values 
19:56:33.397 [main] INFO  c.a.n.c.r.client - [printIfInfoEnabled,60] - [fa0dc693-dff5-429e-af51-ddb1a2d58ab7_config-0] RpcClient init label, labels = {module=config, Vipserver-Tag=null, source=sdk, Amory-Tag=null, Location-Tag=null, taskId=0, AppName=unknown}
19:56:33.397 [main] INFO  c.a.n.c.r.client - [printIfInfoEnabled,60] - [fa0dc693-dff5-429e-af51-ddb1a2d58ab7_config-0] Register server push request handler:com.alibaba.nacos.client.config.impl.ClientWorker$ConfigRpcTransportClient$$Lambda$334/832145584
19:56:33.397 [main] INFO  c.a.n.c.r.client - [printIfInfoEnabled,60] - [fa0dc693-dff5-429e-af51-ddb1a2d58ab7_config-0] Register server push request handler:com.alibaba.nacos.client.config.impl.ClientWorker$ConfigRpcTransportClient$$Lambda$335/224060798
19:56:33.399 [main] INFO  c.a.n.c.r.client - [printIfInfoEnabled,60] - [fa0dc693-dff5-429e-af51-ddb1a2d58ab7_config-0] Registry connection listener to current client:com.alibaba.nacos.client.config.impl.ClientWorker$ConfigRpcTransportClient$1
19:56:33.399 [main] INFO  c.a.n.c.r.client - [printIfInfoEnabled,60] - [fa0dc693-dff5-429e-af51-ddb1a2d58ab7_config-0] RpcClient init, ServerListFactory = com.alibaba.nacos.client.config.impl.ClientWorker$ConfigRpcTransportClient$2
19:56:33.404 [main] INFO  c.a.n.c.r.client - [printIfInfoEnabled,60] - [fa0dc693-dff5-429e-af51-ddb1a2d58ab7_config-0] Try to connect to server on start up, server: {serverIp = '127.0.0.1', server main port = 8848}
19:56:40.869 [main] INFO  c.a.n.c.r.client - [printIfInfoEnabled,60] - [fa0dc693-dff5-429e-af51-ddb1a2d58ab7_config-0] Try to connect to server on start up, server: {serverIp = '127.0.0.1', server main port = 8848}
19:56:43.570 [main] INFO  c.a.n.c.r.client - [printIfInfoEnabled,60] - [fa0dc693-dff5-429e-af51-ddb1a2d58ab7_config-0] Success to connect to server [127.0.0.1:8848] on start up, connectionId = 1690286203328_127.0.0.1_55965
19:56:43.570 [com.alibaba.nacos.client.remote.worker] INFO  c.a.n.c.r.client - [printIfInfoEnabled,60] - [fa0dc693-dff5-429e-af51-ddb1a2d58ab7_config-0] Notify connected event to listeners.
19:56:43.571 [main] INFO  c.a.n.c.r.client - [printIfInfoEnabled,60] - [fa0dc693-dff5-429e-af51-ddb1a2d58ab7_config-0] Register server push request handler:com.alibaba.nacos.common.remote.client.RpcClient$ConnectResetRequestHandler
19:56:43.572 [main] INFO  c.a.n.c.r.client - [printIfInfoEnabled,60] - [fa0dc693-dff5-429e-af51-ddb1a2d58ab7_config-0] Register server push request handler:com.alibaba.nacos.common.remote.client.RpcClient$$Lambda$344/518167684
19:56:43.641 [main] INFO  c.x.r.XmapReservationApplication - [logStartupProfileInfo,637] - The following 1 profile is active: "dev"
19:56:45.474 [main] INFO  o.a.c.h.Http11NioProtocol - [log,173] - Initializing ProtocolHandler ["http-nio-9233"]
19:56:45.474 [main] INFO  o.a.c.c.StandardService - [log,173] - Starting service [Tomcat]
19:56:45.475 [main] INFO  o.a.c.c.StandardEngine - [log,173] - Starting Servlet engine: [Apache Tomcat/9.0.70]
19:56:45.634 [main] INFO  o.a.c.c.C.[.[.[/] - [log,173] - Initializing Spring embedded WebApplicationContext
19:56:48.533 [main] INFO  c.a.d.p.DruidDataSource - [init,996] - {dataSource-1,master} inited
19:56:48.534 [main] INFO  c.b.d.d.DynamicRoutingDataSource - [addDataSource,154] - dynamic-datasource - add a datasource named [master] success
19:56:48.534 [main] INFO  c.b.d.d.DynamicRoutingDataSource - [afterPropertiesSet,234] - dynamic-datasource initial loaded [1] datasource,primary datasource named [master]
19:56:49.480 [main] INFO  c.a.c.s.SentinelWebMvcConfigurer - [addInterceptors,52] - [Sentinel Starter] register SentinelWebInterceptor with urlPatterns: [/**].
19:56:56.559 [main] INFO  c.a.n.c.r.client - [lambda$createClient$0,80] - [RpcClientFactory] create a new rpc client of ef395466-ac4c-431f-927b-1c9e9b996c5c
19:56:56.560 [main] INFO  c.a.n.c.r.client - [printIfInfoEnabled,60] - [ef395466-ac4c-431f-927b-1c9e9b996c5c] RpcClient init label, labels = {module=naming, source=sdk}
19:56:56.561 [main] INFO  c.a.n.c.r.client - [printIfInfoEnabled,60] - [ef395466-ac4c-431f-927b-1c9e9b996c5c] RpcClient init, ServerListFactory = com.alibaba.nacos.client.naming.core.ServerListManager
19:56:56.561 [main] INFO  c.a.n.c.r.client - [printIfInfoEnabled,60] - [ef395466-ac4c-431f-927b-1c9e9b996c5c] Registry connection listener to current client:com.alibaba.nacos.client.naming.remote.gprc.redo.NamingGrpcRedoService
19:56:56.561 [main] INFO  c.a.n.c.r.client - [printIfInfoEnabled,60] - [ef395466-ac4c-431f-927b-1c9e9b996c5c] Register server push request handler:com.alibaba.nacos.client.naming.remote.gprc.NamingPushRequestHandler
19:56:56.561 [main] INFO  c.a.n.c.r.client - [printIfInfoEnabled,60] - [ef395466-ac4c-431f-927b-1c9e9b996c5c] Try to connect to server on start up, server: {serverIp = '127.0.0.1', server main port = 8848}
19:56:56.680 [main] INFO  c.a.n.c.r.client - [printIfInfoEnabled,60] - [ef395466-ac4c-431f-927b-1c9e9b996c5c] Success to connect to server [127.0.0.1:8848] on start up, connectionId = 1690286216565_127.0.0.1_56046
19:56:56.680 [main] INFO  c.a.n.c.r.client - [printIfInfoEnabled,60] - [ef395466-ac4c-431f-927b-1c9e9b996c5c] Register server push request handler:com.alibaba.nacos.common.remote.client.RpcClient$ConnectResetRequestHandler
19:56:56.680 [main] INFO  c.a.n.c.r.client - [printIfInfoEnabled,60] - [ef395466-ac4c-431f-927b-1c9e9b996c5c] Register server push request handler:com.alibaba.nacos.common.remote.client.RpcClient$$Lambda$344/518167684
19:56:56.680 [com.alibaba.nacos.client.remote.worker] INFO  c.a.n.c.r.client - [printIfInfoEnabled,60] - [ef395466-ac4c-431f-927b-1c9e9b996c5c] Notify connected event to listeners.
19:56:56.702 [main] INFO  o.a.c.h.Http11NioProtocol - [log,173] - Starting ProtocolHandler ["http-nio-9233"]
19:56:56.723 [main] INFO  c.a.c.n.r.NacosServiceRegistry - [register,75] - nacos registry, DEFAULT_GROUP xmap-reservation 192.168.33.106:9233 register finished
19:56:57.220 [nacos-grpc-client-executor-8] INFO  c.a.n.c.r.client - [printIfInfoEnabled,60] - [ef395466-ac4c-431f-927b-1c9e9b996c5c] Receive server push request, request = NotifySubscriberRequest, requestId = 45
19:56:57.223 [nacos-grpc-client-executor-8] INFO  c.a.n.c.r.client - [printIfInfoEnabled,60] - [ef395466-ac4c-431f-927b-1c9e9b996c5c] Ack server push request, request = NotifySubscriberRequest, requestId = 45
19:57:00.353 [main] INFO  c.x.r.XmapReservationApplication - [logStarted,61] - Started XmapReservationApplication in 45.906 seconds (JVM running for 52.251)
19:57:00.362 [main] INFO  c.a.c.n.r.NacosContextRefresher - [registerNacosListener,129] - [Nacos Config] Listening config: dataId=xmap-reservation-dev.yml, group=DEFAULT_GROUP
19:57:00.362 [main] INFO  c.a.c.n.r.NacosContextRefresher - [registerNacosListener,129] - [Nacos Config] Listening config: dataId=xmap-reservation.yml, group=DEFAULT_GROUP
19:57:00.363 [main] INFO  c.a.c.n.r.NacosContextRefresher - [registerNacosListener,129] - [Nacos Config] Listening config: dataId=xmap-reservation, group=DEFAULT_GROUP
19:57:02.839 [RMI TCP Connection(5)-192.168.33.106] INFO  o.a.c.c.C.[.[.[/] - [log,173] - Initializing Spring DispatcherServlet 'dispatcherServlet'
