09:14:36.358 [background-preinit] INFO  o.h.v.i.util.Version - [<clinit>,21] - HV000001: Hibernate Validator 6.2.5.Final
09:14:42.539 [main] INFO  c.a.n.c.r.client - [lambda$createClient$0,80] - [RpcClientFactory] create a new rpc client of 6579f03c-6615-4e4b-b47e-07a78787c171_config-0
09:14:42.586 [main] INFO  o.r.Reflections - [scan,232] - Reflections took 30 ms to scan 1 urls, producing 3 keys and 6 values 
09:14:42.614 [main] INFO  o.r.Reflections - [scan,232] - Reflections took 15 ms to scan 1 urls, producing 4 keys and 9 values 
09:14:42.627 [main] INFO  o.r.Reflections - [scan,232] - Reflections took 11 ms to scan 1 urls, producing 3 keys and 10 values 
09:14:42.847 [main] INFO  o.r.Reflections - [scan,232] - Reflections took 216 ms to scan 199 urls, producing 0 keys and 0 values 
09:14:42.860 [main] INFO  o.r.Reflections - [scan,232] - Reflections took 12 ms to scan 1 urls, producing 1 keys and 5 values 
09:14:42.873 [main] INFO  o.r.Reflections - [scan,232] - Reflections took 11 ms to scan 1 urls, producing 1 keys and 7 values 
09:14:42.886 [main] INFO  o.r.Reflections - [scan,232] - Reflections took 11 ms to scan 1 urls, producing 2 keys and 8 values 
09:14:43.051 [main] INFO  o.r.Reflections - [scan,232] - Reflections took 163 ms to scan 199 urls, producing 0 keys and 0 values 
09:14:43.053 [main] INFO  c.a.n.c.r.client - [printIfInfoEnabled,60] - [6579f03c-6615-4e4b-b47e-07a78787c171_config-0] RpcClient init label, labels = {module=config, Vipserver-Tag=null, source=sdk, Amory-Tag=null, Location-Tag=null, taskId=0, AppName=unknown}
09:14:43.053 [main] INFO  c.a.n.c.r.client - [printIfInfoEnabled,60] - [6579f03c-6615-4e4b-b47e-07a78787c171_config-0] Register server push request handler:com.alibaba.nacos.client.config.impl.ClientWorker$ConfigRpcTransportClient$$Lambda$334/832145584
09:14:43.054 [main] INFO  c.a.n.c.r.client - [printIfInfoEnabled,60] - [6579f03c-6615-4e4b-b47e-07a78787c171_config-0] Register server push request handler:com.alibaba.nacos.client.config.impl.ClientWorker$ConfigRpcTransportClient$$Lambda$335/224060798
09:14:43.055 [main] INFO  c.a.n.c.r.client - [printIfInfoEnabled,60] - [6579f03c-6615-4e4b-b47e-07a78787c171_config-0] Registry connection listener to current client:com.alibaba.nacos.client.config.impl.ClientWorker$ConfigRpcTransportClient$1
09:14:43.055 [main] INFO  c.a.n.c.r.client - [printIfInfoEnabled,60] - [6579f03c-6615-4e4b-b47e-07a78787c171_config-0] RpcClient init, ServerListFactory = com.alibaba.nacos.client.config.impl.ClientWorker$ConfigRpcTransportClient$2
09:14:43.063 [main] INFO  c.a.n.c.r.client - [printIfInfoEnabled,60] - [6579f03c-6615-4e4b-b47e-07a78787c171_config-0] Try to connect to server on start up, server: {serverIp = '127.0.0.1', server main port = 8848}
09:14:49.519 [main] INFO  c.a.n.c.r.client - [printIfInfoEnabled,60] - [6579f03c-6615-4e4b-b47e-07a78787c171_config-0] Success to connect to server [127.0.0.1:8848] on start up, connectionId = 1691025289335_127.0.0.1_59045
09:14:49.519 [com.alibaba.nacos.client.remote.worker] INFO  c.a.n.c.r.client - [printIfInfoEnabled,60] - [6579f03c-6615-4e4b-b47e-07a78787c171_config-0] Notify connected event to listeners.
09:14:49.520 [main] INFO  c.a.n.c.r.client - [printIfInfoEnabled,60] - [6579f03c-6615-4e4b-b47e-07a78787c171_config-0] Register server push request handler:com.alibaba.nacos.common.remote.client.RpcClient$ConnectResetRequestHandler
09:14:49.521 [main] INFO  c.a.n.c.r.client - [printIfInfoEnabled,60] - [6579f03c-6615-4e4b-b47e-07a78787c171_config-0] Register server push request handler:com.alibaba.nacos.common.remote.client.RpcClient$$Lambda$344/1788034018
09:14:49.593 [main] INFO  c.x.r.XmapReservationApplication - [logStartupProfileInfo,637] - The following 1 profile is active: "dev"
09:14:51.313 [main] INFO  o.a.c.h.Http11NioProtocol - [log,173] - Initializing ProtocolHandler ["http-nio-9233"]
09:14:51.314 [main] INFO  o.a.c.c.StandardService - [log,173] - Starting service [Tomcat]
09:14:51.314 [main] INFO  o.a.c.c.StandardEngine - [log,173] - Starting Servlet engine: [Apache Tomcat/9.0.70]
09:14:51.473 [main] INFO  o.a.c.c.C.[.[.[/] - [log,173] - Initializing Spring embedded WebApplicationContext
09:14:53.421 [main] INFO  c.a.d.p.DruidDataSource - [init,996] - {dataSource-1,master} inited
09:14:53.421 [main] INFO  c.b.d.d.DynamicRoutingDataSource - [addDataSource,154] - dynamic-datasource - add a datasource named [master] success
09:14:53.422 [main] INFO  c.b.d.d.DynamicRoutingDataSource - [afterPropertiesSet,234] - dynamic-datasource initial loaded [1] datasource,primary datasource named [master]
09:14:54.339 [main] INFO  c.a.c.s.SentinelWebMvcConfigurer - [addInterceptors,52] - [Sentinel Starter] register SentinelWebInterceptor with urlPatterns: [/**].
09:15:01.807 [main] INFO  c.a.n.c.r.client - [lambda$createClient$0,80] - [RpcClientFactory] create a new rpc client of 07d92fdb-91fd-4c42-a36a-69e3379d4855
09:15:01.807 [main] INFO  c.a.n.c.r.client - [printIfInfoEnabled,60] - [07d92fdb-91fd-4c42-a36a-69e3379d4855] RpcClient init label, labels = {module=naming, source=sdk}
09:15:01.808 [main] INFO  c.a.n.c.r.client - [printIfInfoEnabled,60] - [07d92fdb-91fd-4c42-a36a-69e3379d4855] RpcClient init, ServerListFactory = com.alibaba.nacos.client.naming.core.ServerListManager
09:15:01.808 [main] INFO  c.a.n.c.r.client - [printIfInfoEnabled,60] - [07d92fdb-91fd-4c42-a36a-69e3379d4855] Registry connection listener to current client:com.alibaba.nacos.client.naming.remote.gprc.redo.NamingGrpcRedoService
09:15:01.808 [main] INFO  c.a.n.c.r.client - [printIfInfoEnabled,60] - [07d92fdb-91fd-4c42-a36a-69e3379d4855] Register server push request handler:com.alibaba.nacos.client.naming.remote.gprc.NamingPushRequestHandler
09:15:01.809 [main] INFO  c.a.n.c.r.client - [printIfInfoEnabled,60] - [07d92fdb-91fd-4c42-a36a-69e3379d4855] Try to connect to server on start up, server: {serverIp = '127.0.0.1', server main port = 8848}
09:15:01.920 [main] INFO  c.a.n.c.r.client - [printIfInfoEnabled,60] - [07d92fdb-91fd-4c42-a36a-69e3379d4855] Success to connect to server [127.0.0.1:8848] on start up, connectionId = 1691025301813_127.0.0.1_59191
09:15:01.920 [main] INFO  c.a.n.c.r.client - [printIfInfoEnabled,60] - [07d92fdb-91fd-4c42-a36a-69e3379d4855] Register server push request handler:com.alibaba.nacos.common.remote.client.RpcClient$ConnectResetRequestHandler
09:15:01.920 [com.alibaba.nacos.client.remote.worker] INFO  c.a.n.c.r.client - [printIfInfoEnabled,60] - [07d92fdb-91fd-4c42-a36a-69e3379d4855] Notify connected event to listeners.
09:15:01.920 [main] INFO  c.a.n.c.r.client - [printIfInfoEnabled,60] - [07d92fdb-91fd-4c42-a36a-69e3379d4855] Register server push request handler:com.alibaba.nacos.common.remote.client.RpcClient$$Lambda$344/1788034018
09:15:01.946 [main] INFO  o.a.c.h.Http11NioProtocol - [log,173] - Starting ProtocolHandler ["http-nio-9233"]
09:15:01.966 [main] INFO  c.a.c.n.r.NacosServiceRegistry - [register,75] - nacos registry, DEFAULT_GROUP xmap-reservation 10.100.4.8:9233 register finished
09:15:02.461 [nacos-grpc-client-executor-6] INFO  c.a.n.c.r.client - [printIfInfoEnabled,60] - [07d92fdb-91fd-4c42-a36a-69e3379d4855] Receive server push request, request = NotifySubscriberRequest, requestId = 14
09:15:02.476 [nacos-grpc-client-executor-6] INFO  c.a.n.c.r.client - [printIfInfoEnabled,60] - [07d92fdb-91fd-4c42-a36a-69e3379d4855] Ack server push request, request = NotifySubscriberRequest, requestId = 14
09:15:05.784 [main] INFO  c.x.r.XmapReservationApplication - [logStarted,61] - Started XmapReservationApplication in 38.852 seconds (JVM running for 46.673)
09:15:05.792 [main] INFO  c.a.c.n.r.NacosContextRefresher - [registerNacosListener,129] - [Nacos Config] Listening config: dataId=xmap-reservation-dev.yml, group=DEFAULT_GROUP
09:15:05.792 [main] INFO  c.a.c.n.r.NacosContextRefresher - [registerNacosListener,129] - [Nacos Config] Listening config: dataId=xmap-reservation.yml, group=DEFAULT_GROUP
09:15:05.793 [main] INFO  c.a.c.n.r.NacosContextRefresher - [registerNacosListener,129] - [Nacos Config] Listening config: dataId=xmap-reservation, group=DEFAULT_GROUP
09:15:07.046 [RMI TCP Connection(4)-10.100.4.8] INFO  o.a.c.c.C.[.[.[/] - [log,173] - Initializing Spring DispatcherServlet 'dispatcherServlet'
10:06:23.728 [nacos-grpc-client-executor-319] INFO  c.a.n.c.r.client - [printIfInfoEnabled,60] - [6579f03c-6615-4e4b-b47e-07a78787c171_config-0] Receive server push request, request = ClientDetectionRequest, requestId = 32
10:06:23.728 [nacos-grpc-client-executor-319] INFO  c.a.n.c.r.client - [printIfInfoEnabled,60] - [6579f03c-6615-4e4b-b47e-07a78787c171_config-0] Ack server push request, request = ClientDetectionRequest, requestId = 32
10:25:03.516 [nacos-grpc-client-executor-344] INFO  c.a.n.c.r.client - [printIfInfoEnabled,60] - [07d92fdb-91fd-4c42-a36a-69e3379d4855] Receive server push request, request = ClientDetectionRequest, requestId = 37
10:25:03.516 [nacos-grpc-client-executor-344] INFO  c.a.n.c.r.client - [printIfInfoEnabled,60] - [07d92fdb-91fd-4c42-a36a-69e3379d4855] Ack server push request, request = ClientDetectionRequest, requestId = 37
10:28:48.730 [nacos-grpc-client-executor-386] INFO  c.a.n.c.r.client - [printIfInfoEnabled,60] - [07d92fdb-91fd-4c42-a36a-69e3379d4855] Receive server push request, request = ClientDetectionRequest, requestId = 40
10:28:48.730 [nacos-grpc-client-executor-386] INFO  c.a.n.c.r.client - [printIfInfoEnabled,60] - [07d92fdb-91fd-4c42-a36a-69e3379d4855] Ack server push request, request = ClientDetectionRequest, requestId = 40
10:52:25.097 [nacos-grpc-client-executor-426] INFO  c.a.n.c.r.client - [printIfInfoEnabled,60] - [07d92fdb-91fd-4c42-a36a-69e3379d4855] Receive server push request, request = ClientDetectionRequest, requestId = 48
10:52:25.098 [nacos-grpc-client-executor-426] INFO  c.a.n.c.r.client - [printIfInfoEnabled,60] - [07d92fdb-91fd-4c42-a36a-69e3379d4855] Ack server push request, request = ClientDetectionRequest, requestId = 48
10:55:44.519 [SpringApplicationShutdownHook] INFO  c.a.c.n.r.NacosServiceRegistry - [deregister,94] - De-registering from Nacos Server now...
10:55:44.523 [SpringApplicationShutdownHook] INFO  c.a.c.n.r.NacosServiceRegistry - [deregister,114] - De-registration finished.
10:55:44.849 [SpringApplicationShutdownHook] INFO  c.a.n.c.r.client - [shutdown,454] - Shutdown rpc client, set status to shutdown
10:55:44.849 [SpringApplicationShutdownHook] INFO  c.a.n.c.r.client - [shutdown,456] - Shutdown client event executor java.util.concurrent.ScheduledThreadPoolExecutor@2de0dd49[Running, pool size = 2, active threads = 2, queued tasks = 0, completed tasks = 0]
10:55:44.849 [SpringApplicationShutdownHook] INFO  c.a.n.c.r.client - [closeConnection,591] - Close current connection 1691025301813_127.0.0.1_59191
10:55:44.851 [nacos-grpc-client-executor-468] INFO  c.a.n.c.r.c.g.GrpcClient - [printIfInfoEnabled,60] - [1691025301813_127.0.0.1_59191]Ignore complete event,isRunning:false,isAbandon=false
10:55:44.853 [SpringApplicationShutdownHook] INFO  c.a.n.c.r.c.g.GrpcClient - [shutdown,85] - Shutdown grpc executor java.util.concurrent.ThreadPoolExecutor@5b2c5895[Running, pool size = 5, active threads = 0, queued tasks = 0, completed tasks = 469]
10:55:44.985 [SpringApplicationShutdownHook] INFO  c.b.d.d.DynamicRoutingDataSource - [destroy,211] - dynamic-datasource start closing ....
10:55:44.987 [SpringApplicationShutdownHook] INFO  c.a.d.p.DruidDataSource - [close,2138] - {dataSource-1} closing ...
10:55:44.994 [SpringApplicationShutdownHook] INFO  c.a.d.p.DruidDataSource - [close,2211] - {dataSource-1} closed
10:55:44.994 [SpringApplicationShutdownHook] INFO  c.b.d.d.DynamicRoutingDataSource - [destroy,215] - dynamic-datasource all closed success,bye
10:56:14.973 [background-preinit] INFO  o.h.v.i.util.Version - [<clinit>,21] - HV000001: Hibernate Validator 6.2.5.Final
10:56:27.969 [main] INFO  c.a.n.c.r.client - [lambda$createClient$0,80] - [RpcClientFactory] create a new rpc client of 2a9a5505-9be7-4783-8b7d-4a5362ff2108_config-0
10:56:28.021 [main] INFO  o.r.Reflections - [scan,232] - Reflections took 35 ms to scan 1 urls, producing 3 keys and 6 values 
10:56:28.054 [main] INFO  o.r.Reflections - [scan,232] - Reflections took 16 ms to scan 1 urls, producing 4 keys and 9 values 
10:56:28.073 [main] INFO  o.r.Reflections - [scan,232] - Reflections took 16 ms to scan 1 urls, producing 3 keys and 10 values 
10:56:28.297 [main] INFO  o.r.Reflections - [scan,232] - Reflections took 221 ms to scan 199 urls, producing 0 keys and 0 values 
10:56:28.313 [main] INFO  o.r.Reflections - [scan,232] - Reflections took 15 ms to scan 1 urls, producing 1 keys and 5 values 
10:56:28.328 [main] INFO  o.r.Reflections - [scan,232] - Reflections took 13 ms to scan 1 urls, producing 1 keys and 7 values 
10:56:28.345 [main] INFO  o.r.Reflections - [scan,232] - Reflections took 15 ms to scan 1 urls, producing 2 keys and 8 values 
10:56:28.540 [main] INFO  o.r.Reflections - [scan,232] - Reflections took 192 ms to scan 199 urls, producing 0 keys and 0 values 
10:56:28.541 [main] INFO  c.a.n.c.r.client - [printIfInfoEnabled,60] - [2a9a5505-9be7-4783-8b7d-4a5362ff2108_config-0] RpcClient init label, labels = {module=config, Vipserver-Tag=null, source=sdk, Amory-Tag=null, Location-Tag=null, taskId=0, AppName=unknown}
10:56:28.542 [main] INFO  c.a.n.c.r.client - [printIfInfoEnabled,60] - [2a9a5505-9be7-4783-8b7d-4a5362ff2108_config-0] Register server push request handler:com.alibaba.nacos.client.config.impl.ClientWorker$ConfigRpcTransportClient$$Lambda$334/832145584
10:56:28.542 [main] INFO  c.a.n.c.r.client - [printIfInfoEnabled,60] - [2a9a5505-9be7-4783-8b7d-4a5362ff2108_config-0] Register server push request handler:com.alibaba.nacos.client.config.impl.ClientWorker$ConfigRpcTransportClient$$Lambda$335/224060798
10:56:28.543 [main] INFO  c.a.n.c.r.client - [printIfInfoEnabled,60] - [2a9a5505-9be7-4783-8b7d-4a5362ff2108_config-0] Registry connection listener to current client:com.alibaba.nacos.client.config.impl.ClientWorker$ConfigRpcTransportClient$1
10:56:28.543 [main] INFO  c.a.n.c.r.client - [printIfInfoEnabled,60] - [2a9a5505-9be7-4783-8b7d-4a5362ff2108_config-0] RpcClient init, ServerListFactory = com.alibaba.nacos.client.config.impl.ClientWorker$ConfigRpcTransportClient$2
10:56:28.550 [main] INFO  c.a.n.c.r.client - [printIfInfoEnabled,60] - [2a9a5505-9be7-4783-8b7d-4a5362ff2108_config-0] Try to connect to server on start up, server: {serverIp = '127.0.0.1', server main port = 8848}
10:56:42.929 [main] INFO  c.a.n.c.r.client - [printIfInfoEnabled,60] - [2a9a5505-9be7-4783-8b7d-4a5362ff2108_config-0] Try to connect to server on start up, server: {serverIp = '127.0.0.1', server main port = 8848}
10:56:45.952 [main] INFO  c.a.n.c.r.client - [printIfInfoEnabled,60] - [2a9a5505-9be7-4783-8b7d-4a5362ff2108_config-0] Try to connect to server on start up, server: {serverIp = '127.0.0.1', server main port = 8848}
10:56:48.946 [main] INFO  c.a.n.c.r.client - [printIfInfoEnabled,60] - [2a9a5505-9be7-4783-8b7d-4a5362ff2108_config-0] Success to connect to server [127.0.0.1:8848] on start up, connectionId = 1691031408450_127.0.0.1_50425
10:56:48.947 [com.alibaba.nacos.client.remote.worker] INFO  c.a.n.c.r.client - [printIfInfoEnabled,60] - [2a9a5505-9be7-4783-8b7d-4a5362ff2108_config-0] Notify connected event to listeners.
10:56:48.948 [main] INFO  c.a.n.c.r.client - [printIfInfoEnabled,60] - [2a9a5505-9be7-4783-8b7d-4a5362ff2108_config-0] Register server push request handler:com.alibaba.nacos.common.remote.client.RpcClient$ConnectResetRequestHandler
10:56:48.949 [main] INFO  c.a.n.c.r.client - [printIfInfoEnabled,60] - [2a9a5505-9be7-4783-8b7d-4a5362ff2108_config-0] Register server push request handler:com.alibaba.nacos.common.remote.client.RpcClient$$Lambda$344/1913017282
10:56:49.352 [main] INFO  c.x.r.XmapReservationApplication - [logStartupProfileInfo,637] - The following 1 profile is active: "dev"
10:56:54.277 [main] INFO  o.a.c.h.Http11NioProtocol - [log,173] - Initializing ProtocolHandler ["http-nio-9233"]
10:56:54.278 [main] INFO  o.a.c.c.StandardService - [log,173] - Starting service [Tomcat]
10:56:54.278 [main] INFO  o.a.c.c.StandardEngine - [log,173] - Starting Servlet engine: [Apache Tomcat/9.0.70]
10:56:54.504 [main] INFO  o.a.c.c.C.[.[.[/] - [log,173] - Initializing Spring embedded WebApplicationContext
10:56:58.358 [main] INFO  c.a.d.p.DruidDataSource - [init,996] - {dataSource-1,master} inited
10:56:58.359 [main] INFO  c.b.d.d.DynamicRoutingDataSource - [addDataSource,154] - dynamic-datasource - add a datasource named [master] success
10:56:58.359 [main] INFO  c.b.d.d.DynamicRoutingDataSource - [afterPropertiesSet,234] - dynamic-datasource initial loaded [1] datasource,primary datasource named [master]
10:56:59.607 [main] INFO  c.a.c.s.SentinelWebMvcConfigurer - [addInterceptors,52] - [Sentinel Starter] register SentinelWebInterceptor with urlPatterns: [/**].
10:57:18.718 [main] INFO  c.a.n.c.r.client - [lambda$createClient$0,80] - [RpcClientFactory] create a new rpc client of 48562df5-8ef7-4293-b5fd-c49c7223dfc7
10:57:18.719 [main] INFO  c.a.n.c.r.client - [printIfInfoEnabled,60] - [48562df5-8ef7-4293-b5fd-c49c7223dfc7] RpcClient init label, labels = {module=naming, source=sdk}
10:57:18.720 [main] INFO  c.a.n.c.r.client - [printIfInfoEnabled,60] - [48562df5-8ef7-4293-b5fd-c49c7223dfc7] RpcClient init, ServerListFactory = com.alibaba.nacos.client.naming.core.ServerListManager
10:57:18.720 [main] INFO  c.a.n.c.r.client - [printIfInfoEnabled,60] - [48562df5-8ef7-4293-b5fd-c49c7223dfc7] Registry connection listener to current client:com.alibaba.nacos.client.naming.remote.gprc.redo.NamingGrpcRedoService
10:57:18.720 [main] INFO  c.a.n.c.r.client - [printIfInfoEnabled,60] - [48562df5-8ef7-4293-b5fd-c49c7223dfc7] Register server push request handler:com.alibaba.nacos.client.naming.remote.gprc.NamingPushRequestHandler
10:57:18.721 [main] INFO  c.a.n.c.r.client - [printIfInfoEnabled,60] - [48562df5-8ef7-4293-b5fd-c49c7223dfc7] Try to connect to server on start up, server: {serverIp = '127.0.0.1', server main port = 8848}
10:57:18.841 [main] INFO  c.a.n.c.r.client - [printIfInfoEnabled,60] - [48562df5-8ef7-4293-b5fd-c49c7223dfc7] Success to connect to server [127.0.0.1:8848] on start up, connectionId = 1691031438725_127.0.0.1_50761
10:57:18.841 [com.alibaba.nacos.client.remote.worker] INFO  c.a.n.c.r.client - [printIfInfoEnabled,60] - [48562df5-8ef7-4293-b5fd-c49c7223dfc7] Notify connected event to listeners.
10:57:18.841 [main] INFO  c.a.n.c.r.client - [printIfInfoEnabled,60] - [48562df5-8ef7-4293-b5fd-c49c7223dfc7] Register server push request handler:com.alibaba.nacos.common.remote.client.RpcClient$ConnectResetRequestHandler
10:57:18.841 [main] INFO  c.a.n.c.r.client - [printIfInfoEnabled,60] - [48562df5-8ef7-4293-b5fd-c49c7223dfc7] Register server push request handler:com.alibaba.nacos.common.remote.client.RpcClient$$Lambda$344/1913017282
10:57:18.866 [main] INFO  o.a.c.h.Http11NioProtocol - [log,173] - Starting ProtocolHandler ["http-nio-9233"]
10:57:18.887 [main] INFO  c.a.c.n.r.NacosServiceRegistry - [register,75] - nacos registry, DEFAULT_GROUP xmap-reservation 192.168.33.106:9233 register finished
10:57:19.375 [nacos-grpc-client-executor-7] INFO  c.a.n.c.r.client - [printIfInfoEnabled,60] - [48562df5-8ef7-4293-b5fd-c49c7223dfc7] Receive server push request, request = NotifySubscriberRequest, requestId = 73
10:57:19.379 [nacos-grpc-client-executor-7] INFO  c.a.n.c.r.client - [printIfInfoEnabled,60] - [48562df5-8ef7-4293-b5fd-c49c7223dfc7] Ack server push request, request = NotifySubscriberRequest, requestId = 73
10:57:27.613 [main] INFO  c.x.r.XmapReservationApplication - [logStarted,61] - Started XmapReservationApplication in 80.902 seconds (JVM running for 86.85)
10:57:27.620 [main] INFO  c.a.c.n.r.NacosContextRefresher - [registerNacosListener,129] - [Nacos Config] Listening config: dataId=xmap-reservation-dev.yml, group=DEFAULT_GROUP
10:57:27.621 [main] INFO  c.a.c.n.r.NacosContextRefresher - [registerNacosListener,129] - [Nacos Config] Listening config: dataId=xmap-reservation.yml, group=DEFAULT_GROUP
10:57:27.621 [main] INFO  c.a.c.n.r.NacosContextRefresher - [registerNacosListener,129] - [Nacos Config] Listening config: dataId=xmap-reservation, group=DEFAULT_GROUP
10:57:36.363 [RMI TCP Connection(10)-192.168.33.106] INFO  o.a.c.c.C.[.[.[/] - [log,173] - Initializing Spring DispatcherServlet 'dispatcherServlet'
14:15:51.679 [nacos-grpc-client-executor-1414] INFO  c.a.n.c.r.client - [printIfInfoEnabled,60] - [48562df5-8ef7-4293-b5fd-c49c7223dfc7] Receive server push request, request = ClientDetectionRequest, requestId = 86
14:15:51.742 [nacos-grpc-client-executor-1414] INFO  c.a.n.c.r.client - [printIfInfoEnabled,60] - [48562df5-8ef7-4293-b5fd-c49c7223dfc7] Ack server push request, request = ClientDetectionRequest, requestId = 86
14:40:36.174 [nacos-grpc-client-executor-1723] INFO  c.a.n.c.r.client - [printIfInfoEnabled,60] - [2a9a5505-9be7-4783-8b7d-4a5362ff2108_config-0] Receive server push request, request = ClientDetectionRequest, requestId = 97
14:40:36.175 [nacos-grpc-client-executor-1723] INFO  c.a.n.c.r.client - [printIfInfoEnabled,60] - [2a9a5505-9be7-4783-8b7d-4a5362ff2108_config-0] Ack server push request, request = ClientDetectionRequest, requestId = 97
14:40:36.180 [nacos-grpc-client-executor-1698] INFO  c.a.n.c.r.client - [printIfInfoEnabled,60] - [48562df5-8ef7-4293-b5fd-c49c7223dfc7] Receive server push request, request = ClientDetectionRequest, requestId = 103
14:40:36.180 [nacos-grpc-client-executor-1698] INFO  c.a.n.c.r.client - [printIfInfoEnabled,60] - [48562df5-8ef7-4293-b5fd-c49c7223dfc7] Ack server push request, request = ClientDetectionRequest, requestId = 103
18:52:40.306 [nacos-grpc-client-executor-3989] INFO  c.a.n.c.r.client - [printIfInfoEnabled,60] - [2a9a5505-9be7-4783-8b7d-4a5362ff2108_config-0] Receive server push request, request = ClientDetectionRequest, requestId = 105
18:52:40.307 [nacos-grpc-client-executor-3989] INFO  c.a.n.c.r.client - [printIfInfoEnabled,60] - [2a9a5505-9be7-4783-8b7d-4a5362ff2108_config-0] Ack server push request, request = ClientDetectionRequest, requestId = 105
18:52:40.429 [nacos-grpc-client-executor-3930] INFO  c.a.n.c.r.client - [printIfInfoEnabled,60] - [48562df5-8ef7-4293-b5fd-c49c7223dfc7] Receive server push request, request = ClientDetectionRequest, requestId = 111
18:52:40.430 [nacos-grpc-client-executor-3930] INFO  c.a.n.c.r.client - [printIfInfoEnabled,60] - [48562df5-8ef7-4293-b5fd-c49c7223dfc7] Ack server push request, request = ClientDetectionRequest, requestId = 111
20:37:43.991 [lettuce-nioEventLoop-4-1] INFO  i.l.c.p.CommandHandler - [log,217] - null Unexpected exception during request: java.io.IOException: 远程主机强迫关闭了一个现有的连接。
java.io.IOException: 远程主机强迫关闭了一个现有的连接。
	at sun.nio.ch.SocketDispatcher.read0(Native Method)
	at sun.nio.ch.SocketDispatcher.read(SocketDispatcher.java:43)
	at sun.nio.ch.IOUtil.readIntoNativeBuffer(IOUtil.java:223)
	at sun.nio.ch.IOUtil.read(IOUtil.java:192)
	at sun.nio.ch.SocketChannelImpl.read(SocketChannelImpl.java:380)
	at io.netty.buffer.PooledByteBuf.setBytes(PooledByteBuf.java:259)
	at io.netty.buffer.AbstractByteBuf.writeBytes(AbstractByteBuf.java:1132)
	at io.netty.channel.socket.nio.NioSocketChannel.doReadBytes(NioSocketChannel.java:357)
	at io.netty.channel.nio.AbstractNioByteChannel$NioByteUnsafe.read(AbstractNioByteChannel.java:151)
	at io.netty.channel.nio.NioEventLoop.processSelectedKey(NioEventLoop.java:788)
	at io.netty.channel.nio.NioEventLoop.processSelectedKeysOptimized(NioEventLoop.java:724)
	at io.netty.channel.nio.NioEventLoop.processSelectedKeys(NioEventLoop.java:650)
	at io.netty.channel.nio.NioEventLoop.run(NioEventLoop.java:562)
	at io.netty.util.concurrent.SingleThreadEventExecutor$4.run(SingleThreadEventExecutor.java:997)
	at io.netty.util.internal.ThreadExecutorMap$2.run(ThreadExecutorMap.java:74)
	at io.netty.util.concurrent.FastThreadLocalRunnable.run(FastThreadLocalRunnable.java:30)
	at java.lang.Thread.run(Thread.java:748)
20:37:44.028 [lettuce-nioEventLoop-4-2] INFO  i.l.c.p.CommandHandler - [log,217] - null Unexpected exception during request: java.io.IOException: 远程主机强迫关闭了一个现有的连接。
java.io.IOException: 远程主机强迫关闭了一个现有的连接。
	at sun.nio.ch.SocketDispatcher.read0(Native Method)
	at sun.nio.ch.SocketDispatcher.read(SocketDispatcher.java:43)
	at sun.nio.ch.IOUtil.readIntoNativeBuffer(IOUtil.java:223)
	at sun.nio.ch.IOUtil.read(IOUtil.java:192)
	at sun.nio.ch.SocketChannelImpl.read(SocketChannelImpl.java:380)
	at io.netty.buffer.PooledByteBuf.setBytes(PooledByteBuf.java:259)
	at io.netty.buffer.AbstractByteBuf.writeBytes(AbstractByteBuf.java:1132)
	at io.netty.channel.socket.nio.NioSocketChannel.doReadBytes(NioSocketChannel.java:357)
	at io.netty.channel.nio.AbstractNioByteChannel$NioByteUnsafe.read(AbstractNioByteChannel.java:151)
	at io.netty.channel.nio.NioEventLoop.processSelectedKey(NioEventLoop.java:788)
	at io.netty.channel.nio.NioEventLoop.processSelectedKeysOptimized(NioEventLoop.java:724)
	at io.netty.channel.nio.NioEventLoop.processSelectedKeys(NioEventLoop.java:650)
	at io.netty.channel.nio.NioEventLoop.run(NioEventLoop.java:562)
	at io.netty.util.concurrent.SingleThreadEventExecutor$4.run(SingleThreadEventExecutor.java:997)
	at io.netty.util.internal.ThreadExecutorMap$2.run(ThreadExecutorMap.java:74)
	at io.netty.util.concurrent.FastThreadLocalRunnable.run(FastThreadLocalRunnable.java:30)
	at java.lang.Thread.run(Thread.java:748)
20:37:44.071 [lettuce-eventExecutorLoop-1-10] INFO  i.l.c.p.ConnectionWatchdog - [log,171] - Reconnecting, last destination was localhost/127.0.0.1:6379
20:37:44.203 [lettuce-eventExecutorLoop-1-11] INFO  i.l.c.p.ConnectionWatchdog - [log,171] - Reconnecting, last destination was localhost/127.0.0.1:6379
20:37:44.544 [com.alibaba.nacos.client.remote.worker] INFO  c.a.n.c.r.client - [printIfInfoEnabled,60] - [2a9a5505-9be7-4783-8b7d-4a5362ff2108_config-0] Try to reconnect to a new server, server is  not appointed, will choose a random server.
20:37:44.544 [com.alibaba.nacos.client.remote.worker] INFO  c.a.n.c.r.client - [printIfInfoEnabled,60] - [48562df5-8ef7-4293-b5fd-c49c7223dfc7] Try to reconnect to a new server, server is  not appointed, will choose a random server.
