09:22:03.436 [background-preinit] INFO  o.h.v.i.util.Version - [<clinit>,21] - HV000001: Hibernate Validator 6.2.5.Final
09:22:12.709 [main] INFO  c.a.n.c.r.client - [lambda$createClient$0,80] - [RpcClientFactory] create a new rpc client of d2eecc31-41bd-4ae2-b9a4-8515b49c2218_config-0
09:22:12.755 [main] INFO  o.r.Reflections - [scan,232] - Reflections took 30 ms to scan 1 urls, producing 3 keys and 6 values 
09:22:12.780 [main] INFO  o.r.Reflections - [scan,232] - Reflections took 15 ms to scan 1 urls, producing 4 keys and 9 values 
09:22:12.799 [main] INFO  o.r.Reflections - [scan,232] - Reflections took 16 ms to scan 1 urls, producing 3 keys and 10 values 
09:22:13.019 [main] INFO  o.r.Reflections - [scan,232] - Reflections took 216 ms to scan 199 urls, producing 0 keys and 0 values 
09:22:13.033 [main] INFO  o.r.Reflections - [scan,232] - Reflections took 13 ms to scan 1 urls, producing 1 keys and 5 values 
09:22:13.049 [main] INFO  o.r.Reflections - [scan,232] - Reflections took 14 ms to scan 1 urls, producing 1 keys and 7 values 
09:22:13.064 [main] INFO  o.r.Reflections - [scan,232] - Reflections took 12 ms to scan 1 urls, producing 2 keys and 8 values 
09:22:13.227 [main] INFO  o.r.Reflections - [scan,232] - Reflections took 162 ms to scan 199 urls, producing 0 keys and 0 values 
09:22:13.228 [main] INFO  c.a.n.c.r.client - [printIfInfoEnabled,60] - [d2eecc31-41bd-4ae2-b9a4-8515b49c2218_config-0] RpcClient init label, labels = {module=config, Vipserver-Tag=null, source=sdk, Amory-Tag=null, Location-Tag=null, taskId=0, AppName=unknown}
09:22:13.228 [main] INFO  c.a.n.c.r.client - [printIfInfoEnabled,60] - [d2eecc31-41bd-4ae2-b9a4-8515b49c2218_config-0] Register server push request handler:com.alibaba.nacos.client.config.impl.ClientWorker$ConfigRpcTransportClient$$Lambda$334/832145584
09:22:13.228 [main] INFO  c.a.n.c.r.client - [printIfInfoEnabled,60] - [d2eecc31-41bd-4ae2-b9a4-8515b49c2218_config-0] Register server push request handler:com.alibaba.nacos.client.config.impl.ClientWorker$ConfigRpcTransportClient$$Lambda$335/224060798
09:22:13.229 [main] INFO  c.a.n.c.r.client - [printIfInfoEnabled,60] - [d2eecc31-41bd-4ae2-b9a4-8515b49c2218_config-0] Registry connection listener to current client:com.alibaba.nacos.client.config.impl.ClientWorker$ConfigRpcTransportClient$1
09:22:13.230 [main] INFO  c.a.n.c.r.client - [printIfInfoEnabled,60] - [d2eecc31-41bd-4ae2-b9a4-8515b49c2218_config-0] RpcClient init, ServerListFactory = com.alibaba.nacos.client.config.impl.ClientWorker$ConfigRpcTransportClient$2
09:22:13.234 [main] INFO  c.a.n.c.r.client - [printIfInfoEnabled,60] - [d2eecc31-41bd-4ae2-b9a4-8515b49c2218_config-0] Try to connect to server on start up, server: {serverIp = '127.0.0.1', server main port = 8848}
09:22:25.170 [main] INFO  c.a.n.c.r.client - [printIfInfoEnabled,60] - [d2eecc31-41bd-4ae2-b9a4-8515b49c2218_config-0] Try to connect to server on start up, server: {serverIp = '127.0.0.1', server main port = 8848}
09:22:28.179 [main] INFO  c.a.n.c.r.client - [printIfInfoEnabled,60] - [d2eecc31-41bd-4ae2-b9a4-8515b49c2218_config-0] Try to connect to server on start up, server: {serverIp = '127.0.0.1', server main port = 8848}
09:22:29.042 [main] INFO  c.a.n.c.r.client - [printIfInfoEnabled,60] - [d2eecc31-41bd-4ae2-b9a4-8515b49c2218_config-0] Success to connect to server [127.0.0.1:8848] on start up, connectionId = 1690852948810_127.0.0.1_59504
09:22:29.042 [com.alibaba.nacos.client.remote.worker] INFO  c.a.n.c.r.client - [printIfInfoEnabled,60] - [d2eecc31-41bd-4ae2-b9a4-8515b49c2218_config-0] Notify connected event to listeners.
09:22:29.043 [main] INFO  c.a.n.c.r.client - [printIfInfoEnabled,60] - [d2eecc31-41bd-4ae2-b9a4-8515b49c2218_config-0] Register server push request handler:com.alibaba.nacos.common.remote.client.RpcClient$ConnectResetRequestHandler
09:22:29.044 [main] INFO  c.a.n.c.r.client - [printIfInfoEnabled,60] - [d2eecc31-41bd-4ae2-b9a4-8515b49c2218_config-0] Register server push request handler:com.alibaba.nacos.common.remote.client.RpcClient$$Lambda$344/102052782
09:22:29.112 [main] INFO  c.x.r.XmapReservationApplication - [logStartupProfileInfo,637] - The following 1 profile is active: "dev"
09:22:30.960 [main] INFO  o.a.c.h.Http11NioProtocol - [log,173] - Initializing ProtocolHandler ["http-nio-9233"]
09:22:30.961 [main] INFO  o.a.c.c.StandardService - [log,173] - Starting service [Tomcat]
09:22:30.961 [main] INFO  o.a.c.c.StandardEngine - [log,173] - Starting Servlet engine: [Apache Tomcat/9.0.70]
09:22:31.117 [main] INFO  o.a.c.c.C.[.[.[/] - [log,173] - Initializing Spring embedded WebApplicationContext
09:22:33.324 [main] INFO  c.a.d.p.DruidDataSource - [init,996] - {dataSource-1,master} inited
09:22:33.325 [main] INFO  c.b.d.d.DynamicRoutingDataSource - [addDataSource,154] - dynamic-datasource - add a datasource named [master] success
09:22:33.325 [main] INFO  c.b.d.d.DynamicRoutingDataSource - [afterPropertiesSet,234] - dynamic-datasource initial loaded [1] datasource,primary datasource named [master]
09:22:34.544 [main] INFO  c.a.c.s.SentinelWebMvcConfigurer - [addInterceptors,52] - [Sentinel Starter] register SentinelWebInterceptor with urlPatterns: [/**].
09:22:40.908 [main] INFO  c.a.n.c.r.client - [lambda$createClient$0,80] - [RpcClientFactory] create a new rpc client of 83ebc950-c2e9-4e89-878f-fd32e3b47188
09:22:40.909 [main] INFO  c.a.n.c.r.client - [printIfInfoEnabled,60] - [83ebc950-c2e9-4e89-878f-fd32e3b47188] RpcClient init label, labels = {module=naming, source=sdk}
09:22:40.910 [main] INFO  c.a.n.c.r.client - [printIfInfoEnabled,60] - [83ebc950-c2e9-4e89-878f-fd32e3b47188] RpcClient init, ServerListFactory = com.alibaba.nacos.client.naming.core.ServerListManager
09:22:40.910 [main] INFO  c.a.n.c.r.client - [printIfInfoEnabled,60] - [83ebc950-c2e9-4e89-878f-fd32e3b47188] Registry connection listener to current client:com.alibaba.nacos.client.naming.remote.gprc.redo.NamingGrpcRedoService
09:22:40.910 [main] INFO  c.a.n.c.r.client - [printIfInfoEnabled,60] - [83ebc950-c2e9-4e89-878f-fd32e3b47188] Register server push request handler:com.alibaba.nacos.client.naming.remote.gprc.NamingPushRequestHandler
09:22:40.911 [main] INFO  c.a.n.c.r.client - [printIfInfoEnabled,60] - [83ebc950-c2e9-4e89-878f-fd32e3b47188] Try to connect to server on start up, server: {serverIp = '127.0.0.1', server main port = 8848}
09:22:41.021 [main] INFO  c.a.n.c.r.client - [printIfInfoEnabled,60] - [83ebc950-c2e9-4e89-878f-fd32e3b47188] Success to connect to server [127.0.0.1:8848] on start up, connectionId = 1690852960915_127.0.0.1_59679
09:22:41.021 [com.alibaba.nacos.client.remote.worker] INFO  c.a.n.c.r.client - [printIfInfoEnabled,60] - [83ebc950-c2e9-4e89-878f-fd32e3b47188] Notify connected event to listeners.
09:22:41.021 [main] INFO  c.a.n.c.r.client - [printIfInfoEnabled,60] - [83ebc950-c2e9-4e89-878f-fd32e3b47188] Register server push request handler:com.alibaba.nacos.common.remote.client.RpcClient$ConnectResetRequestHandler
09:22:41.022 [main] INFO  c.a.n.c.r.client - [printIfInfoEnabled,60] - [83ebc950-c2e9-4e89-878f-fd32e3b47188] Register server push request handler:com.alibaba.nacos.common.remote.client.RpcClient$$Lambda$344/102052782
09:22:41.045 [main] INFO  o.a.c.h.Http11NioProtocol - [log,173] - Starting ProtocolHandler ["http-nio-9233"]
09:22:41.062 [main] INFO  c.a.c.n.r.NacosServiceRegistry - [register,75] - nacos registry, DEFAULT_GROUP xmap-reservation 10.100.4.8:9233 register finished
09:22:41.641 [nacos-grpc-client-executor-6] INFO  c.a.n.c.r.client - [printIfInfoEnabled,60] - [83ebc950-c2e9-4e89-878f-fd32e3b47188] Receive server push request, request = NotifySubscriberRequest, requestId = 50
09:22:41.644 [nacos-grpc-client-executor-6] INFO  c.a.n.c.r.client - [printIfInfoEnabled,60] - [83ebc950-c2e9-4e89-878f-fd32e3b47188] Ack server push request, request = NotifySubscriberRequest, requestId = 50
09:22:42.903 [main] INFO  c.x.r.XmapReservationApplication - [logStarted,61] - Started XmapReservationApplication in 53.899 seconds (JVM running for 63.516)
09:22:42.912 [main] INFO  c.a.c.n.r.NacosContextRefresher - [registerNacosListener,129] - [Nacos Config] Listening config: dataId=xmap-reservation-dev.yml, group=DEFAULT_GROUP
09:22:42.915 [main] INFO  c.a.c.n.r.NacosContextRefresher - [registerNacosListener,129] - [Nacos Config] Listening config: dataId=xmap-reservation.yml, group=DEFAULT_GROUP
09:22:42.916 [main] INFO  c.a.c.n.r.NacosContextRefresher - [registerNacosListener,129] - [Nacos Config] Listening config: dataId=xmap-reservation, group=DEFAULT_GROUP
09:22:45.637 [RMI TCP Connection(2)-10.100.4.8] INFO  o.a.c.c.C.[.[.[/] - [log,173] - Initializing Spring DispatcherServlet 'dispatcherServlet'
10:37:01.230 [nacos-grpc-client-executor-824] INFO  c.a.n.c.r.client - [printIfInfoEnabled,60] - [d2eecc31-41bd-4ae2-b9a4-8515b49c2218_config-0] Receive server push request, request = ClientDetectionRequest, requestId = 68
10:37:01.232 [nacos-grpc-client-executor-824] INFO  c.a.n.c.r.client - [printIfInfoEnabled,60] - [d2eecc31-41bd-4ae2-b9a4-8515b49c2218_config-0] Ack server push request, request = ClientDetectionRequest, requestId = 68
10:37:01.238 [nacos-grpc-client-executor-800] INFO  c.a.n.c.r.client - [printIfInfoEnabled,60] - [83ebc950-c2e9-4e89-878f-fd32e3b47188] Receive server push request, request = ClientDetectionRequest, requestId = 77
10:37:01.238 [nacos-grpc-client-executor-800] INFO  c.a.n.c.r.client - [printIfInfoEnabled,60] - [83ebc950-c2e9-4e89-878f-fd32e3b47188] Ack server push request, request = ClientDetectionRequest, requestId = 77
13:58:17.102 [nacos-grpc-client-executor-1771] INFO  c.a.n.c.r.client - [printIfInfoEnabled,60] - [83ebc950-c2e9-4e89-878f-fd32e3b47188] Receive server push request, request = ClientDetectionRequest, requestId = 113
13:58:17.102 [nacos-grpc-client-executor-1771] INFO  c.a.n.c.r.client - [printIfInfoEnabled,60] - [83ebc950-c2e9-4e89-878f-fd32e3b47188] Ack server push request, request = ClientDetectionRequest, requestId = 113
14:09:25.374 [nacos-grpc-client-executor-1924] INFO  c.a.n.c.r.client - [printIfInfoEnabled,60] - [d2eecc31-41bd-4ae2-b9a4-8515b49c2218_config-0] Receive server push request, request = ClientDetectionRequest, requestId = 122
14:09:25.374 [nacos-grpc-client-executor-1924] INFO  c.a.n.c.r.client - [printIfInfoEnabled,60] - [d2eecc31-41bd-4ae2-b9a4-8515b49c2218_config-0] Ack server push request, request = ClientDetectionRequest, requestId = 122
14:13:50.828 [nacos-grpc-client-executor-1981] INFO  c.a.n.c.r.client - [printIfInfoEnabled,60] - [d2eecc31-41bd-4ae2-b9a4-8515b49c2218_config-0] Receive server push request, request = ClientDetectionRequest, requestId = 143
14:13:50.828 [nacos-grpc-client-executor-1981] INFO  c.a.n.c.r.client - [printIfInfoEnabled,60] - [d2eecc31-41bd-4ae2-b9a4-8515b49c2218_config-0] Ack server push request, request = ClientDetectionRequest, requestId = 143
14:13:50.832 [nacos-grpc-client-executor-1900] INFO  c.a.n.c.r.client - [printIfInfoEnabled,60] - [83ebc950-c2e9-4e89-878f-fd32e3b47188] Receive server push request, request = ClientDetectionRequest, requestId = 150
14:13:50.833 [nacos-grpc-client-executor-1900] INFO  c.a.n.c.r.client - [printIfInfoEnabled,60] - [83ebc950-c2e9-4e89-878f-fd32e3b47188] Ack server push request, request = ClientDetectionRequest, requestId = 150
16:36:09.542 [nacos-grpc-client-executor-3869] INFO  c.a.n.c.r.client - [printIfInfoEnabled,60] - [d2eecc31-41bd-4ae2-b9a4-8515b49c2218_config-0] Receive server push request, request = ClientDetectionRequest, requestId = 188
16:36:09.542 [nacos-grpc-client-executor-3791] INFO  c.a.n.c.r.client - [printIfInfoEnabled,60] - [83ebc950-c2e9-4e89-878f-fd32e3b47188] Receive server push request, request = ClientDetectionRequest, requestId = 196
16:36:09.543 [nacos-grpc-client-executor-3869] INFO  c.a.n.c.r.client - [printIfInfoEnabled,60] - [d2eecc31-41bd-4ae2-b9a4-8515b49c2218_config-0] Ack server push request, request = ClientDetectionRequest, requestId = 188
16:36:09.543 [nacos-grpc-client-executor-3791] INFO  c.a.n.c.r.client - [printIfInfoEnabled,60] - [83ebc950-c2e9-4e89-878f-fd32e3b47188] Ack server push request, request = ClientDetectionRequest, requestId = 196
18:10:10.720 [nacos-grpc-client-executor-5046] INFO  c.a.n.c.r.client - [printIfInfoEnabled,60] - [d2eecc31-41bd-4ae2-b9a4-8515b49c2218_config-0] Receive server push request, request = ClientDetectionRequest, requestId = 230
18:10:10.722 [nacos-grpc-client-executor-5046] INFO  c.a.n.c.r.client - [printIfInfoEnabled,60] - [d2eecc31-41bd-4ae2-b9a4-8515b49c2218_config-0] Ack server push request, request = ClientDetectionRequest, requestId = 230
18:10:10.764 [nacos-grpc-client-executor-4930] INFO  c.a.n.c.r.client - [printIfInfoEnabled,60] - [83ebc950-c2e9-4e89-878f-fd32e3b47188] Receive server push request, request = ClientDetectionRequest, requestId = 238
18:10:10.766 [nacos-grpc-client-executor-4930] INFO  c.a.n.c.r.client - [printIfInfoEnabled,60] - [83ebc950-c2e9-4e89-878f-fd32e3b47188] Ack server push request, request = ClientDetectionRequest, requestId = 238
18:19:04.326 [nacos-grpc-client-executor-5156] INFO  c.a.n.c.r.client - [printIfInfoEnabled,60] - [d2eecc31-41bd-4ae2-b9a4-8515b49c2218_config-0] Receive server push request, request = ClientDetectionRequest, requestId = 246
18:19:04.330 [nacos-grpc-client-executor-5156] INFO  c.a.n.c.r.client - [printIfInfoEnabled,60] - [d2eecc31-41bd-4ae2-b9a4-8515b49c2218_config-0] Ack server push request, request = ClientDetectionRequest, requestId = 246
18:19:04.370 [nacos-grpc-client-executor-5040] INFO  c.a.n.c.r.client - [printIfInfoEnabled,60] - [83ebc950-c2e9-4e89-878f-fd32e3b47188] Receive server push request, request = ClientDetectionRequest, requestId = 255
18:19:04.376 [nacos-grpc-client-executor-5040] INFO  c.a.n.c.r.client - [printIfInfoEnabled,60] - [83ebc950-c2e9-4e89-878f-fd32e3b47188] Ack server push request, request = ClientDetectionRequest, requestId = 255
