09:09:33.273 [background-preinit] INFO  o.h.v.i.util.Version - [<clinit>,21] - HV000001: Hibernate Validator 6.2.5.Final
09:09:35.524 [main] INFO  c.a.n.c.r.client - [lambda$createClient$0,80] - [RpcClientFactory] create a new rpc client of c622fdd7-ca2a-466d-bd62-681a383c6256_config-0
09:09:35.553 [main] INFO  o.r.Reflections - [scan,232] - Reflections took 18 ms to scan 1 urls, producing 3 keys and 6 values 
09:09:35.572 [main] INFO  o.r.Reflections - [scan,232] - Reflections took 10 ms to scan 1 urls, producing 4 keys and 9 values 
09:09:35.580 [main] INFO  o.r.Reflections - [scan,232] - Reflections took 6 ms to scan 1 urls, producing 3 keys and 10 values 
09:09:35.745 [main] INFO  o.r.Reflections - [scan,232] - Reflections took 162 ms to scan 199 urls, producing 0 keys and 0 values 
09:09:35.753 [main] INFO  o.r.Reflections - [scan,232] - Reflections took 7 ms to scan 1 urls, producing 1 keys and 5 values 
09:09:35.761 [main] INFO  o.r.Reflections - [scan,232] - Reflections took 7 ms to scan 1 urls, producing 1 keys and 7 values 
09:09:35.769 [main] INFO  o.r.Reflections - [scan,232] - Reflections took 6 ms to scan 1 urls, producing 2 keys and 8 values 
09:09:35.887 [main] INFO  o.r.Reflections - [scan,232] - Reflections took 116 ms to scan 199 urls, producing 0 keys and 0 values 
09:09:35.888 [main] INFO  c.a.n.c.r.client - [printIfInfoEnabled,60] - [c622fdd7-ca2a-466d-bd62-681a383c6256_config-0] RpcClient init label, labels = {module=config, Vipserver-Tag=null, source=sdk, Amory-Tag=null, Location-Tag=null, taskId=0, AppName=unknown}
09:09:35.888 [main] INFO  c.a.n.c.r.client - [printIfInfoEnabled,60] - [c622fdd7-ca2a-466d-bd62-681a383c6256_config-0] Register server push request handler:com.alibaba.nacos.client.config.impl.ClientWorker$ConfigRpcTransportClient$$Lambda$334/832145584
09:09:35.889 [main] INFO  c.a.n.c.r.client - [printIfInfoEnabled,60] - [c622fdd7-ca2a-466d-bd62-681a383c6256_config-0] Register server push request handler:com.alibaba.nacos.client.config.impl.ClientWorker$ConfigRpcTransportClient$$Lambda$335/224060798
09:09:35.889 [main] INFO  c.a.n.c.r.client - [printIfInfoEnabled,60] - [c622fdd7-ca2a-466d-bd62-681a383c6256_config-0] Registry connection listener to current client:com.alibaba.nacos.client.config.impl.ClientWorker$ConfigRpcTransportClient$1
09:09:35.890 [main] INFO  c.a.n.c.r.client - [printIfInfoEnabled,60] - [c622fdd7-ca2a-466d-bd62-681a383c6256_config-0] RpcClient init, ServerListFactory = com.alibaba.nacos.client.config.impl.ClientWorker$ConfigRpcTransportClient$2
09:09:35.895 [main] INFO  c.a.n.c.r.client - [printIfInfoEnabled,60] - [c622fdd7-ca2a-466d-bd62-681a383c6256_config-0] Try to connect to server on start up, server: {serverIp = '127.0.0.1', server main port = 8848}
09:09:42.211 [main] INFO  c.a.n.c.r.client - [printIfInfoEnabled,60] - [c622fdd7-ca2a-466d-bd62-681a383c6256_config-0] Try to connect to server on start up, server: {serverIp = '127.0.0.1', server main port = 8848}
09:09:43.599 [main] INFO  c.a.n.c.r.client - [printIfInfoEnabled,60] - [c622fdd7-ca2a-466d-bd62-681a383c6256_config-0] Success to connect to server [127.0.0.1:8848] on start up, connectionId = 1691111383421_127.0.0.1_63246
09:09:43.599 [com.alibaba.nacos.client.remote.worker] INFO  c.a.n.c.r.client - [printIfInfoEnabled,60] - [c622fdd7-ca2a-466d-bd62-681a383c6256_config-0] Notify connected event to listeners.
09:09:43.600 [main] INFO  c.a.n.c.r.client - [printIfInfoEnabled,60] - [c622fdd7-ca2a-466d-bd62-681a383c6256_config-0] Register server push request handler:com.alibaba.nacos.common.remote.client.RpcClient$ConnectResetRequestHandler
09:09:43.601 [main] INFO  c.a.n.c.r.client - [printIfInfoEnabled,60] - [c622fdd7-ca2a-466d-bd62-681a383c6256_config-0] Register server push request handler:com.alibaba.nacos.common.remote.client.RpcClient$$Lambda$344/2088969892
09:09:43.659 [main] INFO  c.x.r.XmapReservationApplication - [logStartupProfileInfo,637] - The following 1 profile is active: "dev"
09:09:45.184 [main] INFO  o.a.c.h.Http11NioProtocol - [log,173] - Initializing ProtocolHandler ["http-nio-9233"]
09:09:45.185 [main] INFO  o.a.c.c.StandardService - [log,173] - Starting service [Tomcat]
09:09:45.185 [main] INFO  o.a.c.c.StandardEngine - [log,173] - Starting Servlet engine: [Apache Tomcat/9.0.70]
09:09:45.333 [main] INFO  o.a.c.c.C.[.[.[/] - [log,173] - Initializing Spring embedded WebApplicationContext
09:09:46.946 [main] INFO  c.a.d.p.DruidDataSource - [init,996] - {dataSource-1,master} inited
09:09:46.946 [main] INFO  c.b.d.d.DynamicRoutingDataSource - [addDataSource,154] - dynamic-datasource - add a datasource named [master] success
09:09:46.946 [main] INFO  c.b.d.d.DynamicRoutingDataSource - [afterPropertiesSet,234] - dynamic-datasource initial loaded [1] datasource,primary datasource named [master]
09:09:47.723 [main] INFO  c.a.c.s.SentinelWebMvcConfigurer - [addInterceptors,52] - [Sentinel Starter] register SentinelWebInterceptor with urlPatterns: [/**].
09:09:50.624 [main] INFO  c.a.n.c.r.client - [lambda$createClient$0,80] - [RpcClientFactory] create a new rpc client of 3527f974-65ee-410c-8b36-bd8e1ed4b963
09:09:50.624 [main] INFO  c.a.n.c.r.client - [printIfInfoEnabled,60] - [3527f974-65ee-410c-8b36-bd8e1ed4b963] RpcClient init label, labels = {module=naming, source=sdk}
09:09:50.625 [main] INFO  c.a.n.c.r.client - [printIfInfoEnabled,60] - [3527f974-65ee-410c-8b36-bd8e1ed4b963] RpcClient init, ServerListFactory = com.alibaba.nacos.client.naming.core.ServerListManager
09:09:50.625 [main] INFO  c.a.n.c.r.client - [printIfInfoEnabled,60] - [3527f974-65ee-410c-8b36-bd8e1ed4b963] Registry connection listener to current client:com.alibaba.nacos.client.naming.remote.gprc.redo.NamingGrpcRedoService
09:09:50.626 [main] INFO  c.a.n.c.r.client - [printIfInfoEnabled,60] - [3527f974-65ee-410c-8b36-bd8e1ed4b963] Register server push request handler:com.alibaba.nacos.client.naming.remote.gprc.NamingPushRequestHandler
09:09:50.626 [main] INFO  c.a.n.c.r.client - [printIfInfoEnabled,60] - [3527f974-65ee-410c-8b36-bd8e1ed4b963] Try to connect to server on start up, server: {serverIp = '127.0.0.1', server main port = 8848}
09:09:50.738 [main] INFO  c.a.n.c.r.client - [printIfInfoEnabled,60] - [3527f974-65ee-410c-8b36-bd8e1ed4b963] Success to connect to server [127.0.0.1:8848] on start up, connectionId = 1691111390631_127.0.0.1_63328
09:09:50.739 [main] INFO  c.a.n.c.r.client - [printIfInfoEnabled,60] - [3527f974-65ee-410c-8b36-bd8e1ed4b963] Register server push request handler:com.alibaba.nacos.common.remote.client.RpcClient$ConnectResetRequestHandler
09:09:50.739 [com.alibaba.nacos.client.remote.worker] INFO  c.a.n.c.r.client - [printIfInfoEnabled,60] - [3527f974-65ee-410c-8b36-bd8e1ed4b963] Notify connected event to listeners.
09:09:50.739 [main] INFO  c.a.n.c.r.client - [printIfInfoEnabled,60] - [3527f974-65ee-410c-8b36-bd8e1ed4b963] Register server push request handler:com.alibaba.nacos.common.remote.client.RpcClient$$Lambda$344/2088969892
09:09:50.780 [main] INFO  o.a.c.h.Http11NioProtocol - [log,173] - Starting ProtocolHandler ["http-nio-9233"]
09:09:50.796 [main] INFO  c.a.c.n.r.NacosServiceRegistry - [register,75] - nacos registry, DEFAULT_GROUP xmap-reservation 10.100.4.8:9233 register finished
09:09:51.314 [nacos-grpc-client-executor-8] INFO  c.a.n.c.r.client - [printIfInfoEnabled,60] - [3527f974-65ee-410c-8b36-bd8e1ed4b963] Receive server push request, request = NotifySubscriberRequest, requestId = 15
09:09:51.317 [nacos-grpc-client-executor-8] INFO  c.a.n.c.r.client - [printIfInfoEnabled,60] - [3527f974-65ee-410c-8b36-bd8e1ed4b963] Ack server push request, request = NotifySubscriberRequest, requestId = 15
09:09:51.909 [main] INFO  c.x.r.XmapReservationApplication - [logStarted,61] - Started XmapReservationApplication in 21.385 seconds (JVM running for 23.185)
09:09:51.916 [main] INFO  c.a.c.n.r.NacosContextRefresher - [registerNacosListener,129] - [Nacos Config] Listening config: dataId=xmap-reservation-dev.yml, group=DEFAULT_GROUP
09:09:51.917 [main] INFO  c.a.c.n.r.NacosContextRefresher - [registerNacosListener,129] - [Nacos Config] Listening config: dataId=xmap-reservation.yml, group=DEFAULT_GROUP
09:09:51.918 [main] INFO  c.a.c.n.r.NacosContextRefresher - [registerNacosListener,129] - [Nacos Config] Listening config: dataId=xmap-reservation, group=DEFAULT_GROUP
09:09:52.404 [RMI TCP Connection(5)-10.100.4.8] INFO  o.a.c.c.C.[.[.[/] - [log,173] - Initializing Spring DispatcherServlet 'dispatcherServlet'
10:27:03.872 [nacos-grpc-client-executor-1149] INFO  c.a.n.c.r.client - [printIfInfoEnabled,60] - [c622fdd7-ca2a-466d-bd62-681a383c6256_config-0] Receive server push request, request = ClientDetectionRequest, requestId = 30
10:27:03.875 [nacos-grpc-client-executor-1149] INFO  c.a.n.c.r.client - [printIfInfoEnabled,60] - [c622fdd7-ca2a-466d-bd62-681a383c6256_config-0] Ack server push request, request = ClientDetectionRequest, requestId = 30
10:29:06.396 [SpringApplicationShutdownHook] INFO  c.a.c.n.r.NacosServiceRegistry - [deregister,94] - De-registering from Nacos Server now...
10:29:06.400 [SpringApplicationShutdownHook] INFO  c.a.c.n.r.NacosServiceRegistry - [deregister,114] - De-registration finished.
10:29:06.738 [SpringApplicationShutdownHook] INFO  c.a.n.c.r.client - [shutdown,454] - Shutdown rpc client, set status to shutdown
10:29:06.739 [SpringApplicationShutdownHook] INFO  c.a.n.c.r.client - [shutdown,456] - Shutdown client event executor java.util.concurrent.ScheduledThreadPoolExecutor@3aaecc5a[Running, pool size = 2, active threads = 2, queued tasks = 0, completed tasks = 0]
10:29:06.739 [SpringApplicationShutdownHook] INFO  c.a.n.c.r.client - [closeConnection,591] - Close current connection 1691111390631_127.0.0.1_63328
10:29:06.740 [SpringApplicationShutdownHook] INFO  c.a.n.c.r.c.g.GrpcClient - [shutdown,85] - Shutdown grpc executor java.util.concurrent.ThreadPoolExecutor@5230157c[Running, pool size = 4, active threads = 0, queued tasks = 0, completed tasks = 1131]
10:29:06.871 [SpringApplicationShutdownHook] INFO  c.b.d.d.DynamicRoutingDataSource - [destroy,211] - dynamic-datasource start closing ....
10:29:06.873 [SpringApplicationShutdownHook] INFO  c.a.d.p.DruidDataSource - [close,2138] - {dataSource-1} closing ...
10:29:06.881 [SpringApplicationShutdownHook] INFO  c.a.d.p.DruidDataSource - [close,2211] - {dataSource-1} closed
10:29:06.882 [SpringApplicationShutdownHook] INFO  c.b.d.d.DynamicRoutingDataSource - [destroy,215] - dynamic-datasource all closed success,bye
10:32:15.366 [background-preinit] INFO  o.h.v.i.util.Version - [<clinit>,21] - HV000001: Hibernate Validator 6.2.5.Final
10:32:25.893 [main] INFO  c.a.n.c.r.client - [lambda$createClient$0,80] - [RpcClientFactory] create a new rpc client of 5dcfd713-6be7-4d30-9211-49005f30632c_config-0
10:32:25.941 [main] INFO  o.r.Reflections - [scan,232] - Reflections took 32 ms to scan 1 urls, producing 3 keys and 6 values 
10:32:25.972 [main] INFO  o.r.Reflections - [scan,232] - Reflections took 18 ms to scan 1 urls, producing 4 keys and 9 values 
10:32:25.990 [main] INFO  o.r.Reflections - [scan,232] - Reflections took 16 ms to scan 1 urls, producing 3 keys and 10 values 
10:32:26.187 [main] INFO  o.r.Reflections - [scan,232] - Reflections took 193 ms to scan 199 urls, producing 0 keys and 0 values 
10:32:26.200 [main] INFO  o.r.Reflections - [scan,232] - Reflections took 12 ms to scan 1 urls, producing 1 keys and 5 values 
10:32:26.216 [main] INFO  o.r.Reflections - [scan,232] - Reflections took 13 ms to scan 1 urls, producing 1 keys and 7 values 
10:32:26.229 [main] INFO  o.r.Reflections - [scan,232] - Reflections took 11 ms to scan 1 urls, producing 2 keys and 8 values 
10:32:26.407 [main] INFO  o.r.Reflections - [scan,232] - Reflections took 176 ms to scan 199 urls, producing 0 keys and 0 values 
10:32:26.408 [main] INFO  c.a.n.c.r.client - [printIfInfoEnabled,60] - [5dcfd713-6be7-4d30-9211-49005f30632c_config-0] RpcClient init label, labels = {module=config, Vipserver-Tag=null, source=sdk, Amory-Tag=null, Location-Tag=null, taskId=0, AppName=unknown}
10:32:26.409 [main] INFO  c.a.n.c.r.client - [printIfInfoEnabled,60] - [5dcfd713-6be7-4d30-9211-49005f30632c_config-0] Register server push request handler:com.alibaba.nacos.client.config.impl.ClientWorker$ConfigRpcTransportClient$$Lambda$334/832145584
10:32:26.409 [main] INFO  c.a.n.c.r.client - [printIfInfoEnabled,60] - [5dcfd713-6be7-4d30-9211-49005f30632c_config-0] Register server push request handler:com.alibaba.nacos.client.config.impl.ClientWorker$ConfigRpcTransportClient$$Lambda$335/224060798
10:32:26.410 [main] INFO  c.a.n.c.r.client - [printIfInfoEnabled,60] - [5dcfd713-6be7-4d30-9211-49005f30632c_config-0] Registry connection listener to current client:com.alibaba.nacos.client.config.impl.ClientWorker$ConfigRpcTransportClient$1
10:32:26.410 [main] INFO  c.a.n.c.r.client - [printIfInfoEnabled,60] - [5dcfd713-6be7-4d30-9211-49005f30632c_config-0] RpcClient init, ServerListFactory = com.alibaba.nacos.client.config.impl.ClientWorker$ConfigRpcTransportClient$2
10:32:26.417 [main] INFO  c.a.n.c.r.client - [printIfInfoEnabled,60] - [5dcfd713-6be7-4d30-9211-49005f30632c_config-0] Try to connect to server on start up, server: {serverIp = '127.0.0.1', server main port = 8848}
10:32:34.335 [main] INFO  c.a.n.c.r.client - [printIfInfoEnabled,60] - [5dcfd713-6be7-4d30-9211-49005f30632c_config-0] Try to connect to server on start up, server: {serverIp = '127.0.0.1', server main port = 8848}
10:32:37.364 [main] INFO  c.a.n.c.r.client - [printIfInfoEnabled,60] - [5dcfd713-6be7-4d30-9211-49005f30632c_config-0] Try to connect to server on start up, server: {serverIp = '127.0.0.1', server main port = 8848}
10:32:40.380 [com.alibaba.nacos.client.remote.worker] INFO  c.a.n.c.r.client - [printIfInfoEnabled,60] - [5dcfd713-6be7-4d30-9211-49005f30632c_config-0] Try to reconnect to a new server, server is  not appointed, will choose a random server.
10:32:40.380 [main] INFO  c.a.n.c.r.client - [printIfInfoEnabled,60] - [5dcfd713-6be7-4d30-9211-49005f30632c_config-0] Register server push request handler:com.alibaba.nacos.common.remote.client.RpcClient$ConnectResetRequestHandler
10:32:40.381 [main] INFO  c.a.n.c.r.client - [printIfInfoEnabled,60] - [5dcfd713-6be7-4d30-9211-49005f30632c_config-0] Register server push request handler:com.alibaba.nacos.common.remote.client.RpcClient$$Lambda$344/645643802
10:32:41.751 [main] INFO  c.x.r.XmapReservationApplication - [logStartupProfileInfo,637] - The following 1 profile is active: "dev"
10:32:42.978 [com.alibaba.nacos.client.remote.worker] INFO  c.a.n.c.r.client - [printIfInfoEnabled,60] - [5dcfd713-6be7-4d30-9211-49005f30632c_config-0] Success to connect a server [127.0.0.1:8848], connectionId = 1691116362808_127.0.0.1_49274
10:32:42.979 [com.alibaba.nacos.client.remote.worker] INFO  c.a.n.c.r.client - [printIfInfoEnabled,60] - [5dcfd713-6be7-4d30-9211-49005f30632c_config-0] Notify connected event to listeners.
10:32:44.756 [main] INFO  o.a.c.h.Http11NioProtocol - [log,173] - Initializing ProtocolHandler ["http-nio-9233"]
10:32:44.757 [main] INFO  o.a.c.c.StandardService - [log,173] - Starting service [Tomcat]
10:32:44.757 [main] INFO  o.a.c.c.StandardEngine - [log,173] - Starting Servlet engine: [Apache Tomcat/9.0.70]
10:32:45.051 [main] INFO  o.a.c.c.C.[.[.[/] - [log,173] - Initializing Spring embedded WebApplicationContext
10:32:47.382 [main] INFO  c.a.d.p.DruidDataSource - [init,996] - {dataSource-1,master} inited
10:32:47.384 [main] INFO  c.b.d.d.DynamicRoutingDataSource - [addDataSource,154] - dynamic-datasource - add a datasource named [master] success
10:32:47.384 [main] INFO  c.b.d.d.DynamicRoutingDataSource - [afterPropertiesSet,234] - dynamic-datasource initial loaded [1] datasource,primary datasource named [master]
10:32:48.620 [main] INFO  c.a.c.s.SentinelWebMvcConfigurer - [addInterceptors,52] - [Sentinel Starter] register SentinelWebInterceptor with urlPatterns: [/**].
10:32:55.031 [main] INFO  c.a.n.c.r.client - [lambda$createClient$0,80] - [RpcClientFactory] create a new rpc client of e683eb65-b3e2-401d-bb04-2bf6e2594035
10:32:55.031 [main] INFO  c.a.n.c.r.client - [printIfInfoEnabled,60] - [e683eb65-b3e2-401d-bb04-2bf6e2594035] RpcClient init label, labels = {module=naming, source=sdk}
10:32:55.033 [main] INFO  c.a.n.c.r.client - [printIfInfoEnabled,60] - [e683eb65-b3e2-401d-bb04-2bf6e2594035] RpcClient init, ServerListFactory = com.alibaba.nacos.client.naming.core.ServerListManager
10:32:55.033 [main] INFO  c.a.n.c.r.client - [printIfInfoEnabled,60] - [e683eb65-b3e2-401d-bb04-2bf6e2594035] Registry connection listener to current client:com.alibaba.nacos.client.naming.remote.gprc.redo.NamingGrpcRedoService
10:32:55.034 [main] INFO  c.a.n.c.r.client - [printIfInfoEnabled,60] - [e683eb65-b3e2-401d-bb04-2bf6e2594035] Register server push request handler:com.alibaba.nacos.client.naming.remote.gprc.NamingPushRequestHandler
10:32:55.034 [main] INFO  c.a.n.c.r.client - [printIfInfoEnabled,60] - [e683eb65-b3e2-401d-bb04-2bf6e2594035] Try to connect to server on start up, server: {serverIp = '127.0.0.1', server main port = 8848}
10:32:55.156 [main] INFO  c.a.n.c.r.client - [printIfInfoEnabled,60] - [e683eb65-b3e2-401d-bb04-2bf6e2594035] Success to connect to server [127.0.0.1:8848] on start up, connectionId = 1691116375038_127.0.0.1_49401
10:32:55.156 [main] INFO  c.a.n.c.r.client - [printIfInfoEnabled,60] - [e683eb65-b3e2-401d-bb04-2bf6e2594035] Register server push request handler:com.alibaba.nacos.common.remote.client.RpcClient$ConnectResetRequestHandler
10:32:55.156 [com.alibaba.nacos.client.remote.worker] INFO  c.a.n.c.r.client - [printIfInfoEnabled,60] - [e683eb65-b3e2-401d-bb04-2bf6e2594035] Notify connected event to listeners.
10:32:55.156 [main] INFO  c.a.n.c.r.client - [printIfInfoEnabled,60] - [e683eb65-b3e2-401d-bb04-2bf6e2594035] Register server push request handler:com.alibaba.nacos.common.remote.client.RpcClient$$Lambda$344/645643802
10:32:55.189 [main] INFO  o.a.c.h.Http11NioProtocol - [log,173] - Starting ProtocolHandler ["http-nio-9233"]
10:32:55.213 [main] INFO  c.a.c.n.r.NacosServiceRegistry - [register,75] - nacos registry, DEFAULT_GROUP xmap-reservation 10.100.4.8:9233 register finished
10:32:55.769 [nacos-grpc-client-executor-6] INFO  c.a.n.c.r.client - [printIfInfoEnabled,60] - [e683eb65-b3e2-401d-bb04-2bf6e2594035] Receive server push request, request = NotifySubscriberRequest, requestId = 78
10:32:55.810 [nacos-grpc-client-executor-6] INFO  c.a.n.c.r.client - [printIfInfoEnabled,60] - [e683eb65-b3e2-401d-bb04-2bf6e2594035] Ack server push request, request = NotifySubscriberRequest, requestId = 78
10:32:57.015 [main] INFO  c.x.r.XmapReservationApplication - [logStarted,61] - Started XmapReservationApplication in 51.87 seconds (JVM running for 60.24)
10:32:57.027 [main] INFO  c.a.c.n.r.NacosContextRefresher - [registerNacosListener,129] - [Nacos Config] Listening config: dataId=xmap-reservation-dev.yml, group=DEFAULT_GROUP
10:32:57.028 [main] INFO  c.a.c.n.r.NacosContextRefresher - [registerNacosListener,129] - [Nacos Config] Listening config: dataId=xmap-reservation.yml, group=DEFAULT_GROUP
10:32:57.029 [main] INFO  c.a.c.n.r.NacosContextRefresher - [registerNacosListener,129] - [Nacos Config] Listening config: dataId=xmap-reservation, group=DEFAULT_GROUP
10:32:57.365 [RMI TCP Connection(3)-10.100.4.8] INFO  o.a.c.c.C.[.[.[/] - [log,173] - Initializing Spring DispatcherServlet 'dispatcherServlet'
14:00:37.358 [nacos-grpc-client-executor-1037] INFO  c.a.n.c.r.client - [printIfInfoEnabled,60] - [5dcfd713-6be7-4d30-9211-49005f30632c_config-0] Receive server push request, request = ClientDetectionRequest, requestId = 105
14:00:37.359 [nacos-grpc-client-executor-1037] INFO  c.a.n.c.r.client - [printIfInfoEnabled,60] - [5dcfd713-6be7-4d30-9211-49005f30632c_config-0] Ack server push request, request = ClientDetectionRequest, requestId = 105
14:00:37.361 [nacos-grpc-client-executor-1006] INFO  c.a.n.c.r.client - [printIfInfoEnabled,60] - [e683eb65-b3e2-401d-bb04-2bf6e2594035] Receive server push request, request = ClientDetectionRequest, requestId = 107
14:00:37.362 [nacos-grpc-client-executor-1006] INFO  c.a.n.c.r.client - [printIfInfoEnabled,60] - [e683eb65-b3e2-401d-bb04-2bf6e2594035] Ack server push request, request = ClientDetectionRequest, requestId = 107
15:34:57.776 [nacos-grpc-client-executor-2173] INFO  c.a.n.c.r.client - [printIfInfoEnabled,60] - [5dcfd713-6be7-4d30-9211-49005f30632c_config-0] Receive server push request, request = ClientDetectionRequest, requestId = 143
15:34:57.778 [nacos-grpc-client-executor-2173] INFO  c.a.n.c.r.client - [printIfInfoEnabled,60] - [5dcfd713-6be7-4d30-9211-49005f30632c_config-0] Ack server push request, request = ClientDetectionRequest, requestId = 143
15:34:57.792 [nacos-grpc-client-executor-2206] INFO  c.a.n.c.r.client - [printIfInfoEnabled,60] - [e683eb65-b3e2-401d-bb04-2bf6e2594035] Receive server push request, request = ClientDetectionRequest, requestId = 147
15:34:57.792 [nacos-grpc-client-executor-2206] INFO  c.a.n.c.r.client - [printIfInfoEnabled,60] - [e683eb65-b3e2-401d-bb04-2bf6e2594035] Ack server push request, request = ClientDetectionRequest, requestId = 147
17:25:41.340 [lettuce-nioEventLoop-4-1] INFO  i.l.c.p.CommandHandler - [log,217] - null Unexpected exception during request: java.io.IOException: 远程主机强迫关闭了一个现有的连接。
java.io.IOException: 远程主机强迫关闭了一个现有的连接。
	at sun.nio.ch.SocketDispatcher.read0(Native Method)
	at sun.nio.ch.SocketDispatcher.read(SocketDispatcher.java:43)
	at sun.nio.ch.IOUtil.readIntoNativeBuffer(IOUtil.java:223)
	at sun.nio.ch.IOUtil.read(IOUtil.java:192)
	at sun.nio.ch.SocketChannelImpl.read(SocketChannelImpl.java:380)
	at io.netty.buffer.PooledByteBuf.setBytes(PooledByteBuf.java:259)
	at io.netty.buffer.AbstractByteBuf.writeBytes(AbstractByteBuf.java:1132)
	at io.netty.channel.socket.nio.NioSocketChannel.doReadBytes(NioSocketChannel.java:357)
	at io.netty.channel.nio.AbstractNioByteChannel$NioByteUnsafe.read(AbstractNioByteChannel.java:151)
	at io.netty.channel.nio.NioEventLoop.processSelectedKey(NioEventLoop.java:788)
	at io.netty.channel.nio.NioEventLoop.processSelectedKeysOptimized(NioEventLoop.java:724)
	at io.netty.channel.nio.NioEventLoop.processSelectedKeys(NioEventLoop.java:650)
	at io.netty.channel.nio.NioEventLoop.run(NioEventLoop.java:562)
	at io.netty.util.concurrent.SingleThreadEventExecutor$4.run(SingleThreadEventExecutor.java:997)
	at io.netty.util.internal.ThreadExecutorMap$2.run(ThreadExecutorMap.java:74)
	at io.netty.util.concurrent.FastThreadLocalRunnable.run(FastThreadLocalRunnable.java:30)
	at java.lang.Thread.run(Thread.java:748)
17:25:41.345 [lettuce-nioEventLoop-4-2] INFO  i.l.c.p.CommandHandler - [log,217] - null Unexpected exception during request: java.io.IOException: 远程主机强迫关闭了一个现有的连接。
java.io.IOException: 远程主机强迫关闭了一个现有的连接。
	at sun.nio.ch.SocketDispatcher.read0(Native Method)
	at sun.nio.ch.SocketDispatcher.read(SocketDispatcher.java:43)
	at sun.nio.ch.IOUtil.readIntoNativeBuffer(IOUtil.java:223)
	at sun.nio.ch.IOUtil.read(IOUtil.java:192)
	at sun.nio.ch.SocketChannelImpl.read(SocketChannelImpl.java:380)
	at io.netty.buffer.PooledByteBuf.setBytes(PooledByteBuf.java:259)
	at io.netty.buffer.AbstractByteBuf.writeBytes(AbstractByteBuf.java:1132)
	at io.netty.channel.socket.nio.NioSocketChannel.doReadBytes(NioSocketChannel.java:357)
	at io.netty.channel.nio.AbstractNioByteChannel$NioByteUnsafe.read(AbstractNioByteChannel.java:151)
	at io.netty.channel.nio.NioEventLoop.processSelectedKey(NioEventLoop.java:788)
	at io.netty.channel.nio.NioEventLoop.processSelectedKeysOptimized(NioEventLoop.java:724)
	at io.netty.channel.nio.NioEventLoop.processSelectedKeys(NioEventLoop.java:650)
	at io.netty.channel.nio.NioEventLoop.run(NioEventLoop.java:562)
	at io.netty.util.concurrent.SingleThreadEventExecutor$4.run(SingleThreadEventExecutor.java:997)
	at io.netty.util.internal.ThreadExecutorMap$2.run(ThreadExecutorMap.java:74)
	at io.netty.util.concurrent.FastThreadLocalRunnable.run(FastThreadLocalRunnable.java:30)
	at java.lang.Thread.run(Thread.java:748)
17:25:41.441 [com.alibaba.nacos.client.remote.worker] INFO  c.a.n.c.r.client - [printIfInfoEnabled,60] - [e683eb65-b3e2-401d-bb04-2bf6e2594035] Server healthy check fail, currentConnection = 1691116375038_127.0.0.1_49401
17:25:41.450 [lettuce-eventExecutorLoop-1-8] INFO  i.l.c.p.ConnectionWatchdog - [log,171] - Reconnecting, last destination was localhost/127.0.0.1:6379
17:25:41.450 [lettuce-eventExecutorLoop-1-7] INFO  i.l.c.p.ConnectionWatchdog - [log,171] - Reconnecting, last destination was localhost/127.0.0.1:6379
17:25:41.807 [com.alibaba.nacos.client.remote.worker] INFO  c.a.n.c.r.client - [printIfInfoEnabled,60] - [5dcfd713-6be7-4d30-9211-49005f30632c_config-0] Try to reconnect to a new server, server is  not appointed, will choose a random server.
17:25:41.810 [com.alibaba.nacos.client.remote.worker] INFO  c.a.n.c.r.client - [printIfInfoEnabled,60] - [e683eb65-b3e2-401d-bb04-2bf6e2594035] Try to reconnect to a new server, server is  not appointed, will choose a random server.
