15:20:03.254 [background-preinit] INFO  o.h.v.i.util.Version - [<clinit>,21] - HV000001: Hibernate Validator 6.2.5.Final
15:20:04.795 [main] INFO  c.a.n.c.r.client - [lambda$createClient$0,80] - [RpcClientFactory] create a new rpc client of 04696c80-7c8d-4ce1-9bb2-15cef05019f2_config-0
15:20:04.834 [main] INFO  o.r.Reflections - [scan,232] - Reflections took 24 ms to scan 1 urls, producing 3 keys and 6 values 
15:20:04.855 [main] INFO  o.r.Reflections - [scan,232] - Reflections took 9 ms to scan 1 urls, producing 4 keys and 9 values 
15:20:04.864 [main] INFO  o.r.Reflections - [scan,232] - Reflections took 8 ms to scan 1 urls, producing 3 keys and 10 values 
15:20:05.108 [main] INFO  o.r.Reflections - [scan,232] - Reflections took 240 ms to scan 199 urls, producing 0 keys and 0 values 
15:20:05.118 [main] INFO  o.r.Reflections - [scan,232] - Reflections took 8 ms to scan 1 urls, producing 1 keys and 5 values 
15:20:05.127 [main] INFO  o.r.Reflections - [scan,232] - Reflections took 8 ms to scan 1 urls, producing 1 keys and 7 values 
15:20:05.135 [main] INFO  o.r.Reflections - [scan,232] - Reflections took 7 ms to scan 1 urls, producing 2 keys and 8 values 
15:20:05.305 [main] INFO  o.r.Reflections - [scan,232] - Reflections took 168 ms to scan 199 urls, producing 0 keys and 0 values 
15:20:05.306 [main] INFO  c.a.n.c.r.client - [printIfInfoEnabled,60] - [04696c80-7c8d-4ce1-9bb2-15cef05019f2_config-0] RpcClient init label, labels = {module=config, Vipserver-Tag=null, source=sdk, Amory-Tag=null, Location-Tag=null, taskId=0, AppName=unknown}
15:20:05.308 [main] INFO  c.a.n.c.r.client - [printIfInfoEnabled,60] - [04696c80-7c8d-4ce1-9bb2-15cef05019f2_config-0] Register server push request handler:com.alibaba.nacos.client.config.impl.ClientWorker$ConfigRpcTransportClient$$Lambda$334/832145584
15:20:05.309 [main] INFO  c.a.n.c.r.client - [printIfInfoEnabled,60] - [04696c80-7c8d-4ce1-9bb2-15cef05019f2_config-0] Register server push request handler:com.alibaba.nacos.client.config.impl.ClientWorker$ConfigRpcTransportClient$$Lambda$335/224060798
15:20:05.309 [main] INFO  c.a.n.c.r.client - [printIfInfoEnabled,60] - [04696c80-7c8d-4ce1-9bb2-15cef05019f2_config-0] Registry connection listener to current client:com.alibaba.nacos.client.config.impl.ClientWorker$ConfigRpcTransportClient$1
15:20:05.310 [main] INFO  c.a.n.c.r.client - [printIfInfoEnabled,60] - [04696c80-7c8d-4ce1-9bb2-15cef05019f2_config-0] RpcClient init, ServerListFactory = com.alibaba.nacos.client.config.impl.ClientWorker$ConfigRpcTransportClient$2
15:20:05.324 [main] INFO  c.a.n.c.r.client - [printIfInfoEnabled,60] - [04696c80-7c8d-4ce1-9bb2-15cef05019f2_config-0] Try to connect to server on start up, server: {serverIp = '127.0.0.1', server main port = 8848}
15:20:08.936 [main] INFO  c.a.n.c.r.client - [printIfInfoEnabled,60] - [04696c80-7c8d-4ce1-9bb2-15cef05019f2_config-0] Success to connect to server [127.0.0.1:8848] on start up, connectionId = 1690183208677_127.0.0.1_62335
15:20:08.937 [com.alibaba.nacos.client.remote.worker] INFO  c.a.n.c.r.client - [printIfInfoEnabled,60] - [04696c80-7c8d-4ce1-9bb2-15cef05019f2_config-0] Notify connected event to listeners.
15:20:08.938 [main] INFO  c.a.n.c.r.client - [printIfInfoEnabled,60] - [04696c80-7c8d-4ce1-9bb2-15cef05019f2_config-0] Register server push request handler:com.alibaba.nacos.common.remote.client.RpcClient$ConnectResetRequestHandler
15:20:08.940 [main] INFO  c.a.n.c.r.client - [printIfInfoEnabled,60] - [04696c80-7c8d-4ce1-9bb2-15cef05019f2_config-0] Register server push request handler:com.alibaba.nacos.common.remote.client.RpcClient$$Lambda$344/1788034018
15:20:09.035 [main] INFO  c.x.r.XmapReservationApplication - [logStartupProfileInfo,637] - The following 1 profile is active: "dev"
15:20:11.231 [main] INFO  o.a.c.h.Http11NioProtocol - [log,173] - Initializing ProtocolHandler ["http-nio-9233"]
15:20:11.231 [main] INFO  o.a.c.c.StandardService - [log,173] - Starting service [Tomcat]
15:20:11.231 [main] INFO  o.a.c.c.StandardEngine - [log,173] - Starting Servlet engine: [Apache Tomcat/9.0.70]
15:20:11.404 [main] INFO  o.a.c.c.C.[.[.[/] - [log,173] - Initializing Spring embedded WebApplicationContext
15:20:12.939 [main] INFO  c.a.d.p.DruidDataSource - [init,996] - {dataSource-1,master} inited
15:20:12.940 [main] INFO  c.b.d.d.DynamicRoutingDataSource - [addDataSource,154] - dynamic-datasource - add a datasource named [master] success
15:20:12.940 [main] INFO  c.b.d.d.DynamicRoutingDataSource - [afterPropertiesSet,234] - dynamic-datasource initial loaded [1] datasource,primary datasource named [master]
15:20:14.120 [main] INFO  c.a.c.s.SentinelWebMvcConfigurer - [addInterceptors,52] - [Sentinel Starter] register SentinelWebInterceptor with urlPatterns: [/**].
15:20:18.838 [main] INFO  c.a.n.c.r.client - [lambda$createClient$0,80] - [RpcClientFactory] create a new rpc client of 95c6b188-c2ca-47ce-ba60-323c7c038a48
15:20:18.838 [main] INFO  c.a.n.c.r.client - [printIfInfoEnabled,60] - [95c6b188-c2ca-47ce-ba60-323c7c038a48] RpcClient init label, labels = {module=naming, source=sdk}
15:20:18.840 [main] INFO  c.a.n.c.r.client - [printIfInfoEnabled,60] - [95c6b188-c2ca-47ce-ba60-323c7c038a48] RpcClient init, ServerListFactory = com.alibaba.nacos.client.naming.core.ServerListManager
15:20:18.841 [main] INFO  c.a.n.c.r.client - [printIfInfoEnabled,60] - [95c6b188-c2ca-47ce-ba60-323c7c038a48] Registry connection listener to current client:com.alibaba.nacos.client.naming.remote.gprc.redo.NamingGrpcRedoService
15:20:18.841 [main] INFO  c.a.n.c.r.client - [printIfInfoEnabled,60] - [95c6b188-c2ca-47ce-ba60-323c7c038a48] Register server push request handler:com.alibaba.nacos.client.naming.remote.gprc.NamingPushRequestHandler
15:20:18.841 [main] INFO  c.a.n.c.r.client - [printIfInfoEnabled,60] - [95c6b188-c2ca-47ce-ba60-323c7c038a48] Try to connect to server on start up, server: {serverIp = '127.0.0.1', server main port = 8848}
15:20:18.956 [main] INFO  c.a.n.c.r.client - [printIfInfoEnabled,60] - [95c6b188-c2ca-47ce-ba60-323c7c038a48] Success to connect to server [127.0.0.1:8848] on start up, connectionId = 1690183218846_127.0.0.1_62354
15:20:18.956 [main] INFO  c.a.n.c.r.client - [printIfInfoEnabled,60] - [95c6b188-c2ca-47ce-ba60-323c7c038a48] Register server push request handler:com.alibaba.nacos.common.remote.client.RpcClient$ConnectResetRequestHandler
15:20:18.956 [com.alibaba.nacos.client.remote.worker] INFO  c.a.n.c.r.client - [printIfInfoEnabled,60] - [95c6b188-c2ca-47ce-ba60-323c7c038a48] Notify connected event to listeners.
15:20:18.957 [main] INFO  c.a.n.c.r.client - [printIfInfoEnabled,60] - [95c6b188-c2ca-47ce-ba60-323c7c038a48] Register server push request handler:com.alibaba.nacos.common.remote.client.RpcClient$$Lambda$344/1788034018
15:20:19.011 [main] INFO  o.a.c.h.Http11NioProtocol - [log,173] - Starting ProtocolHandler ["http-nio-9233"]
15:20:19.033 [main] INFO  c.a.c.n.r.NacosServiceRegistry - [register,75] - nacos registry, DEFAULT_GROUP xmap-reservation 192.168.105.211:9233 register finished
15:20:19.520 [nacos-grpc-client-executor-7] INFO  c.a.n.c.r.client - [printIfInfoEnabled,60] - [95c6b188-c2ca-47ce-ba60-323c7c038a48] Receive server push request, request = NotifySubscriberRequest, requestId = 57
15:20:19.525 [nacos-grpc-client-executor-7] INFO  c.a.n.c.r.client - [printIfInfoEnabled,60] - [95c6b188-c2ca-47ce-ba60-323c7c038a48] Ack server push request, request = NotifySubscriberRequest, requestId = 57
15:20:20.842 [main] INFO  c.x.r.XmapReservationApplication - [logStarted,61] - Started XmapReservationApplication in 19.263 seconds (JVM running for 21.124)
15:20:20.853 [main] INFO  c.a.c.n.r.NacosContextRefresher - [registerNacosListener,129] - [Nacos Config] Listening config: dataId=xmap-reservation-dev.yml, group=DEFAULT_GROUP
15:20:20.853 [main] INFO  c.a.c.n.r.NacosContextRefresher - [registerNacosListener,129] - [Nacos Config] Listening config: dataId=xmap-reservation.yml, group=DEFAULT_GROUP
15:20:20.854 [main] INFO  c.a.c.n.r.NacosContextRefresher - [registerNacosListener,129] - [Nacos Config] Listening config: dataId=xmap-reservation, group=DEFAULT_GROUP
15:20:22.990 [RMI TCP Connection(5)-192.168.105.211] INFO  o.a.c.c.C.[.[.[/] - [log,173] - Initializing Spring DispatcherServlet 'dispatcherServlet'
16:21:36.296 [SpringApplicationShutdownHook] INFO  c.a.c.n.r.NacosServiceRegistry - [deregister,94] - De-registering from Nacos Server now...
16:21:36.308 [SpringApplicationShutdownHook] INFO  c.a.c.n.r.NacosServiceRegistry - [deregister,114] - De-registration finished.
16:21:36.661 [SpringApplicationShutdownHook] INFO  c.a.n.c.r.client - [shutdown,454] - Shutdown rpc client, set status to shutdown
16:21:36.663 [SpringApplicationShutdownHook] INFO  c.a.n.c.r.client - [shutdown,456] - Shutdown client event executor java.util.concurrent.ScheduledThreadPoolExecutor@273338c8[Running, pool size = 2, active threads = 2, queued tasks = 0, completed tasks = 0]
16:21:36.664 [SpringApplicationShutdownHook] INFO  c.a.n.c.r.client - [closeConnection,591] - Close current connection 1690183218846_127.0.0.1_62354
16:21:36.671 [nacos-grpc-client-executor-941] INFO  c.a.n.c.r.c.g.GrpcClient - [printIfInfoEnabled,60] - [1690183218846_127.0.0.1_62354]Ignore complete event,isRunning:false,isAbandon=false
16:21:36.687 [SpringApplicationShutdownHook] INFO  c.a.n.c.r.c.g.GrpcClient - [shutdown,85] - Shutdown grpc executor java.util.concurrent.ThreadPoolExecutor@4754a5ea[Running, pool size = 7, active threads = 0, queued tasks = 0, completed tasks = 942]
16:21:36.930 [SpringApplicationShutdownHook] INFO  c.b.d.d.DynamicRoutingDataSource - [destroy,211] - dynamic-datasource start closing ....
16:21:36.941 [SpringApplicationShutdownHook] INFO  c.a.d.p.DruidDataSource - [close,2138] - {dataSource-1} closing ...
16:21:36.976 [SpringApplicationShutdownHook] INFO  c.a.d.p.DruidDataSource - [close,2211] - {dataSource-1} closed
16:21:36.976 [SpringApplicationShutdownHook] INFO  c.b.d.d.DynamicRoutingDataSource - [destroy,215] - dynamic-datasource all closed success,bye
16:22:05.721 [background-preinit] INFO  o.h.v.i.util.Version - [<clinit>,21] - HV000001: Hibernate Validator 6.2.5.Final
16:22:12.236 [main] INFO  c.a.n.c.r.client - [lambda$createClient$0,80] - [RpcClientFactory] create a new rpc client of 0324831f-8ee3-4aef-a511-3855406cc5ad_config-0
16:22:12.271 [main] INFO  o.r.Reflections - [scan,232] - Reflections took 21 ms to scan 1 urls, producing 3 keys and 6 values 
16:22:12.292 [main] INFO  o.r.Reflections - [scan,232] - Reflections took 12 ms to scan 1 urls, producing 4 keys and 9 values 
16:22:12.308 [main] INFO  o.r.Reflections - [scan,232] - Reflections took 14 ms to scan 1 urls, producing 3 keys and 10 values 
16:22:12.481 [main] INFO  o.r.Reflections - [scan,232] - Reflections took 171 ms to scan 199 urls, producing 0 keys and 0 values 
16:22:12.493 [main] INFO  o.r.Reflections - [scan,232] - Reflections took 10 ms to scan 1 urls, producing 1 keys and 5 values 
16:22:12.506 [main] INFO  o.r.Reflections - [scan,232] - Reflections took 11 ms to scan 1 urls, producing 1 keys and 7 values 
16:22:12.521 [main] INFO  o.r.Reflections - [scan,232] - Reflections took 13 ms to scan 1 urls, producing 2 keys and 8 values 
16:22:12.667 [main] INFO  o.r.Reflections - [scan,232] - Reflections took 144 ms to scan 199 urls, producing 0 keys and 0 values 
16:22:12.667 [main] INFO  c.a.n.c.r.client - [printIfInfoEnabled,60] - [0324831f-8ee3-4aef-a511-3855406cc5ad_config-0] RpcClient init label, labels = {module=config, Vipserver-Tag=null, source=sdk, Amory-Tag=null, Location-Tag=null, taskId=0, AppName=unknown}
16:22:12.668 [main] INFO  c.a.n.c.r.client - [printIfInfoEnabled,60] - [0324831f-8ee3-4aef-a511-3855406cc5ad_config-0] Register server push request handler:com.alibaba.nacos.client.config.impl.ClientWorker$ConfigRpcTransportClient$$Lambda$334/832145584
16:22:12.668 [main] INFO  c.a.n.c.r.client - [printIfInfoEnabled,60] - [0324831f-8ee3-4aef-a511-3855406cc5ad_config-0] Register server push request handler:com.alibaba.nacos.client.config.impl.ClientWorker$ConfigRpcTransportClient$$Lambda$335/224060798
16:22:12.669 [main] INFO  c.a.n.c.r.client - [printIfInfoEnabled,60] - [0324831f-8ee3-4aef-a511-3855406cc5ad_config-0] Registry connection listener to current client:com.alibaba.nacos.client.config.impl.ClientWorker$ConfigRpcTransportClient$1
16:22:12.670 [main] INFO  c.a.n.c.r.client - [printIfInfoEnabled,60] - [0324831f-8ee3-4aef-a511-3855406cc5ad_config-0] RpcClient init, ServerListFactory = com.alibaba.nacos.client.config.impl.ClientWorker$ConfigRpcTransportClient$2
16:22:12.676 [main] INFO  c.a.n.c.r.client - [printIfInfoEnabled,60] - [0324831f-8ee3-4aef-a511-3855406cc5ad_config-0] Try to connect to server on start up, server: {serverIp = '127.0.0.1', server main port = 8848}
16:22:21.043 [main] INFO  c.a.n.c.r.client - [printIfInfoEnabled,60] - [0324831f-8ee3-4aef-a511-3855406cc5ad_config-0] Try to connect to server on start up, server: {serverIp = '127.0.0.1', server main port = 8848}
16:22:24.139 [main] INFO  c.a.n.c.r.client - [printIfInfoEnabled,60] - [0324831f-8ee3-4aef-a511-3855406cc5ad_config-0] Try to connect to server on start up, server: {serverIp = '127.0.0.1', server main port = 8848}
16:22:24.292 [main] INFO  c.a.n.c.r.client - [printIfInfoEnabled,60] - [0324831f-8ee3-4aef-a511-3855406cc5ad_config-0] Success to connect to server [127.0.0.1:8848] on start up, connectionId = 1690186944146_127.0.0.1_57095
16:22:24.292 [com.alibaba.nacos.client.remote.worker] INFO  c.a.n.c.r.client - [printIfInfoEnabled,60] - [0324831f-8ee3-4aef-a511-3855406cc5ad_config-0] Notify connected event to listeners.
16:22:24.293 [main] INFO  c.a.n.c.r.client - [printIfInfoEnabled,60] - [0324831f-8ee3-4aef-a511-3855406cc5ad_config-0] Register server push request handler:com.alibaba.nacos.common.remote.client.RpcClient$ConnectResetRequestHandler
16:22:24.294 [main] INFO  c.a.n.c.r.client - [printIfInfoEnabled,60] - [0324831f-8ee3-4aef-a511-3855406cc5ad_config-0] Register server push request handler:com.alibaba.nacos.common.remote.client.RpcClient$$Lambda$344/1173504361
16:22:24.362 [main] INFO  c.x.r.XmapReservationApplication - [logStartupProfileInfo,637] - The following 1 profile is active: "dev"
16:22:26.229 [main] INFO  o.a.c.h.Http11NioProtocol - [log,173] - Initializing ProtocolHandler ["http-nio-9233"]
16:22:26.229 [main] INFO  o.a.c.c.StandardService - [log,173] - Starting service [Tomcat]
16:22:26.230 [main] INFO  o.a.c.c.StandardEngine - [log,173] - Starting Servlet engine: [Apache Tomcat/9.0.70]
16:22:26.374 [main] INFO  o.a.c.c.C.[.[.[/] - [log,173] - Initializing Spring embedded WebApplicationContext
16:22:32.517 [main] INFO  c.a.d.p.DruidDataSource - [init,996] - {dataSource-1,master} inited
16:22:32.519 [main] INFO  c.b.d.d.DynamicRoutingDataSource - [addDataSource,154] - dynamic-datasource - add a datasource named [master] success
16:22:32.519 [main] INFO  c.b.d.d.DynamicRoutingDataSource - [afterPropertiesSet,234] - dynamic-datasource initial loaded [1] datasource,primary datasource named [master]
16:22:33.761 [main] INFO  c.a.c.s.SentinelWebMvcConfigurer - [addInterceptors,52] - [Sentinel Starter] register SentinelWebInterceptor with urlPatterns: [/**].
16:22:49.125 [main] INFO  c.a.n.c.r.client - [lambda$createClient$0,80] - [RpcClientFactory] create a new rpc client of 63f11448-d604-4ef3-9f8b-b0ce02cd95ae
16:22:49.125 [main] INFO  c.a.n.c.r.client - [printIfInfoEnabled,60] - [63f11448-d604-4ef3-9f8b-b0ce02cd95ae] RpcClient init label, labels = {module=naming, source=sdk}
16:22:49.127 [main] INFO  c.a.n.c.r.client - [printIfInfoEnabled,60] - [63f11448-d604-4ef3-9f8b-b0ce02cd95ae] RpcClient init, ServerListFactory = com.alibaba.nacos.client.naming.core.ServerListManager
16:22:49.127 [main] INFO  c.a.n.c.r.client - [printIfInfoEnabled,60] - [63f11448-d604-4ef3-9f8b-b0ce02cd95ae] Registry connection listener to current client:com.alibaba.nacos.client.naming.remote.gprc.redo.NamingGrpcRedoService
16:22:49.127 [main] INFO  c.a.n.c.r.client - [printIfInfoEnabled,60] - [63f11448-d604-4ef3-9f8b-b0ce02cd95ae] Register server push request handler:com.alibaba.nacos.client.naming.remote.gprc.NamingPushRequestHandler
16:22:49.128 [main] INFO  c.a.n.c.r.client - [printIfInfoEnabled,60] - [63f11448-d604-4ef3-9f8b-b0ce02cd95ae] Try to connect to server on start up, server: {serverIp = '127.0.0.1', server main port = 8848}
16:22:49.248 [main] INFO  c.a.n.c.r.client - [printIfInfoEnabled,60] - [63f11448-d604-4ef3-9f8b-b0ce02cd95ae] Success to connect to server [127.0.0.1:8848] on start up, connectionId = 1690186969131_127.0.0.1_54442
16:22:49.249 [main] INFO  c.a.n.c.r.client - [printIfInfoEnabled,60] - [63f11448-d604-4ef3-9f8b-b0ce02cd95ae] Register server push request handler:com.alibaba.nacos.common.remote.client.RpcClient$ConnectResetRequestHandler
16:22:49.249 [com.alibaba.nacos.client.remote.worker] INFO  c.a.n.c.r.client - [printIfInfoEnabled,60] - [63f11448-d604-4ef3-9f8b-b0ce02cd95ae] Notify connected event to listeners.
16:22:49.249 [main] INFO  c.a.n.c.r.client - [printIfInfoEnabled,60] - [63f11448-d604-4ef3-9f8b-b0ce02cd95ae] Register server push request handler:com.alibaba.nacos.common.remote.client.RpcClient$$Lambda$344/1173504361
16:22:49.273 [main] INFO  o.a.c.h.Http11NioProtocol - [log,173] - Starting ProtocolHandler ["http-nio-9233"]
16:22:49.295 [main] INFO  c.a.c.n.r.NacosServiceRegistry - [register,75] - nacos registry, DEFAULT_GROUP xmap-reservation 10.100.4.8:9233 register finished
16:22:49.788 [nacos-grpc-client-executor-7] INFO  c.a.n.c.r.client - [printIfInfoEnabled,60] - [63f11448-d604-4ef3-9f8b-b0ce02cd95ae] Receive server push request, request = NotifySubscriberRequest, requestId = 77
16:22:49.792 [nacos-grpc-client-executor-7] INFO  c.a.n.c.r.client - [printIfInfoEnabled,60] - [63f11448-d604-4ef3-9f8b-b0ce02cd95ae] Ack server push request, request = NotifySubscriberRequest, requestId = 77
16:22:52.347 [main] INFO  c.x.r.XmapReservationApplication - [logStarted,61] - Started XmapReservationApplication in 52.701 seconds (JVM running for 58.983)
16:22:52.357 [main] INFO  c.a.c.n.r.NacosContextRefresher - [registerNacosListener,129] - [Nacos Config] Listening config: dataId=xmap-reservation-dev.yml, group=DEFAULT_GROUP
16:22:52.358 [main] INFO  c.a.c.n.r.NacosContextRefresher - [registerNacosListener,129] - [Nacos Config] Listening config: dataId=xmap-reservation.yml, group=DEFAULT_GROUP
16:22:52.358 [main] INFO  c.a.c.n.r.NacosContextRefresher - [registerNacosListener,129] - [Nacos Config] Listening config: dataId=xmap-reservation, group=DEFAULT_GROUP
16:22:52.612 [RMI TCP Connection(3)-10.100.4.8] INFO  o.a.c.c.C.[.[.[/] - [log,173] - Initializing Spring DispatcherServlet 'dispatcherServlet'
16:25:19.306 [nacos-grpc-client-executor-46] INFO  c.a.n.c.r.client - [printIfInfoEnabled,60] - [63f11448-d604-4ef3-9f8b-b0ce02cd95ae] Receive server push request, request = NotifySubscriberRequest, requestId = 85
16:25:19.307 [nacos-grpc-client-executor-46] INFO  c.a.n.c.r.client - [printIfInfoEnabled,60] - [63f11448-d604-4ef3-9f8b-b0ce02cd95ae] Ack server push request, request = NotifySubscriberRequest, requestId = 85
