09:36:28.532 [background-preinit] INFO  o.h.v.i.util.Version - [<clinit>,21] - HV000001: Hibernate Validator 6.2.5.Final
09:36:32.397 [main] INFO  c.a.n.c.r.client - [lambda$createClient$0,80] - [RpcClientFactory] create a new rpc client of adb09064-d8be-4f0e-99cd-ba84e97307a4_config-0
09:36:32.428 [main] INFO  o.r.Reflections - [scan,232] - Reflections took 20 ms to scan 1 urls, producing 3 keys and 6 values 
09:36:32.452 [main] INFO  o.r.Reflections - [scan,232] - Reflections took 11 ms to scan 1 urls, producing 4 keys and 9 values 
09:36:32.461 [main] INFO  o.r.Reflections - [scan,232] - Reflections took 7 ms to scan 1 urls, producing 3 keys and 10 values 
09:36:32.616 [main] INFO  o.r.Reflections - [scan,232] - Reflections took 153 ms to scan 199 urls, producing 0 keys and 0 values 
09:36:32.624 [main] INFO  o.r.Reflections - [scan,232] - Reflections took 7 ms to scan 1 urls, producing 1 keys and 5 values 
09:36:32.633 [main] INFO  o.r.Reflections - [scan,232] - Reflections took 8 ms to scan 1 urls, producing 1 keys and 7 values 
09:36:32.645 [main] INFO  o.r.Reflections - [scan,232] - Reflections took 11 ms to scan 1 urls, producing 2 keys and 8 values 
09:36:32.782 [main] INFO  o.r.Reflections - [scan,232] - Reflections took 135 ms to scan 199 urls, producing 0 keys and 0 values 
09:36:32.783 [main] INFO  c.a.n.c.r.client - [printIfInfoEnabled,60] - [adb09064-d8be-4f0e-99cd-ba84e97307a4_config-0] RpcClient init label, labels = {module=config, Vipserver-Tag=null, source=sdk, Amory-Tag=null, Location-Tag=null, taskId=0, AppName=unknown}
09:36:32.784 [main] INFO  c.a.n.c.r.client - [printIfInfoEnabled,60] - [adb09064-d8be-4f0e-99cd-ba84e97307a4_config-0] Register server push request handler:com.alibaba.nacos.client.config.impl.ClientWorker$ConfigRpcTransportClient$$Lambda$334/832145584
09:36:32.785 [main] INFO  c.a.n.c.r.client - [printIfInfoEnabled,60] - [adb09064-d8be-4f0e-99cd-ba84e97307a4_config-0] Register server push request handler:com.alibaba.nacos.client.config.impl.ClientWorker$ConfigRpcTransportClient$$Lambda$335/224060798
09:36:32.785 [main] INFO  c.a.n.c.r.client - [printIfInfoEnabled,60] - [adb09064-d8be-4f0e-99cd-ba84e97307a4_config-0] Registry connection listener to current client:com.alibaba.nacos.client.config.impl.ClientWorker$ConfigRpcTransportClient$1
09:36:32.786 [main] INFO  c.a.n.c.r.client - [printIfInfoEnabled,60] - [adb09064-d8be-4f0e-99cd-ba84e97307a4_config-0] RpcClient init, ServerListFactory = com.alibaba.nacos.client.config.impl.ClientWorker$ConfigRpcTransportClient$2
09:36:32.791 [main] INFO  c.a.n.c.r.client - [printIfInfoEnabled,60] - [adb09064-d8be-4f0e-99cd-ba84e97307a4_config-0] Try to connect to server on start up, server: {serverIp = '127.0.0.1', server main port = 8848}
09:36:40.263 [main] INFO  c.a.n.c.r.client - [printIfInfoEnabled,60] - [adb09064-d8be-4f0e-99cd-ba84e97307a4_config-0] Try to connect to server on start up, server: {serverIp = '127.0.0.1', server main port = 8848}
09:36:43.282 [main] INFO  c.a.n.c.r.client - [printIfInfoEnabled,60] - [adb09064-d8be-4f0e-99cd-ba84e97307a4_config-0] Try to connect to server on start up, server: {serverIp = '127.0.0.1', server main port = 8848}
09:36:46.293 [com.alibaba.nacos.client.remote.worker] INFO  c.a.n.c.r.client - [printIfInfoEnabled,60] - [adb09064-d8be-4f0e-99cd-ba84e97307a4_config-0] Try to reconnect to a new server, server is  not appointed, will choose a random server.
09:36:46.294 [main] INFO  c.a.n.c.r.client - [printIfInfoEnabled,60] - [adb09064-d8be-4f0e-99cd-ba84e97307a4_config-0] Register server push request handler:com.alibaba.nacos.common.remote.client.RpcClient$ConnectResetRequestHandler
09:36:46.294 [main] INFO  c.a.n.c.r.client - [printIfInfoEnabled,60] - [adb09064-d8be-4f0e-99cd-ba84e97307a4_config-0] Register server push request handler:com.alibaba.nacos.common.remote.client.RpcClient$$Lambda$344/521331027
09:36:46.684 [com.alibaba.nacos.client.remote.worker] INFO  c.a.n.c.r.client - [printIfInfoEnabled,60] - [adb09064-d8be-4f0e-99cd-ba84e97307a4_config-0] Success to connect a server [127.0.0.1:8848], connectionId = 1691545006532_127.0.0.1_55611
09:36:46.684 [com.alibaba.nacos.client.remote.worker] INFO  c.a.n.c.r.client - [printIfInfoEnabled,60] - [adb09064-d8be-4f0e-99cd-ba84e97307a4_config-0] Notify connected event to listeners.
09:36:46.773 [main] INFO  c.x.r.XmapReservationApplication - [logStartupProfileInfo,637] - The following 1 profile is active: "dev"
09:36:48.325 [main] INFO  o.a.c.h.Http11NioProtocol - [log,173] - Initializing ProtocolHandler ["http-nio-9233"]
09:36:48.325 [main] INFO  o.a.c.c.StandardService - [log,173] - Starting service [Tomcat]
09:36:48.326 [main] INFO  o.a.c.c.StandardEngine - [log,173] - Starting Servlet engine: [Apache Tomcat/9.0.70]
09:36:48.463 [main] INFO  o.a.c.c.C.[.[.[/] - [log,173] - Initializing Spring embedded WebApplicationContext
09:36:50.905 [main] INFO  c.a.d.p.DruidDataSource - [init,996] - {dataSource-1,master} inited
09:36:50.906 [main] INFO  c.b.d.d.DynamicRoutingDataSource - [addDataSource,154] - dynamic-datasource - add a datasource named [master] success
09:36:50.906 [main] INFO  c.b.d.d.DynamicRoutingDataSource - [afterPropertiesSet,234] - dynamic-datasource initial loaded [1] datasource,primary datasource named [master]
09:36:51.938 [main] INFO  c.a.c.s.SentinelWebMvcConfigurer - [addInterceptors,52] - [Sentinel Starter] register SentinelWebInterceptor with urlPatterns: [/**].
09:37:00.556 [main] INFO  c.a.n.c.r.client - [lambda$createClient$0,80] - [RpcClientFactory] create a new rpc client of 4dc20bdb-fbd8-4d07-ba3a-0ef9bf0ffcce
09:37:00.556 [main] INFO  c.a.n.c.r.client - [printIfInfoEnabled,60] - [4dc20bdb-fbd8-4d07-ba3a-0ef9bf0ffcce] RpcClient init label, labels = {module=naming, source=sdk}
09:37:00.557 [main] INFO  c.a.n.c.r.client - [printIfInfoEnabled,60] - [4dc20bdb-fbd8-4d07-ba3a-0ef9bf0ffcce] RpcClient init, ServerListFactory = com.alibaba.nacos.client.naming.core.ServerListManager
09:37:00.557 [main] INFO  c.a.n.c.r.client - [printIfInfoEnabled,60] - [4dc20bdb-fbd8-4d07-ba3a-0ef9bf0ffcce] Registry connection listener to current client:com.alibaba.nacos.client.naming.remote.gprc.redo.NamingGrpcRedoService
09:37:00.558 [main] INFO  c.a.n.c.r.client - [printIfInfoEnabled,60] - [4dc20bdb-fbd8-4d07-ba3a-0ef9bf0ffcce] Register server push request handler:com.alibaba.nacos.client.naming.remote.gprc.NamingPushRequestHandler
09:37:00.558 [main] INFO  c.a.n.c.r.client - [printIfInfoEnabled,60] - [4dc20bdb-fbd8-4d07-ba3a-0ef9bf0ffcce] Try to connect to server on start up, server: {serverIp = '127.0.0.1', server main port = 8848}
09:37:00.678 [main] INFO  c.a.n.c.r.client - [printIfInfoEnabled,60] - [4dc20bdb-fbd8-4d07-ba3a-0ef9bf0ffcce] Success to connect to server [127.0.0.1:8848] on start up, connectionId = 1691545020563_127.0.0.1_55710
09:37:00.678 [main] INFO  c.a.n.c.r.client - [printIfInfoEnabled,60] - [4dc20bdb-fbd8-4d07-ba3a-0ef9bf0ffcce] Register server push request handler:com.alibaba.nacos.common.remote.client.RpcClient$ConnectResetRequestHandler
09:37:00.678 [com.alibaba.nacos.client.remote.worker] INFO  c.a.n.c.r.client - [printIfInfoEnabled,60] - [4dc20bdb-fbd8-4d07-ba3a-0ef9bf0ffcce] Notify connected event to listeners.
09:37:00.678 [main] INFO  c.a.n.c.r.client - [printIfInfoEnabled,60] - [4dc20bdb-fbd8-4d07-ba3a-0ef9bf0ffcce] Register server push request handler:com.alibaba.nacos.common.remote.client.RpcClient$$Lambda$344/521331027
09:37:00.703 [main] INFO  o.a.c.h.Http11NioProtocol - [log,173] - Starting ProtocolHandler ["http-nio-9233"]
09:37:00.720 [main] INFO  c.a.c.n.r.NacosServiceRegistry - [register,75] - nacos registry, DEFAULT_GROUP xmap-reservation 10.100.4.8:9233 register finished
09:37:01.274 [nacos-grpc-client-executor-7] INFO  c.a.n.c.r.client - [printIfInfoEnabled,60] - [4dc20bdb-fbd8-4d07-ba3a-0ef9bf0ffcce] Receive server push request, request = NotifySubscriberRequest, requestId = 13
09:37:01.278 [nacos-grpc-client-executor-7] INFO  c.a.n.c.r.client - [printIfInfoEnabled,60] - [4dc20bdb-fbd8-4d07-ba3a-0ef9bf0ffcce] Ack server push request, request = NotifySubscriberRequest, requestId = 13
09:37:03.539 [main] INFO  c.x.r.XmapReservationApplication - [logStarted,61] - Started XmapReservationApplication in 37.849 seconds (JVM running for 39.804)
09:37:03.551 [main] INFO  c.a.c.n.r.NacosContextRefresher - [registerNacosListener,129] - [Nacos Config] Listening config: dataId=xmap-reservation-dev.yml, group=DEFAULT_GROUP
09:37:03.551 [main] INFO  c.a.c.n.r.NacosContextRefresher - [registerNacosListener,129] - [Nacos Config] Listening config: dataId=xmap-reservation.yml, group=DEFAULT_GROUP
09:37:03.552 [main] INFO  c.a.c.n.r.NacosContextRefresher - [registerNacosListener,129] - [Nacos Config] Listening config: dataId=xmap-reservation, group=DEFAULT_GROUP
09:37:04.039 [RMI TCP Connection(5)-10.100.4.8] INFO  o.a.c.c.C.[.[.[/] - [log,173] - Initializing Spring DispatcherServlet 'dispatcherServlet'
14:03:14.282 [nacos-grpc-client-executor-2882] INFO  c.a.n.c.r.client - [printIfInfoEnabled,60] - [adb09064-d8be-4f0e-99cd-ba84e97307a4_config-0] Receive server push request, request = ClientDetectionRequest, requestId = 33
14:03:14.283 [nacos-grpc-client-executor-2882] INFO  c.a.n.c.r.client - [printIfInfoEnabled,60] - [adb09064-d8be-4f0e-99cd-ba84e97307a4_config-0] Ack server push request, request = ClientDetectionRequest, requestId = 33
19:07:30.519 [nacos-grpc-client-executor-6642] INFO  c.a.n.c.r.client - [printIfInfoEnabled,60] - [4dc20bdb-fbd8-4d07-ba3a-0ef9bf0ffcce] Receive server push request, request = ClientDetectionRequest, requestId = 45
19:07:30.519 [nacos-grpc-client-executor-6642] INFO  c.a.n.c.r.client - [printIfInfoEnabled,60] - [4dc20bdb-fbd8-4d07-ba3a-0ef9bf0ffcce] Ack server push request, request = ClientDetectionRequest, requestId = 45
20:44:45.237 [lettuce-nioEventLoop-4-1] INFO  i.l.c.p.CommandHandler - [log,217] - null Unexpected exception during request: java.io.IOException: 远程主机强迫关闭了一个现有的连接。
java.io.IOException: 远程主机强迫关闭了一个现有的连接。
	at sun.nio.ch.SocketDispatcher.read0(Native Method)
	at sun.nio.ch.SocketDispatcher.read(SocketDispatcher.java:43)
	at sun.nio.ch.IOUtil.readIntoNativeBuffer(IOUtil.java:223)
	at sun.nio.ch.IOUtil.read(IOUtil.java:192)
	at sun.nio.ch.SocketChannelImpl.read(SocketChannelImpl.java:380)
	at io.netty.buffer.PooledByteBuf.setBytes(PooledByteBuf.java:259)
	at io.netty.buffer.AbstractByteBuf.writeBytes(AbstractByteBuf.java:1132)
	at io.netty.channel.socket.nio.NioSocketChannel.doReadBytes(NioSocketChannel.java:357)
	at io.netty.channel.nio.AbstractNioByteChannel$NioByteUnsafe.read(AbstractNioByteChannel.java:151)
	at io.netty.channel.nio.NioEventLoop.processSelectedKey(NioEventLoop.java:788)
	at io.netty.channel.nio.NioEventLoop.processSelectedKeysOptimized(NioEventLoop.java:724)
	at io.netty.channel.nio.NioEventLoop.processSelectedKeys(NioEventLoop.java:650)
	at io.netty.channel.nio.NioEventLoop.run(NioEventLoop.java:562)
	at io.netty.util.concurrent.SingleThreadEventExecutor$4.run(SingleThreadEventExecutor.java:997)
	at io.netty.util.internal.ThreadExecutorMap$2.run(ThreadExecutorMap.java:74)
	at io.netty.util.concurrent.FastThreadLocalRunnable.run(FastThreadLocalRunnable.java:30)
	at java.lang.Thread.run(Thread.java:748)
20:44:45.345 [lettuce-eventExecutorLoop-1-2] INFO  i.l.c.p.ConnectionWatchdog - [log,171] - Reconnecting, last destination was localhost/127.0.0.1:6379
20:44:45.545 [com.alibaba.nacos.client.remote.worker] INFO  c.a.n.c.r.client - [printIfInfoEnabled,60] - [adb09064-d8be-4f0e-99cd-ba84e97307a4_config-0] Try to reconnect to a new server, server is  not appointed, will choose a random server.
20:44:45.545 [com.alibaba.nacos.client.remote.worker] INFO  c.a.n.c.r.client - [printIfInfoEnabled,60] - [4dc20bdb-fbd8-4d07-ba3a-0ef9bf0ffcce] Try to reconnect to a new server, server is  not appointed, will choose a random server.
