09:00:26.303 [background-preinit] INFO  o.h.v.i.util.Version - [<clinit>,21] - HV000001: Hibernate Validator 6.2.5.Final
09:00:28.787 [main] INFO  c.a.n.c.r.client - [lambda$createClient$0,80] - [RpcClientFactory] create a new rpc client of 2c3e8b6e-7b12-4cb6-bf99-1087b77bd9fc_config-0
09:00:28.822 [main] INFO  o.r.Reflections - [scan,232] - Reflections took 20 ms to scan 1 urls, producing 3 keys and 6 values 
09:00:28.842 [main] INFO  o.r.Reflections - [scan,232] - Reflections took 10 ms to scan 1 urls, producing 4 keys and 9 values 
09:00:28.852 [main] INFO  o.r.Reflections - [scan,232] - Reflections took 8 ms to scan 1 urls, producing 3 keys and 10 values 
09:00:28.992 [main] INFO  o.r.Reflections - [scan,232] - Reflections took 138 ms to scan 199 urls, producing 0 keys and 0 values 
09:00:29.013 [main] INFO  o.r.Reflections - [scan,232] - Reflections took 8 ms to scan 1 urls, producing 1 keys and 5 values 
09:00:29.024 [main] INFO  o.r.Reflections - [scan,232] - Reflections took 8 ms to scan 1 urls, producing 1 keys and 7 values 
09:00:29.032 [main] INFO  o.r.Reflections - [scan,232] - Reflections took 6 ms to scan 1 urls, producing 2 keys and 8 values 
09:00:29.173 [main] INFO  o.r.Reflections - [scan,232] - Reflections took 138 ms to scan 199 urls, producing 0 keys and 0 values 
09:00:29.173 [main] INFO  c.a.n.c.r.client - [printIfInfoEnabled,60] - [2c3e8b6e-7b12-4cb6-bf99-1087b77bd9fc_config-0] RpcClient init label, labels = {module=config, Vipserver-Tag=null, source=sdk, Amory-Tag=null, Location-Tag=null, taskId=0, AppName=unknown}
09:00:29.174 [main] INFO  c.a.n.c.r.client - [printIfInfoEnabled,60] - [2c3e8b6e-7b12-4cb6-bf99-1087b77bd9fc_config-0] Register server push request handler:com.alibaba.nacos.client.config.impl.ClientWorker$ConfigRpcTransportClient$$Lambda$334/832145584
09:00:29.174 [main] INFO  c.a.n.c.r.client - [printIfInfoEnabled,60] - [2c3e8b6e-7b12-4cb6-bf99-1087b77bd9fc_config-0] Register server push request handler:com.alibaba.nacos.client.config.impl.ClientWorker$ConfigRpcTransportClient$$Lambda$335/224060798
09:00:29.175 [main] INFO  c.a.n.c.r.client - [printIfInfoEnabled,60] - [2c3e8b6e-7b12-4cb6-bf99-1087b77bd9fc_config-0] Registry connection listener to current client:com.alibaba.nacos.client.config.impl.ClientWorker$ConfigRpcTransportClient$1
09:00:29.175 [main] INFO  c.a.n.c.r.client - [printIfInfoEnabled,60] - [2c3e8b6e-7b12-4cb6-bf99-1087b77bd9fc_config-0] RpcClient init, ServerListFactory = com.alibaba.nacos.client.config.impl.ClientWorker$ConfigRpcTransportClient$2
09:00:29.181 [main] INFO  c.a.n.c.r.client - [printIfInfoEnabled,60] - [2c3e8b6e-7b12-4cb6-bf99-1087b77bd9fc_config-0] Try to connect to server on start up, server: {serverIp = '127.0.0.1', server main port = 8848}
09:00:33.711 [main] INFO  c.a.n.c.r.client - [printIfInfoEnabled,60] - [2c3e8b6e-7b12-4cb6-bf99-1087b77bd9fc_config-0] Try to connect to server on start up, server: {serverIp = '127.0.0.1', server main port = 8848}
09:00:36.704 [main] INFO  c.a.n.c.r.client - [printIfInfoEnabled,60] - [2c3e8b6e-7b12-4cb6-bf99-1087b77bd9fc_config-0] Success to connect to server [127.0.0.1:8848] on start up, connectionId = 1693443636488_127.0.0.1_50204
09:00:36.704 [com.alibaba.nacos.client.remote.worker] INFO  c.a.n.c.r.client - [printIfInfoEnabled,60] - [2c3e8b6e-7b12-4cb6-bf99-1087b77bd9fc_config-0] Notify connected event to listeners.
09:00:36.705 [main] INFO  c.a.n.c.r.client - [printIfInfoEnabled,60] - [2c3e8b6e-7b12-4cb6-bf99-1087b77bd9fc_config-0] Register server push request handler:com.alibaba.nacos.common.remote.client.RpcClient$ConnectResetRequestHandler
09:00:36.705 [main] INFO  c.a.n.c.r.client - [printIfInfoEnabled,60] - [2c3e8b6e-7b12-4cb6-bf99-1087b77bd9fc_config-0] Register server push request handler:com.alibaba.nacos.common.remote.client.RpcClient$$Lambda$344/2088969892
09:00:36.778 [main] INFO  c.x.a.XmapAppApplication - [logStartupProfileInfo,637] - The following 1 profile is active: "dev"
09:00:39.026 [main] INFO  o.a.c.h.Http11NioProtocol - [log,173] - Initializing ProtocolHandler ["http-nio-9205"]
09:00:39.027 [main] INFO  o.a.c.c.StandardService - [log,173] - Starting service [Tomcat]
09:00:39.027 [main] INFO  o.a.c.c.StandardEngine - [log,173] - Starting Servlet engine: [Apache Tomcat/9.0.70]
09:00:39.273 [main] INFO  o.a.c.c.C.[.[.[/] - [log,173] - Initializing Spring embedded WebApplicationContext
09:00:42.672 [main] INFO  c.a.d.p.DruidDataSource - [init,996] - {dataSource-1,master} inited
09:00:42.674 [main] INFO  c.b.d.d.DynamicRoutingDataSource - [addDataSource,154] - dynamic-datasource - add a datasource named [master] success
09:00:42.674 [main] INFO  c.b.d.d.DynamicRoutingDataSource - [afterPropertiesSet,234] - dynamic-datasource initial loaded [1] datasource,primary datasource named [master]
09:00:43.580 [main] INFO  c.a.c.s.SentinelWebMvcConfigurer - [addInterceptors,52] - [Sentinel Starter] register SentinelWebInterceptor with urlPatterns: [/**].
09:01:04.995 [main] INFO  c.a.n.c.r.client - [lambda$createClient$0,80] - [RpcClientFactory] create a new rpc client of 3ee625ed-0290-42af-8454-f9f5a0091405
09:01:04.995 [main] INFO  c.a.n.c.r.client - [printIfInfoEnabled,60] - [3ee625ed-0290-42af-8454-f9f5a0091405] RpcClient init label, labels = {module=naming, source=sdk}
09:01:04.997 [main] INFO  c.a.n.c.r.client - [printIfInfoEnabled,60] - [3ee625ed-0290-42af-8454-f9f5a0091405] RpcClient init, ServerListFactory = com.alibaba.nacos.client.naming.core.ServerListManager
09:01:04.997 [main] INFO  c.a.n.c.r.client - [printIfInfoEnabled,60] - [3ee625ed-0290-42af-8454-f9f5a0091405] Registry connection listener to current client:com.alibaba.nacos.client.naming.remote.gprc.redo.NamingGrpcRedoService
09:01:04.997 [main] INFO  c.a.n.c.r.client - [printIfInfoEnabled,60] - [3ee625ed-0290-42af-8454-f9f5a0091405] Register server push request handler:com.alibaba.nacos.client.naming.remote.gprc.NamingPushRequestHandler
09:01:04.998 [main] INFO  c.a.n.c.r.client - [printIfInfoEnabled,60] - [3ee625ed-0290-42af-8454-f9f5a0091405] Try to connect to server on start up, server: {serverIp = '127.0.0.1', server main port = 8848}
09:01:05.108 [main] INFO  c.a.n.c.r.client - [printIfInfoEnabled,60] - [3ee625ed-0290-42af-8454-f9f5a0091405] Success to connect to server [127.0.0.1:8848] on start up, connectionId = 1693443665002_127.0.0.1_50625
09:01:05.108 [main] INFO  c.a.n.c.r.client - [printIfInfoEnabled,60] - [3ee625ed-0290-42af-8454-f9f5a0091405] Register server push request handler:com.alibaba.nacos.common.remote.client.RpcClient$ConnectResetRequestHandler
09:01:05.108 [com.alibaba.nacos.client.remote.worker] INFO  c.a.n.c.r.client - [printIfInfoEnabled,60] - [3ee625ed-0290-42af-8454-f9f5a0091405] Notify connected event to listeners.
09:01:05.108 [main] INFO  c.a.n.c.r.client - [printIfInfoEnabled,60] - [3ee625ed-0290-42af-8454-f9f5a0091405] Register server push request handler:com.alibaba.nacos.common.remote.client.RpcClient$$Lambda$344/2088969892
09:01:05.140 [main] INFO  o.a.c.h.Http11NioProtocol - [log,173] - Starting ProtocolHandler ["http-nio-9205"]
09:01:05.161 [main] INFO  c.a.c.n.r.NacosServiceRegistry - [register,75] - nacos registry, DEFAULT_GROUP xmap-app 192.168.33.106:9205 register finished
09:01:05.653 [nacos-grpc-client-executor-6] INFO  c.a.n.c.r.client - [printIfInfoEnabled,60] - [3ee625ed-0290-42af-8454-f9f5a0091405] Receive server push request, request = NotifySubscriberRequest, requestId = 66
09:01:05.668 [nacos-grpc-client-executor-6] INFO  c.a.n.c.r.client - [printIfInfoEnabled,60] - [3ee625ed-0290-42af-8454-f9f5a0091405] Ack server push request, request = NotifySubscriberRequest, requestId = 66
09:01:18.373 [main] INFO  c.x.a.XmapAppApplication - [logStarted,61] - Started XmapAppApplication in 54.387 seconds (JVM running for 55.717)
09:01:18.385 [main] INFO  c.a.c.n.r.NacosContextRefresher - [registerNacosListener,129] - [Nacos Config] Listening config: dataId=xmap-app-dev.yml, group=DEFAULT_GROUP
09:01:18.386 [main] INFO  c.a.c.n.r.NacosContextRefresher - [registerNacosListener,129] - [Nacos Config] Listening config: dataId=xmap-app.yml, group=DEFAULT_GROUP
09:01:18.387 [main] INFO  c.a.c.n.r.NacosContextRefresher - [registerNacosListener,129] - [Nacos Config] Listening config: dataId=xmap-app, group=DEFAULT_GROUP
09:01:42.074 [RMI TCP Connection(9)-192.168.33.106] INFO  o.a.c.c.C.[.[.[/] - [log,173] - Initializing Spring DispatcherServlet 'dispatcherServlet'
