09:19:56.671 [background-preinit] INFO  o.h.v.i.util.Version - [<clinit>,21] - HV000001: Hibernate Validator 6.2.5.Final
09:19:58.703 [main] INFO  c.a.n.c.r.client - [lambda$createClient$0,80] - [RpcClientFactory] create a new rpc client of 31f5af95-b523-40d2-887f-a33d7af2fa13_config-0
09:19:58.744 [main] INFO  o.r.Reflections - [scan,232] - Reflections took 25 ms to scan 1 urls, producing 3 keys and 6 values 
09:19:58.764 [main] INFO  o.r.Reflections - [scan,232] - Reflections took 9 ms to scan 1 urls, producing 4 keys and 9 values 
09:19:58.774 [main] INFO  o.r.Reflections - [scan,232] - Reflections took 8 ms to scan 1 urls, producing 3 keys and 10 values 
09:19:58.934 [main] INFO  o.r.Reflections - [scan,232] - Reflections took 156 ms to scan 199 urls, producing 0 keys and 0 values 
09:19:58.960 [main] INFO  o.r.Reflections - [scan,232] - Reflections took 12 ms to scan 1 urls, producing 1 keys and 5 values 
09:19:58.969 [main] INFO  o.r.Reflections - [scan,232] - Reflections took 8 ms to scan 1 urls, producing 1 keys and 7 values 
09:19:58.978 [main] INFO  o.r.Reflections - [scan,232] - Reflections took 7 ms to scan 1 urls, producing 2 keys and 8 values 
09:19:59.091 [main] INFO  o.r.Reflections - [scan,232] - Reflections took 110 ms to scan 199 urls, producing 0 keys and 0 values 
09:19:59.091 [main] INFO  c.a.n.c.r.client - [printIfInfoEnabled,60] - [31f5af95-b523-40d2-887f-a33d7af2fa13_config-0] RpcClient init label, labels = {module=config, Vipserver-Tag=null, source=sdk, Amory-Tag=null, Location-Tag=null, taskId=0, AppName=unknown}
09:19:59.092 [main] INFO  c.a.n.c.r.client - [printIfInfoEnabled,60] - [31f5af95-b523-40d2-887f-a33d7af2fa13_config-0] Register server push request handler:com.alibaba.nacos.client.config.impl.ClientWorker$ConfigRpcTransportClient$$Lambda$334/832145584
09:19:59.092 [main] INFO  c.a.n.c.r.client - [printIfInfoEnabled,60] - [31f5af95-b523-40d2-887f-a33d7af2fa13_config-0] Register server push request handler:com.alibaba.nacos.client.config.impl.ClientWorker$ConfigRpcTransportClient$$Lambda$335/224060798
09:19:59.093 [main] INFO  c.a.n.c.r.client - [printIfInfoEnabled,60] - [31f5af95-b523-40d2-887f-a33d7af2fa13_config-0] Registry connection listener to current client:com.alibaba.nacos.client.config.impl.ClientWorker$ConfigRpcTransportClient$1
09:19:59.093 [main] INFO  c.a.n.c.r.client - [printIfInfoEnabled,60] - [31f5af95-b523-40d2-887f-a33d7af2fa13_config-0] RpcClient init, ServerListFactory = com.alibaba.nacos.client.config.impl.ClientWorker$ConfigRpcTransportClient$2
09:19:59.098 [main] INFO  c.a.n.c.r.client - [printIfInfoEnabled,60] - [31f5af95-b523-40d2-887f-a33d7af2fa13_config-0] Try to connect to server on start up, server: {serverIp = '127.0.0.1', server main port = 8848}
09:20:04.827 [main] INFO  c.a.n.c.r.client - [printIfInfoEnabled,60] - [31f5af95-b523-40d2-887f-a33d7af2fa13_config-0] Try to connect to server on start up, server: {serverIp = '127.0.0.1', server main port = 8848}
09:20:06.353 [main] INFO  c.a.n.c.r.client - [printIfInfoEnabled,60] - [31f5af95-b523-40d2-887f-a33d7af2fa13_config-0] Success to connect to server [127.0.0.1:8848] on start up, connectionId = 1690852806169_127.0.0.1_57632
09:20:06.354 [com.alibaba.nacos.client.remote.worker] INFO  c.a.n.c.r.client - [printIfInfoEnabled,60] - [31f5af95-b523-40d2-887f-a33d7af2fa13_config-0] Notify connected event to listeners.
09:20:06.354 [main] INFO  c.a.n.c.r.client - [printIfInfoEnabled,60] - [31f5af95-b523-40d2-887f-a33d7af2fa13_config-0] Register server push request handler:com.alibaba.nacos.common.remote.client.RpcClient$ConnectResetRequestHandler
09:20:06.354 [main] INFO  c.a.n.c.r.client - [printIfInfoEnabled,60] - [31f5af95-b523-40d2-887f-a33d7af2fa13_config-0] Register server push request handler:com.alibaba.nacos.common.remote.client.RpcClient$$Lambda$344/518167684
09:20:06.422 [main] INFO  c.x.a.XmapAppApplication - [logStartupProfileInfo,637] - The following 1 profile is active: "dev"
09:20:07.975 [main] INFO  o.a.c.h.Http11NioProtocol - [log,173] - Initializing ProtocolHandler ["http-nio-9205"]
09:20:07.988 [main] INFO  o.a.c.c.StandardService - [log,173] - Starting service [Tomcat]
09:20:07.988 [main] INFO  o.a.c.c.StandardEngine - [log,173] - Starting Servlet engine: [Apache Tomcat/9.0.70]
09:20:08.153 [main] INFO  o.a.c.c.C.[.[.[/] - [log,173] - Initializing Spring embedded WebApplicationContext
09:20:09.940 [main] INFO  c.a.d.p.DruidDataSource - [init,996] - {dataSource-1,master} inited
09:20:09.941 [main] INFO  c.b.d.d.DynamicRoutingDataSource - [addDataSource,154] - dynamic-datasource - add a datasource named [master] success
09:20:09.942 [main] INFO  c.b.d.d.DynamicRoutingDataSource - [afterPropertiesSet,234] - dynamic-datasource initial loaded [1] datasource,primary datasource named [master]
09:20:10.880 [main] INFO  c.a.c.s.SentinelWebMvcConfigurer - [addInterceptors,52] - [Sentinel Starter] register SentinelWebInterceptor with urlPatterns: [/**].
09:20:20.722 [main] INFO  c.a.n.c.r.client - [lambda$createClient$0,80] - [RpcClientFactory] create a new rpc client of 1c76b3d1-07e4-4b95-a77b-f1c696727cd6
09:20:20.722 [main] INFO  c.a.n.c.r.client - [printIfInfoEnabled,60] - [1c76b3d1-07e4-4b95-a77b-f1c696727cd6] RpcClient init label, labels = {module=naming, source=sdk}
09:20:20.723 [main] INFO  c.a.n.c.r.client - [printIfInfoEnabled,60] - [1c76b3d1-07e4-4b95-a77b-f1c696727cd6] RpcClient init, ServerListFactory = com.alibaba.nacos.client.naming.core.ServerListManager
09:20:20.724 [main] INFO  c.a.n.c.r.client - [printIfInfoEnabled,60] - [1c76b3d1-07e4-4b95-a77b-f1c696727cd6] Registry connection listener to current client:com.alibaba.nacos.client.naming.remote.gprc.redo.NamingGrpcRedoService
09:20:20.724 [main] INFO  c.a.n.c.r.client - [printIfInfoEnabled,60] - [1c76b3d1-07e4-4b95-a77b-f1c696727cd6] Register server push request handler:com.alibaba.nacos.client.naming.remote.gprc.NamingPushRequestHandler
09:20:20.724 [main] INFO  c.a.n.c.r.client - [printIfInfoEnabled,60] - [1c76b3d1-07e4-4b95-a77b-f1c696727cd6] Try to connect to server on start up, server: {serverIp = '127.0.0.1', server main port = 8848}
09:20:20.834 [main] INFO  c.a.n.c.r.client - [printIfInfoEnabled,60] - [1c76b3d1-07e4-4b95-a77b-f1c696727cd6] Success to connect to server [127.0.0.1:8848] on start up, connectionId = 1690852820728_127.0.0.1_57820
09:20:20.834 [com.alibaba.nacos.client.remote.worker] INFO  c.a.n.c.r.client - [printIfInfoEnabled,60] - [1c76b3d1-07e4-4b95-a77b-f1c696727cd6] Notify connected event to listeners.
09:20:20.834 [main] INFO  c.a.n.c.r.client - [printIfInfoEnabled,60] - [1c76b3d1-07e4-4b95-a77b-f1c696727cd6] Register server push request handler:com.alibaba.nacos.common.remote.client.RpcClient$ConnectResetRequestHandler
09:20:20.835 [main] INFO  c.a.n.c.r.client - [printIfInfoEnabled,60] - [1c76b3d1-07e4-4b95-a77b-f1c696727cd6] Register server push request handler:com.alibaba.nacos.common.remote.client.RpcClient$$Lambda$344/518167684
09:20:20.864 [main] INFO  o.a.c.h.Http11NioProtocol - [log,173] - Starting ProtocolHandler ["http-nio-9205"]
09:20:20.885 [main] INFO  c.a.c.n.r.NacosServiceRegistry - [register,75] - nacos registry, DEFAULT_GROUP xmap-app 10.100.4.8:9205 register finished
09:20:21.412 [nacos-grpc-client-executor-8] INFO  c.a.n.c.r.client - [printIfInfoEnabled,60] - [1c76b3d1-07e4-4b95-a77b-f1c696727cd6] Receive server push request, request = NotifySubscriberRequest, requestId = 8
09:20:21.416 [nacos-grpc-client-executor-8] INFO  c.a.n.c.r.client - [printIfInfoEnabled,60] - [1c76b3d1-07e4-4b95-a77b-f1c696727cd6] Ack server push request, request = NotifySubscriberRequest, requestId = 8
09:20:26.292 [main] INFO  c.x.a.XmapAppApplication - [logStarted,61] - Started XmapAppApplication in 31.325 seconds (JVM running for 32.409)
09:20:26.303 [main] INFO  c.a.c.n.r.NacosContextRefresher - [registerNacosListener,129] - [Nacos Config] Listening config: dataId=xmap-app-dev.yml, group=DEFAULT_GROUP
09:20:26.305 [main] INFO  c.a.c.n.r.NacosContextRefresher - [registerNacosListener,129] - [Nacos Config] Listening config: dataId=xmap-app.yml, group=DEFAULT_GROUP
09:20:26.305 [main] INFO  c.a.c.n.r.NacosContextRefresher - [registerNacosListener,129] - [Nacos Config] Listening config: dataId=xmap-app, group=DEFAULT_GROUP
09:20:26.391 [RMI TCP Connection(2)-10.100.4.8] INFO  o.a.c.c.C.[.[.[/] - [log,173] - Initializing Spring DispatcherServlet 'dispatcherServlet'
10:37:01.242 [nacos-grpc-client-executor-885] INFO  c.a.n.c.r.client - [printIfInfoEnabled,60] - [31f5af95-b523-40d2-887f-a33d7af2fa13_config-0] Receive server push request, request = ClientDetectionRequest, requestId = 81
10:37:01.242 [nacos-grpc-client-executor-885] INFO  c.a.n.c.r.client - [printIfInfoEnabled,60] - [31f5af95-b523-40d2-887f-a33d7af2fa13_config-0] Ack server push request, request = ClientDetectionRequest, requestId = 81
13:58:17.088 [nacos-grpc-client-executor-1843] INFO  c.a.n.c.r.client - [printIfInfoEnabled,60] - [1c76b3d1-07e4-4b95-a77b-f1c696727cd6] Receive server push request, request = ClientDetectionRequest, requestId = 100
13:58:17.088 [nacos-grpc-client-executor-1843] INFO  c.a.n.c.r.client - [printIfInfoEnabled,60] - [1c76b3d1-07e4-4b95-a77b-f1c696727cd6] Ack server push request, request = ClientDetectionRequest, requestId = 100
13:58:17.109 [nacos-grpc-client-executor-1916] INFO  c.a.n.c.r.client - [printIfInfoEnabled,60] - [31f5af95-b523-40d2-887f-a33d7af2fa13_config-0] Receive server push request, request = ClientDetectionRequest, requestId = 117
13:58:17.109 [nacos-grpc-client-executor-1916] INFO  c.a.n.c.r.client - [printIfInfoEnabled,60] - [31f5af95-b523-40d2-887f-a33d7af2fa13_config-0] Ack server push request, request = ClientDetectionRequest, requestId = 117
14:09:25.370 [nacos-grpc-client-executor-1916] INFO  c.a.n.c.r.client - [printIfInfoEnabled,60] - [1c76b3d1-07e4-4b95-a77b-f1c696727cd6] Receive server push request, request = ClientDetectionRequest, requestId = 118
14:09:25.371 [nacos-grpc-client-executor-1916] INFO  c.a.n.c.r.client - [printIfInfoEnabled,60] - [1c76b3d1-07e4-4b95-a77b-f1c696727cd6] Ack server push request, request = ClientDetectionRequest, requestId = 118
14:13:50.834 [nacos-grpc-client-executor-2038] INFO  c.a.n.c.r.client - [printIfInfoEnabled,60] - [31f5af95-b523-40d2-887f-a33d7af2fa13_config-0] Receive server push request, request = ClientDetectionRequest, requestId = 153
14:13:50.834 [nacos-grpc-client-executor-2038] INFO  c.a.n.c.r.client - [printIfInfoEnabled,60] - [31f5af95-b523-40d2-887f-a33d7af2fa13_config-0] Ack server push request, request = ClientDetectionRequest, requestId = 153
14:13:50.835 [nacos-grpc-client-executor-1974] INFO  c.a.n.c.r.client - [printIfInfoEnabled,60] - [1c76b3d1-07e4-4b95-a77b-f1c696727cd6] Receive server push request, request = ClientDetectionRequest, requestId = 156
14:13:50.835 [nacos-grpc-client-executor-1974] INFO  c.a.n.c.r.client - [printIfInfoEnabled,60] - [1c76b3d1-07e4-4b95-a77b-f1c696727cd6] Ack server push request, request = ClientDetectionRequest, requestId = 156
16:36:09.545 [nacos-grpc-client-executor-3991] INFO  c.a.n.c.r.client - [printIfInfoEnabled,60] - [31f5af95-b523-40d2-887f-a33d7af2fa13_config-0] Receive server push request, request = ClientDetectionRequest, requestId = 200
16:36:09.545 [nacos-grpc-client-executor-3906] INFO  c.a.n.c.r.client - [printIfInfoEnabled,60] - [1c76b3d1-07e4-4b95-a77b-f1c696727cd6] Receive server push request, request = ClientDetectionRequest, requestId = 203
16:36:09.545 [nacos-grpc-client-executor-3991] INFO  c.a.n.c.r.client - [printIfInfoEnabled,60] - [31f5af95-b523-40d2-887f-a33d7af2fa13_config-0] Ack server push request, request = ClientDetectionRequest, requestId = 200
16:36:09.545 [nacos-grpc-client-executor-3906] INFO  c.a.n.c.r.client - [printIfInfoEnabled,60] - [1c76b3d1-07e4-4b95-a77b-f1c696727cd6] Ack server push request, request = ClientDetectionRequest, requestId = 203
18:19:04.485 [nacos-grpc-client-executor-5257] INFO  c.a.n.c.r.client - [printIfInfoEnabled,60] - [31f5af95-b523-40d2-887f-a33d7af2fa13_config-0] Receive server push request, request = ClientDetectionRequest, requestId = 259
18:19:04.487 [nacos-grpc-client-executor-5257] INFO  c.a.n.c.r.client - [printIfInfoEnabled,60] - [31f5af95-b523-40d2-887f-a33d7af2fa13_config-0] Ack server push request, request = ClientDetectionRequest, requestId = 259
18:19:04.490 [nacos-grpc-client-executor-5174] INFO  c.a.n.c.r.client - [printIfInfoEnabled,60] - [1c76b3d1-07e4-4b95-a77b-f1c696727cd6] Receive server push request, request = ClientDetectionRequest, requestId = 263
18:19:04.493 [nacos-grpc-client-executor-5174] INFO  c.a.n.c.r.client - [printIfInfoEnabled,60] - [1c76b3d1-07e4-4b95-a77b-f1c696727cd6] Ack server push request, request = ClientDetectionRequest, requestId = 263
