11:55:45.070 [background-preinit] INFO  o.h.v.i.util.Version - [<clinit>,21] - HV000001: Hibernate Validator 6.2.5.Final
11:55:47.557 [main] INFO  c.a.n.c.r.client - [lambda$createClient$0,80] - [RpcClientFactory] create a new rpc client of f303ad18-2518-4816-89af-cee9ff47eae9_config-0
11:55:47.598 [main] INFO  o.r.Reflections - [scan,232] - Reflections took 25 ms to scan 1 urls, producing 3 keys and 6 values 
11:55:47.625 [main] INFO  o.r.Reflections - [scan,232] - Reflections took 14 ms to scan 1 urls, producing 4 keys and 9 values 
11:55:47.638 [main] INFO  o.r.Reflections - [scan,232] - Reflections took 11 ms to scan 1 urls, producing 3 keys and 10 values 
11:55:47.870 [main] INFO  o.r.Reflections - [scan,232] - Reflections took 229 ms to scan 199 urls, producing 0 keys and 0 values 
11:55:47.891 [main] INFO  o.r.Reflections - [scan,232] - Reflections took 6 ms to scan 1 urls, producing 1 keys and 5 values 
11:55:47.910 [main] INFO  o.r.Reflections - [scan,232] - Reflections took 18 ms to scan 1 urls, producing 1 keys and 7 values 
11:55:47.922 [main] INFO  o.r.Reflections - [scan,232] - Reflections took 8 ms to scan 1 urls, producing 2 keys and 8 values 
11:55:48.080 [main] INFO  o.r.Reflections - [scan,232] - Reflections took 155 ms to scan 199 urls, producing 0 keys and 0 values 
11:55:48.081 [main] INFO  c.a.n.c.r.client - [printIfInfoEnabled,60] - [f303ad18-2518-4816-89af-cee9ff47eae9_config-0] RpcClient init label, labels = {module=config, Vipserver-Tag=null, source=sdk, Amory-Tag=null, Location-Tag=null, taskId=0, AppName=unknown}
11:55:48.082 [main] INFO  c.a.n.c.r.client - [printIfInfoEnabled,60] - [f303ad18-2518-4816-89af-cee9ff47eae9_config-0] Register server push request handler:com.alibaba.nacos.client.config.impl.ClientWorker$ConfigRpcTransportClient$$Lambda$334/832145584
11:55:48.082 [main] INFO  c.a.n.c.r.client - [printIfInfoEnabled,60] - [f303ad18-2518-4816-89af-cee9ff47eae9_config-0] Register server push request handler:com.alibaba.nacos.client.config.impl.ClientWorker$ConfigRpcTransportClient$$Lambda$335/224060798
11:55:48.083 [main] INFO  c.a.n.c.r.client - [printIfInfoEnabled,60] - [f303ad18-2518-4816-89af-cee9ff47eae9_config-0] Registry connection listener to current client:com.alibaba.nacos.client.config.impl.ClientWorker$ConfigRpcTransportClient$1
11:55:48.083 [main] INFO  c.a.n.c.r.client - [printIfInfoEnabled,60] - [f303ad18-2518-4816-89af-cee9ff47eae9_config-0] RpcClient init, ServerListFactory = com.alibaba.nacos.client.config.impl.ClientWorker$ConfigRpcTransportClient$2
11:55:48.088 [main] INFO  c.a.n.c.r.client - [printIfInfoEnabled,60] - [f303ad18-2518-4816-89af-cee9ff47eae9_config-0] Try to connect to server on start up, server: {serverIp = '127.0.0.1', server main port = 8848}
11:55:54.102 [main] INFO  c.a.n.c.r.client - [printIfInfoEnabled,60] - [f303ad18-2518-4816-89af-cee9ff47eae9_config-0] Try to connect to server on start up, server: {serverIp = '127.0.0.1', server main port = 8848}
11:55:55.747 [main] INFO  c.a.n.c.r.client - [printIfInfoEnabled,60] - [f303ad18-2518-4816-89af-cee9ff47eae9_config-0] Success to connect to server [127.0.0.1:8848] on start up, connectionId = 1691380555541_127.0.0.1_59244
11:55:55.748 [com.alibaba.nacos.client.remote.worker] INFO  c.a.n.c.r.client - [printIfInfoEnabled,60] - [f303ad18-2518-4816-89af-cee9ff47eae9_config-0] Notify connected event to listeners.
11:55:55.748 [main] INFO  c.a.n.c.r.client - [printIfInfoEnabled,60] - [f303ad18-2518-4816-89af-cee9ff47eae9_config-0] Register server push request handler:com.alibaba.nacos.common.remote.client.RpcClient$ConnectResetRequestHandler
11:55:55.749 [main] INFO  c.a.n.c.r.client - [printIfInfoEnabled,60] - [f303ad18-2518-4816-89af-cee9ff47eae9_config-0] Register server push request handler:com.alibaba.nacos.common.remote.client.RpcClient$$Lambda$344/2088969892
11:55:55.826 [main] INFO  c.x.a.XmapAppApplication - [logStartupProfileInfo,637] - The following 1 profile is active: "dev"
11:55:58.454 [main] INFO  o.a.c.h.Http11NioProtocol - [log,173] - Initializing ProtocolHandler ["http-nio-9205"]
11:55:58.454 [main] INFO  o.a.c.c.StandardService - [log,173] - Starting service [Tomcat]
11:55:58.454 [main] INFO  o.a.c.c.StandardEngine - [log,173] - Starting Servlet engine: [Apache Tomcat/9.0.70]
11:55:58.697 [main] INFO  o.a.c.c.C.[.[.[/] - [log,173] - Initializing Spring embedded WebApplicationContext
11:56:03.043 [main] INFO  c.a.d.p.DruidDataSource - [init,996] - {dataSource-1,master} inited
11:56:03.044 [main] INFO  c.b.d.d.DynamicRoutingDataSource - [addDataSource,154] - dynamic-datasource - add a datasource named [master] success
11:56:03.044 [main] INFO  c.b.d.d.DynamicRoutingDataSource - [afterPropertiesSet,234] - dynamic-datasource initial loaded [1] datasource,primary datasource named [master]
11:56:04.129 [main] INFO  c.a.c.s.SentinelWebMvcConfigurer - [addInterceptors,52] - [Sentinel Starter] register SentinelWebInterceptor with urlPatterns: [/**].
11:56:25.152 [main] INFO  c.a.n.c.r.client - [lambda$createClient$0,80] - [RpcClientFactory] create a new rpc client of d709f601-455c-423c-b7d7-6046bf52dd48
11:56:25.153 [main] INFO  c.a.n.c.r.client - [printIfInfoEnabled,60] - [d709f601-455c-423c-b7d7-6046bf52dd48] RpcClient init label, labels = {module=naming, source=sdk}
11:56:25.154 [main] INFO  c.a.n.c.r.client - [printIfInfoEnabled,60] - [d709f601-455c-423c-b7d7-6046bf52dd48] RpcClient init, ServerListFactory = com.alibaba.nacos.client.naming.core.ServerListManager
11:56:25.154 [main] INFO  c.a.n.c.r.client - [printIfInfoEnabled,60] - [d709f601-455c-423c-b7d7-6046bf52dd48] Registry connection listener to current client:com.alibaba.nacos.client.naming.remote.gprc.redo.NamingGrpcRedoService
11:56:25.155 [main] INFO  c.a.n.c.r.client - [printIfInfoEnabled,60] - [d709f601-455c-423c-b7d7-6046bf52dd48] Register server push request handler:com.alibaba.nacos.client.naming.remote.gprc.NamingPushRequestHandler
11:56:25.155 [main] INFO  c.a.n.c.r.client - [printIfInfoEnabled,60] - [d709f601-455c-423c-b7d7-6046bf52dd48] Try to connect to server on start up, server: {serverIp = '127.0.0.1', server main port = 8848}
11:56:25.277 [main] INFO  c.a.n.c.r.client - [printIfInfoEnabled,60] - [d709f601-455c-423c-b7d7-6046bf52dd48] Success to connect to server [127.0.0.1:8848] on start up, connectionId = 1691380585162_127.0.0.1_59682
11:56:25.277 [main] INFO  c.a.n.c.r.client - [printIfInfoEnabled,60] - [d709f601-455c-423c-b7d7-6046bf52dd48] Register server push request handler:com.alibaba.nacos.common.remote.client.RpcClient$ConnectResetRequestHandler
11:56:25.277 [com.alibaba.nacos.client.remote.worker] INFO  c.a.n.c.r.client - [printIfInfoEnabled,60] - [d709f601-455c-423c-b7d7-6046bf52dd48] Notify connected event to listeners.
11:56:25.277 [main] INFO  c.a.n.c.r.client - [printIfInfoEnabled,60] - [d709f601-455c-423c-b7d7-6046bf52dd48] Register server push request handler:com.alibaba.nacos.common.remote.client.RpcClient$$Lambda$344/2088969892
11:56:25.307 [main] INFO  o.a.c.h.Http11NioProtocol - [log,173] - Starting ProtocolHandler ["http-nio-9205"]
11:56:25.339 [main] INFO  c.a.c.n.r.NacosServiceRegistry - [register,75] - nacos registry, DEFAULT_GROUP xmap-app 10.100.4.8:9205 register finished
11:56:25.858 [nacos-grpc-client-executor-5] INFO  c.a.n.c.r.client - [printIfInfoEnabled,60] - [d709f601-455c-423c-b7d7-6046bf52dd48] Receive server push request, request = NotifySubscriberRequest, requestId = 26
11:56:25.863 [nacos-grpc-client-executor-5] INFO  c.a.n.c.r.client - [printIfInfoEnabled,60] - [d709f601-455c-423c-b7d7-6046bf52dd48] Ack server push request, request = NotifySubscriberRequest, requestId = 26
11:56:32.865 [main] INFO  c.x.a.XmapAppApplication - [logStarted,61] - Started XmapAppApplication in 49.522 seconds (JVM running for 50.962)
11:56:32.877 [main] INFO  c.a.c.n.r.NacosContextRefresher - [registerNacosListener,129] - [Nacos Config] Listening config: dataId=xmap-app-dev.yml, group=DEFAULT_GROUP
11:56:32.878 [main] INFO  c.a.c.n.r.NacosContextRefresher - [registerNacosListener,129] - [Nacos Config] Listening config: dataId=xmap-app.yml, group=DEFAULT_GROUP
11:56:32.879 [main] INFO  c.a.c.n.r.NacosContextRefresher - [registerNacosListener,129] - [Nacos Config] Listening config: dataId=xmap-app, group=DEFAULT_GROUP
11:56:33.133 [RMI TCP Connection(5)-10.100.4.8] INFO  o.a.c.c.C.[.[.[/] - [log,173] - Initializing Spring DispatcherServlet 'dispatcherServlet'
14:02:05.432 [nacos-grpc-client-executor-612] INFO  c.a.n.c.r.client - [printIfInfoEnabled,60] - [d709f601-455c-423c-b7d7-6046bf52dd48] Receive server push request, request = ClientDetectionRequest, requestId = 64
14:02:05.433 [nacos-grpc-client-executor-612] INFO  c.a.n.c.r.client - [printIfInfoEnabled,60] - [d709f601-455c-423c-b7d7-6046bf52dd48] Ack server push request, request = ClientDetectionRequest, requestId = 64
14:02:05.440 [nacos-grpc-client-executor-632] INFO  c.a.n.c.r.client - [printIfInfoEnabled,60] - [f303ad18-2518-4816-89af-cee9ff47eae9_config-0] Receive server push request, request = ClientDetectionRequest, requestId = 72
14:02:05.440 [nacos-grpc-client-executor-632] INFO  c.a.n.c.r.client - [printIfInfoEnabled,60] - [f303ad18-2518-4816-89af-cee9ff47eae9_config-0] Ack server push request, request = ClientDetectionRequest, requestId = 72
20:29:42.612 [lettuce-nioEventLoop-4-1] INFO  i.l.c.p.CommandHandler - [log,217] - null Unexpected exception during request: java.io.IOException: 远程主机强迫关闭了一个现有的连接。
java.io.IOException: 远程主机强迫关闭了一个现有的连接。
	at sun.nio.ch.SocketDispatcher.read0(Native Method)
	at sun.nio.ch.SocketDispatcher.read(SocketDispatcher.java:43)
	at sun.nio.ch.IOUtil.readIntoNativeBuffer(IOUtil.java:223)
	at sun.nio.ch.IOUtil.read(IOUtil.java:192)
	at sun.nio.ch.SocketChannelImpl.read(SocketChannelImpl.java:380)
	at io.netty.buffer.PooledByteBuf.setBytes(PooledByteBuf.java:259)
	at io.netty.buffer.AbstractByteBuf.writeBytes(AbstractByteBuf.java:1132)
	at io.netty.channel.socket.nio.NioSocketChannel.doReadBytes(NioSocketChannel.java:357)
	at io.netty.channel.nio.AbstractNioByteChannel$NioByteUnsafe.read(AbstractNioByteChannel.java:151)
	at io.netty.channel.nio.NioEventLoop.processSelectedKey(NioEventLoop.java:788)
	at io.netty.channel.nio.NioEventLoop.processSelectedKeysOptimized(NioEventLoop.java:724)
	at io.netty.channel.nio.NioEventLoop.processSelectedKeys(NioEventLoop.java:650)
	at io.netty.channel.nio.NioEventLoop.run(NioEventLoop.java:562)
	at io.netty.util.concurrent.SingleThreadEventExecutor$4.run(SingleThreadEventExecutor.java:997)
	at io.netty.util.internal.ThreadExecutorMap$2.run(ThreadExecutorMap.java:74)
	at io.netty.util.concurrent.FastThreadLocalRunnable.run(FastThreadLocalRunnable.java:30)
	at java.lang.Thread.run(Thread.java:748)
20:29:42.671 [lettuce-eventExecutorLoop-1-2] INFO  i.l.c.p.ConnectionWatchdog - [log,171] - Reconnecting, last destination was localhost/127.0.0.1:6379
20:29:42.823 [com.alibaba.nacos.client.remote.worker] INFO  c.a.n.c.r.client - [printIfInfoEnabled,60] - [f303ad18-2518-4816-89af-cee9ff47eae9_config-0] Try to reconnect to a new server, server is  not appointed, will choose a random server.
20:29:42.823 [com.alibaba.nacos.client.remote.worker] INFO  c.a.n.c.r.client - [printIfInfoEnabled,60] - [d709f601-455c-423c-b7d7-6046bf52dd48] Try to reconnect to a new server, server is  not appointed, will choose a random server.
