10:30:10.188 [background-preinit] INFO  o.h.v.i.util.Version - [<clinit>,21] - HV000001: Hibernate Validator 6.2.5.Final
10:30:21.069 [main] INFO  c.a.n.c.r.client - [lambda$createClient$0,80] - [RpcClientFactory] create a new rpc client of 7efc5bf4-a6dd-4366-b691-b5ad8932ae0d_config-0
10:30:21.129 [main] INFO  o.r.Reflections - [scan,232] - Reflections took 42 ms to scan 1 urls, producing 3 keys and 6 values 
10:30:21.170 [main] INFO  o.r.Reflections - [scan,232] - Reflections took 22 ms to scan 1 urls, producing 4 keys and 9 values 
10:30:21.191 [main] INFO  o.r.Reflections - [scan,232] - Reflections took 18 ms to scan 1 urls, producing 3 keys and 10 values 
10:30:21.501 [main] INFO  o.r.Reflections - [scan,232] - Reflections took 302 ms to scan 196 urls, producing 0 keys and 0 values 
10:30:21.514 [main] INFO  o.r.Reflections - [scan,232] - Reflections took 12 ms to scan 1 urls, producing 1 keys and 5 values 
10:30:21.528 [main] INFO  o.r.Reflections - [scan,232] - Reflections took 12 ms to scan 1 urls, producing 1 keys and 7 values 
10:30:21.543 [main] INFO  o.r.Reflections - [scan,232] - Reflections took 12 ms to scan 1 urls, producing 2 keys and 8 values 
10:30:21.844 [main] INFO  o.r.Reflections - [scan,232] - Reflections took 298 ms to scan 196 urls, producing 0 keys and 0 values 
10:30:21.846 [main] INFO  c.a.n.c.r.client - [printIfInfoEnabled,60] - [7efc5bf4-a6dd-4366-b691-b5ad8932ae0d_config-0] RpcClient init label, labels = {module=config, Vipserver-Tag=null, source=sdk, Amory-Tag=null, Location-Tag=null, taskId=0, AppName=unknown}
10:30:21.847 [main] INFO  c.a.n.c.r.client - [printIfInfoEnabled,60] - [7efc5bf4-a6dd-4366-b691-b5ad8932ae0d_config-0] Register server push request handler:com.alibaba.nacos.client.config.impl.ClientWorker$ConfigRpcTransportClient$$Lambda$334/124494140
10:30:21.848 [main] INFO  c.a.n.c.r.client - [printIfInfoEnabled,60] - [7efc5bf4-a6dd-4366-b691-b5ad8932ae0d_config-0] Register server push request handler:com.alibaba.nacos.client.config.impl.ClientWorker$ConfigRpcTransportClient$$Lambda$335/246826139
10:30:21.849 [main] INFO  c.a.n.c.r.client - [printIfInfoEnabled,60] - [7efc5bf4-a6dd-4366-b691-b5ad8932ae0d_config-0] Registry connection listener to current client:com.alibaba.nacos.client.config.impl.ClientWorker$ConfigRpcTransportClient$1
10:30:21.849 [main] INFO  c.a.n.c.r.client - [printIfInfoEnabled,60] - [7efc5bf4-a6dd-4366-b691-b5ad8932ae0d_config-0] RpcClient init, ServerListFactory = com.alibaba.nacos.client.config.impl.ClientWorker$ConfigRpcTransportClient$2
10:30:21.861 [main] INFO  c.a.n.c.r.client - [printIfInfoEnabled,60] - [7efc5bf4-a6dd-4366-b691-b5ad8932ae0d_config-0] Try to connect to server on start up, server: {serverIp = '127.0.0.1', server main port = 8848}
10:30:38.259 [main] INFO  c.a.n.c.r.client - [printIfInfoEnabled,60] - [7efc5bf4-a6dd-4366-b691-b5ad8932ae0d_config-0] Try to connect to server on start up, server: {serverIp = '127.0.0.1', server main port = 8848}
10:30:41.273 [main] INFO  c.a.n.c.r.client - [printIfInfoEnabled,60] - [7efc5bf4-a6dd-4366-b691-b5ad8932ae0d_config-0] Try to connect to server on start up, server: {serverIp = '127.0.0.1', server main port = 8848}
10:30:44.288 [com.alibaba.nacos.client.remote.worker] INFO  c.a.n.c.r.client - [printIfInfoEnabled,60] - [7efc5bf4-a6dd-4366-b691-b5ad8932ae0d_config-0] Try to reconnect to a new server, server is  not appointed, will choose a random server.
10:30:44.288 [main] INFO  c.a.n.c.r.client - [printIfInfoEnabled,60] - [7efc5bf4-a6dd-4366-b691-b5ad8932ae0d_config-0] Register server push request handler:com.alibaba.nacos.common.remote.client.RpcClient$ConnectResetRequestHandler
10:30:44.290 [main] INFO  c.a.n.c.r.client - [printIfInfoEnabled,60] - [7efc5bf4-a6dd-4366-b691-b5ad8932ae0d_config-0] Register server push request handler:com.alibaba.nacos.common.remote.client.RpcClient$$Lambda$344/571481216
10:30:45.681 [main] INFO  c.x.j.XmapJobApplication - [logStartupProfileInfo,637] - The following 1 profile is active: "dev"
10:30:48.407 [main] INFO  o.a.c.h.Http11NioProtocol - [log,173] - Initializing ProtocolHandler ["http-nio-9203"]
10:30:48.408 [main] INFO  o.a.c.c.StandardService - [log,173] - Starting service [Tomcat]
10:30:48.408 [main] INFO  o.a.c.c.StandardEngine - [log,173] - Starting Servlet engine: [Apache Tomcat/9.0.70]
10:30:48.663 [main] INFO  o.a.c.c.C.[.[.[/] - [log,173] - Initializing Spring embedded WebApplicationContext
10:30:49.029 [main] INFO  o.q.i.StdSchedulerFactory - [instantiate,1220] - Using default implementation for ThreadExecutor
10:30:49.038 [main] INFO  o.q.c.SchedulerSignalerImpl - [<init>,61] - Initialized Scheduler Signaller of type: class org.quartz.core.SchedulerSignalerImpl
10:30:49.039 [main] INFO  o.q.c.QuartzScheduler - [<init>,229] - Quartz Scheduler v.2.3.2 created.
10:30:49.039 [main] INFO  o.q.s.RAMJobStore - [initialize,155] - RAMJobStore initialized.
10:30:49.040 [main] INFO  o.q.c.QuartzScheduler - [initialize,294] - Scheduler meta-data: Quartz Scheduler (v2.3.2) 'quartzScheduler' with instanceId 'NON_CLUSTERED'
  Scheduler class: 'org.quartz.core.QuartzScheduler' - running locally.
  NOT STARTED.
  Currently in standby mode.
  Number of jobs executed: 0
  Using thread pool 'org.quartz.simpl.SimpleThreadPool' - with 10 threads.
  Using job-store 'org.quartz.simpl.RAMJobStore' - which does not support persistence. and is not clustered.

10:30:49.040 [main] INFO  o.q.i.StdSchedulerFactory - [instantiate,1374] - Quartz scheduler 'quartzScheduler' initialized from an externally provided properties instance.
10:30:49.040 [main] INFO  o.q.i.StdSchedulerFactory - [instantiate,1378] - Quartz scheduler version: 2.3.2
10:30:49.040 [main] INFO  o.q.c.QuartzScheduler - [setJobFactory,2293] - JobFactory set to: org.springframework.scheduling.quartz.SpringBeanJobFactory@6e5f5478
10:30:49.326 [main] INFO  c.z.h.HikariDataSource - [getConnection,110] - HikariPool-1 - Starting...
10:30:50.431 [com.alibaba.nacos.client.remote.worker] INFO  c.a.n.c.r.client - [printIfInfoEnabled,60] - [7efc5bf4-a6dd-4366-b691-b5ad8932ae0d_config-0] Fail to connect server, after trying 1 times, last try server is {serverIp = '127.0.0.1', server main port = 8848}, error = unknown
10:30:52.687 [com.alibaba.nacos.client.remote.worker] INFO  c.a.n.c.r.client - [printIfInfoEnabled,60] - [7efc5bf4-a6dd-4366-b691-b5ad8932ae0d_config-0] Success to connect a server [127.0.0.1:8848], connectionId = 1691116252380_127.0.0.1_52564
10:30:52.688 [com.alibaba.nacos.client.remote.worker] INFO  c.a.n.c.r.client - [printIfInfoEnabled,60] - [7efc5bf4-a6dd-4366-b691-b5ad8932ae0d_config-0] Notify connected event to listeners.
10:30:57.648 [main] INFO  c.z.h.HikariDataSource - [getConnection,123] - HikariPool-1 - Start completed.
10:30:58.364 [main] INFO  c.a.c.s.SentinelWebMvcConfigurer - [addInterceptors,52] - [Sentinel Starter] register SentinelWebInterceptor with urlPatterns: [/**].
10:31:32.027 [main] INFO  c.a.n.c.r.client - [lambda$createClient$0,80] - [RpcClientFactory] create a new rpc client of 7c52bd2f-feda-4573-997d-2bf249386217
10:31:32.028 [main] INFO  c.a.n.c.r.client - [printIfInfoEnabled,60] - [7c52bd2f-feda-4573-997d-2bf249386217] RpcClient init label, labels = {module=naming, source=sdk}
10:31:32.030 [main] INFO  c.a.n.c.r.client - [printIfInfoEnabled,60] - [7c52bd2f-feda-4573-997d-2bf249386217] RpcClient init, ServerListFactory = com.alibaba.nacos.client.naming.core.ServerListManager
10:31:32.030 [main] INFO  c.a.n.c.r.client - [printIfInfoEnabled,60] - [7c52bd2f-feda-4573-997d-2bf249386217] Registry connection listener to current client:com.alibaba.nacos.client.naming.remote.gprc.redo.NamingGrpcRedoService
10:31:32.030 [main] INFO  c.a.n.c.r.client - [printIfInfoEnabled,60] - [7c52bd2f-feda-4573-997d-2bf249386217] Register server push request handler:com.alibaba.nacos.client.naming.remote.gprc.NamingPushRequestHandler
10:31:32.030 [main] INFO  c.a.n.c.r.client - [printIfInfoEnabled,60] - [7c52bd2f-feda-4573-997d-2bf249386217] Try to connect to server on start up, server: {serverIp = '127.0.0.1', server main port = 8848}
10:31:32.163 [main] INFO  c.a.n.c.r.client - [printIfInfoEnabled,60] - [7c52bd2f-feda-4573-997d-2bf249386217] Success to connect to server [127.0.0.1:8848] on start up, connectionId = 1691116292040_127.0.0.1_53027
10:31:32.163 [com.alibaba.nacos.client.remote.worker] INFO  c.a.n.c.r.client - [printIfInfoEnabled,60] - [7c52bd2f-feda-4573-997d-2bf249386217] Notify connected event to listeners.
10:31:32.163 [main] INFO  c.a.n.c.r.client - [printIfInfoEnabled,60] - [7c52bd2f-feda-4573-997d-2bf249386217] Register server push request handler:com.alibaba.nacos.common.remote.client.RpcClient$ConnectResetRequestHandler
10:31:32.164 [main] INFO  c.a.n.c.r.client - [printIfInfoEnabled,60] - [7c52bd2f-feda-4573-997d-2bf249386217] Register server push request handler:com.alibaba.nacos.common.remote.client.RpcClient$$Lambda$344/571481216
10:31:32.245 [main] INFO  o.a.c.h.Http11NioProtocol - [log,173] - Starting ProtocolHandler ["http-nio-9203"]
10:31:32.296 [main] INFO  c.a.c.n.r.NacosServiceRegistry - [register,75] - nacos registry, DEFAULT_GROUP xmap-job 10.100.4.8:9203 register finished
10:31:32.782 [nacos-grpc-client-executor-5] INFO  c.a.n.c.r.client - [printIfInfoEnabled,60] - [7c52bd2f-feda-4573-997d-2bf249386217] Receive server push request, request = NotifySubscriberRequest, requestId = 44
10:31:32.788 [nacos-grpc-client-executor-5] INFO  c.a.n.c.r.client - [printIfInfoEnabled,60] - [7c52bd2f-feda-4573-997d-2bf249386217] Ack server push request, request = NotifySubscriberRequest, requestId = 44
10:31:44.402 [main] INFO  o.q.c.QuartzScheduler - [start,547] - Scheduler quartzScheduler_$_NON_CLUSTERED started.
10:31:44.420 [main] INFO  c.x.j.XmapJobApplication - [logStarted,61] - Started XmapJobApplication in 104.121 seconds (JVM running for 113.458)
10:31:44.435 [main] INFO  c.a.c.n.r.NacosContextRefresher - [registerNacosListener,129] - [Nacos Config] Listening config: dataId=xmap-job, group=DEFAULT_GROUP
10:31:44.436 [main] INFO  c.a.c.n.r.NacosContextRefresher - [registerNacosListener,129] - [Nacos Config] Listening config: dataId=xmap-job-dev.yml, group=DEFAULT_GROUP
10:31:44.438 [main] INFO  c.a.c.n.r.NacosContextRefresher - [registerNacosListener,129] - [Nacos Config] Listening config: dataId=xmap-job.yml, group=DEFAULT_GROUP
10:31:44.965 [RMI TCP Connection(5)-10.100.4.8] INFO  o.a.c.c.C.[.[.[/] - [log,173] - Initializing Spring DispatcherServlet 'dispatcherServlet'
11:03:03.029 [nacos-grpc-client-executor-150] INFO  c.a.n.c.r.client - [printIfInfoEnabled,60] - [7c52bd2f-feda-4573-997d-2bf249386217] Receive server push request, request = ClientDetectionRequest, requestId = 85
11:03:03.030 [nacos-grpc-client-executor-150] INFO  c.a.n.c.r.client - [printIfInfoEnabled,60] - [7c52bd2f-feda-4573-997d-2bf249386217] Ack server push request, request = ClientDetectionRequest, requestId = 85
15:34:57.765 [nacos-grpc-client-executor-2172] INFO  c.a.n.c.r.client - [printIfInfoEnabled,60] - [7c52bd2f-feda-4573-997d-2bf249386217] Receive server push request, request = ClientDetectionRequest, requestId = 137
15:34:57.766 [nacos-grpc-client-executor-2172] INFO  c.a.n.c.r.client - [printIfInfoEnabled,60] - [7c52bd2f-feda-4573-997d-2bf249386217] Ack server push request, request = ClientDetectionRequest, requestId = 137
15:34:57.786 [nacos-grpc-client-executor-2195] INFO  c.a.n.c.r.client - [printIfInfoEnabled,60] - [7efc5bf4-a6dd-4366-b691-b5ad8932ae0d_config-0] Receive server push request, request = ClientDetectionRequest, requestId = 155
15:34:57.786 [nacos-grpc-client-executor-2195] INFO  c.a.n.c.r.client - [printIfInfoEnabled,60] - [7efc5bf4-a6dd-4366-b691-b5ad8932ae0d_config-0] Ack server push request, request = ClientDetectionRequest, requestId = 155
17:25:41.344 [lettuce-nioEventLoop-4-1] INFO  i.l.c.p.CommandHandler - [log,217] - null Unexpected exception during request: java.io.IOException: 远程主机强迫关闭了一个现有的连接。
java.io.IOException: 远程主机强迫关闭了一个现有的连接。
	at sun.nio.ch.SocketDispatcher.read0(Native Method)
	at sun.nio.ch.SocketDispatcher.read(SocketDispatcher.java:43)
	at sun.nio.ch.IOUtil.readIntoNativeBuffer(IOUtil.java:223)
	at sun.nio.ch.IOUtil.read(IOUtil.java:192)
	at sun.nio.ch.SocketChannelImpl.read(SocketChannelImpl.java:380)
	at io.netty.buffer.PooledByteBuf.setBytes(PooledByteBuf.java:259)
	at io.netty.buffer.AbstractByteBuf.writeBytes(AbstractByteBuf.java:1132)
	at io.netty.channel.socket.nio.NioSocketChannel.doReadBytes(NioSocketChannel.java:357)
	at io.netty.channel.nio.AbstractNioByteChannel$NioByteUnsafe.read(AbstractNioByteChannel.java:151)
	at io.netty.channel.nio.NioEventLoop.processSelectedKey(NioEventLoop.java:788)
	at io.netty.channel.nio.NioEventLoop.processSelectedKeysOptimized(NioEventLoop.java:724)
	at io.netty.channel.nio.NioEventLoop.processSelectedKeys(NioEventLoop.java:650)
	at io.netty.channel.nio.NioEventLoop.run(NioEventLoop.java:562)
	at io.netty.util.concurrent.SingleThreadEventExecutor$4.run(SingleThreadEventExecutor.java:997)
	at io.netty.util.internal.ThreadExecutorMap$2.run(ThreadExecutorMap.java:74)
	at io.netty.util.concurrent.FastThreadLocalRunnable.run(FastThreadLocalRunnable.java:30)
	at java.lang.Thread.run(Thread.java:748)
17:25:41.451 [lettuce-eventExecutorLoop-1-2] INFO  i.l.c.p.ConnectionWatchdog - [log,171] - Reconnecting, last destination was localhost/127.0.0.1:6379
17:25:41.786 [com.alibaba.nacos.client.remote.worker] INFO  c.a.n.c.r.client - [printIfInfoEnabled,60] - [7c52bd2f-feda-4573-997d-2bf249386217] Try to reconnect to a new server, server is  not appointed, will choose a random server.
17:25:41.786 [com.alibaba.nacos.client.remote.worker] INFO  c.a.n.c.r.client - [printIfInfoEnabled,60] - [7efc5bf4-a6dd-4366-b691-b5ad8932ae0d_config-0] Try to reconnect to a new server, server is  not appointed, will choose a random server.
