11:56:42.074 [background-preinit] INFO  o.h.v.i.util.Version - [<clinit>,21] - HV000001: Hibernate Validator 6.2.5.Final
11:56:58.038 [main] INFO  c.a.n.c.r.client - [lambda$createClient$0,80] - [RpcClientFactory] create a new rpc client of 8e5c411c-08a6-4181-834c-4cfd379aef6f_config-0
11:56:58.089 [main] INFO  o.r.Reflections - [scan,232] - Reflections took 32 ms to scan 1 urls, producing 3 keys and 6 values 
11:56:58.123 [main] INFO  o.r.Reflections - [scan,232] - Reflections took 19 ms to scan 1 urls, producing 4 keys and 9 values 
11:56:58.141 [main] INFO  o.r.Reflections - [scan,232] - Reflections took 14 ms to scan 1 urls, producing 3 keys and 10 values 
11:56:58.453 [main] INFO  o.r.Reflections - [scan,232] - Reflections took 309 ms to scan 196 urls, producing 0 keys and 0 values 
11:56:58.479 [main] INFO  o.r.Reflections - [scan,232] - Reflections took 12 ms to scan 1 urls, producing 1 keys and 5 values 
11:56:58.494 [main] INFO  o.r.Reflections - [scan,232] - Reflections took 11 ms to scan 1 urls, producing 1 keys and 7 values 
11:56:58.510 [main] INFO  o.r.Reflections - [scan,232] - Reflections took 14 ms to scan 1 urls, producing 2 keys and 8 values 
11:56:58.823 [main] INFO  o.r.Reflections - [scan,232] - Reflections took 309 ms to scan 196 urls, producing 0 keys and 0 values 
11:56:58.828 [main] INFO  c.a.n.c.r.client - [printIfInfoEnabled,60] - [8e5c411c-08a6-4181-834c-4cfd379aef6f_config-0] RpcClient init label, labels = {module=config, Vipserver-Tag=null, source=sdk, Amory-Tag=null, Location-Tag=null, taskId=0, AppName=unknown}
11:56:58.830 [main] INFO  c.a.n.c.r.client - [printIfInfoEnabled,60] - [8e5c411c-08a6-4181-834c-4cfd379aef6f_config-0] Register server push request handler:com.alibaba.nacos.client.config.impl.ClientWorker$ConfigRpcTransportClient$$Lambda$334/1091234211
11:56:58.832 [main] INFO  c.a.n.c.r.client - [printIfInfoEnabled,60] - [8e5c411c-08a6-4181-834c-4cfd379aef6f_config-0] Register server push request handler:com.alibaba.nacos.client.config.impl.ClientWorker$ConfigRpcTransportClient$$Lambda$335/832145584
11:56:58.834 [main] INFO  c.a.n.c.r.client - [printIfInfoEnabled,60] - [8e5c411c-08a6-4181-834c-4cfd379aef6f_config-0] Registry connection listener to current client:com.alibaba.nacos.client.config.impl.ClientWorker$ConfigRpcTransportClient$1
11:56:58.836 [main] INFO  c.a.n.c.r.client - [printIfInfoEnabled,60] - [8e5c411c-08a6-4181-834c-4cfd379aef6f_config-0] RpcClient init, ServerListFactory = com.alibaba.nacos.client.config.impl.ClientWorker$ConfigRpcTransportClient$2
11:56:58.844 [main] INFO  c.a.n.c.r.client - [printIfInfoEnabled,60] - [8e5c411c-08a6-4181-834c-4cfd379aef6f_config-0] Try to connect to server on start up, server: {serverIp = '127.0.0.1', server main port = 8848}
11:57:12.403 [main] INFO  c.a.n.c.r.client - [printIfInfoEnabled,60] - [8e5c411c-08a6-4181-834c-4cfd379aef6f_config-0] Try to connect to server on start up, server: {serverIp = '127.0.0.1', server main port = 8848}
11:57:15.413 [main] INFO  c.a.n.c.r.client - [printIfInfoEnabled,60] - [8e5c411c-08a6-4181-834c-4cfd379aef6f_config-0] Try to connect to server on start up, server: {serverIp = '127.0.0.1', server main port = 8848}
11:57:18.428 [com.alibaba.nacos.client.remote.worker] INFO  c.a.n.c.r.client - [printIfInfoEnabled,60] - [8e5c411c-08a6-4181-834c-4cfd379aef6f_config-0] Try to reconnect to a new server, server is  not appointed, will choose a random server.
11:57:18.429 [main] INFO  c.a.n.c.r.client - [printIfInfoEnabled,60] - [8e5c411c-08a6-4181-834c-4cfd379aef6f_config-0] Register server push request handler:com.alibaba.nacos.common.remote.client.RpcClient$ConnectResetRequestHandler
11:57:18.430 [main] INFO  c.a.n.c.r.client - [printIfInfoEnabled,60] - [8e5c411c-08a6-4181-834c-4cfd379aef6f_config-0] Register server push request handler:com.alibaba.nacos.common.remote.client.RpcClient$$Lambda$344/645643802
11:57:19.778 [main] INFO  c.x.j.XmapJobApplication - [logStartupProfileInfo,637] - The following 1 profile is active: "dev"
11:57:22.126 [main] INFO  o.a.c.h.Http11NioProtocol - [log,173] - Initializing ProtocolHandler ["http-nio-9203"]
11:57:22.127 [main] INFO  o.a.c.c.StandardService - [log,173] - Starting service [Tomcat]
11:57:22.127 [main] INFO  o.a.c.c.StandardEngine - [log,173] - Starting Servlet engine: [Apache Tomcat/9.0.70]
11:57:22.336 [main] INFO  o.a.c.c.C.[.[.[/] - [log,173] - Initializing Spring embedded WebApplicationContext
11:57:22.689 [main] INFO  o.q.i.StdSchedulerFactory - [instantiate,1220] - Using default implementation for ThreadExecutor
11:57:22.698 [main] INFO  o.q.c.SchedulerSignalerImpl - [<init>,61] - Initialized Scheduler Signaller of type: class org.quartz.core.SchedulerSignalerImpl
11:57:22.698 [main] INFO  o.q.c.QuartzScheduler - [<init>,229] - Quartz Scheduler v.2.3.2 created.
11:57:22.698 [main] INFO  o.q.s.RAMJobStore - [initialize,155] - RAMJobStore initialized.
11:57:22.699 [main] INFO  o.q.c.QuartzScheduler - [initialize,294] - Scheduler meta-data: Quartz Scheduler (v2.3.2) 'quartzScheduler' with instanceId 'NON_CLUSTERED'
  Scheduler class: 'org.quartz.core.QuartzScheduler' - running locally.
  NOT STARTED.
  Currently in standby mode.
  Number of jobs executed: 0
  Using thread pool 'org.quartz.simpl.SimpleThreadPool' - with 10 threads.
  Using job-store 'org.quartz.simpl.RAMJobStore' - which does not support persistence. and is not clustered.

11:57:22.699 [main] INFO  o.q.i.StdSchedulerFactory - [instantiate,1374] - Quartz scheduler 'quartzScheduler' initialized from an externally provided properties instance.
11:57:22.699 [main] INFO  o.q.i.StdSchedulerFactory - [instantiate,1378] - Quartz scheduler version: 2.3.2
11:57:22.700 [main] INFO  o.q.c.QuartzScheduler - [setJobFactory,2293] - JobFactory set to: org.springframework.scheduling.quartz.SpringBeanJobFactory@2b7774d5
11:57:22.992 [com.alibaba.nacos.client.remote.worker] INFO  c.a.n.c.r.client - [printIfInfoEnabled,60] - [8e5c411c-08a6-4181-834c-4cfd379aef6f_config-0] Success to connect a server [127.0.0.1:8848], connectionId = 1691380642804_127.0.0.1_52219
11:57:22.993 [com.alibaba.nacos.client.remote.worker] INFO  c.a.n.c.r.client - [printIfInfoEnabled,60] - [8e5c411c-08a6-4181-834c-4cfd379aef6f_config-0] Notify connected event to listeners.
11:57:23.028 [main] INFO  c.z.h.HikariDataSource - [getConnection,110] - HikariPool-1 - Starting...
11:57:27.787 [main] INFO  c.z.h.HikariDataSource - [getConnection,123] - HikariPool-1 - Start completed.
11:57:28.449 [main] INFO  c.a.c.s.SentinelWebMvcConfigurer - [addInterceptors,52] - [Sentinel Starter] register SentinelWebInterceptor with urlPatterns: [/**].
11:57:35.512 [main] INFO  c.a.n.c.r.client - [lambda$createClient$0,80] - [RpcClientFactory] create a new rpc client of 0787f5f1-ad0a-4866-881c-3c7edbe0635a
11:57:35.513 [main] INFO  c.a.n.c.r.client - [printIfInfoEnabled,60] - [0787f5f1-ad0a-4866-881c-3c7edbe0635a] RpcClient init label, labels = {module=naming, source=sdk}
11:57:35.514 [main] INFO  c.a.n.c.r.client - [printIfInfoEnabled,60] - [0787f5f1-ad0a-4866-881c-3c7edbe0635a] RpcClient init, ServerListFactory = com.alibaba.nacos.client.naming.core.ServerListManager
11:57:35.514 [main] INFO  c.a.n.c.r.client - [printIfInfoEnabled,60] - [0787f5f1-ad0a-4866-881c-3c7edbe0635a] Registry connection listener to current client:com.alibaba.nacos.client.naming.remote.gprc.redo.NamingGrpcRedoService
11:57:35.515 [main] INFO  c.a.n.c.r.client - [printIfInfoEnabled,60] - [0787f5f1-ad0a-4866-881c-3c7edbe0635a] Register server push request handler:com.alibaba.nacos.client.naming.remote.gprc.NamingPushRequestHandler
11:57:35.515 [main] INFO  c.a.n.c.r.client - [printIfInfoEnabled,60] - [0787f5f1-ad0a-4866-881c-3c7edbe0635a] Try to connect to server on start up, server: {serverIp = '127.0.0.1', server main port = 8848}
11:57:35.639 [main] INFO  c.a.n.c.r.client - [printIfInfoEnabled,60] - [0787f5f1-ad0a-4866-881c-3c7edbe0635a] Success to connect to server [127.0.0.1:8848] on start up, connectionId = 1691380655520_127.0.0.1_53923
11:57:35.639 [com.alibaba.nacos.client.remote.worker] INFO  c.a.n.c.r.client - [printIfInfoEnabled,60] - [0787f5f1-ad0a-4866-881c-3c7edbe0635a] Notify connected event to listeners.
11:57:35.639 [main] INFO  c.a.n.c.r.client - [printIfInfoEnabled,60] - [0787f5f1-ad0a-4866-881c-3c7edbe0635a] Register server push request handler:com.alibaba.nacos.common.remote.client.RpcClient$ConnectResetRequestHandler
11:57:35.640 [main] INFO  c.a.n.c.r.client - [printIfInfoEnabled,60] - [0787f5f1-ad0a-4866-881c-3c7edbe0635a] Register server push request handler:com.alibaba.nacos.common.remote.client.RpcClient$$Lambda$344/645643802
11:57:35.673 [main] INFO  o.a.c.h.Http11NioProtocol - [log,173] - Starting ProtocolHandler ["http-nio-9203"]
11:57:35.698 [main] INFO  c.a.c.n.r.NacosServiceRegistry - [register,75] - nacos registry, DEFAULT_GROUP xmap-job 10.100.4.8:9203 register finished
11:57:36.168 [nacos-grpc-client-executor-6] INFO  c.a.n.c.r.client - [printIfInfoEnabled,60] - [0787f5f1-ad0a-4866-881c-3c7edbe0635a] Receive server push request, request = NotifySubscriberRequest, requestId = 38
11:57:36.173 [nacos-grpc-client-executor-6] INFO  c.a.n.c.r.client - [printIfInfoEnabled,60] - [0787f5f1-ad0a-4866-881c-3c7edbe0635a] Ack server push request, request = NotifySubscriberRequest, requestId = 38
11:57:39.444 [main] INFO  o.q.c.QuartzScheduler - [start,547] - Scheduler quartzScheduler_$_NON_CLUSTERED started.
11:57:39.458 [main] INFO  c.x.j.XmapJobApplication - [logStarted,61] - Started XmapJobApplication in 69.744 seconds (JVM running for 76.231)
11:57:39.467 [main] INFO  c.a.c.n.r.NacosContextRefresher - [registerNacosListener,129] - [Nacos Config] Listening config: dataId=xmap-job, group=DEFAULT_GROUP
11:57:39.469 [main] INFO  c.a.c.n.r.NacosContextRefresher - [registerNacosListener,129] - [Nacos Config] Listening config: dataId=xmap-job-dev.yml, group=DEFAULT_GROUP
11:57:39.469 [main] INFO  c.a.c.n.r.NacosContextRefresher - [registerNacosListener,129] - [Nacos Config] Listening config: dataId=xmap-job.yml, group=DEFAULT_GROUP
11:57:44.346 [RMI TCP Connection(6)-10.100.4.8] INFO  o.a.c.c.C.[.[.[/] - [log,173] - Initializing Spring DispatcherServlet 'dispatcherServlet'
14:02:05.442 [nacos-grpc-client-executor-621] INFO  c.a.n.c.r.client - [printIfInfoEnabled,60] - [8e5c411c-08a6-4181-834c-4cfd379aef6f_config-0] Receive server push request, request = ClientDetectionRequest, requestId = 71
14:02:05.442 [nacos-grpc-client-executor-621] INFO  c.a.n.c.r.client - [printIfInfoEnabled,60] - [8e5c411c-08a6-4181-834c-4cfd379aef6f_config-0] Ack server push request, request = ClientDetectionRequest, requestId = 71
14:02:05.449 [nacos-grpc-client-executor-628] INFO  c.a.n.c.r.client - [printIfInfoEnabled,60] - [0787f5f1-ad0a-4866-881c-3c7edbe0635a] Receive server push request, request = ClientDetectionRequest, requestId = 79
14:02:05.449 [nacos-grpc-client-executor-628] INFO  c.a.n.c.r.client - [printIfInfoEnabled,60] - [0787f5f1-ad0a-4866-881c-3c7edbe0635a] Ack server push request, request = ClientDetectionRequest, requestId = 79
