09:21:12.848 [background-preinit] INFO  o.h.v.i.util.Version - [<clinit>,21] - HV000001: Hibernate Validator 6.2.5.Final
09:21:20.557 [main] INFO  c.a.n.c.r.client - [lambda$createClient$0,80] - [RpcClientFactory] create a new rpc client of 92b1014c-3ee9-4a6b-b5e4-7f9bb7035ffc_config-0
09:21:20.606 [main] INFO  o.r.Reflections - [scan,232] - Reflections took 34 ms to scan 1 urls, producing 3 keys and 6 values 
09:21:20.636 [main] INFO  o.r.Reflections - [scan,232] - Reflections took 17 ms to scan 1 urls, producing 4 keys and 9 values 
09:21:20.653 [main] INFO  o.r.Reflections - [scan,232] - Reflections took 14 ms to scan 1 urls, producing 3 keys and 10 values 
09:21:20.873 [main] INFO  o.r.Reflections - [scan,232] - Reflections took 214 ms to scan 196 urls, producing 0 keys and 0 values 
09:21:20.888 [main] INFO  o.r.Reflections - [scan,232] - Reflections took 13 ms to scan 1 urls, producing 1 keys and 5 values 
09:21:20.902 [main] INFO  o.r.Reflections - [scan,232] - Reflections took 12 ms to scan 1 urls, producing 1 keys and 7 values 
09:21:20.918 [main] INFO  o.r.Reflections - [scan,232] - Reflections took 12 ms to scan 1 urls, producing 2 keys and 8 values 
09:21:21.084 [main] INFO  o.r.Reflections - [scan,232] - Reflections took 164 ms to scan 196 urls, producing 0 keys and 0 values 
09:21:21.085 [main] INFO  c.a.n.c.r.client - [printIfInfoEnabled,60] - [92b1014c-3ee9-4a6b-b5e4-7f9bb7035ffc_config-0] RpcClient init label, labels = {module=config, Vipserver-Tag=null, source=sdk, Amory-Tag=null, Location-Tag=null, taskId=0, AppName=unknown}
09:21:21.086 [main] INFO  c.a.n.c.r.client - [printIfInfoEnabled,60] - [92b1014c-3ee9-4a6b-b5e4-7f9bb7035ffc_config-0] Register server push request handler:com.alibaba.nacos.client.config.impl.ClientWorker$ConfigRpcTransportClient$$Lambda$334/1119242936
09:21:21.086 [main] INFO  c.a.n.c.r.client - [printIfInfoEnabled,60] - [92b1014c-3ee9-4a6b-b5e4-7f9bb7035ffc_config-0] Register server push request handler:com.alibaba.nacos.client.config.impl.ClientWorker$ConfigRpcTransportClient$$Lambda$335/2123914473
09:21:21.086 [main] INFO  c.a.n.c.r.client - [printIfInfoEnabled,60] - [92b1014c-3ee9-4a6b-b5e4-7f9bb7035ffc_config-0] Registry connection listener to current client:com.alibaba.nacos.client.config.impl.ClientWorker$ConfigRpcTransportClient$1
09:21:21.087 [main] INFO  c.a.n.c.r.client - [printIfInfoEnabled,60] - [92b1014c-3ee9-4a6b-b5e4-7f9bb7035ffc_config-0] RpcClient init, ServerListFactory = com.alibaba.nacos.client.config.impl.ClientWorker$ConfigRpcTransportClient$2
09:21:21.093 [main] INFO  c.a.n.c.r.client - [printIfInfoEnabled,60] - [92b1014c-3ee9-4a6b-b5e4-7f9bb7035ffc_config-0] Try to connect to server on start up, server: {serverIp = '127.0.0.1', server main port = 8848}
09:21:34.889 [main] INFO  c.a.n.c.r.client - [printIfInfoEnabled,60] - [92b1014c-3ee9-4a6b-b5e4-7f9bb7035ffc_config-0] Try to connect to server on start up, server: {serverIp = '127.0.0.1', server main port = 8848}
09:21:37.899 [main] INFO  c.a.n.c.r.client - [printIfInfoEnabled,60] - [92b1014c-3ee9-4a6b-b5e4-7f9bb7035ffc_config-0] Try to connect to server on start up, server: {serverIp = '127.0.0.1', server main port = 8848}
09:21:40.911 [com.alibaba.nacos.client.remote.worker] INFO  c.a.n.c.r.client - [printIfInfoEnabled,60] - [92b1014c-3ee9-4a6b-b5e4-7f9bb7035ffc_config-0] Try to reconnect to a new server, server is  not appointed, will choose a random server.
09:21:40.911 [main] INFO  c.a.n.c.r.client - [printIfInfoEnabled,60] - [92b1014c-3ee9-4a6b-b5e4-7f9bb7035ffc_config-0] Register server push request handler:com.alibaba.nacos.common.remote.client.RpcClient$ConnectResetRequestHandler
09:21:40.912 [main] INFO  c.a.n.c.r.client - [printIfInfoEnabled,60] - [92b1014c-3ee9-4a6b-b5e4-7f9bb7035ffc_config-0] Register server push request handler:com.alibaba.nacos.common.remote.client.RpcClient$$Lambda$344/1973256691
09:21:42.268 [main] INFO  c.x.j.XmapJobApplication - [logStartupProfileInfo,637] - The following 1 profile is active: "dev"
09:21:44.893 [main] INFO  o.a.c.h.Http11NioProtocol - [log,173] - Initializing ProtocolHandler ["http-nio-9203"]
09:21:44.894 [main] INFO  o.a.c.c.StandardService - [log,173] - Starting service [Tomcat]
09:21:44.894 [main] INFO  o.a.c.c.StandardEngine - [log,173] - Starting Servlet engine: [Apache Tomcat/9.0.70]
09:21:45.078 [main] INFO  o.a.c.c.C.[.[.[/] - [log,173] - Initializing Spring embedded WebApplicationContext
09:21:45.456 [main] INFO  o.q.i.StdSchedulerFactory - [instantiate,1220] - Using default implementation for ThreadExecutor
09:21:45.469 [main] INFO  o.q.c.SchedulerSignalerImpl - [<init>,61] - Initialized Scheduler Signaller of type: class org.quartz.core.SchedulerSignalerImpl
09:21:45.469 [main] INFO  o.q.c.QuartzScheduler - [<init>,229] - Quartz Scheduler v.2.3.2 created.
09:21:45.470 [main] INFO  o.q.s.RAMJobStore - [initialize,155] - RAMJobStore initialized.
09:21:45.470 [main] INFO  o.q.c.QuartzScheduler - [initialize,294] - Scheduler meta-data: Quartz Scheduler (v2.3.2) 'quartzScheduler' with instanceId 'NON_CLUSTERED'
  Scheduler class: 'org.quartz.core.QuartzScheduler' - running locally.
  NOT STARTED.
  Currently in standby mode.
  Number of jobs executed: 0
  Using thread pool 'org.quartz.simpl.SimpleThreadPool' - with 10 threads.
  Using job-store 'org.quartz.simpl.RAMJobStore' - which does not support persistence. and is not clustered.

09:21:45.471 [main] INFO  o.q.i.StdSchedulerFactory - [instantiate,1374] - Quartz scheduler 'quartzScheduler' initialized from an externally provided properties instance.
09:21:45.471 [main] INFO  o.q.i.StdSchedulerFactory - [instantiate,1378] - Quartz scheduler version: 2.3.2
09:21:45.471 [main] INFO  o.q.c.QuartzScheduler - [setJobFactory,2293] - JobFactory set to: org.springframework.scheduling.quartz.SpringBeanJobFactory@5fb07347
09:21:45.728 [main] INFO  c.z.h.HikariDataSource - [getConnection,110] - HikariPool-1 - Starting...
09:21:47.033 [com.alibaba.nacos.client.remote.worker] INFO  c.a.n.c.r.client - [printIfInfoEnabled,60] - [92b1014c-3ee9-4a6b-b5e4-7f9bb7035ffc_config-0] Fail to connect server, after trying 1 times, last try server is {serverIp = '127.0.0.1', server main port = 8848}, error = unknown
09:21:49.025 [com.alibaba.nacos.client.remote.worker] INFO  c.a.n.c.r.client - [printIfInfoEnabled,60] - [92b1014c-3ee9-4a6b-b5e4-7f9bb7035ffc_config-0] Success to connect a server [127.0.0.1:8848], connectionId = 1690852908742_127.0.0.1_58907
09:21:49.025 [com.alibaba.nacos.client.remote.worker] INFO  c.a.n.c.r.client - [printIfInfoEnabled,60] - [92b1014c-3ee9-4a6b-b5e4-7f9bb7035ffc_config-0] Notify connected event to listeners.
09:21:57.913 [main] INFO  o.q.c.QuartzScheduler - [shutdown,666] - Scheduler quartzScheduler_$_NON_CLUSTERED shutting down.
09:21:57.913 [main] INFO  o.q.c.QuartzScheduler - [standby,585] - Scheduler quartzScheduler_$_NON_CLUSTERED paused.
09:21:57.913 [main] INFO  o.q.c.QuartzScheduler - [shutdown,740] - Scheduler quartzScheduler_$_NON_CLUSTERED shutdown complete.
09:21:57.915 [main] INFO  o.a.c.c.StandardService - [log,173] - Stopping service [Tomcat]
