09:09:16.834 [background-preinit] INFO  o.h.v.i.util.Version - [<clinit>,21] - HV000001: Hibernate Validator 6.2.5.Final
09:09:19.039 [main] INFO  c.a.n.c.r.client - [lambda$createClient$0,80] - [RpcClientFactory] create a new rpc client of c99ce28d-94e0-4702-9525-c18d2d96386f_config-0
09:09:19.065 [main] INFO  o.r.Reflections - [scan,232] - Reflections took 16 ms to scan 1 urls, producing 3 keys and 6 values 
09:09:19.080 [main] INFO  o.r.Reflections - [scan,232] - Reflections took 8 ms to scan 1 urls, producing 4 keys and 9 values 
09:09:19.088 [main] INFO  o.r.Reflections - [scan,232] - Reflections took 7 ms to scan 1 urls, producing 3 keys and 10 values 
09:09:19.232 [main] INFO  o.r.Reflections - [scan,232] - Reflections took 142 ms to scan 199 urls, producing 0 keys and 0 values 
09:09:19.240 [main] INFO  o.r.Reflections - [scan,232] - Reflections took 7 ms to scan 1 urls, producing 1 keys and 5 values 
09:09:19.248 [main] INFO  o.r.Reflections - [scan,232] - Reflections took 6 ms to scan 1 urls, producing 1 keys and 7 values 
09:09:19.258 [main] INFO  o.r.Reflections - [scan,232] - Reflections took 7 ms to scan 1 urls, producing 2 keys and 8 values 
09:09:19.396 [main] INFO  o.r.Reflections - [scan,232] - Reflections took 136 ms to scan 199 urls, producing 0 keys and 0 values 
09:09:19.397 [main] INFO  c.a.n.c.r.client - [printIfInfoEnabled,60] - [c99ce28d-94e0-4702-9525-c18d2d96386f_config-0] RpcClient init label, labels = {module=config, Vipserver-Tag=null, source=sdk, Amory-Tag=null, Location-Tag=null, taskId=0, AppName=unknown}
09:09:19.398 [main] INFO  c.a.n.c.r.client - [printIfInfoEnabled,60] - [c99ce28d-94e0-4702-9525-c18d2d96386f_config-0] Register server push request handler:com.alibaba.nacos.client.config.impl.ClientWorker$ConfigRpcTransportClient$$Lambda$334/1496220730
09:09:19.398 [main] INFO  c.a.n.c.r.client - [printIfInfoEnabled,60] - [c99ce28d-94e0-4702-9525-c18d2d96386f_config-0] Register server push request handler:com.alibaba.nacos.client.config.impl.ClientWorker$ConfigRpcTransportClient$$Lambda$335/488600086
09:09:19.399 [main] INFO  c.a.n.c.r.client - [printIfInfoEnabled,60] - [c99ce28d-94e0-4702-9525-c18d2d96386f_config-0] Registry connection listener to current client:com.alibaba.nacos.client.config.impl.ClientWorker$ConfigRpcTransportClient$1
09:09:19.399 [main] INFO  c.a.n.c.r.client - [printIfInfoEnabled,60] - [c99ce28d-94e0-4702-9525-c18d2d96386f_config-0] RpcClient init, ServerListFactory = com.alibaba.nacos.client.config.impl.ClientWorker$ConfigRpcTransportClient$2
09:09:19.405 [main] INFO  c.a.n.c.r.client - [printIfInfoEnabled,60] - [c99ce28d-94e0-4702-9525-c18d2d96386f_config-0] Try to connect to server on start up, server: {serverIp = '127.0.0.1', server main port = 8848}
09:09:19.496 [background-preinit] INFO  o.h.v.i.util.Version - [<clinit>,21] - HV000001: Hibernate Validator 6.2.5.Final
09:09:21.437 [main] INFO  c.a.n.c.r.client - [lambda$createClient$0,80] - [RpcClientFactory] create a new rpc client of 1a4f8700-4ecf-4d88-85d5-bcb590f16af8_config-0
09:09:21.480 [main] INFO  o.r.Reflections - [scan,232] - Reflections took 27 ms to scan 1 urls, producing 3 keys and 6 values 
09:09:21.502 [main] INFO  o.r.Reflections - [scan,232] - Reflections took 9 ms to scan 1 urls, producing 4 keys and 9 values 
09:09:21.512 [main] INFO  o.r.Reflections - [scan,232] - Reflections took 8 ms to scan 1 urls, producing 3 keys and 10 values 
09:09:21.652 [main] INFO  o.r.Reflections - [scan,232] - Reflections took 136 ms to scan 199 urls, producing 0 keys and 0 values 
09:09:21.663 [main] INFO  o.r.Reflections - [scan,232] - Reflections took 10 ms to scan 1 urls, producing 1 keys and 5 values 
09:09:21.672 [main] INFO  o.r.Reflections - [scan,232] - Reflections took 7 ms to scan 1 urls, producing 1 keys and 7 values 
09:09:21.681 [main] INFO  o.r.Reflections - [scan,232] - Reflections took 7 ms to scan 1 urls, producing 2 keys and 8 values 
09:09:21.783 [main] INFO  o.r.Reflections - [scan,232] - Reflections took 101 ms to scan 199 urls, producing 0 keys and 0 values 
09:09:21.784 [main] INFO  c.a.n.c.r.client - [printIfInfoEnabled,60] - [1a4f8700-4ecf-4d88-85d5-bcb590f16af8_config-0] RpcClient init label, labels = {module=config, Vipserver-Tag=null, source=sdk, Amory-Tag=null, Location-Tag=null, taskId=0, AppName=unknown}
09:09:21.785 [main] INFO  c.a.n.c.r.client - [printIfInfoEnabled,60] - [1a4f8700-4ecf-4d88-85d5-bcb590f16af8_config-0] Register server push request handler:com.alibaba.nacos.client.config.impl.ClientWorker$ConfigRpcTransportClient$$Lambda$334/832145584
09:09:21.785 [main] INFO  c.a.n.c.r.client - [printIfInfoEnabled,60] - [1a4f8700-4ecf-4d88-85d5-bcb590f16af8_config-0] Register server push request handler:com.alibaba.nacos.client.config.impl.ClientWorker$ConfigRpcTransportClient$$Lambda$335/224060798
09:09:21.786 [main] INFO  c.a.n.c.r.client - [printIfInfoEnabled,60] - [1a4f8700-4ecf-4d88-85d5-bcb590f16af8_config-0] Registry connection listener to current client:com.alibaba.nacos.client.config.impl.ClientWorker$ConfigRpcTransportClient$1
09:09:21.786 [main] INFO  c.a.n.c.r.client - [printIfInfoEnabled,60] - [1a4f8700-4ecf-4d88-85d5-bcb590f16af8_config-0] RpcClient init, ServerListFactory = com.alibaba.nacos.client.config.impl.ClientWorker$ConfigRpcTransportClient$2
09:09:21.793 [main] INFO  c.a.n.c.r.client - [printIfInfoEnabled,60] - [1a4f8700-4ecf-4d88-85d5-bcb590f16af8_config-0] Try to connect to server on start up, server: {serverIp = '127.0.0.1', server main port = 8848}
09:09:23.661 [main] INFO  c.a.n.c.r.client - [printIfInfoEnabled,60] - [c99ce28d-94e0-4702-9525-c18d2d96386f_config-0] Success to connect to server [127.0.0.1:8848] on start up, connectionId = 1691111363489_127.0.0.1_63006
09:09:23.661 [main] INFO  c.a.n.c.r.client - [printIfInfoEnabled,60] - [c99ce28d-94e0-4702-9525-c18d2d96386f_config-0] Register server push request handler:com.alibaba.nacos.common.remote.client.RpcClient$ConnectResetRequestHandler
09:09:23.661 [com.alibaba.nacos.client.remote.worker] INFO  c.a.n.c.r.client - [printIfInfoEnabled,60] - [c99ce28d-94e0-4702-9525-c18d2d96386f_config-0] Notify connected event to listeners.
09:09:23.663 [main] INFO  c.a.n.c.r.client - [printIfInfoEnabled,60] - [c99ce28d-94e0-4702-9525-c18d2d96386f_config-0] Register server push request handler:com.alibaba.nacos.common.remote.client.RpcClient$$Lambda$344/657069980
09:09:23.731 [main] INFO  c.x.t.XmapTicketApplication - [logStartupProfileInfo,637] - The following 1 profile is active: "dev"
09:09:25.340 [main] INFO  o.a.c.h.Http11NioProtocol - [log,173] - Initializing ProtocolHandler ["http-nio-9230"]
09:09:25.340 [main] INFO  o.a.c.c.StandardService - [log,173] - Starting service [Tomcat]
09:09:25.340 [main] INFO  o.a.c.c.StandardEngine - [log,173] - Starting Servlet engine: [Apache Tomcat/9.0.70]
09:09:25.473 [main] INFO  o.a.c.c.C.[.[.[/] - [log,173] - Initializing Spring embedded WebApplicationContext
09:09:25.787 [main] INFO  c.a.n.c.r.client - [printIfInfoEnabled,60] - [1a4f8700-4ecf-4d88-85d5-bcb590f16af8_config-0] Success to connect to server [127.0.0.1:8848] on start up, connectionId = 1691111365608_127.0.0.1_63015
09:09:25.787 [com.alibaba.nacos.client.remote.worker] INFO  c.a.n.c.r.client - [printIfInfoEnabled,60] - [1a4f8700-4ecf-4d88-85d5-bcb590f16af8_config-0] Notify connected event to listeners.
09:09:25.787 [main] INFO  c.a.n.c.r.client - [printIfInfoEnabled,60] - [1a4f8700-4ecf-4d88-85d5-bcb590f16af8_config-0] Register server push request handler:com.alibaba.nacos.common.remote.client.RpcClient$ConnectResetRequestHandler
09:09:25.788 [main] INFO  c.a.n.c.r.client - [printIfInfoEnabled,60] - [1a4f8700-4ecf-4d88-85d5-bcb590f16af8_config-0] Register server push request handler:com.alibaba.nacos.common.remote.client.RpcClient$$Lambda$344/1538849250
09:09:25.843 [main] INFO  c.x.s.XmapSentimentApplication - [logStartupProfileInfo,637] - The following 1 profile is active: "dev"
09:09:26.600 [main] INFO  c.a.d.p.DruidDataSource - [init,996] - {dataSource-1,master} inited
09:09:26.601 [main] INFO  c.b.d.d.DynamicRoutingDataSource - [addDataSource,154] - dynamic-datasource - add a datasource named [master] success
09:09:26.601 [main] INFO  c.b.d.d.DynamicRoutingDataSource - [afterPropertiesSet,234] - dynamic-datasource initial loaded [1] datasource,primary datasource named [master]
09:09:27.352 [main] INFO  o.a.c.h.Http11NioProtocol - [log,173] - Initializing ProtocolHandler ["http-nio-9232"]
09:09:27.353 [main] INFO  o.a.c.c.StandardService - [log,173] - Starting service [Tomcat]
09:09:27.353 [main] INFO  o.a.c.c.StandardEngine - [log,173] - Starting Servlet engine: [Apache Tomcat/9.0.70]
09:09:27.482 [main] INFO  o.a.c.c.C.[.[.[/] - [log,173] - Initializing Spring embedded WebApplicationContext
09:09:27.526 [main] INFO  c.a.c.s.SentinelWebMvcConfigurer - [addInterceptors,52] - [Sentinel Starter] register SentinelWebInterceptor with urlPatterns: [/**].
09:09:29.239 [main] INFO  c.a.d.p.DruidDataSource - [init,996] - {dataSource-1,master} inited
09:09:29.240 [main] INFO  c.b.d.d.DynamicRoutingDataSource - [addDataSource,154] - dynamic-datasource - add a datasource named [master] success
09:09:29.240 [main] INFO  c.b.d.d.DynamicRoutingDataSource - [afterPropertiesSet,234] - dynamic-datasource initial loaded [1] datasource,primary datasource named [master]
09:09:30.304 [main] INFO  c.a.c.s.SentinelWebMvcConfigurer - [addInterceptors,52] - [Sentinel Starter] register SentinelWebInterceptor with urlPatterns: [/**].
09:09:33.542 [main] INFO  c.a.n.c.r.client - [lambda$createClient$0,80] - [RpcClientFactory] create a new rpc client of 3ccf3158-70cf-4b8e-943c-69883d5ec54a
09:09:33.542 [main] INFO  c.a.n.c.r.client - [printIfInfoEnabled,60] - [3ccf3158-70cf-4b8e-943c-69883d5ec54a] RpcClient init label, labels = {module=naming, source=sdk}
09:09:33.544 [main] INFO  c.a.n.c.r.client - [printIfInfoEnabled,60] - [3ccf3158-70cf-4b8e-943c-69883d5ec54a] RpcClient init, ServerListFactory = com.alibaba.nacos.client.naming.core.ServerListManager
09:09:33.544 [main] INFO  c.a.n.c.r.client - [printIfInfoEnabled,60] - [3ccf3158-70cf-4b8e-943c-69883d5ec54a] Registry connection listener to current client:com.alibaba.nacos.client.naming.remote.gprc.redo.NamingGrpcRedoService
09:09:33.544 [main] INFO  c.a.n.c.r.client - [printIfInfoEnabled,60] - [3ccf3158-70cf-4b8e-943c-69883d5ec54a] Register server push request handler:com.alibaba.nacos.client.naming.remote.gprc.NamingPushRequestHandler
09:09:33.544 [main] INFO  c.a.n.c.r.client - [printIfInfoEnabled,60] - [3ccf3158-70cf-4b8e-943c-69883d5ec54a] Try to connect to server on start up, server: {serverIp = '127.0.0.1', server main port = 8848}
09:09:33.657 [main] INFO  c.a.n.c.r.client - [printIfInfoEnabled,60] - [3ccf3158-70cf-4b8e-943c-69883d5ec54a] Success to connect to server [127.0.0.1:8848] on start up, connectionId = 1691111373551_127.0.0.1_63111
09:09:33.657 [main] INFO  c.a.n.c.r.client - [printIfInfoEnabled,60] - [3ccf3158-70cf-4b8e-943c-69883d5ec54a] Register server push request handler:com.alibaba.nacos.common.remote.client.RpcClient$ConnectResetRequestHandler
09:09:33.657 [com.alibaba.nacos.client.remote.worker] INFO  c.a.n.c.r.client - [printIfInfoEnabled,60] - [3ccf3158-70cf-4b8e-943c-69883d5ec54a] Notify connected event to listeners.
09:09:33.657 [main] INFO  c.a.n.c.r.client - [printIfInfoEnabled,60] - [3ccf3158-70cf-4b8e-943c-69883d5ec54a] Register server push request handler:com.alibaba.nacos.common.remote.client.RpcClient$$Lambda$344/657069980
09:09:33.682 [main] INFO  o.a.c.h.Http11NioProtocol - [log,173] - Starting ProtocolHandler ["http-nio-9230"]
09:09:33.700 [main] INFO  c.a.c.n.r.NacosServiceRegistry - [register,75] - nacos registry, DEFAULT_GROUP xmap-ticket 10.100.4.8:9230 register finished
09:09:34.183 [nacos-grpc-client-executor-8] INFO  c.a.n.c.r.client - [printIfInfoEnabled,60] - [3ccf3158-70cf-4b8e-943c-69883d5ec54a] Receive server push request, request = NotifySubscriberRequest, requestId = 11
09:09:34.187 [nacos-grpc-client-executor-8] INFO  c.a.n.c.r.client - [printIfInfoEnabled,60] - [3ccf3158-70cf-4b8e-943c-69883d5ec54a] Ack server push request, request = NotifySubscriberRequest, requestId = 11
09:09:35.972 [main] INFO  c.x.t.XmapTicketApplication - [logStarted,61] - Started XmapTicketApplication in 21.336 seconds (JVM running for 22.563)
09:09:35.993 [main] INFO  c.a.c.n.r.NacosContextRefresher - [registerNacosListener,129] - [Nacos Config] Listening config: dataId=xmap-ticket, group=DEFAULT_GROUP
09:09:35.994 [main] INFO  c.a.c.n.r.NacosContextRefresher - [registerNacosListener,129] - [Nacos Config] Listening config: dataId=xmap-ticket-dev.yml, group=DEFAULT_GROUP
09:09:35.994 [main] INFO  c.a.c.n.r.NacosContextRefresher - [registerNacosListener,129] - [Nacos Config] Listening config: dataId=xmap-ticket.yml, group=DEFAULT_GROUP
09:09:36.212 [main] INFO  c.a.n.c.r.client - [lambda$createClient$0,80] - [RpcClientFactory] create a new rpc client of c0b19b1f-3e72-4a5b-81b9-3662cf48294b
09:09:36.213 [main] INFO  c.a.n.c.r.client - [printIfInfoEnabled,60] - [c0b19b1f-3e72-4a5b-81b9-3662cf48294b] RpcClient init label, labels = {module=naming, source=sdk}
09:09:36.213 [main] INFO  c.a.n.c.r.client - [printIfInfoEnabled,60] - [c0b19b1f-3e72-4a5b-81b9-3662cf48294b] RpcClient init, ServerListFactory = com.alibaba.nacos.client.naming.core.ServerListManager
09:09:36.213 [main] INFO  c.a.n.c.r.client - [printIfInfoEnabled,60] - [c0b19b1f-3e72-4a5b-81b9-3662cf48294b] Registry connection listener to current client:com.alibaba.nacos.client.naming.remote.gprc.redo.NamingGrpcRedoService
09:09:36.214 [main] INFO  c.a.n.c.r.client - [printIfInfoEnabled,60] - [c0b19b1f-3e72-4a5b-81b9-3662cf48294b] Register server push request handler:com.alibaba.nacos.client.naming.remote.gprc.NamingPushRequestHandler
09:09:36.214 [main] INFO  c.a.n.c.r.client - [printIfInfoEnabled,60] - [c0b19b1f-3e72-4a5b-81b9-3662cf48294b] Try to connect to server on start up, server: {serverIp = '127.0.0.1', server main port = 8848}
09:09:36.328 [main] INFO  c.a.n.c.r.client - [printIfInfoEnabled,60] - [c0b19b1f-3e72-4a5b-81b9-3662cf48294b] Success to connect to server [127.0.0.1:8848] on start up, connectionId = 1691111376218_127.0.0.1_63188
09:09:36.328 [main] INFO  c.a.n.c.r.client - [printIfInfoEnabled,60] - [c0b19b1f-3e72-4a5b-81b9-3662cf48294b] Register server push request handler:com.alibaba.nacos.common.remote.client.RpcClient$ConnectResetRequestHandler
09:09:36.328 [main] INFO  c.a.n.c.r.client - [printIfInfoEnabled,60] - [c0b19b1f-3e72-4a5b-81b9-3662cf48294b] Register server push request handler:com.alibaba.nacos.common.remote.client.RpcClient$$Lambda$344/1538849250
09:09:36.328 [com.alibaba.nacos.client.remote.worker] INFO  c.a.n.c.r.client - [printIfInfoEnabled,60] - [c0b19b1f-3e72-4a5b-81b9-3662cf48294b] Notify connected event to listeners.
09:09:36.352 [main] INFO  o.a.c.h.Http11NioProtocol - [log,173] - Starting ProtocolHandler ["http-nio-9232"]
09:09:36.369 [main] INFO  c.a.c.n.r.NacosServiceRegistry - [register,75] - nacos registry, DEFAULT_GROUP xmap-sentiment 10.100.4.8:9232 register finished
09:09:36.921 [nacos-grpc-client-executor-6] INFO  c.a.n.c.r.client - [printIfInfoEnabled,60] - [c0b19b1f-3e72-4a5b-81b9-3662cf48294b] Receive server push request, request = NotifySubscriberRequest, requestId = 12
09:09:36.936 [nacos-grpc-client-executor-6] INFO  c.a.n.c.r.client - [printIfInfoEnabled,60] - [c0b19b1f-3e72-4a5b-81b9-3662cf48294b] Ack server push request, request = NotifySubscriberRequest, requestId = 12
09:09:37.486 [RMI TCP Connection(4)-10.100.4.8] INFO  o.a.c.c.C.[.[.[/] - [log,173] - Initializing Spring DispatcherServlet 'dispatcherServlet'
09:09:40.399 [main] INFO  c.x.s.XmapSentimentApplication - [logStarted,61] - Started XmapSentimentApplication in 22.768 seconds (JVM running for 24.928)
09:09:40.407 [main] INFO  c.a.c.n.r.NacosContextRefresher - [registerNacosListener,129] - [Nacos Config] Listening config: dataId=xmap-sentiment, group=DEFAULT_GROUP
09:09:40.407 [main] INFO  c.a.c.n.r.NacosContextRefresher - [registerNacosListener,129] - [Nacos Config] Listening config: dataId=xmap-sentiment.yml, group=DEFAULT_GROUP
09:09:40.408 [main] INFO  c.a.c.n.r.NacosContextRefresher - [registerNacosListener,129] - [Nacos Config] Listening config: dataId=xmap-sentiment-dev.yml, group=DEFAULT_GROUP
09:09:44.655 [RMI TCP Connection(4)-10.100.4.8] INFO  o.a.c.c.C.[.[.[/] - [log,173] - Initializing Spring DispatcherServlet 'dispatcherServlet'
10:09:38.336 [SpringApplicationShutdownHook] INFO  c.a.c.n.r.NacosServiceRegistry - [deregister,94] - De-registering from Nacos Server now...
10:09:38.338 [SpringApplicationShutdownHook] INFO  c.a.c.n.r.NacosServiceRegistry - [deregister,114] - De-registration finished.
10:09:38.677 [SpringApplicationShutdownHook] INFO  c.a.n.c.r.client - [shutdown,454] - Shutdown rpc client, set status to shutdown
10:09:38.679 [SpringApplicationShutdownHook] INFO  c.a.n.c.r.client - [shutdown,456] - Shutdown client event executor java.util.concurrent.ScheduledThreadPoolExecutor@59e18267[Running, pool size = 2, active threads = 2, queued tasks = 0, completed tasks = 0]
10:09:38.679 [SpringApplicationShutdownHook] INFO  c.a.n.c.r.client - [closeConnection,591] - Close current connection 1691111376218_127.0.0.1_63188
10:09:38.684 [nacos-grpc-client-executor-923] INFO  c.a.n.c.r.c.g.GrpcClient - [printIfInfoEnabled,60] - [1691111376218_127.0.0.1_63188]Ignore complete event,isRunning:false,isAbandon=false
10:09:38.691 [SpringApplicationShutdownHook] INFO  c.a.n.c.r.c.g.GrpcClient - [shutdown,85] - Shutdown grpc executor java.util.concurrent.ThreadPoolExecutor@61095ba5[Running, pool size = 7, active threads = 0, queued tasks = 0, completed tasks = 924]
10:09:38.851 [SpringApplicationShutdownHook] INFO  c.b.d.d.DynamicRoutingDataSource - [destroy,211] - dynamic-datasource start closing ....
10:09:38.853 [SpringApplicationShutdownHook] INFO  c.a.d.p.DruidDataSource - [close,2138] - {dataSource-1} closing ...
10:09:38.862 [SpringApplicationShutdownHook] INFO  c.a.d.p.DruidDataSource - [close,2211] - {dataSource-1} closed
10:09:38.862 [SpringApplicationShutdownHook] INFO  c.b.d.d.DynamicRoutingDataSource - [destroy,215] - dynamic-datasource all closed success,bye
10:09:45.779 [background-preinit] INFO  o.h.v.i.util.Version - [<clinit>,21] - HV000001: Hibernate Validator 6.2.5.Final
10:09:47.245 [main] INFO  c.a.n.c.r.client - [lambda$createClient$0,80] - [RpcClientFactory] create a new rpc client of d172af58-fa13-49a9-92b7-924884237625_config-0
10:09:47.279 [main] INFO  o.r.Reflections - [scan,232] - Reflections took 21 ms to scan 1 urls, producing 3 keys and 6 values 
10:09:47.300 [main] INFO  o.r.Reflections - [scan,232] - Reflections took 11 ms to scan 1 urls, producing 4 keys and 9 values 
10:09:47.309 [main] INFO  o.r.Reflections - [scan,232] - Reflections took 7 ms to scan 1 urls, producing 3 keys and 10 values 
10:09:47.487 [main] INFO  o.r.Reflections - [scan,232] - Reflections took 175 ms to scan 199 urls, producing 0 keys and 0 values 
10:09:47.495 [main] INFO  o.r.Reflections - [scan,232] - Reflections took 7 ms to scan 1 urls, producing 1 keys and 5 values 
10:09:47.505 [main] INFO  o.r.Reflections - [scan,232] - Reflections took 8 ms to scan 1 urls, producing 1 keys and 7 values 
10:09:47.514 [main] INFO  o.r.Reflections - [scan,232] - Reflections took 7 ms to scan 1 urls, producing 2 keys and 8 values 
10:09:47.640 [main] INFO  o.r.Reflections - [scan,232] - Reflections took 125 ms to scan 199 urls, producing 0 keys and 0 values 
10:09:47.642 [main] INFO  c.a.n.c.r.client - [printIfInfoEnabled,60] - [d172af58-fa13-49a9-92b7-924884237625_config-0] RpcClient init label, labels = {module=config, Vipserver-Tag=null, source=sdk, Amory-Tag=null, Location-Tag=null, taskId=0, AppName=unknown}
10:09:47.642 [main] INFO  c.a.n.c.r.client - [printIfInfoEnabled,60] - [d172af58-fa13-49a9-92b7-924884237625_config-0] Register server push request handler:com.alibaba.nacos.client.config.impl.ClientWorker$ConfigRpcTransportClient$$Lambda$334/832145584
10:09:47.643 [main] INFO  c.a.n.c.r.client - [printIfInfoEnabled,60] - [d172af58-fa13-49a9-92b7-924884237625_config-0] Register server push request handler:com.alibaba.nacos.client.config.impl.ClientWorker$ConfigRpcTransportClient$$Lambda$335/224060798
10:09:47.643 [main] INFO  c.a.n.c.r.client - [printIfInfoEnabled,60] - [d172af58-fa13-49a9-92b7-924884237625_config-0] Registry connection listener to current client:com.alibaba.nacos.client.config.impl.ClientWorker$ConfigRpcTransportClient$1
10:09:47.643 [main] INFO  c.a.n.c.r.client - [printIfInfoEnabled,60] - [d172af58-fa13-49a9-92b7-924884237625_config-0] RpcClient init, ServerListFactory = com.alibaba.nacos.client.config.impl.ClientWorker$ConfigRpcTransportClient$2
10:09:47.648 [main] INFO  c.a.n.c.r.client - [printIfInfoEnabled,60] - [d172af58-fa13-49a9-92b7-924884237625_config-0] Try to connect to server on start up, server: {serverIp = '127.0.0.1', server main port = 8848}
10:09:50.628 [main] INFO  c.a.n.c.r.client - [printIfInfoEnabled,60] - [d172af58-fa13-49a9-92b7-924884237625_config-0] Success to connect to server [127.0.0.1:8848] on start up, connectionId = 1691114990389_127.0.0.1_58607
10:09:50.629 [com.alibaba.nacos.client.remote.worker] INFO  c.a.n.c.r.client - [printIfInfoEnabled,60] - [d172af58-fa13-49a9-92b7-924884237625_config-0] Notify connected event to listeners.
10:09:50.629 [main] INFO  c.a.n.c.r.client - [printIfInfoEnabled,60] - [d172af58-fa13-49a9-92b7-924884237625_config-0] Register server push request handler:com.alibaba.nacos.common.remote.client.RpcClient$ConnectResetRequestHandler
10:09:50.630 [main] INFO  c.a.n.c.r.client - [printIfInfoEnabled,60] - [d172af58-fa13-49a9-92b7-924884237625_config-0] Register server push request handler:com.alibaba.nacos.common.remote.client.RpcClient$$Lambda$344/1538849250
10:09:50.730 [main] INFO  c.x.s.XmapSentimentApplication - [logStartupProfileInfo,637] - The following 1 profile is active: "dev"
10:09:52.995 [main] INFO  o.a.c.h.Http11NioProtocol - [log,173] - Initializing ProtocolHandler ["http-nio-9232"]
10:09:52.995 [main] INFO  o.a.c.c.StandardService - [log,173] - Starting service [Tomcat]
10:09:52.995 [main] INFO  o.a.c.c.StandardEngine - [log,173] - Starting Servlet engine: [Apache Tomcat/9.0.70]
10:09:53.153 [main] INFO  o.a.c.c.C.[.[.[/] - [log,173] - Initializing Spring embedded WebApplicationContext
10:09:54.482 [main] INFO  c.a.d.p.DruidDataSource - [init,996] - {dataSource-1,master} inited
10:09:54.483 [main] INFO  c.b.d.d.DynamicRoutingDataSource - [addDataSource,154] - dynamic-datasource - add a datasource named [master] success
10:09:54.484 [main] INFO  c.b.d.d.DynamicRoutingDataSource - [afterPropertiesSet,234] - dynamic-datasource initial loaded [1] datasource,primary datasource named [master]
10:09:55.515 [main] INFO  c.a.c.s.SentinelWebMvcConfigurer - [addInterceptors,52] - [Sentinel Starter] register SentinelWebInterceptor with urlPatterns: [/**].
10:09:59.582 [main] INFO  c.a.n.c.r.client - [lambda$createClient$0,80] - [RpcClientFactory] create a new rpc client of 5cb8c748-f92c-4a8c-9631-2bd490027b26
10:09:59.582 [main] INFO  c.a.n.c.r.client - [printIfInfoEnabled,60] - [5cb8c748-f92c-4a8c-9631-2bd490027b26] RpcClient init label, labels = {module=naming, source=sdk}
10:09:59.584 [main] INFO  c.a.n.c.r.client - [printIfInfoEnabled,60] - [5cb8c748-f92c-4a8c-9631-2bd490027b26] RpcClient init, ServerListFactory = com.alibaba.nacos.client.naming.core.ServerListManager
10:09:59.584 [main] INFO  c.a.n.c.r.client - [printIfInfoEnabled,60] - [5cb8c748-f92c-4a8c-9631-2bd490027b26] Registry connection listener to current client:com.alibaba.nacos.client.naming.remote.gprc.redo.NamingGrpcRedoService
10:09:59.584 [main] INFO  c.a.n.c.r.client - [printIfInfoEnabled,60] - [5cb8c748-f92c-4a8c-9631-2bd490027b26] Register server push request handler:com.alibaba.nacos.client.naming.remote.gprc.NamingPushRequestHandler
10:09:59.584 [main] INFO  c.a.n.c.r.client - [printIfInfoEnabled,60] - [5cb8c748-f92c-4a8c-9631-2bd490027b26] Try to connect to server on start up, server: {serverIp = '127.0.0.1', server main port = 8848}
10:09:59.698 [main] INFO  c.a.n.c.r.client - [printIfInfoEnabled,60] - [5cb8c748-f92c-4a8c-9631-2bd490027b26] Success to connect to server [127.0.0.1:8848] on start up, connectionId = 1691114999589_127.0.0.1_64822
10:09:59.698 [main] INFO  c.a.n.c.r.client - [printIfInfoEnabled,60] - [5cb8c748-f92c-4a8c-9631-2bd490027b26] Register server push request handler:com.alibaba.nacos.common.remote.client.RpcClient$ConnectResetRequestHandler
10:09:59.698 [com.alibaba.nacos.client.remote.worker] INFO  c.a.n.c.r.client - [printIfInfoEnabled,60] - [5cb8c748-f92c-4a8c-9631-2bd490027b26] Notify connected event to listeners.
10:09:59.698 [main] INFO  c.a.n.c.r.client - [printIfInfoEnabled,60] - [5cb8c748-f92c-4a8c-9631-2bd490027b26] Register server push request handler:com.alibaba.nacos.common.remote.client.RpcClient$$Lambda$344/1538849250
10:09:59.739 [main] INFO  o.a.c.h.Http11NioProtocol - [log,173] - Starting ProtocolHandler ["http-nio-9232"]
10:09:59.766 [main] INFO  c.a.c.n.r.NacosServiceRegistry - [register,75] - nacos registry, DEFAULT_GROUP xmap-sentiment 10.100.4.8:9232 register finished
10:10:00.272 [nacos-grpc-client-executor-7] INFO  c.a.n.c.r.client - [printIfInfoEnabled,60] - [5cb8c748-f92c-4a8c-9631-2bd490027b26] Receive server push request, request = NotifySubscriberRequest, requestId = 22
10:10:00.280 [nacos-grpc-client-executor-7] INFO  c.a.n.c.r.client - [printIfInfoEnabled,60] - [5cb8c748-f92c-4a8c-9631-2bd490027b26] Ack server push request, request = NotifySubscriberRequest, requestId = 22
10:10:01.324 [main] INFO  c.x.s.XmapSentimentApplication - [logStarted,61] - Started XmapSentimentApplication in 16.982 seconds (JVM running for 18.447)
10:10:01.333 [main] INFO  c.a.c.n.r.NacosContextRefresher - [registerNacosListener,129] - [Nacos Config] Listening config: dataId=xmap-sentiment, group=DEFAULT_GROUP
10:10:01.334 [main] INFO  c.a.c.n.r.NacosContextRefresher - [registerNacosListener,129] - [Nacos Config] Listening config: dataId=xmap-sentiment.yml, group=DEFAULT_GROUP
10:10:01.335 [main] INFO  c.a.c.n.r.NacosContextRefresher - [registerNacosListener,129] - [Nacos Config] Listening config: dataId=xmap-sentiment-dev.yml, group=DEFAULT_GROUP
10:10:03.777 [RMI TCP Connection(5)-10.100.4.8] INFO  o.a.c.c.C.[.[.[/] - [log,173] - Initializing Spring DispatcherServlet 'dispatcherServlet'
10:27:03.772 [nacos-grpc-client-executor-227] INFO  c.a.n.c.r.client - [printIfInfoEnabled,60] - [5cb8c748-f92c-4a8c-9631-2bd490027b26] Receive server push request, request = ClientDetectionRequest, requestId = 27
10:27:03.775 [nacos-grpc-client-executor-227] INFO  c.a.n.c.r.client - [printIfInfoEnabled,60] - [5cb8c748-f92c-4a8c-9631-2bd490027b26] Ack server push request, request = ClientDetectionRequest, requestId = 27
10:29:06.446 [SpringApplicationShutdownHook] INFO  c.a.c.n.r.NacosServiceRegistry - [deregister,94] - De-registering from Nacos Server now...
10:29:06.449 [SpringApplicationShutdownHook] INFO  c.a.c.n.r.NacosServiceRegistry - [deregister,114] - De-registration finished.
10:29:06.483 [SpringApplicationShutdownHook] INFO  c.a.c.n.r.NacosServiceRegistry - [deregister,94] - De-registering from Nacos Server now...
10:29:06.486 [SpringApplicationShutdownHook] INFO  c.a.c.n.r.NacosServiceRegistry - [deregister,114] - De-registration finished.
10:29:06.785 [SpringApplicationShutdownHook] INFO  c.a.n.c.r.client - [shutdown,454] - Shutdown rpc client, set status to shutdown
10:29:06.786 [SpringApplicationShutdownHook] INFO  c.a.n.c.r.client - [shutdown,456] - Shutdown client event executor java.util.concurrent.ScheduledThreadPoolExecutor@6f860560[Running, pool size = 2, active threads = 2, queued tasks = 0, completed tasks = 0]
10:29:06.786 [SpringApplicationShutdownHook] INFO  c.a.n.c.r.client - [closeConnection,591] - Close current connection 1691111373551_127.0.0.1_63111
10:29:06.787 [nacos-grpc-client-executor-1176] INFO  c.a.n.c.r.c.g.GrpcClient - [printIfInfoEnabled,60] - [1691111373551_127.0.0.1_63111]Ignore complete event,isRunning:false,isAbandon=false
10:29:06.791 [SpringApplicationShutdownHook] INFO  c.a.n.c.r.c.g.GrpcClient - [shutdown,85] - Shutdown grpc executor java.util.concurrent.ThreadPoolExecutor@6ea8af77[Running, pool size = 5, active threads = 0, queued tasks = 0, completed tasks = 1177]
10:29:06.817 [SpringApplicationShutdownHook] INFO  c.a.n.c.r.client - [shutdown,454] - Shutdown rpc client, set status to shutdown
10:29:06.817 [SpringApplicationShutdownHook] INFO  c.a.n.c.r.client - [shutdown,456] - Shutdown client event executor java.util.concurrent.ScheduledThreadPoolExecutor@dac13a9[Running, pool size = 2, active threads = 2, queued tasks = 0, completed tasks = 0]
10:29:06.818 [SpringApplicationShutdownHook] INFO  c.a.n.c.r.client - [closeConnection,591] - Close current connection 1691114999589_127.0.0.1_64822
10:29:06.819 [nacos-grpc-client-executor-256] INFO  c.a.n.c.r.c.g.GrpcClient - [printIfInfoEnabled,60] - [1691114999589_127.0.0.1_64822]Ignore complete event,isRunning:false,isAbandon=false
10:29:06.822 [SpringApplicationShutdownHook] INFO  c.a.n.c.r.c.g.GrpcClient - [shutdown,85] - Shutdown grpc executor java.util.concurrent.ThreadPoolExecutor@3611891d[Running, pool size = 6, active threads = 0, queued tasks = 0, completed tasks = 257]
10:29:06.934 [SpringApplicationShutdownHook] INFO  c.b.d.d.DynamicRoutingDataSource - [destroy,211] - dynamic-datasource start closing ....
10:29:06.937 [SpringApplicationShutdownHook] INFO  c.a.d.p.DruidDataSource - [close,2138] - {dataSource-1} closing ...
10:29:06.946 [SpringApplicationShutdownHook] INFO  c.a.d.p.DruidDataSource - [close,2211] - {dataSource-1} closed
10:29:06.946 [SpringApplicationShutdownHook] INFO  c.b.d.d.DynamicRoutingDataSource - [destroy,215] - dynamic-datasource all closed success,bye
10:29:06.968 [SpringApplicationShutdownHook] INFO  c.b.d.d.DynamicRoutingDataSource - [destroy,211] - dynamic-datasource start closing ....
10:29:06.970 [SpringApplicationShutdownHook] INFO  c.a.d.p.DruidDataSource - [close,2138] - {dataSource-1} closing ...
10:29:06.983 [SpringApplicationShutdownHook] INFO  c.a.d.p.DruidDataSource - [close,2211] - {dataSource-1} closed
10:29:06.984 [SpringApplicationShutdownHook] INFO  c.b.d.d.DynamicRoutingDataSource - [destroy,215] - dynamic-datasource all closed success,bye
10:29:16.059 [background-preinit] INFO  o.h.v.i.util.Version - [<clinit>,21] - HV000001: Hibernate Validator 6.2.5.Final
10:29:22.911 [main] INFO  c.a.n.c.r.client - [lambda$createClient$0,80] - [RpcClientFactory] create a new rpc client of 48ad66a0-b4bb-4897-b41e-ea218009830b_config-0
10:29:22.960 [main] INFO  o.r.Reflections - [scan,232] - Reflections took 32 ms to scan 1 urls, producing 3 keys and 6 values 
10:29:22.988 [main] INFO  o.r.Reflections - [scan,232] - Reflections took 15 ms to scan 1 urls, producing 4 keys and 9 values 
10:29:23.006 [main] INFO  o.r.Reflections - [scan,232] - Reflections took 15 ms to scan 1 urls, producing 3 keys and 10 values 
10:29:23.270 [main] INFO  o.r.Reflections - [scan,232] - Reflections took 261 ms to scan 199 urls, producing 0 keys and 0 values 
10:29:23.284 [main] INFO  o.r.Reflections - [scan,232] - Reflections took 12 ms to scan 1 urls, producing 1 keys and 5 values 
10:29:23.301 [main] INFO  o.r.Reflections - [scan,232] - Reflections took 15 ms to scan 1 urls, producing 1 keys and 7 values 
10:29:23.318 [main] INFO  o.r.Reflections - [scan,232] - Reflections took 14 ms to scan 1 urls, producing 2 keys and 8 values 
10:29:23.522 [main] INFO  o.r.Reflections - [scan,232] - Reflections took 201 ms to scan 199 urls, producing 0 keys and 0 values 
10:29:23.523 [main] INFO  c.a.n.c.r.client - [printIfInfoEnabled,60] - [48ad66a0-b4bb-4897-b41e-ea218009830b_config-0] RpcClient init label, labels = {module=config, Vipserver-Tag=null, source=sdk, Amory-Tag=null, Location-Tag=null, taskId=0, AppName=unknown}
10:29:23.524 [main] INFO  c.a.n.c.r.client - [printIfInfoEnabled,60] - [48ad66a0-b4bb-4897-b41e-ea218009830b_config-0] Register server push request handler:com.alibaba.nacos.client.config.impl.ClientWorker$ConfigRpcTransportClient$$Lambda$334/832145584
10:29:23.524 [main] INFO  c.a.n.c.r.client - [printIfInfoEnabled,60] - [48ad66a0-b4bb-4897-b41e-ea218009830b_config-0] Register server push request handler:com.alibaba.nacos.client.config.impl.ClientWorker$ConfigRpcTransportClient$$Lambda$335/224060798
10:29:23.525 [main] INFO  c.a.n.c.r.client - [printIfInfoEnabled,60] - [48ad66a0-b4bb-4897-b41e-ea218009830b_config-0] Registry connection listener to current client:com.alibaba.nacos.client.config.impl.ClientWorker$ConfigRpcTransportClient$1
10:29:23.526 [main] INFO  c.a.n.c.r.client - [printIfInfoEnabled,60] - [48ad66a0-b4bb-4897-b41e-ea218009830b_config-0] RpcClient init, ServerListFactory = com.alibaba.nacos.client.config.impl.ClientWorker$ConfigRpcTransportClient$2
10:29:23.535 [main] INFO  c.a.n.c.r.client - [printIfInfoEnabled,60] - [48ad66a0-b4bb-4897-b41e-ea218009830b_config-0] Try to connect to server on start up, server: {serverIp = '127.0.0.1', server main port = 8848}
10:29:31.492 [main] INFO  c.a.n.c.r.client - [printIfInfoEnabled,60] - [48ad66a0-b4bb-4897-b41e-ea218009830b_config-0] Try to connect to server on start up, server: {serverIp = '127.0.0.1', server main port = 8848}
10:29:34.505 [main] INFO  c.a.n.c.r.client - [printIfInfoEnabled,60] - [48ad66a0-b4bb-4897-b41e-ea218009830b_config-0] Try to connect to server on start up, server: {serverIp = '127.0.0.1', server main port = 8848}
10:29:35.714 [main] INFO  c.a.n.c.r.client - [printIfInfoEnabled,60] - [48ad66a0-b4bb-4897-b41e-ea218009830b_config-0] Success to connect to server [127.0.0.1:8848] on start up, connectionId = 1691116175501_127.0.0.1_51667
10:29:35.715 [com.alibaba.nacos.client.remote.worker] INFO  c.a.n.c.r.client - [printIfInfoEnabled,60] - [48ad66a0-b4bb-4897-b41e-ea218009830b_config-0] Notify connected event to listeners.
10:29:35.716 [main] INFO  c.a.n.c.r.client - [printIfInfoEnabled,60] - [48ad66a0-b4bb-4897-b41e-ea218009830b_config-0] Register server push request handler:com.alibaba.nacos.common.remote.client.RpcClient$ConnectResetRequestHandler
10:29:35.718 [main] INFO  c.a.n.c.r.client - [printIfInfoEnabled,60] - [48ad66a0-b4bb-4897-b41e-ea218009830b_config-0] Register server push request handler:com.alibaba.nacos.common.remote.client.RpcClient$$Lambda$344/1913017282
10:29:35.795 [main] INFO  c.x.s.XmapSentimentApplication - [logStartupProfileInfo,637] - The following 1 profile is active: "dev"
10:29:38.736 [main] INFO  o.a.c.h.Http11NioProtocol - [log,173] - Initializing ProtocolHandler ["http-nio-9232"]
10:29:38.737 [main] INFO  o.a.c.c.StandardService - [log,173] - Starting service [Tomcat]
10:29:38.737 [main] INFO  o.a.c.c.StandardEngine - [log,173] - Starting Servlet engine: [Apache Tomcat/9.0.70]
10:29:38.978 [main] INFO  o.a.c.c.C.[.[.[/] - [log,173] - Initializing Spring embedded WebApplicationContext
10:29:49.420 [main] INFO  c.a.d.p.DruidDataSource - [init,996] - {dataSource-1,master} inited
10:29:49.467 [main] INFO  o.a.c.c.StandardService - [log,173] - Stopping service [Tomcat]
10:32:25.436 [background-preinit] INFO  o.h.v.i.util.Version - [<clinit>,21] - HV000001: Hibernate Validator 6.2.5.Final
10:32:30.503 [main] INFO  c.a.n.c.r.client - [lambda$createClient$0,80] - [RpcClientFactory] create a new rpc client of 2a76fc7f-2a53-4491-9311-4636bdf8069e_config-0
10:32:30.579 [main] INFO  o.r.Reflections - [scan,232] - Reflections took 55 ms to scan 1 urls, producing 3 keys and 6 values 
10:32:30.641 [main] INFO  o.r.Reflections - [scan,232] - Reflections took 38 ms to scan 1 urls, producing 4 keys and 9 values 
10:32:30.658 [main] INFO  o.r.Reflections - [scan,232] - Reflections took 14 ms to scan 1 urls, producing 3 keys and 10 values 
10:32:30.932 [main] INFO  o.r.Reflections - [scan,232] - Reflections took 270 ms to scan 199 urls, producing 0 keys and 0 values 
10:32:30.948 [main] INFO  o.r.Reflections - [scan,232] - Reflections took 15 ms to scan 1 urls, producing 1 keys and 5 values 
10:32:30.965 [main] INFO  o.r.Reflections - [scan,232] - Reflections took 12 ms to scan 1 urls, producing 1 keys and 7 values 
10:32:30.981 [main] INFO  o.r.Reflections - [scan,232] - Reflections took 14 ms to scan 1 urls, producing 2 keys and 8 values 
10:32:31.214 [main] INFO  o.r.Reflections - [scan,232] - Reflections took 229 ms to scan 199 urls, producing 0 keys and 0 values 
10:32:31.215 [main] INFO  c.a.n.c.r.client - [printIfInfoEnabled,60] - [2a76fc7f-2a53-4491-9311-4636bdf8069e_config-0] RpcClient init label, labels = {module=config, Vipserver-Tag=null, source=sdk, Amory-Tag=null, Location-Tag=null, taskId=0, AppName=unknown}
10:32:31.216 [main] INFO  c.a.n.c.r.client - [printIfInfoEnabled,60] - [2a76fc7f-2a53-4491-9311-4636bdf8069e_config-0] Register server push request handler:com.alibaba.nacos.client.config.impl.ClientWorker$ConfigRpcTransportClient$$Lambda$334/50720817
10:32:31.217 [main] INFO  c.a.n.c.r.client - [printIfInfoEnabled,60] - [2a76fc7f-2a53-4491-9311-4636bdf8069e_config-0] Register server push request handler:com.alibaba.nacos.client.config.impl.ClientWorker$ConfigRpcTransportClient$$Lambda$335/1496220730
10:32:31.217 [main] INFO  c.a.n.c.r.client - [printIfInfoEnabled,60] - [2a76fc7f-2a53-4491-9311-4636bdf8069e_config-0] Registry connection listener to current client:com.alibaba.nacos.client.config.impl.ClientWorker$ConfigRpcTransportClient$1
10:32:31.218 [main] INFO  c.a.n.c.r.client - [printIfInfoEnabled,60] - [2a76fc7f-2a53-4491-9311-4636bdf8069e_config-0] RpcClient init, ServerListFactory = com.alibaba.nacos.client.config.impl.ClientWorker$ConfigRpcTransportClient$2
10:32:31.227 [main] INFO  c.a.n.c.r.client - [printIfInfoEnabled,60] - [2a76fc7f-2a53-4491-9311-4636bdf8069e_config-0] Try to connect to server on start up, server: {serverIp = '127.0.0.1', server main port = 8848}
10:32:42.704 [main] INFO  c.a.n.c.r.client - [printIfInfoEnabled,60] - [2a76fc7f-2a53-4491-9311-4636bdf8069e_config-0] Try to connect to server on start up, server: {serverIp = '127.0.0.1', server main port = 8848}
10:32:45.718 [main] INFO  c.a.n.c.r.client - [printIfInfoEnabled,60] - [2a76fc7f-2a53-4491-9311-4636bdf8069e_config-0] Try to connect to server on start up, server: {serverIp = '127.0.0.1', server main port = 8848}
10:32:46.791 [main] INFO  c.a.n.c.r.client - [printIfInfoEnabled,60] - [2a76fc7f-2a53-4491-9311-4636bdf8069e_config-0] Success to connect to server [127.0.0.1:8848] on start up, connectionId = 1691116366589_127.0.0.1_49289
10:32:46.791 [com.alibaba.nacos.client.remote.worker] INFO  c.a.n.c.r.client - [printIfInfoEnabled,60] - [2a76fc7f-2a53-4491-9311-4636bdf8069e_config-0] Notify connected event to listeners.
10:32:46.792 [main] INFO  c.a.n.c.r.client - [printIfInfoEnabled,60] - [2a76fc7f-2a53-4491-9311-4636bdf8069e_config-0] Register server push request handler:com.alibaba.nacos.common.remote.client.RpcClient$ConnectResetRequestHandler
10:32:46.793 [main] INFO  c.a.n.c.r.client - [printIfInfoEnabled,60] - [2a76fc7f-2a53-4491-9311-4636bdf8069e_config-0] Register server push request handler:com.alibaba.nacos.common.remote.client.RpcClient$$Lambda$344/1173504361
10:32:46.856 [main] INFO  c.x.t.XmapTicketApplication - [logStartupProfileInfo,637] - The following 1 profile is active: "dev"
10:32:49.143 [main] INFO  o.a.c.h.Http11NioProtocol - [log,173] - Initializing ProtocolHandler ["http-nio-9230"]
10:32:49.144 [main] INFO  o.a.c.c.StandardService - [log,173] - Starting service [Tomcat]
10:32:49.144 [main] INFO  o.a.c.c.StandardEngine - [log,173] - Starting Servlet engine: [Apache Tomcat/9.0.70]
10:32:49.329 [main] INFO  o.a.c.c.C.[.[.[/] - [log,173] - Initializing Spring embedded WebApplicationContext
10:32:51.379 [main] INFO  c.a.d.p.DruidDataSource - [init,996] - {dataSource-1,master} inited
10:32:51.380 [main] INFO  c.b.d.d.DynamicRoutingDataSource - [addDataSource,154] - dynamic-datasource - add a datasource named [master] success
10:32:51.381 [main] INFO  c.b.d.d.DynamicRoutingDataSource - [afterPropertiesSet,234] - dynamic-datasource initial loaded [1] datasource,primary datasource named [master]
10:32:52.645 [main] INFO  c.a.c.s.SentinelWebMvcConfigurer - [addInterceptors,52] - [Sentinel Starter] register SentinelWebInterceptor with urlPatterns: [/**].
10:32:57.767 [main] INFO  c.a.n.c.r.client - [lambda$createClient$0,80] - [RpcClientFactory] create a new rpc client of b5ae0572-00dd-4716-9134-4579b42720ee
10:32:57.767 [main] INFO  c.a.n.c.r.client - [printIfInfoEnabled,60] - [b5ae0572-00dd-4716-9134-4579b42720ee] RpcClient init label, labels = {module=naming, source=sdk}
10:32:57.769 [main] INFO  c.a.n.c.r.client - [printIfInfoEnabled,60] - [b5ae0572-00dd-4716-9134-4579b42720ee] RpcClient init, ServerListFactory = com.alibaba.nacos.client.naming.core.ServerListManager
10:32:57.769 [main] INFO  c.a.n.c.r.client - [printIfInfoEnabled,60] - [b5ae0572-00dd-4716-9134-4579b42720ee] Registry connection listener to current client:com.alibaba.nacos.client.naming.remote.gprc.redo.NamingGrpcRedoService
10:32:57.769 [main] INFO  c.a.n.c.r.client - [printIfInfoEnabled,60] - [b5ae0572-00dd-4716-9134-4579b42720ee] Register server push request handler:com.alibaba.nacos.client.naming.remote.gprc.NamingPushRequestHandler
10:32:57.769 [main] INFO  c.a.n.c.r.client - [printIfInfoEnabled,60] - [b5ae0572-00dd-4716-9134-4579b42720ee] Try to connect to server on start up, server: {serverIp = '127.0.0.1', server main port = 8848}
10:32:57.881 [main] INFO  c.a.n.c.r.client - [printIfInfoEnabled,60] - [b5ae0572-00dd-4716-9134-4579b42720ee] Success to connect to server [127.0.0.1:8848] on start up, connectionId = 1691116377773_127.0.0.1_49714
10:32:57.881 [main] INFO  c.a.n.c.r.client - [printIfInfoEnabled,60] - [b5ae0572-00dd-4716-9134-4579b42720ee] Register server push request handler:com.alibaba.nacos.common.remote.client.RpcClient$ConnectResetRequestHandler
10:32:57.881 [com.alibaba.nacos.client.remote.worker] INFO  c.a.n.c.r.client - [printIfInfoEnabled,60] - [b5ae0572-00dd-4716-9134-4579b42720ee] Notify connected event to listeners.
10:32:57.881 [main] INFO  c.a.n.c.r.client - [printIfInfoEnabled,60] - [b5ae0572-00dd-4716-9134-4579b42720ee] Register server push request handler:com.alibaba.nacos.common.remote.client.RpcClient$$Lambda$344/1173504361
10:32:57.910 [main] INFO  o.a.c.h.Http11NioProtocol - [log,173] - Starting ProtocolHandler ["http-nio-9230"]
10:32:57.934 [main] INFO  c.a.c.n.r.NacosServiceRegistry - [register,75] - nacos registry, DEFAULT_GROUP xmap-ticket 10.100.4.8:9230 register finished
10:32:58.483 [nacos-grpc-client-executor-6] INFO  c.a.n.c.r.client - [printIfInfoEnabled,60] - [b5ae0572-00dd-4716-9134-4579b42720ee] Receive server push request, request = NotifySubscriberRequest, requestId = 79
10:32:58.487 [nacos-grpc-client-executor-6] INFO  c.a.n.c.r.client - [printIfInfoEnabled,60] - [b5ae0572-00dd-4716-9134-4579b42720ee] Ack server push request, request = NotifySubscriberRequest, requestId = 79
10:32:59.573 [main] INFO  c.x.t.XmapTicketApplication - [logStarted,61] - Started XmapTicketApplication in 45.369 seconds (JVM running for 53.633)
10:32:59.583 [main] INFO  c.a.c.n.r.NacosContextRefresher - [registerNacosListener,129] - [Nacos Config] Listening config: dataId=xmap-ticket, group=DEFAULT_GROUP
10:32:59.584 [main] INFO  c.a.c.n.r.NacosContextRefresher - [registerNacosListener,129] - [Nacos Config] Listening config: dataId=xmap-ticket-dev.yml, group=DEFAULT_GROUP
10:32:59.585 [main] INFO  c.a.c.n.r.NacosContextRefresher - [registerNacosListener,129] - [Nacos Config] Listening config: dataId=xmap-ticket.yml, group=DEFAULT_GROUP
10:33:00.750 [RMI TCP Connection(4)-10.100.4.8] INFO  o.a.c.c.C.[.[.[/] - [log,173] - Initializing Spring DispatcherServlet 'dispatcherServlet'
10:33:10.170 [background-preinit] INFO  o.h.v.i.util.Version - [<clinit>,21] - HV000001: Hibernate Validator 6.2.5.Final
10:33:11.684 [main] INFO  c.a.n.c.r.client - [lambda$createClient$0,80] - [RpcClientFactory] create a new rpc client of 0e2eba61-8291-4ed2-8cfc-786ca1c57438_config-0
10:33:11.746 [main] INFO  o.r.Reflections - [scan,232] - Reflections took 41 ms to scan 1 urls, producing 3 keys and 6 values 
10:33:11.774 [main] INFO  o.r.Reflections - [scan,232] - Reflections took 14 ms to scan 1 urls, producing 4 keys and 9 values 
10:33:11.783 [main] INFO  o.r.Reflections - [scan,232] - Reflections took 7 ms to scan 1 urls, producing 3 keys and 10 values 
10:33:12.057 [main] INFO  o.r.Reflections - [scan,232] - Reflections took 272 ms to scan 199 urls, producing 0 keys and 0 values 
10:33:12.068 [main] INFO  o.r.Reflections - [scan,232] - Reflections took 9 ms to scan 1 urls, producing 1 keys and 5 values 
10:33:12.081 [main] INFO  o.r.Reflections - [scan,232] - Reflections took 10 ms to scan 1 urls, producing 1 keys and 7 values 
10:33:12.094 [main] INFO  o.r.Reflections - [scan,232] - Reflections took 9 ms to scan 1 urls, producing 2 keys and 8 values 
10:33:12.207 [main] INFO  o.r.Reflections - [scan,232] - Reflections took 112 ms to scan 199 urls, producing 0 keys and 0 values 
10:33:12.208 [main] INFO  c.a.n.c.r.client - [printIfInfoEnabled,60] - [0e2eba61-8291-4ed2-8cfc-786ca1c57438_config-0] RpcClient init label, labels = {module=config, Vipserver-Tag=null, source=sdk, Amory-Tag=null, Location-Tag=null, taskId=0, AppName=unknown}
10:33:12.210 [main] INFO  c.a.n.c.r.client - [printIfInfoEnabled,60] - [0e2eba61-8291-4ed2-8cfc-786ca1c57438_config-0] Register server push request handler:com.alibaba.nacos.client.config.impl.ClientWorker$ConfigRpcTransportClient$$Lambda$334/832145584
10:33:12.210 [main] INFO  c.a.n.c.r.client - [printIfInfoEnabled,60] - [0e2eba61-8291-4ed2-8cfc-786ca1c57438_config-0] Register server push request handler:com.alibaba.nacos.client.config.impl.ClientWorker$ConfigRpcTransportClient$$Lambda$335/224060798
10:33:12.211 [main] INFO  c.a.n.c.r.client - [printIfInfoEnabled,60] - [0e2eba61-8291-4ed2-8cfc-786ca1c57438_config-0] Registry connection listener to current client:com.alibaba.nacos.client.config.impl.ClientWorker$ConfigRpcTransportClient$1
10:33:12.211 [main] INFO  c.a.n.c.r.client - [printIfInfoEnabled,60] - [0e2eba61-8291-4ed2-8cfc-786ca1c57438_config-0] RpcClient init, ServerListFactory = com.alibaba.nacos.client.config.impl.ClientWorker$ConfigRpcTransportClient$2
10:33:12.216 [main] INFO  c.a.n.c.r.client - [printIfInfoEnabled,60] - [0e2eba61-8291-4ed2-8cfc-786ca1c57438_config-0] Try to connect to server on start up, server: {serverIp = '127.0.0.1', server main port = 8848}
10:33:15.384 [main] INFO  c.a.n.c.r.client - [printIfInfoEnabled,60] - [0e2eba61-8291-4ed2-8cfc-786ca1c57438_config-0] Success to connect to server [127.0.0.1:8848] on start up, connectionId = 1691116395171_127.0.0.1_49889
10:33:15.385 [com.alibaba.nacos.client.remote.worker] INFO  c.a.n.c.r.client - [printIfInfoEnabled,60] - [0e2eba61-8291-4ed2-8cfc-786ca1c57438_config-0] Notify connected event to listeners.
10:33:15.385 [main] INFO  c.a.n.c.r.client - [printIfInfoEnabled,60] - [0e2eba61-8291-4ed2-8cfc-786ca1c57438_config-0] Register server push request handler:com.alibaba.nacos.common.remote.client.RpcClient$ConnectResetRequestHandler
10:33:15.386 [main] INFO  c.a.n.c.r.client - [printIfInfoEnabled,60] - [0e2eba61-8291-4ed2-8cfc-786ca1c57438_config-0] Register server push request handler:com.alibaba.nacos.common.remote.client.RpcClient$$Lambda$344/1788034018
10:33:15.480 [main] INFO  c.x.s.XmapSentimentApplication - [logStartupProfileInfo,637] - The following 1 profile is active: "dev"
10:33:17.655 [main] INFO  o.a.c.h.Http11NioProtocol - [log,173] - Initializing ProtocolHandler ["http-nio-9232"]
10:33:17.655 [main] INFO  o.a.c.c.StandardService - [log,173] - Starting service [Tomcat]
10:33:17.655 [main] INFO  o.a.c.c.StandardEngine - [log,173] - Starting Servlet engine: [Apache Tomcat/9.0.70]
10:33:17.855 [main] INFO  o.a.c.c.C.[.[.[/] - [log,173] - Initializing Spring embedded WebApplicationContext
10:33:18.997 [main] INFO  c.a.d.p.DruidDataSource - [init,996] - {dataSource-1,master} inited
10:33:18.999 [main] INFO  c.b.d.d.DynamicRoutingDataSource - [addDataSource,154] - dynamic-datasource - add a datasource named [master] success
10:33:18.999 [main] INFO  c.b.d.d.DynamicRoutingDataSource - [afterPropertiesSet,234] - dynamic-datasource initial loaded [1] datasource,primary datasource named [master]
10:33:20.161 [main] INFO  c.a.c.s.SentinelWebMvcConfigurer - [addInterceptors,52] - [Sentinel Starter] register SentinelWebInterceptor with urlPatterns: [/**].
10:33:24.846 [main] INFO  c.a.n.c.r.client - [lambda$createClient$0,80] - [RpcClientFactory] create a new rpc client of 0187048a-b596-47de-8e17-79c09ce40ffe
10:33:24.847 [main] INFO  c.a.n.c.r.client - [printIfInfoEnabled,60] - [0187048a-b596-47de-8e17-79c09ce40ffe] RpcClient init label, labels = {module=naming, source=sdk}
10:33:24.848 [main] INFO  c.a.n.c.r.client - [printIfInfoEnabled,60] - [0187048a-b596-47de-8e17-79c09ce40ffe] RpcClient init, ServerListFactory = com.alibaba.nacos.client.naming.core.ServerListManager
10:33:24.848 [main] INFO  c.a.n.c.r.client - [printIfInfoEnabled,60] - [0187048a-b596-47de-8e17-79c09ce40ffe] Registry connection listener to current client:com.alibaba.nacos.client.naming.remote.gprc.redo.NamingGrpcRedoService
10:33:24.848 [main] INFO  c.a.n.c.r.client - [printIfInfoEnabled,60] - [0187048a-b596-47de-8e17-79c09ce40ffe] Register server push request handler:com.alibaba.nacos.client.naming.remote.gprc.NamingPushRequestHandler
10:33:24.849 [main] INFO  c.a.n.c.r.client - [printIfInfoEnabled,60] - [0187048a-b596-47de-8e17-79c09ce40ffe] Try to connect to server on start up, server: {serverIp = '127.0.0.1', server main port = 8848}
10:33:24.973 [main] INFO  c.a.n.c.r.client - [printIfInfoEnabled,60] - [0187048a-b596-47de-8e17-79c09ce40ffe] Success to connect to server [127.0.0.1:8848] on start up, connectionId = 1691116404858_127.0.0.1_49907
10:33:24.974 [main] INFO  c.a.n.c.r.client - [printIfInfoEnabled,60] - [0187048a-b596-47de-8e17-79c09ce40ffe] Register server push request handler:com.alibaba.nacos.common.remote.client.RpcClient$ConnectResetRequestHandler
10:33:24.974 [com.alibaba.nacos.client.remote.worker] INFO  c.a.n.c.r.client - [printIfInfoEnabled,60] - [0187048a-b596-47de-8e17-79c09ce40ffe] Notify connected event to listeners.
10:33:24.974 [main] INFO  c.a.n.c.r.client - [printIfInfoEnabled,60] - [0187048a-b596-47de-8e17-79c09ce40ffe] Register server push request handler:com.alibaba.nacos.common.remote.client.RpcClient$$Lambda$344/1788034018
10:33:25.026 [main] INFO  o.a.c.h.Http11NioProtocol - [log,173] - Starting ProtocolHandler ["http-nio-9232"]
10:33:25.052 [main] INFO  c.a.c.n.r.NacosServiceRegistry - [register,75] - nacos registry, DEFAULT_GROUP xmap-sentiment 10.100.4.8:9232 register finished
10:33:25.610 [nacos-grpc-client-executor-6] INFO  c.a.n.c.r.client - [printIfInfoEnabled,60] - [0187048a-b596-47de-8e17-79c09ce40ffe] Receive server push request, request = NotifySubscriberRequest, requestId = 82
10:33:25.614 [nacos-grpc-client-executor-6] INFO  c.a.n.c.r.client - [printIfInfoEnabled,60] - [0187048a-b596-47de-8e17-79c09ce40ffe] Ack server push request, request = NotifySubscriberRequest, requestId = 82
10:33:26.545 [main] INFO  c.x.s.XmapSentimentApplication - [logStarted,61] - Started XmapSentimentApplication in 17.846 seconds (JVM running for 19.143)
10:33:26.556 [main] INFO  c.a.c.n.r.NacosContextRefresher - [registerNacosListener,129] - [Nacos Config] Listening config: dataId=xmap-sentiment, group=DEFAULT_GROUP
10:33:26.556 [main] INFO  c.a.c.n.r.NacosContextRefresher - [registerNacosListener,129] - [Nacos Config] Listening config: dataId=xmap-sentiment.yml, group=DEFAULT_GROUP
10:33:26.557 [main] INFO  c.a.c.n.r.NacosContextRefresher - [registerNacosListener,129] - [Nacos Config] Listening config: dataId=xmap-sentiment-dev.yml, group=DEFAULT_GROUP
10:33:28.086 [RMI TCP Connection(3)-10.100.4.8] INFO  o.a.c.c.C.[.[.[/] - [log,173] - Initializing Spring DispatcherServlet 'dispatcherServlet'
11:03:03.033 [nacos-grpc-client-executor-139] INFO  c.a.n.c.r.client - [printIfInfoEnabled,60] - [0e2eba61-8291-4ed2-8cfc-786ca1c57438_config-0] Receive server push request, request = ClientDetectionRequest, requestId = 87
11:03:03.033 [nacos-grpc-client-executor-139] INFO  c.a.n.c.r.client - [printIfInfoEnabled,60] - [0e2eba61-8291-4ed2-8cfc-786ca1c57438_config-0] Ack server push request, request = ClientDetectionRequest, requestId = 87
14:00:37.363 [nacos-grpc-client-executor-1019] INFO  c.a.n.c.r.client - [printIfInfoEnabled,60] - [0187048a-b596-47de-8e17-79c09ce40ffe] Receive server push request, request = ClientDetectionRequest, requestId = 112
14:00:37.364 [nacos-grpc-client-executor-1019] INFO  c.a.n.c.r.client - [printIfInfoEnabled,60] - [0187048a-b596-47de-8e17-79c09ce40ffe] Ack server push request, request = ClientDetectionRequest, requestId = 112
14:00:37.379 [nacos-grpc-client-executor-1011] INFO  c.a.n.c.r.client - [printIfInfoEnabled,60] - [b5ae0572-00dd-4716-9134-4579b42720ee] Receive server push request, request = ClientDetectionRequest, requestId = 117
14:00:37.380 [nacos-grpc-client-executor-1011] INFO  c.a.n.c.r.client - [printIfInfoEnabled,60] - [b5ae0572-00dd-4716-9134-4579b42720ee] Ack server push request, request = ClientDetectionRequest, requestId = 117
14:14:30.819 [SpringApplicationShutdownHook] INFO  c.a.c.n.r.NacosServiceRegistry - [deregister,94] - De-registering from Nacos Server now...
14:14:30.824 [SpringApplicationShutdownHook] INFO  c.a.c.n.r.NacosServiceRegistry - [deregister,114] - De-registration finished.
14:14:31.161 [SpringApplicationShutdownHook] INFO  c.a.n.c.r.client - [shutdown,454] - Shutdown rpc client, set status to shutdown
14:14:31.161 [SpringApplicationShutdownHook] INFO  c.a.n.c.r.client - [shutdown,456] - Shutdown client event executor java.util.concurrent.ScheduledThreadPoolExecutor@74271f6e[Running, pool size = 2, active threads = 2, queued tasks = 0, completed tasks = 0]
14:14:31.161 [SpringApplicationShutdownHook] INFO  c.a.n.c.r.client - [closeConnection,591] - Close current connection 1691116404858_127.0.0.1_49907
14:14:31.164 [nacos-grpc-client-executor-1207] INFO  c.a.n.c.r.c.g.GrpcClient - [printIfInfoEnabled,60] - [1691116404858_127.0.0.1_49907]Ignore complete event,isRunning:false,isAbandon=false
14:14:31.165 [SpringApplicationShutdownHook] INFO  c.a.n.c.r.c.g.GrpcClient - [shutdown,85] - Shutdown grpc executor java.util.concurrent.ThreadPoolExecutor@fad087a[Running, pool size = 4, active threads = 0, queued tasks = 0, completed tasks = 1208]
14:14:31.296 [SpringApplicationShutdownHook] INFO  c.b.d.d.DynamicRoutingDataSource - [destroy,211] - dynamic-datasource start closing ....
14:14:31.298 [SpringApplicationShutdownHook] INFO  c.a.d.p.DruidDataSource - [close,2138] - {dataSource-1} closing ...
14:14:31.305 [SpringApplicationShutdownHook] INFO  c.a.d.p.DruidDataSource - [close,2211] - {dataSource-1} closed
14:14:31.306 [SpringApplicationShutdownHook] INFO  c.b.d.d.DynamicRoutingDataSource - [destroy,215] - dynamic-datasource all closed success,bye
14:14:42.110 [background-preinit] INFO  o.h.v.i.util.Version - [<clinit>,21] - HV000001: Hibernate Validator 6.2.5.Final
14:14:43.651 [main] INFO  c.a.n.c.r.client - [lambda$createClient$0,80] - [RpcClientFactory] create a new rpc client of c6a9fe78-b043-4274-9cdc-87bcb6886693_config-0
14:14:43.692 [main] INFO  o.r.Reflections - [scan,232] - Reflections took 27 ms to scan 1 urls, producing 3 keys and 6 values 
14:14:43.735 [main] INFO  o.r.Reflections - [scan,232] - Reflections took 19 ms to scan 1 urls, producing 4 keys and 9 values 
14:14:43.749 [main] INFO  o.r.Reflections - [scan,232] - Reflections took 11 ms to scan 1 urls, producing 3 keys and 10 values 
14:14:43.966 [main] INFO  o.r.Reflections - [scan,232] - Reflections took 213 ms to scan 199 urls, producing 0 keys and 0 values 
14:14:43.977 [main] INFO  o.r.Reflections - [scan,232] - Reflections took 9 ms to scan 1 urls, producing 1 keys and 5 values 
14:14:43.990 [main] INFO  o.r.Reflections - [scan,232] - Reflections took 11 ms to scan 1 urls, producing 1 keys and 7 values 
14:14:44.003 [main] INFO  o.r.Reflections - [scan,232] - Reflections took 10 ms to scan 1 urls, producing 2 keys and 8 values 
14:14:44.114 [main] INFO  o.r.Reflections - [scan,232] - Reflections took 108 ms to scan 199 urls, producing 0 keys and 0 values 
14:14:44.115 [main] INFO  c.a.n.c.r.client - [printIfInfoEnabled,60] - [c6a9fe78-b043-4274-9cdc-87bcb6886693_config-0] RpcClient init label, labels = {module=config, Vipserver-Tag=null, source=sdk, Amory-Tag=null, Location-Tag=null, taskId=0, AppName=unknown}
14:14:44.115 [main] INFO  c.a.n.c.r.client - [printIfInfoEnabled,60] - [c6a9fe78-b043-4274-9cdc-87bcb6886693_config-0] Register server push request handler:com.alibaba.nacos.client.config.impl.ClientWorker$ConfigRpcTransportClient$$Lambda$334/832145584
14:14:44.116 [main] INFO  c.a.n.c.r.client - [printIfInfoEnabled,60] - [c6a9fe78-b043-4274-9cdc-87bcb6886693_config-0] Register server push request handler:com.alibaba.nacos.client.config.impl.ClientWorker$ConfigRpcTransportClient$$Lambda$335/224060798
14:14:44.116 [main] INFO  c.a.n.c.r.client - [printIfInfoEnabled,60] - [c6a9fe78-b043-4274-9cdc-87bcb6886693_config-0] Registry connection listener to current client:com.alibaba.nacos.client.config.impl.ClientWorker$ConfigRpcTransportClient$1
14:14:44.116 [main] INFO  c.a.n.c.r.client - [printIfInfoEnabled,60] - [c6a9fe78-b043-4274-9cdc-87bcb6886693_config-0] RpcClient init, ServerListFactory = com.alibaba.nacos.client.config.impl.ClientWorker$ConfigRpcTransportClient$2
14:14:44.121 [main] INFO  c.a.n.c.r.client - [printIfInfoEnabled,60] - [c6a9fe78-b043-4274-9cdc-87bcb6886693_config-0] Try to connect to server on start up, server: {serverIp = '127.0.0.1', server main port = 8848}
14:14:47.251 [main] INFO  c.a.n.c.r.client - [printIfInfoEnabled,60] - [c6a9fe78-b043-4274-9cdc-87bcb6886693_config-0] Success to connect to server [127.0.0.1:8848] on start up, connectionId = 1691129687053_127.0.0.1_61353
14:14:47.252 [com.alibaba.nacos.client.remote.worker] INFO  c.a.n.c.r.client - [printIfInfoEnabled,60] - [c6a9fe78-b043-4274-9cdc-87bcb6886693_config-0] Notify connected event to listeners.
14:14:47.253 [main] INFO  c.a.n.c.r.client - [printIfInfoEnabled,60] - [c6a9fe78-b043-4274-9cdc-87bcb6886693_config-0] Register server push request handler:com.alibaba.nacos.common.remote.client.RpcClient$ConnectResetRequestHandler
14:14:47.254 [main] INFO  c.a.n.c.r.client - [printIfInfoEnabled,60] - [c6a9fe78-b043-4274-9cdc-87bcb6886693_config-0] Register server push request handler:com.alibaba.nacos.common.remote.client.RpcClient$$Lambda$344/1788034018
14:14:47.343 [main] INFO  c.x.s.XmapSentimentApplication - [logStartupProfileInfo,637] - The following 1 profile is active: "dev"
14:14:49.412 [main] INFO  o.a.c.h.Http11NioProtocol - [log,173] - Initializing ProtocolHandler ["http-nio-9232"]
14:14:49.413 [main] INFO  o.a.c.c.StandardService - [log,173] - Starting service [Tomcat]
14:14:49.413 [main] INFO  o.a.c.c.StandardEngine - [log,173] - Starting Servlet engine: [Apache Tomcat/9.0.70]
14:14:49.542 [main] INFO  o.a.c.c.C.[.[.[/] - [log,173] - Initializing Spring embedded WebApplicationContext
14:14:50.910 [main] INFO  c.a.d.p.DruidDataSource - [init,996] - {dataSource-1,master} inited
14:14:50.911 [main] INFO  c.b.d.d.DynamicRoutingDataSource - [addDataSource,154] - dynamic-datasource - add a datasource named [master] success
14:14:50.911 [main] INFO  c.b.d.d.DynamicRoutingDataSource - [afterPropertiesSet,234] - dynamic-datasource initial loaded [1] datasource,primary datasource named [master]
14:14:51.965 [main] INFO  c.a.c.s.SentinelWebMvcConfigurer - [addInterceptors,52] - [Sentinel Starter] register SentinelWebInterceptor with urlPatterns: [/**].
14:14:55.853 [main] INFO  c.a.n.c.r.client - [lambda$createClient$0,80] - [RpcClientFactory] create a new rpc client of dc3dfccf-49cb-414d-a5d4-2694c0f4a717
14:14:55.854 [main] INFO  c.a.n.c.r.client - [printIfInfoEnabled,60] - [dc3dfccf-49cb-414d-a5d4-2694c0f4a717] RpcClient init label, labels = {module=naming, source=sdk}
14:14:55.855 [main] INFO  c.a.n.c.r.client - [printIfInfoEnabled,60] - [dc3dfccf-49cb-414d-a5d4-2694c0f4a717] RpcClient init, ServerListFactory = com.alibaba.nacos.client.naming.core.ServerListManager
14:14:55.856 [main] INFO  c.a.n.c.r.client - [printIfInfoEnabled,60] - [dc3dfccf-49cb-414d-a5d4-2694c0f4a717] Registry connection listener to current client:com.alibaba.nacos.client.naming.remote.gprc.redo.NamingGrpcRedoService
14:14:55.856 [main] INFO  c.a.n.c.r.client - [printIfInfoEnabled,60] - [dc3dfccf-49cb-414d-a5d4-2694c0f4a717] Register server push request handler:com.alibaba.nacos.client.naming.remote.gprc.NamingPushRequestHandler
14:14:55.856 [main] INFO  c.a.n.c.r.client - [printIfInfoEnabled,60] - [dc3dfccf-49cb-414d-a5d4-2694c0f4a717] Try to connect to server on start up, server: {serverIp = '127.0.0.1', server main port = 8848}
14:14:55.978 [main] INFO  c.a.n.c.r.client - [printIfInfoEnabled,60] - [dc3dfccf-49cb-414d-a5d4-2694c0f4a717] Success to connect to server [127.0.0.1:8848] on start up, connectionId = 1691129695861_127.0.0.1_61378
14:14:55.978 [main] INFO  c.a.n.c.r.client - [printIfInfoEnabled,60] - [dc3dfccf-49cb-414d-a5d4-2694c0f4a717] Register server push request handler:com.alibaba.nacos.common.remote.client.RpcClient$ConnectResetRequestHandler
14:14:55.978 [com.alibaba.nacos.client.remote.worker] INFO  c.a.n.c.r.client - [printIfInfoEnabled,60] - [dc3dfccf-49cb-414d-a5d4-2694c0f4a717] Notify connected event to listeners.
14:14:55.979 [main] INFO  c.a.n.c.r.client - [printIfInfoEnabled,60] - [dc3dfccf-49cb-414d-a5d4-2694c0f4a717] Register server push request handler:com.alibaba.nacos.common.remote.client.RpcClient$$Lambda$344/1788034018
14:14:56.017 [main] INFO  o.a.c.h.Http11NioProtocol - [log,173] - Starting ProtocolHandler ["http-nio-9232"]
14:14:56.040 [main] INFO  c.a.c.n.r.NacosServiceRegistry - [register,75] - nacos registry, DEFAULT_GROUP xmap-sentiment 10.100.4.8:9232 register finished
14:14:56.553 [nacos-grpc-client-executor-6] INFO  c.a.n.c.r.client - [printIfInfoEnabled,60] - [dc3dfccf-49cb-414d-a5d4-2694c0f4a717] Receive server push request, request = NotifySubscriberRequest, requestId = 127
14:14:56.557 [nacos-grpc-client-executor-6] INFO  c.a.n.c.r.client - [printIfInfoEnabled,60] - [dc3dfccf-49cb-414d-a5d4-2694c0f4a717] Ack server push request, request = NotifySubscriberRequest, requestId = 127
14:14:57.582 [main] INFO  c.x.s.XmapSentimentApplication - [logStarted,61] - Started XmapSentimentApplication in 17.152 seconds (JVM running for 18.568)
14:14:57.590 [main] INFO  c.a.c.n.r.NacosContextRefresher - [registerNacosListener,129] - [Nacos Config] Listening config: dataId=xmap-sentiment, group=DEFAULT_GROUP
14:14:57.591 [main] INFO  c.a.c.n.r.NacosContextRefresher - [registerNacosListener,129] - [Nacos Config] Listening config: dataId=xmap-sentiment.yml, group=DEFAULT_GROUP
14:14:57.592 [main] INFO  c.a.c.n.r.NacosContextRefresher - [registerNacosListener,129] - [Nacos Config] Listening config: dataId=xmap-sentiment-dev.yml, group=DEFAULT_GROUP
14:14:58.485 [RMI TCP Connection(1)-10.100.4.8] INFO  o.a.c.c.C.[.[.[/] - [log,173] - Initializing Spring DispatcherServlet 'dispatcherServlet'
14:17:42.496 [nacos-grpc-client-executor-45] INFO  c.a.n.c.r.client - [printIfInfoEnabled,60] - [dc3dfccf-49cb-414d-a5d4-2694c0f4a717] Receive server push request, request = NotifySubscriberRequest, requestId = 129
14:17:42.497 [nacos-grpc-client-executor-45] INFO  c.a.n.c.r.client - [printIfInfoEnabled,60] - [dc3dfccf-49cb-414d-a5d4-2694c0f4a717] Ack server push request, request = NotifySubscriberRequest, requestId = 129
15:20:57.949 [SpringApplicationShutdownHook] INFO  c.a.c.n.r.NacosServiceRegistry - [deregister,94] - De-registering from Nacos Server now...
15:20:57.952 [SpringApplicationShutdownHook] INFO  c.a.c.n.r.NacosServiceRegistry - [deregister,114] - De-registration finished.
15:20:58.290 [SpringApplicationShutdownHook] INFO  c.a.n.c.r.client - [shutdown,454] - Shutdown rpc client, set status to shutdown
15:20:58.290 [SpringApplicationShutdownHook] INFO  c.a.n.c.r.client - [shutdown,456] - Shutdown client event executor java.util.concurrent.ScheduledThreadPoolExecutor@42d5e4ac[Running, pool size = 2, active threads = 2, queued tasks = 0, completed tasks = 0]
15:20:58.290 [SpringApplicationShutdownHook] INFO  c.a.n.c.r.client - [closeConnection,591] - Close current connection 1691129695861_127.0.0.1_61378
15:20:58.293 [nacos-grpc-client-executor-846] INFO  c.a.n.c.r.c.g.GrpcClient - [printIfInfoEnabled,60] - [1691129695861_127.0.0.1_61378]Ignore complete event,isRunning:false,isAbandon=false
15:20:58.294 [SpringApplicationShutdownHook] INFO  c.a.n.c.r.c.g.GrpcClient - [shutdown,85] - Shutdown grpc executor java.util.concurrent.ThreadPoolExecutor@41cd36d6[Running, pool size = 6, active threads = 0, queued tasks = 0, completed tasks = 847]
15:20:58.452 [SpringApplicationShutdownHook] INFO  c.b.d.d.DynamicRoutingDataSource - [destroy,211] - dynamic-datasource start closing ....
15:20:58.453 [SpringApplicationShutdownHook] INFO  c.a.d.p.DruidDataSource - [close,2138] - {dataSource-1} closing ...
15:20:58.462 [SpringApplicationShutdownHook] INFO  c.a.d.p.DruidDataSource - [close,2211] - {dataSource-1} closed
15:20:58.463 [SpringApplicationShutdownHook] INFO  c.b.d.d.DynamicRoutingDataSource - [destroy,215] - dynamic-datasource all closed success,bye
15:21:08.606 [background-preinit] INFO  o.h.v.i.util.Version - [<clinit>,21] - HV000001: Hibernate Validator 6.2.5.Final
15:21:10.103 [main] INFO  c.a.n.c.r.client - [lambda$createClient$0,80] - [RpcClientFactory] create a new rpc client of 697eaf48-0649-489a-bf5f-274f6d1deb76_config-0
15:21:10.143 [main] INFO  o.r.Reflections - [scan,232] - Reflections took 27 ms to scan 1 urls, producing 3 keys and 6 values 
15:21:10.181 [main] INFO  o.r.Reflections - [scan,232] - Reflections took 15 ms to scan 1 urls, producing 4 keys and 9 values 
15:21:10.193 [main] INFO  o.r.Reflections - [scan,232] - Reflections took 10 ms to scan 1 urls, producing 3 keys and 10 values 
15:21:10.391 [main] INFO  o.r.Reflections - [scan,232] - Reflections took 196 ms to scan 199 urls, producing 0 keys and 0 values 
15:21:10.405 [main] INFO  o.r.Reflections - [scan,232] - Reflections took 12 ms to scan 1 urls, producing 1 keys and 5 values 
15:21:10.418 [main] INFO  o.r.Reflections - [scan,232] - Reflections took 11 ms to scan 1 urls, producing 1 keys and 7 values 
15:21:10.433 [main] INFO  o.r.Reflections - [scan,232] - Reflections took 13 ms to scan 1 urls, producing 2 keys and 8 values 
15:21:10.609 [main] INFO  o.r.Reflections - [scan,232] - Reflections took 172 ms to scan 199 urls, producing 0 keys and 0 values 
15:21:10.610 [main] INFO  c.a.n.c.r.client - [printIfInfoEnabled,60] - [697eaf48-0649-489a-bf5f-274f6d1deb76_config-0] RpcClient init label, labels = {module=config, Vipserver-Tag=null, source=sdk, Amory-Tag=null, Location-Tag=null, taskId=0, AppName=unknown}
15:21:10.611 [main] INFO  c.a.n.c.r.client - [printIfInfoEnabled,60] - [697eaf48-0649-489a-bf5f-274f6d1deb76_config-0] Register server push request handler:com.alibaba.nacos.client.config.impl.ClientWorker$ConfigRpcTransportClient$$Lambda$334/832145584
15:21:10.612 [main] INFO  c.a.n.c.r.client - [printIfInfoEnabled,60] - [697eaf48-0649-489a-bf5f-274f6d1deb76_config-0] Register server push request handler:com.alibaba.nacos.client.config.impl.ClientWorker$ConfigRpcTransportClient$$Lambda$335/224060798
15:21:10.612 [main] INFO  c.a.n.c.r.client - [printIfInfoEnabled,60] - [697eaf48-0649-489a-bf5f-274f6d1deb76_config-0] Registry connection listener to current client:com.alibaba.nacos.client.config.impl.ClientWorker$ConfigRpcTransportClient$1
15:21:10.613 [main] INFO  c.a.n.c.r.client - [printIfInfoEnabled,60] - [697eaf48-0649-489a-bf5f-274f6d1deb76_config-0] RpcClient init, ServerListFactory = com.alibaba.nacos.client.config.impl.ClientWorker$ConfigRpcTransportClient$2
15:21:10.620 [main] INFO  c.a.n.c.r.client - [printIfInfoEnabled,60] - [697eaf48-0649-489a-bf5f-274f6d1deb76_config-0] Try to connect to server on start up, server: {serverIp = '127.0.0.1', server main port = 8848}
15:21:13.407 [main] INFO  c.a.n.c.r.client - [printIfInfoEnabled,60] - [697eaf48-0649-489a-bf5f-274f6d1deb76_config-0] Success to connect to server [127.0.0.1:8848] on start up, connectionId = 1691133673204_127.0.0.1_51040
15:21:13.409 [com.alibaba.nacos.client.remote.worker] INFO  c.a.n.c.r.client - [printIfInfoEnabled,60] - [697eaf48-0649-489a-bf5f-274f6d1deb76_config-0] Notify connected event to listeners.
15:21:13.409 [main] INFO  c.a.n.c.r.client - [printIfInfoEnabled,60] - [697eaf48-0649-489a-bf5f-274f6d1deb76_config-0] Register server push request handler:com.alibaba.nacos.common.remote.client.RpcClient$ConnectResetRequestHandler
15:21:13.409 [main] INFO  c.a.n.c.r.client - [printIfInfoEnabled,60] - [697eaf48-0649-489a-bf5f-274f6d1deb76_config-0] Register server push request handler:com.alibaba.nacos.common.remote.client.RpcClient$$Lambda$344/1538849250
15:21:13.495 [main] INFO  c.x.s.XmapSentimentApplication - [logStartupProfileInfo,637] - The following 1 profile is active: "dev"
15:21:15.280 [main] INFO  o.a.c.h.Http11NioProtocol - [log,173] - Initializing ProtocolHandler ["http-nio-9232"]
15:21:15.281 [main] INFO  o.a.c.c.StandardService - [log,173] - Starting service [Tomcat]
15:21:15.281 [main] INFO  o.a.c.c.StandardEngine - [log,173] - Starting Servlet engine: [Apache Tomcat/9.0.70]
15:21:15.477 [main] INFO  o.a.c.c.C.[.[.[/] - [log,173] - Initializing Spring embedded WebApplicationContext
15:21:16.618 [main] INFO  c.a.d.p.DruidDataSource - [init,996] - {dataSource-1,master} inited
15:21:16.619 [main] INFO  c.b.d.d.DynamicRoutingDataSource - [addDataSource,154] - dynamic-datasource - add a datasource named [master] success
15:21:16.620 [main] INFO  c.b.d.d.DynamicRoutingDataSource - [afterPropertiesSet,234] - dynamic-datasource initial loaded [1] datasource,primary datasource named [master]
15:21:17.711 [main] INFO  c.a.c.s.SentinelWebMvcConfigurer - [addInterceptors,52] - [Sentinel Starter] register SentinelWebInterceptor with urlPatterns: [/**].
15:21:21.551 [main] INFO  c.a.n.c.r.client - [lambda$createClient$0,80] - [RpcClientFactory] create a new rpc client of 96dce583-539d-4bcd-972e-994448554682
15:21:21.551 [main] INFO  c.a.n.c.r.client - [printIfInfoEnabled,60] - [96dce583-539d-4bcd-972e-994448554682] RpcClient init label, labels = {module=naming, source=sdk}
15:21:21.553 [main] INFO  c.a.n.c.r.client - [printIfInfoEnabled,60] - [96dce583-539d-4bcd-972e-994448554682] RpcClient init, ServerListFactory = com.alibaba.nacos.client.naming.core.ServerListManager
15:21:21.554 [main] INFO  c.a.n.c.r.client - [printIfInfoEnabled,60] - [96dce583-539d-4bcd-972e-994448554682] Registry connection listener to current client:com.alibaba.nacos.client.naming.remote.gprc.redo.NamingGrpcRedoService
15:21:21.555 [main] INFO  c.a.n.c.r.client - [printIfInfoEnabled,60] - [96dce583-539d-4bcd-972e-994448554682] Register server push request handler:com.alibaba.nacos.client.naming.remote.gprc.NamingPushRequestHandler
15:21:21.556 [main] INFO  c.a.n.c.r.client - [printIfInfoEnabled,60] - [96dce583-539d-4bcd-972e-994448554682] Try to connect to server on start up, server: {serverIp = '127.0.0.1', server main port = 8848}
15:21:21.677 [main] INFO  c.a.n.c.r.client - [printIfInfoEnabled,60] - [96dce583-539d-4bcd-972e-994448554682] Success to connect to server [127.0.0.1:8848] on start up, connectionId = 1691133681565_127.0.0.1_51056
15:21:21.678 [main] INFO  c.a.n.c.r.client - [printIfInfoEnabled,60] - [96dce583-539d-4bcd-972e-994448554682] Register server push request handler:com.alibaba.nacos.common.remote.client.RpcClient$ConnectResetRequestHandler
15:21:21.678 [com.alibaba.nacos.client.remote.worker] INFO  c.a.n.c.r.client - [printIfInfoEnabled,60] - [96dce583-539d-4bcd-972e-994448554682] Notify connected event to listeners.
15:21:21.678 [main] INFO  c.a.n.c.r.client - [printIfInfoEnabled,60] - [96dce583-539d-4bcd-972e-994448554682] Register server push request handler:com.alibaba.nacos.common.remote.client.RpcClient$$Lambda$344/1538849250
15:21:21.744 [main] INFO  o.a.c.h.Http11NioProtocol - [log,173] - Starting ProtocolHandler ["http-nio-9232"]
15:21:21.766 [main] INFO  c.a.c.n.r.NacosServiceRegistry - [register,75] - nacos registry, DEFAULT_GROUP xmap-sentiment 10.100.4.8:9232 register finished
15:21:22.282 [nacos-grpc-client-executor-6] INFO  c.a.n.c.r.client - [printIfInfoEnabled,60] - [96dce583-539d-4bcd-972e-994448554682] Receive server push request, request = NotifySubscriberRequest, requestId = 131
15:21:22.285 [nacos-grpc-client-executor-6] INFO  c.a.n.c.r.client - [printIfInfoEnabled,60] - [96dce583-539d-4bcd-972e-994448554682] Ack server push request, request = NotifySubscriberRequest, requestId = 131
15:21:23.024 [main] INFO  c.x.s.XmapSentimentApplication - [logStarted,61] - Started XmapSentimentApplication in 15.972 seconds (JVM running for 17.302)
15:21:23.038 [main] INFO  c.a.c.n.r.NacosContextRefresher - [registerNacosListener,129] - [Nacos Config] Listening config: dataId=xmap-sentiment, group=DEFAULT_GROUP
15:21:23.039 [main] INFO  c.a.c.n.r.NacosContextRefresher - [registerNacosListener,129] - [Nacos Config] Listening config: dataId=xmap-sentiment.yml, group=DEFAULT_GROUP
15:21:23.040 [main] INFO  c.a.c.n.r.NacosContextRefresher - [registerNacosListener,129] - [Nacos Config] Listening config: dataId=xmap-sentiment-dev.yml, group=DEFAULT_GROUP
15:21:23.861 [RMI TCP Connection(2)-10.100.4.8] INFO  o.a.c.c.C.[.[.[/] - [log,173] - Initializing Spring DispatcherServlet 'dispatcherServlet'
15:22:10.168 [nacos-grpc-client-executor-19] INFO  c.a.n.c.r.client - [printIfInfoEnabled,60] - [96dce583-539d-4bcd-972e-994448554682] Receive server push request, request = NotifySubscriberRequest, requestId = 133
15:22:10.169 [nacos-grpc-client-executor-19] INFO  c.a.n.c.r.client - [printIfInfoEnabled,60] - [96dce583-539d-4bcd-972e-994448554682] Ack server push request, request = NotifySubscriberRequest, requestId = 133
15:34:57.783 [nacos-grpc-client-executor-143] INFO  c.a.n.c.r.client - [printIfInfoEnabled,60] - [697eaf48-0649-489a-bf5f-274f6d1deb76_config-0] Receive server push request, request = ClientDetectionRequest, requestId = 154
15:34:57.783 [nacos-grpc-client-executor-143] INFO  c.a.n.c.r.client - [printIfInfoEnabled,60] - [697eaf48-0649-489a-bf5f-274f6d1deb76_config-0] Ack server push request, request = ClientDetectionRequest, requestId = 154
15:34:57.784 [nacos-grpc-client-executor-2199] INFO  c.a.n.c.r.client - [printIfInfoEnabled,60] - [b5ae0572-00dd-4716-9134-4579b42720ee] Receive server push request, request = ClientDetectionRequest, requestId = 162
15:34:57.784 [nacos-grpc-client-executor-2199] INFO  c.a.n.c.r.client - [printIfInfoEnabled,60] - [b5ae0572-00dd-4716-9134-4579b42720ee] Ack server push request, request = ClientDetectionRequest, requestId = 162
15:34:57.799 [nacos-grpc-client-executor-2254] INFO  c.a.n.c.r.client - [printIfInfoEnabled,60] - [2a76fc7f-2a53-4491-9311-4636bdf8069e_config-0] Receive server push request, request = ClientDetectionRequest, requestId = 167
15:34:57.800 [nacos-grpc-client-executor-2254] INFO  c.a.n.c.r.client - [printIfInfoEnabled,60] - [2a76fc7f-2a53-4491-9311-4636bdf8069e_config-0] Ack server push request, request = ClientDetectionRequest, requestId = 167
17:25:41.339 [lettuce-nioEventLoop-4-1] INFO  i.l.c.p.CommandHandler - [log,217] - null Unexpected exception during request: java.io.IOException: 
java.io.IOException: 
	at sun.nio.ch.SocketDispatcher.read0(Native Method)
	at sun.nio.ch.SocketDispatcher.read(SocketDispatcher.java:43)
	at sun.nio.ch.IOUtil.readIntoNativeBuffer(IOUtil.java:223)
	at sun.nio.ch.IOUtil.read(IOUtil.java:192)
	at sun.nio.ch.SocketChannelImpl.read(SocketChannelImpl.java:380)
	at io.netty.buffer.PooledByteBuf.setBytes(PooledByteBuf.java:259)
	at io.netty.buffer.AbstractByteBuf.writeBytes(AbstractByteBuf.java:1132)
	at io.netty.channel.socket.nio.NioSocketChannel.doReadBytes(NioSocketChannel.java:357)
	at io.netty.channel.nio.AbstractNioByteChannel$NioByteUnsafe.read(AbstractNioByteChannel.java:151)
	at io.netty.channel.nio.NioEventLoop.processSelectedKey(NioEventLoop.java:788)
	at io.netty.channel.nio.NioEventLoop.processSelectedKeysOptimized(NioEventLoop.java:724)
	at io.netty.channel.nio.NioEventLoop.processSelectedKeys(NioEventLoop.java:650)
	at io.netty.channel.nio.NioEventLoop.run(NioEventLoop.java:562)
	at io.netty.util.concurrent.SingleThreadEventExecutor$4.run(SingleThreadEventExecutor.java:997)
	at io.netty.util.internal.ThreadExecutorMap$2.run(ThreadExecutorMap.java:74)
	at io.netty.util.concurrent.FastThreadLocalRunnable.run(FastThreadLocalRunnable.java:30)
	at java.lang.Thread.run(Thread.java:748)
17:25:41.344 [lettuce-nioEventLoop-4-2] INFO  i.l.c.p.CommandHandler - [log,217] - null Unexpected exception during request: java.io.IOException: 
java.io.IOException: 
	at sun.nio.ch.SocketDispatcher.read0(Native Method)
	at sun.nio.ch.SocketDispatcher.read(SocketDispatcher.java:43)
	at sun.nio.ch.IOUtil.readIntoNativeBuffer(IOUtil.java:223)
	at sun.nio.ch.IOUtil.read(IOUtil.java:192)
	at sun.nio.ch.SocketChannelImpl.read(SocketChannelImpl.java:380)
	at io.netty.buffer.PooledByteBuf.setBytes(PooledByteBuf.java:259)
	at io.netty.buffer.AbstractByteBuf.writeBytes(AbstractByteBuf.java:1132)
	at io.netty.channel.socket.nio.NioSocketChannel.doReadBytes(NioSocketChannel.java:357)
	at io.netty.channel.nio.AbstractNioByteChannel$NioByteUnsafe.read(AbstractNioByteChannel.java:151)
	at io.netty.channel.nio.NioEventLoop.processSelectedKey(NioEventLoop.java:788)
	at io.netty.channel.nio.NioEventLoop.processSelectedKeysOptimized(NioEventLoop.java:724)
	at io.netty.channel.nio.NioEventLoop.processSelectedKeys(NioEventLoop.java:650)
	at io.netty.channel.nio.NioEventLoop.run(NioEventLoop.java:562)
	at io.netty.util.concurrent.SingleThreadEventExecutor$4.run(SingleThreadEventExecutor.java:997)
	at io.netty.util.internal.ThreadExecutorMap$2.run(ThreadExecutorMap.java:74)
	at io.netty.util.concurrent.FastThreadLocalRunnable.run(FastThreadLocalRunnable.java:30)
	at java.lang.Thread.run(Thread.java:748)
17:25:41.418 [lettuce-eventExecutorLoop-1-6] INFO  i.l.c.p.ConnectionWatchdog - [log,171] - Reconnecting, last destination was localhost/127.0.0.1:6379
17:25:41.425 [lettuce-eventExecutorLoop-1-7] INFO  i.l.c.p.ConnectionWatchdog - [log,171] - Reconnecting, last destination was localhost/127.0.0.1:6379
17:25:41.812 [com.alibaba.nacos.client.remote.worker] INFO  c.a.n.c.r.client - [printIfInfoEnabled,60] - [b5ae0572-00dd-4716-9134-4579b42720ee] Try to reconnect to a new server, server is  not appointed, will choose a random server.
17:25:41.812 [com.alibaba.nacos.client.remote.worker] INFO  c.a.n.c.r.client - [printIfInfoEnabled,60] - [2a76fc7f-2a53-4491-9311-4636bdf8069e_config-0] Try to reconnect to a new server, server is  not appointed, will choose a random server.
