14:14:28.593 [background-preinit] INFO  o.h.v.i.util.Version - [<clinit>,21] - HV000001: Hibernate Validator 6.2.5.Final
14:14:30.061 [main] INFO  c.a.n.c.r.client - [lambda$createClient$0,80] - [RpcClientFactory] create a new rpc client of a8997904-6b9b-41cf-92de-743fcc9c8a9d_config-0
14:14:30.090 [main] INFO  o.r.Reflections - [scan,232] - Reflections took 19 ms to scan 1 urls, producing 3 keys and 6 values 
14:14:30.107 [main] INFO  o.r.Reflections - [scan,232] - Reflections took 10 ms to scan 1 urls, producing 4 keys and 9 values 
14:14:30.116 [main] INFO  o.r.Reflections - [scan,232] - Reflections took 8 ms to scan 1 urls, producing 3 keys and 10 values 
14:14:30.269 [main] INFO  o.r.Reflections - [scan,232] - Reflections took 151 ms to scan 199 urls, producing 0 keys and 0 values 
14:14:30.276 [main] INFO  o.r.Reflections - [scan,232] - Reflections took 6 ms to scan 1 urls, producing 1 keys and 5 values 
14:14:30.284 [main] INFO  o.r.Reflections - [scan,232] - Reflections took 7 ms to scan 1 urls, producing 1 keys and 7 values 
14:14:30.292 [main] INFO  o.r.Reflections - [scan,232] - Reflections took 7 ms to scan 1 urls, producing 2 keys and 8 values 
14:14:30.398 [main] INFO  o.r.Reflections - [scan,232] - Reflections took 105 ms to scan 199 urls, producing 0 keys and 0 values 
14:14:30.398 [main] INFO  c.a.n.c.r.client - [printIfInfoEnabled,60] - [a8997904-6b9b-41cf-92de-743fcc9c8a9d_config-0] RpcClient init label, labels = {module=config, Vipserver-Tag=null, source=sdk, Amory-Tag=null, Location-Tag=null, taskId=0, AppName=unknown}
14:14:30.399 [main] INFO  c.a.n.c.r.client - [printIfInfoEnabled,60] - [a8997904-6b9b-41cf-92de-743fcc9c8a9d_config-0] Register server push request handler:com.alibaba.nacos.client.config.impl.ClientWorker$ConfigRpcTransportClient$$Lambda$334/832145584
14:14:30.399 [main] INFO  c.a.n.c.r.client - [printIfInfoEnabled,60] - [a8997904-6b9b-41cf-92de-743fcc9c8a9d_config-0] Register server push request handler:com.alibaba.nacos.client.config.impl.ClientWorker$ConfigRpcTransportClient$$Lambda$335/224060798
14:14:30.399 [main] INFO  c.a.n.c.r.client - [printIfInfoEnabled,60] - [a8997904-6b9b-41cf-92de-743fcc9c8a9d_config-0] Registry connection listener to current client:com.alibaba.nacos.client.config.impl.ClientWorker$ConfigRpcTransportClient$1
14:14:30.400 [main] INFO  c.a.n.c.r.client - [printIfInfoEnabled,60] - [a8997904-6b9b-41cf-92de-743fcc9c8a9d_config-0] RpcClient init, ServerListFactory = com.alibaba.nacos.client.config.impl.ClientWorker$ConfigRpcTransportClient$2
14:14:30.404 [main] INFO  c.a.n.c.r.client - [printIfInfoEnabled,60] - [a8997904-6b9b-41cf-92de-743fcc9c8a9d_config-0] Try to connect to server on start up, server: {serverIp = '127.0.0.1', server main port = 8848}
14:14:33.683 [main] INFO  c.a.n.c.r.client - [printIfInfoEnabled,60] - [a8997904-6b9b-41cf-92de-743fcc9c8a9d_config-0] Success to connect to server [127.0.0.1:8848] on start up, connectionId = 1690265673410_127.0.0.1_62107
14:14:33.685 [com.alibaba.nacos.client.remote.worker] INFO  c.a.n.c.r.client - [printIfInfoEnabled,60] - [a8997904-6b9b-41cf-92de-743fcc9c8a9d_config-0] Notify connected event to listeners.
14:14:33.685 [main] INFO  c.a.n.c.r.client - [printIfInfoEnabled,60] - [a8997904-6b9b-41cf-92de-743fcc9c8a9d_config-0] Register server push request handler:com.alibaba.nacos.common.remote.client.RpcClient$ConnectResetRequestHandler
14:14:33.686 [main] INFO  c.a.n.c.r.client - [printIfInfoEnabled,60] - [a8997904-6b9b-41cf-92de-743fcc9c8a9d_config-0] Register server push request handler:com.alibaba.nacos.common.remote.client.RpcClient$$Lambda$344/1788034018
14:14:33.775 [main] INFO  c.x.t.XmapTickApplication - [logStartupProfileInfo,637] - The following 1 profile is active: "dev"
14:14:35.333 [main] INFO  o.a.c.h.Http11NioProtocol - [log,173] - Initializing ProtocolHandler ["http-nio-9230"]
14:14:35.333 [main] INFO  o.a.c.c.StandardService - [log,173] - Starting service [Tomcat]
14:14:35.333 [main] INFO  o.a.c.c.StandardEngine - [log,173] - Starting Servlet engine: [Apache Tomcat/9.0.70]
14:14:35.493 [main] INFO  o.a.c.c.C.[.[.[/] - [log,173] - Initializing Spring embedded WebApplicationContext
14:14:36.510 [main] INFO  c.a.d.p.DruidDataSource - [init,996] - {dataSource-1,master} inited
14:14:36.512 [main] INFO  c.b.d.d.DynamicRoutingDataSource - [addDataSource,154] - dynamic-datasource - add a datasource named [master] success
14:14:36.512 [main] INFO  c.b.d.d.DynamicRoutingDataSource - [afterPropertiesSet,234] - dynamic-datasource initial loaded [1] datasource,primary datasource named [master]
14:14:37.485 [main] INFO  c.a.c.s.SentinelWebMvcConfigurer - [addInterceptors,52] - [Sentinel Starter] register SentinelWebInterceptor with urlPatterns: [/**].
14:14:40.718 [main] INFO  c.a.n.c.r.client - [lambda$createClient$0,80] - [RpcClientFactory] create a new rpc client of 056ee6bd-0e3e-40be-a0af-1bdb24f237c7
14:14:40.718 [main] INFO  c.a.n.c.r.client - [printIfInfoEnabled,60] - [056ee6bd-0e3e-40be-a0af-1bdb24f237c7] RpcClient init label, labels = {module=naming, source=sdk}
14:14:40.719 [main] INFO  c.a.n.c.r.client - [printIfInfoEnabled,60] - [056ee6bd-0e3e-40be-a0af-1bdb24f237c7] RpcClient init, ServerListFactory = com.alibaba.nacos.client.naming.core.ServerListManager
14:14:40.720 [main] INFO  c.a.n.c.r.client - [printIfInfoEnabled,60] - [056ee6bd-0e3e-40be-a0af-1bdb24f237c7] Registry connection listener to current client:com.alibaba.nacos.client.naming.remote.gprc.redo.NamingGrpcRedoService
14:14:40.720 [main] INFO  c.a.n.c.r.client - [printIfInfoEnabled,60] - [056ee6bd-0e3e-40be-a0af-1bdb24f237c7] Register server push request handler:com.alibaba.nacos.client.naming.remote.gprc.NamingPushRequestHandler
14:14:40.720 [main] INFO  c.a.n.c.r.client - [printIfInfoEnabled,60] - [056ee6bd-0e3e-40be-a0af-1bdb24f237c7] Try to connect to server on start up, server: {serverIp = '127.0.0.1', server main port = 8848}
14:14:40.847 [main] INFO  c.a.n.c.r.client - [printIfInfoEnabled,60] - [056ee6bd-0e3e-40be-a0af-1bdb24f237c7] Success to connect to server [127.0.0.1:8848] on start up, connectionId = 1690265680727_127.0.0.1_62123
14:14:40.847 [main] INFO  c.a.n.c.r.client - [printIfInfoEnabled,60] - [056ee6bd-0e3e-40be-a0af-1bdb24f237c7] Register server push request handler:com.alibaba.nacos.common.remote.client.RpcClient$ConnectResetRequestHandler
14:14:40.847 [com.alibaba.nacos.client.remote.worker] INFO  c.a.n.c.r.client - [printIfInfoEnabled,60] - [056ee6bd-0e3e-40be-a0af-1bdb24f237c7] Notify connected event to listeners.
14:14:40.847 [main] INFO  c.a.n.c.r.client - [printIfInfoEnabled,60] - [056ee6bd-0e3e-40be-a0af-1bdb24f237c7] Register server push request handler:com.alibaba.nacos.common.remote.client.RpcClient$$Lambda$344/1788034018
14:14:40.868 [main] INFO  o.a.c.h.Http11NioProtocol - [log,173] - Starting ProtocolHandler ["http-nio-9230"]
14:14:40.886 [main] INFO  c.a.c.n.r.NacosServiceRegistry - [register,75] - nacos registry, DEFAULT_GROUP xmap-ticket 10.100.4.8:9230 register finished
14:14:41.368 [nacos-grpc-client-executor-8] INFO  c.a.n.c.r.client - [printIfInfoEnabled,60] - [056ee6bd-0e3e-40be-a0af-1bdb24f237c7] Receive server push request, request = NotifySubscriberRequest, requestId = 9
14:14:41.373 [nacos-grpc-client-executor-8] INFO  c.a.n.c.r.client - [printIfInfoEnabled,60] - [056ee6bd-0e3e-40be-a0af-1bdb24f237c7] Ack server push request, request = NotifySubscriberRequest, requestId = 9
14:14:42.464 [main] INFO  c.x.t.XmapTickApplication - [logStarted,61] - Started XmapTickApplication in 15.374 seconds (JVM running for 16.734)
14:14:42.472 [main] INFO  c.a.c.n.r.NacosContextRefresher - [registerNacosListener,129] - [Nacos Config] Listening config: dataId=xmap-ticket, group=DEFAULT_GROUP
14:14:42.473 [main] INFO  c.a.c.n.r.NacosContextRefresher - [registerNacosListener,129] - [Nacos Config] Listening config: dataId=xmap-ticket-dev.yml, group=DEFAULT_GROUP
14:14:42.474 [main] INFO  c.a.c.n.r.NacosContextRefresher - [registerNacosListener,129] - [Nacos Config] Listening config: dataId=xmap-ticket.yml, group=DEFAULT_GROUP
14:14:43.221 [RMI TCP Connection(5)-10.100.4.8] INFO  o.a.c.c.C.[.[.[/] - [log,173] - Initializing Spring DispatcherServlet 'dispatcherServlet'
14:14:53.701 [SpringApplicationShutdownHook] INFO  c.a.c.n.r.NacosServiceRegistry - [deregister,94] - De-registering from Nacos Server now...
14:14:53.707 [SpringApplicationShutdownHook] INFO  c.a.c.n.r.NacosServiceRegistry - [deregister,114] - De-registration finished.
14:14:54.030 [SpringApplicationShutdownHook] INFO  c.a.n.c.r.client - [shutdown,454] - Shutdown rpc client, set status to shutdown
14:14:54.030 [SpringApplicationShutdownHook] INFO  c.a.n.c.r.client - [shutdown,456] - Shutdown client event executor java.util.concurrent.ScheduledThreadPoolExecutor@545d0b12[Running, pool size = 2, active threads = 2, queued tasks = 0, completed tasks = 0]
14:14:54.030 [SpringApplicationShutdownHook] INFO  c.a.n.c.r.client - [closeConnection,591] - Close current connection 1690265680727_127.0.0.1_62123
14:14:54.035 [nacos-grpc-client-executor-18] INFO  c.a.n.c.r.c.g.GrpcClient - [printIfInfoEnabled,60] - [1690265680727_127.0.0.1_62123]Ignore complete event,isRunning:false,isAbandon=false
14:14:54.040 [SpringApplicationShutdownHook] INFO  c.a.n.c.r.c.g.GrpcClient - [shutdown,85] - Shutdown grpc executor java.util.concurrent.ThreadPoolExecutor@7d5856e3[Running, pool size = 6, active threads = 0, queued tasks = 0, completed tasks = 19]
14:14:54.189 [SpringApplicationShutdownHook] INFO  c.b.d.d.DynamicRoutingDataSource - [destroy,211] - dynamic-datasource start closing ....
14:14:54.198 [SpringApplicationShutdownHook] INFO  c.a.d.p.DruidDataSource - [close,2138] - {dataSource-1} closing ...
14:14:54.213 [SpringApplicationShutdownHook] INFO  c.a.d.p.DruidDataSource - [close,2211] - {dataSource-1} closed
14:14:54.213 [SpringApplicationShutdownHook] INFO  c.b.d.d.DynamicRoutingDataSource - [destroy,215] - dynamic-datasource all closed success,bye
14:16:03.645 [background-preinit] INFO  o.h.v.i.util.Version - [<clinit>,21] - HV000001: Hibernate Validator 6.2.5.Final
14:16:04.621 [main] INFO  c.a.n.c.r.client - [lambda$createClient$0,80] - [RpcClientFactory] create a new rpc client of 48bf9885-41be-4e31-abe0-1a8eb098023e_config-0
14:16:04.646 [main] INFO  o.r.Reflections - [scan,232] - Reflections took 15 ms to scan 1 urls, producing 3 keys and 6 values 
14:16:04.661 [main] INFO  o.r.Reflections - [scan,232] - Reflections took 9 ms to scan 1 urls, producing 4 keys and 9 values 
14:16:04.669 [main] INFO  o.r.Reflections - [scan,232] - Reflections took 7 ms to scan 1 urls, producing 3 keys and 10 values 
14:16:04.771 [main] INFO  o.r.Reflections - [scan,232] - Reflections took 101 ms to scan 199 urls, producing 0 keys and 0 values 
14:16:04.778 [main] INFO  o.r.Reflections - [scan,232] - Reflections took 6 ms to scan 1 urls, producing 1 keys and 5 values 
14:16:04.786 [main] INFO  o.r.Reflections - [scan,232] - Reflections took 7 ms to scan 1 urls, producing 1 keys and 7 values 
14:16:04.795 [main] INFO  o.r.Reflections - [scan,232] - Reflections took 8 ms to scan 1 urls, producing 2 keys and 8 values 
14:16:04.893 [main] INFO  o.r.Reflections - [scan,232] - Reflections took 97 ms to scan 199 urls, producing 0 keys and 0 values 
14:16:04.894 [main] INFO  c.a.n.c.r.client - [printIfInfoEnabled,60] - [48bf9885-41be-4e31-abe0-1a8eb098023e_config-0] RpcClient init label, labels = {module=config, Vipserver-Tag=null, source=sdk, Amory-Tag=null, Location-Tag=null, taskId=0, AppName=unknown}
14:16:04.894 [main] INFO  c.a.n.c.r.client - [printIfInfoEnabled,60] - [48bf9885-41be-4e31-abe0-1a8eb098023e_config-0] Register server push request handler:com.alibaba.nacos.client.config.impl.ClientWorker$ConfigRpcTransportClient$$Lambda$334/50720817
14:16:04.895 [main] INFO  c.a.n.c.r.client - [printIfInfoEnabled,60] - [48bf9885-41be-4e31-abe0-1a8eb098023e_config-0] Register server push request handler:com.alibaba.nacos.client.config.impl.ClientWorker$ConfigRpcTransportClient$$Lambda$335/1496220730
14:16:04.896 [main] INFO  c.a.n.c.r.client - [printIfInfoEnabled,60] - [48bf9885-41be-4e31-abe0-1a8eb098023e_config-0] Registry connection listener to current client:com.alibaba.nacos.client.config.impl.ClientWorker$ConfigRpcTransportClient$1
14:16:04.896 [main] INFO  c.a.n.c.r.client - [printIfInfoEnabled,60] - [48bf9885-41be-4e31-abe0-1a8eb098023e_config-0] RpcClient init, ServerListFactory = com.alibaba.nacos.client.config.impl.ClientWorker$ConfigRpcTransportClient$2
14:16:04.901 [main] INFO  c.a.n.c.r.client - [printIfInfoEnabled,60] - [48bf9885-41be-4e31-abe0-1a8eb098023e_config-0] Try to connect to server on start up, server: {serverIp = '127.0.0.1', server main port = 8848}
14:16:07.275 [main] INFO  c.a.n.c.r.client - [printIfInfoEnabled,60] - [48bf9885-41be-4e31-abe0-1a8eb098023e_config-0] Success to connect to server [127.0.0.1:8848] on start up, connectionId = 1690265767059_127.0.0.1_62359
14:16:07.277 [com.alibaba.nacos.client.remote.worker] INFO  c.a.n.c.r.client - [printIfInfoEnabled,60] - [48bf9885-41be-4e31-abe0-1a8eb098023e_config-0] Notify connected event to listeners.
14:16:07.277 [main] INFO  c.a.n.c.r.client - [printIfInfoEnabled,60] - [48bf9885-41be-4e31-abe0-1a8eb098023e_config-0] Register server push request handler:com.alibaba.nacos.common.remote.client.RpcClient$ConnectResetRequestHandler
14:16:07.279 [main] INFO  c.a.n.c.r.client - [printIfInfoEnabled,60] - [48bf9885-41be-4e31-abe0-1a8eb098023e_config-0] Register server push request handler:com.alibaba.nacos.common.remote.client.RpcClient$$Lambda$344/1300576734
14:16:07.378 [main] INFO  c.x.t.XmapTicketApplication - [logStartupProfileInfo,637] - The following 1 profile is active: "dev"
14:16:09.005 [main] INFO  o.a.c.h.Http11NioProtocol - [log,173] - Initializing ProtocolHandler ["http-nio-9230"]
14:16:09.005 [main] INFO  o.a.c.c.StandardService - [log,173] - Starting service [Tomcat]
14:16:09.006 [main] INFO  o.a.c.c.StandardEngine - [log,173] - Starting Servlet engine: [Apache Tomcat/9.0.70]
14:16:09.113 [main] INFO  o.a.c.c.C.[.[.[/] - [log,173] - Initializing Spring embedded WebApplicationContext
14:16:09.974 [main] INFO  c.a.d.p.DruidDataSource - [init,996] - {dataSource-1,master} inited
14:16:09.975 [main] INFO  c.b.d.d.DynamicRoutingDataSource - [addDataSource,154] - dynamic-datasource - add a datasource named [master] success
14:16:09.975 [main] INFO  c.b.d.d.DynamicRoutingDataSource - [afterPropertiesSet,234] - dynamic-datasource initial loaded [1] datasource,primary datasource named [master]
14:16:10.893 [main] INFO  c.a.c.s.SentinelWebMvcConfigurer - [addInterceptors,52] - [Sentinel Starter] register SentinelWebInterceptor with urlPatterns: [/**].
14:16:13.785 [main] INFO  c.a.n.c.r.client - [lambda$createClient$0,80] - [RpcClientFactory] create a new rpc client of 735f2786-0d31-403e-86b5-0a2145fbfbca
14:16:13.786 [main] INFO  c.a.n.c.r.client - [printIfInfoEnabled,60] - [735f2786-0d31-403e-86b5-0a2145fbfbca] RpcClient init label, labels = {module=naming, source=sdk}
14:16:13.787 [main] INFO  c.a.n.c.r.client - [printIfInfoEnabled,60] - [735f2786-0d31-403e-86b5-0a2145fbfbca] RpcClient init, ServerListFactory = com.alibaba.nacos.client.naming.core.ServerListManager
14:16:13.787 [main] INFO  c.a.n.c.r.client - [printIfInfoEnabled,60] - [735f2786-0d31-403e-86b5-0a2145fbfbca] Registry connection listener to current client:com.alibaba.nacos.client.naming.remote.gprc.redo.NamingGrpcRedoService
14:16:13.787 [main] INFO  c.a.n.c.r.client - [printIfInfoEnabled,60] - [735f2786-0d31-403e-86b5-0a2145fbfbca] Register server push request handler:com.alibaba.nacos.client.naming.remote.gprc.NamingPushRequestHandler
14:16:13.787 [main] INFO  c.a.n.c.r.client - [printIfInfoEnabled,60] - [735f2786-0d31-403e-86b5-0a2145fbfbca] Try to connect to server on start up, server: {serverIp = '127.0.0.1', server main port = 8848}
14:16:13.908 [main] INFO  c.a.n.c.r.client - [printIfInfoEnabled,60] - [735f2786-0d31-403e-86b5-0a2145fbfbca] Success to connect to server [127.0.0.1:8848] on start up, connectionId = 1690265773792_127.0.0.1_62369
14:16:13.909 [com.alibaba.nacos.client.remote.worker] INFO  c.a.n.c.r.client - [printIfInfoEnabled,60] - [735f2786-0d31-403e-86b5-0a2145fbfbca] Notify connected event to listeners.
14:16:13.909 [main] INFO  c.a.n.c.r.client - [printIfInfoEnabled,60] - [735f2786-0d31-403e-86b5-0a2145fbfbca] Register server push request handler:com.alibaba.nacos.common.remote.client.RpcClient$ConnectResetRequestHandler
14:16:13.955 [main] INFO  c.a.n.c.r.client - [printIfInfoEnabled,60] - [735f2786-0d31-403e-86b5-0a2145fbfbca] Register server push request handler:com.alibaba.nacos.common.remote.client.RpcClient$$Lambda$344/1300576734
14:16:13.993 [main] INFO  o.a.c.h.Http11NioProtocol - [log,173] - Starting ProtocolHandler ["http-nio-9230"]
14:16:14.008 [main] INFO  c.a.c.n.r.NacosServiceRegistry - [register,75] - nacos registry, DEFAULT_GROUP xmap-ticket 10.100.4.8:9230 register finished
14:16:14.528 [nacos-grpc-client-executor-7] INFO  c.a.n.c.r.client - [printIfInfoEnabled,60] - [735f2786-0d31-403e-86b5-0a2145fbfbca] Receive server push request, request = NotifySubscriberRequest, requestId = 12
14:16:14.532 [nacos-grpc-client-executor-7] INFO  c.a.n.c.r.client - [printIfInfoEnabled,60] - [735f2786-0d31-403e-86b5-0a2145fbfbca] Ack server push request, request = NotifySubscriberRequest, requestId = 12
14:16:14.943 [main] INFO  c.x.t.XmapTicketApplication - [logStarted,61] - Started XmapTicketApplication in 12.576 seconds (JVM running for 13.621)
14:16:14.949 [main] INFO  c.a.c.n.r.NacosContextRefresher - [registerNacosListener,129] - [Nacos Config] Listening config: dataId=xmap-ticket, group=DEFAULT_GROUP
14:16:14.950 [main] INFO  c.a.c.n.r.NacosContextRefresher - [registerNacosListener,129] - [Nacos Config] Listening config: dataId=xmap-ticket-dev.yml, group=DEFAULT_GROUP
14:16:14.950 [main] INFO  c.a.c.n.r.NacosContextRefresher - [registerNacosListener,129] - [Nacos Config] Listening config: dataId=xmap-ticket.yml, group=DEFAULT_GROUP
14:16:15.749 [RMI TCP Connection(2)-10.100.4.8] INFO  o.a.c.c.C.[.[.[/] - [log,173] - Initializing Spring DispatcherServlet 'dispatcherServlet'
14:17:28.359 [background-preinit] INFO  o.h.v.i.util.Version - [<clinit>,21] - HV000001: Hibernate Validator 6.2.5.Final
14:17:29.462 [main] INFO  c.a.n.c.r.client - [lambda$createClient$0,80] - [RpcClientFactory] create a new rpc client of 224352bc-7a72-4dad-9291-9ae4c4a842ef_config-0
14:17:29.486 [main] INFO  o.r.Reflections - [scan,232] - Reflections took 17 ms to scan 1 urls, producing 3 keys and 6 values 
14:17:29.502 [main] INFO  o.r.Reflections - [scan,232] - Reflections took 9 ms to scan 1 urls, producing 4 keys and 9 values 
14:17:29.512 [main] INFO  o.r.Reflections - [scan,232] - Reflections took 7 ms to scan 1 urls, producing 3 keys and 10 values 
14:17:29.644 [main] INFO  o.r.Reflections - [scan,232] - Reflections took 130 ms to scan 199 urls, producing 0 keys and 0 values 
14:17:29.649 [main] INFO  o.r.Reflections - [scan,232] - Reflections took 5 ms to scan 1 urls, producing 1 keys and 5 values 
14:17:29.657 [main] INFO  o.r.Reflections - [scan,232] - Reflections took 7 ms to scan 1 urls, producing 1 keys and 7 values 
14:17:29.664 [main] INFO  o.r.Reflections - [scan,232] - Reflections took 6 ms to scan 1 urls, producing 2 keys and 8 values 
14:17:29.765 [main] INFO  o.r.Reflections - [scan,232] - Reflections took 99 ms to scan 199 urls, producing 0 keys and 0 values 
14:17:29.766 [main] INFO  c.a.n.c.r.client - [printIfInfoEnabled,60] - [224352bc-7a72-4dad-9291-9ae4c4a842ef_config-0] RpcClient init label, labels = {module=config, Vipserver-Tag=null, source=sdk, Amory-Tag=null, Location-Tag=null, taskId=0, AppName=unknown}
14:17:29.767 [main] INFO  c.a.n.c.r.client - [printIfInfoEnabled,60] - [224352bc-7a72-4dad-9291-9ae4c4a842ef_config-0] Register server push request handler:com.alibaba.nacos.client.config.impl.ClientWorker$ConfigRpcTransportClient$$Lambda$334/50720817
14:17:29.767 [main] INFO  c.a.n.c.r.client - [printIfInfoEnabled,60] - [224352bc-7a72-4dad-9291-9ae4c4a842ef_config-0] Register server push request handler:com.alibaba.nacos.client.config.impl.ClientWorker$ConfigRpcTransportClient$$Lambda$335/1496220730
14:17:29.767 [main] INFO  c.a.n.c.r.client - [printIfInfoEnabled,60] - [224352bc-7a72-4dad-9291-9ae4c4a842ef_config-0] Registry connection listener to current client:com.alibaba.nacos.client.config.impl.ClientWorker$ConfigRpcTransportClient$1
14:17:29.768 [main] INFO  c.a.n.c.r.client - [printIfInfoEnabled,60] - [224352bc-7a72-4dad-9291-9ae4c4a842ef_config-0] RpcClient init, ServerListFactory = com.alibaba.nacos.client.config.impl.ClientWorker$ConfigRpcTransportClient$2
14:17:29.772 [main] INFO  c.a.n.c.r.client - [printIfInfoEnabled,60] - [224352bc-7a72-4dad-9291-9ae4c4a842ef_config-0] Try to connect to server on start up, server: {serverIp = '127.0.0.1', server main port = 8848}
14:17:31.996 [main] INFO  c.a.n.c.r.client - [printIfInfoEnabled,60] - [224352bc-7a72-4dad-9291-9ae4c4a842ef_config-0] Success to connect to server [127.0.0.1:8848] on start up, connectionId = 1690265851767_127.0.0.1_62819
14:17:31.997 [com.alibaba.nacos.client.remote.worker] INFO  c.a.n.c.r.client - [printIfInfoEnabled,60] - [224352bc-7a72-4dad-9291-9ae4c4a842ef_config-0] Notify connected event to listeners.
14:17:31.997 [main] INFO  c.a.n.c.r.client - [printIfInfoEnabled,60] - [224352bc-7a72-4dad-9291-9ae4c4a842ef_config-0] Register server push request handler:com.alibaba.nacos.common.remote.client.RpcClient$ConnectResetRequestHandler
14:17:31.997 [main] INFO  c.a.n.c.r.client - [printIfInfoEnabled,60] - [224352bc-7a72-4dad-9291-9ae4c4a842ef_config-0] Register server push request handler:com.alibaba.nacos.common.remote.client.RpcClient$$Lambda$344/1366499339
14:17:32.052 [main] INFO  c.x.s.XmapSentimentApplication - [logStartupProfileInfo,637] - The following 1 profile is active: "dev"
14:17:33.504 [main] INFO  o.a.c.h.Http11NioProtocol - [log,173] - Initializing ProtocolHandler ["http-nio-9232"]
14:17:33.506 [main] INFO  o.a.c.c.StandardService - [log,173] - Starting service [Tomcat]
14:17:33.506 [main] INFO  o.a.c.c.StandardEngine - [log,173] - Starting Servlet engine: [Apache Tomcat/9.0.70]
14:17:33.709 [main] INFO  o.a.c.c.C.[.[.[/] - [log,173] - Initializing Spring embedded WebApplicationContext
14:17:34.625 [main] INFO  c.a.d.p.DruidDataSource - [init,996] - {dataSource-1,master} inited
14:17:34.628 [main] INFO  c.b.d.d.DynamicRoutingDataSource - [addDataSource,154] - dynamic-datasource - add a datasource named [master] success
14:17:34.628 [main] INFO  c.b.d.d.DynamicRoutingDataSource - [afterPropertiesSet,234] - dynamic-datasource initial loaded [1] datasource,primary datasource named [master]
14:17:35.447 [main] INFO  c.a.c.s.SentinelWebMvcConfigurer - [addInterceptors,52] - [Sentinel Starter] register SentinelWebInterceptor with urlPatterns: [/**].
14:17:38.558 [main] INFO  c.a.n.c.r.client - [lambda$createClient$0,80] - [RpcClientFactory] create a new rpc client of f5e5d698-1378-4142-b712-7a48fffa5453
14:17:38.558 [main] INFO  c.a.n.c.r.client - [printIfInfoEnabled,60] - [f5e5d698-1378-4142-b712-7a48fffa5453] RpcClient init label, labels = {module=naming, source=sdk}
14:17:38.559 [main] INFO  c.a.n.c.r.client - [printIfInfoEnabled,60] - [f5e5d698-1378-4142-b712-7a48fffa5453] RpcClient init, ServerListFactory = com.alibaba.nacos.client.naming.core.ServerListManager
14:17:38.559 [main] INFO  c.a.n.c.r.client - [printIfInfoEnabled,60] - [f5e5d698-1378-4142-b712-7a48fffa5453] Registry connection listener to current client:com.alibaba.nacos.client.naming.remote.gprc.redo.NamingGrpcRedoService
14:17:38.559 [main] INFO  c.a.n.c.r.client - [printIfInfoEnabled,60] - [f5e5d698-1378-4142-b712-7a48fffa5453] Register server push request handler:com.alibaba.nacos.client.naming.remote.gprc.NamingPushRequestHandler
14:17:38.560 [main] INFO  c.a.n.c.r.client - [printIfInfoEnabled,60] - [f5e5d698-1378-4142-b712-7a48fffa5453] Try to connect to server on start up, server: {serverIp = '127.0.0.1', server main port = 8848}
14:17:38.667 [main] INFO  c.a.n.c.r.client - [printIfInfoEnabled,60] - [f5e5d698-1378-4142-b712-7a48fffa5453] Success to connect to server [127.0.0.1:8848] on start up, connectionId = 1690265858562_127.0.0.1_63043
14:17:38.667 [main] INFO  c.a.n.c.r.client - [printIfInfoEnabled,60] - [f5e5d698-1378-4142-b712-7a48fffa5453] Register server push request handler:com.alibaba.nacos.common.remote.client.RpcClient$ConnectResetRequestHandler
14:17:38.668 [com.alibaba.nacos.client.remote.worker] INFO  c.a.n.c.r.client - [printIfInfoEnabled,60] - [f5e5d698-1378-4142-b712-7a48fffa5453] Notify connected event to listeners.
14:17:38.668 [main] INFO  c.a.n.c.r.client - [printIfInfoEnabled,60] - [f5e5d698-1378-4142-b712-7a48fffa5453] Register server push request handler:com.alibaba.nacos.common.remote.client.RpcClient$$Lambda$344/1366499339
14:17:38.724 [main] INFO  o.a.c.h.Http11NioProtocol - [log,173] - Starting ProtocolHandler ["http-nio-9232"]
14:17:38.765 [main] INFO  c.a.c.n.r.NacosServiceRegistry - [register,75] - nacos registry, DEFAULT_GROUP xmap-sentiment 10.100.4.8:9232 register finished
14:17:39.308 [nacos-grpc-client-executor-6] INFO  c.a.n.c.r.client - [printIfInfoEnabled,60] - [f5e5d698-1378-4142-b712-7a48fffa5453] Receive server push request, request = NotifySubscriberRequest, requestId = 16
14:17:39.311 [nacos-grpc-client-executor-6] INFO  c.a.n.c.r.client - [printIfInfoEnabled,60] - [f5e5d698-1378-4142-b712-7a48fffa5453] Ack server push request, request = NotifySubscriberRequest, requestId = 16
14:17:39.876 [main] INFO  c.x.s.XmapSentimentApplication - [logStarted,61] - Started XmapSentimentApplication in 12.765 seconds (JVM running for 13.815)
14:17:39.883 [main] INFO  c.a.c.n.r.NacosContextRefresher - [registerNacosListener,129] - [Nacos Config] Listening config: dataId=xmap-sentiment, group=DEFAULT_GROUP
14:17:39.883 [main] INFO  c.a.c.n.r.NacosContextRefresher - [registerNacosListener,129] - [Nacos Config] Listening config: dataId=xmap-sentiment.yml, group=DEFAULT_GROUP
14:17:39.884 [main] INFO  c.a.c.n.r.NacosContextRefresher - [registerNacosListener,129] - [Nacos Config] Listening config: dataId=xmap-sentiment-dev.yml, group=DEFAULT_GROUP
14:17:40.991 [RMI TCP Connection(4)-10.100.4.8] INFO  o.a.c.c.C.[.[.[/] - [log,173] - Initializing Spring DispatcherServlet 'dispatcherServlet'
14:59:12.899 [SpringApplicationShutdownHook] INFO  c.a.c.n.r.NacosServiceRegistry - [deregister,94] - De-registering from Nacos Server now...
14:59:12.951 [SpringApplicationShutdownHook] INFO  c.a.c.n.r.NacosServiceRegistry - [deregister,114] - De-registration finished.
14:59:13.297 [SpringApplicationShutdownHook] INFO  c.a.n.c.r.client - [shutdown,454] - Shutdown rpc client, set status to shutdown
14:59:13.297 [SpringApplicationShutdownHook] INFO  c.a.n.c.r.client - [shutdown,456] - Shutdown client event executor java.util.concurrent.ScheduledThreadPoolExecutor@97cd2a9[Running, pool size = 2, active threads = 2, queued tasks = 0, completed tasks = 0]
14:59:13.298 [SpringApplicationShutdownHook] INFO  c.a.n.c.r.client - [closeConnection,591] - Close current connection 1690265858562_127.0.0.1_63043
14:59:13.302 [nacos-grpc-client-executor-576] INFO  c.a.n.c.r.c.g.GrpcClient - [printIfInfoEnabled,60] - [1690265858562_127.0.0.1_63043]Ignore complete event,isRunning:false,isAbandon=false
14:59:13.316 [SpringApplicationShutdownHook] INFO  c.a.n.c.r.c.g.GrpcClient - [shutdown,85] - Shutdown grpc executor java.util.concurrent.ThreadPoolExecutor@2da31ca[Running, pool size = 5, active threads = 0, queued tasks = 0, completed tasks = 577]
14:59:13.476 [SpringApplicationShutdownHook] INFO  c.b.d.d.DynamicRoutingDataSource - [destroy,211] - dynamic-datasource start closing ....
14:59:13.481 [SpringApplicationShutdownHook] INFO  c.a.d.p.DruidDataSource - [close,2138] - {dataSource-1} closing ...
14:59:13.494 [SpringApplicationShutdownHook] INFO  c.a.d.p.DruidDataSource - [close,2211] - {dataSource-1} closed
14:59:13.494 [SpringApplicationShutdownHook] INFO  c.b.d.d.DynamicRoutingDataSource - [destroy,215] - dynamic-datasource all closed success,bye
14:59:14.678 [SpringApplicationShutdownHook] INFO  c.a.c.n.r.NacosServiceRegistry - [deregister,94] - De-registering from Nacos Server now...
14:59:14.682 [SpringApplicationShutdownHook] INFO  c.a.c.n.r.NacosServiceRegistry - [deregister,114] - De-registration finished.
14:59:15.021 [SpringApplicationShutdownHook] INFO  c.a.n.c.r.client - [shutdown,454] - Shutdown rpc client, set status to shutdown
14:59:15.022 [SpringApplicationShutdownHook] INFO  c.a.n.c.r.client - [shutdown,456] - Shutdown client event executor java.util.concurrent.ScheduledThreadPoolExecutor@4844ece1[Running, pool size = 2, active threads = 2, queued tasks = 0, completed tasks = 0]
14:59:15.022 [SpringApplicationShutdownHook] INFO  c.a.n.c.r.client - [closeConnection,591] - Close current connection 1690265773792_127.0.0.1_62369
14:59:15.028 [nacos-grpc-client-executor-579] INFO  c.a.n.c.r.c.g.GrpcClient - [printIfInfoEnabled,60] - [1690265773792_127.0.0.1_62369]Ignore complete event,isRunning:false,isAbandon=false
14:59:15.035 [SpringApplicationShutdownHook] INFO  c.a.n.c.r.c.g.GrpcClient - [shutdown,85] - Shutdown grpc executor java.util.concurrent.ThreadPoolExecutor@756f1eba[Running, pool size = 7, active threads = 0, queued tasks = 0, completed tasks = 580]
14:59:15.205 [SpringApplicationShutdownHook] INFO  c.b.d.d.DynamicRoutingDataSource - [destroy,211] - dynamic-datasource start closing ....
14:59:15.209 [SpringApplicationShutdownHook] INFO  c.a.d.p.DruidDataSource - [close,2138] - {dataSource-1} closing ...
14:59:15.219 [SpringApplicationShutdownHook] INFO  c.a.d.p.DruidDataSource - [close,2211] - {dataSource-1} closed
14:59:15.219 [SpringApplicationShutdownHook] INFO  c.b.d.d.DynamicRoutingDataSource - [destroy,215] - dynamic-datasource all closed success,bye
15:37:21.941 [background-preinit] INFO  o.h.v.i.util.Version - [<clinit>,21] - HV000001: Hibernate Validator 6.2.5.Final
15:37:23.219 [background-preinit] INFO  o.h.v.i.util.Version - [<clinit>,21] - HV000001: Hibernate Validator 6.2.5.Final
15:37:24.775 [main] INFO  c.a.n.c.r.client - [lambda$createClient$0,80] - [RpcClientFactory] create a new rpc client of 2312ea27-14b0-4b24-a9c0-b027601eb092_config-0
15:37:24.805 [main] INFO  o.r.Reflections - [scan,232] - Reflections took 17 ms to scan 1 urls, producing 3 keys and 6 values 
15:37:25.263 [main] INFO  o.r.Reflections - [scan,232] - Reflections took 450 ms to scan 1 urls, producing 4 keys and 9 values 
15:37:25.401 [main] INFO  o.r.Reflections - [scan,232] - Reflections took 137 ms to scan 1 urls, producing 3 keys and 10 values 
15:37:26.342 [main] INFO  c.a.n.c.r.client - [lambda$createClient$0,80] - [RpcClientFactory] create a new rpc client of c0f5feee-98c2-4793-b725-2fedbcb25fb3_config-0
15:37:26.376 [main] INFO  o.r.Reflections - [scan,232] - Reflections took 972 ms to scan 199 urls, producing 0 keys and 0 values 
15:37:26.378 [main] INFO  o.r.Reflections - [scan,232] - Reflections took 23 ms to scan 1 urls, producing 3 keys and 6 values 
15:37:26.849 [main] INFO  o.r.Reflections - [scan,232] - Reflections took 472 ms to scan 1 urls, producing 1 keys and 5 values 
15:37:27.073 [main] INFO  o.r.Reflections - [scan,232] - Reflections took 492 ms to scan 1 urls, producing 4 keys and 9 values 
15:37:27.226 [main] INFO  o.r.Reflections - [scan,232] - Reflections took 376 ms to scan 1 urls, producing 1 keys and 7 values 
15:37:27.574 [main] INFO  o.r.Reflections - [scan,232] - Reflections took 499 ms to scan 1 urls, producing 3 keys and 10 values 
15:37:27.577 [main] INFO  o.r.Reflections - [scan,232] - Reflections took 348 ms to scan 1 urls, producing 2 keys and 8 values 
15:37:28.217 [main] INFO  o.r.Reflections - [scan,232] - Reflections took 636 ms to scan 199 urls, producing 0 keys and 0 values 
15:37:28.225 [main] INFO  o.r.Reflections - [scan,232] - Reflections took 644 ms to scan 199 urls, producing 0 keys and 0 values 
15:37:28.320 [main] INFO  c.a.n.c.r.client - [printIfInfoEnabled,60] - [2312ea27-14b0-4b24-a9c0-b027601eb092_config-0] RpcClient init label, labels = {module=config, Vipserver-Tag=null, source=sdk, Amory-Tag=null, Location-Tag=null, taskId=0, AppName=unknown}
15:37:28.322 [main] INFO  c.a.n.c.r.client - [printIfInfoEnabled,60] - [2312ea27-14b0-4b24-a9c0-b027601eb092_config-0] Register server push request handler:com.alibaba.nacos.client.config.impl.ClientWorker$ConfigRpcTransportClient$$Lambda$334/832145584
15:37:28.323 [main] INFO  c.a.n.c.r.client - [printIfInfoEnabled,60] - [2312ea27-14b0-4b24-a9c0-b027601eb092_config-0] Register server push request handler:com.alibaba.nacos.client.config.impl.ClientWorker$ConfigRpcTransportClient$$Lambda$335/224060798
15:37:28.325 [main] INFO  c.a.n.c.r.client - [printIfInfoEnabled,60] - [2312ea27-14b0-4b24-a9c0-b027601eb092_config-0] Registry connection listener to current client:com.alibaba.nacos.client.config.impl.ClientWorker$ConfigRpcTransportClient$1
15:37:28.327 [main] INFO  c.a.n.c.r.client - [printIfInfoEnabled,60] - [2312ea27-14b0-4b24-a9c0-b027601eb092_config-0] RpcClient init, ServerListFactory = com.alibaba.nacos.client.config.impl.ClientWorker$ConfigRpcTransportClient$2
15:37:28.349 [main] INFO  c.a.n.c.r.client - [printIfInfoEnabled,60] - [2312ea27-14b0-4b24-a9c0-b027601eb092_config-0] Try to connect to server on start up, server: {serverIp = '127.0.0.1', server main port = 8848}
15:37:28.353 [main] INFO  o.r.Reflections - [scan,232] - Reflections took 126 ms to scan 1 urls, producing 1 keys and 5 values 
15:37:28.385 [main] INFO  o.r.Reflections - [scan,232] - Reflections took 26 ms to scan 1 urls, producing 1 keys and 7 values 
15:37:28.401 [main] INFO  o.r.Reflections - [scan,232] - Reflections took 13 ms to scan 1 urls, producing 2 keys and 8 values 
15:37:28.544 [main] INFO  o.r.Reflections - [scan,232] - Reflections took 139 ms to scan 199 urls, producing 0 keys and 0 values 
15:37:28.545 [main] INFO  c.a.n.c.r.client - [printIfInfoEnabled,60] - [c0f5feee-98c2-4793-b725-2fedbcb25fb3_config-0] RpcClient init label, labels = {module=config, Vipserver-Tag=null, source=sdk, Amory-Tag=null, Location-Tag=null, taskId=0, AppName=unknown}
15:37:28.546 [main] INFO  c.a.n.c.r.client - [printIfInfoEnabled,60] - [c0f5feee-98c2-4793-b725-2fedbcb25fb3_config-0] Register server push request handler:com.alibaba.nacos.client.config.impl.ClientWorker$ConfigRpcTransportClient$$Lambda$334/832145584
15:37:28.546 [main] INFO  c.a.n.c.r.client - [printIfInfoEnabled,60] - [c0f5feee-98c2-4793-b725-2fedbcb25fb3_config-0] Register server push request handler:com.alibaba.nacos.client.config.impl.ClientWorker$ConfigRpcTransportClient$$Lambda$335/224060798
15:37:28.548 [main] INFO  c.a.n.c.r.client - [printIfInfoEnabled,60] - [c0f5feee-98c2-4793-b725-2fedbcb25fb3_config-0] Registry connection listener to current client:com.alibaba.nacos.client.config.impl.ClientWorker$ConfigRpcTransportClient$1
15:37:28.548 [main] INFO  c.a.n.c.r.client - [printIfInfoEnabled,60] - [c0f5feee-98c2-4793-b725-2fedbcb25fb3_config-0] RpcClient init, ServerListFactory = com.alibaba.nacos.client.config.impl.ClientWorker$ConfigRpcTransportClient$2
15:37:28.558 [main] INFO  c.a.n.c.r.client - [printIfInfoEnabled,60] - [c0f5feee-98c2-4793-b725-2fedbcb25fb3_config-0] Try to connect to server on start up, server: {serverIp = '127.0.0.1', server main port = 8848}
15:37:44.138 [main] INFO  c.a.n.c.r.client - [printIfInfoEnabled,60] - [2312ea27-14b0-4b24-a9c0-b027601eb092_config-0] Try to connect to server on start up, server: {serverIp = '127.0.0.1', server main port = 8848}
15:37:44.138 [main] INFO  c.a.n.c.r.client - [printIfInfoEnabled,60] - [c0f5feee-98c2-4793-b725-2fedbcb25fb3_config-0] Try to connect to server on start up, server: {serverIp = '127.0.0.1', server main port = 8848}
15:37:47.769 [main] INFO  c.a.n.c.r.client - [printIfInfoEnabled,60] - [2312ea27-14b0-4b24-a9c0-b027601eb092_config-0] Try to connect to server on start up, server: {serverIp = '127.0.0.1', server main port = 8848}
15:37:47.874 [main] INFO  c.a.n.c.r.client - [printIfInfoEnabled,60] - [c0f5feee-98c2-4793-b725-2fedbcb25fb3_config-0] Try to connect to server on start up, server: {serverIp = '127.0.0.1', server main port = 8848}
15:37:51.087 [com.alibaba.nacos.client.remote.worker] INFO  c.a.n.c.r.client - [printIfInfoEnabled,60] - [2312ea27-14b0-4b24-a9c0-b027601eb092_config-0] Try to reconnect to a new server, server is  not appointed, will choose a random server.
15:37:51.087 [com.alibaba.nacos.client.remote.worker] INFO  c.a.n.c.r.client - [printIfInfoEnabled,60] - [c0f5feee-98c2-4793-b725-2fedbcb25fb3_config-0] Try to reconnect to a new server, server is  not appointed, will choose a random server.
15:37:51.189 [main] INFO  c.a.n.c.r.client - [printIfInfoEnabled,60] - [c0f5feee-98c2-4793-b725-2fedbcb25fb3_config-0] Register server push request handler:com.alibaba.nacos.common.remote.client.RpcClient$ConnectResetRequestHandler
15:37:51.189 [main] INFO  c.a.n.c.r.client - [printIfInfoEnabled,60] - [2312ea27-14b0-4b24-a9c0-b027601eb092_config-0] Register server push request handler:com.alibaba.nacos.common.remote.client.RpcClient$ConnectResetRequestHandler
15:37:51.189 [main] INFO  c.a.n.c.r.client - [printIfInfoEnabled,60] - [c0f5feee-98c2-4793-b725-2fedbcb25fb3_config-0] Register server push request handler:com.alibaba.nacos.common.remote.client.RpcClient$$Lambda$344/559998250
15:37:51.189 [main] INFO  c.a.n.c.r.client - [printIfInfoEnabled,60] - [2312ea27-14b0-4b24-a9c0-b027601eb092_config-0] Register server push request handler:com.alibaba.nacos.common.remote.client.RpcClient$$Lambda$344/703627308
15:37:56.676 [com.alibaba.nacos.client.remote.worker] INFO  c.a.n.c.r.client - [printIfInfoEnabled,60] - [2312ea27-14b0-4b24-a9c0-b027601eb092_config-0] Success to connect a server [127.0.0.1:8848], connectionId = 1690270674839_127.0.0.1_63339
15:37:56.676 [com.alibaba.nacos.client.remote.worker] INFO  c.a.n.c.r.client - [printIfInfoEnabled,60] - [c0f5feee-98c2-4793-b725-2fedbcb25fb3_config-0] Success to connect a server [127.0.0.1:8848], connectionId = 1690270674516_127.0.0.1_63340
15:37:56.677 [com.alibaba.nacos.client.remote.worker] INFO  c.a.n.c.r.client - [printIfInfoEnabled,60] - [2312ea27-14b0-4b24-a9c0-b027601eb092_config-0] Notify connected event to listeners.
15:37:56.677 [com.alibaba.nacos.client.remote.worker] INFO  c.a.n.c.r.client - [printIfInfoEnabled,60] - [c0f5feee-98c2-4793-b725-2fedbcb25fb3_config-0] Notify connected event to listeners.
15:37:56.883 [main] INFO  c.x.s.XmapSentimentApplication - [logStartupProfileInfo,637] - The following 1 profile is active: "dev"
15:37:56.883 [main] INFO  c.x.t.XmapTicketApplication - [logStartupProfileInfo,637] - The following 1 profile is active: "dev"
15:37:59.490 [main] INFO  o.a.c.h.Http11NioProtocol - [log,173] - Initializing ProtocolHandler ["http-nio-9232"]
15:37:59.490 [main] INFO  o.a.c.c.StandardService - [log,173] - Starting service [Tomcat]
15:37:59.490 [main] INFO  o.a.c.c.StandardEngine - [log,173] - Starting Servlet engine: [Apache Tomcat/9.0.70]
15:37:59.671 [main] INFO  o.a.c.c.C.[.[.[/] - [log,173] - Initializing Spring embedded WebApplicationContext
15:38:01.823 [main] INFO  c.a.d.p.DruidDataSource - [init,996] - {dataSource-1,master} inited
15:38:01.824 [main] INFO  c.b.d.d.DynamicRoutingDataSource - [addDataSource,154] - dynamic-datasource - add a datasource named [master] success
15:38:01.824 [main] INFO  c.b.d.d.DynamicRoutingDataSource - [afterPropertiesSet,234] - dynamic-datasource initial loaded [1] datasource,primary datasource named [master]
15:38:02.884 [main] INFO  c.a.c.s.SentinelWebMvcConfigurer - [addInterceptors,52] - [Sentinel Starter] register SentinelWebInterceptor with urlPatterns: [/**].
15:38:09.515 [main] INFO  c.a.n.c.r.client - [lambda$createClient$0,80] - [RpcClientFactory] create a new rpc client of a4b01b58-ff31-4f78-b077-2ad0b29fa12a
15:38:09.515 [main] INFO  c.a.n.c.r.client - [printIfInfoEnabled,60] - [a4b01b58-ff31-4f78-b077-2ad0b29fa12a] RpcClient init label, labels = {module=naming, source=sdk}
15:38:09.516 [main] INFO  c.a.n.c.r.client - [printIfInfoEnabled,60] - [a4b01b58-ff31-4f78-b077-2ad0b29fa12a] RpcClient init, ServerListFactory = com.alibaba.nacos.client.naming.core.ServerListManager
15:38:09.517 [main] INFO  c.a.n.c.r.client - [printIfInfoEnabled,60] - [a4b01b58-ff31-4f78-b077-2ad0b29fa12a] Registry connection listener to current client:com.alibaba.nacos.client.naming.remote.gprc.redo.NamingGrpcRedoService
15:38:09.517 [main] INFO  c.a.n.c.r.client - [printIfInfoEnabled,60] - [a4b01b58-ff31-4f78-b077-2ad0b29fa12a] Register server push request handler:com.alibaba.nacos.client.naming.remote.gprc.NamingPushRequestHandler
15:38:09.517 [main] INFO  c.a.n.c.r.client - [printIfInfoEnabled,60] - [a4b01b58-ff31-4f78-b077-2ad0b29fa12a] Try to connect to server on start up, server: {serverIp = '127.0.0.1', server main port = 8848}
15:38:09.627 [main] INFO  c.a.n.c.r.client - [printIfInfoEnabled,60] - [a4b01b58-ff31-4f78-b077-2ad0b29fa12a] Success to connect to server [127.0.0.1:8848] on start up, connectionId = 1690270689521_127.0.0.1_63723
15:38:09.627 [main] INFO  c.a.n.c.r.client - [printIfInfoEnabled,60] - [a4b01b58-ff31-4f78-b077-2ad0b29fa12a] Register server push request handler:com.alibaba.nacos.common.remote.client.RpcClient$ConnectResetRequestHandler
15:38:09.627 [com.alibaba.nacos.client.remote.worker] INFO  c.a.n.c.r.client - [printIfInfoEnabled,60] - [a4b01b58-ff31-4f78-b077-2ad0b29fa12a] Notify connected event to listeners.
15:38:09.627 [main] INFO  c.a.n.c.r.client - [printIfInfoEnabled,60] - [a4b01b58-ff31-4f78-b077-2ad0b29fa12a] Register server push request handler:com.alibaba.nacos.common.remote.client.RpcClient$$Lambda$344/559998250
15:38:09.656 [main] INFO  o.a.c.h.Http11NioProtocol - [log,173] - Starting ProtocolHandler ["http-nio-9232"]
15:38:09.683 [main] INFO  c.a.c.n.r.NacosServiceRegistry - [register,75] - nacos registry, DEFAULT_GROUP xmap-sentiment 192.168.33.106:9232 register finished
15:38:10.221 [nacos-grpc-client-executor-6] INFO  c.a.n.c.r.client - [printIfInfoEnabled,60] - [a4b01b58-ff31-4f78-b077-2ad0b29fa12a] Receive server push request, request = NotifySubscriberRequest, requestId = 33
15:38:10.227 [nacos-grpc-client-executor-6] INFO  c.a.n.c.r.client - [printIfInfoEnabled,60] - [a4b01b58-ff31-4f78-b077-2ad0b29fa12a] Ack server push request, request = NotifySubscriberRequest, requestId = 33
15:38:13.344 [main] INFO  c.x.s.XmapSentimentApplication - [logStarted,61] - Started XmapSentimentApplication in 53.062 seconds (JVM running for 55.393)
15:38:13.351 [main] INFO  c.a.c.n.r.NacosContextRefresher - [registerNacosListener,129] - [Nacos Config] Listening config: dataId=xmap-sentiment, group=DEFAULT_GROUP
15:38:13.352 [main] INFO  c.a.c.n.r.NacosContextRefresher - [registerNacosListener,129] - [Nacos Config] Listening config: dataId=xmap-sentiment.yml, group=DEFAULT_GROUP
15:38:13.352 [main] INFO  c.a.c.n.r.NacosContextRefresher - [registerNacosListener,129] - [Nacos Config] Listening config: dataId=xmap-sentiment-dev.yml, group=DEFAULT_GROUP
15:38:15.019 [RMI TCP Connection(13)-192.168.33.106] INFO  o.a.c.c.C.[.[.[/] - [log,173] - Initializing Spring DispatcherServlet 'dispatcherServlet'
15:47:07.707 [background-preinit] INFO  o.h.v.i.util.Version - [<clinit>,21] - HV000001: Hibernate Validator 6.2.5.Final
15:47:09.761 [main] INFO  c.a.n.c.r.client - [lambda$createClient$0,80] - [RpcClientFactory] create a new rpc client of 2e019b02-f9c0-4064-9aea-9c5b8a86698a_config-0
15:47:09.791 [main] INFO  o.r.Reflections - [scan,232] - Reflections took 17 ms to scan 1 urls, producing 3 keys and 6 values 
15:47:09.809 [main] INFO  o.r.Reflections - [scan,232] - Reflections took 7 ms to scan 1 urls, producing 4 keys and 9 values 
15:47:09.817 [main] INFO  o.r.Reflections - [scan,232] - Reflections took 7 ms to scan 1 urls, producing 3 keys and 10 values 
15:47:09.947 [main] INFO  o.r.Reflections - [scan,232] - Reflections took 128 ms to scan 199 urls, producing 0 keys and 0 values 
15:47:09.954 [main] INFO  o.r.Reflections - [scan,232] - Reflections took 6 ms to scan 1 urls, producing 1 keys and 5 values 
15:47:09.964 [main] INFO  o.r.Reflections - [scan,232] - Reflections took 9 ms to scan 1 urls, producing 1 keys and 7 values 
15:47:09.973 [main] INFO  o.r.Reflections - [scan,232] - Reflections took 6 ms to scan 1 urls, producing 2 keys and 8 values 
15:47:10.078 [main] INFO  o.r.Reflections - [scan,232] - Reflections took 104 ms to scan 199 urls, producing 0 keys and 0 values 
15:47:10.079 [main] INFO  c.a.n.c.r.client - [printIfInfoEnabled,60] - [2e019b02-f9c0-4064-9aea-9c5b8a86698a_config-0] RpcClient init label, labels = {module=config, Vipserver-Tag=null, source=sdk, Amory-Tag=null, Location-Tag=null, taskId=0, AppName=unknown}
15:47:10.079 [main] INFO  c.a.n.c.r.client - [printIfInfoEnabled,60] - [2e019b02-f9c0-4064-9aea-9c5b8a86698a_config-0] Register server push request handler:com.alibaba.nacos.client.config.impl.ClientWorker$ConfigRpcTransportClient$$Lambda$334/832145584
15:47:10.080 [main] INFO  c.a.n.c.r.client - [printIfInfoEnabled,60] - [2e019b02-f9c0-4064-9aea-9c5b8a86698a_config-0] Register server push request handler:com.alibaba.nacos.client.config.impl.ClientWorker$ConfigRpcTransportClient$$Lambda$335/224060798
15:47:10.080 [main] INFO  c.a.n.c.r.client - [printIfInfoEnabled,60] - [2e019b02-f9c0-4064-9aea-9c5b8a86698a_config-0] Registry connection listener to current client:com.alibaba.nacos.client.config.impl.ClientWorker$ConfigRpcTransportClient$1
15:47:10.081 [main] INFO  c.a.n.c.r.client - [printIfInfoEnabled,60] - [2e019b02-f9c0-4064-9aea-9c5b8a86698a_config-0] RpcClient init, ServerListFactory = com.alibaba.nacos.client.config.impl.ClientWorker$ConfigRpcTransportClient$2
15:47:10.086 [main] INFO  c.a.n.c.r.client - [printIfInfoEnabled,60] - [2e019b02-f9c0-4064-9aea-9c5b8a86698a_config-0] Try to connect to server on start up, server: {serverIp = '127.0.0.1', server main port = 8848}
15:47:12.654 [main] INFO  c.a.n.c.r.client - [printIfInfoEnabled,60] - [2e019b02-f9c0-4064-9aea-9c5b8a86698a_config-0] Success to connect to server [127.0.0.1:8848] on start up, connectionId = 1690271232454_127.0.0.1_50068
15:47:12.655 [com.alibaba.nacos.client.remote.worker] INFO  c.a.n.c.r.client - [printIfInfoEnabled,60] - [2e019b02-f9c0-4064-9aea-9c5b8a86698a_config-0] Notify connected event to listeners.
15:47:12.655 [main] INFO  c.a.n.c.r.client - [printIfInfoEnabled,60] - [2e019b02-f9c0-4064-9aea-9c5b8a86698a_config-0] Register server push request handler:com.alibaba.nacos.common.remote.client.RpcClient$ConnectResetRequestHandler
15:47:12.656 [main] INFO  c.a.n.c.r.client - [printIfInfoEnabled,60] - [2e019b02-f9c0-4064-9aea-9c5b8a86698a_config-0] Register server push request handler:com.alibaba.nacos.common.remote.client.RpcClient$$Lambda$344/1788034018
15:47:12.715 [main] INFO  c.x.t.XmapTicketApplication - [logStartupProfileInfo,637] - The following 1 profile is active: "dev"
15:48:45.884 [background-preinit] INFO  o.h.v.i.util.Version - [<clinit>,21] - HV000001: Hibernate Validator 6.2.5.Final
15:48:48.004 [main] INFO  c.a.n.c.r.client - [lambda$createClient$0,80] - [RpcClientFactory] create a new rpc client of 0d7e7f64-8d1f-4c5e-95e2-85163c91935b_config-0
15:48:48.043 [main] INFO  o.r.Reflections - [scan,232] - Reflections took 20 ms to scan 1 urls, producing 3 keys and 6 values 
15:48:48.070 [main] INFO  o.r.Reflections - [scan,232] - Reflections took 10 ms to scan 1 urls, producing 4 keys and 9 values 
15:48:48.077 [main] INFO  o.r.Reflections - [scan,232] - Reflections took 6 ms to scan 1 urls, producing 3 keys and 10 values 
15:48:48.232 [main] INFO  o.r.Reflections - [scan,232] - Reflections took 152 ms to scan 199 urls, producing 0 keys and 0 values 
15:48:48.242 [main] INFO  o.r.Reflections - [scan,232] - Reflections took 10 ms to scan 1 urls, producing 1 keys and 5 values 
15:48:48.258 [main] INFO  o.r.Reflections - [scan,232] - Reflections took 14 ms to scan 1 urls, producing 1 keys and 7 values 
15:48:48.276 [main] INFO  o.r.Reflections - [scan,232] - Reflections took 15 ms to scan 1 urls, producing 2 keys and 8 values 
15:48:48.421 [main] INFO  o.r.Reflections - [scan,232] - Reflections took 142 ms to scan 199 urls, producing 0 keys and 0 values 
15:48:48.421 [main] INFO  c.a.n.c.r.client - [printIfInfoEnabled,60] - [0d7e7f64-8d1f-4c5e-95e2-85163c91935b_config-0] RpcClient init label, labels = {module=config, Vipserver-Tag=null, source=sdk, Amory-Tag=null, Location-Tag=null, taskId=0, AppName=unknown}
15:48:48.422 [main] INFO  c.a.n.c.r.client - [printIfInfoEnabled,60] - [0d7e7f64-8d1f-4c5e-95e2-85163c91935b_config-0] Register server push request handler:com.alibaba.nacos.client.config.impl.ClientWorker$ConfigRpcTransportClient$$Lambda$334/2116299597
15:48:48.422 [main] INFO  c.a.n.c.r.client - [printIfInfoEnabled,60] - [0d7e7f64-8d1f-4c5e-95e2-85163c91935b_config-0] Register server push request handler:com.alibaba.nacos.client.config.impl.ClientWorker$ConfigRpcTransportClient$$Lambda$335/50720817
15:48:48.423 [main] INFO  c.a.n.c.r.client - [printIfInfoEnabled,60] - [0d7e7f64-8d1f-4c5e-95e2-85163c91935b_config-0] Registry connection listener to current client:com.alibaba.nacos.client.config.impl.ClientWorker$ConfigRpcTransportClient$1
15:48:48.423 [main] INFO  c.a.n.c.r.client - [printIfInfoEnabled,60] - [0d7e7f64-8d1f-4c5e-95e2-85163c91935b_config-0] RpcClient init, ServerListFactory = com.alibaba.nacos.client.config.impl.ClientWorker$ConfigRpcTransportClient$2
15:48:48.430 [main] INFO  c.a.n.c.r.client - [printIfInfoEnabled,60] - [0d7e7f64-8d1f-4c5e-95e2-85163c91935b_config-0] Try to connect to server on start up, server: {serverIp = '127.0.0.1', server main port = 8848}
15:48:51.344 [main] INFO  c.a.n.c.r.client - [printIfInfoEnabled,60] - [0d7e7f64-8d1f-4c5e-95e2-85163c91935b_config-0] Success to connect to server [127.0.0.1:8848] on start up, connectionId = 1690271331145_127.0.0.1_50420
15:48:51.345 [main] INFO  c.a.n.c.r.client - [printIfInfoEnabled,60] - [0d7e7f64-8d1f-4c5e-95e2-85163c91935b_config-0] Register server push request handler:com.alibaba.nacos.common.remote.client.RpcClient$ConnectResetRequestHandler
15:48:51.344 [com.alibaba.nacos.client.remote.worker] INFO  c.a.n.c.r.client - [printIfInfoEnabled,60] - [0d7e7f64-8d1f-4c5e-95e2-85163c91935b_config-0] Notify connected event to listeners.
15:48:51.345 [main] INFO  c.a.n.c.r.client - [printIfInfoEnabled,60] - [0d7e7f64-8d1f-4c5e-95e2-85163c91935b_config-0] Register server push request handler:com.alibaba.nacos.common.remote.client.RpcClient$$Lambda$344/1300576734
15:48:51.395 [main] INFO  c.x.t.XmapTicketApplication - [logStartupProfileInfo,637] - The following 1 profile is active: "dev"
15:48:53.111 [main] INFO  o.a.c.h.Http11NioProtocol - [log,173] - Initializing ProtocolHandler ["http-nio-9230"]
15:48:53.112 [main] INFO  o.a.c.c.StandardService - [log,173] - Starting service [Tomcat]
15:48:53.112 [main] INFO  o.a.c.c.StandardEngine - [log,173] - Starting Servlet engine: [Apache Tomcat/9.0.70]
15:48:53.302 [main] INFO  o.a.c.c.C.[.[.[/] - [log,173] - Initializing Spring embedded WebApplicationContext
15:48:54.526 [main] INFO  c.a.d.p.DruidDataSource - [init,996] - {dataSource-1,master} inited
15:48:54.527 [main] INFO  c.b.d.d.DynamicRoutingDataSource - [addDataSource,154] - dynamic-datasource - add a datasource named [master] success
15:48:54.528 [main] INFO  c.b.d.d.DynamicRoutingDataSource - [afterPropertiesSet,234] - dynamic-datasource initial loaded [1] datasource,primary datasource named [master]
15:48:55.486 [main] INFO  c.a.c.s.SentinelWebMvcConfigurer - [addInterceptors,52] - [Sentinel Starter] register SentinelWebInterceptor with urlPatterns: [/**].
15:49:00.709 [main] INFO  c.a.n.c.r.client - [lambda$createClient$0,80] - [RpcClientFactory] create a new rpc client of 60a1e827-b27e-414d-8808-d3d0918b204c
15:49:00.709 [main] INFO  c.a.n.c.r.client - [printIfInfoEnabled,60] - [60a1e827-b27e-414d-8808-d3d0918b204c] RpcClient init label, labels = {module=naming, source=sdk}
15:49:00.711 [main] INFO  c.a.n.c.r.client - [printIfInfoEnabled,60] - [60a1e827-b27e-414d-8808-d3d0918b204c] RpcClient init, ServerListFactory = com.alibaba.nacos.client.naming.core.ServerListManager
15:49:00.711 [main] INFO  c.a.n.c.r.client - [printIfInfoEnabled,60] - [60a1e827-b27e-414d-8808-d3d0918b204c] Registry connection listener to current client:com.alibaba.nacos.client.naming.remote.gprc.redo.NamingGrpcRedoService
15:49:00.711 [main] INFO  c.a.n.c.r.client - [printIfInfoEnabled,60] - [60a1e827-b27e-414d-8808-d3d0918b204c] Register server push request handler:com.alibaba.nacos.client.naming.remote.gprc.NamingPushRequestHandler
15:49:00.711 [main] INFO  c.a.n.c.r.client - [printIfInfoEnabled,60] - [60a1e827-b27e-414d-8808-d3d0918b204c] Try to connect to server on start up, server: {serverIp = '127.0.0.1', server main port = 8848}
15:49:00.820 [main] INFO  c.a.n.c.r.client - [printIfInfoEnabled,60] - [60a1e827-b27e-414d-8808-d3d0918b204c] Success to connect to server [127.0.0.1:8848] on start up, connectionId = 1690271340716_127.0.0.1_50439
15:49:00.821 [main] INFO  c.a.n.c.r.client - [printIfInfoEnabled,60] - [60a1e827-b27e-414d-8808-d3d0918b204c] Register server push request handler:com.alibaba.nacos.common.remote.client.RpcClient$ConnectResetRequestHandler
15:49:00.821 [com.alibaba.nacos.client.remote.worker] INFO  c.a.n.c.r.client - [printIfInfoEnabled,60] - [60a1e827-b27e-414d-8808-d3d0918b204c] Notify connected event to listeners.
15:49:00.821 [main] INFO  c.a.n.c.r.client - [printIfInfoEnabled,60] - [60a1e827-b27e-414d-8808-d3d0918b204c] Register server push request handler:com.alibaba.nacos.common.remote.client.RpcClient$$Lambda$344/1300576734
15:49:00.875 [main] INFO  o.a.c.h.Http11NioProtocol - [log,173] - Starting ProtocolHandler ["http-nio-9230"]
15:49:00.894 [main] INFO  c.a.c.n.r.NacosServiceRegistry - [register,75] - nacos registry, DEFAULT_GROUP xmap-ticket 192.168.33.106:9230 register finished
15:49:01.411 [nacos-grpc-client-executor-8] INFO  c.a.n.c.r.client - [printIfInfoEnabled,60] - [60a1e827-b27e-414d-8808-d3d0918b204c] Receive server push request, request = NotifySubscriberRequest, requestId = 35
15:49:01.428 [nacos-grpc-client-executor-8] INFO  c.a.n.c.r.client - [printIfInfoEnabled,60] - [60a1e827-b27e-414d-8808-d3d0918b204c] Ack server push request, request = NotifySubscriberRequest, requestId = 35
15:49:03.086 [main] INFO  c.x.t.XmapTicketApplication - [logStarted,61] - Started XmapTicketApplication in 19.462 seconds (JVM running for 20.546)
15:49:03.094 [main] INFO  c.a.c.n.r.NacosContextRefresher - [registerNacosListener,129] - [Nacos Config] Listening config: dataId=xmap-ticket, group=DEFAULT_GROUP
15:49:03.095 [main] INFO  c.a.c.n.r.NacosContextRefresher - [registerNacosListener,129] - [Nacos Config] Listening config: dataId=xmap-ticket-dev.yml, group=DEFAULT_GROUP
15:49:03.095 [main] INFO  c.a.c.n.r.NacosContextRefresher - [registerNacosListener,129] - [Nacos Config] Listening config: dataId=xmap-ticket.yml, group=DEFAULT_GROUP
15:49:04.020 [RMI TCP Connection(8)-192.168.33.106] INFO  o.a.c.c.C.[.[.[/] - [log,173] - Initializing Spring DispatcherServlet 'dispatcherServlet'
18:34:11.075 [SpringApplicationShutdownHook] INFO  c.a.c.n.r.NacosServiceRegistry - [deregister,94] - De-registering from Nacos Server now...
18:34:11.083 [SpringApplicationShutdownHook] INFO  c.a.c.n.r.NacosServiceRegistry - [deregister,114] - De-registration finished.
18:34:11.095 [SpringApplicationShutdownHook] INFO  c.a.c.n.r.NacosServiceRegistry - [deregister,94] - De-registering from Nacos Server now...
18:34:11.102 [SpringApplicationShutdownHook] INFO  c.a.c.n.r.NacosServiceRegistry - [deregister,114] - De-registration finished.
18:34:11.415 [SpringApplicationShutdownHook] INFO  c.a.n.c.r.client - [shutdown,454] - Shutdown rpc client, set status to shutdown
18:34:11.415 [SpringApplicationShutdownHook] INFO  c.a.n.c.r.client - [shutdown,456] - Shutdown client event executor java.util.concurrent.ScheduledThreadPoolExecutor@71e23499[Running, pool size = 2, active threads = 2, queued tasks = 0, completed tasks = 0]
18:34:11.416 [SpringApplicationShutdownHook] INFO  c.a.n.c.r.client - [closeConnection,591] - Close current connection 1690270689521_127.0.0.1_63723
18:34:11.418 [nacos-grpc-client-executor-2344] INFO  c.a.n.c.r.c.g.GrpcClient - [printIfInfoEnabled,60] - [1690270689521_127.0.0.1_63723]Ignore complete event,isRunning:false,isAbandon=false
18:34:11.419 [SpringApplicationShutdownHook] INFO  c.a.n.c.r.c.g.GrpcClient - [shutdown,85] - Shutdown grpc executor java.util.concurrent.ThreadPoolExecutor@353e7342[Running, pool size = 5, active threads = 0, queued tasks = 0, completed tasks = 2345]
18:34:11.450 [SpringApplicationShutdownHook] INFO  c.a.n.c.r.client - [shutdown,454] - Shutdown rpc client, set status to shutdown
18:34:11.451 [SpringApplicationShutdownHook] INFO  c.a.n.c.r.client - [shutdown,456] - Shutdown client event executor java.util.concurrent.ScheduledThreadPoolExecutor@de785ea[Running, pool size = 2, active threads = 2, queued tasks = 0, completed tasks = 0]
18:34:11.451 [SpringApplicationShutdownHook] INFO  c.a.n.c.r.client - [closeConnection,591] - Close current connection 1690271340716_127.0.0.1_50439
18:34:11.455 [nacos-grpc-client-executor-2246] INFO  c.a.n.c.r.c.g.GrpcClient - [printIfInfoEnabled,60] - [1690271340716_127.0.0.1_50439]Ignore complete event,isRunning:false,isAbandon=false
18:34:11.477 [SpringApplicationShutdownHook] INFO  c.a.n.c.r.c.g.GrpcClient - [shutdown,85] - Shutdown grpc executor java.util.concurrent.ThreadPoolExecutor@a571f01[Running, pool size = 6, active threads = 0, queued tasks = 0, completed tasks = 2247]
18:34:11.644 [SpringApplicationShutdownHook] INFO  c.b.d.d.DynamicRoutingDataSource - [destroy,211] - dynamic-datasource start closing ....
18:34:11.660 [SpringApplicationShutdownHook] INFO  c.a.d.p.DruidDataSource - [close,2138] - {dataSource-1} closing ...
18:34:11.693 [SpringApplicationShutdownHook] INFO  c.a.d.p.DruidDataSource - [close,2211] - {dataSource-1} closed
18:34:11.694 [SpringApplicationShutdownHook] INFO  c.b.d.d.DynamicRoutingDataSource - [destroy,215] - dynamic-datasource all closed success,bye
18:34:11.706 [SpringApplicationShutdownHook] INFO  c.b.d.d.DynamicRoutingDataSource - [destroy,211] - dynamic-datasource start closing ....
18:34:11.720 [SpringApplicationShutdownHook] INFO  c.a.d.p.DruidDataSource - [close,2138] - {dataSource-1} closing ...
18:34:11.770 [SpringApplicationShutdownHook] INFO  c.a.d.p.DruidDataSource - [close,2211] - {dataSource-1} closed
18:34:11.771 [SpringApplicationShutdownHook] INFO  c.b.d.d.DynamicRoutingDataSource - [destroy,215] - dynamic-datasource all closed success,bye
19:56:10.168 [background-preinit] INFO  o.h.v.i.util.Version - [<clinit>,21] - HV000001: Hibernate Validator 6.2.5.Final
19:56:17.834 [main] INFO  c.a.n.c.r.client - [lambda$createClient$0,80] - [RpcClientFactory] create a new rpc client of 22b964fa-2c48-4df0-b852-941828a81b91_config-0
19:56:17.875 [main] INFO  o.r.Reflections - [scan,232] - Reflections took 26 ms to scan 1 urls, producing 3 keys and 6 values 
19:56:17.904 [main] INFO  o.r.Reflections - [scan,232] - Reflections took 16 ms to scan 1 urls, producing 4 keys and 9 values 
19:56:17.918 [main] INFO  o.r.Reflections - [scan,232] - Reflections took 10 ms to scan 1 urls, producing 3 keys and 10 values 
19:56:18.125 [main] INFO  o.r.Reflections - [scan,232] - Reflections took 203 ms to scan 199 urls, producing 0 keys and 0 values 
19:56:18.136 [main] INFO  o.r.Reflections - [scan,232] - Reflections took 11 ms to scan 1 urls, producing 1 keys and 5 values 
19:56:18.150 [main] INFO  o.r.Reflections - [scan,232] - Reflections took 12 ms to scan 1 urls, producing 1 keys and 7 values 
19:56:18.163 [main] INFO  o.r.Reflections - [scan,232] - Reflections took 11 ms to scan 1 urls, producing 2 keys and 8 values 
19:56:18.314 [main] INFO  o.r.Reflections - [scan,232] - Reflections took 149 ms to scan 199 urls, producing 0 keys and 0 values 
19:56:18.315 [main] INFO  c.a.n.c.r.client - [printIfInfoEnabled,60] - [22b964fa-2c48-4df0-b852-941828a81b91_config-0] RpcClient init label, labels = {module=config, Vipserver-Tag=null, source=sdk, Amory-Tag=null, Location-Tag=null, taskId=0, AppName=unknown}
19:56:18.316 [main] INFO  c.a.n.c.r.client - [printIfInfoEnabled,60] - [22b964fa-2c48-4df0-b852-941828a81b91_config-0] Register server push request handler:com.alibaba.nacos.client.config.impl.ClientWorker$ConfigRpcTransportClient$$Lambda$334/832145584
19:56:18.316 [main] INFO  c.a.n.c.r.client - [printIfInfoEnabled,60] - [22b964fa-2c48-4df0-b852-941828a81b91_config-0] Register server push request handler:com.alibaba.nacos.client.config.impl.ClientWorker$ConfigRpcTransportClient$$Lambda$335/224060798
19:56:18.327 [main] INFO  c.a.n.c.r.client - [printIfInfoEnabled,60] - [22b964fa-2c48-4df0-b852-941828a81b91_config-0] Registry connection listener to current client:com.alibaba.nacos.client.config.impl.ClientWorker$ConfigRpcTransportClient$1
19:56:18.329 [main] INFO  c.a.n.c.r.client - [printIfInfoEnabled,60] - [22b964fa-2c48-4df0-b852-941828a81b91_config-0] RpcClient init, ServerListFactory = com.alibaba.nacos.client.config.impl.ClientWorker$ConfigRpcTransportClient$2
19:56:18.333 [main] INFO  c.a.n.c.r.client - [printIfInfoEnabled,60] - [22b964fa-2c48-4df0-b852-941828a81b91_config-0] Try to connect to server on start up, server: {serverIp = '127.0.0.1', server main port = 8848}
19:56:28.653 [background-preinit] INFO  o.h.v.i.util.Version - [<clinit>,21] - HV000001: Hibernate Validator 6.2.5.Final
19:56:31.025 [main] INFO  c.a.n.c.r.client - [printIfInfoEnabled,60] - [22b964fa-2c48-4df0-b852-941828a81b91_config-0] Try to connect to server on start up, server: {serverIp = '127.0.0.1', server main port = 8848}
19:56:34.031 [main] INFO  c.a.n.c.r.client - [printIfInfoEnabled,60] - [22b964fa-2c48-4df0-b852-941828a81b91_config-0] Try to connect to server on start up, server: {serverIp = '127.0.0.1', server main port = 8848}
19:56:37.037 [com.alibaba.nacos.client.remote.worker] INFO  c.a.n.c.r.client - [printIfInfoEnabled,60] - [22b964fa-2c48-4df0-b852-941828a81b91_config-0] Try to reconnect to a new server, server is  not appointed, will choose a random server.
19:56:37.037 [main] INFO  c.a.n.c.r.client - [printIfInfoEnabled,60] - [22b964fa-2c48-4df0-b852-941828a81b91_config-0] Register server push request handler:com.alibaba.nacos.common.remote.client.RpcClient$ConnectResetRequestHandler
19:56:37.037 [main] INFO  c.a.n.c.r.client - [printIfInfoEnabled,60] - [22b964fa-2c48-4df0-b852-941828a81b91_config-0] Register server push request handler:com.alibaba.nacos.common.remote.client.RpcClient$$Lambda$344/645643802
19:56:37.519 [com.alibaba.nacos.client.remote.worker] INFO  c.a.n.c.r.client - [printIfInfoEnabled,60] - [22b964fa-2c48-4df0-b852-941828a81b91_config-0] Success to connect a server [127.0.0.1:8848], connectionId = 1690286197363_127.0.0.1_55818
19:56:37.519 [com.alibaba.nacos.client.remote.worker] INFO  c.a.n.c.r.client - [printIfInfoEnabled,60] - [22b964fa-2c48-4df0-b852-941828a81b91_config-0] Notify connected event to listeners.
19:56:37.592 [main] INFO  c.a.n.c.r.client - [lambda$createClient$0,80] - [RpcClientFactory] create a new rpc client of f73202d5-b3b9-4ad5-8d42-53ee145cd42a_config-0
19:56:37.625 [main] INFO  o.r.Reflections - [scan,232] - Reflections took 22 ms to scan 1 urls, producing 3 keys and 6 values 
19:56:37.631 [main] INFO  c.x.t.XmapTicketApplication - [logStartupProfileInfo,637] - The following 1 profile is active: "dev"
19:56:37.654 [main] INFO  o.r.Reflections - [scan,232] - Reflections took 15 ms to scan 1 urls, producing 4 keys and 9 values 
19:56:37.666 [main] INFO  o.r.Reflections - [scan,232] - Reflections took 9 ms to scan 1 urls, producing 3 keys and 10 values 
19:56:37.878 [main] INFO  o.r.Reflections - [scan,232] - Reflections took 209 ms to scan 199 urls, producing 0 keys and 0 values 
19:56:37.887 [main] INFO  o.r.Reflections - [scan,232] - Reflections took 8 ms to scan 1 urls, producing 1 keys and 5 values 
19:56:37.897 [main] INFO  o.r.Reflections - [scan,232] - Reflections took 8 ms to scan 1 urls, producing 1 keys and 7 values 
19:56:37.907 [main] INFO  o.r.Reflections - [scan,232] - Reflections took 9 ms to scan 1 urls, producing 2 keys and 8 values 
19:56:38.059 [main] INFO  o.r.Reflections - [scan,232] - Reflections took 150 ms to scan 199 urls, producing 0 keys and 0 values 
19:56:38.060 [main] INFO  c.a.n.c.r.client - [printIfInfoEnabled,60] - [f73202d5-b3b9-4ad5-8d42-53ee145cd42a_config-0] RpcClient init label, labels = {module=config, Vipserver-Tag=null, source=sdk, Amory-Tag=null, Location-Tag=null, taskId=0, AppName=unknown}
19:56:38.060 [main] INFO  c.a.n.c.r.client - [printIfInfoEnabled,60] - [f73202d5-b3b9-4ad5-8d42-53ee145cd42a_config-0] Register server push request handler:com.alibaba.nacos.client.config.impl.ClientWorker$ConfigRpcTransportClient$$Lambda$334/832145584
19:56:38.061 [main] INFO  c.a.n.c.r.client - [printIfInfoEnabled,60] - [f73202d5-b3b9-4ad5-8d42-53ee145cd42a_config-0] Register server push request handler:com.alibaba.nacos.client.config.impl.ClientWorker$ConfigRpcTransportClient$$Lambda$335/224060798
19:56:38.062 [main] INFO  c.a.n.c.r.client - [printIfInfoEnabled,60] - [f73202d5-b3b9-4ad5-8d42-53ee145cd42a_config-0] Registry connection listener to current client:com.alibaba.nacos.client.config.impl.ClientWorker$ConfigRpcTransportClient$1
19:56:38.062 [main] INFO  c.a.n.c.r.client - [printIfInfoEnabled,60] - [f73202d5-b3b9-4ad5-8d42-53ee145cd42a_config-0] RpcClient init, ServerListFactory = com.alibaba.nacos.client.config.impl.ClientWorker$ConfigRpcTransportClient$2
19:56:38.069 [main] INFO  c.a.n.c.r.client - [printIfInfoEnabled,60] - [f73202d5-b3b9-4ad5-8d42-53ee145cd42a_config-0] Try to connect to server on start up, server: {serverIp = '127.0.0.1', server main port = 8848}
19:56:39.421 [main] INFO  o.a.c.h.Http11NioProtocol - [log,173] - Initializing ProtocolHandler ["http-nio-9230"]
19:56:39.421 [main] INFO  o.a.c.c.StandardService - [log,173] - Starting service [Tomcat]
19:56:39.421 [main] INFO  o.a.c.c.StandardEngine - [log,173] - Starting Servlet engine: [Apache Tomcat/9.0.70]
19:56:39.556 [main] INFO  o.a.c.c.C.[.[.[/] - [log,173] - Initializing Spring embedded WebApplicationContext
19:56:43.200 [main] INFO  c.a.d.p.DruidDataSource - [init,996] - {dataSource-1,master} inited
19:56:43.201 [main] INFO  c.b.d.d.DynamicRoutingDataSource - [addDataSource,154] - dynamic-datasource - add a datasource named [master] success
19:56:43.201 [main] INFO  c.b.d.d.DynamicRoutingDataSource - [afterPropertiesSet,234] - dynamic-datasource initial loaded [1] datasource,primary datasource named [master]
19:56:44.257 [main] INFO  c.a.c.s.SentinelWebMvcConfigurer - [addInterceptors,52] - [Sentinel Starter] register SentinelWebInterceptor with urlPatterns: [/**].
19:56:45.375 [main] INFO  c.a.n.c.r.client - [printIfInfoEnabled,60] - [f73202d5-b3b9-4ad5-8d42-53ee145cd42a_config-0] Try to connect to server on start up, server: {serverIp = '127.0.0.1', server main port = 8848}
19:56:46.914 [main] INFO  c.a.n.c.r.client - [printIfInfoEnabled,60] - [f73202d5-b3b9-4ad5-8d42-53ee145cd42a_config-0] Success to connect to server [127.0.0.1:8848] on start up, connectionId = 1690286206690_127.0.0.1_55980
19:56:46.914 [com.alibaba.nacos.client.remote.worker] INFO  c.a.n.c.r.client - [printIfInfoEnabled,60] - [f73202d5-b3b9-4ad5-8d42-53ee145cd42a_config-0] Notify connected event to listeners.
19:56:46.915 [main] INFO  c.a.n.c.r.client - [printIfInfoEnabled,60] - [f73202d5-b3b9-4ad5-8d42-53ee145cd42a_config-0] Register server push request handler:com.alibaba.nacos.common.remote.client.RpcClient$ConnectResetRequestHandler
19:56:46.916 [main] INFO  c.a.n.c.r.client - [printIfInfoEnabled,60] - [f73202d5-b3b9-4ad5-8d42-53ee145cd42a_config-0] Register server push request handler:com.alibaba.nacos.common.remote.client.RpcClient$$Lambda$344/518167684
19:56:46.982 [main] INFO  c.x.s.XmapSentimentApplication - [logStartupProfileInfo,637] - The following 1 profile is active: "dev"
19:56:48.719 [main] INFO  o.a.c.h.Http11NioProtocol - [log,173] - Initializing ProtocolHandler ["http-nio-9232"]
19:56:48.720 [main] INFO  o.a.c.c.StandardService - [log,173] - Starting service [Tomcat]
19:56:48.720 [main] INFO  o.a.c.c.StandardEngine - [log,173] - Starting Servlet engine: [Apache Tomcat/9.0.70]
19:56:48.875 [main] INFO  o.a.c.c.C.[.[.[/] - [log,173] - Initializing Spring embedded WebApplicationContext
19:56:50.324 [main] INFO  c.a.d.p.DruidDataSource - [init,996] - {dataSource-1,master} inited
19:56:50.325 [main] INFO  c.b.d.d.DynamicRoutingDataSource - [addDataSource,154] - dynamic-datasource - add a datasource named [master] success
19:56:50.326 [main] INFO  c.b.d.d.DynamicRoutingDataSource - [afterPropertiesSet,234] - dynamic-datasource initial loaded [1] datasource,primary datasource named [master]
19:56:51.298 [main] INFO  c.a.c.s.SentinelWebMvcConfigurer - [addInterceptors,52] - [Sentinel Starter] register SentinelWebInterceptor with urlPatterns: [/**].
19:56:53.796 [main] INFO  c.a.n.c.r.client - [lambda$createClient$0,80] - [RpcClientFactory] create a new rpc client of 29eebcbb-316f-4aa9-a43a-3ebc47223568
19:56:53.796 [main] INFO  c.a.n.c.r.client - [printIfInfoEnabled,60] - [29eebcbb-316f-4aa9-a43a-3ebc47223568] RpcClient init label, labels = {module=naming, source=sdk}
19:56:53.797 [main] INFO  c.a.n.c.r.client - [printIfInfoEnabled,60] - [29eebcbb-316f-4aa9-a43a-3ebc47223568] RpcClient init, ServerListFactory = com.alibaba.nacos.client.naming.core.ServerListManager
19:56:53.797 [main] INFO  c.a.n.c.r.client - [printIfInfoEnabled,60] - [29eebcbb-316f-4aa9-a43a-3ebc47223568] Registry connection listener to current client:com.alibaba.nacos.client.naming.remote.gprc.redo.NamingGrpcRedoService
19:56:53.797 [main] INFO  c.a.n.c.r.client - [printIfInfoEnabled,60] - [29eebcbb-316f-4aa9-a43a-3ebc47223568] Register server push request handler:com.alibaba.nacos.client.naming.remote.gprc.NamingPushRequestHandler
19:56:53.797 [main] INFO  c.a.n.c.r.client - [printIfInfoEnabled,60] - [29eebcbb-316f-4aa9-a43a-3ebc47223568] Try to connect to server on start up, server: {serverIp = '127.0.0.1', server main port = 8848}
19:56:53.912 [main] INFO  c.a.n.c.r.client - [printIfInfoEnabled,60] - [29eebcbb-316f-4aa9-a43a-3ebc47223568] Success to connect to server [127.0.0.1:8848] on start up, connectionId = 1690286213800_127.0.0.1_56035
19:56:53.912 [main] INFO  c.a.n.c.r.client - [printIfInfoEnabled,60] - [29eebcbb-316f-4aa9-a43a-3ebc47223568] Register server push request handler:com.alibaba.nacos.common.remote.client.RpcClient$ConnectResetRequestHandler
19:56:53.912 [com.alibaba.nacos.client.remote.worker] INFO  c.a.n.c.r.client - [printIfInfoEnabled,60] - [29eebcbb-316f-4aa9-a43a-3ebc47223568] Notify connected event to listeners.
19:56:53.912 [main] INFO  c.a.n.c.r.client - [printIfInfoEnabled,60] - [29eebcbb-316f-4aa9-a43a-3ebc47223568] Register server push request handler:com.alibaba.nacos.common.remote.client.RpcClient$$Lambda$344/645643802
19:56:53.934 [main] INFO  o.a.c.h.Http11NioProtocol - [log,173] - Starting ProtocolHandler ["http-nio-9230"]
19:56:53.950 [main] INFO  c.a.c.n.r.NacosServiceRegistry - [register,75] - nacos registry, DEFAULT_GROUP xmap-ticket 192.168.33.106:9230 register finished
19:56:54.495 [nacos-grpc-client-executor-7] INFO  c.a.n.c.r.client - [printIfInfoEnabled,60] - [29eebcbb-316f-4aa9-a43a-3ebc47223568] Receive server push request, request = NotifySubscriberRequest, requestId = 43
19:56:54.499 [nacos-grpc-client-executor-7] INFO  c.a.n.c.r.client - [printIfInfoEnabled,60] - [29eebcbb-316f-4aa9-a43a-3ebc47223568] Ack server push request, request = NotifySubscriberRequest, requestId = 43
19:56:56.843 [main] INFO  c.x.t.XmapTicketApplication - [logStarted,61] - Started XmapTicketApplication in 53.889 seconds (JVM running for 56.362)
19:56:56.849 [main] INFO  c.a.c.n.r.NacosContextRefresher - [registerNacosListener,129] - [Nacos Config] Listening config: dataId=xmap-ticket, group=DEFAULT_GROUP
19:56:56.851 [main] INFO  c.a.c.n.r.NacosContextRefresher - [registerNacosListener,129] - [Nacos Config] Listening config: dataId=xmap-ticket-dev.yml, group=DEFAULT_GROUP
19:56:56.851 [main] INFO  c.a.c.n.r.NacosContextRefresher - [registerNacosListener,129] - [Nacos Config] Listening config: dataId=xmap-ticket.yml, group=DEFAULT_GROUP
19:56:58.516 [RMI TCP Connection(4)-192.168.33.106] INFO  o.a.c.c.C.[.[.[/] - [log,173] - Initializing Spring DispatcherServlet 'dispatcherServlet'
19:56:59.126 [main] INFO  c.a.n.c.r.client - [lambda$createClient$0,80] - [RpcClientFactory] create a new rpc client of 38bb4fbb-127b-44a0-8bb3-1d2d16653494
19:56:59.126 [main] INFO  c.a.n.c.r.client - [printIfInfoEnabled,60] - [38bb4fbb-127b-44a0-8bb3-1d2d16653494] RpcClient init label, labels = {module=naming, source=sdk}
19:56:59.127 [main] INFO  c.a.n.c.r.client - [printIfInfoEnabled,60] - [38bb4fbb-127b-44a0-8bb3-1d2d16653494] RpcClient init, ServerListFactory = com.alibaba.nacos.client.naming.core.ServerListManager
19:56:59.127 [main] INFO  c.a.n.c.r.client - [printIfInfoEnabled,60] - [38bb4fbb-127b-44a0-8bb3-1d2d16653494] Registry connection listener to current client:com.alibaba.nacos.client.naming.remote.gprc.redo.NamingGrpcRedoService
19:56:59.127 [main] INFO  c.a.n.c.r.client - [printIfInfoEnabled,60] - [38bb4fbb-127b-44a0-8bb3-1d2d16653494] Register server push request handler:com.alibaba.nacos.client.naming.remote.gprc.NamingPushRequestHandler
19:56:59.127 [main] INFO  c.a.n.c.r.client - [printIfInfoEnabled,60] - [38bb4fbb-127b-44a0-8bb3-1d2d16653494] Try to connect to server on start up, server: {serverIp = '127.0.0.1', server main port = 8848}
19:56:59.248 [main] INFO  c.a.n.c.r.client - [printIfInfoEnabled,60] - [38bb4fbb-127b-44a0-8bb3-1d2d16653494] Success to connect to server [127.0.0.1:8848] on start up, connectionId = 1690286219131_127.0.0.1_56087
19:56:59.248 [main] INFO  c.a.n.c.r.client - [printIfInfoEnabled,60] - [38bb4fbb-127b-44a0-8bb3-1d2d16653494] Register server push request handler:com.alibaba.nacos.common.remote.client.RpcClient$ConnectResetRequestHandler
19:56:59.248 [com.alibaba.nacos.client.remote.worker] INFO  c.a.n.c.r.client - [printIfInfoEnabled,60] - [38bb4fbb-127b-44a0-8bb3-1d2d16653494] Notify connected event to listeners.
19:56:59.248 [main] INFO  c.a.n.c.r.client - [printIfInfoEnabled,60] - [38bb4fbb-127b-44a0-8bb3-1d2d16653494] Register server push request handler:com.alibaba.nacos.common.remote.client.RpcClient$$Lambda$344/518167684
19:56:59.270 [main] INFO  o.a.c.h.Http11NioProtocol - [log,173] - Starting ProtocolHandler ["http-nio-9232"]
19:56:59.288 [main] INFO  c.a.c.n.r.NacosServiceRegistry - [register,75] - nacos registry, DEFAULT_GROUP xmap-sentiment 192.168.33.106:9232 register finished
19:56:59.830 [nacos-grpc-client-executor-9] INFO  c.a.n.c.r.client - [printIfInfoEnabled,60] - [38bb4fbb-127b-44a0-8bb3-1d2d16653494] Receive server push request, request = NotifySubscriberRequest, requestId = 51
19:56:59.834 [nacos-grpc-client-executor-9] INFO  c.a.n.c.r.client - [printIfInfoEnabled,60] - [38bb4fbb-127b-44a0-8bb3-1d2d16653494] Ack server push request, request = NotifySubscriberRequest, requestId = 51
19:57:02.907 [main] INFO  c.x.s.XmapSentimentApplication - [logStarted,61] - Started XmapSentimentApplication in 44.756 seconds (JVM running for 48.3)
19:57:02.914 [main] INFO  c.a.c.n.r.NacosContextRefresher - [registerNacosListener,129] - [Nacos Config] Listening config: dataId=xmap-sentiment, group=DEFAULT_GROUP
19:57:02.914 [main] INFO  c.a.c.n.r.NacosContextRefresher - [registerNacosListener,129] - [Nacos Config] Listening config: dataId=xmap-sentiment.yml, group=DEFAULT_GROUP
19:57:02.915 [main] INFO  c.a.c.n.r.NacosContextRefresher - [registerNacosListener,129] - [Nacos Config] Listening config: dataId=xmap-sentiment-dev.yml, group=DEFAULT_GROUP
19:57:03.729 [RMI TCP Connection(1)-192.168.33.106] INFO  o.a.c.c.C.[.[.[/] - [log,173] - Initializing Spring DispatcherServlet 'dispatcherServlet'
20:54:38.285 [lettuce-nioEventLoop-4-2] INFO  i.l.c.p.CommandHandler - [log,217] - null Unexpected exception during request: java.io.IOException: 
java.io.IOException: 
	at sun.nio.ch.SocketDispatcher.read0(Native Method)
	at sun.nio.ch.SocketDispatcher.read(SocketDispatcher.java:43)
	at sun.nio.ch.IOUtil.readIntoNativeBuffer(IOUtil.java:223)
	at sun.nio.ch.IOUtil.read(IOUtil.java:192)
	at sun.nio.ch.SocketChannelImpl.read(SocketChannelImpl.java:380)
	at io.netty.buffer.PooledByteBuf.setBytes(PooledByteBuf.java:259)
	at io.netty.buffer.AbstractByteBuf.writeBytes(AbstractByteBuf.java:1132)
	at io.netty.channel.socket.nio.NioSocketChannel.doReadBytes(NioSocketChannel.java:357)
	at io.netty.channel.nio.AbstractNioByteChannel$NioByteUnsafe.read(AbstractNioByteChannel.java:151)
	at io.netty.channel.nio.NioEventLoop.processSelectedKey(NioEventLoop.java:788)
	at io.netty.channel.nio.NioEventLoop.processSelectedKeysOptimized(NioEventLoop.java:724)
	at io.netty.channel.nio.NioEventLoop.processSelectedKeys(NioEventLoop.java:650)
	at io.netty.channel.nio.NioEventLoop.run(NioEventLoop.java:562)
	at io.netty.util.concurrent.SingleThreadEventExecutor$4.run(SingleThreadEventExecutor.java:997)
	at io.netty.util.internal.ThreadExecutorMap$2.run(ThreadExecutorMap.java:74)
	at io.netty.util.concurrent.FastThreadLocalRunnable.run(FastThreadLocalRunnable.java:30)
	at java.lang.Thread.run(Thread.java:748)
20:54:38.285 [lettuce-nioEventLoop-4-1] INFO  i.l.c.p.CommandHandler - [log,217] - null Unexpected exception during request: java.io.IOException: 
java.io.IOException: 
	at sun.nio.ch.SocketDispatcher.read0(Native Method)
	at sun.nio.ch.SocketDispatcher.read(SocketDispatcher.java:43)
	at sun.nio.ch.IOUtil.readIntoNativeBuffer(IOUtil.java:223)
	at sun.nio.ch.IOUtil.read(IOUtil.java:192)
	at sun.nio.ch.SocketChannelImpl.read(SocketChannelImpl.java:380)
	at io.netty.buffer.PooledByteBuf.setBytes(PooledByteBuf.java:259)
	at io.netty.buffer.AbstractByteBuf.writeBytes(AbstractByteBuf.java:1132)
	at io.netty.channel.socket.nio.NioSocketChannel.doReadBytes(NioSocketChannel.java:357)
	at io.netty.channel.nio.AbstractNioByteChannel$NioByteUnsafe.read(AbstractNioByteChannel.java:151)
	at io.netty.channel.nio.NioEventLoop.processSelectedKey(NioEventLoop.java:788)
	at io.netty.channel.nio.NioEventLoop.processSelectedKeysOptimized(NioEventLoop.java:724)
	at io.netty.channel.nio.NioEventLoop.processSelectedKeys(NioEventLoop.java:650)
	at io.netty.channel.nio.NioEventLoop.run(NioEventLoop.java:562)
	at io.netty.util.concurrent.SingleThreadEventExecutor$4.run(SingleThreadEventExecutor.java:997)
	at io.netty.util.internal.ThreadExecutorMap$2.run(ThreadExecutorMap.java:74)
	at io.netty.util.concurrent.FastThreadLocalRunnable.run(FastThreadLocalRunnable.java:30)
	at java.lang.Thread.run(Thread.java:748)
20:54:38.346 [lettuce-eventExecutorLoop-1-12] INFO  i.l.c.p.ConnectionWatchdog - [log,171] - Reconnecting, last destination was localhost/127.0.0.1:6379
20:54:38.348 [lettuce-eventExecutorLoop-1-11] INFO  i.l.c.p.ConnectionWatchdog - [log,171] - Reconnecting, last destination was localhost/127.0.0.1:6379
20:54:38.641 [com.alibaba.nacos.client.remote.worker] INFO  c.a.n.c.r.client - [printIfInfoEnabled,60] - [22b964fa-2c48-4df0-b852-941828a81b91_config-0] Server healthy check fail, currentConnection = 1690286197363_127.0.0.1_55818
20:54:38.664 [com.alibaba.nacos.client.remote.worker] INFO  c.a.n.c.r.client - [printIfInfoEnabled,60] - [22b964fa-2c48-4df0-b852-941828a81b91_config-0] Try to reconnect to a new server, server is  not appointed, will choose a random server.
20:54:38.898 [com.alibaba.nacos.client.remote.worker] INFO  c.a.n.c.r.client - [printIfInfoEnabled,60] - [29eebcbb-316f-4aa9-a43a-3ebc47223568] Try to reconnect to a new server, server is  not appointed, will choose a random server.
