11:55:52.245 [background-preinit] INFO  o.h.v.i.util.Version - [<clinit>,21] - HV000001: Hibernate Validator 6.2.5.Final
11:55:56.268 [main] INFO  c.a.n.c.r.client - [lambda$createClient$0,80] - [RpcClientFactory] create a new rpc client of 1f9f7f9e-b9e5-497f-b205-4910200d12e1_config-0
11:55:56.381 [main] INFO  o.r.Reflections - [scan,232] - Reflections took 75 ms to scan 1 urls, producing 3 keys and 6 values 
11:55:56.420 [main] INFO  o.r.Reflections - [scan,232] - Reflections took 20 ms to scan 1 urls, producing 4 keys and 9 values 
11:55:56.441 [main] INFO  o.r.Reflections - [scan,232] - Reflections took 18 ms to scan 1 urls, producing 3 keys and 10 values 
11:55:56.750 [main] INFO  o.r.Reflections - [scan,232] - Reflections took 304 ms to scan 199 urls, producing 0 keys and 0 values 
11:55:56.774 [main] INFO  o.r.Reflections - [scan,232] - Reflections took 12 ms to scan 1 urls, producing 1 keys and 5 values 
11:55:56.787 [main] INFO  o.r.Reflections - [scan,232] - Reflections took 11 ms to scan 1 urls, producing 1 keys and 7 values 
11:55:56.800 [main] INFO  o.r.Reflections - [scan,232] - Reflections took 10 ms to scan 1 urls, producing 2 keys and 8 values 
11:55:56.967 [main] INFO  o.r.Reflections - [scan,232] - Reflections took 164 ms to scan 199 urls, producing 0 keys and 0 values 
11:55:56.968 [main] INFO  c.a.n.c.r.client - [printIfInfoEnabled,60] - [1f9f7f9e-b9e5-497f-b205-4910200d12e1_config-0] RpcClient init label, labels = {module=config, Vipserver-Tag=null, source=sdk, Amory-Tag=null, Location-Tag=null, taskId=0, AppName=unknown}
11:55:56.969 [main] INFO  c.a.n.c.r.client - [printIfInfoEnabled,60] - [1f9f7f9e-b9e5-497f-b205-4910200d12e1_config-0] Register server push request handler:com.alibaba.nacos.client.config.impl.ClientWorker$ConfigRpcTransportClient$$Lambda$334/832145584
11:55:56.969 [main] INFO  c.a.n.c.r.client - [printIfInfoEnabled,60] - [1f9f7f9e-b9e5-497f-b205-4910200d12e1_config-0] Register server push request handler:com.alibaba.nacos.client.config.impl.ClientWorker$ConfigRpcTransportClient$$Lambda$335/224060798
11:55:56.970 [main] INFO  c.a.n.c.r.client - [printIfInfoEnabled,60] - [1f9f7f9e-b9e5-497f-b205-4910200d12e1_config-0] Registry connection listener to current client:com.alibaba.nacos.client.config.impl.ClientWorker$ConfigRpcTransportClient$1
11:55:56.970 [main] INFO  c.a.n.c.r.client - [printIfInfoEnabled,60] - [1f9f7f9e-b9e5-497f-b205-4910200d12e1_config-0] RpcClient init, ServerListFactory = com.alibaba.nacos.client.config.impl.ClientWorker$ConfigRpcTransportClient$2
11:55:56.978 [main] INFO  c.a.n.c.r.client - [printIfInfoEnabled,60] - [1f9f7f9e-b9e5-497f-b205-4910200d12e1_config-0] Try to connect to server on start up, server: {serverIp = '127.0.0.1', server main port = 8848}
11:56:04.442 [main] INFO  c.a.n.c.r.client - [printIfInfoEnabled,60] - [1f9f7f9e-b9e5-497f-b205-4910200d12e1_config-0] Try to connect to server on start up, server: {serverIp = '127.0.0.1', server main port = 8848}
11:56:07.453 [main] INFO  c.a.n.c.r.client - [printIfInfoEnabled,60] - [1f9f7f9e-b9e5-497f-b205-4910200d12e1_config-0] Try to connect to server on start up, server: {serverIp = '127.0.0.1', server main port = 8848}
11:56:10.469 [com.alibaba.nacos.client.remote.worker] INFO  c.a.n.c.r.client - [printIfInfoEnabled,60] - [1f9f7f9e-b9e5-497f-b205-4910200d12e1_config-0] Try to reconnect to a new server, server is  not appointed, will choose a random server.
11:56:10.473 [main] INFO  c.a.n.c.r.client - [printIfInfoEnabled,60] - [1f9f7f9e-b9e5-497f-b205-4910200d12e1_config-0] Register server push request handler:com.alibaba.nacos.common.remote.client.RpcClient$ConnectResetRequestHandler
11:56:10.473 [main] INFO  c.a.n.c.r.client - [printIfInfoEnabled,60] - [1f9f7f9e-b9e5-497f-b205-4910200d12e1_config-0] Register server push request handler:com.alibaba.nacos.common.remote.client.RpcClient$$Lambda$344/521331027
11:56:11.702 [com.alibaba.nacos.client.remote.worker] INFO  c.a.n.c.r.client - [printIfInfoEnabled,60] - [1f9f7f9e-b9e5-497f-b205-4910200d12e1_config-0] Success to connect a server [127.0.0.1:8848], connectionId = 1691380571501_127.0.0.1_59499
11:56:11.703 [com.alibaba.nacos.client.remote.worker] INFO  c.a.n.c.r.client - [printIfInfoEnabled,60] - [1f9f7f9e-b9e5-497f-b205-4910200d12e1_config-0] Notify connected event to listeners.
11:56:11.759 [main] INFO  c.x.b.XmapBigdataApplication - [logStartupProfileInfo,637] - The following 1 profile is active: "dev"
11:56:14.571 [main] INFO  o.a.c.h.Http11NioProtocol - [log,173] - Initializing ProtocolHandler ["http-nio-9207"]
11:56:14.572 [main] INFO  o.a.c.c.StandardService - [log,173] - Starting service [Tomcat]
11:56:14.572 [main] INFO  o.a.c.c.StandardEngine - [log,173] - Starting Servlet engine: [Apache Tomcat/9.0.70]
11:56:14.828 [main] INFO  o.a.c.c.C.[.[.[/] - [log,173] - Initializing Spring embedded WebApplicationContext
11:56:22.013 [main] INFO  c.a.d.p.DruidDataSource - [init,996] - {dataSource-1,master} inited
11:56:22.015 [main] INFO  c.b.d.d.DynamicRoutingDataSource - [addDataSource,154] - dynamic-datasource - add a datasource named [master] success
11:56:22.015 [main] INFO  c.b.d.d.DynamicRoutingDataSource - [afterPropertiesSet,234] - dynamic-datasource initial loaded [1] datasource,primary datasource named [master]
11:56:23.071 [main] INFO  c.a.c.s.SentinelWebMvcConfigurer - [addInterceptors,52] - [Sentinel Starter] register SentinelWebInterceptor with urlPatterns: [/**].
11:56:48.136 [main] INFO  c.a.n.c.r.client - [lambda$createClient$0,80] - [RpcClientFactory] create a new rpc client of b02699f3-42c3-429e-ae78-01612afd2de2
11:56:48.136 [main] INFO  c.a.n.c.r.client - [printIfInfoEnabled,60] - [b02699f3-42c3-429e-ae78-01612afd2de2] RpcClient init label, labels = {module=naming, source=sdk}
11:56:48.139 [main] INFO  c.a.n.c.r.client - [printIfInfoEnabled,60] - [b02699f3-42c3-429e-ae78-01612afd2de2] RpcClient init, ServerListFactory = com.alibaba.nacos.client.naming.core.ServerListManager
11:56:48.140 [main] INFO  c.a.n.c.r.client - [printIfInfoEnabled,60] - [b02699f3-42c3-429e-ae78-01612afd2de2] Registry connection listener to current client:com.alibaba.nacos.client.naming.remote.gprc.redo.NamingGrpcRedoService
11:56:48.140 [main] INFO  c.a.n.c.r.client - [printIfInfoEnabled,60] - [b02699f3-42c3-429e-ae78-01612afd2de2] Register server push request handler:com.alibaba.nacos.client.naming.remote.gprc.NamingPushRequestHandler
11:56:48.140 [main] INFO  c.a.n.c.r.client - [printIfInfoEnabled,60] - [b02699f3-42c3-429e-ae78-01612afd2de2] Try to connect to server on start up, server: {serverIp = '127.0.0.1', server main port = 8848}
11:56:48.263 [main] INFO  c.a.n.c.r.client - [printIfInfoEnabled,60] - [b02699f3-42c3-429e-ae78-01612afd2de2] Success to connect to server [127.0.0.1:8848] on start up, connectionId = 1691380608146_127.0.0.1_59910
11:56:48.264 [com.alibaba.nacos.client.remote.worker] INFO  c.a.n.c.r.client - [printIfInfoEnabled,60] - [b02699f3-42c3-429e-ae78-01612afd2de2] Notify connected event to listeners.
11:56:48.264 [main] INFO  c.a.n.c.r.client - [printIfInfoEnabled,60] - [b02699f3-42c3-429e-ae78-01612afd2de2] Register server push request handler:com.alibaba.nacos.common.remote.client.RpcClient$ConnectResetRequestHandler
11:56:48.264 [main] INFO  c.a.n.c.r.client - [printIfInfoEnabled,60] - [b02699f3-42c3-429e-ae78-01612afd2de2] Register server push request handler:com.alibaba.nacos.common.remote.client.RpcClient$$Lambda$344/521331027
11:56:48.293 [main] INFO  o.a.c.h.Http11NioProtocol - [log,173] - Starting ProtocolHandler ["http-nio-9207"]
11:56:48.323 [main] INFO  c.a.c.n.r.NacosServiceRegistry - [register,75] - nacos registry, DEFAULT_GROUP xmap-bigdata 10.100.4.8:9207 register finished
11:56:48.886 [nacos-grpc-client-executor-5] INFO  c.a.n.c.r.client - [printIfInfoEnabled,60] - [b02699f3-42c3-429e-ae78-01612afd2de2] Receive server push request, request = NotifySubscriberRequest, requestId = 30
11:56:48.891 [nacos-grpc-client-executor-5] INFO  c.a.n.c.r.client - [printIfInfoEnabled,60] - [b02699f3-42c3-429e-ae78-01612afd2de2] Ack server push request, request = NotifySubscriberRequest, requestId = 30
11:57:01.043 [main] INFO  c.x.b.XmapBigdataApplication - [logStarted,61] - Started XmapBigdataApplication in 71.998 seconds (JVM running for 74.302)
11:57:01.052 [main] INFO  c.a.c.n.r.NacosContextRefresher - [registerNacosListener,129] - [Nacos Config] Listening config: dataId=xmap-bigdata.yml, group=DEFAULT_GROUP
11:57:01.052 [main] INFO  c.a.c.n.r.NacosContextRefresher - [registerNacosListener,129] - [Nacos Config] Listening config: dataId=xmap-bigdata, group=DEFAULT_GROUP
11:57:01.053 [main] INFO  c.a.c.n.r.NacosContextRefresher - [registerNacosListener,129] - [Nacos Config] Listening config: dataId=xmap-bigdata-dev.yml, group=DEFAULT_GROUP
11:57:08.109 [RMI TCP Connection(5)-10.100.4.8] INFO  o.a.c.c.C.[.[.[/] - [log,173] - Initializing Spring DispatcherServlet 'dispatcherServlet'
14:02:05.436 [nacos-grpc-client-executor-621] INFO  c.a.n.c.r.client - [printIfInfoEnabled,60] - [b02699f3-42c3-429e-ae78-01612afd2de2] Receive server push request, request = ClientDetectionRequest, requestId = 66
14:02:05.437 [nacos-grpc-client-executor-621] INFO  c.a.n.c.r.client - [printIfInfoEnabled,60] - [b02699f3-42c3-429e-ae78-01612afd2de2] Ack server push request, request = ClientDetectionRequest, requestId = 66
20:29:42.612 [lettuce-nioEventLoop-4-1] INFO  i.l.c.p.CommandHandler - [log,217] - null Unexpected exception during request: java.io.IOException: 远程主机强迫关闭了一个现有的连接。
java.io.IOException: 远程主机强迫关闭了一个现有的连接。
	at sun.nio.ch.SocketDispatcher.read0(Native Method)
	at sun.nio.ch.SocketDispatcher.read(SocketDispatcher.java:43)
	at sun.nio.ch.IOUtil.readIntoNativeBuffer(IOUtil.java:223)
	at sun.nio.ch.IOUtil.read(IOUtil.java:192)
	at sun.nio.ch.SocketChannelImpl.read(SocketChannelImpl.java:380)
	at io.netty.buffer.PooledByteBuf.setBytes(PooledByteBuf.java:259)
	at io.netty.buffer.AbstractByteBuf.writeBytes(AbstractByteBuf.java:1132)
	at io.netty.channel.socket.nio.NioSocketChannel.doReadBytes(NioSocketChannel.java:357)
	at io.netty.channel.nio.AbstractNioByteChannel$NioByteUnsafe.read(AbstractNioByteChannel.java:151)
	at io.netty.channel.nio.NioEventLoop.processSelectedKey(NioEventLoop.java:788)
	at io.netty.channel.nio.NioEventLoop.processSelectedKeysOptimized(NioEventLoop.java:724)
	at io.netty.channel.nio.NioEventLoop.processSelectedKeys(NioEventLoop.java:650)
	at io.netty.channel.nio.NioEventLoop.run(NioEventLoop.java:562)
	at io.netty.util.concurrent.SingleThreadEventExecutor$4.run(SingleThreadEventExecutor.java:997)
	at io.netty.util.internal.ThreadExecutorMap$2.run(ThreadExecutorMap.java:74)
	at io.netty.util.concurrent.FastThreadLocalRunnable.run(FastThreadLocalRunnable.java:30)
	at java.lang.Thread.run(Thread.java:748)
20:29:42.655 [lettuce-eventExecutorLoop-1-2] INFO  i.l.c.p.ConnectionWatchdog - [log,171] - Reconnecting, last destination was localhost/127.0.0.1:6379
20:29:42.823 [com.alibaba.nacos.client.remote.worker] INFO  c.a.n.c.r.client - [printIfInfoEnabled,60] - [1f9f7f9e-b9e5-497f-b205-4910200d12e1_config-0] Try to reconnect to a new server, server is  not appointed, will choose a random server.
20:29:42.823 [com.alibaba.nacos.client.remote.worker] INFO  c.a.n.c.r.client - [printIfInfoEnabled,60] - [b02699f3-42c3-429e-ae78-01612afd2de2] Try to reconnect to a new server, server is  not appointed, will choose a random server.
