11:56:04.561 [background-preinit] INFO  o.h.v.i.util.Version - [<clinit>,21] - HV000001: Hibernate Validator 6.2.5.Final
11:56:15.537 [main] INFO  c.a.n.c.r.client - [lambda$createClient$0,80] - [RpcClientFactory] create a new rpc client of d6d58d6f-1267-46a4-b390-a693281d5001_config-0
11:56:15.619 [main] INFO  o.r.Reflections - [scan,232] - Reflections took 53 ms to scan 1 urls, producing 3 keys and 6 values 
11:56:15.660 [main] INFO  o.r.Reflections - [scan,232] - Reflections took 21 ms to scan 1 urls, producing 4 keys and 9 values 
11:56:15.680 [main] INFO  o.r.Reflections - [scan,232] - Reflections took 17 ms to scan 1 urls, producing 3 keys and 10 values 
11:56:16.028 [main] INFO  o.r.Reflections - [scan,232] - Reflections took 343 ms to scan 199 urls, producing 0 keys and 0 values 
11:56:16.057 [main] INFO  o.r.Reflections - [scan,232] - Reflections took 15 ms to scan 1 urls, producing 1 keys and 5 values 
11:56:16.078 [main] INFO  o.r.Reflections - [scan,232] - Reflections took 18 ms to scan 1 urls, producing 1 keys and 7 values 
11:56:16.092 [main] INFO  o.r.Reflections - [scan,232] - Reflections took 12 ms to scan 1 urls, producing 2 keys and 8 values 
11:56:16.327 [main] INFO  o.r.Reflections - [scan,232] - Reflections took 232 ms to scan 199 urls, producing 0 keys and 0 values 
11:56:16.328 [main] INFO  c.a.n.c.r.client - [printIfInfoEnabled,60] - [d6d58d6f-1267-46a4-b390-a693281d5001_config-0] RpcClient init label, labels = {module=config, Vipserver-Tag=null, source=sdk, Amory-Tag=null, Location-Tag=null, taskId=0, AppName=unknown}
11:56:16.329 [main] INFO  c.a.n.c.r.client - [printIfInfoEnabled,60] - [d6d58d6f-1267-46a4-b390-a693281d5001_config-0] Register server push request handler:com.alibaba.nacos.client.config.impl.ClientWorker$ConfigRpcTransportClient$$Lambda$334/832145584
11:56:16.330 [main] INFO  c.a.n.c.r.client - [printIfInfoEnabled,60] - [d6d58d6f-1267-46a4-b390-a693281d5001_config-0] Register server push request handler:com.alibaba.nacos.client.config.impl.ClientWorker$ConfigRpcTransportClient$$Lambda$335/224060798
11:56:16.330 [main] INFO  c.a.n.c.r.client - [printIfInfoEnabled,60] - [d6d58d6f-1267-46a4-b390-a693281d5001_config-0] Registry connection listener to current client:com.alibaba.nacos.client.config.impl.ClientWorker$ConfigRpcTransportClient$1
11:56:16.331 [main] INFO  c.a.n.c.r.client - [printIfInfoEnabled,60] - [d6d58d6f-1267-46a4-b390-a693281d5001_config-0] RpcClient init, ServerListFactory = com.alibaba.nacos.client.config.impl.ClientWorker$ConfigRpcTransportClient$2
11:56:16.341 [main] INFO  c.a.n.c.r.client - [printIfInfoEnabled,60] - [d6d58d6f-1267-46a4-b390-a693281d5001_config-0] Try to connect to server on start up, server: {serverIp = '127.0.0.1', server main port = 8848}
11:56:21.811 [background-preinit] INFO  o.h.v.i.util.Version - [<clinit>,21] - HV000001: Hibernate Validator 6.2.5.Final
11:56:27.875 [main] INFO  c.a.n.c.r.client - [printIfInfoEnabled,60] - [d6d58d6f-1267-46a4-b390-a693281d5001_config-0] Try to connect to server on start up, server: {serverIp = '127.0.0.1', server main port = 8848}
11:56:29.966 [main] INFO  c.a.n.c.r.client - [lambda$createClient$0,80] - [RpcClientFactory] create a new rpc client of 499c13dc-8a75-46c3-b5b3-b619a93515e4_config-0
11:56:30.088 [main] INFO  o.r.Reflections - [scan,232] - Reflections took 84 ms to scan 1 urls, producing 3 keys and 6 values 
11:56:30.159 [main] INFO  o.r.Reflections - [scan,232] - Reflections took 50 ms to scan 1 urls, producing 4 keys and 9 values 
11:56:30.198 [main] INFO  o.r.Reflections - [scan,232] - Reflections took 31 ms to scan 1 urls, producing 3 keys and 10 values 
11:56:30.607 [main] INFO  o.r.Reflections - [scan,232] - Reflections took 404 ms to scan 199 urls, producing 0 keys and 0 values 
11:56:30.623 [main] INFO  o.r.Reflections - [scan,232] - Reflections took 15 ms to scan 1 urls, producing 1 keys and 5 values 
11:56:30.640 [main] INFO  o.r.Reflections - [scan,232] - Reflections took 14 ms to scan 1 urls, producing 1 keys and 7 values 
11:56:30.659 [main] INFO  o.r.Reflections - [scan,232] - Reflections took 16 ms to scan 1 urls, producing 2 keys and 8 values 
11:56:30.879 [main] INFO  c.a.n.c.r.client - [printIfInfoEnabled,60] - [d6d58d6f-1267-46a4-b390-a693281d5001_config-0] Try to connect to server on start up, server: {serverIp = '127.0.0.1', server main port = 8848}
11:56:30.909 [main] INFO  o.r.Reflections - [scan,232] - Reflections took 236 ms to scan 199 urls, producing 0 keys and 0 values 
11:56:30.911 [main] INFO  c.a.n.c.r.client - [printIfInfoEnabled,60] - [499c13dc-8a75-46c3-b5b3-b619a93515e4_config-0] RpcClient init label, labels = {module=config, Vipserver-Tag=null, source=sdk, Amory-Tag=null, Location-Tag=null, taskId=0, AppName=unknown}
11:56:30.912 [main] INFO  c.a.n.c.r.client - [printIfInfoEnabled,60] - [499c13dc-8a75-46c3-b5b3-b619a93515e4_config-0] Register server push request handler:com.alibaba.nacos.client.config.impl.ClientWorker$ConfigRpcTransportClient$$Lambda$334/832145584
11:56:30.913 [main] INFO  c.a.n.c.r.client - [printIfInfoEnabled,60] - [499c13dc-8a75-46c3-b5b3-b619a93515e4_config-0] Register server push request handler:com.alibaba.nacos.client.config.impl.ClientWorker$ConfigRpcTransportClient$$Lambda$335/224060798
11:56:30.913 [main] INFO  c.a.n.c.r.client - [printIfInfoEnabled,60] - [499c13dc-8a75-46c3-b5b3-b619a93515e4_config-0] Registry connection listener to current client:com.alibaba.nacos.client.config.impl.ClientWorker$ConfigRpcTransportClient$1
11:56:30.913 [main] INFO  c.a.n.c.r.client - [printIfInfoEnabled,60] - [499c13dc-8a75-46c3-b5b3-b619a93515e4_config-0] RpcClient init, ServerListFactory = com.alibaba.nacos.client.config.impl.ClientWorker$ConfigRpcTransportClient$2
11:56:30.922 [main] INFO  c.a.n.c.r.client - [printIfInfoEnabled,60] - [499c13dc-8a75-46c3-b5b3-b619a93515e4_config-0] Try to connect to server on start up, server: {serverIp = '127.0.0.1', server main port = 8848}
11:56:33.885 [com.alibaba.nacos.client.remote.worker] INFO  c.a.n.c.r.client - [printIfInfoEnabled,60] - [d6d58d6f-1267-46a4-b390-a693281d5001_config-0] Try to reconnect to a new server, server is  not appointed, will choose a random server.
11:56:33.886 [main] INFO  c.a.n.c.r.client - [printIfInfoEnabled,60] - [d6d58d6f-1267-46a4-b390-a693281d5001_config-0] Register server push request handler:com.alibaba.nacos.common.remote.client.RpcClient$ConnectResetRequestHandler
11:56:33.887 [main] INFO  c.a.n.c.r.client - [printIfInfoEnabled,60] - [d6d58d6f-1267-46a4-b390-a693281d5001_config-0] Register server push request handler:com.alibaba.nacos.common.remote.client.RpcClient$$Lambda$344/979420182
11:56:35.307 [main] INFO  c.x.c.XmapConsultApplication - [logStartupProfileInfo,637] - The following 1 profile is active: "dev"
11:56:37.050 [com.alibaba.nacos.client.remote.worker] INFO  c.a.n.c.r.client - [printIfInfoEnabled,60] - [d6d58d6f-1267-46a4-b390-a693281d5001_config-0] Success to connect a server [127.0.0.1:8848], connectionId = 1691380596834_127.0.0.1_59813
11:56:37.051 [com.alibaba.nacos.client.remote.worker] INFO  c.a.n.c.r.client - [printIfInfoEnabled,60] - [d6d58d6f-1267-46a4-b390-a693281d5001_config-0] Notify connected event to listeners.
11:56:37.848 [main] INFO  o.a.c.h.Http11NioProtocol - [log,173] - Initializing ProtocolHandler ["http-nio-9209"]
11:56:37.849 [main] INFO  o.a.c.c.StandardService - [log,173] - Starting service [Tomcat]
11:56:37.849 [main] INFO  o.a.c.c.StandardEngine - [log,173] - Starting Servlet engine: [Apache Tomcat/9.0.70]
11:56:38.067 [main] INFO  o.a.c.c.C.[.[.[/] - [log,173] - Initializing Spring embedded WebApplicationContext
11:56:47.364 [main] INFO  c.a.n.c.r.client - [printIfInfoEnabled,60] - [499c13dc-8a75-46c3-b5b3-b619a93515e4_config-0] Try to connect to server on start up, server: {serverIp = '127.0.0.1', server main port = 8848}
11:56:50.378 [main] INFO  c.a.n.c.r.client - [printIfInfoEnabled,60] - [499c13dc-8a75-46c3-b5b3-b619a93515e4_config-0] Try to connect to server on start up, server: {serverIp = '127.0.0.1', server main port = 8848}
11:56:50.470 [main] INFO  c.a.d.p.DruidDataSource - [init,996] - {dataSource-1,master} inited
11:56:50.510 [main] INFO  o.a.c.c.StandardService - [log,173] - Stopping service [Tomcat]
11:56:53.390 [com.alibaba.nacos.client.remote.worker] INFO  c.a.n.c.r.client - [printIfInfoEnabled,60] - [499c13dc-8a75-46c3-b5b3-b619a93515e4_config-0] Try to reconnect to a new server, server is  not appointed, will choose a random server.
11:56:53.391 [main] INFO  c.a.n.c.r.client - [printIfInfoEnabled,60] - [499c13dc-8a75-46c3-b5b3-b619a93515e4_config-0] Register server push request handler:com.alibaba.nacos.common.remote.client.RpcClient$ConnectResetRequestHandler
11:56:53.392 [main] INFO  c.a.n.c.r.client - [printIfInfoEnabled,60] - [499c13dc-8a75-46c3-b5b3-b619a93515e4_config-0] Register server push request handler:com.alibaba.nacos.common.remote.client.RpcClient$$Lambda$344/645643802
11:56:54.771 [main] INFO  c.x.g.XmapGuideApplication - [logStartupProfileInfo,637] - The following 1 profile is active: "dev"
11:56:57.344 [main] INFO  o.a.c.h.Http11NioProtocol - [log,173] - Initializing ProtocolHandler ["http-nio-9214"]
11:56:57.345 [main] INFO  o.a.c.c.StandardService - [log,173] - Starting service [Tomcat]
11:56:57.345 [main] INFO  o.a.c.c.StandardEngine - [log,173] - Starting Servlet engine: [Apache Tomcat/9.0.70]
11:56:57.538 [main] INFO  o.a.c.c.C.[.[.[/] - [log,173] - Initializing Spring embedded WebApplicationContext
11:56:58.977 [main] INFO  c.a.c.s.SentinelWebMvcConfigurer - [addInterceptors,52] - [Sentinel Starter] register SentinelWebInterceptor with urlPatterns: [/**].
11:56:59.652 [com.alibaba.nacos.client.remote.worker] INFO  c.a.n.c.r.client - [printIfInfoEnabled,60] - [499c13dc-8a75-46c3-b5b3-b619a93515e4_config-0] Fail to connect server, after trying 1 times, last try server is {serverIp = '127.0.0.1', server main port = 8848}, error = unknown
11:57:02.944 [com.alibaba.nacos.client.remote.worker] INFO  c.a.n.c.r.client - [printIfInfoEnabled,60] - [499c13dc-8a75-46c3-b5b3-b619a93515e4_config-0] Success to connect a server [127.0.0.1:8848], connectionId = 1691380622740_127.0.0.1_60085
11:57:02.944 [com.alibaba.nacos.client.remote.worker] INFO  c.a.n.c.r.client - [printIfInfoEnabled,60] - [499c13dc-8a75-46c3-b5b3-b619a93515e4_config-0] Notify connected event to listeners.
11:57:21.276 [main] INFO  c.a.n.c.r.client - [lambda$createClient$0,80] - [RpcClientFactory] create a new rpc client of bb982c98-6d90-4907-ba93-5f76e8000c43
11:57:21.276 [main] INFO  c.a.n.c.r.client - [printIfInfoEnabled,60] - [bb982c98-6d90-4907-ba93-5f76e8000c43] RpcClient init label, labels = {module=naming, source=sdk}
11:57:21.278 [main] INFO  c.a.n.c.r.client - [printIfInfoEnabled,60] - [bb982c98-6d90-4907-ba93-5f76e8000c43] RpcClient init, ServerListFactory = com.alibaba.nacos.client.naming.core.ServerListManager
11:57:21.279 [main] INFO  c.a.n.c.r.client - [printIfInfoEnabled,60] - [bb982c98-6d90-4907-ba93-5f76e8000c43] Registry connection listener to current client:com.alibaba.nacos.client.naming.remote.gprc.redo.NamingGrpcRedoService
11:57:21.279 [main] INFO  c.a.n.c.r.client - [printIfInfoEnabled,60] - [bb982c98-6d90-4907-ba93-5f76e8000c43] Register server push request handler:com.alibaba.nacos.client.naming.remote.gprc.NamingPushRequestHandler
11:57:21.279 [main] INFO  c.a.n.c.r.client - [printIfInfoEnabled,60] - [bb982c98-6d90-4907-ba93-5f76e8000c43] Try to connect to server on start up, server: {serverIp = '127.0.0.1', server main port = 8848}
11:57:21.406 [main] INFO  c.a.n.c.r.client - [printIfInfoEnabled,60] - [bb982c98-6d90-4907-ba93-5f76e8000c43] Success to connect to server [127.0.0.1:8848] on start up, connectionId = 1691380641286_127.0.0.1_62728
11:57:21.406 [com.alibaba.nacos.client.remote.worker] INFO  c.a.n.c.r.client - [printIfInfoEnabled,60] - [bb982c98-6d90-4907-ba93-5f76e8000c43] Notify connected event to listeners.
11:57:21.406 [main] INFO  c.a.n.c.r.client - [printIfInfoEnabled,60] - [bb982c98-6d90-4907-ba93-5f76e8000c43] Register server push request handler:com.alibaba.nacos.common.remote.client.RpcClient$ConnectResetRequestHandler
11:57:21.407 [main] INFO  c.a.n.c.r.client - [printIfInfoEnabled,60] - [bb982c98-6d90-4907-ba93-5f76e8000c43] Register server push request handler:com.alibaba.nacos.common.remote.client.RpcClient$$Lambda$344/645643802
11:57:21.438 [main] INFO  o.a.c.h.Http11NioProtocol - [log,173] - Starting ProtocolHandler ["http-nio-9214"]
11:57:21.461 [main] INFO  c.a.c.n.r.NacosServiceRegistry - [register,75] - nacos registry, DEFAULT_GROUP xmap-guide 10.100.4.8:9214 register finished
11:57:21.994 [nacos-grpc-client-executor-5] INFO  c.a.n.c.r.client - [printIfInfoEnabled,60] - [bb982c98-6d90-4907-ba93-5f76e8000c43] Receive server push request, request = NotifySubscriberRequest, requestId = 35
11:57:21.998 [nacos-grpc-client-executor-5] INFO  c.a.n.c.r.client - [printIfInfoEnabled,60] - [bb982c98-6d90-4907-ba93-5f76e8000c43] Ack server push request, request = NotifySubscriberRequest, requestId = 35
11:57:28.380 [main] INFO  c.x.g.XmapGuideApplication - [logStarted,61] - Started XmapGuideApplication in 76.744 seconds (JVM running for 84.674)
11:57:28.391 [main] INFO  c.a.c.n.r.NacosContextRefresher - [registerNacosListener,129] - [Nacos Config] Listening config: dataId=xmap-guide.yml, group=DEFAULT_GROUP
11:57:28.392 [main] INFO  c.a.c.n.r.NacosContextRefresher - [registerNacosListener,129] - [Nacos Config] Listening config: dataId=xmap-guide, group=DEFAULT_GROUP
11:57:28.392 [main] INFO  c.a.c.n.r.NacosContextRefresher - [registerNacosListener,129] - [Nacos Config] Listening config: dataId=xmap-guide-dev.yml, group=DEFAULT_GROUP
11:57:30.344 [RMI TCP Connection(6)-10.100.4.8] INFO  o.a.c.c.C.[.[.[/] - [log,173] - Initializing Spring DispatcherServlet 'dispatcherServlet'
14:02:05.444 [nacos-grpc-client-executor-603] INFO  c.a.n.c.r.client - [printIfInfoEnabled,60] - [499c13dc-8a75-46c3-b5b3-b619a93515e4_config-0] Receive server push request, request = ClientDetectionRequest, requestId = 69
14:02:05.445 [nacos-grpc-client-executor-603] INFO  c.a.n.c.r.client - [printIfInfoEnabled,60] - [499c13dc-8a75-46c3-b5b3-b619a93515e4_config-0] Ack server push request, request = ClientDetectionRequest, requestId = 69
14:02:05.446 [nacos-grpc-client-executor-595] INFO  c.a.n.c.r.client - [printIfInfoEnabled,60] - [bb982c98-6d90-4907-ba93-5f76e8000c43] Receive server push request, request = ClientDetectionRequest, requestId = 78
14:02:05.446 [nacos-grpc-client-executor-595] INFO  c.a.n.c.r.client - [printIfInfoEnabled,60] - [bb982c98-6d90-4907-ba93-5f76e8000c43] Ack server push request, request = ClientDetectionRequest, requestId = 78
