09:01:42.592 [background-preinit] INFO  o.h.v.i.util.Version - [<clinit>,21] - HV000001: Hibernate Validator 6.2.5.Final
09:01:53.397 [main] INFO  c.a.n.c.r.client - [lambda$createClient$0,80] - [RpcClientFactory] create a new rpc client of a731bcd6-97ef-48f2-ab72-eb6a787f8c20_config-0
09:01:53.484 [main] INFO  o.r.Reflections - [scan,232] - Reflections took 67 ms to scan 1 urls, producing 3 keys and 6 values 
09:01:53.535 [main] INFO  o.r.Reflections - [scan,232] - Reflections took 35 ms to scan 1 urls, producing 4 keys and 9 values 
09:01:53.593 [main] INFO  o.r.Reflections - [scan,232] - Reflections took 55 ms to scan 1 urls, producing 3 keys and 10 values 
09:01:53.892 [main] INFO  o.r.Reflections - [scan,232] - Reflections took 295 ms to scan 199 urls, producing 0 keys and 0 values 
09:01:53.905 [main] INFO  o.r.Reflections - [scan,232] - Reflections took 11 ms to scan 1 urls, producing 1 keys and 5 values 
09:01:53.920 [main] INFO  o.r.Reflections - [scan,232] - Reflections took 13 ms to scan 1 urls, producing 1 keys and 7 values 
09:01:53.935 [main] INFO  o.r.Reflections - [scan,232] - Reflections took 12 ms to scan 1 urls, producing 2 keys and 8 values 
09:01:54.181 [main] INFO  o.r.Reflections - [scan,232] - Reflections took 244 ms to scan 199 urls, producing 0 keys and 0 values 
09:01:54.182 [main] INFO  c.a.n.c.r.client - [printIfInfoEnabled,60] - [a731bcd6-97ef-48f2-ab72-eb6a787f8c20_config-0] RpcClient init label, labels = {module=config, Vipserver-Tag=null, source=sdk, Amory-Tag=null, Location-Tag=null, taskId=0, AppName=unknown}
09:01:54.183 [main] INFO  c.a.n.c.r.client - [printIfInfoEnabled,60] - [a731bcd6-97ef-48f2-ab72-eb6a787f8c20_config-0] Register server push request handler:com.alibaba.nacos.client.config.impl.ClientWorker$ConfigRpcTransportClient$$Lambda$334/832145584
09:01:54.183 [main] INFO  c.a.n.c.r.client - [printIfInfoEnabled,60] - [a731bcd6-97ef-48f2-ab72-eb6a787f8c20_config-0] Register server push request handler:com.alibaba.nacos.client.config.impl.ClientWorker$ConfigRpcTransportClient$$Lambda$335/224060798
09:01:54.183 [main] INFO  c.a.n.c.r.client - [printIfInfoEnabled,60] - [a731bcd6-97ef-48f2-ab72-eb6a787f8c20_config-0] Registry connection listener to current client:com.alibaba.nacos.client.config.impl.ClientWorker$ConfigRpcTransportClient$1
09:01:54.184 [main] INFO  c.a.n.c.r.client - [printIfInfoEnabled,60] - [a731bcd6-97ef-48f2-ab72-eb6a787f8c20_config-0] RpcClient init, ServerListFactory = com.alibaba.nacos.client.config.impl.ClientWorker$ConfigRpcTransportClient$2
09:01:54.194 [main] INFO  c.a.n.c.r.client - [printIfInfoEnabled,60] - [a731bcd6-97ef-48f2-ab72-eb6a787f8c20_config-0] Try to connect to server on start up, server: {serverIp = '127.0.0.1', server main port = 8848}
09:02:11.160 [main] INFO  c.a.n.c.r.client - [printIfInfoEnabled,60] - [a731bcd6-97ef-48f2-ab72-eb6a787f8c20_config-0] Try to connect to server on start up, server: {serverIp = '127.0.0.1', server main port = 8848}
09:02:14.171 [main] INFO  c.a.n.c.r.client - [printIfInfoEnabled,60] - [a731bcd6-97ef-48f2-ab72-eb6a787f8c20_config-0] Try to connect to server on start up, server: {serverIp = '127.0.0.1', server main port = 8848}
09:02:17.177 [com.alibaba.nacos.client.remote.worker] INFO  c.a.n.c.r.client - [printIfInfoEnabled,60] - [a731bcd6-97ef-48f2-ab72-eb6a787f8c20_config-0] Try to reconnect to a new server, server is  not appointed, will choose a random server.
09:02:17.178 [main] INFO  c.a.n.c.r.client - [printIfInfoEnabled,60] - [a731bcd6-97ef-48f2-ab72-eb6a787f8c20_config-0] Register server push request handler:com.alibaba.nacos.common.remote.client.RpcClient$ConnectResetRequestHandler
09:02:17.179 [main] INFO  c.a.n.c.r.client - [printIfInfoEnabled,60] - [a731bcd6-97ef-48f2-ab72-eb6a787f8c20_config-0] Register server push request handler:com.alibaba.nacos.common.remote.client.RpcClient$$Lambda$344/521331027
09:02:18.549 [main] INFO  c.x.m.XmapMapApplication - [logStartupProfileInfo,637] - The following 1 profile is active: "dev"
09:02:20.521 [com.alibaba.nacos.client.remote.worker] INFO  c.a.n.c.r.client - [printIfInfoEnabled,60] - [a731bcd6-97ef-48f2-ab72-eb6a787f8c20_config-0] Success to connect a server [127.0.0.1:8848], connectionId = 1693443740313_127.0.0.1_51556
09:02:20.523 [com.alibaba.nacos.client.remote.worker] INFO  c.a.n.c.r.client - [printIfInfoEnabled,60] - [a731bcd6-97ef-48f2-ab72-eb6a787f8c20_config-0] Notify connected event to listeners.
09:02:21.154 [main] INFO  o.a.c.h.Http11NioProtocol - [log,173] - Initializing ProtocolHandler ["http-nio-9212"]
09:02:21.155 [main] INFO  o.a.c.c.StandardService - [log,173] - Starting service [Tomcat]
09:02:21.155 [main] INFO  o.a.c.c.StandardEngine - [log,173] - Starting Servlet engine: [Apache Tomcat/9.0.70]
09:02:21.471 [main] INFO  o.a.c.c.C.[.[.[/] - [log,173] - Initializing Spring embedded WebApplicationContext
09:02:32.644 [main] INFO  c.a.d.p.DruidDataSource - [init,996] - {dataSource-1,master} inited
09:02:32.701 [main] INFO  o.a.c.c.StandardService - [log,173] - Stopping service [Tomcat]
