09:21:44.768 [background-preinit] INFO  o.h.v.i.util.Version - [<clinit>,21] - HV000001: Hibernate Validator 6.2.5.Final
09:21:59.759 [main] INFO  c.a.n.c.r.client - [lambda$createClient$0,80] - [RpcClientFactory] create a new rpc client of 47b12f0f-b009-4bf2-b62d-958ec03198bb_config-0
09:21:59.817 [main] INFO  o.r.Reflections - [scan,232] - Reflections took 42 ms to scan 1 urls, producing 3 keys and 6 values 
09:21:59.895 [main] INFO  o.r.Reflections - [scan,232] - Reflections took 51 ms to scan 1 urls, producing 4 keys and 9 values 
09:21:59.920 [main] INFO  o.r.Reflections - [scan,232] - Reflections took 16 ms to scan 1 urls, producing 3 keys and 10 values 
09:22:00.182 [main] INFO  o.r.Reflections - [scan,232] - Reflections took 258 ms to scan 199 urls, producing 0 keys and 0 values 
09:22:00.207 [main] INFO  o.r.Reflections - [scan,232] - Reflections took 12 ms to scan 1 urls, producing 1 keys and 5 values 
09:22:00.220 [main] INFO  o.r.Reflections - [scan,232] - Reflections took 10 ms to scan 1 urls, producing 1 keys and 7 values 
09:22:00.234 [main] INFO  o.r.Reflections - [scan,232] - Reflections took 12 ms to scan 1 urls, producing 2 keys and 8 values 
09:22:00.457 [main] INFO  o.r.Reflections - [scan,232] - Reflections took 221 ms to scan 199 urls, producing 0 keys and 0 values 
09:22:00.458 [main] INFO  c.a.n.c.r.client - [printIfInfoEnabled,60] - [47b12f0f-b009-4bf2-b62d-958ec03198bb_config-0] RpcClient init label, labels = {module=config, Vipserver-Tag=null, source=sdk, Amory-Tag=null, Location-Tag=null, taskId=0, AppName=unknown}
09:22:00.459 [main] INFO  c.a.n.c.r.client - [printIfInfoEnabled,60] - [47b12f0f-b009-4bf2-b62d-958ec03198bb_config-0] Register server push request handler:com.alibaba.nacos.client.config.impl.ClientWorker$ConfigRpcTransportClient$$Lambda$334/832145584
09:22:00.459 [main] INFO  c.a.n.c.r.client - [printIfInfoEnabled,60] - [47b12f0f-b009-4bf2-b62d-958ec03198bb_config-0] Register server push request handler:com.alibaba.nacos.client.config.impl.ClientWorker$ConfigRpcTransportClient$$Lambda$335/224060798
09:22:00.459 [main] INFO  c.a.n.c.r.client - [printIfInfoEnabled,60] - [47b12f0f-b009-4bf2-b62d-958ec03198bb_config-0] Registry connection listener to current client:com.alibaba.nacos.client.config.impl.ClientWorker$ConfigRpcTransportClient$1
09:22:00.460 [main] INFO  c.a.n.c.r.client - [printIfInfoEnabled,60] - [47b12f0f-b009-4bf2-b62d-958ec03198bb_config-0] RpcClient init, ServerListFactory = com.alibaba.nacos.client.config.impl.ClientWorker$ConfigRpcTransportClient$2
09:22:00.467 [main] INFO  c.a.n.c.r.client - [printIfInfoEnabled,60] - [47b12f0f-b009-4bf2-b62d-958ec03198bb_config-0] Try to connect to server on start up, server: {serverIp = '127.0.0.1', server main port = 8848}
09:22:13.445 [main] INFO  c.a.n.c.r.client - [printIfInfoEnabled,60] - [47b12f0f-b009-4bf2-b62d-958ec03198bb_config-0] Try to connect to server on start up, server: {serverIp = '127.0.0.1', server main port = 8848}
09:22:16.454 [main] INFO  c.a.n.c.r.client - [printIfInfoEnabled,60] - [47b12f0f-b009-4bf2-b62d-958ec03198bb_config-0] Try to connect to server on start up, server: {serverIp = '127.0.0.1', server main port = 8848}
09:22:19.472 [com.alibaba.nacos.client.remote.worker] INFO  c.a.n.c.r.client - [printIfInfoEnabled,60] - [47b12f0f-b009-4bf2-b62d-958ec03198bb_config-0] Try to reconnect to a new server, server is  not appointed, will choose a random server.
09:22:19.486 [main] INFO  c.a.n.c.r.client - [printIfInfoEnabled,60] - [47b12f0f-b009-4bf2-b62d-958ec03198bb_config-0] Register server push request handler:com.alibaba.nacos.common.remote.client.RpcClient$ConnectResetRequestHandler
09:22:19.487 [main] INFO  c.a.n.c.r.client - [printIfInfoEnabled,60] - [47b12f0f-b009-4bf2-b62d-958ec03198bb_config-0] Register server push request handler:com.alibaba.nacos.common.remote.client.RpcClient$$Lambda$344/645643802
09:22:20.840 [main] INFO  c.x.m.XmapMapApplication - [logStartupProfileInfo,637] - The following 1 profile is active: "dev"
09:22:22.472 [com.alibaba.nacos.client.remote.worker] INFO  c.a.n.c.r.client - [printIfInfoEnabled,60] - [47b12f0f-b009-4bf2-b62d-958ec03198bb_config-0] Success to connect a server [127.0.0.1:8848], connectionId = 1690852942306_127.0.0.1_59378
09:22:22.472 [com.alibaba.nacos.client.remote.worker] INFO  c.a.n.c.r.client - [printIfInfoEnabled,60] - [47b12f0f-b009-4bf2-b62d-958ec03198bb_config-0] Notify connected event to listeners.
09:22:22.838 [main] INFO  o.a.c.h.Http11NioProtocol - [log,173] - Initializing ProtocolHandler ["http-nio-9212"]
09:22:22.839 [main] INFO  o.a.c.c.StandardService - [log,173] - Starting service [Tomcat]
09:22:22.839 [main] INFO  o.a.c.c.StandardEngine - [log,173] - Starting Servlet engine: [Apache Tomcat/9.0.70]
09:22:23.009 [main] INFO  o.a.c.c.C.[.[.[/] - [log,173] - Initializing Spring embedded WebApplicationContext
09:22:23.867 [main] INFO  c.a.c.s.SentinelWebMvcConfigurer - [addInterceptors,52] - [Sentinel Starter] register SentinelWebInterceptor with urlPatterns: [/**].
09:22:32.780 [main] INFO  c.a.n.c.r.client - [lambda$createClient$0,80] - [RpcClientFactory] create a new rpc client of 1520d6b2-681d-47a6-9e88-56d5ac5c7989
09:22:32.780 [main] INFO  c.a.n.c.r.client - [printIfInfoEnabled,60] - [1520d6b2-681d-47a6-9e88-56d5ac5c7989] RpcClient init label, labels = {module=naming, source=sdk}
09:22:32.781 [main] INFO  c.a.n.c.r.client - [printIfInfoEnabled,60] - [1520d6b2-681d-47a6-9e88-56d5ac5c7989] RpcClient init, ServerListFactory = com.alibaba.nacos.client.naming.core.ServerListManager
09:22:32.782 [main] INFO  c.a.n.c.r.client - [printIfInfoEnabled,60] - [1520d6b2-681d-47a6-9e88-56d5ac5c7989] Registry connection listener to current client:com.alibaba.nacos.client.naming.remote.gprc.redo.NamingGrpcRedoService
09:22:32.782 [main] INFO  c.a.n.c.r.client - [printIfInfoEnabled,60] - [1520d6b2-681d-47a6-9e88-56d5ac5c7989] Register server push request handler:com.alibaba.nacos.client.naming.remote.gprc.NamingPushRequestHandler
09:22:32.783 [main] INFO  c.a.n.c.r.client - [printIfInfoEnabled,60] - [1520d6b2-681d-47a6-9e88-56d5ac5c7989] Try to connect to server on start up, server: {serverIp = '127.0.0.1', server main port = 8848}
09:22:32.906 [main] INFO  c.a.n.c.r.client - [printIfInfoEnabled,60] - [1520d6b2-681d-47a6-9e88-56d5ac5c7989] Success to connect to server [127.0.0.1:8848] on start up, connectionId = 1690852952788_127.0.0.1_59557
09:22:32.906 [main] INFO  c.a.n.c.r.client - [printIfInfoEnabled,60] - [1520d6b2-681d-47a6-9e88-56d5ac5c7989] Register server push request handler:com.alibaba.nacos.common.remote.client.RpcClient$ConnectResetRequestHandler
09:22:32.906 [com.alibaba.nacos.client.remote.worker] INFO  c.a.n.c.r.client - [printIfInfoEnabled,60] - [1520d6b2-681d-47a6-9e88-56d5ac5c7989] Notify connected event to listeners.
09:22:32.906 [main] INFO  c.a.n.c.r.client - [printIfInfoEnabled,60] - [1520d6b2-681d-47a6-9e88-56d5ac5c7989] Register server push request handler:com.alibaba.nacos.common.remote.client.RpcClient$$Lambda$344/645643802
09:22:32.936 [main] INFO  o.a.c.h.Http11NioProtocol - [log,173] - Starting ProtocolHandler ["http-nio-9212"]
09:22:32.958 [main] INFO  c.a.c.n.r.NacosServiceRegistry - [register,75] - nacos registry, DEFAULT_GROUP xmap-map 10.100.4.8:9212 register finished
09:22:33.461 [nacos-grpc-client-executor-6] INFO  c.a.n.c.r.client - [printIfInfoEnabled,60] - [1520d6b2-681d-47a6-9e88-56d5ac5c7989] Receive server push request, request = NotifySubscriberRequest, requestId = 32
09:22:33.468 [nacos-grpc-client-executor-6] INFO  c.a.n.c.r.client - [printIfInfoEnabled,60] - [1520d6b2-681d-47a6-9e88-56d5ac5c7989] Ack server push request, request = NotifySubscriberRequest, requestId = 32
09:22:35.030 [main] INFO  c.x.m.XmapMapApplication - [logStarted,61] - Started XmapMapApplication in 61.737 seconds (JVM running for 72.054)
09:22:35.040 [main] INFO  c.a.c.n.r.NacosContextRefresher - [registerNacosListener,129] - [Nacos Config] Listening config: dataId=xmap-map, group=DEFAULT_GROUP
09:22:35.040 [main] INFO  c.a.c.n.r.NacosContextRefresher - [registerNacosListener,129] - [Nacos Config] Listening config: dataId=xmap-map.yml, group=DEFAULT_GROUP
09:22:35.041 [main] INFO  c.a.c.n.r.NacosContextRefresher - [registerNacosListener,129] - [Nacos Config] Listening config: dataId=xmap-map-dev.yml, group=DEFAULT_GROUP
09:22:38.691 [RMI TCP Connection(4)-10.100.4.8] INFO  o.a.c.c.C.[.[.[/] - [log,173] - Initializing Spring DispatcherServlet 'dispatcherServlet'
10:37:01.233 [nacos-grpc-client-executor-809] INFO  c.a.n.c.r.client - [printIfInfoEnabled,60] - [47b12f0f-b009-4bf2-b62d-958ec03198bb_config-0] Receive server push request, request = ClientDetectionRequest, requestId = 71
10:37:01.235 [nacos-grpc-client-executor-809] INFO  c.a.n.c.r.client - [printIfInfoEnabled,60] - [47b12f0f-b009-4bf2-b62d-958ec03198bb_config-0] Ack server push request, request = ClientDetectionRequest, requestId = 71
10:37:01.252 [nacos-grpc-client-executor-789] INFO  c.a.n.c.r.client - [printIfInfoEnabled,60] - [1520d6b2-681d-47a6-9e88-56d5ac5c7989] Receive server push request, request = ClientDetectionRequest, requestId = 96
10:37:01.253 [nacos-grpc-client-executor-789] INFO  c.a.n.c.r.client - [printIfInfoEnabled,60] - [1520d6b2-681d-47a6-9e88-56d5ac5c7989] Ack server push request, request = ClientDetectionRequest, requestId = 96
14:09:25.405 [nacos-grpc-client-executor-1836] INFO  c.a.n.c.r.client - [printIfInfoEnabled,60] - [1520d6b2-681d-47a6-9e88-56d5ac5c7989] Receive server push request, request = ClientDetectionRequest, requestId = 140
14:09:25.406 [nacos-grpc-client-executor-1836] INFO  c.a.n.c.r.client - [printIfInfoEnabled,60] - [1520d6b2-681d-47a6-9e88-56d5ac5c7989] Ack server push request, request = ClientDetectionRequest, requestId = 140
14:13:50.830 [nacos-grpc-client-executor-1974] INFO  c.a.n.c.r.client - [printIfInfoEnabled,60] - [47b12f0f-b009-4bf2-b62d-958ec03198bb_config-0] Receive server push request, request = ClientDetectionRequest, requestId = 146
14:13:50.831 [nacos-grpc-client-executor-1974] INFO  c.a.n.c.r.client - [printIfInfoEnabled,60] - [47b12f0f-b009-4bf2-b62d-958ec03198bb_config-0] Ack server push request, request = ClientDetectionRequest, requestId = 146
14:13:50.840 [nacos-grpc-client-executor-1893] INFO  c.a.n.c.r.client - [printIfInfoEnabled,60] - [1520d6b2-681d-47a6-9e88-56d5ac5c7989] Receive server push request, request = ClientDetectionRequest, requestId = 171
14:13:50.841 [nacos-grpc-client-executor-1893] INFO  c.a.n.c.r.client - [printIfInfoEnabled,60] - [1520d6b2-681d-47a6-9e88-56d5ac5c7989] Ack server push request, request = ClientDetectionRequest, requestId = 171
16:36:09.534 [nacos-grpc-client-executor-3887] INFO  c.a.n.c.r.client - [printIfInfoEnabled,60] - [47b12f0f-b009-4bf2-b62d-958ec03198bb_config-0] Receive server push request, request = ClientDetectionRequest, requestId = 191
16:36:09.534 [nacos-grpc-client-executor-3887] INFO  c.a.n.c.r.client - [printIfInfoEnabled,60] - [47b12f0f-b009-4bf2-b62d-958ec03198bb_config-0] Ack server push request, request = ClientDetectionRequest, requestId = 191
16:36:09.552 [nacos-grpc-client-executor-3794] INFO  c.a.n.c.r.client - [printIfInfoEnabled,60] - [1520d6b2-681d-47a6-9e88-56d5ac5c7989] Receive server push request, request = ClientDetectionRequest, requestId = 218
16:36:09.552 [nacos-grpc-client-executor-3794] INFO  c.a.n.c.r.client - [printIfInfoEnabled,60] - [1520d6b2-681d-47a6-9e88-56d5ac5c7989] Ack server push request, request = ClientDetectionRequest, requestId = 218
18:10:10.737 [nacos-grpc-client-executor-5005] INFO  c.a.n.c.r.client - [printIfInfoEnabled,60] - [47b12f0f-b009-4bf2-b62d-958ec03198bb_config-0] Receive server push request, request = ClientDetectionRequest, requestId = 232
18:10:10.740 [nacos-grpc-client-executor-5005] INFO  c.a.n.c.r.client - [printIfInfoEnabled,60] - [47b12f0f-b009-4bf2-b62d-958ec03198bb_config-0] Ack server push request, request = ClientDetectionRequest, requestId = 232
18:10:10.804 [nacos-grpc-client-executor-4926] INFO  c.a.n.c.r.client - [printIfInfoEnabled,60] - [1520d6b2-681d-47a6-9e88-56d5ac5c7989] Receive server push request, request = ClientDetectionRequest, requestId = 242
18:10:10.805 [nacos-grpc-client-executor-4926] INFO  c.a.n.c.r.client - [printIfInfoEnabled,60] - [1520d6b2-681d-47a6-9e88-56d5ac5c7989] Ack server push request, request = ClientDetectionRequest, requestId = 242
18:19:04.355 [nacos-grpc-client-executor-5112] INFO  c.a.n.c.r.client - [printIfInfoEnabled,60] - [47b12f0f-b009-4bf2-b62d-958ec03198bb_config-0] Receive server push request, request = ClientDetectionRequest, requestId = 249
18:19:04.359 [nacos-grpc-client-executor-5112] INFO  c.a.n.c.r.client - [printIfInfoEnabled,60] - [47b12f0f-b009-4bf2-b62d-958ec03198bb_config-0] Ack server push request, request = ClientDetectionRequest, requestId = 249
18:19:04.532 [nacos-grpc-client-executor-5046] INFO  c.a.n.c.r.client - [printIfInfoEnabled,60] - [1520d6b2-681d-47a6-9e88-56d5ac5c7989] Receive server push request, request = ClientDetectionRequest, requestId = 279
18:19:04.534 [nacos-grpc-client-executor-5046] INFO  c.a.n.c.r.client - [printIfInfoEnabled,60] - [1520d6b2-681d-47a6-9e88-56d5ac5c7989] Ack server push request, request = ClientDetectionRequest, requestId = 279
20:03:10.744 [com.alibaba.nacos.client.remote.worker] INFO  c.a.n.c.r.client - [printIfInfoEnabled,60] - [1520d6b2-681d-47a6-9e88-56d5ac5c7989] Try to reconnect to a new server, server is  not appointed, will choose a random server.
20:03:10.745 [com.alibaba.nacos.client.remote.worker] INFO  c.a.n.c.r.client - [printIfInfoEnabled,60] - [47b12f0f-b009-4bf2-b62d-958ec03198bb_config-0] Try to reconnect to a new server, server is  not appointed, will choose a random server.
