10:30:21.782 [background-preinit] INFO  o.h.v.i.util.Version - [<clinit>,21] - HV000001: Hibernate Validator 6.2.5.Final
10:30:35.016 [main] INFO  c.a.n.c.r.client - [lambda$createClient$0,80] - [RpcClientFactory] create a new rpc client of 144d369d-f29c-43d1-8110-e496f6ea5417_config-0
10:30:35.075 [main] INFO  o.r.Reflections - [scan,232] - Reflections took 40 ms to scan 1 urls, producing 3 keys and 6 values 
10:30:35.113 [main] INFO  o.r.Reflections - [scan,232] - Reflections took 20 ms to scan 1 urls, producing 4 keys and 9 values 
10:30:35.132 [main] INFO  o.r.Reflections - [scan,232] - Reflections took 17 ms to scan 1 urls, producing 3 keys and 10 values 
10:30:35.410 [main] INFO  o.r.Reflections - [scan,232] - Reflections took 273 ms to scan 199 urls, producing 0 keys and 0 values 
10:30:35.425 [main] INFO  o.r.Reflections - [scan,232] - Reflections took 14 ms to scan 1 urls, producing 1 keys and 5 values 
10:30:35.440 [main] INFO  o.r.Reflections - [scan,232] - Reflections took 13 ms to scan 1 urls, producing 1 keys and 7 values 
10:30:35.454 [main] INFO  o.r.Reflections - [scan,232] - Reflections took 12 ms to scan 1 urls, producing 2 keys and 8 values 
10:30:35.672 [main] INFO  o.r.Reflections - [scan,232] - Reflections took 215 ms to scan 199 urls, producing 0 keys and 0 values 
10:30:35.673 [main] INFO  c.a.n.c.r.client - [printIfInfoEnabled,60] - [144d369d-f29c-43d1-8110-e496f6ea5417_config-0] RpcClient init label, labels = {module=config, Vipserver-Tag=null, source=sdk, Amory-Tag=null, Location-Tag=null, taskId=0, AppName=unknown}
10:30:35.674 [main] INFO  c.a.n.c.r.client - [printIfInfoEnabled,60] - [144d369d-f29c-43d1-8110-e496f6ea5417_config-0] Register server push request handler:com.alibaba.nacos.client.config.impl.ClientWorker$ConfigRpcTransportClient$$Lambda$334/832145584
10:30:35.674 [main] INFO  c.a.n.c.r.client - [printIfInfoEnabled,60] - [144d369d-f29c-43d1-8110-e496f6ea5417_config-0] Register server push request handler:com.alibaba.nacos.client.config.impl.ClientWorker$ConfigRpcTransportClient$$Lambda$335/224060798
10:30:35.674 [main] INFO  c.a.n.c.r.client - [printIfInfoEnabled,60] - [144d369d-f29c-43d1-8110-e496f6ea5417_config-0] Registry connection listener to current client:com.alibaba.nacos.client.config.impl.ClientWorker$ConfigRpcTransportClient$1
10:30:35.675 [main] INFO  c.a.n.c.r.client - [printIfInfoEnabled,60] - [144d369d-f29c-43d1-8110-e496f6ea5417_config-0] RpcClient init, ServerListFactory = com.alibaba.nacos.client.config.impl.ClientWorker$ConfigRpcTransportClient$2
10:30:35.682 [main] INFO  c.a.n.c.r.client - [printIfInfoEnabled,60] - [144d369d-f29c-43d1-8110-e496f6ea5417_config-0] Try to connect to server on start up, server: {serverIp = '127.0.0.1', server main port = 8848}
10:30:51.636 [main] INFO  c.a.n.c.r.client - [printIfInfoEnabled,60] - [144d369d-f29c-43d1-8110-e496f6ea5417_config-0] Try to connect to server on start up, server: {serverIp = '127.0.0.1', server main port = 8848}
10:30:54.656 [main] INFO  c.a.n.c.r.client - [printIfInfoEnabled,60] - [144d369d-f29c-43d1-8110-e496f6ea5417_config-0] Try to connect to server on start up, server: {serverIp = '127.0.0.1', server main port = 8848}
10:30:57.673 [com.alibaba.nacos.client.remote.worker] INFO  c.a.n.c.r.client - [printIfInfoEnabled,60] - [144d369d-f29c-43d1-8110-e496f6ea5417_config-0] Try to reconnect to a new server, server is  not appointed, will choose a random server.
10:30:57.686 [main] INFO  c.a.n.c.r.client - [printIfInfoEnabled,60] - [144d369d-f29c-43d1-8110-e496f6ea5417_config-0] Register server push request handler:com.alibaba.nacos.common.remote.client.RpcClient$ConnectResetRequestHandler
10:30:57.687 [main] INFO  c.a.n.c.r.client - [printIfInfoEnabled,60] - [144d369d-f29c-43d1-8110-e496f6ea5417_config-0] Register server push request handler:com.alibaba.nacos.common.remote.client.RpcClient$$Lambda$344/521331027
10:30:59.075 [main] INFO  c.x.m.XmapMapApplication - [logStartupProfileInfo,637] - The following 1 profile is active: "dev"
10:31:02.524 [main] INFO  o.a.c.h.Http11NioProtocol - [log,173] - Initializing ProtocolHandler ["http-nio-9212"]
10:31:02.525 [main] INFO  o.a.c.c.StandardService - [log,173] - Starting service [Tomcat]
10:31:02.525 [main] INFO  o.a.c.c.StandardEngine - [log,173] - Starting Servlet engine: [Apache Tomcat/9.0.70]
10:31:02.786 [main] INFO  o.a.c.c.C.[.[.[/] - [log,173] - Initializing Spring embedded WebApplicationContext
10:31:03.850 [com.alibaba.nacos.client.remote.worker] INFO  c.a.n.c.r.client - [printIfInfoEnabled,60] - [144d369d-f29c-43d1-8110-e496f6ea5417_config-0] Fail to connect server, after trying 1 times, last try server is {serverIp = '127.0.0.1', server main port = 8848}, error = unknown
10:31:07.082 [com.alibaba.nacos.client.remote.worker] INFO  c.a.n.c.r.client - [printIfInfoEnabled,60] - [144d369d-f29c-43d1-8110-e496f6ea5417_config-0] Fail to connect server, after trying 2 times, last try server is {serverIp = '127.0.0.1', server main port = 8848}, error = unknown
10:31:08.606 [com.alibaba.nacos.client.remote.worker] INFO  c.a.n.c.r.client - [printIfInfoEnabled,60] - [144d369d-f29c-43d1-8110-e496f6ea5417_config-0] Success to connect a server [127.0.0.1:8848], connectionId = 1691116268379_127.0.0.1_52731
10:31:08.607 [com.alibaba.nacos.client.remote.worker] INFO  c.a.n.c.r.client - [printIfInfoEnabled,60] - [144d369d-f29c-43d1-8110-e496f6ea5417_config-0] Notify connected event to listeners.
10:31:17.251 [main] INFO  c.a.d.p.DruidDataSource - [init,996] - {dataSource-1,master} inited
10:31:17.293 [main] INFO  o.a.c.c.StandardService - [log,173] - Stopping service [Tomcat]
11:03:27.528 [background-preinit] INFO  o.h.v.i.util.Version - [<clinit>,21] - HV000001: Hibernate Validator 6.2.5.Final
11:03:29.125 [main] INFO  c.a.n.c.r.client - [lambda$createClient$0,80] - [RpcClientFactory] create a new rpc client of 07084d3a-f03a-4a2b-9f3f-350b4d45dee6_config-0
11:03:29.165 [main] INFO  o.r.Reflections - [scan,232] - Reflections took 29 ms to scan 1 urls, producing 3 keys and 6 values 
11:03:29.187 [main] INFO  o.r.Reflections - [scan,232] - Reflections took 13 ms to scan 1 urls, producing 4 keys and 9 values 
11:03:29.197 [main] INFO  o.r.Reflections - [scan,232] - Reflections took 8 ms to scan 1 urls, producing 3 keys and 10 values 
11:03:29.460 [main] INFO  o.r.Reflections - [scan,232] - Reflections took 260 ms to scan 199 urls, producing 0 keys and 0 values 
11:03:29.486 [main] INFO  o.r.Reflections - [scan,232] - Reflections took 25 ms to scan 1 urls, producing 1 keys and 5 values 
11:03:29.503 [main] INFO  o.r.Reflections - [scan,232] - Reflections took 8 ms to scan 1 urls, producing 1 keys and 7 values 
11:03:29.516 [main] INFO  o.r.Reflections - [scan,232] - Reflections took 10 ms to scan 1 urls, producing 2 keys and 8 values 
11:03:29.650 [main] INFO  o.r.Reflections - [scan,232] - Reflections took 132 ms to scan 199 urls, producing 0 keys and 0 values 
11:03:29.652 [main] INFO  c.a.n.c.r.client - [printIfInfoEnabled,60] - [07084d3a-f03a-4a2b-9f3f-350b4d45dee6_config-0] RpcClient init label, labels = {module=config, Vipserver-Tag=null, source=sdk, Amory-Tag=null, Location-Tag=null, taskId=0, AppName=unknown}
11:03:29.652 [main] INFO  c.a.n.c.r.client - [printIfInfoEnabled,60] - [07084d3a-f03a-4a2b-9f3f-350b4d45dee6_config-0] Register server push request handler:com.alibaba.nacos.client.config.impl.ClientWorker$ConfigRpcTransportClient$$Lambda$334/832145584
11:03:29.653 [main] INFO  c.a.n.c.r.client - [printIfInfoEnabled,60] - [07084d3a-f03a-4a2b-9f3f-350b4d45dee6_config-0] Register server push request handler:com.alibaba.nacos.client.config.impl.ClientWorker$ConfigRpcTransportClient$$Lambda$335/224060798
11:03:29.653 [main] INFO  c.a.n.c.r.client - [printIfInfoEnabled,60] - [07084d3a-f03a-4a2b-9f3f-350b4d45dee6_config-0] Registry connection listener to current client:com.alibaba.nacos.client.config.impl.ClientWorker$ConfigRpcTransportClient$1
11:03:29.653 [main] INFO  c.a.n.c.r.client - [printIfInfoEnabled,60] - [07084d3a-f03a-4a2b-9f3f-350b4d45dee6_config-0] RpcClient init, ServerListFactory = com.alibaba.nacos.client.config.impl.ClientWorker$ConfigRpcTransportClient$2
11:03:29.659 [main] INFO  c.a.n.c.r.client - [printIfInfoEnabled,60] - [07084d3a-f03a-4a2b-9f3f-350b4d45dee6_config-0] Try to connect to server on start up, server: {serverIp = '127.0.0.1', server main port = 8848}
11:03:32.742 [main] INFO  c.a.n.c.r.client - [printIfInfoEnabled,60] - [07084d3a-f03a-4a2b-9f3f-350b4d45dee6_config-0] Success to connect to server [127.0.0.1:8848] on start up, connectionId = 1691118212540_127.0.0.1_64865
11:03:32.744 [com.alibaba.nacos.client.remote.worker] INFO  c.a.n.c.r.client - [printIfInfoEnabled,60] - [07084d3a-f03a-4a2b-9f3f-350b4d45dee6_config-0] Notify connected event to listeners.
11:03:32.744 [main] INFO  c.a.n.c.r.client - [printIfInfoEnabled,60] - [07084d3a-f03a-4a2b-9f3f-350b4d45dee6_config-0] Register server push request handler:com.alibaba.nacos.common.remote.client.RpcClient$ConnectResetRequestHandler
11:03:32.745 [main] INFO  c.a.n.c.r.client - [printIfInfoEnabled,60] - [07084d3a-f03a-4a2b-9f3f-350b4d45dee6_config-0] Register server push request handler:com.alibaba.nacos.common.remote.client.RpcClient$$Lambda$344/1788034018
11:03:32.860 [main] INFO  c.x.m.XmapMapApplication - [logStartupProfileInfo,637] - The following 1 profile is active: "dev"
11:03:34.988 [main] INFO  o.a.c.h.Http11NioProtocol - [log,173] - Initializing ProtocolHandler ["http-nio-9212"]
11:03:34.988 [main] INFO  o.a.c.c.StandardService - [log,173] - Starting service [Tomcat]
11:03:34.989 [main] INFO  o.a.c.c.StandardEngine - [log,173] - Starting Servlet engine: [Apache Tomcat/9.0.70]
11:03:35.244 [main] INFO  o.a.c.c.C.[.[.[/] - [log,173] - Initializing Spring embedded WebApplicationContext
11:03:36.795 [main] INFO  c.a.d.p.DruidDataSource - [init,996] - {dataSource-1,master} inited
11:03:36.795 [main] INFO  c.b.d.d.DynamicRoutingDataSource - [addDataSource,154] - dynamic-datasource - add a datasource named [master] success
11:03:36.796 [main] INFO  c.b.d.d.DynamicRoutingDataSource - [afterPropertiesSet,234] - dynamic-datasource initial loaded [1] datasource,primary datasource named [master]
11:03:37.735 [main] INFO  c.a.c.s.SentinelWebMvcConfigurer - [addInterceptors,52] - [Sentinel Starter] register SentinelWebInterceptor with urlPatterns: [/**].
11:03:42.308 [main] INFO  c.a.n.c.r.client - [lambda$createClient$0,80] - [RpcClientFactory] create a new rpc client of 8950cf85-86b0-4383-9e4a-8c5af73aca83
11:03:42.309 [main] INFO  c.a.n.c.r.client - [printIfInfoEnabled,60] - [8950cf85-86b0-4383-9e4a-8c5af73aca83] RpcClient init label, labels = {module=naming, source=sdk}
11:03:42.312 [main] INFO  c.a.n.c.r.client - [printIfInfoEnabled,60] - [8950cf85-86b0-4383-9e4a-8c5af73aca83] RpcClient init, ServerListFactory = com.alibaba.nacos.client.naming.core.ServerListManager
11:03:42.312 [main] INFO  c.a.n.c.r.client - [printIfInfoEnabled,60] - [8950cf85-86b0-4383-9e4a-8c5af73aca83] Registry connection listener to current client:com.alibaba.nacos.client.naming.remote.gprc.redo.NamingGrpcRedoService
11:03:42.313 [main] INFO  c.a.n.c.r.client - [printIfInfoEnabled,60] - [8950cf85-86b0-4383-9e4a-8c5af73aca83] Register server push request handler:com.alibaba.nacos.client.naming.remote.gprc.NamingPushRequestHandler
11:03:42.315 [main] INFO  c.a.n.c.r.client - [printIfInfoEnabled,60] - [8950cf85-86b0-4383-9e4a-8c5af73aca83] Try to connect to server on start up, server: {serverIp = '127.0.0.1', server main port = 8848}
11:03:42.436 [main] INFO  c.a.n.c.r.client - [printIfInfoEnabled,60] - [8950cf85-86b0-4383-9e4a-8c5af73aca83] Success to connect to server [127.0.0.1:8848] on start up, connectionId = 1691118222323_127.0.0.1_64888
11:03:42.436 [main] INFO  c.a.n.c.r.client - [printIfInfoEnabled,60] - [8950cf85-86b0-4383-9e4a-8c5af73aca83] Register server push request handler:com.alibaba.nacos.common.remote.client.RpcClient$ConnectResetRequestHandler
11:03:42.437 [main] INFO  c.a.n.c.r.client - [printIfInfoEnabled,60] - [8950cf85-86b0-4383-9e4a-8c5af73aca83] Register server push request handler:com.alibaba.nacos.common.remote.client.RpcClient$$Lambda$344/1788034018
11:03:42.436 [com.alibaba.nacos.client.remote.worker] INFO  c.a.n.c.r.client - [printIfInfoEnabled,60] - [8950cf85-86b0-4383-9e4a-8c5af73aca83] Notify connected event to listeners.
11:03:42.463 [main] INFO  o.a.c.h.Http11NioProtocol - [log,173] - Starting ProtocolHandler ["http-nio-9212"]
11:03:42.495 [main] INFO  c.a.c.n.r.NacosServiceRegistry - [register,75] - nacos registry, DEFAULT_GROUP xmap-map 10.100.4.8:9212 register finished
11:03:42.991 [nacos-grpc-client-executor-6] INFO  c.a.n.c.r.client - [printIfInfoEnabled,60] - [8950cf85-86b0-4383-9e4a-8c5af73aca83] Receive server push request, request = NotifySubscriberRequest, requestId = 95
11:03:42.995 [nacos-grpc-client-executor-6] INFO  c.a.n.c.r.client - [printIfInfoEnabled,60] - [8950cf85-86b0-4383-9e4a-8c5af73aca83] Ack server push request, request = NotifySubscriberRequest, requestId = 95
11:03:43.799 [main] INFO  c.x.m.XmapMapApplication - [logStarted,61] - Started XmapMapApplication in 17.766 seconds (JVM running for 19.154)
11:03:43.808 [main] INFO  c.a.c.n.r.NacosContextRefresher - [registerNacosListener,129] - [Nacos Config] Listening config: dataId=xmap-map, group=DEFAULT_GROUP
11:03:43.809 [main] INFO  c.a.c.n.r.NacosContextRefresher - [registerNacosListener,129] - [Nacos Config] Listening config: dataId=xmap-map.yml, group=DEFAULT_GROUP
11:03:43.810 [main] INFO  c.a.c.n.r.NacosContextRefresher - [registerNacosListener,129] - [Nacos Config] Listening config: dataId=xmap-map-dev.yml, group=DEFAULT_GROUP
11:03:44.132 [RMI TCP Connection(3)-10.100.4.8] INFO  o.a.c.c.C.[.[.[/] - [log,173] - Initializing Spring DispatcherServlet 'dispatcherServlet'
14:00:37.365 [nacos-grpc-client-executor-873] INFO  c.a.n.c.r.client - [printIfInfoEnabled,60] - [8950cf85-86b0-4383-9e4a-8c5af73aca83] Receive server push request, request = ClientDetectionRequest, requestId = 111
14:00:37.366 [nacos-grpc-client-executor-873] INFO  c.a.n.c.r.client - [printIfInfoEnabled,60] - [8950cf85-86b0-4383-9e4a-8c5af73aca83] Ack server push request, request = ClientDetectionRequest, requestId = 111
15:34:57.782 [nacos-grpc-client-executor-2015] INFO  c.a.n.c.r.client - [printIfInfoEnabled,60] - [8950cf85-86b0-4383-9e4a-8c5af73aca83] Receive server push request, request = ClientDetectionRequest, requestId = 152
15:34:57.785 [nacos-grpc-client-executor-2015] INFO  c.a.n.c.r.client - [printIfInfoEnabled,60] - [8950cf85-86b0-4383-9e4a-8c5af73aca83] Ack server push request, request = ClientDetectionRequest, requestId = 152
15:34:57.796 [nacos-grpc-client-executor-2024] INFO  c.a.n.c.r.client - [printIfInfoEnabled,60] - [07084d3a-f03a-4a2b-9f3f-350b4d45dee6_config-0] Receive server push request, request = ClientDetectionRequest, requestId = 157
15:34:57.796 [nacos-grpc-client-executor-2024] INFO  c.a.n.c.r.client - [printIfInfoEnabled,60] - [07084d3a-f03a-4a2b-9f3f-350b4d45dee6_config-0] Ack server push request, request = ClientDetectionRequest, requestId = 157
