11:56:55.295 [background-preinit] INFO  o.h.v.i.util.Version - [<clinit>,21] - HV000001: Hibernate Validator 6.2.5.Final
11:57:06.246 [main] INFO  c.a.n.c.r.client - [lambda$createClient$0,80] - [RpcClientFactory] create a new rpc client of d9398ccd-4495-438f-9eea-d534cf8e2d7f_config-0
11:57:06.306 [main] INFO  o.r.Reflections - [scan,232] - Reflections took 41 ms to scan 1 urls, producing 3 keys and 6 values 
11:57:06.349 [main] INFO  o.r.Reflections - [scan,232] - Reflections took 25 ms to scan 1 urls, producing 4 keys and 9 values 
11:57:06.372 [main] INFO  o.r.Reflections - [scan,232] - Reflections took 19 ms to scan 1 urls, producing 3 keys and 10 values 
11:57:06.620 [main] INFO  o.r.Reflections - [scan,232] - Reflections took 244 ms to scan 199 urls, producing 0 keys and 0 values 
11:57:06.646 [main] INFO  o.r.Reflections - [scan,232] - Reflections took 13 ms to scan 1 urls, producing 1 keys and 5 values 
11:57:06.659 [main] INFO  o.r.Reflections - [scan,232] - Reflections took 11 ms to scan 1 urls, producing 1 keys and 7 values 
11:57:06.674 [main] INFO  o.r.Reflections - [scan,232] - Reflections took 11 ms to scan 1 urls, producing 2 keys and 8 values 
11:57:06.880 [main] INFO  o.r.Reflections - [scan,232] - Reflections took 204 ms to scan 199 urls, producing 0 keys and 0 values 
11:57:06.881 [main] INFO  c.a.n.c.r.client - [printIfInfoEnabled,60] - [d9398ccd-4495-438f-9eea-d534cf8e2d7f_config-0] RpcClient init label, labels = {module=config, Vipserver-Tag=null, source=sdk, Amory-Tag=null, Location-Tag=null, taskId=0, AppName=unknown}
11:57:06.882 [main] INFO  c.a.n.c.r.client - [printIfInfoEnabled,60] - [d9398ccd-4495-438f-9eea-d534cf8e2d7f_config-0] Register server push request handler:com.alibaba.nacos.client.config.impl.ClientWorker$ConfigRpcTransportClient$$Lambda$334/832145584
11:57:06.882 [main] INFO  c.a.n.c.r.client - [printIfInfoEnabled,60] - [d9398ccd-4495-438f-9eea-d534cf8e2d7f_config-0] Register server push request handler:com.alibaba.nacos.client.config.impl.ClientWorker$ConfigRpcTransportClient$$Lambda$335/224060798
11:57:06.883 [main] INFO  c.a.n.c.r.client - [printIfInfoEnabled,60] - [d9398ccd-4495-438f-9eea-d534cf8e2d7f_config-0] Registry connection listener to current client:com.alibaba.nacos.client.config.impl.ClientWorker$ConfigRpcTransportClient$1
11:57:06.883 [main] INFO  c.a.n.c.r.client - [printIfInfoEnabled,60] - [d9398ccd-4495-438f-9eea-d534cf8e2d7f_config-0] RpcClient init, ServerListFactory = com.alibaba.nacos.client.config.impl.ClientWorker$ConfigRpcTransportClient$2
11:57:06.889 [main] INFO  c.a.n.c.r.client - [printIfInfoEnabled,60] - [d9398ccd-4495-438f-9eea-d534cf8e2d7f_config-0] Try to connect to server on start up, server: {serverIp = '127.0.0.1', server main port = 8848}
11:57:19.683 [main] INFO  c.a.n.c.r.client - [printIfInfoEnabled,60] - [d9398ccd-4495-438f-9eea-d534cf8e2d7f_config-0] Try to connect to server on start up, server: {serverIp = '127.0.0.1', server main port = 8848}
11:57:22.687 [main] INFO  c.a.n.c.r.client - [printIfInfoEnabled,60] - [d9398ccd-4495-438f-9eea-d534cf8e2d7f_config-0] Try to connect to server on start up, server: {serverIp = '127.0.0.1', server main port = 8848}
11:57:25.700 [com.alibaba.nacos.client.remote.worker] INFO  c.a.n.c.r.client - [printIfInfoEnabled,60] - [d9398ccd-4495-438f-9eea-d534cf8e2d7f_config-0] Try to reconnect to a new server, server is  not appointed, will choose a random server.
11:57:25.701 [main] INFO  c.a.n.c.r.client - [printIfInfoEnabled,60] - [d9398ccd-4495-438f-9eea-d534cf8e2d7f_config-0] Register server push request handler:com.alibaba.nacos.common.remote.client.RpcClient$ConnectResetRequestHandler
11:57:25.702 [main] INFO  c.a.n.c.r.client - [printIfInfoEnabled,60] - [d9398ccd-4495-438f-9eea-d534cf8e2d7f_config-0] Register server push request handler:com.alibaba.nacos.common.remote.client.RpcClient$$Lambda$344/521331027
11:57:27.065 [main] INFO  c.x.m.XmapMapApplication - [logStartupProfileInfo,637] - The following 1 profile is active: "dev"
11:57:27.894 [com.alibaba.nacos.client.remote.worker] INFO  c.a.n.c.r.client - [printIfInfoEnabled,60] - [d9398ccd-4495-438f-9eea-d534cf8e2d7f_config-0] Success to connect a server [127.0.0.1:8848], connectionId = 1691380647703_127.0.0.1_53813
11:57:27.894 [com.alibaba.nacos.client.remote.worker] INFO  c.a.n.c.r.client - [printIfInfoEnabled,60] - [d9398ccd-4495-438f-9eea-d534cf8e2d7f_config-0] Notify connected event to listeners.
11:57:29.919 [main] INFO  o.a.c.h.Http11NioProtocol - [log,173] - Initializing ProtocolHandler ["http-nio-9212"]
11:57:29.920 [main] INFO  o.a.c.c.StandardService - [log,173] - Starting service [Tomcat]
11:57:29.920 [main] INFO  o.a.c.c.StandardEngine - [log,173] - Starting Servlet engine: [Apache Tomcat/9.0.70]
11:57:30.187 [main] INFO  o.a.c.c.C.[.[.[/] - [log,173] - Initializing Spring embedded WebApplicationContext
11:57:32.894 [main] INFO  c.a.d.p.DruidDataSource - [init,996] - {dataSource-1,master} inited
11:57:32.895 [main] INFO  c.b.d.d.DynamicRoutingDataSource - [addDataSource,154] - dynamic-datasource - add a datasource named [master] success
11:57:32.895 [main] INFO  c.b.d.d.DynamicRoutingDataSource - [afterPropertiesSet,234] - dynamic-datasource initial loaded [1] datasource,primary datasource named [master]
11:57:33.866 [main] INFO  c.a.c.s.SentinelWebMvcConfigurer - [addInterceptors,52] - [Sentinel Starter] register SentinelWebInterceptor with urlPatterns: [/**].
11:57:42.817 [main] INFO  c.a.n.c.r.client - [lambda$createClient$0,80] - [RpcClientFactory] create a new rpc client of 8c2942a4-8778-4035-bb31-08d4902e86be
11:57:42.818 [main] INFO  c.a.n.c.r.client - [printIfInfoEnabled,60] - [8c2942a4-8778-4035-bb31-08d4902e86be] RpcClient init label, labels = {module=naming, source=sdk}
11:57:42.819 [main] INFO  c.a.n.c.r.client - [printIfInfoEnabled,60] - [8c2942a4-8778-4035-bb31-08d4902e86be] RpcClient init, ServerListFactory = com.alibaba.nacos.client.naming.core.ServerListManager
11:57:42.819 [main] INFO  c.a.n.c.r.client - [printIfInfoEnabled,60] - [8c2942a4-8778-4035-bb31-08d4902e86be] Registry connection listener to current client:com.alibaba.nacos.client.naming.remote.gprc.redo.NamingGrpcRedoService
11:57:42.820 [main] INFO  c.a.n.c.r.client - [printIfInfoEnabled,60] - [8c2942a4-8778-4035-bb31-08d4902e86be] Register server push request handler:com.alibaba.nacos.client.naming.remote.gprc.NamingPushRequestHandler
11:57:42.820 [main] INFO  c.a.n.c.r.client - [printIfInfoEnabled,60] - [8c2942a4-8778-4035-bb31-08d4902e86be] Try to connect to server on start up, server: {serverIp = '127.0.0.1', server main port = 8848}
11:57:42.938 [main] INFO  c.a.n.c.r.client - [printIfInfoEnabled,60] - [8c2942a4-8778-4035-bb31-08d4902e86be] Success to connect to server [127.0.0.1:8848] on start up, connectionId = 1691380662826_127.0.0.1_54019
11:57:42.938 [main] INFO  c.a.n.c.r.client - [printIfInfoEnabled,60] - [8c2942a4-8778-4035-bb31-08d4902e86be] Register server push request handler:com.alibaba.nacos.common.remote.client.RpcClient$ConnectResetRequestHandler
11:57:42.938 [main] INFO  c.a.n.c.r.client - [printIfInfoEnabled,60] - [8c2942a4-8778-4035-bb31-08d4902e86be] Register server push request handler:com.alibaba.nacos.common.remote.client.RpcClient$$Lambda$344/521331027
11:57:42.938 [com.alibaba.nacos.client.remote.worker] INFO  c.a.n.c.r.client - [printIfInfoEnabled,60] - [8c2942a4-8778-4035-bb31-08d4902e86be] Notify connected event to listeners.
11:57:42.993 [main] INFO  o.a.c.h.Http11NioProtocol - [log,173] - Starting ProtocolHandler ["http-nio-9212"]
11:57:43.030 [main] INFO  c.a.c.n.r.NacosServiceRegistry - [register,75] - nacos registry, DEFAULT_GROUP xmap-map 10.100.4.8:9212 register finished
11:57:43.465 [nacos-grpc-client-executor-6] INFO  c.a.n.c.r.client - [printIfInfoEnabled,60] - [8c2942a4-8778-4035-bb31-08d4902e86be] Receive server push request, request = NotifySubscriberRequest, requestId = 42
11:57:43.469 [nacos-grpc-client-executor-6] INFO  c.a.n.c.r.client - [printIfInfoEnabled,60] - [8c2942a4-8778-4035-bb31-08d4902e86be] Ack server push request, request = NotifySubscriberRequest, requestId = 42
11:57:47.132 [main] INFO  c.x.m.XmapMapApplication - [logStarted,61] - Started XmapMapApplication in 68.37 seconds (JVM running for 77.437)
11:57:47.143 [main] INFO  c.a.c.n.r.NacosContextRefresher - [registerNacosListener,129] - [Nacos Config] Listening config: dataId=xmap-map, group=DEFAULT_GROUP
11:57:47.144 [main] INFO  c.a.c.n.r.NacosContextRefresher - [registerNacosListener,129] - [Nacos Config] Listening config: dataId=xmap-map.yml, group=DEFAULT_GROUP
11:57:47.145 [main] INFO  c.a.c.n.r.NacosContextRefresher - [registerNacosListener,129] - [Nacos Config] Listening config: dataId=xmap-map-dev.yml, group=DEFAULT_GROUP
11:57:50.203 [RMI TCP Connection(8)-10.100.4.8] INFO  o.a.c.c.C.[.[.[/] - [log,173] - Initializing Spring DispatcherServlet 'dispatcherServlet'
14:02:05.451 [nacos-grpc-client-executor-606] INFO  c.a.n.c.r.client - [printIfInfoEnabled,60] - [8c2942a4-8778-4035-bb31-08d4902e86be] Receive server push request, request = ClientDetectionRequest, requestId = 83
14:02:05.451 [nacos-grpc-client-executor-594] INFO  c.a.n.c.r.client - [printIfInfoEnabled,60] - [d9398ccd-4495-438f-9eea-d534cf8e2d7f_config-0] Receive server push request, request = ClientDetectionRequest, requestId = 84
14:02:05.452 [nacos-grpc-client-executor-606] INFO  c.a.n.c.r.client - [printIfInfoEnabled,60] - [8c2942a4-8778-4035-bb31-08d4902e86be] Ack server push request, request = ClientDetectionRequest, requestId = 83
14:02:05.452 [nacos-grpc-client-executor-594] INFO  c.a.n.c.r.client - [printIfInfoEnabled,60] - [d9398ccd-4495-438f-9eea-d534cf8e2d7f_config-0] Ack server push request, request = ClientDetectionRequest, requestId = 84
